training dataset: ../datasets/DR5/DR5_nowarnings_less05_train.arff
pci id for fd 5: 1002:66af, driver (null)
pci id for fd 5: 1002:66af, driver (null)
ocl dummy initalization duration: 0.428172
instances: 371908
support_refinement_min_support: 500
ocl_init_duration: 0.00516715
num_candidates: 1
num_candidates: 1 block_size: 128 num_candidates_per_device: 1
device: 0 range_padded: 128 range_start: 0 range_end: 1
support refinement took: 0.289636
candidates with support: 1
num_candidates: 10
num_candidates: 10 block_size: 128 num_candidates_per_device: 10
device: 0 range_padded: 128 range_start: 0 range_end: 10
support refinement took: 0.32596
candidates with support: 10
num_candidates: 60
num_candidates: 60 block_size: 128 num_candidates_per_device: 60
device: 0 range_padded: 128 range_start: 0 range_end: 60
support refinement took: 0.325338
candidates with support: 52
num_candidates: 236
num_candidates: 236 block_size: 128 num_candidates_per_device: 236
device: 0 range_padded: 256 range_start: 0 range_end: 236
support refinement took: 0.320392
candidates with support: 181
num_candidates: 706
num_candidates: 706 block_size: 128 num_candidates_per_device: 706
device: 0 range_padded: 768 range_start: 0 range_end: 706
support refinement took: 0.31964
candidates with support: 503
num_candidates: 1786
num_candidates: 1786 block_size: 128 num_candidates_per_device: 1786
device: 0 range_padded: 1792 range_start: 0 range_end: 1786
support refinement took: 0.31856
candidates with support: 1241
num_candidates: 4140
num_candidates: 4140 block_size: 128 num_candidates_per_device: 4140
device: 0 range_padded: 4224 range_start: 0 range_end: 4140
support refinement took: 0.318736
candidates with support: 2886
num_candidates: 9216
num_candidates: 9216 block_size: 128 num_candidates_per_device: 9216
device: 0 range_padded: 9216 range_start: 0 range_end: 9216
support refinement took: 0.32018
candidates with support: 6397
num_candidates: 19682
num_candidates: 19682 block_size: 128 num_candidates_per_device: 19682
device: 0 range_padded: 19712 range_start: 0 range_end: 19682
support refinement took: 0.619003
candidates with support: 13464
num_candidates: 40066
num_candidates: 40066 block_size: 128 num_candidates_per_device: 40066
device: 0 range_padded: 40192 range_start: 0 range_end: 40066
support refinement took: 0.921012
candidates with support: 26558
datadriven refinement done, grid size: 51293
creating createOperationMultipleEval type: DEFAULT, using base operator factory
creating createOperationMultipleEval grid: ModLinear type: STREAMING==DEFAULT subType: OCLUNIFIED
Starting Learning....

Doing refinement: 0
Grid Size: 51293
device: gfx906+sram-ecc (0x1fcba20)  kernel from: 0 to: 51456 -> range: 51456 (with blocking: 51456)
device: 0x1fcba20 duration: 0.204958
Starting Conjugated Gradients
All temp variables used in CG have been initialized
device: 0x1fcba20 kernel from: 0 to: 372224 -> range: 372224
device: 0x1fcba20 duration: 0.17214
device: gfx906+sram-ecc (0x1fcba20)  kernel from: 0 to: 51456 -> range: 51456 (with blocking: 51456)
device: 0x1fcba20 duration: 0.204086
Starting norm of residuum: -nan
Target norm:               0
.device: 0x1fcba20 kernel from: 0 to: 372224 -> range: 372224
device: 0x1fcba20 duration: 0.17162
device: gfx906+sram-ecc (0x1fcba20)  kernel from: 0 to: 51456 -> range: 51456 (with blocking: 51456)
device: 0x1fcba20 duration: 0.204811
delta: 2.48387e+09
.device: 0x1fcba20 kernel from: 0 to: 372224 -> range: 372224
device: 0x1fcba20 duration: 0.171551
device: gfx906+sram-ecc (0x1fcba20)  kernel from: 0 to: 51456 -> range: 51456 (with blocking: 51456)
device: 0x1fcba20 duration: 0.204932
delta: 2.08737e+08
.device: 0x1fcba20 kernel from: 0 to: 372224 -> range: 372224
device: 0x1fcba20 duration: 0.171484
device: gfx906+sram-ecc (0x1fcba20)  kernel from: 0 to: 51456 -> range: 51456 (with blocking: 51456)
device: 0x1fcba20 duration: 0.204966
delta: 2.5682e+08
.device: 0x1fcba20 kernel from: 0 to: 372224 -> range: 372224
device: 0x1fcba20 duration: 0.17146
device: gfx906+sram-ecc (0x1fcba20)  kernel from: 0 to: 51456 -> range: 51456 (with blocking: 51456)
device: 0x1fcba20 duration: 0.205107
delta: 1.26015e+08
.device: 0x1fcba20 kernel from: 0 to: 372224 -> range: 372224
device: 0x1fcba20 duration: 0.171432
device: gfx906+sram-ecc (0x1fcba20)  kernel from: 0 to: 51456 -> range: 51456 (with blocking: 51456)
device: 0x1fcba20 duration: 0.205026
delta: 5.29509e+07
.device: 0x1fcba20 kernel from: 0 to: 372224 -> range: 372224
device: 0x1fcba20 duration: 0.171493
device: gfx906+sram-ecc (0x1fcba20)  kernel from: 0 to: 51456 -> range: 51456 (with blocking: 51456)
device: 0x1fcba20 duration: 0.205015
delta: 4.9246e+07
.device: 0x1fcba20 kernel from: 0 to: 372224 -> range: 372224
device: 0x1fcba20 duration: 0.17147
device: gfx906+sram-ecc (0x1fcba20)  kernel from: 0 to: 51456 -> range: 51456 (with blocking: 51456)
device: 0x1fcba20 duration: 0.205002
delta: 2.58437e+07
.device: 0x1fcba20 kernel from: 0 to: 372224 -> range: 372224
device: 0x1fcba20 duration: 0.171559
device: gfx906+sram-ecc (0x1fcba20)  kernel from: 0 to: 51456 -> range: 51456 (with blocking: 51456)
device: 0x1fcba20 duration: 0.204987
delta: 1.90104e+07
.device: 0x1fcba20 kernel from: 0 to: 372224 -> range: 372224
device: 0x1fcba20 duration: 0.171455
device: gfx906+sram-ecc (0x1fcba20)  kernel from: 0 to: 51456 -> range: 51456 (with blocking: 51456)
device: 0x1fcba20 duration: 0.204935
delta: 9.75989e+06
.device: 0x1fcba20 kernel from: 0 to: 372224 -> range: 372224
device: 0x1fcba20 duration: 0.171525
device: gfx906+sram-ecc (0x1fcba20)  kernel from: 0 to: 51456 -> range: 51456 (with blocking: 51456)
device: 0x1fcba20 duration: 0.204937
delta: 5.86985e+06
.device: 0x1fcba20 kernel from: 0 to: 372224 -> range: 372224
device: 0x1fcba20 duration: 0.171413
device: gfx906+sram-ecc (0x1fcba20)  kernel from: 0 to: 51456 -> range: 51456 (with blocking: 51456)
device: 0x1fcba20 duration: 0.204935
delta: 3.14993e+07
.device: 0x1fcba20 kernel from: 0 to: 372224 -> range: 372224
device: 0x1fcba20 duration: 0.171532
device: gfx906+sram-ecc (0x1fcba20)  kernel from: 0 to: 51456 -> range: 51456 (with blocking: 51456)
device: 0x1fcba20 duration: 0.205035
delta: 7.58576e+06
.device: 0x1fcba20 kernel from: 0 to: 372224 -> range: 372224
device: 0x1fcba20 duration: 0.171451
device: gfx906+sram-ecc (0x1fcba20)  kernel from: 0 to: 51456 -> range: 51456 (with blocking: 51456)
device: 0x1fcba20 duration: 0.204959
delta: 4.0308e+06
.device: 0x1fcba20 kernel from: 0 to: 372224 -> range: 372224
device: 0x1fcba20 duration: 0.171461
device: gfx906+sram-ecc (0x1fcba20)  kernel from: 0 to: 51456 -> range: 51456 (with blocking: 51456)
device: 0x1fcba20 duration: 0.204995
delta: 4.36691e+06
.device: 0x1fcba20 kernel from: 0 to: 372224 -> range: 372224
device: 0x1fcba20 duration: 0.171436
device: gfx906+sram-ecc (0x1fcba20)  kernel from: 0 to: 51456 -> range: 51456 (with blocking: 51456)
device: 0x1fcba20 duration: 0.204932
delta: 3.19895e+06
.device: 0x1fcba20 kernel from: 0 to: 372224 -> range: 372224
device: 0x1fcba20 duration: 0.171502
device: gfx906+sram-ecc (0x1fcba20)  kernel from: 0 to: 51456 -> range: 51456 (with blocking: 51456)
device: 0x1fcba20 duration: 0.204996
delta: 1.53341e+06
.device: 0x1fcba20 kernel from: 0 to: 372224 -> range: 372224
device: 0x1fcba20 duration: 0.171484
device: gfx906+sram-ecc (0x1fcba20)  kernel from: 0 to: 51456 -> range: 51456 (with blocking: 51456)
device: 0x1fcba20 duration: 0.204986
delta: 1.14862e+06
.device: 0x1fcba20 kernel from: 0 to: 372224 -> range: 372224
device: 0x1fcba20 duration: 0.171475
device: gfx906+sram-ecc (0x1fcba20)  kernel from: 0 to: 51456 -> range: 51456 (with blocking: 51456)
device: 0x1fcba20 duration: 0.205019
delta: 1.26608e+06
.device: 0x1fcba20 kernel from: 0 to: 372224 -> range: 372224
device: 0x1fcba20 duration: 0.171472
device: gfx906+sram-ecc (0x1fcba20)  kernel from: 0 to: 51456 -> range: 51456 (with blocking: 51456)
device: 0x1fcba20 duration: 0.205017
delta: 5.34632e+06
.device: 0x1fcba20 kernel from: 0 to: 372224 -> range: 372224
device: 0x1fcba20 duration: 0.171469
device: gfx906+sram-ecc (0x1fcba20)  kernel from: 0 to: 51456 -> range: 51456 (with blocking: 51456)
device: 0x1fcba20 duration: 0.205
delta: 936212
.device: 0x1fcba20 kernel from: 0 to: 372224 -> range: 372224
device: 0x1fcba20 duration: 0.171609
device: gfx906+sram-ecc (0x1fcba20)  kernel from: 0 to: 51456 -> range: 51456 (with blocking: 51456)
device: 0x1fcba20 duration: 0.205026
delta: 2.6237e+06
.device: 0x1fcba20 kernel from: 0 to: 372224 -> range: 372224
device: 0x1fcba20 duration: 0.171432
device: gfx906+sram-ecc (0x1fcba20)  kernel from: 0 to: 51456 -> range: 51456 (with blocking: 51456)
device: 0x1fcba20 duration: 0.205048
delta: 2.5758e+06
.device: 0x1fcba20 kernel from: 0 to: 372224 -> range: 372224
device: 0x1fcba20 duration: 0.171497
device: gfx906+sram-ecc (0x1fcba20)  kernel from: 0 to: 51456 -> range: 51456 (with blocking: 51456)
device: 0x1fcba20 duration: 0.20504
delta: 766143
.device: 0x1fcba20 kernel from: 0 to: 372224 -> range: 372224
device: 0x1fcba20 duration: 0.171542
device: gfx906+sram-ecc (0x1fcba20)  kernel from: 0 to: 51456 -> range: 51456 (with blocking: 51456)
device: 0x1fcba20 duration: 0.20509
delta: 742844
.device: 0x1fcba20 kernel from: 0 to: 372224 -> range: 372224
device: 0x1fcba20 duration: 0.17147
device: gfx906+sram-ecc (0x1fcba20)  kernel from: 0 to: 51456 -> range: 51456 (with blocking: 51456)
device: 0x1fcba20 duration: 0.205007
delta: 482877
.device: 0x1fcba20 kernel from: 0 to: 372224 -> range: 372224
device: 0x1fcba20 duration: 0.171519
device: gfx906+sram-ecc (0x1fcba20)  kernel from: 0 to: 51456 -> range: 51456 (with blocking: 51456)
device: 0x1fcba20 duration: 0.204988
delta: 454495
.device: 0x1fcba20 kernel from: 0 to: 372224 -> range: 372224
device: 0x1fcba20 duration: 0.171486
device: gfx906+sram-ecc (0x1fcba20)  kernel from: 0 to: 51456 -> range: 51456 (with blocking: 51456)
device: 0x1fcba20 duration: 0.205051
delta: 344753
.device: 0x1fcba20 kernel from: 0 to: 372224 -> range: 372224
device: 0x1fcba20 duration: 0.171531
device: gfx906+sram-ecc (0x1fcba20)  kernel from: 0 to: 51456 -> range: 51456 (with blocking: 51456)
device: 0x1fcba20 duration: 0.204995
delta: 1.25327e+06
.device: 0x1fcba20 kernel from: 0 to: 372224 -> range: 372224
device: 0x1fcba20 duration: 0.171535
device: gfx906+sram-ecc (0x1fcba20)  kernel from: 0 to: 51456 -> range: 51456 (with blocking: 51456)
device: 0x1fcba20 duration: 0.205003
delta: 317472
.device: 0x1fcba20 kernel from: 0 to: 372224 -> range: 372224
device: 0x1fcba20 duration: 0.171504
device: gfx906+sram-ecc (0x1fcba20)  kernel from: 0 to: 51456 -> range: 51456 (with blocking: 51456)
device: 0x1fcba20 duration: 0.204984
delta: 4.72272e+06
.device: 0x1fcba20 kernel from: 0 to: 372224 -> range: 372224
device: 0x1fcba20 duration: 0.171595
device: gfx906+sram-ecc (0x1fcba20)  kernel from: 0 to: 51456 -> range: 51456 (with blocking: 51456)
device: 0x1fcba20 duration: 0.205082
delta: 275690
.device: 0x1fcba20 kernel from: 0 to: 372224 -> range: 372224
device: 0x1fcba20 duration: 0.171656
device: gfx906+sram-ecc (0x1fcba20)  kernel from: 0 to: 51456 -> range: 51456 (with blocking: 51456)
device: 0x1fcba20 duration: 0.204978
delta: 208924
.device: 0x1fcba20 kernel from: 0 to: 372224 -> range: 372224
device: 0x1fcba20 duration: 0.171579
device: gfx906+sram-ecc (0x1fcba20)  kernel from: 0 to: 51456 -> range: 51456 (with blocking: 51456)
device: 0x1fcba20 duration: 0.204988
delta: 668911
.device: 0x1fcba20 kernel from: 0 to: 372224 -> range: 372224
device: 0x1fcba20 duration: 0.171515
device: gfx906+sram-ecc (0x1fcba20)  kernel from: 0 to: 51456 -> range: 51456 (with blocking: 51456)
device: 0x1fcba20 duration: 0.205026
delta: 247808
.device: 0x1fcba20 kernel from: 0 to: 372224 -> range: 372224
device: 0x1fcba20 duration: 0.171564
device: gfx906+sram-ecc (0x1fcba20)  kernel from: 0 to: 51456 -> range: 51456 (with blocking: 51456)
device: 0x1fcba20 duration: 0.205104
delta: 2.23784e+06
.device: 0x1fcba20 kernel from: 0 to: 372224 -> range: 372224
device: 0x1fcba20 duration: 0.171455
device: gfx906+sram-ecc (0x1fcba20)  kernel from: 0 to: 51456 -> range: 51456 (with blocking: 51456)
device: 0x1fcba20 duration: 0.205084
delta: 201452
.device: 0x1fcba20 kernel from: 0 to: 372224 -> range: 372224
device: 0x1fcba20 duration: 0.171428
device: gfx906+sram-ecc (0x1fcba20)  kernel from: 0 to: 51456 -> range: 51456 (with blocking: 51456)
device: 0x1fcba20 duration: 0.205025
delta: 265506
.device: 0x1fcba20 kernel from: 0 to: 372224 -> range: 372224
device: 0x1fcba20 duration: 0.17166
device: gfx906+sram-ecc (0x1fcba20)  kernel from: 0 to: 51456 -> range: 51456 (with blocking: 51456)
device: 0x1fcba20 duration: 0.205048
delta: 404860
.device: 0x1fcba20 kernel from: 0 to: 372224 -> range: 372224
device: 0x1fcba20 duration: 0.1716
device: gfx906+sram-ecc (0x1fcba20)  kernel from: 0 to: 51456 -> range: 51456 (with blocking: 51456)
device: 0x1fcba20 duration: 0.205117
delta: 836936
.device: 0x1fcba20 kernel from: 0 to: 372224 -> range: 372224
device: 0x1fcba20 duration: 0.171573
device: gfx906+sram-ecc (0x1fcba20)  kernel from: 0 to: 51456 -> range: 51456 (with blocking: 51456)
device: 0x1fcba20 duration: 0.205067
delta: 810101
.device: 0x1fcba20 kernel from: 0 to: 372224 -> range: 372224
device: 0x1fcba20 duration: 0.171596
device: gfx906+sram-ecc (0x1fcba20)  kernel from: 0 to: 51456 -> range: 51456 (with blocking: 51456)
device: 0x1fcba20 duration: 0.205014
delta: 283156
.device: 0x1fcba20 kernel from: 0 to: 372224 -> range: 372224
device: 0x1fcba20 duration: 0.171599
device: gfx906+sram-ecc (0x1fcba20)  kernel from: 0 to: 51456 -> range: 51456 (with blocking: 51456)
device: 0x1fcba20 duration: 0.204962
delta: 194964
.device: 0x1fcba20 kernel from: 0 to: 372224 -> range: 372224
device: 0x1fcba20 duration: 0.171573
device: gfx906+sram-ecc (0x1fcba20)  kernel from: 0 to: 51456 -> range: 51456 (with blocking: 51456)
device: 0x1fcba20 duration: 0.205014
delta: 105292
.device: 0x1fcba20 kernel from: 0 to: 372224 -> range: 372224
device: 0x1fcba20 duration: 0.171599
device: gfx906+sram-ecc (0x1fcba20)  kernel from: 0 to: 51456 -> range: 51456 (with blocking: 51456)
device: 0x1fcba20 duration: 0.204916
delta: 239904
.device: 0x1fcba20 kernel from: 0 to: 372224 -> range: 372224
device: 0x1fcba20 duration: 0.171609
device: gfx906+sram-ecc (0x1fcba20)  kernel from: 0 to: 51456 -> range: 51456 (with blocking: 51456)
device: 0x1fcba20 duration: 0.205059
delta: 214625
.device: 0x1fcba20 kernel from: 0 to: 372224 -> range: 372224
device: 0x1fcba20 duration: 0.171657
device: gfx906+sram-ecc (0x1fcba20)  kernel from: 0 to: 51456 -> range: 51456 (with blocking: 51456)
device: 0x1fcba20 duration: 0.204725
delta: 141905
.device: 0x1fcba20 kernel from: 0 to: 372224 -> range: 372224
device: 0x1fcba20 duration: 0.17132
device: gfx906+sram-ecc (0x1fcba20)  kernel from: 0 to: 51456 -> range: 51456 (with blocking: 51456)
device: 0x1fcba20 duration: 0.205062
delta: 412815
.device: 0x1fcba20 kernel from: 0 to: 372224 -> range: 372224
device: 0x1fcba20 duration: 0.171391
device: gfx906+sram-ecc (0x1fcba20)  kernel from: 0 to: 51456 -> range: 51456 (with blocking: 51456)
device: 0x1fcba20 duration: 0.204997
delta: 479572
.device: 0x1fcba20 kernel from: 0 to: 372224 -> range: 372224
device: 0x1fcba20 duration: 0.171501
device: gfx906+sram-ecc (0x1fcba20)  kernel from: 0 to: 51456 -> range: 51456 (with blocking: 51456)
device: 0x1fcba20 duration: 0.204923
delta: 1.33516e+06
.device: 0x1fcba20 kernel from: 0 to: 372224 -> range: 372224
device: 0x1fcba20 duration: 0.171558
device: gfx906+sram-ecc (0x1fcba20)  kernel from: 0 to: 51456 -> range: 51456 (with blocking: 51456)
device: 0x1fcba20 duration: 0.205014
delta: 167253
.device: 0x1fcba20 kernel from: 0 to: 372224 -> range: 372224
device: 0x1fcba20 duration: 0.171538
device: gfx906+sram-ecc (0x1fcba20)  kernel from: 0 to: 51456 -> range: 51456 (with blocking: 51456)
device: 0x1fcba20 duration: 0.204988
device: 0x1fcba20 kernel from: 0 to: 372224 -> range: 372224
device: 0x1fcba20 duration: 0.17136
device: gfx906+sram-ecc (0x1fcba20)  kernel from: 0 to: 51456 -> range: 51456 (with blocking: 51456)
device: 0x1fcba20 duration: 0.204998
delta: 1.77765e+06
.device: 0x1fcba20 kernel from: 0 to: 372224 -> range: 372224
device: 0x1fcba20 duration: 0.171463
device: gfx906+sram-ecc (0x1fcba20)  kernel from: 0 to: 51456 -> range: 51456 (with blocking: 51456)
device: 0x1fcba20 duration: 0.204972
delta: 153877
.device: 0x1fcba20 kernel from: 0 to: 372224 -> range: 372224
device: 0x1fcba20 duration: 0.171568
device: gfx906+sram-ecc (0x1fcba20)  kernel from: 0 to: 51456 -> range: 51456 (with blocking: 51456)
device: 0x1fcba20 duration: 0.205029
delta: 104277
.device: 0x1fcba20 kernel from: 0 to: 372224 -> range: 372224
device: 0x1fcba20 duration: 0.171541
device: gfx906+sram-ecc (0x1fcba20)  kernel from: 0 to: 51456 -> range: 51456 (with blocking: 51456)
device: 0x1fcba20 duration: 0.20496
delta: 144951
.device: 0x1fcba20 kernel from: 0 to: 372224 -> range: 372224
device: 0x1fcba20 duration: 0.171779
device: gfx906+sram-ecc (0x1fcba20)  kernel from: 0 to: 51456 -> range: 51456 (with blocking: 51456)
device: 0x1fcba20 duration: 0.204984
delta: 374572
.device: 0x1fcba20 kernel from: 0 to: 372224 -> range: 372224
device: 0x1fcba20 duration: 0.171567
device: gfx906+sram-ecc (0x1fcba20)  kernel from: 0 to: 51456 -> range: 51456 (with blocking: 51456)
device: 0x1fcba20 duration: 0.205015
delta: 214899
.device: 0x1fcba20 kernel from: 0 to: 372224 -> range: 372224
device: 0x1fcba20 duration: 0.171392
device: gfx906+sram-ecc (0x1fcba20)  kernel from: 0 to: 51456 -> range: 51456 (with blocking: 51456)
device: 0x1fcba20 duration: 0.20499
delta: 83078.8
.device: 0x1fcba20 kernel from: 0 to: 372224 -> range: 372224
device: 0x1fcba20 duration: 0.171485
device: gfx906+sram-ecc (0x1fcba20)  kernel from: 0 to: 51456 -> range: 51456 (with blocking: 51456)
device: 0x1fcba20 duration: 0.204997
delta: 240716
.device: 0x1fcba20 kernel from: 0 to: 372224 -> range: 372224
device: 0x1fcba20 duration: 0.171549
device: gfx906+sram-ecc (0x1fcba20)  kernel from: 0 to: 51456 -> range: 51456 (with blocking: 51456)
device: 0x1fcba20 duration: 0.204957
delta: 110734
.device: 0x1fcba20 kernel from: 0 to: 372224 -> range: 372224
device: 0x1fcba20 duration: 0.171601
device: gfx906+sram-ecc (0x1fcba20)  kernel from: 0 to: 51456 -> range: 51456 (with blocking: 51456)
device: 0x1fcba20 duration: 0.20504
delta: 268876
.device: 0x1fcba20 kernel from: 0 to: 372224 -> range: 372224
device: 0x1fcba20 duration: 0.171577
device: gfx906+sram-ecc (0x1fcba20)  kernel from: 0 to: 51456 -> range: 51456 (with blocking: 51456)
device: 0x1fcba20 duration: 0.205061
delta: 86593.9
.device: 0x1fcba20 kernel from: 0 to: 372224 -> range: 372224
device: 0x1fcba20 duration: 0.17162
device: gfx906+sram-ecc (0x1fcba20)  kernel from: 0 to: 51456 -> range: 51456 (with blocking: 51456)
device: 0x1fcba20 duration: 0.205007
delta: 71256.6
.device: 0x1fcba20 kernel from: 0 to: 372224 -> range: 372224
device: 0x1fcba20 duration: 0.171578
device: gfx906+sram-ecc (0x1fcba20)  kernel from: 0 to: 51456 -> range: 51456 (with blocking: 51456)
device: 0x1fcba20 duration: 0.205017
delta: 158965
.device: 0x1fcba20 kernel from: 0 to: 372224 -> range: 372224
device: 0x1fcba20 duration: 0.171541
device: gfx906+sram-ecc (0x1fcba20)  kernel from: 0 to: 51456 -> range: 51456 (with blocking: 51456)
device: 0x1fcba20 duration: 0.204946
delta: 72509.3
.device: 0x1fcba20 kernel from: 0 to: 372224 -> range: 372224
device: 0x1fcba20 duration: 0.171562
device: gfx906+sram-ecc (0x1fcba20)  kernel from: 0 to: 51456 -> range: 51456 (with blocking: 51456)
device: 0x1fcba20 duration: 0.205016
delta: 174584
.device: 0x1fcba20 kernel from: 0 to: 372224 -> range: 372224
device: 0x1fcba20 duration: 0.171462
device: gfx906+sram-ecc (0x1fcba20)  kernel from: 0 to: 51456 -> range: 51456 (with blocking: 51456)
device: 0x1fcba20 duration: 0.205021
delta: 102006
.device: 0x1fcba20 kernel from: 0 to: 372224 -> range: 372224
device: 0x1fcba20 duration: 0.171622
device: gfx906+sram-ecc (0x1fcba20)  kernel from: 0 to: 51456 -> range: 51456 (with blocking: 51456)
device: 0x1fcba20 duration: 0.204988
delta: 150658
.device: 0x1fcba20 kernel from: 0 to: 372224 -> range: 372224
device: 0x1fcba20 duration: 0.171478
device: gfx906+sram-ecc (0x1fcba20)  kernel from: 0 to: 51456 -> range: 51456 (with blocking: 51456)
device: 0x1fcba20 duration: 0.204951
delta: 1.18405e+06
.device: 0x1fcba20 kernel from: 0 to: 372224 -> range: 372224
device: 0x1fcba20 duration: 0.171533
device: gfx906+sram-ecc (0x1fcba20)  kernel from: 0 to: 51456 -> range: 51456 (with blocking: 51456)
device: 0x1fcba20 duration: 0.204906
delta: 321044
.device: 0x1fcba20 kernel from: 0 to: 372224 -> range: 372224
device: 0x1fcba20 duration: 0.171474
device: gfx906+sram-ecc (0x1fcba20)  kernel from: 0 to: 51456 -> range: 51456 (with blocking: 51456)
device: 0x1fcba20 duration: 0.204953
delta: 66813.3
.device: 0x1fcba20 kernel from: 0 to: 372224 -> range: 372224
device: 0x1fcba20 duration: 0.171577
device: gfx906+sram-ecc (0x1fcba20)  kernel from: 0 to: 51456 -> range: 51456 (with blocking: 51456)
device: 0x1fcba20 duration: 0.204978
delta: 135258
.device: 0x1fcba20 kernel from: 0 to: 372224 -> range: 372224
device: 0x1fcba20 duration: 0.171514
device: gfx906+sram-ecc (0x1fcba20)  kernel from: 0 to: 51456 -> range: 51456 (with blocking: 51456)
device: 0x1fcba20 duration: 0.205036
delta: 69032.2
.device: 0x1fcba20 kernel from: 0 to: 372224 -> range: 372224
device: 0x1fcba20 duration: 0.17155
device: gfx906+sram-ecc (0x1fcba20)  kernel from: 0 to: 51456 -> range: 51456 (with blocking: 51456)
device: 0x1fcba20 duration: 0.204954
delta: 483820
.device: 0x1fcba20 kernel from: 0 to: 372224 -> range: 372224
device: 0x1fcba20 duration: 0.171507
device: gfx906+sram-ecc (0x1fcba20)  kernel from: 0 to: 51456 -> range: 51456 (with blocking: 51456)
device: 0x1fcba20 duration: 0.204969
delta: 61623.9
.device: 0x1fcba20 kernel from: 0 to: 372224 -> range: 372224
device: 0x1fcba20 duration: 0.171642
device: gfx906+sram-ecc (0x1fcba20)  kernel from: 0 to: 51456 -> range: 51456 (with blocking: 51456)
device: 0x1fcba20 duration: 0.20504
delta: 77445.7
.device: 0x1fcba20 kernel from: 0 to: 372224 -> range: 372224
device: 0x1fcba20 duration: 0.171508
device: gfx906+sram-ecc (0x1fcba20)  kernel from: 0 to: 51456 -> range: 51456 (with blocking: 51456)
device: 0x1fcba20 duration: 0.204957
delta: 91662.6
.device: 0x1fcba20 kernel from: 0 to: 372224 -> range: 372224
device: 0x1fcba20 duration: 0.171471
device: gfx906+sram-ecc (0x1fcba20)  kernel from: 0 to: 51456 -> range: 51456 (with blocking: 51456)
device: 0x1fcba20 duration: 0.204984
delta: 197919
.device: 0x1fcba20 kernel from: 0 to: 372224 -> range: 372224
device: 0x1fcba20 duration: 0.171604
device: gfx906+sram-ecc (0x1fcba20)  kernel from: 0 to: 51456 -> range: 51456 (with blocking: 51456)
device: 0x1fcba20 duration: 0.205003
delta: 590584
.device: 0x1fcba20 kernel from: 0 to: 372224 -> range: 372224
device: 0x1fcba20 duration: 0.171581
device: gfx906+sram-ecc (0x1fcba20)  kernel from: 0 to: 51456 -> range: 51456 (with blocking: 51456)
device: 0x1fcba20 duration: 0.20505
delta: 257536
.device: 0x1fcba20 kernel from: 0 to: 372224 -> range: 372224
device: 0x1fcba20 duration: 0.171464
device: gfx906+sram-ecc (0x1fcba20)  kernel from: 0 to: 51456 -> range: 51456 (with blocking: 51456)
device: 0x1fcba20 duration: 0.204972
delta: 49725.9
.device: 0x1fcba20 kernel from: 0 to: 372224 -> range: 372224
device: 0x1fcba20 duration: 0.171505
device: gfx906+sram-ecc (0x1fcba20)  kernel from: 0 to: 51456 -> range: 51456 (with blocking: 51456)
device: 0x1fcba20 duration: 0.204942
delta: 45687.4
.device: 0x1fcba20 kernel from: 0 to: 372224 -> range: 372224
device: 0x1fcba20 duration: 0.171528
device: gfx906+sram-ecc (0x1fcba20)  kernel from: 0 to: 51456 -> range: 51456 (with blocking: 51456)
device: 0x1fcba20 duration: 0.204915
delta: 175949
.device: 0x1fcba20 kernel from: 0 to: 372224 -> range: 372224
device: 0x1fcba20 duration: 0.171514
device: gfx906+sram-ecc (0x1fcba20)  kernel from: 0 to: 51456 -> range: 51456 (with blocking: 51456)
device: 0x1fcba20 duration: 0.205032
delta: 47346
.device: 0x1fcba20 kernel from: 0 to: 372224 -> range: 372224
device: 0x1fcba20 duration: 0.171593
device: gfx906+sram-ecc (0x1fcba20)  kernel from: 0 to: 51456 -> range: 51456 (with blocking: 51456)
device: 0x1fcba20 duration: 0.204998
delta: 30283.3
.device: 0x1fcba20 kernel from: 0 to: 372224 -> range: 372224
device: 0x1fcba20 duration: 0.171562
device: gfx906+sram-ecc (0x1fcba20)  kernel from: 0 to: 51456 -> range: 51456 (with blocking: 51456)
device: 0x1fcba20 duration: 0.205088
delta: 172923
.device: 0x1fcba20 kernel from: 0 to: 372224 -> range: 372224
device: 0x1fcba20 duration: 0.171534
device: gfx906+sram-ecc (0x1fcba20)  kernel from: 0 to: 51456 -> range: 51456 (with blocking: 51456)
device: 0x1fcba20 duration: 0.205067
delta: 157539
.device: 0x1fcba20 kernel from: 0 to: 372224 -> range: 372224
device: 0x1fcba20 duration: 0.17164
device: gfx906+sram-ecc (0x1fcba20)  kernel from: 0 to: 51456 -> range: 51456 (with blocking: 51456)
device: 0x1fcba20 duration: 0.205019
delta: 610847
.device: 0x1fcba20 kernel from: 0 to: 372224 -> range: 372224
device: 0x1fcba20 duration: 0.171464
device: gfx906+sram-ecc (0x1fcba20)  kernel from: 0 to: 51456 -> range: 51456 (with blocking: 51456)
device: 0x1fcba20 duration: 0.204998
delta: 101152
.device: 0x1fcba20 kernel from: 0 to: 372224 -> range: 372224
device: 0x1fcba20 duration: 0.171634
device: gfx906+sram-ecc (0x1fcba20)  kernel from: 0 to: 51456 -> range: 51456 (with blocking: 51456)
device: 0x1fcba20 duration: 0.205023
delta: 56097.1
.device: 0x1fcba20 kernel from: 0 to: 372224 -> range: 372224
device: 0x1fcba20 duration: 0.171393
device: gfx906+sram-ecc (0x1fcba20)  kernel from: 0 to: 51456 -> range: 51456 (with blocking: 51456)
device: 0x1fcba20 duration: 0.204973
delta: 418362
.device: 0x1fcba20 kernel from: 0 to: 372224 -> range: 372224
device: 0x1fcba20 duration: 0.171494
device: gfx906+sram-ecc (0x1fcba20)  kernel from: 0 to: 51456 -> range: 51456 (with blocking: 51456)
device: 0x1fcba20 duration: 0.205039
delta: 32764.8
.device: 0x1fcba20 kernel from: 0 to: 372224 -> range: 372224
device: 0x1fcba20 duration: 0.171496
device: gfx906+sram-ecc (0x1fcba20)  kernel from: 0 to: 51456 -> range: 51456 (with blocking: 51456)
device: 0x1fcba20 duration: 0.20508
delta: 47344.4
.device: 0x1fcba20 kernel from: 0 to: 372224 -> range: 372224
device: 0x1fcba20 duration: 0.171404
device: gfx906+sram-ecc (0x1fcba20)  kernel from: 0 to: 51456 -> range: 51456 (with blocking: 51456)
device: 0x1fcba20 duration: 0.205004
delta: 125958
.device: 0x1fcba20 kernel from: 0 to: 372224 -> range: 372224
device: 0x1fcba20 duration: 0.171499
device: gfx906+sram-ecc (0x1fcba20)  kernel from: 0 to: 51456 -> range: 51456 (with blocking: 51456)
device: 0x1fcba20 duration: 0.204961
delta: 63146.4
.device: 0x1fcba20 kernel from: 0 to: 372224 -> range: 372224
device: 0x1fcba20 duration: 0.17159
device: gfx906+sram-ecc (0x1fcba20)  kernel from: 0 to: 51456 -> range: 51456 (with blocking: 51456)
device: 0x1fcba20 duration: 0.20498
delta: 39065.1
.device: 0x1fcba20 kernel from: 0 to: 372224 -> range: 372224
device: 0x1fcba20 duration: 0.171591
device: gfx906+sram-ecc (0x1fcba20)  kernel from: 0 to: 51456 -> range: 51456 (with blocking: 51456)
device: 0x1fcba20 duration: 0.204985
delta: 124914
.device: 0x1fcba20 kernel from: 0 to: 372224 -> range: 372224
device: 0x1fcba20 duration: 0.171572
device: gfx906+sram-ecc (0x1fcba20)  kernel from: 0 to: 51456 -> range: 51456 (with blocking: 51456)
device: 0x1fcba20 duration: 0.204957
delta: 382013
.device: 0x1fcba20 kernel from: 0 to: 372224 -> range: 372224
device: 0x1fcba20 duration: 0.171472
device: gfx906+sram-ecc (0x1fcba20)  kernel from: 0 to: 51456 -> range: 51456 (with blocking: 51456)
device: 0x1fcba20 duration: 0.204963
delta: 36128.5
.device: 0x1fcba20 kernel from: 0 to: 372224 -> range: 372224
device: 0x1fcba20 duration: 0.171371
device: gfx906+sram-ecc (0x1fcba20)  kernel from: 0 to: 51456 -> range: 51456 (with blocking: 51456)
device: 0x1fcba20 duration: 0.204853
delta: 55712.7
.device: 0x1fcba20 kernel from: 0 to: 372224 -> range: 372224
device: 0x1fcba20 duration: 0.17159
device: gfx906+sram-ecc (0x1fcba20)  kernel from: 0 to: 51456 -> range: 51456 (with blocking: 51456)
device: 0x1fcba20 duration: 0.205036
delta: 39164.2
.device: 0x1fcba20 kernel from: 0 to: 372224 -> range: 372224
device: 0x1fcba20 duration: 0.171536
device: gfx906+sram-ecc (0x1fcba20)  kernel from: 0 to: 51456 -> range: 51456 (with blocking: 51456)
device: 0x1fcba20 duration: 0.205074
device: 0x1fcba20 kernel from: 0 to: 372224 -> range: 372224
device: 0x1fcba20 duration: 0.171467
device: gfx906+sram-ecc (0x1fcba20)  kernel from: 0 to: 51456 -> range: 51456 (with blocking: 51456)
device: 0x1fcba20 duration: 0.205039
delta: 23344.7
.device: 0x1fcba20 kernel from: 0 to: 372224 -> range: 372224
device: 0x1fcba20 duration: 0.17139
device: gfx906+sram-ecc (0x1fcba20)  kernel from: 0 to: 51456 -> range: 51456 (with blocking: 51456)
device: 0x1fcba20 duration: 0.205004
delta: 35292.8
.device: 0x1fcba20 kernel from: 0 to: 372224 -> range: 372224
device: 0x1fcba20 duration: 0.171486
device: gfx906+sram-ecc (0x1fcba20)  kernel from: 0 to: 51456 -> range: 51456 (with blocking: 51456)
device: 0x1fcba20 duration: 0.20493
delta: 50195.4
.device: 0x1fcba20 kernel from: 0 to: 372224 -> range: 372224
device: 0x1fcba20 duration: 0.17159
device: gfx906+sram-ecc (0x1fcba20)  kernel from: 0 to: 51456 -> range: 51456 (with blocking: 51456)
device: 0x1fcba20 duration: 0.204988
delta: 192242
.device: 0x1fcba20 kernel from: 0 to: 372224 -> range: 372224
device: 0x1fcba20 duration: 0.171584
device: gfx906+sram-ecc (0x1fcba20)  kernel from: 0 to: 51456 -> range: 51456 (with blocking: 51456)
device: 0x1fcba20 duration: 0.20498
delta: 267598
.device: 0x1fcba20 kernel from: 0 to: 372224 -> range: 372224
device: 0x1fcba20 duration: 0.171503
device: gfx906+sram-ecc (0x1fcba20)  kernel from: 0 to: 51456 -> range: 51456 (with blocking: 51456)
device: 0x1fcba20 duration: 0.204551
delta: 375204
.device: 0x1fcba20 kernel from: 0 to: 372224 -> range: 372224
device: 0x1fcba20 duration: 0.171364
device: gfx906+sram-ecc (0x1fcba20)  kernel from: 0 to: 51456 -> range: 51456 (with blocking: 51456)
device: 0x1fcba20 duration: 0.204955
delta: 122104
.device: 0x1fcba20 kernel from: 0 to: 372224 -> range: 372224
device: 0x1fcba20 duration: 0.171522
device: gfx906+sram-ecc (0x1fcba20)  kernel from: 0 to: 51456 -> range: 51456 (with blocking: 51456)
device: 0x1fcba20 duration: 0.204953
delta: 32279.4
.device: 0x1fcba20 kernel from: 0 to: 372224 -> range: 372224
device: 0x1fcba20 duration: 0.171486
device: gfx906+sram-ecc (0x1fcba20)  kernel from: 0 to: 51456 -> range: 51456 (with blocking: 51456)
device: 0x1fcba20 duration: 0.204978
delta: 140536
.device: 0x1fcba20 kernel from: 0 to: 372224 -> range: 372224
device: 0x1fcba20 duration: 0.171593
device: gfx906+sram-ecc (0x1fcba20)  kernel from: 0 to: 51456 -> range: 51456 (with blocking: 51456)
device: 0x1fcba20 duration: 0.204972
delta: 21213.3
.device: 0x1fcba20 kernel from: 0 to: 372224 -> range: 372224
device: 0x1fcba20 duration: 0.17171
device: gfx906+sram-ecc (0x1fcba20)  kernel from: 0 to: 51456 -> range: 51456 (with blocking: 51456)
device: 0x1fcba20 duration: 0.204976
delta: 56298.9
.device: 0x1fcba20 kernel from: 0 to: 372224 -> range: 372224
device: 0x1fcba20 duration: 0.171556
device: gfx906+sram-ecc (0x1fcba20)  kernel from: 0 to: 51456 -> range: 51456 (with blocking: 51456)
device: 0x1fcba20 duration: 0.205022
delta: 29225.2
.device: 0x1fcba20 kernel from: 0 to: 372224 -> range: 372224
device: 0x1fcba20 duration: 0.171525
device: gfx906+sram-ecc (0x1fcba20)  kernel from: 0 to: 51456 -> range: 51456 (with blocking: 51456)
device: 0x1fcba20 duration: 0.204999
delta: 118787
.device: 0x1fcba20 kernel from: 0 to: 372224 -> range: 372224
device: 0x1fcba20 duration: 0.171586
device: gfx906+sram-ecc (0x1fcba20)  kernel from: 0 to: 51456 -> range: 51456 (with blocking: 51456)
device: 0x1fcba20 duration: 0.205007
delta: 55234.4
.device: 0x1fcba20 kernel from: 0 to: 372224 -> range: 372224
device: 0x1fcba20 duration: 0.171538
device: gfx906+sram-ecc (0x1fcba20)  kernel from: 0 to: 51456 -> range: 51456 (with blocking: 51456)
device: 0x1fcba20 duration: 0.205057
delta: 118073
.device: 0x1fcba20 kernel from: 0 to: 372224 -> range: 372224
device: 0x1fcba20 duration: 0.171469
device: gfx906+sram-ecc (0x1fcba20)  kernel from: 0 to: 51456 -> range: 51456 (with blocking: 51456)
device: 0x1fcba20 duration: 0.205
delta: 69613.4
.device: 0x1fcba20 kernel from: 0 to: 372224 -> range: 372224
device: 0x1fcba20 duration: 0.171498
device: gfx906+sram-ecc (0x1fcba20)  kernel from: 0 to: 51456 -> range: 51456 (with blocking: 51456)
device: 0x1fcba20 duration: 0.205017
delta: 33441.8
.device: 0x1fcba20 kernel from: 0 to: 372224 -> range: 372224
device: 0x1fcba20 duration: 0.171606
device: gfx906+sram-ecc (0x1fcba20)  kernel from: 0 to: 51456 -> range: 51456 (with blocking: 51456)
device: 0x1fcba20 duration: 0.204956
delta: 22221
.device: 0x1fcba20 kernel from: 0 to: 372224 -> range: 372224
device: 0x1fcba20 duration: 0.171495
device: gfx906+sram-ecc (0x1fcba20)  kernel from: 0 to: 51456 -> range: 51456 (with blocking: 51456)
device: 0x1fcba20 duration: 0.204975
delta: 61847.7
.device: 0x1fcba20 kernel from: 0 to: 372224 -> range: 372224
device: 0x1fcba20 duration: 0.171506
device: gfx906+sram-ecc (0x1fcba20)  kernel from: 0 to: 51456 -> range: 51456 (with blocking: 51456)
device: 0x1fcba20 duration: 0.20505
delta: 289891
.device: 0x1fcba20 kernel from: 0 to: 372224 -> range: 372224
device: 0x1fcba20 duration: 0.171502
device: gfx906+sram-ecc (0x1fcba20)  kernel from: 0 to: 51456 -> range: 51456 (with blocking: 51456)
device: 0x1fcba20 duration: 0.204969
delta: 15947.8
.device: 0x1fcba20 kernel from: 0 to: 372224 -> range: 372224
device: 0x1fcba20 duration: 0.171489
device: gfx906+sram-ecc (0x1fcba20)  kernel from: 0 to: 51456 -> range: 51456 (with blocking: 51456)
device: 0x1fcba20 duration: 0.204956
delta: 23317.9
.device: 0x1fcba20 kernel from: 0 to: 372224 -> range: 372224
device: 0x1fcba20 duration: 0.171558
device: gfx906+sram-ecc (0x1fcba20)  kernel from: 0 to: 51456 -> range: 51456 (with blocking: 51456)
device: 0x1fcba20 duration: 0.205017
delta: 60473.3
.device: 0x1fcba20 kernel from: 0 to: 372224 -> range: 372224
device: 0x1fcba20 duration: 0.171454
device: gfx906+sram-ecc (0x1fcba20)  kernel from: 0 to: 51456 -> range: 51456 (with blocking: 51456)
device: 0x1fcba20 duration: 0.205049
delta: 198738
.device: 0x1fcba20 kernel from: 0 to: 372224 -> range: 372224
device: 0x1fcba20 duration: 0.171607
device: gfx906+sram-ecc (0x1fcba20)  kernel from: 0 to: 51456 -> range: 51456 (with blocking: 51456)
device: 0x1fcba20 duration: 0.204971
delta: 36682.8
.device: 0x1fcba20 kernel from: 0 to: 372224 -> range: 372224
device: 0x1fcba20 duration: 0.17153
device: gfx906+sram-ecc (0x1fcba20)  kernel from: 0 to: 51456 -> range: 51456 (with blocking: 51456)
device: 0x1fcba20 duration: 0.204952
delta: 132849
.device: 0x1fcba20 kernel from: 0 to: 372224 -> range: 372224
device: 0x1fcba20 duration: 0.171468
device: gfx906+sram-ecc (0x1fcba20)  kernel from: 0 to: 51456 -> range: 51456 (with blocking: 51456)
device: 0x1fcba20 duration: 0.204879
delta: 29302.5
.device: 0x1fcba20 kernel from: 0 to: 372224 -> range: 372224
device: 0x1fcba20 duration: 0.171518
device: gfx906+sram-ecc (0x1fcba20)  kernel from: 0 to: 51456 -> range: 51456 (with blocking: 51456)
device: 0x1fcba20 duration: 0.204947
delta: 82608.9
.device: 0x1fcba20 kernel from: 0 to: 372224 -> range: 372224
device: 0x1fcba20 duration: 0.171628
device: gfx906+sram-ecc (0x1fcba20)  kernel from: 0 to: 51456 -> range: 51456 (with blocking: 51456)
device: 0x1fcba20 duration: 0.204956
delta: 44351.6
.device: 0x1fcba20 kernel from: 0 to: 372224 -> range: 372224
device: 0x1fcba20 duration: 0.171599
device: gfx906+sram-ecc (0x1fcba20)  kernel from: 0 to: 51456 -> range: 51456 (with blocking: 51456)
device: 0x1fcba20 duration: 0.204918
delta: 19857.5
.device: 0x1fcba20 kernel from: 0 to: 372224 -> range: 372224
device: 0x1fcba20 duration: 0.171547
device: gfx906+sram-ecc (0x1fcba20)  kernel from: 0 to: 51456 -> range: 51456 (with blocking: 51456)
device: 0x1fcba20 duration: 0.204968
delta: 16491
.device: 0x1fcba20 kernel from: 0 to: 372224 -> range: 372224
device: 0x1fcba20 duration: 0.171513
device: gfx906+sram-ecc (0x1fcba20)  kernel from: 0 to: 51456 -> range: 51456 (with blocking: 51456)
device: 0x1fcba20 duration: 0.204885
delta: 28215.9
.device: 0x1fcba20 kernel from: 0 to: 372224 -> range: 372224
device: 0x1fcba20 duration: 0.171461
device: gfx906+sram-ecc (0x1fcba20)  kernel from: 0 to: 51456 -> range: 51456 (with blocking: 51456)
device: 0x1fcba20 duration: 0.204909
delta: 480268
.device: 0x1fcba20 kernel from: 0 to: 372224 -> range: 372224
device: 0x1fcba20 duration: 0.17151
device: gfx906+sram-ecc (0x1fcba20)  kernel from: 0 to: 51456 -> range: 51456 (with blocking: 51456)
device: 0x1fcba20 duration: 0.204932
delta: 104025
.device: 0x1fcba20 kernel from: 0 to: 372224 -> range: 372224
device: 0x1fcba20 duration: 0.171554
device: gfx906+sram-ecc (0x1fcba20)  kernel from: 0 to: 51456 -> range: 51456 (with blocking: 51456)
device: 0x1fcba20 duration: 0.204904
delta: 38218.4
.device: 0x1fcba20 kernel from: 0 to: 372224 -> range: 372224
device: 0x1fcba20 duration: 0.171461
device: gfx906+sram-ecc (0x1fcba20)  kernel from: 0 to: 51456 -> range: 51456 (with blocking: 51456)
device: 0x1fcba20 duration: 0.204962
delta: 22120.4
.device: 0x1fcba20 kernel from: 0 to: 372224 -> range: 372224
device: 0x1fcba20 duration: 0.171518
device: gfx906+sram-ecc (0x1fcba20)  kernel from: 0 to: 51456 -> range: 51456 (with blocking: 51456)
device: 0x1fcba20 duration: 0.204938
delta: 66221.8
.device: 0x1fcba20 kernel from: 0 to: 372224 -> range: 372224
device: 0x1fcba20 duration: 0.171565
device: gfx906+sram-ecc (0x1fcba20)  kernel from: 0 to: 51456 -> range: 51456 (with blocking: 51456)
device: 0x1fcba20 duration: 0.204938
delta: 17034.1
.device: 0x1fcba20 kernel from: 0 to: 372224 -> range: 372224
device: 0x1fcba20 duration: 0.171561
device: gfx906+sram-ecc (0x1fcba20)  kernel from: 0 to: 51456 -> range: 51456 (with blocking: 51456)
device: 0x1fcba20 duration: 0.205093
delta: 20737.5
.device: 0x1fcba20 kernel from: 0 to: 372224 -> range: 372224
device: 0x1fcba20 duration: 0.171542
device: gfx906+sram-ecc (0x1fcba20)  kernel from: 0 to: 51456 -> range: 51456 (with blocking: 51456)
device: 0x1fcba20 duration: 0.205006
delta: 59069.9
.device: 0x1fcba20 kernel from: 0 to: 372224 -> range: 372224
device: 0x1fcba20 duration: 0.171605
device: gfx906+sram-ecc (0x1fcba20)  kernel from: 0 to: 51456 -> range: 51456 (with blocking: 51456)
device: 0x1fcba20 duration: 0.204955
delta: 22269.4
.device: 0x1fcba20 kernel from: 0 to: 372224 -> range: 372224
device: 0x1fcba20 duration: 0.171491
device: gfx906+sram-ecc (0x1fcba20)  kernel from: 0 to: 51456 -> range: 51456 (with blocking: 51456)
device: 0x1fcba20 duration: 0.20498
delta: 195399
.device: 0x1fcba20 kernel from: 0 to: 372224 -> range: 372224
device: 0x1fcba20 duration: 0.17158
device: gfx906+sram-ecc (0x1fcba20)  kernel from: 0 to: 51456 -> range: 51456 (with blocking: 51456)
device: 0x1fcba20 duration: 0.204941
delta: 151263
.device: 0x1fcba20 kernel from: 0 to: 372224 -> range: 372224
device: 0x1fcba20 duration: 0.171519
device: gfx906+sram-ecc (0x1fcba20)  kernel from: 0 to: 51456 -> range: 51456 (with blocking: 51456)
device: 0x1fcba20 duration: 0.204983
delta: 16006.2
.device: 0x1fcba20 kernel from: 0 to: 372224 -> range: 372224
device: 0x1fcba20 duration: 0.17162
device: gfx906+sram-ecc (0x1fcba20)  kernel from: 0 to: 51456 -> range: 51456 (with blocking: 51456)
device: 0x1fcba20 duration: 0.204917
delta: 18388
.device: 0x1fcba20 kernel from: 0 to: 372224 -> range: 372224
device: 0x1fcba20 duration: 0.171563
device: gfx906+sram-ecc (0x1fcba20)  kernel from: 0 to: 51456 -> range: 51456 (with blocking: 51456)
device: 0x1fcba20 duration: 0.204979
delta: 45619.8
.device: 0x1fcba20 kernel from: 0 to: 372224 -> range: 372224
device: 0x1fcba20 duration: 0.171503
device: gfx906+sram-ecc (0x1fcba20)  kernel from: 0 to: 51456 -> range: 51456 (with blocking: 51456)
device: 0x1fcba20 duration: 0.204979
delta: 34306.7
.device: 0x1fcba20 kernel from: 0 to: 372224 -> range: 372224
device: 0x1fcba20 duration: 0.171585
device: gfx906+sram-ecc (0x1fcba20)  kernel from: 0 to: 51456 -> range: 51456 (with blocking: 51456)
device: 0x1fcba20 duration: 0.204887
delta: 25665.7
.device: 0x1fcba20 kernel from: 0 to: 372224 -> range: 372224
device: 0x1fcba20 duration: 0.171481
device: gfx906+sram-ecc (0x1fcba20)  kernel from: 0 to: 51456 -> range: 51456 (with blocking: 51456)
device: 0x1fcba20 duration: 0.204872
delta: 301511
.device: 0x1fcba20 kernel from: 0 to: 372224 -> range: 372224
device: 0x1fcba20 duration: 0.171503
device: gfx906+sram-ecc (0x1fcba20)  kernel from: 0 to: 51456 -> range: 51456 (with blocking: 51456)
device: 0x1fcba20 duration: 0.204956
delta: 12633.7
.device: 0x1fcba20 kernel from: 0 to: 372224 -> range: 372224
device: 0x1fcba20 duration: 0.171577
device: gfx906+sram-ecc (0x1fcba20)  kernel from: 0 to: 51456 -> range: 51456 (with blocking: 51456)
device: 0x1fcba20 duration: 0.204971
device: 0x1fcba20 kernel from: 0 to: 372224 -> range: 372224
device: 0x1fcba20 duration: 0.17142
device: gfx906+sram-ecc (0x1fcba20)  kernel from: 0 to: 51456 -> range: 51456 (with blocking: 51456)
device: 0x1fcba20 duration: 0.20497
delta: 16879.9
.device: 0x1fcba20 kernel from: 0 to: 372224 -> range: 372224
device: 0x1fcba20 duration: 0.171305
device: gfx906+sram-ecc (0x1fcba20)  kernel from: 0 to: 51456 -> range: 51456 (with blocking: 51456)
device: 0x1fcba20 duration: 0.205
delta: 88114.9
.device: 0x1fcba20 kernel from: 0 to: 372224 -> range: 372224
device: 0x1fcba20 duration: 0.171506
device: gfx906+sram-ecc (0x1fcba20)  kernel from: 0 to: 51456 -> range: 51456 (with blocking: 51456)
device: 0x1fcba20 duration: 0.205012
delta: 218922
.device: 0x1fcba20 kernel from: 0 to: 372224 -> range: 372224
device: 0x1fcba20 duration: 0.171578
device: gfx906+sram-ecc (0x1fcba20)  kernel from: 0 to: 51456 -> range: 51456 (with blocking: 51456)
device: 0x1fcba20 duration: 0.204999
delta: 12585.9
.device: 0x1fcba20 kernel from: 0 to: 372224 -> range: 372224
device: 0x1fcba20 duration: 0.171521
device: gfx906+sram-ecc (0x1fcba20)  kernel from: 0 to: 51456 -> range: 51456 (with blocking: 51456)
device: 0x1fcba20 duration: 0.205005
delta: 11284.9
.device: 0x1fcba20 kernel from: 0 to: 372224 -> range: 372224
device: 0x1fcba20 duration: 0.171614
device: gfx906+sram-ecc (0x1fcba20)  kernel from: 0 to: 51456 -> range: 51456 (with blocking: 51456)
device: 0x1fcba20 duration: 0.204947
delta: 37741
.device: 0x1fcba20 kernel from: 0 to: 372224 -> range: 372224
device: 0x1fcba20 duration: 0.171496
device: gfx906+sram-ecc (0x1fcba20)  kernel from: 0 to: 51456 -> range: 51456 (with blocking: 51456)
device: 0x1fcba20 duration: 0.205003
delta: 18097.6
.device: 0x1fcba20 kernel from: 0 to: 372224 -> range: 372224
device: 0x1fcba20 duration: 0.171585
device: gfx906+sram-ecc (0x1fcba20)  kernel from: 0 to: 51456 -> range: 51456 (with blocking: 51456)
device: 0x1fcba20 duration: 0.20497
delta: 26071.7
.device: 0x1fcba20 kernel from: 0 to: 372224 -> range: 372224
device: 0x1fcba20 duration: 0.171635
device: gfx906+sram-ecc (0x1fcba20)  kernel from: 0 to: 51456 -> range: 51456 (with blocking: 51456)
device: 0x1fcba20 duration: 0.205051
delta: 22362.5
.device: 0x1fcba20 kernel from: 0 to: 372224 -> range: 372224
device: 0x1fcba20 duration: 0.171629
device: gfx906+sram-ecc (0x1fcba20)  kernel from: 0 to: 51456 -> range: 51456 (with blocking: 51456)
device: 0x1fcba20 duration: 0.20495
delta: 9549.71
.device: 0x1fcba20 kernel from: 0 to: 372224 -> range: 372224
device: 0x1fcba20 duration: 0.171617
device: gfx906+sram-ecc (0x1fcba20)  kernel from: 0 to: 51456 -> range: 51456 (with blocking: 51456)
device: 0x1fcba20 duration: 0.205044
delta: 585112
.device: 0x1fcba20 kernel from: 0 to: 372224 -> range: 372224
device: 0x1fcba20 duration: 0.171602
device: gfx906+sram-ecc (0x1fcba20)  kernel from: 0 to: 51456 -> range: 51456 (with blocking: 51456)
device: 0x1fcba20 duration: 0.205056
delta: 154706
.device: 0x1fcba20 kernel from: 0 to: 372224 -> range: 372224
device: 0x1fcba20 duration: 0.17155
device: gfx906+sram-ecc (0x1fcba20)  kernel from: 0 to: 51456 -> range: 51456 (with blocking: 51456)
device: 0x1fcba20 duration: 0.204949
delta: 15966.2
.device: 0x1fcba20 kernel from: 0 to: 372224 -> range: 372224
device: 0x1fcba20 duration: 0.171691
device: gfx906+sram-ecc (0x1fcba20)  kernel from: 0 to: 51456 -> range: 51456 (with blocking: 51456)
device: 0x1fcba20 duration: 0.205008
delta: 20429.8
.device: 0x1fcba20 kernel from: 0 to: 372224 -> range: 372224
device: 0x1fcba20 duration: 0.171592
device: gfx906+sram-ecc (0x1fcba20)  kernel from: 0 to: 51456 -> range: 51456 (with blocking: 51456)
device: 0x1fcba20 duration: 0.204966
delta: 36722.1
.device: 0x1fcba20 kernel from: 0 to: 372224 -> range: 372224
device: 0x1fcba20 duration: 0.17158
device: gfx906+sram-ecc (0x1fcba20)  kernel from: 0 to: 51456 -> range: 51456 (with blocking: 51456)
device: 0x1fcba20 duration: 0.20506
delta: 39404.6
.device: 0x1fcba20 kernel from: 0 to: 372224 -> range: 372224
device: 0x1fcba20 duration: 0.171562
device: gfx906+sram-ecc (0x1fcba20)  kernel from: 0 to: 51456 -> range: 51456 (with blocking: 51456)
device: 0x1fcba20 duration: 0.205023
delta: 50033.1
.device: 0x1fcba20 kernel from: 0 to: 372224 -> range: 372224
device: 0x1fcba20 duration: 0.171597
device: gfx906+sram-ecc (0x1fcba20)  kernel from: 0 to: 51456 -> range: 51456 (with blocking: 51456)
device: 0x1fcba20 duration: 0.205023
delta: 34988.5
.device: 0x1fcba20 kernel from: 0 to: 372224 -> range: 372224
device: 0x1fcba20 duration: 0.171496
device: gfx906+sram-ecc (0x1fcba20)  kernel from: 0 to: 51456 -> range: 51456 (with blocking: 51456)
device: 0x1fcba20 duration: 0.204955
delta: 17189.9
.device: 0x1fcba20 kernel from: 0 to: 372224 -> range: 372224
device: 0x1fcba20 duration: 0.171568
device: gfx906+sram-ecc (0x1fcba20)  kernel from: 0 to: 51456 -> range: 51456 (with blocking: 51456)
device: 0x1fcba20 duration: 0.205011
delta: 21106.6
.device: 0x1fcba20 kernel from: 0 to: 372224 -> range: 372224
device: 0x1fcba20 duration: 0.1716
device: gfx906+sram-ecc (0x1fcba20)  kernel from: 0 to: 51456 -> range: 51456 (with blocking: 51456)
device: 0x1fcba20 duration: 0.204951
delta: 813595
.device: 0x1fcba20 kernel from: 0 to: 372224 -> range: 372224
device: 0x1fcba20 duration: 0.171523
device: gfx906+sram-ecc (0x1fcba20)  kernel from: 0 to: 51456 -> range: 51456 (with blocking: 51456)
device: 0x1fcba20 duration: 0.204911
delta: 8869.25
.device: 0x1fcba20 kernel from: 0 to: 372224 -> range: 372224
device: 0x1fcba20 duration: 0.171536
device: gfx906+sram-ecc (0x1fcba20)  kernel from: 0 to: 51456 -> range: 51456 (with blocking: 51456)
device: 0x1fcba20 duration: 0.204991
delta: 28035.1
.device: 0x1fcba20 kernel from: 0 to: 372224 -> range: 372224
device: 0x1fcba20 duration: 0.171513
device: gfx906+sram-ecc (0x1fcba20)  kernel from: 0 to: 51456 -> range: 51456 (with blocking: 51456)
device: 0x1fcba20 duration: 0.204971
delta: 18832.1
.device: 0x1fcba20 kernel from: 0 to: 372224 -> range: 372224
device: 0x1fcba20 duration: 0.17152
device: gfx906+sram-ecc (0x1fcba20)  kernel from: 0 to: 51456 -> range: 51456 (with blocking: 51456)
device: 0x1fcba20 duration: 0.204893
delta: 35768.1
.device: 0x1fcba20 kernel from: 0 to: 372224 -> range: 372224
device: 0x1fcba20 duration: 0.171468
device: gfx906+sram-ecc (0x1fcba20)  kernel from: 0 to: 51456 -> range: 51456 (with blocking: 51456)
device: 0x1fcba20 duration: 0.204926
delta: 28239.4
.device: 0x1fcba20 kernel from: 0 to: 372224 -> range: 372224
device: 0x1fcba20 duration: 0.171581
device: gfx906+sram-ecc (0x1fcba20)  kernel from: 0 to: 51456 -> range: 51456 (with blocking: 51456)
device: 0x1fcba20 duration: 0.204935
delta: 81678.9
.device: 0x1fcba20 kernel from: 0 to: 372224 -> range: 372224
device: 0x1fcba20 duration: 0.171723
device: gfx906+sram-ecc (0x1fcba20)  kernel from: 0 to: 51456 -> range: 51456 (with blocking: 51456)
device: 0x1fcba20 duration: 0.20501
delta: 26914.2
.device: 0x1fcba20 kernel from: 0 to: 372224 -> range: 372224
device: 0x1fcba20 duration: 0.17157
device: gfx906+sram-ecc (0x1fcba20)  kernel from: 0 to: 51456 -> range: 51456 (with blocking: 51456)
device: 0x1fcba20 duration: 0.204899
delta: 16771.2
.device: 0x1fcba20 kernel from: 0 to: 372224 -> range: 372224
device: 0x1fcba20 duration: 0.171525
device: gfx906+sram-ecc (0x1fcba20)  kernel from: 0 to: 51456 -> range: 51456 (with blocking: 51456)
device: 0x1fcba20 duration: 0.204979
delta: 18739.5
.device: 0x1fcba20 kernel from: 0 to: 372224 -> range: 372224
device: 0x1fcba20 duration: 0.171593
device: gfx906+sram-ecc (0x1fcba20)  kernel from: 0 to: 51456 -> range: 51456 (with blocking: 51456)
device: 0x1fcba20 duration: 0.205008
delta: 37042.6
.device: 0x1fcba20 kernel from: 0 to: 372224 -> range: 372224
device: 0x1fcba20 duration: 0.171521
device: gfx906+sram-ecc (0x1fcba20)  kernel from: 0 to: 51456 -> range: 51456 (with blocking: 51456)
device: 0x1fcba20 duration: 0.204955
delta: 43250.1
.device: 0x1fcba20 kernel from: 0 to: 372224 -> range: 372224
device: 0x1fcba20 duration: 0.171633
device: gfx906+sram-ecc (0x1fcba20)  kernel from: 0 to: 51456 -> range: 51456 (with blocking: 51456)
device: 0x1fcba20 duration: 0.204988
delta: 25148.8
.device: 0x1fcba20 kernel from: 0 to: 372224 -> range: 372224
device: 0x1fcba20 duration: 0.171519
device: gfx906+sram-ecc (0x1fcba20)  kernel from: 0 to: 51456 -> range: 51456 (with blocking: 51456)
device: 0x1fcba20 duration: 0.204931
delta: 16618.5
.device: 0x1fcba20 kernel from: 0 to: 372224 -> range: 372224
device: 0x1fcba20 duration: 0.17159
device: gfx906+sram-ecc (0x1fcba20)  kernel from: 0 to: 51456 -> range: 51456 (with blocking: 51456)
device: 0x1fcba20 duration: 0.204955
delta: 16282.4
.device: 0x1fcba20 kernel from: 0 to: 372224 -> range: 372224
device: 0x1fcba20 duration: 0.171526
device: gfx906+sram-ecc (0x1fcba20)  kernel from: 0 to: 51456 -> range: 51456 (with blocking: 51456)
device: 0x1fcba20 duration: 0.204881
delta: 89512.9
.device: 0x1fcba20 kernel from: 0 to: 372224 -> range: 372224
device: 0x1fcba20 duration: 0.171456
device: gfx906+sram-ecc (0x1fcba20)  kernel from: 0 to: 51456 -> range: 51456 (with blocking: 51456)
device: 0x1fcba20 duration: 0.204931
delta: 6660.54
.device: 0x1fcba20 kernel from: 0 to: 372224 -> range: 372224
device: 0x1fcba20 duration: 0.171518
device: gfx906+sram-ecc (0x1fcba20)  kernel from: 0 to: 51456 -> range: 51456 (with blocking: 51456)
device: 0x1fcba20 duration: 0.204938
delta: 13212.6
.device: 0x1fcba20 kernel from: 0 to: 372224 -> range: 372224
device: 0x1fcba20 duration: 0.171495
device: gfx906+sram-ecc (0x1fcba20)  kernel from: 0 to: 51456 -> range: 51456 (with blocking: 51456)
device: 0x1fcba20 duration: 0.204939
delta: 318648
.device: 0x1fcba20 kernel from: 0 to: 372224 -> range: 372224
device: 0x1fcba20 duration: 0.171313
device: gfx906+sram-ecc (0x1fcba20)  kernel from: 0 to: 51456 -> range: 51456 (with blocking: 51456)
device: 0x1fcba20 duration: 0.204961
delta: 6997.14
.device: 0x1fcba20 kernel from: 0 to: 372224 -> range: 372224
device: 0x1fcba20 duration: 0.171529
device: gfx906+sram-ecc (0x1fcba20)  kernel from: 0 to: 51456 -> range: 51456 (with blocking: 51456)
device: 0x1fcba20 duration: 0.204936
delta: 176162
.device: 0x1fcba20 kernel from: 0 to: 372224 -> range: 372224
device: 0x1fcba20 duration: 0.171637
device: gfx906+sram-ecc (0x1fcba20)  kernel from: 0 to: 51456 -> range: 51456 (with blocking: 51456)
device: 0x1fcba20 duration: 0.205033
delta: 12374.2
.device: 0x1fcba20 kernel from: 0 to: 372224 -> range: 372224
device: 0x1fcba20 duration: 0.171554
device: gfx906+sram-ecc (0x1fcba20)  kernel from: 0 to: 51456 -> range: 51456 (with blocking: 51456)
device: 0x1fcba20 duration: 0.205008
delta: 16299.5
.device: 0x1fcba20 kernel from: 0 to: 372224 -> range: 372224
device: 0x1fcba20 duration: 0.17163
device: gfx906+sram-ecc (0x1fcba20)  kernel from: 0 to: 51456 -> range: 51456 (with blocking: 51456)
device: 0x1fcba20 duration: 0.204976
delta: 46795
.device: 0x1fcba20 kernel from: 0 to: 372224 -> range: 372224
device: 0x1fcba20 duration: 0.171541
device: gfx906+sram-ecc (0x1fcba20)  kernel from: 0 to: 51456 -> range: 51456 (with blocking: 51456)
device: 0x1fcba20 duration: 0.20499
delta: 6576.47
.device: 0x1fcba20 kernel from: 0 to: 372224 -> range: 372224
device: 0x1fcba20 duration: 0.171367
device: gfx906+sram-ecc (0x1fcba20)  kernel from: 0 to: 51456 -> range: 51456 (with blocking: 51456)
device: 0x1fcba20 duration: 0.204993
delta: 15739.5
.device: 0x1fcba20 kernel from: 0 to: 372224 -> range: 372224
device: 0x1fcba20 duration: 0.171604
device: gfx906+sram-ecc (0x1fcba20)  kernel from: 0 to: 51456 -> range: 51456 (with blocking: 51456)
device: 0x1fcba20 duration: 0.204892
delta: 18611.6
.device: 0x1fcba20 kernel from: 0 to: 372224 -> range: 372224
device: 0x1fcba20 duration: 0.171603
device: gfx906+sram-ecc (0x1fcba20)  kernel from: 0 to: 51456 -> range: 51456 (with blocking: 51456)
device: 0x1fcba20 duration: 0.204877
delta: 251117
.device: 0x1fcba20 kernel from: 0 to: 372224 -> range: 372224
device: 0x1fcba20 duration: 0.171497
device: gfx906+sram-ecc (0x1fcba20)  kernel from: 0 to: 51456 -> range: 51456 (with blocking: 51456)
device: 0x1fcba20 duration: 0.204974
delta: 9106.52
.device: 0x1fcba20 kernel from: 0 to: 372224 -> range: 372224
device: 0x1fcba20 duration: 0.171537
device: gfx906+sram-ecc (0x1fcba20)  kernel from: 0 to: 51456 -> range: 51456 (with blocking: 51456)
device: 0x1fcba20 duration: 0.204951
delta: 31660.1
.device: 0x1fcba20 kernel from: 0 to: 372224 -> range: 372224
device: 0x1fcba20 duration: 0.171597
device: gfx906+sram-ecc (0x1fcba20)  kernel from: 0 to: 51456 -> range: 51456 (with blocking: 51456)
device: 0x1fcba20 duration: 0.204911
device: 0x1fcba20 kernel from: 0 to: 372224 -> range: 372224
device: 0x1fcba20 duration: 0.17147
device: gfx906+sram-ecc (0x1fcba20)  kernel from: 0 to: 51456 -> range: 51456 (with blocking: 51456)
device: 0x1fcba20 duration: 0.204959
delta: 6347.9
.device: 0x1fcba20 kernel from: 0 to: 372224 -> range: 372224
device: 0x1fcba20 duration: 0.171471
device: gfx906+sram-ecc (0x1fcba20)  kernel from: 0 to: 51456 -> range: 51456 (with blocking: 51456)
device: 0x1fcba20 duration: 0.204896
delta: 19120.2
.device: 0x1fcba20 kernel from: 0 to: 372224 -> range: 372224
device: 0x1fcba20 duration: 0.171507
device: gfx906+sram-ecc (0x1fcba20)  kernel from: 0 to: 51456 -> range: 51456 (with blocking: 51456)
device: 0x1fcba20 duration: 0.204973
delta: 45839.2
.device: 0x1fcba20 kernel from: 0 to: 372224 -> range: 372224
device: 0x1fcba20 duration: 0.171513
device: gfx906+sram-ecc (0x1fcba20)  kernel from: 0 to: 51456 -> range: 51456 (with blocking: 51456)
device: 0x1fcba20 duration: 0.20498
delta: 18858.9
.device: 0x1fcba20 kernel from: 0 to: 372224 -> range: 372224
device: 0x1fcba20 duration: 0.171606
device: gfx906+sram-ecc (0x1fcba20)  kernel from: 0 to: 51456 -> range: 51456 (with blocking: 51456)
device: 0x1fcba20 duration: 0.205001
delta: 17362.3
.device: 0x1fcba20 kernel from: 0 to: 372224 -> range: 372224
device: 0x1fcba20 duration: 0.17139
device: gfx906+sram-ecc (0x1fcba20)  kernel from: 0 to: 51456 -> range: 51456 (with blocking: 51456)
device: 0x1fcba20 duration: 0.204983
delta: 19881.4
.device: 0x1fcba20 kernel from: 0 to: 372224 -> range: 372224
device: 0x1fcba20 duration: 0.172675
device: gfx906+sram-ecc (0x1fcba20)  kernel from: 0 to: 51456 -> range: 51456 (with blocking: 51456)
device: 0x1fcba20 duration: 0.204602
delta: 17676.5
.device: 0x1fcba20 kernel from: 0 to: 372224 -> range: 372224
device: 0x1fcba20 duration: 0.171246
device: gfx906+sram-ecc (0x1fcba20)  kernel from: 0 to: 51456 -> range: 51456 (with blocking: 51456)
device: 0x1fcba20 duration: 0.204893
delta: 100862
.device: 0x1fcba20 kernel from: 0 to: 372224 -> range: 372224
device: 0x1fcba20 duration: 0.17151
device: gfx906+sram-ecc (0x1fcba20)  kernel from: 0 to: 51456 -> range: 51456 (with blocking: 51456)
device: 0x1fcba20 duration: 0.204919
delta: 14999.5
.device: 0x1fcba20 kernel from: 0 to: 372224 -> range: 372224
device: 0x1fcba20 duration: 0.171592
device: gfx906+sram-ecc (0x1fcba20)  kernel from: 0 to: 51456 -> range: 51456 (with blocking: 51456)
device: 0x1fcba20 duration: 0.204931
delta: 77815.1
.device: 0x1fcba20 kernel from: 0 to: 372224 -> range: 372224
device: 0x1fcba20 duration: 0.171523
device: gfx906+sram-ecc (0x1fcba20)  kernel from: 0 to: 51456 -> range: 51456 (with blocking: 51456)
device: 0x1fcba20 duration: 0.20499
delta: 5895.92
.device: 0x1fcba20 kernel from: 0 to: 372224 -> range: 372224
device: 0x1fcba20 duration: 0.171433
device: gfx906+sram-ecc (0x1fcba20)  kernel from: 0 to: 51456 -> range: 51456 (with blocking: 51456)
device: 0x1fcba20 duration: 0.204923
delta: 24787.5
.device: 0x1fcba20 kernel from: 0 to: 372224 -> range: 372224
device: 0x1fcba20 duration: 0.171434
device: gfx906+sram-ecc (0x1fcba20)  kernel from: 0 to: 51456 -> range: 51456 (with blocking: 51456)
device: 0x1fcba20 duration: 0.205022
delta: 7414.15
.device: 0x1fcba20 kernel from: 0 to: 372224 -> range: 372224
device: 0x1fcba20 duration: 0.171365
device: gfx906+sram-ecc (0x1fcba20)  kernel from: 0 to: 51456 -> range: 51456 (with blocking: 51456)
device: 0x1fcba20 duration: 0.204958
delta: 28223.3
.device: 0x1fcba20 kernel from: 0 to: 372224 -> range: 372224
device: 0x1fcba20 duration: 0.171434
device: gfx906+sram-ecc (0x1fcba20)  kernel from: 0 to: 51456 -> range: 51456 (with blocking: 51456)
device: 0x1fcba20 duration: 0.20495
delta: 11603.1
.device: 0x1fcba20 kernel from: 0 to: 372224 -> range: 372224
device: 0x1fcba20 duration: 0.17132
device: gfx906+sram-ecc (0x1fcba20)  kernel from: 0 to: 51456 -> range: 51456 (with blocking: 51456)
device: 0x1fcba20 duration: 0.204936
delta: 26789
.device: 0x1fcba20 kernel from: 0 to: 372224 -> range: 372224
device: 0x1fcba20 duration: 0.171507
device: gfx906+sram-ecc (0x1fcba20)  kernel from: 0 to: 51456 -> range: 51456 (with blocking: 51456)
device: 0x1fcba20 duration: 0.204933
delta: 10831.8
.device: 0x1fcba20 kernel from: 0 to: 372224 -> range: 372224
device: 0x1fcba20 duration: 0.171578
device: gfx906+sram-ecc (0x1fcba20)  kernel from: 0 to: 51456 -> range: 51456 (with blocking: 51456)
device: 0x1fcba20 duration: 0.204924
delta: 30795.5
.device: 0x1fcba20 kernel from: 0 to: 372224 -> range: 372224
device: 0x1fcba20 duration: 0.171576
device: gfx906+sram-ecc (0x1fcba20)  kernel from: 0 to: 51456 -> range: 51456 (with blocking: 51456)
device: 0x1fcba20 duration: 0.204942
delta: 15864.6
.device: 0x1fcba20 kernel from: 0 to: 372224 -> range: 372224
device: 0x1fcba20 duration: 0.171464
device: gfx906+sram-ecc (0x1fcba20)  kernel from: 0 to: 51456 -> range: 51456 (with blocking: 51456)
device: 0x1fcba20 duration: 0.205004
delta: 8800.23
.device: 0x1fcba20 kernel from: 0 to: 372224 -> range: 372224
device: 0x1fcba20 duration: 0.171372
device: gfx906+sram-ecc (0x1fcba20)  kernel from: 0 to: 51456 -> range: 51456 (with blocking: 51456)
device: 0x1fcba20 duration: 0.204974
delta: 18392
.device: 0x1fcba20 kernel from: 0 to: 372224 -> range: 372224
device: 0x1fcba20 duration: 0.171537
device: gfx906+sram-ecc (0x1fcba20)  kernel from: 0 to: 51456 -> range: 51456 (with blocking: 51456)
device: 0x1fcba20 duration: 0.205004
delta: 10351.8
.device: 0x1fcba20 kernel from: 0 to: 372224 -> range: 372224
device: 0x1fcba20 duration: 0.171574
device: gfx906+sram-ecc (0x1fcba20)  kernel from: 0 to: 51456 -> range: 51456 (with blocking: 51456)
device: 0x1fcba20 duration: 0.204982
delta: 5959.97
.device: 0x1fcba20 kernel from: 0 to: 372224 -> range: 372224
device: 0x1fcba20 duration: 0.171437
device: gfx906+sram-ecc (0x1fcba20)  kernel from: 0 to: 51456 -> range: 51456 (with blocking: 51456)
device: 0x1fcba20 duration: 0.204951
delta: 30265.9
.device: 0x1fcba20 kernel from: 0 to: 372224 -> range: 372224
device: 0x1fcba20 duration: 0.171345
device: gfx906+sram-ecc (0x1fcba20)  kernel from: 0 to: 51456 -> range: 51456 (with blocking: 51456)
device: 0x1fcba20 duration: 0.204988
delta: 53848.2
.device: 0x1fcba20 kernel from: 0 to: 372224 -> range: 372224
device: 0x1fcba20 duration: 0.171405
device: gfx906+sram-ecc (0x1fcba20)  kernel from: 0 to: 51456 -> range: 51456 (with blocking: 51456)
device: 0x1fcba20 duration: 0.204936
delta: 56897.5
.device: 0x1fcba20 kernel from: 0 to: 372224 -> range: 372224
device: 0x1fcba20 duration: 0.171587
device: gfx906+sram-ecc (0x1fcba20)  kernel from: 0 to: 51456 -> range: 51456 (with blocking: 51456)
device: 0x1fcba20 duration: 0.204957
delta: 19778
.device: 0x1fcba20 kernel from: 0 to: 372224 -> range: 372224
device: 0x1fcba20 duration: 0.171547
device: gfx906+sram-ecc (0x1fcba20)  kernel from: 0 to: 51456 -> range: 51456 (with blocking: 51456)
device: 0x1fcba20 duration: 0.204962
delta: 4269.94
.device: 0x1fcba20 kernel from: 0 to: 372224 -> range: 372224
device: 0x1fcba20 duration: 0.171462
device: gfx906+sram-ecc (0x1fcba20)  kernel from: 0 to: 51456 -> range: 51456 (with blocking: 51456)
device: 0x1fcba20 duration: 0.205004
delta: 53174.8
.device: 0x1fcba20 kernel from: 0 to: 372224 -> range: 372224
device: 0x1fcba20 duration: 0.171366
device: gfx906+sram-ecc (0x1fcba20)  kernel from: 0 to: 51456 -> range: 51456 (with blocking: 51456)
device: 0x1fcba20 duration: 0.204954
delta: 4203.63
.device: 0x1fcba20 kernel from: 0 to: 372224 -> range: 372224
device: 0x1fcba20 duration: 0.171461
device: gfx906+sram-ecc (0x1fcba20)  kernel from: 0 to: 51456 -> range: 51456 (with blocking: 51456)
device: 0x1fcba20 duration: 0.205022
delta: 15861.1
.device: 0x1fcba20 kernel from: 0 to: 372224 -> range: 372224
device: 0x1fcba20 duration: 0.171596
device: gfx906+sram-ecc (0x1fcba20)  kernel from: 0 to: 51456 -> range: 51456 (with blocking: 51456)
device: 0x1fcba20 duration: 0.205025
delta: 14670.7
.device: 0x1fcba20 kernel from: 0 to: 372224 -> range: 372224
device: 0x1fcba20 duration: 0.171576
device: gfx906+sram-ecc (0x1fcba20)  kernel from: 0 to: 51456 -> range: 51456 (with blocking: 51456)
device: 0x1fcba20 duration: 0.205062
delta: 9451.47
.device: 0x1fcba20 kernel from: 0 to: 372224 -> range: 372224
device: 0x1fcba20 duration: 0.171403
device: gfx906+sram-ecc (0x1fcba20)  kernel from: 0 to: 51456 -> range: 51456 (with blocking: 51456)
device: 0x1fcba20 duration: 0.205058
delta: 18682.5
.device: 0x1fcba20 kernel from: 0 to: 372224 -> range: 372224
device: 0x1fcba20 duration: 0.171602
device: gfx906+sram-ecc (0x1fcba20)  kernel from: 0 to: 51456 -> range: 51456 (with blocking: 51456)
device: 0x1fcba20 duration: 0.204984
delta: 52504.9
.device: 0x1fcba20 kernel from: 0 to: 372224 -> range: 372224
device: 0x1fcba20 duration: 0.171446
device: gfx906+sram-ecc (0x1fcba20)  kernel from: 0 to: 51456 -> range: 51456 (with blocking: 51456)
device: 0x1fcba20 duration: 0.205
delta: 13871.9
.device: 0x1fcba20 kernel from: 0 to: 372224 -> range: 372224
device: 0x1fcba20 duration: 0.171468
device: gfx906+sram-ecc (0x1fcba20)  kernel from: 0 to: 51456 -> range: 51456 (with blocking: 51456)
device: 0x1fcba20 duration: 0.205074
delta: 8462.61
.device: 0x1fcba20 kernel from: 0 to: 372224 -> range: 372224
device: 0x1fcba20 duration: 0.171433
device: gfx906+sram-ecc (0x1fcba20)  kernel from: 0 to: 51456 -> range: 51456 (with blocking: 51456)
device: 0x1fcba20 duration: 0.2049
delta: 5151.19
.device: 0x1fcba20 kernel from: 0 to: 372224 -> range: 372224
device: 0x1fcba20 duration: 0.171456
device: gfx906+sram-ecc (0x1fcba20)  kernel from: 0 to: 51456 -> range: 51456 (with blocking: 51456)
device: 0x1fcba20 duration: 0.205075
delta: 12923.7
.device: 0x1fcba20 kernel from: 0 to: 372224 -> range: 372224
device: 0x1fcba20 duration: 0.171369
device: gfx906+sram-ecc (0x1fcba20)  kernel from: 0 to: 51456 -> range: 51456 (with blocking: 51456)
device: 0x1fcba20 duration: 0.204934
delta: 22201.6
.device: 0x1fcba20 kernel from: 0 to: 372224 -> range: 372224
device: 0x1fcba20 duration: 0.171466
device: gfx906+sram-ecc (0x1fcba20)  kernel from: 0 to: 51456 -> range: 51456 (with blocking: 51456)
device: 0x1fcba20 duration: 0.205018
delta: 4178.4
.device: 0x1fcba20 kernel from: 0 to: 372224 -> range: 372224
device: 0x1fcba20 duration: 0.171462
device: gfx906+sram-ecc (0x1fcba20)  kernel from: 0 to: 51456 -> range: 51456 (with blocking: 51456)
device: 0x1fcba20 duration: 0.20495
delta: 36773.4
.device: 0x1fcba20 kernel from: 0 to: 372224 -> range: 372224
device: 0x1fcba20 duration: 0.171354
device: gfx906+sram-ecc (0x1fcba20)  kernel from: 0 to: 51456 -> range: 51456 (with blocking: 51456)
device: 0x1fcba20 duration: 0.204889
delta: 22219.1
.device: 0x1fcba20 kernel from: 0 to: 372224 -> range: 372224
device: 0x1fcba20 duration: 0.171444
device: gfx906+sram-ecc (0x1fcba20)  kernel from: 0 to: 51456 -> range: 51456 (with blocking: 51456)
device: 0x1fcba20 duration: 0.204923
delta: 108223
.device: 0x1fcba20 kernel from: 0 to: 372224 -> range: 372224
device: 0x1fcba20 duration: 0.171537
device: gfx906+sram-ecc (0x1fcba20)  kernel from: 0 to: 51456 -> range: 51456 (with blocking: 51456)
device: 0x1fcba20 duration: 0.204948
delta: 13473.2
.device: 0x1fcba20 kernel from: 0 to: 372224 -> range: 372224
device: 0x1fcba20 duration: 0.171427
device: gfx906+sram-ecc (0x1fcba20)  kernel from: 0 to: 51456 -> range: 51456 (with blocking: 51456)
device: 0x1fcba20 duration: 0.204936
delta: 8102.1
.device: 0x1fcba20 kernel from: 0 to: 372224 -> range: 372224
device: 0x1fcba20 duration: 0.171522
device: gfx906+sram-ecc (0x1fcba20)  kernel from: 0 to: 51456 -> range: 51456 (with blocking: 51456)
device: 0x1fcba20 duration: 0.204961
delta: 13070.6
.device: 0x1fcba20 kernel from: 0 to: 372224 -> range: 372224
device: 0x1fcba20 duration: 0.171391
device: gfx906+sram-ecc (0x1fcba20)  kernel from: 0 to: 51456 -> range: 51456 (with blocking: 51456)
device: 0x1fcba20 duration: 0.204919
delta: 59714.7
.device: 0x1fcba20 kernel from: 0 to: 372224 -> range: 372224
device: 0x1fcba20 duration: 0.17149
device: gfx906+sram-ecc (0x1fcba20)  kernel from: 0 to: 51456 -> range: 51456 (with blocking: 51456)
device: 0x1fcba20 duration: 0.204946
delta: 22579.7
.device: 0x1fcba20 kernel from: 0 to: 372224 -> range: 372224
device: 0x1fcba20 duration: 0.171472
device: gfx906+sram-ecc (0x1fcba20)  kernel from: 0 to: 51456 -> range: 51456 (with blocking: 51456)
device: 0x1fcba20 duration: 0.204922
delta: 6109.01
.device: 0x1fcba20 kernel from: 0 to: 372224 -> range: 372224
device: 0x1fcba20 duration: 0.17169
device: gfx906+sram-ecc (0x1fcba20)  kernel from: 0 to: 51456 -> range: 51456 (with blocking: 51456)
device: 0x1fcba20 duration: 0.204896
device: 0x1fcba20 kernel from: 0 to: 372224 -> range: 372224
device: 0x1fcba20 duration: 0.171378
device: gfx906+sram-ecc (0x1fcba20)  kernel from: 0 to: 51456 -> range: 51456 (with blocking: 51456)
device: 0x1fcba20 duration: 0.204906
delta: 4890.24
.device: 0x1fcba20 kernel from: 0 to: 372224 -> range: 372224
device: 0x1fcba20 duration: 0.171304
device: gfx906+sram-ecc (0x1fcba20)  kernel from: 0 to: 51456 -> range: 51456 (with blocking: 51456)
device: 0x1fcba20 duration: 0.204922
delta: 7622.28
.device: 0x1fcba20 kernel from: 0 to: 372224 -> range: 372224
device: 0x1fcba20 duration: 0.171505
device: gfx906+sram-ecc (0x1fcba20)  kernel from: 0 to: 51456 -> range: 51456 (with blocking: 51456)
device: 0x1fcba20 duration: 0.204854
delta: 104757
.device: 0x1fcba20 kernel from: 0 to: 372224 -> range: 372224
device: 0x1fcba20 duration: 0.171501
device: gfx906+sram-ecc (0x1fcba20)  kernel from: 0 to: 51456 -> range: 51456 (with blocking: 51456)
device: 0x1fcba20 duration: 0.204919
delta: 4133.64
.device: 0x1fcba20 kernel from: 0 to: 372224 -> range: 372224
device: 0x1fcba20 duration: 0.171506
device: gfx906+sram-ecc (0x1fcba20)  kernel from: 0 to: 51456 -> range: 51456 (with blocking: 51456)
device: 0x1fcba20 duration: 0.204942
delta: 12304
.device: 0x1fcba20 kernel from: 0 to: 372224 -> range: 372224
device: 0x1fcba20 duration: 0.171427
device: gfx906+sram-ecc (0x1fcba20)  kernel from: 0 to: 51456 -> range: 51456 (with blocking: 51456)
device: 0x1fcba20 duration: 0.205009
delta: 3394.9
.device: 0x1fcba20 kernel from: 0 to: 372224 -> range: 372224
device: 0x1fcba20 duration: 0.171373
device: gfx906+sram-ecc (0x1fcba20)  kernel from: 0 to: 51456 -> range: 51456 (with blocking: 51456)
device: 0x1fcba20 duration: 0.204929
delta: 47008.1
.device: 0x1fcba20 kernel from: 0 to: 372224 -> range: 372224
device: 0x1fcba20 duration: 0.171495
device: gfx906+sram-ecc (0x1fcba20)  kernel from: 0 to: 51456 -> range: 51456 (with blocking: 51456)
device: 0x1fcba20 duration: 0.204896
delta: 10811.2
.device: 0x1fcba20 kernel from: 0 to: 372224 -> range: 372224
device: 0x1fcba20 duration: 0.171533
device: gfx906+sram-ecc (0x1fcba20)  kernel from: 0 to: 51456 -> range: 51456 (with blocking: 51456)
device: 0x1fcba20 duration: 0.205
delta: 9064.07
.device: 0x1fcba20 kernel from: 0 to: 372224 -> range: 372224
device: 0x1fcba20 duration: 0.171416
device: gfx906+sram-ecc (0x1fcba20)  kernel from: 0 to: 51456 -> range: 51456 (with blocking: 51456)
device: 0x1fcba20 duration: 0.204982
delta: 39180
.device: 0x1fcba20 kernel from: 0 to: 372224 -> range: 372224
device: 0x1fcba20 duration: 0.171403
device: gfx906+sram-ecc (0x1fcba20)  kernel from: 0 to: 51456 -> range: 51456 (with blocking: 51456)
device: 0x1fcba20 duration: 0.204876
delta: 4320.41
.device: 0x1fcba20 kernel from: 0 to: 372224 -> range: 372224
device: 0x1fcba20 duration: 0.17149
device: gfx906+sram-ecc (0x1fcba20)  kernel from: 0 to: 51456 -> range: 51456 (with blocking: 51456)
device: 0x1fcba20 duration: 0.204947
delta: 31474.5
.device: 0x1fcba20 kernel from: 0 to: 372224 -> range: 372224
device: 0x1fcba20 duration: 0.171384
device: gfx906+sram-ecc (0x1fcba20)  kernel from: 0 to: 51456 -> range: 51456 (with blocking: 51456)
device: 0x1fcba20 duration: 0.204945
delta: 69432.7
.device: 0x1fcba20 kernel from: 0 to: 372224 -> range: 372224
device: 0x1fcba20 duration: 0.171475
device: gfx906+sram-ecc (0x1fcba20)  kernel from: 0 to: 51456 -> range: 51456 (with blocking: 51456)
device: 0x1fcba20 duration: 0.20498
delta: 16920.5
.device: 0x1fcba20 kernel from: 0 to: 372224 -> range: 372224
device: 0x1fcba20 duration: 0.171334
device: gfx906+sram-ecc (0x1fcba20)  kernel from: 0 to: 51456 -> range: 51456 (with blocking: 51456)
device: 0x1fcba20 duration: 0.204928
delta: 20530.7
.device: 0x1fcba20 kernel from: 0 to: 372224 -> range: 372224
device: 0x1fcba20 duration: 0.171497
device: gfx906+sram-ecc (0x1fcba20)  kernel from: 0 to: 51456 -> range: 51456 (with blocking: 51456)
device: 0x1fcba20 duration: 0.204906
delta: 3922.25
.device: 0x1fcba20 kernel from: 0 to: 372224 -> range: 372224
device: 0x1fcba20 duration: 0.171518
device: gfx906+sram-ecc (0x1fcba20)  kernel from: 0 to: 51456 -> range: 51456 (with blocking: 51456)
device: 0x1fcba20 duration: 0.204998
delta: 6720.78
.device: 0x1fcba20 kernel from: 0 to: 372224 -> range: 372224
device: 0x1fcba20 duration: 0.171476
device: gfx906+sram-ecc (0x1fcba20)  kernel from: 0 to: 51456 -> range: 51456 (with blocking: 51456)
device: 0x1fcba20 duration: 0.204952
delta: 5666.47
.device: 0x1fcba20 kernel from: 0 to: 372224 -> range: 372224
device: 0x1fcba20 duration: 0.171357
device: gfx906+sram-ecc (0x1fcba20)  kernel from: 0 to: 51456 -> range: 51456 (with blocking: 51456)
device: 0x1fcba20 duration: 0.204975
delta: 10422.4
.device: 0x1fcba20 kernel from: 0 to: 372224 -> range: 372224
device: 0x1fcba20 duration: 0.171478
device: gfx906+sram-ecc (0x1fcba20)  kernel from: 0 to: 51456 -> range: 51456 (with blocking: 51456)
device: 0x1fcba20 duration: 0.204867
delta: 6812.71
.device: 0x1fcba20 kernel from: 0 to: 372224 -> range: 372224
device: 0x1fcba20 duration: 0.1715
device: gfx906+sram-ecc (0x1fcba20)  kernel from: 0 to: 51456 -> range: 51456 (with blocking: 51456)
device: 0x1fcba20 duration: 0.204969
delta: 16643
.device: 0x1fcba20 kernel from: 0 to: 372224 -> range: 372224
device: 0x1fcba20 duration: 0.171468
device: gfx906+sram-ecc (0x1fcba20)  kernel from: 0 to: 51456 -> range: 51456 (with blocking: 51456)
device: 0x1fcba20 duration: 0.204833
delta: 20702.5
.device: 0x1fcba20 kernel from: 0 to: 372224 -> range: 372224
device: 0x1fcba20 duration: 0.171494
device: gfx906+sram-ecc (0x1fcba20)  kernel from: 0 to: 51456 -> range: 51456 (with blocking: 51456)
device: 0x1fcba20 duration: 0.204865
delta: 3510.95
.device: 0x1fcba20 kernel from: 0 to: 372224 -> range: 372224
device: 0x1fcba20 duration: 0.171489
device: gfx906+sram-ecc (0x1fcba20)  kernel from: 0 to: 51456 -> range: 51456 (with blocking: 51456)
device: 0x1fcba20 duration: 0.204882
delta: 19340.4
.device: 0x1fcba20 kernel from: 0 to: 372224 -> range: 372224
device: 0x1fcba20 duration: 0.171511
device: gfx906+sram-ecc (0x1fcba20)  kernel from: 0 to: 51456 -> range: 51456 (with blocking: 51456)
device: 0x1fcba20 duration: 0.20498
delta: 38420.4
.device: 0x1fcba20 kernel from: 0 to: 372224 -> range: 372224
device: 0x1fcba20 duration: 0.171472
device: gfx906+sram-ecc (0x1fcba20)  kernel from: 0 to: 51456 -> range: 51456 (with blocking: 51456)
device: 0x1fcba20 duration: 0.204946
delta: 4782
.device: 0x1fcba20 kernel from: 0 to: 372224 -> range: 372224
device: 0x1fcba20 duration: 0.171398
device: gfx906+sram-ecc (0x1fcba20)  kernel from: 0 to: 51456 -> range: 51456 (with blocking: 51456)
device: 0x1fcba20 duration: 0.204995
delta: 10794.2
.device: 0x1fcba20 kernel from: 0 to: 372224 -> range: 372224
device: 0x1fcba20 duration: 0.171503
device: gfx906+sram-ecc (0x1fcba20)  kernel from: 0 to: 51456 -> range: 51456 (with blocking: 51456)
device: 0x1fcba20 duration: 0.205044
delta: 5315.33
.device: 0x1fcba20 kernel from: 0 to: 372224 -> range: 372224
device: 0x1fcba20 duration: 0.171356
device: gfx906+sram-ecc (0x1fcba20)  kernel from: 0 to: 51456 -> range: 51456 (with blocking: 51456)
device: 0x1fcba20 duration: 0.204979
delta: 4741.83
.device: 0x1fcba20 kernel from: 0 to: 372224 -> range: 372224
device: 0x1fcba20 duration: 0.171476
device: gfx906+sram-ecc (0x1fcba20)  kernel from: 0 to: 51456 -> range: 51456 (with blocking: 51456)
device: 0x1fcba20 duration: 0.20495
delta: 8821.96
.device: 0x1fcba20 kernel from: 0 to: 372224 -> range: 372224
device: 0x1fcba20 duration: 0.171532
device: gfx906+sram-ecc (0x1fcba20)  kernel from: 0 to: 51456 -> range: 51456 (with blocking: 51456)
device: 0x1fcba20 duration: 0.204944
delta: 4258.94
.device: 0x1fcba20 kernel from: 0 to: 372224 -> range: 372224
device: 0x1fcba20 duration: 0.171537
device: gfx906+sram-ecc (0x1fcba20)  kernel from: 0 to: 51456 -> range: 51456 (with blocking: 51456)
device: 0x1fcba20 duration: 0.205014
delta: 10996.8
.device: 0x1fcba20 kernel from: 0 to: 372224 -> range: 372224
device: 0x1fcba20 duration: 0.171329
device: gfx906+sram-ecc (0x1fcba20)  kernel from: 0 to: 51456 -> range: 51456 (with blocking: 51456)
device: 0x1fcba20 duration: 0.204901
delta: 19747.5
.device: 0x1fcba20 kernel from: 0 to: 372224 -> range: 372224
device: 0x1fcba20 duration: 0.17149
device: gfx906+sram-ecc (0x1fcba20)  kernel from: 0 to: 51456 -> range: 51456 (with blocking: 51456)
device: 0x1fcba20 duration: 0.205023
delta: 9507.83
.device: 0x1fcba20 kernel from: 0 to: 372224 -> range: 372224
device: 0x1fcba20 duration: 0.171545
device: gfx906+sram-ecc (0x1fcba20)  kernel from: 0 to: 51456 -> range: 51456 (with blocking: 51456)
device: 0x1fcba20 duration: 0.204936
delta: 3349.96
.device: 0x1fcba20 kernel from: 0 to: 372224 -> range: 372224
device: 0x1fcba20 duration: 0.171478
device: gfx906+sram-ecc (0x1fcba20)  kernel from: 0 to: 51456 -> range: 51456 (with blocking: 51456)
device: 0x1fcba20 duration: 0.204918
delta: 10819.2
.device: 0x1fcba20 kernel from: 0 to: 372224 -> range: 372224
device: 0x1fcba20 duration: 0.171439
device: gfx906+sram-ecc (0x1fcba20)  kernel from: 0 to: 51456 -> range: 51456 (with blocking: 51456)
device: 0x1fcba20 duration: 0.205004
delta: 37583.7
.device: 0x1fcba20 kernel from: 0 to: 372224 -> range: 372224
device: 0x1fcba20 duration: 0.171446
device: gfx906+sram-ecc (0x1fcba20)  kernel from: 0 to: 51456 -> range: 51456 (with blocking: 51456)
device: 0x1fcba20 duration: 0.205009
delta: 8021.59
.device: 0x1fcba20 kernel from: 0 to: 372224 -> range: 372224
device: 0x1fcba20 duration: 0.171506
device: gfx906+sram-ecc (0x1fcba20)  kernel from: 0 to: 51456 -> range: 51456 (with blocking: 51456)
device: 0x1fcba20 duration: 0.205
delta: 14612.9
.device: 0x1fcba20 kernel from: 0 to: 372224 -> range: 372224
device: 0x1fcba20 duration: 0.171354
device: gfx906+sram-ecc (0x1fcba20)  kernel from: 0 to: 51456 -> range: 51456 (with blocking: 51456)
device: 0x1fcba20 duration: 0.204967
delta: 114299
.device: 0x1fcba20 kernel from: 0 to: 372224 -> range: 372224
device: 0x1fcba20 duration: 0.171421
device: gfx906+sram-ecc (0x1fcba20)  kernel from: 0 to: 51456 -> range: 51456 (with blocking: 51456)
device: 0x1fcba20 duration: 0.204852
delta: 9997.63
.device: 0x1fcba20 kernel from: 0 to: 372224 -> range: 372224
device: 0x1fcba20 duration: 0.171479
device: gfx906+sram-ecc (0x1fcba20)  kernel from: 0 to: 51456 -> range: 51456 (with blocking: 51456)
device: 0x1fcba20 duration: 0.2049
delta: 5467.54
.device: 0x1fcba20 kernel from: 0 to: 372224 -> range: 372224
device: 0x1fcba20 duration: 0.171537
device: gfx906+sram-ecc (0x1fcba20)  kernel from: 0 to: 51456 -> range: 51456 (with blocking: 51456)
device: 0x1fcba20 duration: 0.204901
delta: 6711.25
.device: 0x1fcba20 kernel from: 0 to: 372224 -> range: 372224
device: 0x1fcba20 duration: 0.171553
device: gfx906+sram-ecc (0x1fcba20)  kernel from: 0 to: 51456 -> range: 51456 (with blocking: 51456)
device: 0x1fcba20 duration: 0.2049
delta: 11963
.device: 0x1fcba20 kernel from: 0 to: 372224 -> range: 372224
device: 0x1fcba20 duration: 0.171528
device: gfx906+sram-ecc (0x1fcba20)  kernel from: 0 to: 51456 -> range: 51456 (with blocking: 51456)
device: 0x1fcba20 duration: 0.2049
delta: 3342.24
.device: 0x1fcba20 kernel from: 0 to: 372224 -> range: 372224
device: 0x1fcba20 duration: 0.171509
device: gfx906+sram-ecc (0x1fcba20)  kernel from: 0 to: 51456 -> range: 51456 (with blocking: 51456)
device: 0x1fcba20 duration: 0.204947
delta: 6887.09
.device: 0x1fcba20 kernel from: 0 to: 372224 -> range: 372224
device: 0x1fcba20 duration: 0.171428
device: gfx906+sram-ecc (0x1fcba20)  kernel from: 0 to: 51456 -> range: 51456 (with blocking: 51456)
device: 0x1fcba20 duration: 0.204989
delta: 17493.6
.device: 0x1fcba20 kernel from: 0 to: 372224 -> range: 372224
device: 0x1fcba20 duration: 0.171455
device: gfx906+sram-ecc (0x1fcba20)  kernel from: 0 to: 51456 -> range: 51456 (with blocking: 51456)
device: 0x1fcba20 duration: 0.204893
delta: 3879.39
.device: 0x1fcba20 kernel from: 0 to: 372224 -> range: 372224
device: 0x1fcba20 duration: 0.171524
device: gfx906+sram-ecc (0x1fcba20)  kernel from: 0 to: 51456 -> range: 51456 (with blocking: 51456)
device: 0x1fcba20 duration: 0.204909
delta: 76919.6
.device: 0x1fcba20 kernel from: 0 to: 372224 -> range: 372224
device: 0x1fcba20 duration: 0.171401
device: gfx906+sram-ecc (0x1fcba20)  kernel from: 0 to: 51456 -> range: 51456 (with blocking: 51456)
device: 0x1fcba20 duration: 0.204913
delta: 2993.4

Number of iterations: 300 (max. 300)
Final norm of residuum: 2993.4
counted_mult_calls: 306

Needed Iterations: 300
Final residuum: 2993.4
note: performance calculation: coefficients are reused
note: performance calculation: iterations for calculation : 307.5
note: performance calculation: additional iteration for residual recalculation : 6

Current Duration:: 119.957
Current GFlop/s: 2355.8

Finished Training!

Training took: 119.957 seconds

total_duration: 125.508
