training dataset: ../datasets/DR5/DR5_nowarnings_less05_train.arff
ocl dummy initalization duration: 0.141238
instances: 371908
support_refinement_min_support: 500
ocl_init_duration: 0.0065576
num_candidates: 1
num_candidates: 1 block_size: 128 num_candidates_per_device: 1
device: 0 range_padded: 128 range_start: 0 range_end: 1
support refinement took: 0.206058
candidates with support: 1
num_candidates: 10
num_candidates: 10 block_size: 128 num_candidates_per_device: 10
device: 0 range_padded: 128 range_start: 0 range_end: 10
support refinement took: 0.210312
candidates with support: 10
num_candidates: 60
num_candidates: 60 block_size: 128 num_candidates_per_device: 60
device: 0 range_padded: 128 range_start: 0 range_end: 60
support refinement took: 0.209818
candidates with support: 52
num_candidates: 236
num_candidates: 236 block_size: 128 num_candidates_per_device: 236
device: 0 range_padded: 256 range_start: 0 range_end: 236
support refinement took: 0.209519
candidates with support: 181
num_candidates: 706
num_candidates: 706 block_size: 128 num_candidates_per_device: 706
device: 0 range_padded: 768 range_start: 0 range_end: 706
support refinement took: 0.210318
candidates with support: 503
num_candidates: 1786
num_candidates: 1786 block_size: 128 num_candidates_per_device: 1786
device: 0 range_padded: 1792 range_start: 0 range_end: 1786
support refinement took: 0.210445
candidates with support: 1241
num_candidates: 4140
num_candidates: 4140 block_size: 128 num_candidates_per_device: 4140
device: 0 range_padded: 4224 range_start: 0 range_end: 4140
support refinement took: 0.211454
candidates with support: 2886
num_candidates: 9216
num_candidates: 9216 block_size: 128 num_candidates_per_device: 9216
device: 0 range_padded: 9216 range_start: 0 range_end: 9216
support refinement took: 0.211118
candidates with support: 6397
num_candidates: 19682
num_candidates: 19682 block_size: 128 num_candidates_per_device: 19682
device: 0 range_padded: 19712 range_start: 0 range_end: 19682
support refinement took: 0.208996
candidates with support: 13464
num_candidates: 40066
num_candidates: 40066 block_size: 128 num_candidates_per_device: 40066
device: 0 range_padded: 40192 range_start: 0 range_end: 40066
support refinement took: 0.41473
candidates with support: 26558
datadriven refinement done, grid size: 51293
creating createOperationMultipleEval type: DEFAULT, using base operator factory
creating createOperationMultipleEval grid: ModLinear type: STREAMING==DEFAULT subType: OCLUNIFIED
Starting Learning....

Doing refinement: 0
Grid Size: 51293
device: Hawaii (0x2275940)  kernel from: 0 to: 51456 -> range: 51456 (with blocking: 51456)
device: 0x2275940 duration: 0.401891
Starting Conjugated Gradients
All temp variables used in CG have been initialized
device: 0x2275940 kernel from: 0 to: 372736 -> range: 372736
device: 0x2275940 duration: 0.392866
device: Hawaii (0x2275940)  kernel from: 0 to: 51456 -> range: 51456 (with blocking: 51456)
device: 0x2275940 duration: 0.401597
Starting norm of residuum: -nan
Target norm:               0
.device: 0x2275940 kernel from: 0 to: 372736 -> range: 372736
device: 0x2275940 duration: 0.393215
device: Hawaii (0x2275940)  kernel from: 0 to: 51456 -> range: 51456 (with blocking: 51456)
device: 0x2275940 duration: 0.401752
delta: 2.48387e+09
.device: 0x2275940 kernel from: 0 to: 372736 -> range: 372736
device: 0x2275940 duration: 0.392941
device: Hawaii (0x2275940)  kernel from: 0 to: 51456 -> range: 51456 (with blocking: 51456)
device: 0x2275940 duration: 0.401887
delta: 2.08737e+08
.device: 0x2275940 kernel from: 0 to: 372736 -> range: 372736
device: 0x2275940 duration: 0.392958
device: Hawaii (0x2275940)  kernel from: 0 to: 51456 -> range: 51456 (with blocking: 51456)
device: 0x2275940 duration: 0.401858
delta: 2.5682e+08
.device: 0x2275940 kernel from: 0 to: 372736 -> range: 372736
device: 0x2275940 duration: 0.392469
device: Hawaii (0x2275940)  kernel from: 0 to: 51456 -> range: 51456 (with blocking: 51456)
device: 0x2275940 duration: 0.40152
delta: 1.26015e+08
.device: 0x2275940 kernel from: 0 to: 372736 -> range: 372736
device: 0x2275940 duration: 0.392988
device: Hawaii (0x2275940)  kernel from: 0 to: 51456 -> range: 51456 (with blocking: 51456)
device: 0x2275940 duration: 0.402048
delta: 5.29509e+07
.device: 0x2275940 kernel from: 0 to: 372736 -> range: 372736
device: 0x2275940 duration: 0.393055
device: Hawaii (0x2275940)  kernel from: 0 to: 51456 -> range: 51456 (with blocking: 51456)
device: 0x2275940 duration: 0.401529
delta: 4.9246e+07
.device: 0x2275940 kernel from: 0 to: 372736 -> range: 372736
device: 0x2275940 duration: 0.392947
device: Hawaii (0x2275940)  kernel from: 0 to: 51456 -> range: 51456 (with blocking: 51456)
device: 0x2275940 duration: 0.401963
delta: 2.58437e+07
.device: 0x2275940 kernel from: 0 to: 372736 -> range: 372736
device: 0x2275940 duration: 0.392593
device: Hawaii (0x2275940)  kernel from: 0 to: 51456 -> range: 51456 (with blocking: 51456)
device: 0x2275940 duration: 0.401741
delta: 1.90104e+07
.device: 0x2275940 kernel from: 0 to: 372736 -> range: 372736
device: 0x2275940 duration: 0.393027
device: Hawaii (0x2275940)  kernel from: 0 to: 51456 -> range: 51456 (with blocking: 51456)
device: 0x2275940 duration: 0.402021
delta: 9.75989e+06
.device: 0x2275940 kernel from: 0 to: 372736 -> range: 372736
device: 0x2275940 duration: 0.392675
device: Hawaii (0x2275940)  kernel from: 0 to: 51456 -> range: 51456 (with blocking: 51456)
device: 0x2275940 duration: 0.401724
delta: 5.87028e+06
.device: 0x2275940 kernel from: 0 to: 372736 -> range: 372736
device: 0x2275940 duration: 0.393028
device: Hawaii (0x2275940)  kernel from: 0 to: 51456 -> range: 51456 (with blocking: 51456)
device: 0x2275940 duration: 0.401869
delta: 3.21181e+07
.device: 0x2275940 kernel from: 0 to: 372736 -> range: 372736
device: 0x2275940 duration: 0.393153
device: Hawaii (0x2275940)  kernel from: 0 to: 51456 -> range: 51456 (with blocking: 51456)
device: 0x2275940 duration: 0.401963
delta: 7.55004e+06
.device: 0x2275940 kernel from: 0 to: 372736 -> range: 372736
device: 0x2275940 duration: 0.393191
device: Hawaii (0x2275940)  kernel from: 0 to: 51456 -> range: 51456 (with blocking: 51456)
device: 0x2275940 duration: 0.401961
delta: 4.03079e+06
.device: 0x2275940 kernel from: 0 to: 372736 -> range: 372736
device: 0x2275940 duration: 0.393167
device: Hawaii (0x2275940)  kernel from: 0 to: 51456 -> range: 51456 (with blocking: 51456)
device: 0x2275940 duration: 0.40193
delta: 4.36691e+06
.device: 0x2275940 kernel from: 0 to: 372736 -> range: 372736
device: 0x2275940 duration: 0.39314
device: Hawaii (0x2275940)  kernel from: 0 to: 51456 -> range: 51456 (with blocking: 51456)
device: 0x2275940 duration: 0.401823
delta: 3.19895e+06
.device: 0x2275940 kernel from: 0 to: 372736 -> range: 372736
device: 0x2275940 duration: 0.393059
device: Hawaii (0x2275940)  kernel from: 0 to: 51456 -> range: 51456 (with blocking: 51456)
device: 0x2275940 duration: 0.402073
delta: 1.53341e+06
.device: 0x2275940 kernel from: 0 to: 372736 -> range: 372736
device: 0x2275940 duration: 0.39268
device: Hawaii (0x2275940)  kernel from: 0 to: 51456 -> range: 51456 (with blocking: 51456)
device: 0x2275940 duration: 0.401751
delta: 1.1486e+06
.device: 0x2275940 kernel from: 0 to: 372736 -> range: 372736
device: 0x2275940 duration: 0.393065
device: Hawaii (0x2275940)  kernel from: 0 to: 51456 -> range: 51456 (with blocking: 51456)
device: 0x2275940 duration: 0.401922
delta: 1.25503e+06
.device: 0x2275940 kernel from: 0 to: 372736 -> range: 372736
device: 0x2275940 duration: 0.393046
device: Hawaii (0x2275940)  kernel from: 0 to: 51456 -> range: 51456 (with blocking: 51456)
device: 0x2275940 duration: 0.401972
delta: 3.92938e+06
.device: 0x2275940 kernel from: 0 to: 372736 -> range: 372736
device: 0x2275940 duration: 0.392637
device: Hawaii (0x2275940)  kernel from: 0 to: 51456 -> range: 51456 (with blocking: 51456)
device: 0x2275940 duration: 0.40165
delta: 781812
.device: 0x2275940 kernel from: 0 to: 372736 -> range: 372736
device: 0x2275940 duration: 0.393075
device: Hawaii (0x2275940)  kernel from: 0 to: 51456 -> range: 51456 (with blocking: 51456)
device: 0x2275940 duration: 0.40186
delta: 9.99941e+06
.device: 0x2275940 kernel from: 0 to: 372736 -> range: 372736
device: 0x2275940 duration: 0.393136
device: Hawaii (0x2275940)  kernel from: 0 to: 51456 -> range: 51456 (with blocking: 51456)
device: 0x2275940 duration: 0.401939
delta: 2.72784e+06
.device: 0x2275940 kernel from: 0 to: 372736 -> range: 372736
device: 0x2275940 duration: 0.393145
device: Hawaii (0x2275940)  kernel from: 0 to: 51456 -> range: 51456 (with blocking: 51456)
device: 0x2275940 duration: 0.40199
delta: 756140
.device: 0x2275940 kernel from: 0 to: 372736 -> range: 372736
device: 0x2275940 duration: 0.392638
device: Hawaii (0x2275940)  kernel from: 0 to: 51456 -> range: 51456 (with blocking: 51456)
device: 0x2275940 duration: 0.401669
delta: 742765
.device: 0x2275940 kernel from: 0 to: 372736 -> range: 372736
device: 0x2275940 duration: 0.39309
device: Hawaii (0x2275940)  kernel from: 0 to: 51456 -> range: 51456 (with blocking: 51456)
device: 0x2275940 duration: 0.401847
delta: 482877
.device: 0x2275940 kernel from: 0 to: 372736 -> range: 372736
device: 0x2275940 duration: 0.392247
device: Hawaii (0x2275940)  kernel from: 0 to: 51456 -> range: 51456 (with blocking: 51456)
device: 0x2275940 duration: 0.401673
delta: 454425
.device: 0x2275940 kernel from: 0 to: 372736 -> range: 372736
device: 0x2275940 duration: 0.393011
device: Hawaii (0x2275940)  kernel from: 0 to: 51456 -> range: 51456 (with blocking: 51456)
device: 0x2275940 duration: 0.402038
delta: 327092
.device: 0x2275940 kernel from: 0 to: 372736 -> range: 372736
device: 0x2275940 duration: 0.392709
device: Hawaii (0x2275940)  kernel from: 0 to: 51456 -> range: 51456 (with blocking: 51456)
device: 0x2275940 duration: 0.402033
delta: 1.49312e+06
.device: 0x2275940 kernel from: 0 to: 372736 -> range: 372736
device: 0x2275940 duration: 0.392696
device: Hawaii (0x2275940)  kernel from: 0 to: 51456 -> range: 51456 (with blocking: 51456)
device: 0x2275940 duration: 0.401854
delta: 304283
.device: 0x2275940 kernel from: 0 to: 372736 -> range: 372736
device: 0x2275940 duration: 0.393167
device: Hawaii (0x2275940)  kernel from: 0 to: 51456 -> range: 51456 (with blocking: 51456)
device: 0x2275940 duration: 0.401663
delta: 589603
.device: 0x2275940 kernel from: 0 to: 372736 -> range: 372736
device: 0x2275940 duration: 0.393123
device: Hawaii (0x2275940)  kernel from: 0 to: 51456 -> range: 51456 (with blocking: 51456)
device: 0x2275940 duration: 0.401672
delta: 505535
.device: 0x2275940 kernel from: 0 to: 372736 -> range: 372736
device: 0x2275940 duration: 0.393059
device: Hawaii (0x2275940)  kernel from: 0 to: 51456 -> range: 51456 (with blocking: 51456)
device: 0x2275940 duration: 0.401771
delta: 206650
.device: 0x2275940 kernel from: 0 to: 372736 -> range: 372736
device: 0x2275940 duration: 0.39317
device: Hawaii (0x2275940)  kernel from: 0 to: 51456 -> range: 51456 (with blocking: 51456)
device: 0x2275940 duration: 0.402108
delta: 316160
.device: 0x2275940 kernel from: 0 to: 372736 -> range: 372736
device: 0x2275940 duration: 0.393268
device: Hawaii (0x2275940)  kernel from: 0 to: 51456 -> range: 51456 (with blocking: 51456)
device: 0x2275940 duration: 0.401763
delta: 567367
.device: 0x2275940 kernel from: 0 to: 372736 -> range: 372736
device: 0x2275940 duration: 0.393137
device: Hawaii (0x2275940)  kernel from: 0 to: 51456 -> range: 51456 (with blocking: 51456)
device: 0x2275940 duration: 0.401656
delta: 995519
.device: 0x2275940 kernel from: 0 to: 372736 -> range: 372736
device: 0x2275940 duration: 0.393112
device: Hawaii (0x2275940)  kernel from: 0 to: 51456 -> range: 51456 (with blocking: 51456)
device: 0x2275940 duration: 0.401623
delta: 201631
.device: 0x2275940 kernel from: 0 to: 372736 -> range: 372736
device: 0x2275940 duration: 0.393053
device: Hawaii (0x2275940)  kernel from: 0 to: 51456 -> range: 51456 (with blocking: 51456)
device: 0x2275940 duration: 0.401577
delta: 231876
.device: 0x2275940 kernel from: 0 to: 372736 -> range: 372736
device: 0x2275940 duration: 0.392602
device: Hawaii (0x2275940)  kernel from: 0 to: 51456 -> range: 51456 (with blocking: 51456)
device: 0x2275940 duration: 0.401843
delta: 522527
.device: 0x2275940 kernel from: 0 to: 372736 -> range: 372736
device: 0x2275940 duration: 0.393176
device: Hawaii (0x2275940)  kernel from: 0 to: 51456 -> range: 51456 (with blocking: 51456)
device: 0x2275940 duration: 0.401752
delta: 488848
.device: 0x2275940 kernel from: 0 to: 372736 -> range: 372736
device: 0x2275940 duration: 0.393155
device: Hawaii (0x2275940)  kernel from: 0 to: 51456 -> range: 51456 (with blocking: 51456)
device: 0x2275940 duration: 0.401535
delta: 271052
.device: 0x2275940 kernel from: 0 to: 372736 -> range: 372736
device: 0x2275940 duration: 0.393056
device: Hawaii (0x2275940)  kernel from: 0 to: 51456 -> range: 51456 (with blocking: 51456)
device: 0x2275940 duration: 0.401694
delta: 4.03212e+06
.device: 0x2275940 kernel from: 0 to: 372736 -> range: 372736
device: 0x2275940 duration: 0.393094
device: Hawaii (0x2275940)  kernel from: 0 to: 51456 -> range: 51456 (with blocking: 51456)
device: 0x2275940 duration: 0.40165
delta: 195484
.device: 0x2275940 kernel from: 0 to: 372736 -> range: 372736
device: 0x2275940 duration: 0.393078
device: Hawaii (0x2275940)  kernel from: 0 to: 51456 -> range: 51456 (with blocking: 51456)
device: 0x2275940 duration: 0.401576
delta: 105050
.device: 0x2275940 kernel from: 0 to: 372736 -> range: 372736
device: 0x2275940 duration: 0.393315
device: Hawaii (0x2275940)  kernel from: 0 to: 51456 -> range: 51456 (with blocking: 51456)
device: 0x2275940 duration: 0.401615
delta: 179155
.device: 0x2275940 kernel from: 0 to: 372736 -> range: 372736
device: 0x2275940 duration: 0.39304
device: Hawaii (0x2275940)  kernel from: 0 to: 51456 -> range: 51456 (with blocking: 51456)
device: 0x2275940 duration: 0.401806
delta: 293993
.device: 0x2275940 kernel from: 0 to: 372736 -> range: 372736
device: 0x2275940 duration: 0.392597
device: Hawaii (0x2275940)  kernel from: 0 to: 51456 -> range: 51456 (with blocking: 51456)
device: 0x2275940 duration: 0.401992
delta: 182207
.device: 0x2275940 kernel from: 0 to: 372736 -> range: 372736
device: 0x2275940 duration: 0.392661
device: Hawaii (0x2275940)  kernel from: 0 to: 51456 -> range: 51456 (with blocking: 51456)
device: 0x2275940 duration: 0.402124
delta: 247191
.device: 0x2275940 kernel from: 0 to: 372736 -> range: 372736
device: 0x2275940 duration: 0.393279
device: Hawaii (0x2275940)  kernel from: 0 to: 51456 -> range: 51456 (with blocking: 51456)
device: 0x2275940 duration: 0.40165
delta: 151309
.device: 0x2275940 kernel from: 0 to: 372736 -> range: 372736
device: 0x2275940 duration: 0.392568
device: Hawaii (0x2275940)  kernel from: 0 to: 51456 -> range: 51456 (with blocking: 51456)
device: 0x2275940 duration: 0.401851
delta: 621066
.device: 0x2275940 kernel from: 0 to: 372736 -> range: 372736
device: 0x2275940 duration: 0.392686
device: Hawaii (0x2275940)  kernel from: 0 to: 51456 -> range: 51456 (with blocking: 51456)
device: 0x2275940 duration: 0.402037
delta: 1.38885e+06
.device: 0x2275940 kernel from: 0 to: 372736 -> range: 372736
device: 0x2275940 duration: 0.392667
device: Hawaii (0x2275940)  kernel from: 0 to: 51456 -> range: 51456 (with blocking: 51456)
device: 0x2275940 duration: 0.402027
device: 0x2275940 kernel from: 0 to: 372736 -> range: 372736
device: 0x2275940 duration: 0.392456
device: Hawaii (0x2275940)  kernel from: 0 to: 51456 -> range: 51456 (with blocking: 51456)
device: 0x2275940 duration: 0.401893
delta: 1.39894e+06
.device: 0x2275940 kernel from: 0 to: 372736 -> range: 372736
device: 0x2275940 duration: 0.392825
device: Hawaii (0x2275940)  kernel from: 0 to: 51456 -> range: 51456 (with blocking: 51456)
device: 0x2275940 duration: 0.401591
delta: 167196
.device: 0x2275940 kernel from: 0 to: 372736 -> range: 372736
device: 0x2275940 duration: 0.39301
device: Hawaii (0x2275940)  kernel from: 0 to: 51456 -> range: 51456 (with blocking: 51456)
device: 0x2275940 duration: 0.401659
delta: 103900
.device: 0x2275940 kernel from: 0 to: 372736 -> range: 372736
device: 0x2275940 duration: 0.393094
device: Hawaii (0x2275940)  kernel from: 0 to: 51456 -> range: 51456 (with blocking: 51456)
device: 0x2275940 duration: 0.401737
delta: 125978
.device: 0x2275940 kernel from: 0 to: 372736 -> range: 372736
device: 0x2275940 duration: 0.393065
device: Hawaii (0x2275940)  kernel from: 0 to: 51456 -> range: 51456 (with blocking: 51456)
device: 0x2275940 duration: 0.40171
delta: 282006
.device: 0x2275940 kernel from: 0 to: 372736 -> range: 372736
device: 0x2275940 duration: 0.392616
device: Hawaii (0x2275940)  kernel from: 0 to: 51456 -> range: 51456 (with blocking: 51456)
device: 0x2275940 duration: 0.402044
delta: 83717
.device: 0x2275940 kernel from: 0 to: 372736 -> range: 372736
device: 0x2275940 duration: 0.393228
device: Hawaii (0x2275940)  kernel from: 0 to: 51456 -> range: 51456 (with blocking: 51456)
device: 0x2275940 duration: 0.401713
delta: 156184
.device: 0x2275940 kernel from: 0 to: 372736 -> range: 372736
device: 0x2275940 duration: 0.393111
device: Hawaii (0x2275940)  kernel from: 0 to: 51456 -> range: 51456 (with blocking: 51456)
device: 0x2275940 duration: 0.401719
delta: 104259
.device: 0x2275940 kernel from: 0 to: 372736 -> range: 372736
device: 0x2275940 duration: 0.393134
device: Hawaii (0x2275940)  kernel from: 0 to: 51456 -> range: 51456 (with blocking: 51456)
device: 0x2275940 duration: 0.401592
delta: 311023
.device: 0x2275940 kernel from: 0 to: 372736 -> range: 372736
device: 0x2275940 duration: 0.392569
device: Hawaii (0x2275940)  kernel from: 0 to: 51456 -> range: 51456 (with blocking: 51456)
device: 0x2275940 duration: 0.401855
delta: 165137
.device: 0x2275940 kernel from: 0 to: 372736 -> range: 372736
device: 0x2275940 duration: 0.393224
device: Hawaii (0x2275940)  kernel from: 0 to: 51456 -> range: 51456 (with blocking: 51456)
device: 0x2275940 duration: 0.401711
delta: 166299
.device: 0x2275940 kernel from: 0 to: 372736 -> range: 372736
device: 0x2275940 duration: 0.392621
device: Hawaii (0x2275940)  kernel from: 0 to: 51456 -> range: 51456 (with blocking: 51456)
device: 0x2275940 duration: 0.402041
delta: 72064.9
.device: 0x2275940 kernel from: 0 to: 372736 -> range: 372736
device: 0x2275940 duration: 0.393225
device: Hawaii (0x2275940)  kernel from: 0 to: 51456 -> range: 51456 (with blocking: 51456)
device: 0x2275940 duration: 0.401531
delta: 81153.8
.device: 0x2275940 kernel from: 0 to: 372736 -> range: 372736
device: 0x2275940 duration: 0.392467
device: Hawaii (0x2275940)  kernel from: 0 to: 51456 -> range: 51456 (with blocking: 51456)
device: 0x2275940 duration: 0.401846
delta: 258778
.device: 0x2275940 kernel from: 0 to: 372736 -> range: 372736
device: 0x2275940 duration: 0.392664
device: Hawaii (0x2275940)  kernel from: 0 to: 51456 -> range: 51456 (with blocking: 51456)
device: 0x2275940 duration: 0.401756
delta: 131506
.device: 0x2275940 kernel from: 0 to: 372736 -> range: 372736
device: 0x2275940 duration: 0.392413
device: Hawaii (0x2275940)  kernel from: 0 to: 51456 -> range: 51456 (with blocking: 51456)
device: 0x2275940 duration: 0.401464
delta: 60271.7
.device: 0x2275940 kernel from: 0 to: 372736 -> range: 372736
device: 0x2275940 duration: 0.392537
device: Hawaii (0x2275940)  kernel from: 0 to: 51456 -> range: 51456 (with blocking: 51456)
device: 0x2275940 duration: 0.401995
delta: 244599
.device: 0x2275940 kernel from: 0 to: 372736 -> range: 372736
device: 0x2275940 duration: 0.39282
device: Hawaii (0x2275940)  kernel from: 0 to: 51456 -> range: 51456 (with blocking: 51456)
device: 0x2275940 duration: 0.401831
delta: 84431
.device: 0x2275940 kernel from: 0 to: 372736 -> range: 372736
device: 0x2275940 duration: 0.392632
device: Hawaii (0x2275940)  kernel from: 0 to: 51456 -> range: 51456 (with blocking: 51456)
device: 0x2275940 duration: 0.402016
delta: 768720
.device: 0x2275940 kernel from: 0 to: 372736 -> range: 372736
device: 0x2275940 duration: 0.393151
device: Hawaii (0x2275940)  kernel from: 0 to: 51456 -> range: 51456 (with blocking: 51456)
device: 0x2275940 duration: 0.401742
delta: 110789
.device: 0x2275940 kernel from: 0 to: 372736 -> range: 372736
device: 0x2275940 duration: 0.392584
device: Hawaii (0x2275940)  kernel from: 0 to: 51456 -> range: 51456 (with blocking: 51456)
device: 0x2275940 duration: 0.402005
delta: 527996
.device: 0x2275940 kernel from: 0 to: 372736 -> range: 372736
device: 0x2275940 duration: 0.392712
device: Hawaii (0x2275940)  kernel from: 0 to: 51456 -> range: 51456 (with blocking: 51456)
device: 0x2275940 duration: 0.402121
delta: 157593
.device: 0x2275940 kernel from: 0 to: 372736 -> range: 372736
device: 0x2275940 duration: 0.392635
device: Hawaii (0x2275940)  kernel from: 0 to: 51456 -> range: 51456 (with blocking: 51456)
device: 0x2275940 duration: 0.402108
delta: 97590.5
.device: 0x2275940 kernel from: 0 to: 372736 -> range: 372736
device: 0x2275940 duration: 0.393278
device: Hawaii (0x2275940)  kernel from: 0 to: 51456 -> range: 51456 (with blocking: 51456)
device: 0x2275940 duration: 0.401703
delta: 63833.3
.device: 0x2275940 kernel from: 0 to: 372736 -> range: 372736
device: 0x2275940 duration: 0.392585
device: Hawaii (0x2275940)  kernel from: 0 to: 51456 -> range: 51456 (with blocking: 51456)
device: 0x2275940 duration: 0.402101
delta: 76260.9
.device: 0x2275940 kernel from: 0 to: 372736 -> range: 372736
device: 0x2275940 duration: 0.392715
device: Hawaii (0x2275940)  kernel from: 0 to: 51456 -> range: 51456 (with blocking: 51456)
device: 0x2275940 duration: 0.401939
delta: 69678.8
.device: 0x2275940 kernel from: 0 to: 372736 -> range: 372736
device: 0x2275940 duration: 0.392477
device: Hawaii (0x2275940)  kernel from: 0 to: 51456 -> range: 51456 (with blocking: 51456)
device: 0x2275940 duration: 0.401507
delta: 84906.9
.device: 0x2275940 kernel from: 0 to: 372736 -> range: 372736
device: 0x2275940 duration: 0.392993
device: Hawaii (0x2275940)  kernel from: 0 to: 51456 -> range: 51456 (with blocking: 51456)
device: 0x2275940 duration: 0.401604
delta: 162201
.device: 0x2275940 kernel from: 0 to: 372736 -> range: 372736
device: 0x2275940 duration: 0.393091
device: Hawaii (0x2275940)  kernel from: 0 to: 51456 -> range: 51456 (with blocking: 51456)
device: 0x2275940 duration: 0.401692
delta: 111175
.device: 0x2275940 kernel from: 0 to: 372736 -> range: 372736
device: 0x2275940 duration: 0.392639
device: Hawaii (0x2275940)  kernel from: 0 to: 51456 -> range: 51456 (with blocking: 51456)
device: 0x2275940 duration: 0.402059
delta: 619864
.device: 0x2275940 kernel from: 0 to: 372736 -> range: 372736
device: 0x2275940 duration: 0.392716
device: Hawaii (0x2275940)  kernel from: 0 to: 51456 -> range: 51456 (with blocking: 51456)
device: 0x2275940 duration: 0.402049
delta: 68487.7
.device: 0x2275940 kernel from: 0 to: 372736 -> range: 372736
device: 0x2275940 duration: 0.393183
device: Hawaii (0x2275940)  kernel from: 0 to: 51456 -> range: 51456 (with blocking: 51456)
device: 0x2275940 duration: 0.401584
delta: 107174
.device: 0x2275940 kernel from: 0 to: 372736 -> range: 372736
device: 0x2275940 duration: 0.393037
device: Hawaii (0x2275940)  kernel from: 0 to: 51456 -> range: 51456 (with blocking: 51456)
device: 0x2275940 duration: 0.401574
delta: 66709.4
.device: 0x2275940 kernel from: 0 to: 372736 -> range: 372736
device: 0x2275940 duration: 0.393073
device: Hawaii (0x2275940)  kernel from: 0 to: 51456 -> range: 51456 (with blocking: 51456)
device: 0x2275940 duration: 0.401711
delta: 68614
.device: 0x2275940 kernel from: 0 to: 372736 -> range: 372736
device: 0x2275940 duration: 0.392636
device: Hawaii (0x2275940)  kernel from: 0 to: 51456 -> range: 51456 (with blocking: 51456)
device: 0x2275940 duration: 0.402053
delta: 66394.6
.device: 0x2275940 kernel from: 0 to: 372736 -> range: 372736
device: 0x2275940 duration: 0.39265
device: Hawaii (0x2275940)  kernel from: 0 to: 51456 -> range: 51456 (with blocking: 51456)
device: 0x2275940 duration: 0.401975
delta: 49087.9
.device: 0x2275940 kernel from: 0 to: 372736 -> range: 372736
device: 0x2275940 duration: 0.393231
device: Hawaii (0x2275940)  kernel from: 0 to: 51456 -> range: 51456 (with blocking: 51456)
device: 0x2275940 duration: 0.401695
delta: 122520
.device: 0x2275940 kernel from: 0 to: 372736 -> range: 372736
device: 0x2275940 duration: 0.393064
device: Hawaii (0x2275940)  kernel from: 0 to: 51456 -> range: 51456 (with blocking: 51456)
device: 0x2275940 duration: 0.401697
delta: 139516
.device: 0x2275940 kernel from: 0 to: 372736 -> range: 372736
device: 0x2275940 duration: 0.39308
device: Hawaii (0x2275940)  kernel from: 0 to: 51456 -> range: 51456 (with blocking: 51456)
device: 0x2275940 duration: 0.40152
delta: 56603.8
.device: 0x2275940 kernel from: 0 to: 372736 -> range: 372736
device: 0x2275940 duration: 0.392196
device: Hawaii (0x2275940)  kernel from: 0 to: 51456 -> range: 51456 (with blocking: 51456)
device: 0x2275940 duration: 0.401665
delta: 31499
.device: 0x2275940 kernel from: 0 to: 372736 -> range: 372736
device: 0x2275940 duration: 0.392577
device: Hawaii (0x2275940)  kernel from: 0 to: 51456 -> range: 51456 (with blocking: 51456)
device: 0x2275940 duration: 0.40201
delta: 57651
.device: 0x2275940 kernel from: 0 to: 372736 -> range: 372736
device: 0x2275940 duration: 0.393237
device: Hawaii (0x2275940)  kernel from: 0 to: 51456 -> range: 51456 (with blocking: 51456)
device: 0x2275940 duration: 0.401672
delta: 77469.9
.device: 0x2275940 kernel from: 0 to: 372736 -> range: 372736
device: 0x2275940 duration: 0.392611
device: Hawaii (0x2275940)  kernel from: 0 to: 51456 -> range: 51456 (with blocking: 51456)
device: 0x2275940 duration: 0.402063
delta: 32325.1
.device: 0x2275940 kernel from: 0 to: 372736 -> range: 372736
device: 0x2275940 duration: 0.392647
device: Hawaii (0x2275940)  kernel from: 0 to: 51456 -> range: 51456 (with blocking: 51456)
device: 0x2275940 duration: 0.402078
delta: 162834
.device: 0x2275940 kernel from: 0 to: 372736 -> range: 372736
device: 0x2275940 duration: 0.392681
device: Hawaii (0x2275940)  kernel from: 0 to: 51456 -> range: 51456 (with blocking: 51456)
device: 0x2275940 duration: 0.402111
delta: 37900
.device: 0x2275940 kernel from: 0 to: 372736 -> range: 372736
device: 0x2275940 duration: 0.393175
device: Hawaii (0x2275940)  kernel from: 0 to: 51456 -> range: 51456 (with blocking: 51456)
device: 0x2275940 duration: 0.401776
delta: 100584
.device: 0x2275940 kernel from: 0 to: 372736 -> range: 372736
device: 0x2275940 duration: 0.39319
device: Hawaii (0x2275940)  kernel from: 0 to: 51456 -> range: 51456 (with blocking: 51456)
device: 0x2275940 duration: 0.401597
delta: 102973
.device: 0x2275940 kernel from: 0 to: 372736 -> range: 372736
device: 0x2275940 duration: 0.393055
device: Hawaii (0x2275940)  kernel from: 0 to: 51456 -> range: 51456 (with blocking: 51456)
device: 0x2275940 duration: 0.401619
delta: 238560
.device: 0x2275940 kernel from: 0 to: 372736 -> range: 372736
device: 0x2275940 duration: 0.392595
device: Hawaii (0x2275940)  kernel from: 0 to: 51456 -> range: 51456 (with blocking: 51456)
device: 0x2275940 duration: 0.40211
delta: 37099.8
.device: 0x2275940 kernel from: 0 to: 372736 -> range: 372736
device: 0x2275940 duration: 0.392701
device: Hawaii (0x2275940)  kernel from: 0 to: 51456 -> range: 51456 (with blocking: 51456)
device: 0x2275940 duration: 0.401477
delta: 99875.9
.device: 0x2275940 kernel from: 0 to: 372736 -> range: 372736
device: 0x2275940 duration: 0.392968
device: Hawaii (0x2275940)  kernel from: 0 to: 51456 -> range: 51456 (with blocking: 51456)
device: 0x2275940 duration: 0.401581
device: 0x2275940 kernel from: 0 to: 372736 -> range: 372736
device: 0x2275940 duration: 0.39286
device: Hawaii (0x2275940)  kernel from: 0 to: 51456 -> range: 51456 (with blocking: 51456)
device: 0x2275940 duration: 0.401586
delta: 23941.6
.device: 0x2275940 kernel from: 0 to: 372736 -> range: 372736
device: 0x2275940 duration: 0.393016
device: Hawaii (0x2275940)  kernel from: 0 to: 51456 -> range: 51456 (with blocking: 51456)
device: 0x2275940 duration: 0.402021
delta: 41403.3
.device: 0x2275940 kernel from: 0 to: 372736 -> range: 372736
device: 0x2275940 duration: 0.392699
device: Hawaii (0x2275940)  kernel from: 0 to: 51456 -> range: 51456 (with blocking: 51456)
device: 0x2275940 duration: 0.401721
delta: 45441.1
.device: 0x2275940 kernel from: 0 to: 372736 -> range: 372736
device: 0x2275940 duration: 0.393369
device: Hawaii (0x2275940)  kernel from: 0 to: 51456 -> range: 51456 (with blocking: 51456)
device: 0x2275940 duration: 0.402021
delta: 103037
.device: 0x2275940 kernel from: 0 to: 372736 -> range: 372736
device: 0x2275940 duration: 0.392677
device: Hawaii (0x2275940)  kernel from: 0 to: 51456 -> range: 51456 (with blocking: 51456)
device: 0x2275940 duration: 0.401707
delta: 30263.4
.device: 0x2275940 kernel from: 0 to: 372736 -> range: 372736
device: 0x2275940 duration: 0.393333
device: Hawaii (0x2275940)  kernel from: 0 to: 51456 -> range: 51456 (with blocking: 51456)
device: 0x2275940 duration: 0.402077
delta: 94964
.device: 0x2275940 kernel from: 0 to: 372736 -> range: 372736
device: 0x2275940 duration: 0.393443
device: Hawaii (0x2275940)  kernel from: 0 to: 51456 -> range: 51456 (with blocking: 51456)
device: 0x2275940 duration: 0.401467
delta: 260154
.device: 0x2275940 kernel from: 0 to: 372736 -> range: 372736
device: 0x2275940 duration: 0.392677
device: Hawaii (0x2275940)  kernel from: 0 to: 51456 -> range: 51456 (with blocking: 51456)
device: 0x2275940 duration: 0.401699
delta: 283320
.device: 0x2275940 kernel from: 0 to: 372736 -> range: 372736
device: 0x2275940 duration: 0.393389
device: Hawaii (0x2275940)  kernel from: 0 to: 51456 -> range: 51456 (with blocking: 51456)
device: 0x2275940 duration: 0.401558
delta: 134839
.device: 0x2275940 kernel from: 0 to: 372736 -> range: 372736
device: 0x2275940 duration: 0.393352
device: Hawaii (0x2275940)  kernel from: 0 to: 51456 -> range: 51456 (with blocking: 51456)
device: 0x2275940 duration: 0.402006
delta: 42275.1
.device: 0x2275940 kernel from: 0 to: 372736 -> range: 372736
device: 0x2275940 duration: 0.393131
device: Hawaii (0x2275940)  kernel from: 0 to: 51456 -> range: 51456 (with blocking: 51456)
device: 0x2275940 duration: 0.401956
delta: 42060.4
.device: 0x2275940 kernel from: 0 to: 372736 -> range: 372736
device: 0x2275940 duration: 0.393578
device: Hawaii (0x2275940)  kernel from: 0 to: 51456 -> range: 51456 (with blocking: 51456)
device: 0x2275940 duration: 0.402111
delta: 36490.8
.device: 0x2275940 kernel from: 0 to: 372736 -> range: 372736
device: 0x2275940 duration: 0.392835
device: Hawaii (0x2275940)  kernel from: 0 to: 51456 -> range: 51456 (with blocking: 51456)
device: 0x2275940 duration: 0.401858
delta: 53779.2
.device: 0x2275940 kernel from: 0 to: 372736 -> range: 372736
device: 0x2275940 duration: 0.393108
device: Hawaii (0x2275940)  kernel from: 0 to: 51456 -> range: 51456 (with blocking: 51456)
device: 0x2275940 duration: 0.401442
delta: 95123.6
.device: 0x2275940 kernel from: 0 to: 372736 -> range: 372736
device: 0x2275940 duration: 0.392692
device: Hawaii (0x2275940)  kernel from: 0 to: 51456 -> range: 51456 (with blocking: 51456)
device: 0x2275940 duration: 0.402183
delta: 25053.4
.device: 0x2275940 kernel from: 0 to: 372736 -> range: 372736
device: 0x2275940 duration: 0.392709
device: Hawaii (0x2275940)  kernel from: 0 to: 51456 -> range: 51456 (with blocking: 51456)
device: 0x2275940 duration: 0.401479
delta: 33887.7
.device: 0x2275940 kernel from: 0 to: 372736 -> range: 372736
device: 0x2275940 duration: 0.392588
device: Hawaii (0x2275940)  kernel from: 0 to: 51456 -> range: 51456 (with blocking: 51456)
device: 0x2275940 duration: 0.401878
delta: 359570
.device: 0x2275940 kernel from: 0 to: 372736 -> range: 372736
device: 0x2275940 duration: 0.392668
device: Hawaii (0x2275940)  kernel from: 0 to: 51456 -> range: 51456 (with blocking: 51456)
device: 0x2275940 duration: 0.401504
delta: 23041
.device: 0x2275940 kernel from: 0 to: 372736 -> range: 372736
device: 0x2275940 duration: 0.393039
device: Hawaii (0x2275940)  kernel from: 0 to: 51456 -> range: 51456 (with blocking: 51456)
device: 0x2275940 duration: 0.40171
delta: 59480.5
.device: 0x2275940 kernel from: 0 to: 372736 -> range: 372736
device: 0x2275940 duration: 0.393116
device: Hawaii (0x2275940)  kernel from: 0 to: 51456 -> range: 51456 (with blocking: 51456)
device: 0x2275940 duration: 0.401702
delta: 17016.8
.device: 0x2275940 kernel from: 0 to: 372736 -> range: 372736
device: 0x2275940 duration: 0.393036
device: Hawaii (0x2275940)  kernel from: 0 to: 51456 -> range: 51456 (with blocking: 51456)
device: 0x2275940 duration: 0.401635
delta: 289816
.device: 0x2275940 kernel from: 0 to: 372736 -> range: 372736
device: 0x2275940 duration: 0.393081
device: Hawaii (0x2275940)  kernel from: 0 to: 51456 -> range: 51456 (with blocking: 51456)
device: 0x2275940 duration: 0.401625
delta: 40884.4
.device: 0x2275940 kernel from: 0 to: 372736 -> range: 372736
device: 0x2275940 duration: 0.392604
device: Hawaii (0x2275940)  kernel from: 0 to: 51456 -> range: 51456 (with blocking: 51456)
device: 0x2275940 duration: 0.401978
delta: 48398.5
.device: 0x2275940 kernel from: 0 to: 372736 -> range: 372736
device: 0x2275940 duration: 0.393252
device: Hawaii (0x2275940)  kernel from: 0 to: 51456 -> range: 51456 (with blocking: 51456)
device: 0x2275940 duration: 0.401736
delta: 26116.6
.device: 0x2275940 kernel from: 0 to: 372736 -> range: 372736
device: 0x2275940 duration: 0.392636
device: Hawaii (0x2275940)  kernel from: 0 to: 51456 -> range: 51456 (with blocking: 51456)
device: 0x2275940 duration: 0.402078
delta: 63305.5
.device: 0x2275940 kernel from: 0 to: 372736 -> range: 372736
device: 0x2275940 duration: 0.392664
device: Hawaii (0x2275940)  kernel from: 0 to: 51456 -> range: 51456 (with blocking: 51456)
device: 0x2275940 duration: 0.401605
delta: 31232.6
.device: 0x2275940 kernel from: 0 to: 372736 -> range: 372736
device: 0x2275940 duration: 0.393577
device: Hawaii (0x2275940)  kernel from: 0 to: 51456 -> range: 51456 (with blocking: 51456)
device: 0x2275940 duration: 0.401857
delta: 258231
.device: 0x2275940 kernel from: 0 to: 372736 -> range: 372736
device: 0x2275940 duration: 0.392845
device: Hawaii (0x2275940)  kernel from: 0 to: 51456 -> range: 51456 (with blocking: 51456)
device: 0x2275940 duration: 0.401607
delta: 42563.8
.device: 0x2275940 kernel from: 0 to: 372736 -> range: 372736
device: 0x2275940 duration: 0.393121
device: Hawaii (0x2275940)  kernel from: 0 to: 51456 -> range: 51456 (with blocking: 51456)
device: 0x2275940 duration: 0.40176
delta: 17551
.device: 0x2275940 kernel from: 0 to: 372736 -> range: 372736
device: 0x2275940 duration: 0.393181
device: Hawaii (0x2275940)  kernel from: 0 to: 51456 -> range: 51456 (with blocking: 51456)
device: 0x2275940 duration: 0.401841
delta: 14733.7
.device: 0x2275940 kernel from: 0 to: 372736 -> range: 372736
device: 0x2275940 duration: 0.393159
device: Hawaii (0x2275940)  kernel from: 0 to: 51456 -> range: 51456 (with blocking: 51456)
device: 0x2275940 duration: 0.401841
delta: 78078.5
.device: 0x2275940 kernel from: 0 to: 372736 -> range: 372736
device: 0x2275940 duration: 0.393186
device: Hawaii (0x2275940)  kernel from: 0 to: 51456 -> range: 51456 (with blocking: 51456)
device: 0x2275940 duration: 0.401855
delta: 46267.6
.device: 0x2275940 kernel from: 0 to: 372736 -> range: 372736
device: 0x2275940 duration: 0.392706
device: Hawaii (0x2275940)  kernel from: 0 to: 51456 -> range: 51456 (with blocking: 51456)
device: 0x2275940 duration: 0.401488
delta: 81808.4
.device: 0x2275940 kernel from: 0 to: 372736 -> range: 372736
device: 0x2275940 duration: 0.393018
device: Hawaii (0x2275940)  kernel from: 0 to: 51456 -> range: 51456 (with blocking: 51456)
device: 0x2275940 duration: 0.401791
delta: 16457
.device: 0x2275940 kernel from: 0 to: 372736 -> range: 372736
device: 0x2275940 duration: 0.393154
device: Hawaii (0x2275940)  kernel from: 0 to: 51456 -> range: 51456 (with blocking: 51456)
device: 0x2275940 duration: 0.401725
delta: 48158.5
.device: 0x2275940 kernel from: 0 to: 372736 -> range: 372736
device: 0x2275940 duration: 0.393219
device: Hawaii (0x2275940)  kernel from: 0 to: 51456 -> range: 51456 (with blocking: 51456)
device: 0x2275940 duration: 0.401804
delta: 100963
.device: 0x2275940 kernel from: 0 to: 372736 -> range: 372736
device: 0x2275940 duration: 0.392685
device: Hawaii (0x2275940)  kernel from: 0 to: 51456 -> range: 51456 (with blocking: 51456)
device: 0x2275940 duration: 0.40217
delta: 116136
.device: 0x2275940 kernel from: 0 to: 372736 -> range: 372736
device: 0x2275940 duration: 0.393357
device: Hawaii (0x2275940)  kernel from: 0 to: 51456 -> range: 51456 (with blocking: 51456)
device: 0x2275940 duration: 0.401856
delta: 22711.1
.device: 0x2275940 kernel from: 0 to: 372736 -> range: 372736
device: 0x2275940 duration: 0.393224
device: Hawaii (0x2275940)  kernel from: 0 to: 51456 -> range: 51456 (with blocking: 51456)
device: 0x2275940 duration: 0.401779
delta: 191203
.device: 0x2275940 kernel from: 0 to: 372736 -> range: 372736
device: 0x2275940 duration: 0.392697
device: Hawaii (0x2275940)  kernel from: 0 to: 51456 -> range: 51456 (with blocking: 51456)
device: 0x2275940 duration: 0.402103
delta: 13844.5
.device: 0x2275940 kernel from: 0 to: 372736 -> range: 372736
device: 0x2275940 duration: 0.392784
device: Hawaii (0x2275940)  kernel from: 0 to: 51456 -> range: 51456 (with blocking: 51456)
device: 0x2275940 duration: 0.401585
delta: 41484.8
.device: 0x2275940 kernel from: 0 to: 372736 -> range: 372736
device: 0x2275940 duration: 0.392616
device: Hawaii (0x2275940)  kernel from: 0 to: 51456 -> range: 51456 (with blocking: 51456)
device: 0x2275940 duration: 0.402043
delta: 43724.8
.device: 0x2275940 kernel from: 0 to: 372736 -> range: 372736
device: 0x2275940 duration: 0.393317
device: Hawaii (0x2275940)  kernel from: 0 to: 51456 -> range: 51456 (with blocking: 51456)
device: 0x2275940 duration: 0.401828
delta: 33485.8
.device: 0x2275940 kernel from: 0 to: 372736 -> range: 372736
device: 0x2275940 duration: 0.39326
device: Hawaii (0x2275940)  kernel from: 0 to: 51456 -> range: 51456 (with blocking: 51456)
device: 0x2275940 duration: 0.40175
delta: 25908.7
.device: 0x2275940 kernel from: 0 to: 372736 -> range: 372736
device: 0x2275940 duration: 0.393159
device: Hawaii (0x2275940)  kernel from: 0 to: 51456 -> range: 51456 (with blocking: 51456)
device: 0x2275940 duration: 0.401773
delta: 73462.7
.device: 0x2275940 kernel from: 0 to: 372736 -> range: 372736
device: 0x2275940 duration: 0.393208
device: Hawaii (0x2275940)  kernel from: 0 to: 51456 -> range: 51456 (with blocking: 51456)
device: 0x2275940 duration: 0.401788
delta: 401205
.device: 0x2275940 kernel from: 0 to: 372736 -> range: 372736
device: 0x2275940 duration: 0.392686
device: Hawaii (0x2275940)  kernel from: 0 to: 51456 -> range: 51456 (with blocking: 51456)
device: 0x2275940 duration: 0.40202
delta: 9745.75
.device: 0x2275940 kernel from: 0 to: 372736 -> range: 372736
device: 0x2275940 duration: 0.393309
device: Hawaii (0x2275940)  kernel from: 0 to: 51456 -> range: 51456 (with blocking: 51456)
device: 0x2275940 duration: 0.401758
delta: 15189.3
.device: 0x2275940 kernel from: 0 to: 372736 -> range: 372736
device: 0x2275940 duration: 0.393225
device: Hawaii (0x2275940)  kernel from: 0 to: 51456 -> range: 51456 (with blocking: 51456)
device: 0x2275940 duration: 0.401775
delta: 12240.3
.device: 0x2275940 kernel from: 0 to: 372736 -> range: 372736
device: 0x2275940 duration: 0.392605
device: Hawaii (0x2275940)  kernel from: 0 to: 51456 -> range: 51456 (with blocking: 51456)
device: 0x2275940 duration: 0.401479
delta: 161436
.device: 0x2275940 kernel from: 0 to: 372736 -> range: 372736
device: 0x2275940 duration: 0.392584
device: Hawaii (0x2275940)  kernel from: 0 to: 51456 -> range: 51456 (with blocking: 51456)
device: 0x2275940 duration: 0.402032
device: 0x2275940 kernel from: 0 to: 372736 -> range: 372736
device: 0x2275940 duration: 0.392539
device: Hawaii (0x2275940)  kernel from: 0 to: 51456 -> range: 51456 (with blocking: 51456)
device: 0x2275940 duration: 0.402096
delta: 19199.4
.device: 0x2275940 kernel from: 0 to: 372736 -> range: 372736
device: 0x2275940 duration: 0.392473
device: Hawaii (0x2275940)  kernel from: 0 to: 51456 -> range: 51456 (with blocking: 51456)
device: 0x2275940 duration: 0.401897
delta: 28573.4
.device: 0x2275940 kernel from: 0 to: 372736 -> range: 372736
device: 0x2275940 duration: 0.392742
device: Hawaii (0x2275940)  kernel from: 0 to: 51456 -> range: 51456 (with blocking: 51456)
device: 0x2275940 duration: 0.401634
delta: 68796.4
.device: 0x2275940 kernel from: 0 to: 372736 -> range: 372736
device: 0x2275940 duration: 0.393164
device: Hawaii (0x2275940)  kernel from: 0 to: 51456 -> range: 51456 (with blocking: 51456)
device: 0x2275940 duration: 0.401779
delta: 99375.7
.device: 0x2275940 kernel from: 0 to: 372736 -> range: 372736
device: 0x2275940 duration: 0.393181
device: Hawaii (0x2275940)  kernel from: 0 to: 51456 -> range: 51456 (with blocking: 51456)
device: 0x2275940 duration: 0.401809
delta: 60836.9
.device: 0x2275940 kernel from: 0 to: 372736 -> range: 372736
device: 0x2275940 duration: 0.39267
device: Hawaii (0x2275940)  kernel from: 0 to: 51456 -> range: 51456 (with blocking: 51456)
device: 0x2275940 duration: 0.401513
delta: 118160
.device: 0x2275940 kernel from: 0 to: 372736 -> range: 372736
device: 0x2275940 duration: 0.392567
device: Hawaii (0x2275940)  kernel from: 0 to: 51456 -> range: 51456 (with blocking: 51456)
device: 0x2275940 duration: 0.402084
delta: 15500.9
.device: 0x2275940 kernel from: 0 to: 372736 -> range: 372736
device: 0x2275940 duration: 0.392752
device: Hawaii (0x2275940)  kernel from: 0 to: 51456 -> range: 51456 (with blocking: 51456)
device: 0x2275940 duration: 0.401589
delta: 15023.1
.device: 0x2275940 kernel from: 0 to: 372736 -> range: 372736
device: 0x2275940 duration: 0.392571
device: Hawaii (0x2275940)  kernel from: 0 to: 51456 -> range: 51456 (with blocking: 51456)
device: 0x2275940 duration: 0.40168
delta: 38253.8
.device: 0x2275940 kernel from: 0 to: 372736 -> range: 372736
device: 0x2275940 duration: 0.392845
device: Hawaii (0x2275940)  kernel from: 0 to: 51456 -> range: 51456 (with blocking: 51456)
device: 0x2275940 duration: 0.40166
delta: 16269.8
.device: 0x2275940 kernel from: 0 to: 372736 -> range: 372736
device: 0x2275940 duration: 0.392607
device: Hawaii (0x2275940)  kernel from: 0 to: 51456 -> range: 51456 (with blocking: 51456)
device: 0x2275940 duration: 0.401573
delta: 9278.14
.device: 0x2275940 kernel from: 0 to: 372736 -> range: 372736
device: 0x2275940 duration: 0.392662
device: Hawaii (0x2275940)  kernel from: 0 to: 51456 -> range: 51456 (with blocking: 51456)
device: 0x2275940 duration: 0.40145
delta: 11275.7
.device: 0x2275940 kernel from: 0 to: 372736 -> range: 372736
device: 0x2275940 duration: 0.392401
device: Hawaii (0x2275940)  kernel from: 0 to: 51456 -> range: 51456 (with blocking: 51456)
device: 0x2275940 duration: 0.401822
delta: 23953
.device: 0x2275940 kernel from: 0 to: 372736 -> range: 372736
device: 0x2275940 duration: 0.392652
device: Hawaii (0x2275940)  kernel from: 0 to: 51456 -> range: 51456 (with blocking: 51456)
device: 0x2275940 duration: 0.401547
delta: 226597
.device: 0x2275940 kernel from: 0 to: 372736 -> range: 372736
device: 0x2275940 duration: 0.392693
device: Hawaii (0x2275940)  kernel from: 0 to: 51456 -> range: 51456 (with blocking: 51456)
device: 0x2275940 duration: 0.401565
delta: 167479
.device: 0x2275940 kernel from: 0 to: 372736 -> range: 372736
device: 0x2275940 duration: 0.392519
device: Hawaii (0x2275940)  kernel from: 0 to: 51456 -> range: 51456 (with blocking: 51456)
device: 0x2275940 duration: 0.401564
delta: 25966.9
.device: 0x2275940 kernel from: 0 to: 372736 -> range: 372736
device: 0x2275940 duration: 0.393209
device: Hawaii (0x2275940)  kernel from: 0 to: 51456 -> range: 51456 (with blocking: 51456)
device: 0x2275940 duration: 0.401762
delta: 14340.1
.device: 0x2275940 kernel from: 0 to: 372736 -> range: 372736
device: 0x2275940 duration: 0.392635
device: Hawaii (0x2275940)  kernel from: 0 to: 51456 -> range: 51456 (with blocking: 51456)
device: 0x2275940 duration: 0.40149
delta: 16769.7
.device: 0x2275940 kernel from: 0 to: 372736 -> range: 372736
device: 0x2275940 duration: 0.392608
device: Hawaii (0x2275940)  kernel from: 0 to: 51456 -> range: 51456 (with blocking: 51456)
device: 0x2275940 duration: 0.402111
delta: 31281.7
.device: 0x2275940 kernel from: 0 to: 372736 -> range: 372736
device: 0x2275940 duration: 0.393312
device: Hawaii (0x2275940)  kernel from: 0 to: 51456 -> range: 51456 (with blocking: 51456)
device: 0x2275940 duration: 0.401769
delta: 11822.3
.device: 0x2275940 kernel from: 0 to: 372736 -> range: 372736
device: 0x2275940 duration: 0.392654
device: Hawaii (0x2275940)  kernel from: 0 to: 51456 -> range: 51456 (with blocking: 51456)
device: 0x2275940 duration: 0.40153
delta: 29693.8
.device: 0x2275940 kernel from: 0 to: 372736 -> range: 372736
device: 0x2275940 duration: 0.392558
device: Hawaii (0x2275940)  kernel from: 0 to: 51456 -> range: 51456 (with blocking: 51456)
device: 0x2275940 duration: 0.401446
delta: 27389.2
.device: 0x2275940 kernel from: 0 to: 372736 -> range: 372736
device: 0x2275940 duration: 0.3926
device: Hawaii (0x2275940)  kernel from: 0 to: 51456 -> range: 51456 (with blocking: 51456)
device: 0x2275940 duration: 0.402124
delta: 82477.6
.device: 0x2275940 kernel from: 0 to: 372736 -> range: 372736
device: 0x2275940 duration: 0.393317
device: Hawaii (0x2275940)  kernel from: 0 to: 51456 -> range: 51456 (with blocking: 51456)
device: 0x2275940 duration: 0.401935
delta: 60201.2
.device: 0x2275940 kernel from: 0 to: 372736 -> range: 372736
device: 0x2275940 duration: 0.393255
device: Hawaii (0x2275940)  kernel from: 0 to: 51456 -> range: 51456 (with blocking: 51456)
device: 0x2275940 duration: 0.401782
delta: 21292.1
.device: 0x2275940 kernel from: 0 to: 372736 -> range: 372736
device: 0x2275940 duration: 0.393219
device: Hawaii (0x2275940)  kernel from: 0 to: 51456 -> range: 51456 (with blocking: 51456)
device: 0x2275940 duration: 0.401856
delta: 36632.8
.device: 0x2275940 kernel from: 0 to: 372736 -> range: 372736
device: 0x2275940 duration: 0.393201
device: Hawaii (0x2275940)  kernel from: 0 to: 51456 -> range: 51456 (with blocking: 51456)
device: 0x2275940 duration: 0.401796
delta: 34064.9
.device: 0x2275940 kernel from: 0 to: 372736 -> range: 372736
device: 0x2275940 duration: 0.393188
device: Hawaii (0x2275940)  kernel from: 0 to: 51456 -> range: 51456 (with blocking: 51456)
device: 0x2275940 duration: 0.401681
delta: 12201.4
.device: 0x2275940 kernel from: 0 to: 372736 -> range: 372736
device: 0x2275940 duration: 0.392578
device: Hawaii (0x2275940)  kernel from: 0 to: 51456 -> range: 51456 (with blocking: 51456)
device: 0x2275940 duration: 0.402067
delta: 33524.2
.device: 0x2275940 kernel from: 0 to: 372736 -> range: 372736
device: 0x2275940 duration: 0.392731
device: Hawaii (0x2275940)  kernel from: 0 to: 51456 -> range: 51456 (with blocking: 51456)
device: 0x2275940 duration: 0.401588
delta: 22395.2
.device: 0x2275940 kernel from: 0 to: 372736 -> range: 372736
device: 0x2275940 duration: 0.393068
device: Hawaii (0x2275940)  kernel from: 0 to: 51456 -> range: 51456 (with blocking: 51456)
device: 0x2275940 duration: 0.401648
delta: 21526.2
.device: 0x2275940 kernel from: 0 to: 372736 -> range: 372736
device: 0x2275940 duration: 0.392668
device: Hawaii (0x2275940)  kernel from: 0 to: 51456 -> range: 51456 (with blocking: 51456)
device: 0x2275940 duration: 0.402087
delta: 49124
.device: 0x2275940 kernel from: 0 to: 372736 -> range: 372736
device: 0x2275940 duration: 0.392747
device: Hawaii (0x2275940)  kernel from: 0 to: 51456 -> range: 51456 (with blocking: 51456)
device: 0x2275940 duration: 0.401641
delta: 22876.2
.device: 0x2275940 kernel from: 0 to: 372736 -> range: 372736
device: 0x2275940 duration: 0.392618
device: Hawaii (0x2275940)  kernel from: 0 to: 51456 -> range: 51456 (with blocking: 51456)
device: 0x2275940 duration: 0.401813
delta: 26507.3
.device: 0x2275940 kernel from: 0 to: 372736 -> range: 372736
device: 0x2275940 duration: 0.393163
device: Hawaii (0x2275940)  kernel from: 0 to: 51456 -> range: 51456 (with blocking: 51456)
device: 0x2275940 duration: 0.401888
delta: 50454.1
.device: 0x2275940 kernel from: 0 to: 372736 -> range: 372736
device: 0x2275940 duration: 0.393307
device: Hawaii (0x2275940)  kernel from: 0 to: 51456 -> range: 51456 (with blocking: 51456)
device: 0x2275940 duration: 0.401825
delta: 10156.2
.device: 0x2275940 kernel from: 0 to: 372736 -> range: 372736
device: 0x2275940 duration: 0.393202
device: Hawaii (0x2275940)  kernel from: 0 to: 51456 -> range: 51456 (with blocking: 51456)
device: 0x2275940 duration: 0.401725
delta: 10303.3
.device: 0x2275940 kernel from: 0 to: 372736 -> range: 372736
device: 0x2275940 duration: 0.393134
device: Hawaii (0x2275940)  kernel from: 0 to: 51456 -> range: 51456 (with blocking: 51456)
device: 0x2275940 duration: 0.401772
delta: 42060.5
.device: 0x2275940 kernel from: 0 to: 372736 -> range: 372736
device: 0x2275940 duration: 0.392659
device: Hawaii (0x2275940)  kernel from: 0 to: 51456 -> range: 51456 (with blocking: 51456)
device: 0x2275940 duration: 0.401562
delta: 17321.3
.device: 0x2275940 kernel from: 0 to: 372736 -> range: 372736
device: 0x2275940 duration: 0.393118
device: Hawaii (0x2275940)  kernel from: 0 to: 51456 -> range: 51456 (with blocking: 51456)
device: 0x2275940 duration: 0.401729
delta: 8414.27
.device: 0x2275940 kernel from: 0 to: 372736 -> range: 372736
device: 0x2275940 duration: 0.392634
device: Hawaii (0x2275940)  kernel from: 0 to: 51456 -> range: 51456 (with blocking: 51456)
device: 0x2275940 duration: 0.40146
delta: 8184.7
.device: 0x2275940 kernel from: 0 to: 372736 -> range: 372736
device: 0x2275940 duration: 0.392601
device: Hawaii (0x2275940)  kernel from: 0 to: 51456 -> range: 51456 (with blocking: 51456)
device: 0x2275940 duration: 0.401999
delta: 61519.9
.device: 0x2275940 kernel from: 0 to: 372736 -> range: 372736
device: 0x2275940 duration: 0.393271
device: Hawaii (0x2275940)  kernel from: 0 to: 51456 -> range: 51456 (with blocking: 51456)
device: 0x2275940 duration: 0.401867
delta: 36155.5
.device: 0x2275940 kernel from: 0 to: 372736 -> range: 372736
device: 0x2275940 duration: 0.39269
device: Hawaii (0x2275940)  kernel from: 0 to: 51456 -> range: 51456 (with blocking: 51456)
device: 0x2275940 duration: 0.401666
delta: 63737.1
.device: 0x2275940 kernel from: 0 to: 372736 -> range: 372736
device: 0x2275940 duration: 0.393154
device: Hawaii (0x2275940)  kernel from: 0 to: 51456 -> range: 51456 (with blocking: 51456)
device: 0x2275940 duration: 0.401777
delta: 9204.08
.device: 0x2275940 kernel from: 0 to: 372736 -> range: 372736
device: 0x2275940 duration: 0.393229
device: Hawaii (0x2275940)  kernel from: 0 to: 51456 -> range: 51456 (with blocking: 51456)
device: 0x2275940 duration: 0.401833
delta: 22632.7
.device: 0x2275940 kernel from: 0 to: 372736 -> range: 372736
device: 0x2275940 duration: 0.392695
device: Hawaii (0x2275940)  kernel from: 0 to: 51456 -> range: 51456 (with blocking: 51456)
device: 0x2275940 duration: 0.402119
delta: 34243.5
.device: 0x2275940 kernel from: 0 to: 372736 -> range: 372736
device: 0x2275940 duration: 0.392742
device: Hawaii (0x2275940)  kernel from: 0 to: 51456 -> range: 51456 (with blocking: 51456)
device: 0x2275940 duration: 0.401624
delta: 6364.4
.device: 0x2275940 kernel from: 0 to: 372736 -> range: 372736
device: 0x2275940 duration: 0.392623
device: Hawaii (0x2275940)  kernel from: 0 to: 51456 -> range: 51456 (with blocking: 51456)
device: 0x2275940 duration: 0.40205
delta: 12691.9
.device: 0x2275940 kernel from: 0 to: 372736 -> range: 372736
device: 0x2275940 duration: 0.393291
device: Hawaii (0x2275940)  kernel from: 0 to: 51456 -> range: 51456 (with blocking: 51456)
device: 0x2275940 duration: 0.401772
delta: 8098.8
.device: 0x2275940 kernel from: 0 to: 372736 -> range: 372736
device: 0x2275940 duration: 0.393221
device: Hawaii (0x2275940)  kernel from: 0 to: 51456 -> range: 51456 (with blocking: 51456)
device: 0x2275940 duration: 0.401796
device: 0x2275940 kernel from: 0 to: 372736 -> range: 372736
device: 0x2275940 duration: 0.39293
device: Hawaii (0x2275940)  kernel from: 0 to: 51456 -> range: 51456 (with blocking: 51456)
device: 0x2275940 duration: 0.401736
delta: 93901.4
.device: 0x2275940 kernel from: 0 to: 372736 -> range: 372736
device: 0x2275940 duration: 0.392788
device: Hawaii (0x2275940)  kernel from: 0 to: 51456 -> range: 51456 (with blocking: 51456)
device: 0x2275940 duration: 0.401594
delta: 16238
.device: 0x2275940 kernel from: 0 to: 372736 -> range: 372736
device: 0x2275940 duration: 0.393108
device: Hawaii (0x2275940)  kernel from: 0 to: 51456 -> range: 51456 (with blocking: 51456)
device: 0x2275940 duration: 0.401726
delta: 112560
.device: 0x2275940 kernel from: 0 to: 372736 -> range: 372736
device: 0x2275940 duration: 0.393236
device: Hawaii (0x2275940)  kernel from: 0 to: 51456 -> range: 51456 (with blocking: 51456)
device: 0x2275940 duration: 0.401785
delta: 12188.3
.device: 0x2275940 kernel from: 0 to: 372736 -> range: 372736
device: 0x2275940 duration: 0.393234
device: Hawaii (0x2275940)  kernel from: 0 to: 51456 -> range: 51456 (with blocking: 51456)
device: 0x2275940 duration: 0.401771
delta: 8594.43
.device: 0x2275940 kernel from: 0 to: 372736 -> range: 372736
device: 0x2275940 duration: 0.392657
device: Hawaii (0x2275940)  kernel from: 0 to: 51456 -> range: 51456 (with blocking: 51456)
device: 0x2275940 duration: 0.401573
delta: 57888.9
.device: 0x2275940 kernel from: 0 to: 372736 -> range: 372736
device: 0x2275940 duration: 0.39257
device: Hawaii (0x2275940)  kernel from: 0 to: 51456 -> range: 51456 (with blocking: 51456)
device: 0x2275940 duration: 0.402042
delta: 45939.1
.device: 0x2275940 kernel from: 0 to: 372736 -> range: 372736
device: 0x2275940 duration: 0.393285
device: Hawaii (0x2275940)  kernel from: 0 to: 51456 -> range: 51456 (with blocking: 51456)
device: 0x2275940 duration: 0.40181
delta: 13126
.device: 0x2275940 kernel from: 0 to: 372736 -> range: 372736
device: 0x2275940 duration: 0.393209
device: Hawaii (0x2275940)  kernel from: 0 to: 51456 -> range: 51456 (with blocking: 51456)
device: 0x2275940 duration: 0.401819
delta: 12430.8
.device: 0x2275940 kernel from: 0 to: 372736 -> range: 372736
device: 0x2275940 duration: 0.393157
device: Hawaii (0x2275940)  kernel from: 0 to: 51456 -> range: 51456 (with blocking: 51456)
device: 0x2275940 duration: 0.40189
delta: 8951.77
.device: 0x2275940 kernel from: 0 to: 372736 -> range: 372736
device: 0x2275940 duration: 0.39325
device: Hawaii (0x2275940)  kernel from: 0 to: 51456 -> range: 51456 (with blocking: 51456)
device: 0x2275940 duration: 0.401818
delta: 39520.5
.device: 0x2275940 kernel from: 0 to: 372736 -> range: 372736
device: 0x2275940 duration: 0.393201
device: Hawaii (0x2275940)  kernel from: 0 to: 51456 -> range: 51456 (with blocking: 51456)
device: 0x2275940 duration: 0.40172
delta: 72938.7
.device: 0x2275940 kernel from: 0 to: 372736 -> range: 372736
device: 0x2275940 duration: 0.392637
device: Hawaii (0x2275940)  kernel from: 0 to: 51456 -> range: 51456 (with blocking: 51456)
device: 0x2275940 duration: 0.402179
delta: 8812.29
.device: 0x2275940 kernel from: 0 to: 372736 -> range: 372736
device: 0x2275940 duration: 0.393355
device: Hawaii (0x2275940)  kernel from: 0 to: 51456 -> range: 51456 (with blocking: 51456)
device: 0x2275940 duration: 0.40178
delta: 16530.8
.device: 0x2275940 kernel from: 0 to: 372736 -> range: 372736
device: 0x2275940 duration: 0.39326
device: Hawaii (0x2275940)  kernel from: 0 to: 51456 -> range: 51456 (with blocking: 51456)
device: 0x2275940 duration: 0.401874
delta: 23294.4
.device: 0x2275940 kernel from: 0 to: 372736 -> range: 372736
device: 0x2275940 duration: 0.392888
device: Hawaii (0x2275940)  kernel from: 0 to: 51456 -> range: 51456 (with blocking: 51456)
device: 0x2275940 duration: 0.401622
delta: 13354.4
.device: 0x2275940 kernel from: 0 to: 372736 -> range: 372736
device: 0x2275940 duration: 0.392463
device: Hawaii (0x2275940)  kernel from: 0 to: 51456 -> range: 51456 (with blocking: 51456)
device: 0x2275940 duration: 0.402065
delta: 11722.6
.device: 0x2275940 kernel from: 0 to: 372736 -> range: 372736
device: 0x2275940 duration: 0.393336
device: Hawaii (0x2275940)  kernel from: 0 to: 51456 -> range: 51456 (with blocking: 51456)
device: 0x2275940 duration: 0.401844
delta: 4374.8
.device: 0x2275940 kernel from: 0 to: 372736 -> range: 372736
device: 0x2275940 duration: 0.39321
device: Hawaii (0x2275940)  kernel from: 0 to: 51456 -> range: 51456 (with blocking: 51456)
device: 0x2275940 duration: 0.401813
delta: 15354.5
.device: 0x2275940 kernel from: 0 to: 372736 -> range: 372736
device: 0x2275940 duration: 0.39273
device: Hawaii (0x2275940)  kernel from: 0 to: 51456 -> range: 51456 (with blocking: 51456)
device: 0x2275940 duration: 0.401657
delta: 27446.4
.device: 0x2275940 kernel from: 0 to: 372736 -> range: 372736
device: 0x2275940 duration: 0.39262
device: Hawaii (0x2275940)  kernel from: 0 to: 51456 -> range: 51456 (with blocking: 51456)
device: 0x2275940 duration: 0.402055
delta: 243823
.device: 0x2275940 kernel from: 0 to: 372736 -> range: 372736
device: 0x2275940 duration: 0.392765
device: Hawaii (0x2275940)  kernel from: 0 to: 51456 -> range: 51456 (with blocking: 51456)
device: 0x2275940 duration: 0.401581
delta: 66088.2
.device: 0x2275940 kernel from: 0 to: 372736 -> range: 372736
device: 0x2275940 duration: 0.393074
device: Hawaii (0x2275940)  kernel from: 0 to: 51456 -> range: 51456 (with blocking: 51456)
device: 0x2275940 duration: 0.401872
delta: 5559.14
.device: 0x2275940 kernel from: 0 to: 372736 -> range: 372736
device: 0x2275940 duration: 0.392725
device: Hawaii (0x2275940)  kernel from: 0 to: 51456 -> range: 51456 (with blocking: 51456)
device: 0x2275940 duration: 0.402159
delta: 16127.9
.device: 0x2275940 kernel from: 0 to: 372736 -> range: 372736
device: 0x2275940 duration: 0.39336
device: Hawaii (0x2275940)  kernel from: 0 to: 51456 -> range: 51456 (with blocking: 51456)
device: 0x2275940 duration: 0.401826
delta: 8530.06
.device: 0x2275940 kernel from: 0 to: 372736 -> range: 372736
device: 0x2275940 duration: 0.392663
device: Hawaii (0x2275940)  kernel from: 0 to: 51456 -> range: 51456 (with blocking: 51456)
device: 0x2275940 duration: 0.401464
delta: 6442.11
.device: 0x2275940 kernel from: 0 to: 372736 -> range: 372736
device: 0x2275940 duration: 0.392635
device: Hawaii (0x2275940)  kernel from: 0 to: 51456 -> range: 51456 (with blocking: 51456)
device: 0x2275940 duration: 0.401817
delta: 32950.3
.device: 0x2275940 kernel from: 0 to: 372736 -> range: 372736
device: 0x2275940 duration: 0.392547
device: Hawaii (0x2275940)  kernel from: 0 to: 51456 -> range: 51456 (with blocking: 51456)
device: 0x2275940 duration: 0.402095
delta: 3866.82
.device: 0x2275940 kernel from: 0 to: 372736 -> range: 372736
device: 0x2275940 duration: 0.393314
device: Hawaii (0x2275940)  kernel from: 0 to: 51456 -> range: 51456 (with blocking: 51456)
device: 0x2275940 duration: 0.401735
delta: 47571.4
.device: 0x2275940 kernel from: 0 to: 372736 -> range: 372736
device: 0x2275940 duration: 0.392851
device: Hawaii (0x2275940)  kernel from: 0 to: 51456 -> range: 51456 (with blocking: 51456)
device: 0x2275940 duration: 0.401627
delta: 344478
.device: 0x2275940 kernel from: 0 to: 372736 -> range: 372736
device: 0x2275940 duration: 0.393169
device: Hawaii (0x2275940)  kernel from: 0 to: 51456 -> range: 51456 (with blocking: 51456)
device: 0x2275940 duration: 0.401779
delta: 4460.93
.device: 0x2275940 kernel from: 0 to: 372736 -> range: 372736
device: 0x2275940 duration: 0.392686
device: Hawaii (0x2275940)  kernel from: 0 to: 51456 -> range: 51456 (with blocking: 51456)
device: 0x2275940 duration: 0.401502
delta: 15215
.device: 0x2275940 kernel from: 0 to: 372736 -> range: 372736
device: 0x2275940 duration: 0.392595
device: Hawaii (0x2275940)  kernel from: 0 to: 51456 -> range: 51456 (with blocking: 51456)
device: 0x2275940 duration: 0.402112
delta: 46155.7
.device: 0x2275940 kernel from: 0 to: 372736 -> range: 372736
device: 0x2275940 duration: 0.392705
device: Hawaii (0x2275940)  kernel from: 0 to: 51456 -> range: 51456 (with blocking: 51456)
device: 0x2275940 duration: 0.401619
delta: 33800.6
.device: 0x2275940 kernel from: 0 to: 372736 -> range: 372736
device: 0x2275940 duration: 0.3932
device: Hawaii (0x2275940)  kernel from: 0 to: 51456 -> range: 51456 (with blocking: 51456)
device: 0x2275940 duration: 0.40175
delta: 9345.31
.device: 0x2275940 kernel from: 0 to: 372736 -> range: 372736
device: 0x2275940 duration: 0.393175
device: Hawaii (0x2275940)  kernel from: 0 to: 51456 -> range: 51456 (with blocking: 51456)
device: 0x2275940 duration: 0.401753
delta: 7945.17
.device: 0x2275940 kernel from: 0 to: 372736 -> range: 372736
device: 0x2275940 duration: 0.393236
device: Hawaii (0x2275940)  kernel from: 0 to: 51456 -> range: 51456 (with blocking: 51456)
device: 0x2275940 duration: 0.401542
delta: 12503
.device: 0x2275940 kernel from: 0 to: 372736 -> range: 372736
device: 0x2275940 duration: 0.393465
device: Hawaii (0x2275940)  kernel from: 0 to: 51456 -> range: 51456 (with blocking: 51456)
device: 0x2275940 duration: 0.401517
delta: 57252.1
.device: 0x2275940 kernel from: 0 to: 372736 -> range: 372736
device: 0x2275940 duration: 0.393004
device: Hawaii (0x2275940)  kernel from: 0 to: 51456 -> range: 51456 (with blocking: 51456)
device: 0x2275940 duration: 0.401774
delta: 21491.9
.device: 0x2275940 kernel from: 0 to: 372736 -> range: 372736
device: 0x2275940 duration: 0.393214
device: Hawaii (0x2275940)  kernel from: 0 to: 51456 -> range: 51456 (with blocking: 51456)
device: 0x2275940 duration: 0.401821
delta: 42991.8
.device: 0x2275940 kernel from: 0 to: 372736 -> range: 372736
device: 0x2275940 duration: 0.393223
device: Hawaii (0x2275940)  kernel from: 0 to: 51456 -> range: 51456 (with blocking: 51456)
device: 0x2275940 duration: 0.401737
delta: 6746.04
.device: 0x2275940 kernel from: 0 to: 372736 -> range: 372736
device: 0x2275940 duration: 0.392665
device: Hawaii (0x2275940)  kernel from: 0 to: 51456 -> range: 51456 (with blocking: 51456)
device: 0x2275940 duration: 0.402047
delta: 9750.85
.device: 0x2275940 kernel from: 0 to: 372736 -> range: 372736
device: 0x2275940 duration: 0.392228
device: Hawaii (0x2275940)  kernel from: 0 to: 51456 -> range: 51456 (with blocking: 51456)
device: 0x2275940 duration: 0.401804
delta: 16467.7
.device: 0x2275940 kernel from: 0 to: 372736 -> range: 372736
device: 0x2275940 duration: 0.393215
device: Hawaii (0x2275940)  kernel from: 0 to: 51456 -> range: 51456 (with blocking: 51456)
device: 0x2275940 duration: 0.401752
delta: 20212.6
.device: 0x2275940 kernel from: 0 to: 372736 -> range: 372736
device: 0x2275940 duration: 0.392667
device: Hawaii (0x2275940)  kernel from: 0 to: 51456 -> range: 51456 (with blocking: 51456)
device: 0x2275940 duration: 0.401532
delta: 4867.63
.device: 0x2275940 kernel from: 0 to: 372736 -> range: 372736
device: 0x2275940 duration: 0.39261
device: Hawaii (0x2275940)  kernel from: 0 to: 51456 -> range: 51456 (with blocking: 51456)
device: 0x2275940 duration: 0.40208
delta: 10485.7
.device: 0x2275940 kernel from: 0 to: 372736 -> range: 372736
device: 0x2275940 duration: 0.392737
device: Hawaii (0x2275940)  kernel from: 0 to: 51456 -> range: 51456 (with blocking: 51456)
device: 0x2275940 duration: 0.401598
delta: 5307.41
.device: 0x2275940 kernel from: 0 to: 372736 -> range: 372736
device: 0x2275940 duration: 0.39308
device: Hawaii (0x2275940)  kernel from: 0 to: 51456 -> range: 51456 (with blocking: 51456)
device: 0x2275940 duration: 0.401725
delta: 40360.1
.device: 0x2275940 kernel from: 0 to: 372736 -> range: 372736
device: 0x2275940 duration: 0.393108
device: Hawaii (0x2275940)  kernel from: 0 to: 51456 -> range: 51456 (with blocking: 51456)
device: 0x2275940 duration: 0.401831
delta: 8285.78
.device: 0x2275940 kernel from: 0 to: 372736 -> range: 372736
device: 0x2275940 duration: 0.392558
device: Hawaii (0x2275940)  kernel from: 0 to: 51456 -> range: 51456 (with blocking: 51456)
device: 0x2275940 duration: 0.401666
delta: 131020
.device: 0x2275940 kernel from: 0 to: 372736 -> range: 372736
device: 0x2275940 duration: 0.392664
device: Hawaii (0x2275940)  kernel from: 0 to: 51456 -> range: 51456 (with blocking: 51456)
device: 0x2275940 duration: 0.401608
device: 0x2275940 kernel from: 0 to: 372736 -> range: 372736
device: 0x2275940 duration: 0.392882
device: Hawaii (0x2275940)  kernel from: 0 to: 51456 -> range: 51456 (with blocking: 51456)
device: 0x2275940 duration: 0.40163
delta: 7730.75
.device: 0x2275940 kernel from: 0 to: 372736 -> range: 372736
device: 0x2275940 duration: 0.393368
device: Hawaii (0x2275940)  kernel from: 0 to: 51456 -> range: 51456 (with blocking: 51456)
device: 0x2275940 duration: 0.401706
delta: 5421.89
.device: 0x2275940 kernel from: 0 to: 372736 -> range: 372736
device: 0x2275940 duration: 0.393131
device: Hawaii (0x2275940)  kernel from: 0 to: 51456 -> range: 51456 (with blocking: 51456)
device: 0x2275940 duration: 0.401763
delta: 6257.74
.device: 0x2275940 kernel from: 0 to: 372736 -> range: 372736
device: 0x2275940 duration: 0.393279
device: Hawaii (0x2275940)  kernel from: 0 to: 51456 -> range: 51456 (with blocking: 51456)
device: 0x2275940 duration: 0.401666
delta: 23923.2
.device: 0x2275940 kernel from: 0 to: 372736 -> range: 372736
device: 0x2275940 duration: 0.392488
device: Hawaii (0x2275940)  kernel from: 0 to: 51456 -> range: 51456 (with blocking: 51456)
device: 0x2275940 duration: 0.401443
delta: 52175.1
.device: 0x2275940 kernel from: 0 to: 372736 -> range: 372736
device: 0x2275940 duration: 0.393166
device: Hawaii (0x2275940)  kernel from: 0 to: 51456 -> range: 51456 (with blocking: 51456)
device: 0x2275940 duration: 0.401812
delta: 6573.61
.device: 0x2275940 kernel from: 0 to: 372736 -> range: 372736
device: 0x2275940 duration: 0.393206
device: Hawaii (0x2275940)  kernel from: 0 to: 51456 -> range: 51456 (with blocking: 51456)
device: 0x2275940 duration: 0.40179
delta: 8955.18
.device: 0x2275940 kernel from: 0 to: 372736 -> range: 372736
device: 0x2275940 duration: 0.392667
device: Hawaii (0x2275940)  kernel from: 0 to: 51456 -> range: 51456 (with blocking: 51456)
device: 0x2275940 duration: 0.401488
delta: 5530.93
.device: 0x2275940 kernel from: 0 to: 372736 -> range: 372736
device: 0x2275940 duration: 0.392623
device: Hawaii (0x2275940)  kernel from: 0 to: 51456 -> range: 51456 (with blocking: 51456)
device: 0x2275940 duration: 0.401959
delta: 319979
.device: 0x2275940 kernel from: 0 to: 372736 -> range: 372736
device: 0x2275940 duration: 0.393296
device: Hawaii (0x2275940)  kernel from: 0 to: 51456 -> range: 51456 (with blocking: 51456)
device: 0x2275940 duration: 0.401785
delta: 3124.38
.device: 0x2275940 kernel from: 0 to: 372736 -> range: 372736
device: 0x2275940 duration: 0.393146
device: Hawaii (0x2275940)  kernel from: 0 to: 51456 -> range: 51456 (with blocking: 51456)
device: 0x2275940 duration: 0.401802
delta: 17248
.device: 0x2275940 kernel from: 0 to: 372736 -> range: 372736
device: 0x2275940 duration: 0.392688
device: Hawaii (0x2275940)  kernel from: 0 to: 51456 -> range: 51456 (with blocking: 51456)
device: 0x2275940 duration: 0.401483
delta: 27731.5
.device: 0x2275940 kernel from: 0 to: 372736 -> range: 372736
device: 0x2275940 duration: 0.392431
device: Hawaii (0x2275940)  kernel from: 0 to: 51456 -> range: 51456 (with blocking: 51456)
device: 0x2275940 duration: 0.402064
delta: 6939.97
.device: 0x2275940 kernel from: 0 to: 372736 -> range: 372736
device: 0x2275940 duration: 0.392769
device: Hawaii (0x2275940)  kernel from: 0 to: 51456 -> range: 51456 (with blocking: 51456)
device: 0x2275940 duration: 0.401558
delta: 4849.38
.device: 0x2275940 kernel from: 0 to: 372736 -> range: 372736
device: 0x2275940 duration: 0.393179
device: Hawaii (0x2275940)  kernel from: 0 to: 51456 -> range: 51456 (with blocking: 51456)
device: 0x2275940 duration: 0.401738
delta: 9844.42
.device: 0x2275940 kernel from: 0 to: 372736 -> range: 372736
device: 0x2275940 duration: 0.393185
device: Hawaii (0x2275940)  kernel from: 0 to: 51456 -> range: 51456 (with blocking: 51456)
device: 0x2275940 duration: 0.401804
delta: 9637.21
.device: 0x2275940 kernel from: 0 to: 372736 -> range: 372736
device: 0x2275940 duration: 0.393264
device: Hawaii (0x2275940)  kernel from: 0 to: 51456 -> range: 51456 (with blocking: 51456)
device: 0x2275940 duration: 0.401614
delta: 9736.07
.device: 0x2275940 kernel from: 0 to: 372736 -> range: 372736
device: 0x2275940 duration: 0.392532
device: Hawaii (0x2275940)  kernel from: 0 to: 51456 -> range: 51456 (with blocking: 51456)
device: 0x2275940 duration: 0.401929
delta: 39685.9
.device: 0x2275940 kernel from: 0 to: 372736 -> range: 372736
device: 0x2275940 duration: 0.393301
device: Hawaii (0x2275940)  kernel from: 0 to: 51456 -> range: 51456 (with blocking: 51456)
device: 0x2275940 duration: 0.40187
delta: 4142.22
.device: 0x2275940 kernel from: 0 to: 372736 -> range: 372736
device: 0x2275940 duration: 0.392719
device: Hawaii (0x2275940)  kernel from: 0 to: 51456 -> range: 51456 (with blocking: 51456)
device: 0x2275940 duration: 0.401563
delta: 31360.7
.device: 0x2275940 kernel from: 0 to: 372736 -> range: 372736
device: 0x2275940 duration: 0.393001
device: Hawaii (0x2275940)  kernel from: 0 to: 51456 -> range: 51456 (with blocking: 51456)
device: 0x2275940 duration: 0.401739
delta: 14206.5
.device: 0x2275940 kernel from: 0 to: 372736 -> range: 372736
device: 0x2275940 duration: 0.393174
device: Hawaii (0x2275940)  kernel from: 0 to: 51456 -> range: 51456 (with blocking: 51456)
device: 0x2275940 duration: 0.401823
delta: 3328.01
.device: 0x2275940 kernel from: 0 to: 372736 -> range: 372736
device: 0x2275940 duration: 0.393239
device: Hawaii (0x2275940)  kernel from: 0 to: 51456 -> range: 51456 (with blocking: 51456)
device: 0x2275940 duration: 0.401797
delta: 19741.3
.device: 0x2275940 kernel from: 0 to: 372736 -> range: 372736
device: 0x2275940 duration: 0.393196
device: Hawaii (0x2275940)  kernel from: 0 to: 51456 -> range: 51456 (with blocking: 51456)
device: 0x2275940 duration: 0.40187
delta: 5700.24
.device: 0x2275940 kernel from: 0 to: 372736 -> range: 372736
device: 0x2275940 duration: 0.393275
device: Hawaii (0x2275940)  kernel from: 0 to: 51456 -> range: 51456 (with blocking: 51456)
device: 0x2275940 duration: 0.401778
delta: 12256.8
.device: 0x2275940 kernel from: 0 to: 372736 -> range: 372736
device: 0x2275940 duration: 0.393258
device: Hawaii (0x2275940)  kernel from: 0 to: 51456 -> range: 51456 (with blocking: 51456)
device: 0x2275940 duration: 0.402021
delta: 6116.92
.device: 0x2275940 kernel from: 0 to: 372736 -> range: 372736
device: 0x2275940 duration: 0.392756
device: Hawaii (0x2275940)  kernel from: 0 to: 51456 -> range: 51456 (with blocking: 51456)
device: 0x2275940 duration: 0.401575
delta: 16028.9
.device: 0x2275940 kernel from: 0 to: 372736 -> range: 372736
device: 0x2275940 duration: 0.392598
device: Hawaii (0x2275940)  kernel from: 0 to: 51456 -> range: 51456 (with blocking: 51456)
device: 0x2275940 duration: 0.40199
delta: 40225.8
.device: 0x2275940 kernel from: 0 to: 372736 -> range: 372736
device: 0x2275940 duration: 0.393322
device: Hawaii (0x2275940)  kernel from: 0 to: 51456 -> range: 51456 (with blocking: 51456)
device: 0x2275940 duration: 0.401859
delta: 6441.9
.device: 0x2275940 kernel from: 0 to: 372736 -> range: 372736
device: 0x2275940 duration: 0.392728
device: Hawaii (0x2275940)  kernel from: 0 to: 51456 -> range: 51456 (with blocking: 51456)
device: 0x2275940 duration: 0.402141
delta: 7897.61
.device: 0x2275940 kernel from: 0 to: 372736 -> range: 372736
device: 0x2275940 duration: 0.393332
device: Hawaii (0x2275940)  kernel from: 0 to: 51456 -> range: 51456 (with blocking: 51456)
device: 0x2275940 duration: 0.401792
delta: 8164.34
.device: 0x2275940 kernel from: 0 to: 372736 -> range: 372736
device: 0x2275940 duration: 0.393249
device: Hawaii (0x2275940)  kernel from: 0 to: 51456 -> range: 51456 (with blocking: 51456)
device: 0x2275940 duration: 0.401741
delta: 5988.22
.device: 0x2275940 kernel from: 0 to: 372736 -> range: 372736
device: 0x2275940 duration: 0.393218
device: Hawaii (0x2275940)  kernel from: 0 to: 51456 -> range: 51456 (with blocking: 51456)
device: 0x2275940 duration: 0.401815
delta: 8930.28
.device: 0x2275940 kernel from: 0 to: 372736 -> range: 372736
device: 0x2275940 duration: 0.393258
device: Hawaii (0x2275940)  kernel from: 0 to: 51456 -> range: 51456 (with blocking: 51456)
device: 0x2275940 duration: 0.401687
delta: 6624.61
.device: 0x2275940 kernel from: 0 to: 372736 -> range: 372736
device: 0x2275940 duration: 0.392947
device: Hawaii (0x2275940)  kernel from: 0 to: 51456 -> range: 51456 (with blocking: 51456)
device: 0x2275940 duration: 0.401647
delta: 4185.03
.device: 0x2275940 kernel from: 0 to: 372736 -> range: 372736
device: 0x2275940 duration: 0.392621
device: Hawaii (0x2275940)  kernel from: 0 to: 51456 -> range: 51456 (with blocking: 51456)
device: 0x2275940 duration: 0.40146
delta: 6391.52
.device: 0x2275940 kernel from: 0 to: 372736 -> range: 372736
device: 0x2275940 duration: 0.392585
device: Hawaii (0x2275940)  kernel from: 0 to: 51456 -> range: 51456 (with blocking: 51456)
device: 0x2275940 duration: 0.402091
delta: 198547
.device: 0x2275940 kernel from: 0 to: 372736 -> range: 372736
device: 0x2275940 duration: 0.393381
device: Hawaii (0x2275940)  kernel from: 0 to: 51456 -> range: 51456 (with blocking: 51456)
device: 0x2275940 duration: 0.401839
delta: 11482.4
.device: 0x2275940 kernel from: 0 to: 372736 -> range: 372736
device: 0x2275940 duration: 0.393219
device: Hawaii (0x2275940)  kernel from: 0 to: 51456 -> range: 51456 (with blocking: 51456)
device: 0x2275940 duration: 0.401813
delta: 4603.23
.device: 0x2275940 kernel from: 0 to: 372736 -> range: 372736
device: 0x2275940 duration: 0.392689
device: Hawaii (0x2275940)  kernel from: 0 to: 51456 -> range: 51456 (with blocking: 51456)
device: 0x2275940 duration: 0.401487
delta: 6339.8
.device: 0x2275940 kernel from: 0 to: 372736 -> range: 372736
device: 0x2275940 duration: 0.392577
device: Hawaii (0x2275940)  kernel from: 0 to: 51456 -> range: 51456 (with blocking: 51456)
device: 0x2275940 duration: 0.402145
delta: 6007.67
.device: 0x2275940 kernel from: 0 to: 372736 -> range: 372736
device: 0x2275940 duration: 0.392767
device: Hawaii (0x2275940)  kernel from: 0 to: 51456 -> range: 51456 (with blocking: 51456)
device: 0x2275940 duration: 0.401562
delta: 2637.73
.device: 0x2275940 kernel from: 0 to: 372736 -> range: 372736
device: 0x2275940 duration: 0.39312
device: Hawaii (0x2275940)  kernel from: 0 to: 51456 -> range: 51456 (with blocking: 51456)
device: 0x2275940 duration: 0.401714
delta: 14481.3
.device: 0x2275940 kernel from: 0 to: 372736 -> range: 372736
device: 0x2275940 duration: 0.392834
device: Hawaii (0x2275940)  kernel from: 0 to: 51456 -> range: 51456 (with blocking: 51456)
device: 0x2275940 duration: 0.401569
delta: 6195.71
.device: 0x2275940 kernel from: 0 to: 372736 -> range: 372736
device: 0x2275940 duration: 0.392636
device: Hawaii (0x2275940)  kernel from: 0 to: 51456 -> range: 51456 (with blocking: 51456)
device: 0x2275940 duration: 0.401896
delta: 3689.91
.device: 0x2275940 kernel from: 0 to: 372736 -> range: 372736
device: 0x2275940 duration: 0.393284
device: Hawaii (0x2275940)  kernel from: 0 to: 51456 -> range: 51456 (with blocking: 51456)
device: 0x2275940 duration: 0.401802
delta: 18099.5
.device: 0x2275940 kernel from: 0 to: 372736 -> range: 372736
device: 0x2275940 duration: 0.392634
device: Hawaii (0x2275940)  kernel from: 0 to: 51456 -> range: 51456 (with blocking: 51456)
device: 0x2275940 duration: 0.401562
delta: 24602.2
.device: 0x2275940 kernel from: 0 to: 372736 -> range: 372736
device: 0x2275940 duration: 0.392551
device: Hawaii (0x2275940)  kernel from: 0 to: 51456 -> range: 51456 (with blocking: 51456)
device: 0x2275940 duration: 0.401457
delta: 6673.03
.device: 0x2275940 kernel from: 0 to: 372736 -> range: 372736
device: 0x2275940 duration: 0.392574
device: Hawaii (0x2275940)  kernel from: 0 to: 51456 -> range: 51456 (with blocking: 51456)
device: 0x2275940 duration: 0.402117
delta: 5002.17
.device: 0x2275940 kernel from: 0 to: 372736 -> range: 372736
device: 0x2275940 duration: 0.393289
device: Hawaii (0x2275940)  kernel from: 0 to: 51456 -> range: 51456 (with blocking: 51456)
device: 0x2275940 duration: 0.401793
delta: 7577.35

Number of iterations: 300 (max. 300)
Final norm of residuum: 7577.35
counted_mult_calls: 306

Needed Iterations: 300
Final residuum: 7577.35
note: performance calculation: coefficients are reused
note: performance calculation: iterations for calculation : 307.5
note: performance calculation: additional iteration for residual recalculation : 6

Current Duration:: 249.407
Current GFlop/s: 1133.07

Finished Training!

Training took: 249.407 seconds

total_duration: 252.945
