datasetFileName: ../datasets/DR5/DR5_nowarnings_less05_train.arff
hostname: pcsgs07
using configuration
ocl_init_duration: 0.148396
num_candidates: 1
num_candidates: 1 block_size: 128 num_candidates_per_device: 1
device: 0 range_padded: 128 range_start: 0 range_end: 1
support refinement took: 0.206231
candidates with support: 1
num_candidates: 10
num_candidates: 10 block_size: 128 num_candidates_per_device: 10
device: 0 range_padded: 128 range_start: 0 range_end: 10
support refinement took: 0.212875
candidates with support: 10
num_candidates: 60
num_candidates: 60 block_size: 128 num_candidates_per_device: 60
device: 0 range_padded: 128 range_start: 0 range_end: 60
support refinement took: 0.208383
candidates with support: 52
num_candidates: 236
num_candidates: 236 block_size: 128 num_candidates_per_device: 236
device: 0 range_padded: 256 range_start: 0 range_end: 236
support refinement took: 0.209694
candidates with support: 181
num_candidates: 706
num_candidates: 706 block_size: 128 num_candidates_per_device: 706
device: 0 range_padded: 768 range_start: 0 range_end: 706
support refinement took: 0.209745
candidates with support: 503
num_candidates: 1786
num_candidates: 1786 block_size: 128 num_candidates_per_device: 1786
device: 0 range_padded: 1792 range_start: 0 range_end: 1786
support refinement took: 0.209836
candidates with support: 1241
num_candidates: 4140
num_candidates: 4140 block_size: 128 num_candidates_per_device: 4140
device: 0 range_padded: 4224 range_start: 0 range_end: 4140
support refinement took: 0.208938
candidates with support: 2886
num_candidates: 9216
num_candidates: 9216 block_size: 128 num_candidates_per_device: 9216
device: 0 range_padded: 9216 range_start: 0 range_end: 9216
support refinement took: 0.210946
candidates with support: 6397
num_candidates: 19682
num_candidates: 19682 block_size: 128 num_candidates_per_device: 19682
device: 0 range_padded: 19712 range_start: 0 range_end: 19682
support refinement took: 0.209017
candidates with support: 13464
num_candidates: 40066
num_candidates: 40066 block_size: 128 num_candidates_per_device: 40066
device: 0 range_padded: 40192 range_start: 0 range_end: 40066
support refinement took: 0.413908
candidates with support: 26558
support refinement done, grid size: 51293
dimensionality: 5
number of grid points: 51293
number of data points: 371908
considering reduced evaluations for l=1 grid points
grid points with level > 1: 155216
num_ops: 1731.78
creating createOperationMultipleEval grid: ModLinear type: STREAMING==DEFAULT subType: OCLUNIFIED
starting performance test...
algorithm: mult
device: 0x25e7d10 kernel from: 0 to: 372736 -> range: 372736
device: 0x25e7d10 duration: 0.391925
info: first mult not considered
device: 0x25e7d10 kernel from: 0 to: 372736 -> range: 372736
device: 0x25e7d10 duration: 0.392165
device: 0x25e7d10 kernel from: 0 to: 372736 -> range: 372736
device: 0x25e7d10 duration: 0.392183
device: 0x25e7d10 kernel from: 0 to: 372736 -> range: 372736
device: 0x25e7d10 duration: 0.3916
device: 0x25e7d10 kernel from: 0 to: 372736 -> range: 372736
device: 0x25e7d10 duration: 0.392201
device: 0x25e7d10 kernel from: 0 to: 372736 -> range: 372736
device: 0x25e7d10 duration: 0.392234
duration mult: 2.00169, repetitions_averaged: 5
GFLOPS: 865.162
