training dataset: ../datasets/DR5/DR5_nowarnings_less05_train.arff
ocl dummy initalization duration: 2.63793
instances: 371908
support_refinement_min_support: 500
ocl_init_duration: 0.288399
num_candidates: 1
num_candidates: 1 block_size: 128 num_candidates_per_device: 1
device: 0 range_padded: 128 range_start: 0 range_end: 1
support refinement took: 0.330898
candidates with support: 1
num_candidates: 10
num_candidates: 10 block_size: 128 num_candidates_per_device: 10
device: 0 range_padded: 128 range_start: 0 range_end: 10
support refinement took: 0.288449
candidates with support: 10
num_candidates: 60
num_candidates: 60 block_size: 128 num_candidates_per_device: 60
device: 0 range_padded: 128 range_start: 0 range_end: 60
support refinement took: 0.307434
candidates with support: 52
num_candidates: 236
num_candidates: 236 block_size: 128 num_candidates_per_device: 236
device: 0 range_padded: 256 range_start: 0 range_end: 236
support refinement took: 0.298074
candidates with support: 181
num_candidates: 706
num_candidates: 706 block_size: 128 num_candidates_per_device: 706
device: 0 range_padded: 768 range_start: 0 range_end: 706
support refinement took: 0.32063
candidates with support: 503
num_candidates: 1786
num_candidates: 1786 block_size: 128 num_candidates_per_device: 1786
device: 0 range_padded: 1792 range_start: 0 range_end: 1786
support refinement took: 0.313098
candidates with support: 1241
num_candidates: 4140
num_candidates: 4140 block_size: 128 num_candidates_per_device: 4140
device: 0 range_padded: 4224 range_start: 0 range_end: 4140
support refinement took: 0.300267
candidates with support: 2886
num_candidates: 9216
num_candidates: 9216 block_size: 128 num_candidates_per_device: 9216
device: 0 range_padded: 9216 range_start: 0 range_end: 9216
support refinement took: 0.320934
candidates with support: 6397
num_candidates: 19682
num_candidates: 19682 block_size: 128 num_candidates_per_device: 19682
device: 0 range_padded: 19712 range_start: 0 range_end: 19682
support refinement took: 0.330947
candidates with support: 13464
num_candidates: 40066
num_candidates: 40066 block_size: 128 num_candidates_per_device: 40066
device: 0 range_padded: 40192 range_start: 0 range_end: 40066
support refinement took: 0.535553
candidates with support: 26558
datadriven refinement done, grid size: 51293
creating createOperationMultipleEval type: DEFAULT, using base operator factory
creating createOperationMultipleEval grid: ModLinear type: STREAMING==DEFAULT subType: OCLUNIFIED
Starting Learning....

Doing refinement: 0
Grid Size: 51293
device: Tesla P100-PCIE-16GB (0x18f3970)  kernel from: 0 to: 51456 -> range: 51456 (with blocking: 25728)
device: 0x18f3970 duration: 0.213425
Starting Conjugated Gradients
All temp variables used in CG have been initialized
device: 0x18f3970 kernel from: 0 to: 372736 -> range: 372736
device: 0x18f3970 duration: 0.150211
device: Tesla P100-PCIE-16GB (0x18f3970)  kernel from: 0 to: 51456 -> range: 51456 (with blocking: 25728)
device: 0x18f3970 duration: 0.213384
Starting norm of residuum: -nan
Target norm:               0
.device: 0x18f3970 kernel from: 0 to: 372736 -> range: 372736
device: 0x18f3970 duration: 0.150208
device: Tesla P100-PCIE-16GB (0x18f3970)  kernel from: 0 to: 51456 -> range: 51456 (with blocking: 25728)
device: 0x18f3970 duration: 0.21341
delta: 2.48387e+09
.device: 0x18f3970 kernel from: 0 to: 372736 -> range: 372736
device: 0x18f3970 duration: 0.150211
device: Tesla P100-PCIE-16GB (0x18f3970)  kernel from: 0 to: 51456 -> range: 51456 (with blocking: 25728)
device: 0x18f3970 duration: 0.213418
delta: 2.08737e+08
.device: 0x18f3970 kernel from: 0 to: 372736 -> range: 372736
device: 0x18f3970 duration: 0.150254
device: Tesla P100-PCIE-16GB (0x18f3970)  kernel from: 0 to: 51456 -> range: 51456 (with blocking: 25728)
device: 0x18f3970 duration: 0.213405
delta: 2.5682e+08
.device: 0x18f3970 kernel from: 0 to: 372736 -> range: 372736
device: 0x18f3970 duration: 0.150237
device: Tesla P100-PCIE-16GB (0x18f3970)  kernel from: 0 to: 51456 -> range: 51456 (with blocking: 25728)
device: 0x18f3970 duration: 0.213418
delta: 1.26015e+08
.device: 0x18f3970 kernel from: 0 to: 372736 -> range: 372736
device: 0x18f3970 duration: 0.150152
device: Tesla P100-PCIE-16GB (0x18f3970)  kernel from: 0 to: 51456 -> range: 51456 (with blocking: 25728)
device: 0x18f3970 duration: 0.213408
delta: 5.29509e+07
.device: 0x18f3970 kernel from: 0 to: 372736 -> range: 372736
device: 0x18f3970 duration: 0.150215
device: Tesla P100-PCIE-16GB (0x18f3970)  kernel from: 0 to: 51456 -> range: 51456 (with blocking: 25728)
device: 0x18f3970 duration: 0.213396
delta: 4.9246e+07
.device: 0x18f3970 kernel from: 0 to: 372736 -> range: 372736
device: 0x18f3970 duration: 0.150202
device: Tesla P100-PCIE-16GB (0x18f3970)  kernel from: 0 to: 51456 -> range: 51456 (with blocking: 25728)
device: 0x18f3970 duration: 0.213387
delta: 2.58437e+07
.device: 0x18f3970 kernel from: 0 to: 372736 -> range: 372736
device: 0x18f3970 duration: 0.150224
device: Tesla P100-PCIE-16GB (0x18f3970)  kernel from: 0 to: 51456 -> range: 51456 (with blocking: 25728)
device: 0x18f3970 duration: 0.2134
delta: 1.90104e+07
.device: 0x18f3970 kernel from: 0 to: 372736 -> range: 372736
device: 0x18f3970 duration: 0.150218
device: Tesla P100-PCIE-16GB (0x18f3970)  kernel from: 0 to: 51456 -> range: 51456 (with blocking: 25728)
device: 0x18f3970 duration: 0.213383
delta: 9.75989e+06
.device: 0x18f3970 kernel from: 0 to: 372736 -> range: 372736
device: 0x18f3970 duration: 0.150218
device: Tesla P100-PCIE-16GB (0x18f3970)  kernel from: 0 to: 51456 -> range: 51456 (with blocking: 25728)
device: 0x18f3970 duration: 0.213401
delta: 5.87041e+06
.device: 0x18f3970 kernel from: 0 to: 372736 -> range: 372736
device: 0x18f3970 duration: 0.15021
device: Tesla P100-PCIE-16GB (0x18f3970)  kernel from: 0 to: 51456 -> range: 51456 (with blocking: 25728)
device: 0x18f3970 duration: 0.213359
delta: 3.23062e+07
.device: 0x18f3970 kernel from: 0 to: 372736 -> range: 372736
device: 0x18f3970 duration: 0.150262
device: Tesla P100-PCIE-16GB (0x18f3970)  kernel from: 0 to: 51456 -> range: 51456 (with blocking: 25728)
device: 0x18f3970 duration: 0.213412
delta: 7.53952e+06
.device: 0x18f3970 kernel from: 0 to: 372736 -> range: 372736
device: 0x18f3970 duration: 0.150205
device: Tesla P100-PCIE-16GB (0x18f3970)  kernel from: 0 to: 51456 -> range: 51456 (with blocking: 25728)
device: 0x18f3970 duration: 0.213389
delta: 4.03079e+06
.device: 0x18f3970 kernel from: 0 to: 372736 -> range: 372736
device: 0x18f3970 duration: 0.150225
device: Tesla P100-PCIE-16GB (0x18f3970)  kernel from: 0 to: 51456 -> range: 51456 (with blocking: 25728)
device: 0x18f3970 duration: 0.213391
delta: 4.36691e+06
.device: 0x18f3970 kernel from: 0 to: 372736 -> range: 372736
device: 0x18f3970 duration: 0.150232
device: Tesla P100-PCIE-16GB (0x18f3970)  kernel from: 0 to: 51456 -> range: 51456 (with blocking: 25728)
device: 0x18f3970 duration: 0.213375
delta: 3.19895e+06
.device: 0x18f3970 kernel from: 0 to: 372736 -> range: 372736
device: 0x18f3970 duration: 0.150234
device: Tesla P100-PCIE-16GB (0x18f3970)  kernel from: 0 to: 51456 -> range: 51456 (with blocking: 25728)
device: 0x18f3970 duration: 0.213411
delta: 1.53341e+06
.device: 0x18f3970 kernel from: 0 to: 372736 -> range: 372736
device: 0x18f3970 duration: 0.150237
device: Tesla P100-PCIE-16GB (0x18f3970)  kernel from: 0 to: 51456 -> range: 51456 (with blocking: 25728)
device: 0x18f3970 duration: 0.213412
delta: 1.1486e+06
.device: 0x18f3970 kernel from: 0 to: 372736 -> range: 372736
device: 0x18f3970 duration: 0.150223
device: Tesla P100-PCIE-16GB (0x18f3970)  kernel from: 0 to: 51456 -> range: 51456 (with blocking: 25728)
device: 0x18f3970 duration: 0.2134
delta: 1.25795e+06
.device: 0x18f3970 kernel from: 0 to: 372736 -> range: 372736
device: 0x18f3970 duration: 0.150276
device: Tesla P100-PCIE-16GB (0x18f3970)  kernel from: 0 to: 51456 -> range: 51456 (with blocking: 25728)
device: 0x18f3970 duration: 0.213379
delta: 4.40947e+06
.device: 0x18f3970 kernel from: 0 to: 372736 -> range: 372736
device: 0x18f3970 duration: 0.150261
device: Tesla P100-PCIE-16GB (0x18f3970)  kernel from: 0 to: 51456 -> range: 51456 (with blocking: 25728)
device: 0x18f3970 duration: 0.213418
delta: 887081
.device: 0x18f3970 kernel from: 0 to: 372736 -> range: 372736
device: 0x18f3970 duration: 0.150214
device: Tesla P100-PCIE-16GB (0x18f3970)  kernel from: 0 to: 51456 -> range: 51456 (with blocking: 25728)
device: 0x18f3970 duration: 0.213392
delta: 3.6085e+06
.device: 0x18f3970 kernel from: 0 to: 372736 -> range: 372736
device: 0x18f3970 duration: 0.150217
device: Tesla P100-PCIE-16GB (0x18f3970)  kernel from: 0 to: 51456 -> range: 51456 (with blocking: 25728)
device: 0x18f3970 duration: 0.213371
delta: 2.66361e+06
.device: 0x18f3970 kernel from: 0 to: 372736 -> range: 372736
device: 0x18f3970 duration: 0.15023
device: Tesla P100-PCIE-16GB (0x18f3970)  kernel from: 0 to: 51456 -> range: 51456 (with blocking: 25728)
device: 0x18f3970 duration: 0.213397
delta: 758763
.device: 0x18f3970 kernel from: 0 to: 372736 -> range: 372736
device: 0x18f3970 duration: 0.150235
device: Tesla P100-PCIE-16GB (0x18f3970)  kernel from: 0 to: 51456 -> range: 51456 (with blocking: 25728)
device: 0x18f3970 duration: 0.213387
delta: 742787
.device: 0x18f3970 kernel from: 0 to: 372736 -> range: 372736
device: 0x18f3970 duration: 0.150218
device: Tesla P100-PCIE-16GB (0x18f3970)  kernel from: 0 to: 51456 -> range: 51456 (with blocking: 25728)
device: 0x18f3970 duration: 0.213384
delta: 482876
.device: 0x18f3970 kernel from: 0 to: 372736 -> range: 372736
device: 0x18f3970 duration: 0.150216
device: Tesla P100-PCIE-16GB (0x18f3970)  kernel from: 0 to: 51456 -> range: 51456 (with blocking: 25728)
device: 0x18f3970 duration: 0.213407
delta: 454318
.device: 0x18f3970 kernel from: 0 to: 372736 -> range: 372736
device: 0x18f3970 duration: 0.15018
device: Tesla P100-PCIE-16GB (0x18f3970)  kernel from: 0 to: 51456 -> range: 51456 (with blocking: 25728)
device: 0x18f3970 duration: 0.213413
delta: 299963
.device: 0x18f3970 kernel from: 0 to: 372736 -> range: 372736
device: 0x18f3970 duration: 0.150225
device: Tesla P100-PCIE-16GB (0x18f3970)  kernel from: 0 to: 51456 -> range: 51456 (with blocking: 25728)
device: 0x18f3970 duration: 0.21339
delta: 310455
.device: 0x18f3970 kernel from: 0 to: 372736 -> range: 372736
device: 0x18f3970 duration: 0.150203
device: Tesla P100-PCIE-16GB (0x18f3970)  kernel from: 0 to: 51456 -> range: 51456 (with blocking: 25728)
device: 0x18f3970 duration: 0.213371
delta: 3.3699e+06
.device: 0x18f3970 kernel from: 0 to: 372736 -> range: 372736
device: 0x18f3970 duration: 0.150248
device: Tesla P100-PCIE-16GB (0x18f3970)  kernel from: 0 to: 51456 -> range: 51456 (with blocking: 25728)
device: 0x18f3970 duration: 0.213383
delta: 2.91374e+06
.device: 0x18f3970 kernel from: 0 to: 372736 -> range: 372736
device: 0x18f3970 duration: 0.150229
device: Tesla P100-PCIE-16GB (0x18f3970)  kernel from: 0 to: 51456 -> range: 51456 (with blocking: 25728)
device: 0x18f3970 duration: 0.213432
delta: 286334
.device: 0x18f3970 kernel from: 0 to: 372736 -> range: 372736
device: 0x18f3970 duration: 0.150224
device: Tesla P100-PCIE-16GB (0x18f3970)  kernel from: 0 to: 51456 -> range: 51456 (with blocking: 25728)
device: 0x18f3970 duration: 0.213405
delta: 207825
.device: 0x18f3970 kernel from: 0 to: 372736 -> range: 372736
device: 0x18f3970 duration: 0.150271
device: Tesla P100-PCIE-16GB (0x18f3970)  kernel from: 0 to: 51456 -> range: 51456 (with blocking: 25728)
device: 0x18f3970 duration: 0.213398
delta: 547494
.device: 0x18f3970 kernel from: 0 to: 372736 -> range: 372736
device: 0x18f3970 duration: 0.150264
device: Tesla P100-PCIE-16GB (0x18f3970)  kernel from: 0 to: 51456 -> range: 51456 (with blocking: 25728)
device: 0x18f3970 duration: 0.213407
delta: 442506
.device: 0x18f3970 kernel from: 0 to: 372736 -> range: 372736
device: 0x18f3970 duration: 0.150144
device: Tesla P100-PCIE-16GB (0x18f3970)  kernel from: 0 to: 51456 -> range: 51456 (with blocking: 25728)
device: 0x18f3970 duration: 0.213395
delta: 547020
.device: 0x18f3970 kernel from: 0 to: 372736 -> range: 372736
device: 0x18f3970 duration: 0.150276
device: Tesla P100-PCIE-16GB (0x18f3970)  kernel from: 0 to: 51456 -> range: 51456 (with blocking: 25728)
device: 0x18f3970 duration: 0.213406
delta: 199882
.device: 0x18f3970 kernel from: 0 to: 372736 -> range: 372736
device: 0x18f3970 duration: 0.150221
device: Tesla P100-PCIE-16GB (0x18f3970)  kernel from: 0 to: 51456 -> range: 51456 (with blocking: 25728)
device: 0x18f3970 duration: 0.213406
delta: 190511
.device: 0x18f3970 kernel from: 0 to: 372736 -> range: 372736
device: 0x18f3970 duration: 0.15018
device: Tesla P100-PCIE-16GB (0x18f3970)  kernel from: 0 to: 51456 -> range: 51456 (with blocking: 25728)
device: 0x18f3970 duration: 0.213386
delta: 987317
.device: 0x18f3970 kernel from: 0 to: 372736 -> range: 372736
device: 0x18f3970 duration: 0.150198
device: Tesla P100-PCIE-16GB (0x18f3970)  kernel from: 0 to: 51456 -> range: 51456 (with blocking: 25728)
device: 0x18f3970 duration: 0.213399
delta: 2.28814e+06
.device: 0x18f3970 kernel from: 0 to: 372736 -> range: 372736
device: 0x18f3970 duration: 0.150235
device: Tesla P100-PCIE-16GB (0x18f3970)  kernel from: 0 to: 51456 -> range: 51456 (with blocking: 25728)
device: 0x18f3970 duration: 0.213372
delta: 644749
.device: 0x18f3970 kernel from: 0 to: 372736 -> range: 372736
device: 0x18f3970 duration: 0.150161
device: Tesla P100-PCIE-16GB (0x18f3970)  kernel from: 0 to: 51456 -> range: 51456 (with blocking: 25728)
device: 0x18f3970 duration: 0.213403
delta: 254622
.device: 0x18f3970 kernel from: 0 to: 372736 -> range: 372736
device: 0x18f3970 duration: 0.15022
device: Tesla P100-PCIE-16GB (0x18f3970)  kernel from: 0 to: 51456 -> range: 51456 (with blocking: 25728)
device: 0x18f3970 duration: 0.213369
delta: 194290
.device: 0x18f3970 kernel from: 0 to: 372736 -> range: 372736
device: 0x18f3970 duration: 0.150222
device: Tesla P100-PCIE-16GB (0x18f3970)  kernel from: 0 to: 51456 -> range: 51456 (with blocking: 25728)
device: 0x18f3970 duration: 0.213398
delta: 104819
.device: 0x18f3970 kernel from: 0 to: 372736 -> range: 372736
device: 0x18f3970 duration: 0.150215
device: Tesla P100-PCIE-16GB (0x18f3970)  kernel from: 0 to: 51456 -> range: 51456 (with blocking: 25728)
device: 0x18f3970 duration: 0.213418
delta: 136717
.device: 0x18f3970 kernel from: 0 to: 372736 -> range: 372736
device: 0x18f3970 duration: 0.150237
device: Tesla P100-PCIE-16GB (0x18f3970)  kernel from: 0 to: 51456 -> range: 51456 (with blocking: 25728)
device: 0x18f3970 duration: 0.213386
delta: 408490
.device: 0x18f3970 kernel from: 0 to: 372736 -> range: 372736
device: 0x18f3970 duration: 0.150211
device: Tesla P100-PCIE-16GB (0x18f3970)  kernel from: 0 to: 51456 -> range: 51456 (with blocking: 25728)
device: 0x18f3970 duration: 0.213391
delta: 147583
.device: 0x18f3970 kernel from: 0 to: 372736 -> range: 372736
device: 0x18f3970 duration: 0.150224
device: Tesla P100-PCIE-16GB (0x18f3970)  kernel from: 0 to: 51456 -> range: 51456 (with blocking: 25728)
device: 0x18f3970 duration: 0.213393
delta: 484315
.device: 0x18f3970 kernel from: 0 to: 372736 -> range: 372736
device: 0x18f3970 duration: 0.150208
device: Tesla P100-PCIE-16GB (0x18f3970)  kernel from: 0 to: 51456 -> range: 51456 (with blocking: 25728)
device: 0x18f3970 duration: 0.213383
delta: 597936
.device: 0x18f3970 kernel from: 0 to: 372736 -> range: 372736
device: 0x18f3970 duration: 0.150194
device: Tesla P100-PCIE-16GB (0x18f3970)  kernel from: 0 to: 51456 -> range: 51456 (with blocking: 25728)
device: 0x18f3970 duration: 0.213431
delta: 481592
.device: 0x18f3970 kernel from: 0 to: 372736 -> range: 372736
device: 0x18f3970 duration: 0.15021
device: Tesla P100-PCIE-16GB (0x18f3970)  kernel from: 0 to: 51456 -> range: 51456 (with blocking: 25728)
device: 0x18f3970 duration: 0.213409
delta: 218603
.device: 0x18f3970 kernel from: 0 to: 372736 -> range: 372736
device: 0x18f3970 duration: 0.150195
device: Tesla P100-PCIE-16GB (0x18f3970)  kernel from: 0 to: 51456 -> range: 51456 (with blocking: 25728)
device: 0x18f3970 duration: 0.213382
device: 0x18f3970 kernel from: 0 to: 372736 -> range: 372736
device: 0x18f3970 duration: 0.150205
device: Tesla P100-PCIE-16GB (0x18f3970)  kernel from: 0 to: 51456 -> range: 51456 (with blocking: 25728)
device: 0x18f3970 duration: 0.213388
delta: 177971
.device: 0x18f3970 kernel from: 0 to: 372736 -> range: 372736
device: 0x18f3970 duration: 0.150212
device: Tesla P100-PCIE-16GB (0x18f3970)  kernel from: 0 to: 51456 -> range: 51456 (with blocking: 25728)
device: 0x18f3970 duration: 0.21338
delta: 592535
.device: 0x18f3970 kernel from: 0 to: 372736 -> range: 372736
device: 0x18f3970 duration: 0.150202
device: Tesla P100-PCIE-16GB (0x18f3970)  kernel from: 0 to: 51456 -> range: 51456 (with blocking: 25728)
device: 0x18f3970 duration: 0.213408
delta: 105265
.device: 0x18f3970 kernel from: 0 to: 372736 -> range: 372736
device: 0x18f3970 duration: 0.150218
device: Tesla P100-PCIE-16GB (0x18f3970)  kernel from: 0 to: 51456 -> range: 51456 (with blocking: 25728)
device: 0x18f3970 duration: 0.213387
delta: 116278
.device: 0x18f3970 kernel from: 0 to: 372736 -> range: 372736
device: 0x18f3970 duration: 0.15025
device: Tesla P100-PCIE-16GB (0x18f3970)  kernel from: 0 to: 51456 -> range: 51456 (with blocking: 25728)
device: 0x18f3970 duration: 0.21339
delta: 465936
.device: 0x18f3970 kernel from: 0 to: 372736 -> range: 372736
device: 0x18f3970 duration: 0.15023
device: Tesla P100-PCIE-16GB (0x18f3970)  kernel from: 0 to: 51456 -> range: 51456 (with blocking: 25728)
device: 0x18f3970 duration: 0.213384
delta: 273056
.device: 0x18f3970 kernel from: 0 to: 372736 -> range: 372736
device: 0x18f3970 duration: 0.150238
device: Tesla P100-PCIE-16GB (0x18f3970)  kernel from: 0 to: 51456 -> range: 51456 (with blocking: 25728)
device: 0x18f3970 duration: 0.213387
delta: 147377
.device: 0x18f3970 kernel from: 0 to: 372736 -> range: 372736
device: 0x18f3970 duration: 0.150288
device: Tesla P100-PCIE-16GB (0x18f3970)  kernel from: 0 to: 51456 -> range: 51456 (with blocking: 25728)
device: 0x18f3970 duration: 0.213407
delta: 192954
.device: 0x18f3970 kernel from: 0 to: 372736 -> range: 372736
device: 0x18f3970 duration: 0.150219
device: Tesla P100-PCIE-16GB (0x18f3970)  kernel from: 0 to: 51456 -> range: 51456 (with blocking: 25728)
device: 0x18f3970 duration: 0.213397
delta: 83641.7
.device: 0x18f3970 kernel from: 0 to: 372736 -> range: 372736
device: 0x18f3970 duration: 0.150229
device: Tesla P100-PCIE-16GB (0x18f3970)  kernel from: 0 to: 51456 -> range: 51456 (with blocking: 25728)
device: 0x18f3970 duration: 0.213382
delta: 378790
.device: 0x18f3970 kernel from: 0 to: 372736 -> range: 372736
device: 0x18f3970 duration: 0.150163
device: Tesla P100-PCIE-16GB (0x18f3970)  kernel from: 0 to: 51456 -> range: 51456 (with blocking: 25728)
device: 0x18f3970 duration: 0.213394
delta: 72891.1
.device: 0x18f3970 kernel from: 0 to: 372736 -> range: 372736
device: 0x18f3970 duration: 0.150196
device: Tesla P100-PCIE-16GB (0x18f3970)  kernel from: 0 to: 51456 -> range: 51456 (with blocking: 25728)
device: 0x18f3970 duration: 0.213387
delta: 76316.1
.device: 0x18f3970 kernel from: 0 to: 372736 -> range: 372736
device: 0x18f3970 duration: 0.150227
device: Tesla P100-PCIE-16GB (0x18f3970)  kernel from: 0 to: 51456 -> range: 51456 (with blocking: 25728)
device: 0x18f3970 duration: 0.213404
delta: 668205
.device: 0x18f3970 kernel from: 0 to: 372736 -> range: 372736
device: 0x18f3970 duration: 0.150159
device: Tesla P100-PCIE-16GB (0x18f3970)  kernel from: 0 to: 51456 -> range: 51456 (with blocking: 25728)
device: 0x18f3970 duration: 0.213384
delta: 52016.2
.device: 0x18f3970 kernel from: 0 to: 372736 -> range: 372736
device: 0x18f3970 duration: 0.150218
device: Tesla P100-PCIE-16GB (0x18f3970)  kernel from: 0 to: 51456 -> range: 51456 (with blocking: 25728)
device: 0x18f3970 duration: 0.213387
delta: 209566
.device: 0x18f3970 kernel from: 0 to: 372736 -> range: 372736
device: 0x18f3970 duration: 0.150148
device: Tesla P100-PCIE-16GB (0x18f3970)  kernel from: 0 to: 51456 -> range: 51456 (with blocking: 25728)
device: 0x18f3970 duration: 0.213401
delta: 1.04687e+06
.device: 0x18f3970 kernel from: 0 to: 372736 -> range: 372736
device: 0x18f3970 duration: 0.150234
device: Tesla P100-PCIE-16GB (0x18f3970)  kernel from: 0 to: 51456 -> range: 51456 (with blocking: 25728)
device: 0x18f3970 duration: 0.213403
delta: 133840
.device: 0x18f3970 kernel from: 0 to: 372736 -> range: 372736
device: 0x18f3970 duration: 0.150182
device: Tesla P100-PCIE-16GB (0x18f3970)  kernel from: 0 to: 51456 -> range: 51456 (with blocking: 25728)
device: 0x18f3970 duration: 0.213384
delta: 92383.3
.device: 0x18f3970 kernel from: 0 to: 372736 -> range: 372736
device: 0x18f3970 duration: 0.150233
device: Tesla P100-PCIE-16GB (0x18f3970)  kernel from: 0 to: 51456 -> range: 51456 (with blocking: 25728)
device: 0x18f3970 duration: 0.213382
delta: 61328.7
.device: 0x18f3970 kernel from: 0 to: 372736 -> range: 372736
device: 0x18f3970 duration: 0.150277
device: Tesla P100-PCIE-16GB (0x18f3970)  kernel from: 0 to: 51456 -> range: 51456 (with blocking: 25728)
device: 0x18f3970 duration: 0.213387
delta: 134480
.device: 0x18f3970 kernel from: 0 to: 372736 -> range: 372736
device: 0x18f3970 duration: 0.150219
device: Tesla P100-PCIE-16GB (0x18f3970)  kernel from: 0 to: 51456 -> range: 51456 (with blocking: 25728)
device: 0x18f3970 duration: 0.213375
delta: 328264
.device: 0x18f3970 kernel from: 0 to: 372736 -> range: 372736
device: 0x18f3970 duration: 0.150214
device: Tesla P100-PCIE-16GB (0x18f3970)  kernel from: 0 to: 51456 -> range: 51456 (with blocking: 25728)
device: 0x18f3970 duration: 0.213362
delta: 102713
.device: 0x18f3970 kernel from: 0 to: 372736 -> range: 372736
device: 0x18f3970 duration: 0.150237
device: Tesla P100-PCIE-16GB (0x18f3970)  kernel from: 0 to: 51456 -> range: 51456 (with blocking: 25728)
device: 0x18f3970 duration: 0.213394
delta: 207858
.device: 0x18f3970 kernel from: 0 to: 372736 -> range: 372736
device: 0x18f3970 duration: 0.150231
device: Tesla P100-PCIE-16GB (0x18f3970)  kernel from: 0 to: 51456 -> range: 51456 (with blocking: 25728)
device: 0x18f3970 duration: 0.213388
delta: 57401.8
.device: 0x18f3970 kernel from: 0 to: 372736 -> range: 372736
device: 0x18f3970 duration: 0.150221
device: Tesla P100-PCIE-16GB (0x18f3970)  kernel from: 0 to: 51456 -> range: 51456 (with blocking: 25728)
device: 0x18f3970 duration: 0.213396
delta: 95273.7
.device: 0x18f3970 kernel from: 0 to: 372736 -> range: 372736
device: 0x18f3970 duration: 0.150209
device: Tesla P100-PCIE-16GB (0x18f3970)  kernel from: 0 to: 51456 -> range: 51456 (with blocking: 25728)
device: 0x18f3970 duration: 0.213385
delta: 229918
.device: 0x18f3970 kernel from: 0 to: 372736 -> range: 372736
device: 0x18f3970 duration: 0.150163
device: Tesla P100-PCIE-16GB (0x18f3970)  kernel from: 0 to: 51456 -> range: 51456 (with blocking: 25728)
device: 0x18f3970 duration: 0.213414
delta: 89155.5
.device: 0x18f3970 kernel from: 0 to: 372736 -> range: 372736
device: 0x18f3970 duration: 0.150233
device: Tesla P100-PCIE-16GB (0x18f3970)  kernel from: 0 to: 51456 -> range: 51456 (with blocking: 25728)
device: 0x18f3970 duration: 0.213404
delta: 606215
.device: 0x18f3970 kernel from: 0 to: 372736 -> range: 372736
device: 0x18f3970 duration: 0.150219
device: Tesla P100-PCIE-16GB (0x18f3970)  kernel from: 0 to: 51456 -> range: 51456 (with blocking: 25728)
device: 0x18f3970 duration: 0.213383
delta: 43519.4
.device: 0x18f3970 kernel from: 0 to: 372736 -> range: 372736
device: 0x18f3970 duration: 0.1502
device: Tesla P100-PCIE-16GB (0x18f3970)  kernel from: 0 to: 51456 -> range: 51456 (with blocking: 25728)
device: 0x18f3970 duration: 0.213382
delta: 76129.4
.device: 0x18f3970 kernel from: 0 to: 372736 -> range: 372736
device: 0x18f3970 duration: 0.150249
device: Tesla P100-PCIE-16GB (0x18f3970)  kernel from: 0 to: 51456 -> range: 51456 (with blocking: 25728)
device: 0x18f3970 duration: 0.21338
delta: 84449.6
.device: 0x18f3970 kernel from: 0 to: 372736 -> range: 372736
device: 0x18f3970 duration: 0.150225
device: Tesla P100-PCIE-16GB (0x18f3970)  kernel from: 0 to: 51456 -> range: 51456 (with blocking: 25728)
device: 0x18f3970 duration: 0.213398
delta: 58117
.device: 0x18f3970 kernel from: 0 to: 372736 -> range: 372736
device: 0x18f3970 duration: 0.15023
device: Tesla P100-PCIE-16GB (0x18f3970)  kernel from: 0 to: 51456 -> range: 51456 (with blocking: 25728)
device: 0x18f3970 duration: 0.213381
delta: 124672
.device: 0x18f3970 kernel from: 0 to: 372736 -> range: 372736
device: 0x18f3970 duration: 0.150228
device: Tesla P100-PCIE-16GB (0x18f3970)  kernel from: 0 to: 51456 -> range: 51456 (with blocking: 25728)
device: 0x18f3970 duration: 0.213407
delta: 207192
.device: 0x18f3970 kernel from: 0 to: 372736 -> range: 372736
device: 0x18f3970 duration: 0.150122
device: Tesla P100-PCIE-16GB (0x18f3970)  kernel from: 0 to: 51456 -> range: 51456 (with blocking: 25728)
device: 0x18f3970 duration: 0.213411
delta: 756231
.device: 0x18f3970 kernel from: 0 to: 372736 -> range: 372736
device: 0x18f3970 duration: 0.150221
device: Tesla P100-PCIE-16GB (0x18f3970)  kernel from: 0 to: 51456 -> range: 51456 (with blocking: 25728)
device: 0x18f3970 duration: 0.213419
delta: 89425.8
.device: 0x18f3970 kernel from: 0 to: 372736 -> range: 372736
device: 0x18f3970 duration: 0.150215
device: Tesla P100-PCIE-16GB (0x18f3970)  kernel from: 0 to: 51456 -> range: 51456 (with blocking: 25728)
device: 0x18f3970 duration: 0.213394
delta: 39899.4
.device: 0x18f3970 kernel from: 0 to: 372736 -> range: 372736
device: 0x18f3970 duration: 0.15015
device: Tesla P100-PCIE-16GB (0x18f3970)  kernel from: 0 to: 51456 -> range: 51456 (with blocking: 25728)
device: 0x18f3970 duration: 0.213408
delta: 47824.2
.device: 0x18f3970 kernel from: 0 to: 372736 -> range: 372736
device: 0x18f3970 duration: 0.150194
device: Tesla P100-PCIE-16GB (0x18f3970)  kernel from: 0 to: 51456 -> range: 51456 (with blocking: 25728)
device: 0x18f3970 duration: 0.213392
delta: 84331.7
.device: 0x18f3970 kernel from: 0 to: 372736 -> range: 372736
device: 0x18f3970 duration: 0.150209
device: Tesla P100-PCIE-16GB (0x18f3970)  kernel from: 0 to: 51456 -> range: 51456 (with blocking: 25728)
device: 0x18f3970 duration: 0.213396
delta: 31537.2
.device: 0x18f3970 kernel from: 0 to: 372736 -> range: 372736
device: 0x18f3970 duration: 0.150215
device: Tesla P100-PCIE-16GB (0x18f3970)  kernel from: 0 to: 51456 -> range: 51456 (with blocking: 25728)
device: 0x18f3970 duration: 0.213392
delta: 122471
.device: 0x18f3970 kernel from: 0 to: 372736 -> range: 372736
device: 0x18f3970 duration: 0.150198
device: Tesla P100-PCIE-16GB (0x18f3970)  kernel from: 0 to: 51456 -> range: 51456 (with blocking: 25728)
device: 0x18f3970 duration: 0.213386
delta: 67824.7
.device: 0x18f3970 kernel from: 0 to: 372736 -> range: 372736
device: 0x18f3970 duration: 0.150238
device: Tesla P100-PCIE-16GB (0x18f3970)  kernel from: 0 to: 51456 -> range: 51456 (with blocking: 25728)
device: 0x18f3970 duration: 0.213424
delta: 124346
.device: 0x18f3970 kernel from: 0 to: 372736 -> range: 372736
device: 0x18f3970 duration: 0.150193
device: Tesla P100-PCIE-16GB (0x18f3970)  kernel from: 0 to: 51456 -> range: 51456 (with blocking: 25728)
device: 0x18f3970 duration: 0.213404
delta: 41422.5
.device: 0x18f3970 kernel from: 0 to: 372736 -> range: 372736
device: 0x18f3970 duration: 0.150228
device: Tesla P100-PCIE-16GB (0x18f3970)  kernel from: 0 to: 51456 -> range: 51456 (with blocking: 25728)
device: 0x18f3970 duration: 0.213385
delta: 295262
.device: 0x18f3970 kernel from: 0 to: 372736 -> range: 372736
device: 0x18f3970 duration: 0.150214
device: Tesla P100-PCIE-16GB (0x18f3970)  kernel from: 0 to: 51456 -> range: 51456 (with blocking: 25728)
device: 0x18f3970 duration: 0.213387
delta: 78659
.device: 0x18f3970 kernel from: 0 to: 372736 -> range: 372736
device: 0x18f3970 duration: 0.150278
device: Tesla P100-PCIE-16GB (0x18f3970)  kernel from: 0 to: 51456 -> range: 51456 (with blocking: 25728)
device: 0x18f3970 duration: 0.213401
delta: 133978
.device: 0x18f3970 kernel from: 0 to: 372736 -> range: 372736
device: 0x18f3970 duration: 0.150225
device: Tesla P100-PCIE-16GB (0x18f3970)  kernel from: 0 to: 51456 -> range: 51456 (with blocking: 25728)
device: 0x18f3970 duration: 0.213414
delta: 32064.8
.device: 0x18f3970 kernel from: 0 to: 372736 -> range: 372736
device: 0x18f3970 duration: 0.150225
device: Tesla P100-PCIE-16GB (0x18f3970)  kernel from: 0 to: 51456 -> range: 51456 (with blocking: 25728)
device: 0x18f3970 duration: 0.213403
delta: 62895.4
.device: 0x18f3970 kernel from: 0 to: 372736 -> range: 372736
device: 0x18f3970 duration: 0.150135
device: Tesla P100-PCIE-16GB (0x18f3970)  kernel from: 0 to: 51456 -> range: 51456 (with blocking: 25728)
device: 0x18f3970 duration: 0.213417
delta: 35628.6
.device: 0x18f3970 kernel from: 0 to: 372736 -> range: 372736
device: 0x18f3970 duration: 0.150212
device: Tesla P100-PCIE-16GB (0x18f3970)  kernel from: 0 to: 51456 -> range: 51456 (with blocking: 25728)
device: 0x18f3970 duration: 0.213387
device: 0x18f3970 kernel from: 0 to: 372736 -> range: 372736
device: 0x18f3970 duration: 0.150156
device: Tesla P100-PCIE-16GB (0x18f3970)  kernel from: 0 to: 51456 -> range: 51456 (with blocking: 25728)
device: 0x18f3970 duration: 0.213399
delta: 24110.8
.device: 0x18f3970 kernel from: 0 to: 372736 -> range: 372736
device: 0x18f3970 duration: 0.150217
device: Tesla P100-PCIE-16GB (0x18f3970)  kernel from: 0 to: 51456 -> range: 51456 (with blocking: 25728)
device: 0x18f3970 duration: 0.213395
delta: 50923.7
.device: 0x18f3970 kernel from: 0 to: 372736 -> range: 372736
device: 0x18f3970 duration: 0.150222
device: Tesla P100-PCIE-16GB (0x18f3970)  kernel from: 0 to: 51456 -> range: 51456 (with blocking: 25728)
device: 0x18f3970 duration: 0.213396
delta: 449471
.device: 0x18f3970 kernel from: 0 to: 372736 -> range: 372736
device: 0x18f3970 duration: 0.150214
device: Tesla P100-PCIE-16GB (0x18f3970)  kernel from: 0 to: 51456 -> range: 51456 (with blocking: 25728)
device: 0x18f3970 duration: 0.21336
delta: 223662
.device: 0x18f3970 kernel from: 0 to: 372736 -> range: 372736
device: 0x18f3970 duration: 0.150141
device: Tesla P100-PCIE-16GB (0x18f3970)  kernel from: 0 to: 51456 -> range: 51456 (with blocking: 25728)
device: 0x18f3970 duration: 0.213395
delta: 32648
.device: 0x18f3970 kernel from: 0 to: 372736 -> range: 372736
device: 0x18f3970 duration: 0.150221
device: Tesla P100-PCIE-16GB (0x18f3970)  kernel from: 0 to: 51456 -> range: 51456 (with blocking: 25728)
device: 0x18f3970 duration: 0.213402
delta: 124849
.device: 0x18f3970 kernel from: 0 to: 372736 -> range: 372736
device: 0x18f3970 duration: 0.150226
device: Tesla P100-PCIE-16GB (0x18f3970)  kernel from: 0 to: 51456 -> range: 51456 (with blocking: 25728)
device: 0x18f3970 duration: 0.2134
delta: 53893.5
.device: 0x18f3970 kernel from: 0 to: 372736 -> range: 372736
device: 0x18f3970 duration: 0.150214
device: Tesla P100-PCIE-16GB (0x18f3970)  kernel from: 0 to: 51456 -> range: 51456 (with blocking: 25728)
device: 0x18f3970 duration: 0.213403
delta: 46687.1
.device: 0x18f3970 kernel from: 0 to: 372736 -> range: 372736
device: 0x18f3970 duration: 0.150219
device: Tesla P100-PCIE-16GB (0x18f3970)  kernel from: 0 to: 51456 -> range: 51456 (with blocking: 25728)
device: 0x18f3970 duration: 0.213378
delta: 21987.6
.device: 0x18f3970 kernel from: 0 to: 372736 -> range: 372736
device: 0x18f3970 duration: 0.150213
device: Tesla P100-PCIE-16GB (0x18f3970)  kernel from: 0 to: 51456 -> range: 51456 (with blocking: 25728)
device: 0x18f3970 duration: 0.213398
delta: 138305
.device: 0x18f3970 kernel from: 0 to: 372736 -> range: 372736
device: 0x18f3970 duration: 0.150221
device: Tesla P100-PCIE-16GB (0x18f3970)  kernel from: 0 to: 51456 -> range: 51456 (with blocking: 25728)
device: 0x18f3970 duration: 0.213409
delta: 40600.6
.device: 0x18f3970 kernel from: 0 to: 372736 -> range: 372736
device: 0x18f3970 duration: 0.150122
device: Tesla P100-PCIE-16GB (0x18f3970)  kernel from: 0 to: 51456 -> range: 51456 (with blocking: 25728)
device: 0x18f3970 duration: 0.213385
delta: 55870.2
.device: 0x18f3970 kernel from: 0 to: 372736 -> range: 372736
device: 0x18f3970 duration: 0.150148
device: Tesla P100-PCIE-16GB (0x18f3970)  kernel from: 0 to: 51456 -> range: 51456 (with blocking: 25728)
device: 0x18f3970 duration: 0.213391
delta: 79599.7
.device: 0x18f3970 kernel from: 0 to: 372736 -> range: 372736
device: 0x18f3970 duration: 0.150227
device: Tesla P100-PCIE-16GB (0x18f3970)  kernel from: 0 to: 51456 -> range: 51456 (with blocking: 25728)
device: 0x18f3970 duration: 0.213419
delta: 312650
.device: 0x18f3970 kernel from: 0 to: 372736 -> range: 372736
device: 0x18f3970 duration: 0.150206
device: Tesla P100-PCIE-16GB (0x18f3970)  kernel from: 0 to: 51456 -> range: 51456 (with blocking: 25728)
device: 0x18f3970 duration: 0.213408
delta: 28905.7
.device: 0x18f3970 kernel from: 0 to: 372736 -> range: 372736
device: 0x18f3970 duration: 0.15022
device: Tesla P100-PCIE-16GB (0x18f3970)  kernel from: 0 to: 51456 -> range: 51456 (with blocking: 25728)
device: 0x18f3970 duration: 0.213392
delta: 43900.7
.device: 0x18f3970 kernel from: 0 to: 372736 -> range: 372736
device: 0x18f3970 duration: 0.150251
device: Tesla P100-PCIE-16GB (0x18f3970)  kernel from: 0 to: 51456 -> range: 51456 (with blocking: 25728)
device: 0x18f3970 duration: 0.213424
delta: 58686.1
.device: 0x18f3970 kernel from: 0 to: 372736 -> range: 372736
device: 0x18f3970 duration: 0.150218
device: Tesla P100-PCIE-16GB (0x18f3970)  kernel from: 0 to: 51456 -> range: 51456 (with blocking: 25728)
device: 0x18f3970 duration: 0.213382
delta: 21291.5
.device: 0x18f3970 kernel from: 0 to: 372736 -> range: 372736
device: 0x18f3970 duration: 0.150213
device: Tesla P100-PCIE-16GB (0x18f3970)  kernel from: 0 to: 51456 -> range: 51456 (with blocking: 25728)
device: 0x18f3970 duration: 0.213383
delta: 33180
.device: 0x18f3970 kernel from: 0 to: 372736 -> range: 372736
device: 0x18f3970 duration: 0.150227
device: Tesla P100-PCIE-16GB (0x18f3970)  kernel from: 0 to: 51456 -> range: 51456 (with blocking: 25728)
device: 0x18f3970 duration: 0.213386
delta: 77584.5
.device: 0x18f3970 kernel from: 0 to: 372736 -> range: 372736
device: 0x18f3970 duration: 0.15021
device: Tesla P100-PCIE-16GB (0x18f3970)  kernel from: 0 to: 51456 -> range: 51456 (with blocking: 25728)
device: 0x18f3970 duration: 0.213379
delta: 33925.4
.device: 0x18f3970 kernel from: 0 to: 372736 -> range: 372736
device: 0x18f3970 duration: 0.150281
device: Tesla P100-PCIE-16GB (0x18f3970)  kernel from: 0 to: 51456 -> range: 51456 (with blocking: 25728)
device: 0x18f3970 duration: 0.213389
delta: 188698
.device: 0x18f3970 kernel from: 0 to: 372736 -> range: 372736
device: 0x18f3970 duration: 0.150152
device: Tesla P100-PCIE-16GB (0x18f3970)  kernel from: 0 to: 51456 -> range: 51456 (with blocking: 25728)
device: 0x18f3970 duration: 0.213391
delta: 60408.9
.device: 0x18f3970 kernel from: 0 to: 372736 -> range: 372736
device: 0x18f3970 duration: 0.150238
device: Tesla P100-PCIE-16GB (0x18f3970)  kernel from: 0 to: 51456 -> range: 51456 (with blocking: 25728)
device: 0x18f3970 duration: 0.213399
delta: 56418.1
.device: 0x18f3970 kernel from: 0 to: 372736 -> range: 372736
device: 0x18f3970 duration: 0.150214
device: Tesla P100-PCIE-16GB (0x18f3970)  kernel from: 0 to: 51456 -> range: 51456 (with blocking: 25728)
device: 0x18f3970 duration: 0.213399
delta: 45711.9
.device: 0x18f3970 kernel from: 0 to: 372736 -> range: 372736
device: 0x18f3970 duration: 0.150232
device: Tesla P100-PCIE-16GB (0x18f3970)  kernel from: 0 to: 51456 -> range: 51456 (with blocking: 25728)
device: 0x18f3970 duration: 0.213396
delta: 29288.2
.device: 0x18f3970 kernel from: 0 to: 372736 -> range: 372736
device: 0x18f3970 duration: 0.150235
device: Tesla P100-PCIE-16GB (0x18f3970)  kernel from: 0 to: 51456 -> range: 51456 (with blocking: 25728)
device: 0x18f3970 duration: 0.21339
delta: 19579.1
.device: 0x18f3970 kernel from: 0 to: 372736 -> range: 372736
device: 0x18f3970 duration: 0.150227
device: Tesla P100-PCIE-16GB (0x18f3970)  kernel from: 0 to: 51456 -> range: 51456 (with blocking: 25728)
device: 0x18f3970 duration: 0.213388
delta: 42579.7
.device: 0x18f3970 kernel from: 0 to: 372736 -> range: 372736
device: 0x18f3970 duration: 0.15013
device: Tesla P100-PCIE-16GB (0x18f3970)  kernel from: 0 to: 51456 -> range: 51456 (with blocking: 25728)
device: 0x18f3970 duration: 0.213392
delta: 20212.8
.device: 0x18f3970 kernel from: 0 to: 372736 -> range: 372736
device: 0x18f3970 duration: 0.150227
device: Tesla P100-PCIE-16GB (0x18f3970)  kernel from: 0 to: 51456 -> range: 51456 (with blocking: 25728)
device: 0x18f3970 duration: 0.213387
delta: 81299.3
.device: 0x18f3970 kernel from: 0 to: 372736 -> range: 372736
device: 0x18f3970 duration: 0.150223
device: Tesla P100-PCIE-16GB (0x18f3970)  kernel from: 0 to: 51456 -> range: 51456 (with blocking: 25728)
device: 0x18f3970 duration: 0.213389
delta: 16385.8
.device: 0x18f3970 kernel from: 0 to: 372736 -> range: 372736
device: 0x18f3970 duration: 0.150236
device: Tesla P100-PCIE-16GB (0x18f3970)  kernel from: 0 to: 51456 -> range: 51456 (with blocking: 25728)
device: 0x18f3970 duration: 0.213426
delta: 132018
.device: 0x18f3970 kernel from: 0 to: 372736 -> range: 372736
device: 0x18f3970 duration: 0.150222
device: Tesla P100-PCIE-16GB (0x18f3970)  kernel from: 0 to: 51456 -> range: 51456 (with blocking: 25728)
device: 0x18f3970 duration: 0.21338
delta: 723391
.device: 0x18f3970 kernel from: 0 to: 372736 -> range: 372736
device: 0x18f3970 duration: 0.150124
device: Tesla P100-PCIE-16GB (0x18f3970)  kernel from: 0 to: 51456 -> range: 51456 (with blocking: 25728)
device: 0x18f3970 duration: 0.213391
delta: 25521.6
.device: 0x18f3970 kernel from: 0 to: 372736 -> range: 372736
device: 0x18f3970 duration: 0.15022
device: Tesla P100-PCIE-16GB (0x18f3970)  kernel from: 0 to: 51456 -> range: 51456 (with blocking: 25728)
device: 0x18f3970 duration: 0.213393
delta: 20769.9
.device: 0x18f3970 kernel from: 0 to: 372736 -> range: 372736
device: 0x18f3970 duration: 0.150227
device: Tesla P100-PCIE-16GB (0x18f3970)  kernel from: 0 to: 51456 -> range: 51456 (with blocking: 25728)
device: 0x18f3970 duration: 0.213395
delta: 59678.6
.device: 0x18f3970 kernel from: 0 to: 372736 -> range: 372736
device: 0x18f3970 duration: 0.150271
device: Tesla P100-PCIE-16GB (0x18f3970)  kernel from: 0 to: 51456 -> range: 51456 (with blocking: 25728)
device: 0x18f3970 duration: 0.213389
delta: 195302
.device: 0x18f3970 kernel from: 0 to: 372736 -> range: 372736
device: 0x18f3970 duration: 0.150245
device: Tesla P100-PCIE-16GB (0x18f3970)  kernel from: 0 to: 51456 -> range: 51456 (with blocking: 25728)
device: 0x18f3970 duration: 0.213388
delta: 24341.7
.device: 0x18f3970 kernel from: 0 to: 372736 -> range: 372736
device: 0x18f3970 duration: 0.150218
device: Tesla P100-PCIE-16GB (0x18f3970)  kernel from: 0 to: 51456 -> range: 51456 (with blocking: 25728)
device: 0x18f3970 duration: 0.213406
delta: 40280.6
.device: 0x18f3970 kernel from: 0 to: 372736 -> range: 372736
device: 0x18f3970 duration: 0.150216
device: Tesla P100-PCIE-16GB (0x18f3970)  kernel from: 0 to: 51456 -> range: 51456 (with blocking: 25728)
device: 0x18f3970 duration: 0.213409
delta: 13071.1
.device: 0x18f3970 kernel from: 0 to: 372736 -> range: 372736
device: 0x18f3970 duration: 0.150115
device: Tesla P100-PCIE-16GB (0x18f3970)  kernel from: 0 to: 51456 -> range: 51456 (with blocking: 25728)
device: 0x18f3970 duration: 0.213392
delta: 33236.4
.device: 0x18f3970 kernel from: 0 to: 372736 -> range: 372736
device: 0x18f3970 duration: 0.150241
device: Tesla P100-PCIE-16GB (0x18f3970)  kernel from: 0 to: 51456 -> range: 51456 (with blocking: 25728)
device: 0x18f3970 duration: 0.213413
delta: 114989
.device: 0x18f3970 kernel from: 0 to: 372736 -> range: 372736
device: 0x18f3970 duration: 0.150145
device: Tesla P100-PCIE-16GB (0x18f3970)  kernel from: 0 to: 51456 -> range: 51456 (with blocking: 25728)
device: 0x18f3970 duration: 0.213399
delta: 28585.2
.device: 0x18f3970 kernel from: 0 to: 372736 -> range: 372736
device: 0x18f3970 duration: 0.150233
device: Tesla P100-PCIE-16GB (0x18f3970)  kernel from: 0 to: 51456 -> range: 51456 (with blocking: 25728)
device: 0x18f3970 duration: 0.21339
delta: 45639
.device: 0x18f3970 kernel from: 0 to: 372736 -> range: 372736
device: 0x18f3970 duration: 0.15021
device: Tesla P100-PCIE-16GB (0x18f3970)  kernel from: 0 to: 51456 -> range: 51456 (with blocking: 25728)
device: 0x18f3970 duration: 0.213402
delta: 35957.2
.device: 0x18f3970 kernel from: 0 to: 372736 -> range: 372736
device: 0x18f3970 duration: 0.150231
device: Tesla P100-PCIE-16GB (0x18f3970)  kernel from: 0 to: 51456 -> range: 51456 (with blocking: 25728)
device: 0x18f3970 duration: 0.213398
delta: 9724.92
.device: 0x18f3970 kernel from: 0 to: 372736 -> range: 372736
device: 0x18f3970 duration: 0.150223
device: Tesla P100-PCIE-16GB (0x18f3970)  kernel from: 0 to: 51456 -> range: 51456 (with blocking: 25728)
device: 0x18f3970 duration: 0.213403
delta: 29261.1
.device: 0x18f3970 kernel from: 0 to: 372736 -> range: 372736
device: 0x18f3970 duration: 0.150216
device: Tesla P100-PCIE-16GB (0x18f3970)  kernel from: 0 to: 51456 -> range: 51456 (with blocking: 25728)
device: 0x18f3970 duration: 0.213385
delta: 41349.9
.device: 0x18f3970 kernel from: 0 to: 372736 -> range: 372736
device: 0x18f3970 duration: 0.150274
device: Tesla P100-PCIE-16GB (0x18f3970)  kernel from: 0 to: 51456 -> range: 51456 (with blocking: 25728)
device: 0x18f3970 duration: 0.213397
delta: 16508.4
.device: 0x18f3970 kernel from: 0 to: 372736 -> range: 372736
device: 0x18f3970 duration: 0.15023
device: Tesla P100-PCIE-16GB (0x18f3970)  kernel from: 0 to: 51456 -> range: 51456 (with blocking: 25728)
device: 0x18f3970 duration: 0.21339
delta: 25100
.device: 0x18f3970 kernel from: 0 to: 372736 -> range: 372736
device: 0x18f3970 duration: 0.150224
device: Tesla P100-PCIE-16GB (0x18f3970)  kernel from: 0 to: 51456 -> range: 51456 (with blocking: 25728)
device: 0x18f3970 duration: 0.213422
device: 0x18f3970 kernel from: 0 to: 372736 -> range: 372736
device: 0x18f3970 duration: 0.150078
device: Tesla P100-PCIE-16GB (0x18f3970)  kernel from: 0 to: 51456 -> range: 51456 (with blocking: 25728)
device: 0x18f3970 duration: 0.213389
delta: 132101
.device: 0x18f3970 kernel from: 0 to: 372736 -> range: 372736
device: 0x18f3970 duration: 0.150221
device: Tesla P100-PCIE-16GB (0x18f3970)  kernel from: 0 to: 51456 -> range: 51456 (with blocking: 25728)
device: 0x18f3970 duration: 0.213404
delta: 176775
.device: 0x18f3970 kernel from: 0 to: 372736 -> range: 372736
device: 0x18f3970 duration: 0.15022
device: Tesla P100-PCIE-16GB (0x18f3970)  kernel from: 0 to: 51456 -> range: 51456 (with blocking: 25728)
device: 0x18f3970 duration: 0.213411
delta: 24888.8
.device: 0x18f3970 kernel from: 0 to: 372736 -> range: 372736
device: 0x18f3970 duration: 0.15027
device: Tesla P100-PCIE-16GB (0x18f3970)  kernel from: 0 to: 51456 -> range: 51456 (with blocking: 25728)
device: 0x18f3970 duration: 0.213405
delta: 21466.3
.device: 0x18f3970 kernel from: 0 to: 372736 -> range: 372736
device: 0x18f3970 duration: 0.15014
device: Tesla P100-PCIE-16GB (0x18f3970)  kernel from: 0 to: 51456 -> range: 51456 (with blocking: 25728)
device: 0x18f3970 duration: 0.213376
delta: 225058
.device: 0x18f3970 kernel from: 0 to: 372736 -> range: 372736
device: 0x18f3970 duration: 0.150222
device: Tesla P100-PCIE-16GB (0x18f3970)  kernel from: 0 to: 51456 -> range: 51456 (with blocking: 25728)
device: 0x18f3970 duration: 0.213385
delta: 11387.2
.device: 0x18f3970 kernel from: 0 to: 372736 -> range: 372736
device: 0x18f3970 duration: 0.150229
device: Tesla P100-PCIE-16GB (0x18f3970)  kernel from: 0 to: 51456 -> range: 51456 (with blocking: 25728)
device: 0x18f3970 duration: 0.213391
delta: 21928.8
.device: 0x18f3970 kernel from: 0 to: 372736 -> range: 372736
device: 0x18f3970 duration: 0.150215
device: Tesla P100-PCIE-16GB (0x18f3970)  kernel from: 0 to: 51456 -> range: 51456 (with blocking: 25728)
device: 0x18f3970 duration: 0.213392
delta: 28261.7
.device: 0x18f3970 kernel from: 0 to: 372736 -> range: 372736
device: 0x18f3970 duration: 0.150214
device: Tesla P100-PCIE-16GB (0x18f3970)  kernel from: 0 to: 51456 -> range: 51456 (with blocking: 25728)
device: 0x18f3970 duration: 0.213413
delta: 29312.2
.device: 0x18f3970 kernel from: 0 to: 372736 -> range: 372736
device: 0x18f3970 duration: 0.150207
device: Tesla P100-PCIE-16GB (0x18f3970)  kernel from: 0 to: 51456 -> range: 51456 (with blocking: 25728)
device: 0x18f3970 duration: 0.213389
delta: 18782.4
.device: 0x18f3970 kernel from: 0 to: 372736 -> range: 372736
device: 0x18f3970 duration: 0.1502
device: Tesla P100-PCIE-16GB (0x18f3970)  kernel from: 0 to: 51456 -> range: 51456 (with blocking: 25728)
device: 0x18f3970 duration: 0.21338
delta: 169199
.device: 0x18f3970 kernel from: 0 to: 372736 -> range: 372736
device: 0x18f3970 duration: 0.150223
device: Tesla P100-PCIE-16GB (0x18f3970)  kernel from: 0 to: 51456 -> range: 51456 (with blocking: 25728)
device: 0x18f3970 duration: 0.213372
delta: 9934.91
.device: 0x18f3970 kernel from: 0 to: 372736 -> range: 372736
device: 0x18f3970 duration: 0.150147
device: Tesla P100-PCIE-16GB (0x18f3970)  kernel from: 0 to: 51456 -> range: 51456 (with blocking: 25728)
device: 0x18f3970 duration: 0.213382
delta: 14605.1
.device: 0x18f3970 kernel from: 0 to: 372736 -> range: 372736
device: 0x18f3970 duration: 0.150214
device: Tesla P100-PCIE-16GB (0x18f3970)  kernel from: 0 to: 51456 -> range: 51456 (with blocking: 25728)
device: 0x18f3970 duration: 0.21338
delta: 11884
.device: 0x18f3970 kernel from: 0 to: 372736 -> range: 372736
device: 0x18f3970 duration: 0.150227
device: Tesla P100-PCIE-16GB (0x18f3970)  kernel from: 0 to: 51456 -> range: 51456 (with blocking: 25728)
device: 0x18f3970 duration: 0.213384
delta: 29664.8
.device: 0x18f3970 kernel from: 0 to: 372736 -> range: 372736
device: 0x18f3970 duration: 0.15011
device: Tesla P100-PCIE-16GB (0x18f3970)  kernel from: 0 to: 51456 -> range: 51456 (with blocking: 25728)
device: 0x18f3970 duration: 0.2134
delta: 26312.1
.device: 0x18f3970 kernel from: 0 to: 372736 -> range: 372736
device: 0x18f3970 duration: 0.150219
device: Tesla P100-PCIE-16GB (0x18f3970)  kernel from: 0 to: 51456 -> range: 51456 (with blocking: 25728)
device: 0x18f3970 duration: 0.2134
delta: 17479.7
.device: 0x18f3970 kernel from: 0 to: 372736 -> range: 372736
device: 0x18f3970 duration: 0.150221
device: Tesla P100-PCIE-16GB (0x18f3970)  kernel from: 0 to: 51456 -> range: 51456 (with blocking: 25728)
device: 0x18f3970 duration: 0.213416
delta: 119044
.device: 0x18f3970 kernel from: 0 to: 372736 -> range: 372736
device: 0x18f3970 duration: 0.150214
device: Tesla P100-PCIE-16GB (0x18f3970)  kernel from: 0 to: 51456 -> range: 51456 (with blocking: 25728)
device: 0x18f3970 duration: 0.213378
delta: 39866.5
.device: 0x18f3970 kernel from: 0 to: 372736 -> range: 372736
device: 0x18f3970 duration: 0.15018
device: Tesla P100-PCIE-16GB (0x18f3970)  kernel from: 0 to: 51456 -> range: 51456 (with blocking: 25728)
device: 0x18f3970 duration: 0.213406
delta: 71087.9
.device: 0x18f3970 kernel from: 0 to: 372736 -> range: 372736
device: 0x18f3970 duration: 0.150221
device: Tesla P100-PCIE-16GB (0x18f3970)  kernel from: 0 to: 51456 -> range: 51456 (with blocking: 25728)
device: 0x18f3970 duration: 0.213387
delta: 25251.6
.device: 0x18f3970 kernel from: 0 to: 372736 -> range: 372736
device: 0x18f3970 duration: 0.150225
device: Tesla P100-PCIE-16GB (0x18f3970)  kernel from: 0 to: 51456 -> range: 51456 (with blocking: 25728)
device: 0x18f3970 duration: 0.213408
delta: 28769.9
.device: 0x18f3970 kernel from: 0 to: 372736 -> range: 372736
device: 0x18f3970 duration: 0.150231
device: Tesla P100-PCIE-16GB (0x18f3970)  kernel from: 0 to: 51456 -> range: 51456 (with blocking: 25728)
device: 0x18f3970 duration: 0.213391
delta: 15667.9
.device: 0x18f3970 kernel from: 0 to: 372736 -> range: 372736
device: 0x18f3970 duration: 0.15023
device: Tesla P100-PCIE-16GB (0x18f3970)  kernel from: 0 to: 51456 -> range: 51456 (with blocking: 25728)
device: 0x18f3970 duration: 0.213414
delta: 32584.5
.device: 0x18f3970 kernel from: 0 to: 372736 -> range: 372736
device: 0x18f3970 duration: 0.150212
device: Tesla P100-PCIE-16GB (0x18f3970)  kernel from: 0 to: 51456 -> range: 51456 (with blocking: 25728)
device: 0x18f3970 duration: 0.213406
delta: 17733.4
.device: 0x18f3970 kernel from: 0 to: 372736 -> range: 372736
device: 0x18f3970 duration: 0.150272
device: Tesla P100-PCIE-16GB (0x18f3970)  kernel from: 0 to: 51456 -> range: 51456 (with blocking: 25728)
device: 0x18f3970 duration: 0.213399
delta: 25113
.device: 0x18f3970 kernel from: 0 to: 372736 -> range: 372736
device: 0x18f3970 duration: 0.150227
device: Tesla P100-PCIE-16GB (0x18f3970)  kernel from: 0 to: 51456 -> range: 51456 (with blocking: 25728)
device: 0x18f3970 duration: 0.213403
delta: 32850.6
.device: 0x18f3970 kernel from: 0 to: 372736 -> range: 372736
device: 0x18f3970 duration: 0.150281
device: Tesla P100-PCIE-16GB (0x18f3970)  kernel from: 0 to: 51456 -> range: 51456 (with blocking: 25728)
device: 0x18f3970 duration: 0.213402
delta: 46943.3
.device: 0x18f3970 kernel from: 0 to: 372736 -> range: 372736
device: 0x18f3970 duration: 0.150223
device: Tesla P100-PCIE-16GB (0x18f3970)  kernel from: 0 to: 51456 -> range: 51456 (with blocking: 25728)
device: 0x18f3970 duration: 0.21342
delta: 11475
.device: 0x18f3970 kernel from: 0 to: 372736 -> range: 372736
device: 0x18f3970 duration: 0.150211
device: Tesla P100-PCIE-16GB (0x18f3970)  kernel from: 0 to: 51456 -> range: 51456 (with blocking: 25728)
device: 0x18f3970 duration: 0.213394
delta: 253938
.device: 0x18f3970 kernel from: 0 to: 372736 -> range: 372736
device: 0x18f3970 duration: 0.150199
device: Tesla P100-PCIE-16GB (0x18f3970)  kernel from: 0 to: 51456 -> range: 51456 (with blocking: 25728)
device: 0x18f3970 duration: 0.213405
delta: 15036.1
.device: 0x18f3970 kernel from: 0 to: 372736 -> range: 372736
device: 0x18f3970 duration: 0.150222
device: Tesla P100-PCIE-16GB (0x18f3970)  kernel from: 0 to: 51456 -> range: 51456 (with blocking: 25728)
device: 0x18f3970 duration: 0.213415
delta: 34338
.device: 0x18f3970 kernel from: 0 to: 372736 -> range: 372736
device: 0x18f3970 duration: 0.150213
device: Tesla P100-PCIE-16GB (0x18f3970)  kernel from: 0 to: 51456 -> range: 51456 (with blocking: 25728)
device: 0x18f3970 duration: 0.21339
delta: 43220.1
.device: 0x18f3970 kernel from: 0 to: 372736 -> range: 372736
device: 0x18f3970 duration: 0.150209
device: Tesla P100-PCIE-16GB (0x18f3970)  kernel from: 0 to: 51456 -> range: 51456 (with blocking: 25728)
device: 0x18f3970 duration: 0.213394
delta: 14185
.device: 0x18f3970 kernel from: 0 to: 372736 -> range: 372736
device: 0x18f3970 duration: 0.150276
device: Tesla P100-PCIE-16GB (0x18f3970)  kernel from: 0 to: 51456 -> range: 51456 (with blocking: 25728)
device: 0x18f3970 duration: 0.213398
delta: 35934.8
.device: 0x18f3970 kernel from: 0 to: 372736 -> range: 372736
device: 0x18f3970 duration: 0.150243
device: Tesla P100-PCIE-16GB (0x18f3970)  kernel from: 0 to: 51456 -> range: 51456 (with blocking: 25728)
device: 0x18f3970 duration: 0.213392
delta: 143526
.device: 0x18f3970 kernel from: 0 to: 372736 -> range: 372736
device: 0x18f3970 duration: 0.150113
device: Tesla P100-PCIE-16GB (0x18f3970)  kernel from: 0 to: 51456 -> range: 51456 (with blocking: 25728)
device: 0x18f3970 duration: 0.213408
delta: 15833
.device: 0x18f3970 kernel from: 0 to: 372736 -> range: 372736
device: 0x18f3970 duration: 0.150206
device: Tesla P100-PCIE-16GB (0x18f3970)  kernel from: 0 to: 51456 -> range: 51456 (with blocking: 25728)
device: 0x18f3970 duration: 0.213409
delta: 10719.8
.device: 0x18f3970 kernel from: 0 to: 372736 -> range: 372736
device: 0x18f3970 duration: 0.150136
device: Tesla P100-PCIE-16GB (0x18f3970)  kernel from: 0 to: 51456 -> range: 51456 (with blocking: 25728)
device: 0x18f3970 duration: 0.213378
delta: 12910.4
.device: 0x18f3970 kernel from: 0 to: 372736 -> range: 372736
device: 0x18f3970 duration: 0.150217
device: Tesla P100-PCIE-16GB (0x18f3970)  kernel from: 0 to: 51456 -> range: 51456 (with blocking: 25728)
device: 0x18f3970 duration: 0.213418
delta: 547680
.device: 0x18f3970 kernel from: 0 to: 372736 -> range: 372736
device: 0x18f3970 duration: 0.150221
device: Tesla P100-PCIE-16GB (0x18f3970)  kernel from: 0 to: 51456 -> range: 51456 (with blocking: 25728)
device: 0x18f3970 duration: 0.213389
delta: 6570.07
.device: 0x18f3970 kernel from: 0 to: 372736 -> range: 372736
device: 0x18f3970 duration: 0.150207
device: Tesla P100-PCIE-16GB (0x18f3970)  kernel from: 0 to: 51456 -> range: 51456 (with blocking: 25728)
device: 0x18f3970 duration: 0.213387
delta: 119220
.device: 0x18f3970 kernel from: 0 to: 372736 -> range: 372736
device: 0x18f3970 duration: 0.15022
device: Tesla P100-PCIE-16GB (0x18f3970)  kernel from: 0 to: 51456 -> range: 51456 (with blocking: 25728)
device: 0x18f3970 duration: 0.213407
delta: 6599.92
.device: 0x18f3970 kernel from: 0 to: 372736 -> range: 372736
device: 0x18f3970 duration: 0.150209
device: Tesla P100-PCIE-16GB (0x18f3970)  kernel from: 0 to: 51456 -> range: 51456 (with blocking: 25728)
device: 0x18f3970 duration: 0.213406
delta: 6736.92
.device: 0x18f3970 kernel from: 0 to: 372736 -> range: 372736
device: 0x18f3970 duration: 0.150277
device: Tesla P100-PCIE-16GB (0x18f3970)  kernel from: 0 to: 51456 -> range: 51456 (with blocking: 25728)
device: 0x18f3970 duration: 0.213388
delta: 14270.8
.device: 0x18f3970 kernel from: 0 to: 372736 -> range: 372736
device: 0x18f3970 duration: 0.150224
device: Tesla P100-PCIE-16GB (0x18f3970)  kernel from: 0 to: 51456 -> range: 51456 (with blocking: 25728)
device: 0x18f3970 duration: 0.213421
delta: 13399.2
.device: 0x18f3970 kernel from: 0 to: 372736 -> range: 372736
device: 0x18f3970 duration: 0.150265
device: Tesla P100-PCIE-16GB (0x18f3970)  kernel from: 0 to: 51456 -> range: 51456 (with blocking: 25728)
device: 0x18f3970 duration: 0.213386
delta: 59678.9
.device: 0x18f3970 kernel from: 0 to: 372736 -> range: 372736
device: 0x18f3970 duration: 0.150225
device: Tesla P100-PCIE-16GB (0x18f3970)  kernel from: 0 to: 51456 -> range: 51456 (with blocking: 25728)
device: 0x18f3970 duration: 0.213395
delta: 11986.3
.device: 0x18f3970 kernel from: 0 to: 372736 -> range: 372736
device: 0x18f3970 duration: 0.150271
device: Tesla P100-PCIE-16GB (0x18f3970)  kernel from: 0 to: 51456 -> range: 51456 (with blocking: 25728)
device: 0x18f3970 duration: 0.213397
delta: 262821
.device: 0x18f3970 kernel from: 0 to: 372736 -> range: 372736
device: 0x18f3970 duration: 0.150223
device: Tesla P100-PCIE-16GB (0x18f3970)  kernel from: 0 to: 51456 -> range: 51456 (with blocking: 25728)
device: 0x18f3970 duration: 0.21338
delta: 38340.6
.device: 0x18f3970 kernel from: 0 to: 372736 -> range: 372736
device: 0x18f3970 duration: 0.15021
device: Tesla P100-PCIE-16GB (0x18f3970)  kernel from: 0 to: 51456 -> range: 51456 (with blocking: 25728)
device: 0x18f3970 duration: 0.213388
device: 0x18f3970 kernel from: 0 to: 372736 -> range: 372736
device: 0x18f3970 duration: 0.150218
device: Tesla P100-PCIE-16GB (0x18f3970)  kernel from: 0 to: 51456 -> range: 51456 (with blocking: 25728)
device: 0x18f3970 duration: 0.213408
delta: 43805.2
.device: 0x18f3970 kernel from: 0 to: 372736 -> range: 372736
device: 0x18f3970 duration: 0.150248
device: Tesla P100-PCIE-16GB (0x18f3970)  kernel from: 0 to: 51456 -> range: 51456 (with blocking: 25728)
device: 0x18f3970 duration: 0.21341
delta: 15685.3
.device: 0x18f3970 kernel from: 0 to: 372736 -> range: 372736
device: 0x18f3970 duration: 0.150216
device: Tesla P100-PCIE-16GB (0x18f3970)  kernel from: 0 to: 51456 -> range: 51456 (with blocking: 25728)
device: 0x18f3970 duration: 0.213391
delta: 16156.2
.device: 0x18f3970 kernel from: 0 to: 372736 -> range: 372736
device: 0x18f3970 duration: 0.150243
device: Tesla P100-PCIE-16GB (0x18f3970)  kernel from: 0 to: 51456 -> range: 51456 (with blocking: 25728)
device: 0x18f3970 duration: 0.213396
delta: 13262.8
.device: 0x18f3970 kernel from: 0 to: 372736 -> range: 372736
device: 0x18f3970 duration: 0.150197
device: Tesla P100-PCIE-16GB (0x18f3970)  kernel from: 0 to: 51456 -> range: 51456 (with blocking: 25728)
device: 0x18f3970 duration: 0.213391
delta: 5267.24
.device: 0x18f3970 kernel from: 0 to: 372736 -> range: 372736
device: 0x18f3970 duration: 0.150204
device: Tesla P100-PCIE-16GB (0x18f3970)  kernel from: 0 to: 51456 -> range: 51456 (with blocking: 25728)
device: 0x18f3970 duration: 0.213405
delta: 18008.2
.device: 0x18f3970 kernel from: 0 to: 372736 -> range: 372736
device: 0x18f3970 duration: 0.150216
device: Tesla P100-PCIE-16GB (0x18f3970)  kernel from: 0 to: 51456 -> range: 51456 (with blocking: 25728)
device: 0x18f3970 duration: 0.213386
delta: 20357.8
.device: 0x18f3970 kernel from: 0 to: 372736 -> range: 372736
device: 0x18f3970 duration: 0.150216
device: Tesla P100-PCIE-16GB (0x18f3970)  kernel from: 0 to: 51456 -> range: 51456 (with blocking: 25728)
device: 0x18f3970 duration: 0.213381
delta: 106082
.device: 0x18f3970 kernel from: 0 to: 372736 -> range: 372736
device: 0x18f3970 duration: 0.150213
device: Tesla P100-PCIE-16GB (0x18f3970)  kernel from: 0 to: 51456 -> range: 51456 (with blocking: 25728)
device: 0x18f3970 duration: 0.213395
delta: 9607.72
.device: 0x18f3970 kernel from: 0 to: 372736 -> range: 372736
device: 0x18f3970 duration: 0.150291
device: Tesla P100-PCIE-16GB (0x18f3970)  kernel from: 0 to: 51456 -> range: 51456 (with blocking: 25728)
device: 0x18f3970 duration: 0.213373
delta: 14747.5
.device: 0x18f3970 kernel from: 0 to: 372736 -> range: 372736
device: 0x18f3970 duration: 0.150214
device: Tesla P100-PCIE-16GB (0x18f3970)  kernel from: 0 to: 51456 -> range: 51456 (with blocking: 25728)
device: 0x18f3970 duration: 0.213397
delta: 76127.5
.device: 0x18f3970 kernel from: 0 to: 372736 -> range: 372736
device: 0x18f3970 duration: 0.15023
device: Tesla P100-PCIE-16GB (0x18f3970)  kernel from: 0 to: 51456 -> range: 51456 (with blocking: 25728)
device: 0x18f3970 duration: 0.213399
delta: 7668.47
.device: 0x18f3970 kernel from: 0 to: 372736 -> range: 372736
device: 0x18f3970 duration: 0.150115
device: Tesla P100-PCIE-16GB (0x18f3970)  kernel from: 0 to: 51456 -> range: 51456 (with blocking: 25728)
device: 0x18f3970 duration: 0.213393
delta: 55284.9
.device: 0x18f3970 kernel from: 0 to: 372736 -> range: 372736
device: 0x18f3970 duration: 0.15022
device: Tesla P100-PCIE-16GB (0x18f3970)  kernel from: 0 to: 51456 -> range: 51456 (with blocking: 25728)
device: 0x18f3970 duration: 0.21342
delta: 18055.4
.device: 0x18f3970 kernel from: 0 to: 372736 -> range: 372736
device: 0x18f3970 duration: 0.150148
device: Tesla P100-PCIE-16GB (0x18f3970)  kernel from: 0 to: 51456 -> range: 51456 (with blocking: 25728)
device: 0x18f3970 duration: 0.213362
delta: 31264.2
.device: 0x18f3970 kernel from: 0 to: 372736 -> range: 372736
device: 0x18f3970 duration: 0.150186
device: Tesla P100-PCIE-16GB (0x18f3970)  kernel from: 0 to: 51456 -> range: 51456 (with blocking: 25728)
device: 0x18f3970 duration: 0.213378
delta: 7109.18
.device: 0x18f3970 kernel from: 0 to: 372736 -> range: 372736
device: 0x18f3970 duration: 0.150169
device: Tesla P100-PCIE-16GB (0x18f3970)  kernel from: 0 to: 51456 -> range: 51456 (with blocking: 25728)
device: 0x18f3970 duration: 0.21339
delta: 40758.7
.device: 0x18f3970 kernel from: 0 to: 372736 -> range: 372736
device: 0x18f3970 duration: 0.150223
device: Tesla P100-PCIE-16GB (0x18f3970)  kernel from: 0 to: 51456 -> range: 51456 (with blocking: 25728)
device: 0x18f3970 duration: 0.213391
delta: 33347.8
.device: 0x18f3970 kernel from: 0 to: 372736 -> range: 372736
device: 0x18f3970 duration: 0.150213
device: Tesla P100-PCIE-16GB (0x18f3970)  kernel from: 0 to: 51456 -> range: 51456 (with blocking: 25728)
device: 0x18f3970 duration: 0.213379
delta: 336364
.device: 0x18f3970 kernel from: 0 to: 372736 -> range: 372736
device: 0x18f3970 duration: 0.150229
device: Tesla P100-PCIE-16GB (0x18f3970)  kernel from: 0 to: 51456 -> range: 51456 (with blocking: 25728)
device: 0x18f3970 duration: 0.213388
delta: 4451.86
.device: 0x18f3970 kernel from: 0 to: 372736 -> range: 372736
device: 0x18f3970 duration: 0.15022
device: Tesla P100-PCIE-16GB (0x18f3970)  kernel from: 0 to: 51456 -> range: 51456 (with blocking: 25728)
device: 0x18f3970 duration: 0.213401
delta: 24499.8
.device: 0x18f3970 kernel from: 0 to: 372736 -> range: 372736
device: 0x18f3970 duration: 0.150204
device: Tesla P100-PCIE-16GB (0x18f3970)  kernel from: 0 to: 51456 -> range: 51456 (with blocking: 25728)
device: 0x18f3970 duration: 0.213401
delta: 8921.86
.device: 0x18f3970 kernel from: 0 to: 372736 -> range: 372736
device: 0x18f3970 duration: 0.150215
device: Tesla P100-PCIE-16GB (0x18f3970)  kernel from: 0 to: 51456 -> range: 51456 (with blocking: 25728)
device: 0x18f3970 duration: 0.213374
delta: 5711.1
.device: 0x18f3970 kernel from: 0 to: 372736 -> range: 372736
device: 0x18f3970 duration: 0.15023
device: Tesla P100-PCIE-16GB (0x18f3970)  kernel from: 0 to: 51456 -> range: 51456 (with blocking: 25728)
device: 0x18f3970 duration: 0.213427
delta: 3880.74
.device: 0x18f3970 kernel from: 0 to: 372736 -> range: 372736
device: 0x18f3970 duration: 0.150226
device: Tesla P100-PCIE-16GB (0x18f3970)  kernel from: 0 to: 51456 -> range: 51456 (with blocking: 25728)
device: 0x18f3970 duration: 0.213402
delta: 19328.6
.device: 0x18f3970 kernel from: 0 to: 372736 -> range: 372736
device: 0x18f3970 duration: 0.150254
device: Tesla P100-PCIE-16GB (0x18f3970)  kernel from: 0 to: 51456 -> range: 51456 (with blocking: 25728)
device: 0x18f3970 duration: 0.213385
delta: 99703
.device: 0x18f3970 kernel from: 0 to: 372736 -> range: 372736
device: 0x18f3970 duration: 0.150231
device: Tesla P100-PCIE-16GB (0x18f3970)  kernel from: 0 to: 51456 -> range: 51456 (with blocking: 25728)
device: 0x18f3970 duration: 0.2134
delta: 108277
.device: 0x18f3970 kernel from: 0 to: 372736 -> range: 372736
device: 0x18f3970 duration: 0.150231
device: Tesla P100-PCIE-16GB (0x18f3970)  kernel from: 0 to: 51456 -> range: 51456 (with blocking: 25728)
device: 0x18f3970 duration: 0.213422
delta: 12482.3
.device: 0x18f3970 kernel from: 0 to: 372736 -> range: 372736
device: 0x18f3970 duration: 0.150223
device: Tesla P100-PCIE-16GB (0x18f3970)  kernel from: 0 to: 51456 -> range: 51456 (with blocking: 25728)
device: 0x18f3970 duration: 0.213399
delta: 12205.6
.device: 0x18f3970 kernel from: 0 to: 372736 -> range: 372736
device: 0x18f3970 duration: 0.150141
device: Tesla P100-PCIE-16GB (0x18f3970)  kernel from: 0 to: 51456 -> range: 51456 (with blocking: 25728)
device: 0x18f3970 duration: 0.213404
delta: 11694.7
.device: 0x18f3970 kernel from: 0 to: 372736 -> range: 372736
device: 0x18f3970 duration: 0.150226
device: Tesla P100-PCIE-16GB (0x18f3970)  kernel from: 0 to: 51456 -> range: 51456 (with blocking: 25728)
device: 0x18f3970 duration: 0.213377
delta: 19170.9
.device: 0x18f3970 kernel from: 0 to: 372736 -> range: 372736
device: 0x18f3970 duration: 0.150125
device: Tesla P100-PCIE-16GB (0x18f3970)  kernel from: 0 to: 51456 -> range: 51456 (with blocking: 25728)
device: 0x18f3970 duration: 0.213389
delta: 14263
.device: 0x18f3970 kernel from: 0 to: 372736 -> range: 372736
device: 0x18f3970 duration: 0.150159
device: Tesla P100-PCIE-16GB (0x18f3970)  kernel from: 0 to: 51456 -> range: 51456 (with blocking: 25728)
device: 0x18f3970 duration: 0.213395
delta: 7499.42
.device: 0x18f3970 kernel from: 0 to: 372736 -> range: 372736
device: 0x18f3970 duration: 0.150229
device: Tesla P100-PCIE-16GB (0x18f3970)  kernel from: 0 to: 51456 -> range: 51456 (with blocking: 25728)
device: 0x18f3970 duration: 0.213418
delta: 9795.48
.device: 0x18f3970 kernel from: 0 to: 372736 -> range: 372736
device: 0x18f3970 duration: 0.150226
device: Tesla P100-PCIE-16GB (0x18f3970)  kernel from: 0 to: 51456 -> range: 51456 (with blocking: 25728)
device: 0x18f3970 duration: 0.213381
delta: 29092.8
.device: 0x18f3970 kernel from: 0 to: 372736 -> range: 372736
device: 0x18f3970 duration: 0.150217
device: Tesla P100-PCIE-16GB (0x18f3970)  kernel from: 0 to: 51456 -> range: 51456 (with blocking: 25728)
device: 0x18f3970 duration: 0.21342
delta: 13772.4
.device: 0x18f3970 kernel from: 0 to: 372736 -> range: 372736
device: 0x18f3970 duration: 0.150174
device: Tesla P100-PCIE-16GB (0x18f3970)  kernel from: 0 to: 51456 -> range: 51456 (with blocking: 25728)
device: 0x18f3970 duration: 0.213396
delta: 178090
.device: 0x18f3970 kernel from: 0 to: 372736 -> range: 372736
device: 0x18f3970 duration: 0.150208
device: Tesla P100-PCIE-16GB (0x18f3970)  kernel from: 0 to: 51456 -> range: 51456 (with blocking: 25728)
device: 0x18f3970 duration: 0.213402
delta: 4485.94
.device: 0x18f3970 kernel from: 0 to: 372736 -> range: 372736
device: 0x18f3970 duration: 0.150235
device: Tesla P100-PCIE-16GB (0x18f3970)  kernel from: 0 to: 51456 -> range: 51456 (with blocking: 25728)
device: 0x18f3970 duration: 0.21343
delta: 14948.3
.device: 0x18f3970 kernel from: 0 to: 372736 -> range: 372736
device: 0x18f3970 duration: 0.150225
device: Tesla P100-PCIE-16GB (0x18f3970)  kernel from: 0 to: 51456 -> range: 51456 (with blocking: 25728)
device: 0x18f3970 duration: 0.213385
delta: 10141.1
.device: 0x18f3970 kernel from: 0 to: 372736 -> range: 372736
device: 0x18f3970 duration: 0.150215
device: Tesla P100-PCIE-16GB (0x18f3970)  kernel from: 0 to: 51456 -> range: 51456 (with blocking: 25728)
device: 0x18f3970 duration: 0.213375
delta: 5194.87
.device: 0x18f3970 kernel from: 0 to: 372736 -> range: 372736
device: 0x18f3970 duration: 0.150232
device: Tesla P100-PCIE-16GB (0x18f3970)  kernel from: 0 to: 51456 -> range: 51456 (with blocking: 25728)
device: 0x18f3970 duration: 0.213377
delta: 10167.4
.device: 0x18f3970 kernel from: 0 to: 372736 -> range: 372736
device: 0x18f3970 duration: 0.150223
device: Tesla P100-PCIE-16GB (0x18f3970)  kernel from: 0 to: 51456 -> range: 51456 (with blocking: 25728)
device: 0x18f3970 duration: 0.213397
delta: 28239.7
.device: 0x18f3970 kernel from: 0 to: 372736 -> range: 372736
device: 0x18f3970 duration: 0.150221
device: Tesla P100-PCIE-16GB (0x18f3970)  kernel from: 0 to: 51456 -> range: 51456 (with blocking: 25728)
device: 0x18f3970 duration: 0.213414
delta: 10249.9
.device: 0x18f3970 kernel from: 0 to: 372736 -> range: 372736
device: 0x18f3970 duration: 0.150226
device: Tesla P100-PCIE-16GB (0x18f3970)  kernel from: 0 to: 51456 -> range: 51456 (with blocking: 25728)
device: 0x18f3970 duration: 0.213406
delta: 10336.8
.device: 0x18f3970 kernel from: 0 to: 372736 -> range: 372736
device: 0x18f3970 duration: 0.150222
device: Tesla P100-PCIE-16GB (0x18f3970)  kernel from: 0 to: 51456 -> range: 51456 (with blocking: 25728)
device: 0x18f3970 duration: 0.213397
delta: 165075
.device: 0x18f3970 kernel from: 0 to: 372736 -> range: 372736
device: 0x18f3970 duration: 0.150223
device: Tesla P100-PCIE-16GB (0x18f3970)  kernel from: 0 to: 51456 -> range: 51456 (with blocking: 25728)
device: 0x18f3970 duration: 0.213404
delta: 10034.3
.device: 0x18f3970 kernel from: 0 to: 372736 -> range: 372736
device: 0x18f3970 duration: 0.150233
device: Tesla P100-PCIE-16GB (0x18f3970)  kernel from: 0 to: 51456 -> range: 51456 (with blocking: 25728)
device: 0x18f3970 duration: 0.213399
delta: 26105.6
.device: 0x18f3970 kernel from: 0 to: 372736 -> range: 372736
device: 0x18f3970 duration: 0.150219
device: Tesla P100-PCIE-16GB (0x18f3970)  kernel from: 0 to: 51456 -> range: 51456 (with blocking: 25728)
device: 0x18f3970 duration: 0.213372
delta: 43716.1
.device: 0x18f3970 kernel from: 0 to: 372736 -> range: 372736
device: 0x18f3970 duration: 0.150214
device: Tesla P100-PCIE-16GB (0x18f3970)  kernel from: 0 to: 51456 -> range: 51456 (with blocking: 25728)
device: 0x18f3970 duration: 0.213384
delta: 3094.49
.device: 0x18f3970 kernel from: 0 to: 372736 -> range: 372736
device: 0x18f3970 duration: 0.150237
device: Tesla P100-PCIE-16GB (0x18f3970)  kernel from: 0 to: 51456 -> range: 51456 (with blocking: 25728)
device: 0x18f3970 duration: 0.213392
device: 0x18f3970 kernel from: 0 to: 372736 -> range: 372736
device: 0x18f3970 duration: 0.150203
device: Tesla P100-PCIE-16GB (0x18f3970)  kernel from: 0 to: 51456 -> range: 51456 (with blocking: 25728)
device: 0x18f3970 duration: 0.213417
delta: 69923.1
.device: 0x18f3970 kernel from: 0 to: 372736 -> range: 372736
device: 0x18f3970 duration: 0.150231
device: Tesla P100-PCIE-16GB (0x18f3970)  kernel from: 0 to: 51456 -> range: 51456 (with blocking: 25728)
device: 0x18f3970 duration: 0.213379
delta: 3346.77
.device: 0x18f3970 kernel from: 0 to: 372736 -> range: 372736
device: 0x18f3970 duration: 0.150253
device: Tesla P100-PCIE-16GB (0x18f3970)  kernel from: 0 to: 51456 -> range: 51456 (with blocking: 25728)
device: 0x18f3970 duration: 0.213411
delta: 7478.96
.device: 0x18f3970 kernel from: 0 to: 372736 -> range: 372736
device: 0x18f3970 duration: 0.150232
device: Tesla P100-PCIE-16GB (0x18f3970)  kernel from: 0 to: 51456 -> range: 51456 (with blocking: 25728)
device: 0x18f3970 duration: 0.213392
delta: 20752.9
.device: 0x18f3970 kernel from: 0 to: 372736 -> range: 372736
device: 0x18f3970 duration: 0.15023
device: Tesla P100-PCIE-16GB (0x18f3970)  kernel from: 0 to: 51456 -> range: 51456 (with blocking: 25728)
device: 0x18f3970 duration: 0.213397
delta: 181536
.device: 0x18f3970 kernel from: 0 to: 372736 -> range: 372736
device: 0x18f3970 duration: 0.150221
device: Tesla P100-PCIE-16GB (0x18f3970)  kernel from: 0 to: 51456 -> range: 51456 (with blocking: 25728)
device: 0x18f3970 duration: 0.21339
delta: 5651.54
.device: 0x18f3970 kernel from: 0 to: 372736 -> range: 372736
device: 0x18f3970 duration: 0.150212
device: Tesla P100-PCIE-16GB (0x18f3970)  kernel from: 0 to: 51456 -> range: 51456 (with blocking: 25728)
device: 0x18f3970 duration: 0.213405
delta: 12310.8
.device: 0x18f3970 kernel from: 0 to: 372736 -> range: 372736
device: 0x18f3970 duration: 0.150252
device: Tesla P100-PCIE-16GB (0x18f3970)  kernel from: 0 to: 51456 -> range: 51456 (with blocking: 25728)
device: 0x18f3970 duration: 0.213389
delta: 11373.9
.device: 0x18f3970 kernel from: 0 to: 372736 -> range: 372736
device: 0x18f3970 duration: 0.150218
device: Tesla P100-PCIE-16GB (0x18f3970)  kernel from: 0 to: 51456 -> range: 51456 (with blocking: 25728)
device: 0x18f3970 duration: 0.213397
delta: 57454.6
.device: 0x18f3970 kernel from: 0 to: 372736 -> range: 372736
device: 0x18f3970 duration: 0.150201
device: Tesla P100-PCIE-16GB (0x18f3970)  kernel from: 0 to: 51456 -> range: 51456 (with blocking: 25728)
device: 0x18f3970 duration: 0.213403
delta: 11689.5
.device: 0x18f3970 kernel from: 0 to: 372736 -> range: 372736
device: 0x18f3970 duration: 0.150176
device: Tesla P100-PCIE-16GB (0x18f3970)  kernel from: 0 to: 51456 -> range: 51456 (with blocking: 25728)
device: 0x18f3970 duration: 0.213391
delta: 17321.5
.device: 0x18f3970 kernel from: 0 to: 372736 -> range: 372736
device: 0x18f3970 duration: 0.150221
device: Tesla P100-PCIE-16GB (0x18f3970)  kernel from: 0 to: 51456 -> range: 51456 (with blocking: 25728)
device: 0x18f3970 duration: 0.213382
delta: 4070.12
.device: 0x18f3970 kernel from: 0 to: 372736 -> range: 372736
device: 0x18f3970 duration: 0.15022
device: Tesla P100-PCIE-16GB (0x18f3970)  kernel from: 0 to: 51456 -> range: 51456 (with blocking: 25728)
device: 0x18f3970 duration: 0.21338
delta: 5664.57
.device: 0x18f3970 kernel from: 0 to: 372736 -> range: 372736
device: 0x18f3970 duration: 0.15022
device: Tesla P100-PCIE-16GB (0x18f3970)  kernel from: 0 to: 51456 -> range: 51456 (with blocking: 25728)
device: 0x18f3970 duration: 0.213402
delta: 23371.5
.device: 0x18f3970 kernel from: 0 to: 372736 -> range: 372736
device: 0x18f3970 duration: 0.150221
device: Tesla P100-PCIE-16GB (0x18f3970)  kernel from: 0 to: 51456 -> range: 51456 (with blocking: 25728)
device: 0x18f3970 duration: 0.213385
delta: 215972
.device: 0x18f3970 kernel from: 0 to: 372736 -> range: 372736
device: 0x18f3970 duration: 0.150224
device: Tesla P100-PCIE-16GB (0x18f3970)  kernel from: 0 to: 51456 -> range: 51456 (with blocking: 25728)
device: 0x18f3970 duration: 0.213407
delta: 3978.05
.device: 0x18f3970 kernel from: 0 to: 372736 -> range: 372736
device: 0x18f3970 duration: 0.150224
device: Tesla P100-PCIE-16GB (0x18f3970)  kernel from: 0 to: 51456 -> range: 51456 (with blocking: 25728)
device: 0x18f3970 duration: 0.21337
delta: 7266.38
.device: 0x18f3970 kernel from: 0 to: 372736 -> range: 372736
device: 0x18f3970 duration: 0.150206
device: Tesla P100-PCIE-16GB (0x18f3970)  kernel from: 0 to: 51456 -> range: 51456 (with blocking: 25728)
device: 0x18f3970 duration: 0.213432
delta: 5452.52
.device: 0x18f3970 kernel from: 0 to: 372736 -> range: 372736
device: 0x18f3970 duration: 0.150209
device: Tesla P100-PCIE-16GB (0x18f3970)  kernel from: 0 to: 51456 -> range: 51456 (with blocking: 25728)
device: 0x18f3970 duration: 0.213385
delta: 14428.9
.device: 0x18f3970 kernel from: 0 to: 372736 -> range: 372736
device: 0x18f3970 duration: 0.150227
device: Tesla P100-PCIE-16GB (0x18f3970)  kernel from: 0 to: 51456 -> range: 51456 (with blocking: 25728)
device: 0x18f3970 duration: 0.21338
delta: 8631.48
.device: 0x18f3970 kernel from: 0 to: 372736 -> range: 372736
device: 0x18f3970 duration: 0.150227
device: Tesla P100-PCIE-16GB (0x18f3970)  kernel from: 0 to: 51456 -> range: 51456 (with blocking: 25728)
device: 0x18f3970 duration: 0.21337
delta: 25554.3
.device: 0x18f3970 kernel from: 0 to: 372736 -> range: 372736
device: 0x18f3970 duration: 0.150216
device: Tesla P100-PCIE-16GB (0x18f3970)  kernel from: 0 to: 51456 -> range: 51456 (with blocking: 25728)
device: 0x18f3970 duration: 0.213417
delta: 4419.55
.device: 0x18f3970 kernel from: 0 to: 372736 -> range: 372736
device: 0x18f3970 duration: 0.150231
device: Tesla P100-PCIE-16GB (0x18f3970)  kernel from: 0 to: 51456 -> range: 51456 (with blocking: 25728)
device: 0x18f3970 duration: 0.213377
delta: 26791.6
.device: 0x18f3970 kernel from: 0 to: 372736 -> range: 372736
device: 0x18f3970 duration: 0.150212
device: Tesla P100-PCIE-16GB (0x18f3970)  kernel from: 0 to: 51456 -> range: 51456 (with blocking: 25728)
device: 0x18f3970 duration: 0.213407
delta: 17873.9
.device: 0x18f3970 kernel from: 0 to: 372736 -> range: 372736
device: 0x18f3970 duration: 0.150216
device: Tesla P100-PCIE-16GB (0x18f3970)  kernel from: 0 to: 51456 -> range: 51456 (with blocking: 25728)
device: 0x18f3970 duration: 0.213413
delta: 5773.92
.device: 0x18f3970 kernel from: 0 to: 372736 -> range: 372736
device: 0x18f3970 duration: 0.15015
device: Tesla P100-PCIE-16GB (0x18f3970)  kernel from: 0 to: 51456 -> range: 51456 (with blocking: 25728)
device: 0x18f3970 duration: 0.213384
delta: 5469.48
.device: 0x18f3970 kernel from: 0 to: 372736 -> range: 372736
device: 0x18f3970 duration: 0.15023
device: Tesla P100-PCIE-16GB (0x18f3970)  kernel from: 0 to: 51456 -> range: 51456 (with blocking: 25728)
device: 0x18f3970 duration: 0.213378
delta: 4411.46
.device: 0x18f3970 kernel from: 0 to: 372736 -> range: 372736
device: 0x18f3970 duration: 0.150105
device: Tesla P100-PCIE-16GB (0x18f3970)  kernel from: 0 to: 51456 -> range: 51456 (with blocking: 25728)
device: 0x18f3970 duration: 0.213371
delta: 6057.39
.device: 0x18f3970 kernel from: 0 to: 372736 -> range: 372736
device: 0x18f3970 duration: 0.150148
device: Tesla P100-PCIE-16GB (0x18f3970)  kernel from: 0 to: 51456 -> range: 51456 (with blocking: 25728)
device: 0x18f3970 duration: 0.21341
delta: 23674.6
.device: 0x18f3970 kernel from: 0 to: 372736 -> range: 372736
device: 0x18f3970 duration: 0.150183
device: Tesla P100-PCIE-16GB (0x18f3970)  kernel from: 0 to: 51456 -> range: 51456 (with blocking: 25728)
device: 0x18f3970 duration: 0.213393
delta: 4544.21
.device: 0x18f3970 kernel from: 0 to: 372736 -> range: 372736
device: 0x18f3970 duration: 0.150223
device: Tesla P100-PCIE-16GB (0x18f3970)  kernel from: 0 to: 51456 -> range: 51456 (with blocking: 25728)
device: 0x18f3970 duration: 0.213392
delta: 5570.65
.device: 0x18f3970 kernel from: 0 to: 372736 -> range: 372736
device: 0x18f3970 duration: 0.150192
device: Tesla P100-PCIE-16GB (0x18f3970)  kernel from: 0 to: 51456 -> range: 51456 (with blocking: 25728)
device: 0x18f3970 duration: 0.213389
delta: 10343.2
.device: 0x18f3970 kernel from: 0 to: 372736 -> range: 372736
device: 0x18f3970 duration: 0.150217
device: Tesla P100-PCIE-16GB (0x18f3970)  kernel from: 0 to: 51456 -> range: 51456 (with blocking: 25728)
device: 0x18f3970 duration: 0.213414
delta: 80161.3
.device: 0x18f3970 kernel from: 0 to: 372736 -> range: 372736
device: 0x18f3970 duration: 0.150219
device: Tesla P100-PCIE-16GB (0x18f3970)  kernel from: 0 to: 51456 -> range: 51456 (with blocking: 25728)
device: 0x18f3970 duration: 0.213385
delta: 19782.9
.device: 0x18f3970 kernel from: 0 to: 372736 -> range: 372736
device: 0x18f3970 duration: 0.150189
device: Tesla P100-PCIE-16GB (0x18f3970)  kernel from: 0 to: 51456 -> range: 51456 (with blocking: 25728)
device: 0x18f3970 duration: 0.213413
delta: 4995.06
.device: 0x18f3970 kernel from: 0 to: 372736 -> range: 372736
device: 0x18f3970 duration: 0.150215
device: Tesla P100-PCIE-16GB (0x18f3970)  kernel from: 0 to: 51456 -> range: 51456 (with blocking: 25728)
device: 0x18f3970 duration: 0.213376
delta: 9797.45
.device: 0x18f3970 kernel from: 0 to: 372736 -> range: 372736
device: 0x18f3970 duration: 0.150286
device: Tesla P100-PCIE-16GB (0x18f3970)  kernel from: 0 to: 51456 -> range: 51456 (with blocking: 25728)
device: 0x18f3970 duration: 0.213396
delta: 5597.92
.device: 0x18f3970 kernel from: 0 to: 372736 -> range: 372736
device: 0x18f3970 duration: 0.150279
device: Tesla P100-PCIE-16GB (0x18f3970)  kernel from: 0 to: 51456 -> range: 51456 (with blocking: 25728)
device: 0x18f3970 duration: 0.213419
delta: 8830.85
.device: 0x18f3970 kernel from: 0 to: 372736 -> range: 372736
device: 0x18f3970 duration: 0.150222
device: Tesla P100-PCIE-16GB (0x18f3970)  kernel from: 0 to: 51456 -> range: 51456 (with blocking: 25728)
device: 0x18f3970 duration: 0.213407
delta: 14946.6
.device: 0x18f3970 kernel from: 0 to: 372736 -> range: 372736
device: 0x18f3970 duration: 0.150258
device: Tesla P100-PCIE-16GB (0x18f3970)  kernel from: 0 to: 51456 -> range: 51456 (with blocking: 25728)
device: 0x18f3970 duration: 0.21338
delta: 15250.7
.device: 0x18f3970 kernel from: 0 to: 372736 -> range: 372736
device: 0x18f3970 duration: 0.150151
device: Tesla P100-PCIE-16GB (0x18f3970)  kernel from: 0 to: 51456 -> range: 51456 (with blocking: 25728)
device: 0x18f3970 duration: 0.213392
delta: 9788.15
.device: 0x18f3970 kernel from: 0 to: 372736 -> range: 372736
device: 0x18f3970 duration: 0.150056
device: Tesla P100-PCIE-16GB (0x18f3970)  kernel from: 0 to: 51456 -> range: 51456 (with blocking: 25728)
device: 0x18f3970 duration: 0.21338
delta: 3520.48
.device: 0x18f3970 kernel from: 0 to: 372736 -> range: 372736
device: 0x18f3970 duration: 0.150213
device: Tesla P100-PCIE-16GB (0x18f3970)  kernel from: 0 to: 51456 -> range: 51456 (with blocking: 25728)
device: 0x18f3970 duration: 0.213416
delta: 213718
.device: 0x18f3970 kernel from: 0 to: 372736 -> range: 372736
device: 0x18f3970 duration: 0.150142
device: Tesla P100-PCIE-16GB (0x18f3970)  kernel from: 0 to: 51456 -> range: 51456 (with blocking: 25728)
device: 0x18f3970 duration: 0.213418
delta: 4210.94
.device: 0x18f3970 kernel from: 0 to: 372736 -> range: 372736
device: 0x18f3970 duration: 0.15022
device: Tesla P100-PCIE-16GB (0x18f3970)  kernel from: 0 to: 51456 -> range: 51456 (with blocking: 25728)
device: 0x18f3970 duration: 0.213411
delta: 3148.55
.device: 0x18f3970 kernel from: 0 to: 372736 -> range: 372736
device: 0x18f3970 duration: 0.150225
device: Tesla P100-PCIE-16GB (0x18f3970)  kernel from: 0 to: 51456 -> range: 51456 (with blocking: 25728)
device: 0x18f3970 duration: 0.213421
delta: 29857.1
.device: 0x18f3970 kernel from: 0 to: 372736 -> range: 372736
device: 0x18f3970 duration: 0.150252
device: Tesla P100-PCIE-16GB (0x18f3970)  kernel from: 0 to: 51456 -> range: 51456 (with blocking: 25728)
device: 0x18f3970 duration: 0.213418
delta: 19061.4
.device: 0x18f3970 kernel from: 0 to: 372736 -> range: 372736
device: 0x18f3970 duration: 0.150193
device: Tesla P100-PCIE-16GB (0x18f3970)  kernel from: 0 to: 51456 -> range: 51456 (with blocking: 25728)
device: 0x18f3970 duration: 0.213398
delta: 3139.61
.device: 0x18f3970 kernel from: 0 to: 372736 -> range: 372736
device: 0x18f3970 duration: 0.150233
device: Tesla P100-PCIE-16GB (0x18f3970)  kernel from: 0 to: 51456 -> range: 51456 (with blocking: 25728)
device: 0x18f3970 duration: 0.213376
delta: 3409.01
.device: 0x18f3970 kernel from: 0 to: 372736 -> range: 372736
device: 0x18f3970 duration: 0.150142
device: Tesla P100-PCIE-16GB (0x18f3970)  kernel from: 0 to: 51456 -> range: 51456 (with blocking: 25728)
device: 0x18f3970 duration: 0.213394
delta: 17894.1

Number of iterations: 300 (max. 300)
Final norm of residuum: 17894.1
counted_mult_calls: 306

Needed Iterations: 300
Final residuum: 17894.1
note: performance calculation: coefficients are reused
note: performance calculation: iterations for calculation : 307.5
note: performance calculation: additional iteration for residual recalculation : 6

Current Duration:: 114.414
Current GFlop/s: 2469.95

Finished Training!

Training took: 114.414 seconds

total_duration: 119.485
