datasetFileName: ../datasets/friedman/weakscaling_regression/friedman1_10d_200000.arff
hostname: pcsgs07
using configuration
dimensionality: 10
number of grid points: 397825
number of data points: 200000
considering reduced evaluations for l=1 grid points
grid points with level > 1: 1550100
num_ops: 9300.6
creating createOperationMultipleEval grid: ModLinear type: STREAMING==DEFAULT subType: OCLUNIFIED
starting performance test...
algorithm: mult
device: 0x1272ba00 kernel from: 0 to: 200192 -> range: 200192
device: 0x1272ba00 duration: 1.52367
info: first mult not considered
device: 0x1272ba00 kernel from: 0 to: 200192 -> range: 200192
device: 0x1272ba00 duration: 1.51959
device: 0x1272ba00 kernel from: 0 to: 200192 -> range: 200192
device: 0x1272ba00 duration: 1.52812
device: 0x1272ba00 kernel from: 0 to: 200192 -> range: 200192
device: 0x1272ba00 duration: 1.52638
device: 0x1272ba00 kernel from: 0 to: 200192 -> range: 200192
device: 0x1272ba00 duration: 1.51466
device: 0x1272ba00 kernel from: 0 to: 200192 -> range: 200192
device: 0x1272ba00 duration: 1.52169
duration mult: 7.64415, repetitions_averaged: 5
GFLOPS: 1216.7
