datasetFileName: ../datasets/friedman/weakscaling_regression/friedman1_10d_200000.arff
hostname: argon-gtx
using configuration
dimensionality: 10
number of grid points: 397825
number of data points: 200000
considering reduced evaluations for l=1 grid points
grid points with level > 1: 1550100
num_ops: 9300.6
creating createOperationMultipleEval grid: ModLinear type: STREAMING==DEFAULT subType: OCLUNIFIED
starting performance test...
algorithm: mult
device: 0x5885e88 kernel from: 0 to: 200192 -> range: 200192
device: 0x5885e88 duration: 2.71994
info: first mult not considered
device: 0x5885e88 kernel from: 0 to: 200192 -> range: 200192
device: 0x5885e88 duration: 2.69087
device: 0x5885e88 kernel from: 0 to: 200192 -> range: 200192
device: 0x5885e88 duration: 2.71689
device: 0x5885e88 kernel from: 0 to: 200192 -> range: 200192
device: 0x5885e88 duration: 2.71223
device: 0x5885e88 kernel from: 0 to: 200192 -> range: 200192
device: 0x5885e88 duration: 2.70175
device: 0x5885e88 kernel from: 0 to: 200192 -> range: 200192
device: 0x5885e88 duration: 2.69315
duration mult: 13.5489, repetitions_averaged: 5
GFLOPS: 686.449
