datasetFileName: ../datasets/friedman/weakscaling_regression/friedman1_10d_200000.arff
hostname: argon-epyc
using configuration
dimensionality: 10
number of grid points: 397825
number of data points: 200000
considering reduced evaluations for l=1 grid points
grid points with level > 1: 1550100
num_ops: 9300.6
creating createOperationMultipleEval grid: ModLinear type: STREAMING==DEFAULT subType: OCLUNIFIED
pci id for fd 4: 1002:66af, driver (null)
pci id for fd 4: 1002:66af, driver (null)
starting performance test...
algorithm: mult
device: 0x12d357a0 kernel from: 0 to: 200192 -> range: 200192
device: 0x12d357a0 duration: 1.27912
info: first mult not considered
device: 0x12d357a0 kernel from: 0 to: 200192 -> range: 200192
device: 0x12d357a0 duration: 1.27909
device: 0x12d357a0 kernel from: 0 to: 200192 -> range: 200192
device: 0x12d357a0 duration: 1.27869
device: 0x12d357a0 kernel from: 0 to: 200192 -> range: 200192
device: 0x12d357a0 duration: 1.27852
device: 0x12d357a0 kernel from: 0 to: 200192 -> range: 200192
device: 0x12d357a0 duration: 1.27884
device: 0x12d357a0 kernel from: 0 to: 200192 -> range: 200192
device: 0x12d357a0 duration: 1.27863
duration mult: 6.42824, repetitions_averaged: 5
GFLOPS: 1446.84
