training dataset: ../datasets/friedman/weakscaling_regression/friedman1_10d_200000.arff
ocl dummy initalization duration: 6.54964
instances: 200000
regular grid size: 397825
creating createOperationMultipleEval type: DEFAULT, using base operator factory
creating createOperationMultipleEval grid: ModLinear type: STREAMING==DEFAULT subType: OCLUNIFIED
Starting Learning....

Doing refinement: 0
Grid Size: 397825
device: GeForce GTX 1080 Ti (0x11945b0)  kernel from: 0 to: 398336 -> range: 398336 (with blocking: 99584)
device: 0x11945b0 duration: 0.612246
Starting Conjugated Gradients
All temp variables used in CG have been initialized
device: 0x11945b0 kernel from: 0 to: 200192 -> range: 200192
device: 0x11945b0 duration: 0.438926
device: GeForce GTX 1080 Ti (0x11945b0)  kernel from: 0 to: 398336 -> range: 398336 (with blocking: 99584)
device: 0x11945b0 duration: 0.534785
Starting norm of residuum: -nan
Target norm:               0
.device: 0x11945b0 kernel from: 0 to: 200192 -> range: 200192
device: 0x11945b0 duration: 0.442058
device: GeForce GTX 1080 Ti (0x11945b0)  kernel from: 0 to: 398336 -> range: 398336 (with blocking: 99584)
device: 0x11945b0 duration: 0.534874
delta: 6.48417e+13
.device: 0x11945b0 kernel from: 0 to: 200192 -> range: 200192
device: 0x11945b0 duration: 0.441099
device: GeForce GTX 1080 Ti (0x11945b0)  kernel from: 0 to: 398336 -> range: 398336 (with blocking: 99584)
device: 0x11945b0 duration: 0.535068
delta: 5.03406e+13
.device: 0x11945b0 kernel from: 0 to: 200192 -> range: 200192
device: 0x11945b0 duration: 0.441432
device: GeForce GTX 1080 Ti (0x11945b0)  kernel from: 0 to: 398336 -> range: 398336 (with blocking: 99584)
device: 0x11945b0 duration: 0.53498
delta: 2.15341e+12
.device: 0x11945b0 kernel from: 0 to: 200192 -> range: 200192
device: 0x11945b0 duration: 0.441173
device: GeForce GTX 1080 Ti (0x11945b0)  kernel from: 0 to: 398336 -> range: 398336 (with blocking: 99584)
device: 0x11945b0 duration: 0.535073
delta: 2.93574e+12
.device: 0x11945b0 kernel from: 0 to: 200192 -> range: 200192
device: 0x11945b0 duration: 0.4423
device: GeForce GTX 1080 Ti (0x11945b0)  kernel from: 0 to: 398336 -> range: 398336 (with blocking: 99584)
device: 0x11945b0 duration: 0.534982
delta: 2.20095e+12
.device: 0x11945b0 kernel from: 0 to: 200192 -> range: 200192
device: 0x11945b0 duration: 0.441377
device: GeForce GTX 1080 Ti (0x11945b0)  kernel from: 0 to: 398336 -> range: 398336 (with blocking: 99584)
device: 0x11945b0 duration: 0.535965
delta: 7.77036e+11
.device: 0x11945b0 kernel from: 0 to: 200192 -> range: 200192
device: 0x11945b0 duration: 0.441909
device: GeForce GTX 1080 Ti (0x11945b0)  kernel from: 0 to: 398336 -> range: 398336 (with blocking: 99584)
device: 0x11945b0 duration: 0.535006
delta: 1.3022e+12
.device: 0x11945b0 kernel from: 0 to: 200192 -> range: 200192
device: 0x11945b0 duration: 0.441454
device: GeForce GTX 1080 Ti (0x11945b0)  kernel from: 0 to: 398336 -> range: 398336 (with blocking: 99584)
device: 0x11945b0 duration: 0.535078
delta: 1.16431e+12
.device: 0x11945b0 kernel from: 0 to: 200192 -> range: 200192
device: 0x11945b0 duration: 0.442172
device: GeForce GTX 1080 Ti (0x11945b0)  kernel from: 0 to: 398336 -> range: 398336 (with blocking: 99584)
device: 0x11945b0 duration: 0.534965
delta: 8.25302e+11
.device: 0x11945b0 kernel from: 0 to: 200192 -> range: 200192
device: 0x11945b0 duration: 0.441452
device: GeForce GTX 1080 Ti (0x11945b0)  kernel from: 0 to: 398336 -> range: 398336 (with blocking: 99584)
device: 0x11945b0 duration: 0.536969
delta: 4.97814e+11
.device: 0x11945b0 kernel from: 0 to: 200192 -> range: 200192
device: 0x11945b0 duration: 0.446045
device: GeForce GTX 1080 Ti (0x11945b0)  kernel from: 0 to: 398336 -> range: 398336 (with blocking: 99584)
device: 0x11945b0 duration: 0.540457
delta: 6.00454e+11
.device: 0x11945b0 kernel from: 0 to: 200192 -> range: 200192
device: 0x11945b0 duration: 0.445405
device: GeForce GTX 1080 Ti (0x11945b0)  kernel from: 0 to: 398336 -> range: 398336 (with blocking: 99584)
device: 0x11945b0 duration: 0.540303
delta: 2.24662e+11
.device: 0x11945b0 kernel from: 0 to: 200192 -> range: 200192
device: 0x11945b0 duration: 0.445809
device: GeForce GTX 1080 Ti (0x11945b0)  kernel from: 0 to: 398336 -> range: 398336 (with blocking: 99584)
device: 0x11945b0 duration: 0.540449
delta: 1.03472e+11
.device: 0x11945b0 kernel from: 0 to: 200192 -> range: 200192
device: 0x11945b0 duration: 0.445436
device: GeForce GTX 1080 Ti (0x11945b0)  kernel from: 0 to: 398336 -> range: 398336 (with blocking: 99584)
device: 0x11945b0 duration: 0.540478
delta: 2.8664e+11
.device: 0x11945b0 kernel from: 0 to: 200192 -> range: 200192
device: 0x11945b0 duration: 0.445456
device: GeForce GTX 1080 Ti (0x11945b0)  kernel from: 0 to: 398336 -> range: 398336 (with blocking: 99584)
device: 0x11945b0 duration: 0.540443
delta: 7.83055e+10
.device: 0x11945b0 kernel from: 0 to: 200192 -> range: 200192
device: 0x11945b0 duration: 0.445467
device: GeForce GTX 1080 Ti (0x11945b0)  kernel from: 0 to: 398336 -> range: 398336 (with blocking: 99584)
device: 0x11945b0 duration: 0.541606
delta: 7.392e+10
.device: 0x11945b0 kernel from: 0 to: 200192 -> range: 200192
device: 0x11945b0 duration: 0.446248
device: GeForce GTX 1080 Ti (0x11945b0)  kernel from: 0 to: 398336 -> range: 398336 (with blocking: 99584)
device: 0x11945b0 duration: 0.540541
delta: 1.1034e+11
.device: 0x11945b0 kernel from: 0 to: 200192 -> range: 200192
device: 0x11945b0 duration: 0.44534
device: GeForce GTX 1080 Ti (0x11945b0)  kernel from: 0 to: 398336 -> range: 398336 (with blocking: 99584)
device: 0x11945b0 duration: 0.540509
delta: 1.04623e+11
.device: 0x11945b0 kernel from: 0 to: 200192 -> range: 200192
device: 0x11945b0 duration: 0.446186
device: GeForce GTX 1080 Ti (0x11945b0)  kernel from: 0 to: 398336 -> range: 398336 (with blocking: 99584)
device: 0x11945b0 duration: 0.540003
delta: 1.0721e+11
.device: 0x11945b0 kernel from: 0 to: 200192 -> range: 200192
device: 0x11945b0 duration: 0.444432
device: GeForce GTX 1080 Ti (0x11945b0)  kernel from: 0 to: 398336 -> range: 398336 (with blocking: 99584)
device: 0x11945b0 duration: 0.538747
delta: 7.602e+10
.device: 0x11945b0 kernel from: 0 to: 200192 -> range: 200192
device: 0x11945b0 duration: 0.446112
device: GeForce GTX 1080 Ti (0x11945b0)  kernel from: 0 to: 398336 -> range: 398336 (with blocking: 99584)
device: 0x11945b0 duration: 0.538722
delta: 3.87425e+10
.device: 0x11945b0 kernel from: 0 to: 200192 -> range: 200192
device: 0x11945b0 duration: 0.443912
device: GeForce GTX 1080 Ti (0x11945b0)  kernel from: 0 to: 398336 -> range: 398336 (with blocking: 99584)
device: 0x11945b0 duration: 0.540183
delta: 5.97439e+10
.device: 0x11945b0 kernel from: 0 to: 200192 -> range: 200192
device: 0x11945b0 duration: 0.445382
device: GeForce GTX 1080 Ti (0x11945b0)  kernel from: 0 to: 398336 -> range: 398336 (with blocking: 99584)
device: 0x11945b0 duration: 0.538737
delta: 6.75106e+10
.device: 0x11945b0 kernel from: 0 to: 200192 -> range: 200192
device: 0x11945b0 duration: 0.445097
device: GeForce GTX 1080 Ti (0x11945b0)  kernel from: 0 to: 398336 -> range: 398336 (with blocking: 99584)
device: 0x11945b0 duration: 0.538717
delta: 4.0485e+10
.device: 0x11945b0 kernel from: 0 to: 200192 -> range: 200192
device: 0x11945b0 duration: 0.444878
device: GeForce GTX 1080 Ti (0x11945b0)  kernel from: 0 to: 398336 -> range: 398336 (with blocking: 99584)
device: 0x11945b0 duration: 0.538777
delta: 7.22598e+10
.device: 0x11945b0 kernel from: 0 to: 200192 -> range: 200192
device: 0x11945b0 duration: 0.444368
device: GeForce GTX 1080 Ti (0x11945b0)  kernel from: 0 to: 398336 -> range: 398336 (with blocking: 99584)
device: 0x11945b0 duration: 0.538878
delta: 1.31517e+10
.device: 0x11945b0 kernel from: 0 to: 200192 -> range: 200192
device: 0x11945b0 duration: 0.445598
device: GeForce GTX 1080 Ti (0x11945b0)  kernel from: 0 to: 398336 -> range: 398336 (with blocking: 99584)
device: 0x11945b0 duration: 0.538884
delta: 4.79599e+10
.device: 0x11945b0 kernel from: 0 to: 200192 -> range: 200192
device: 0x11945b0 duration: 0.444777
device: GeForce GTX 1080 Ti (0x11945b0)  kernel from: 0 to: 398336 -> range: 398336 (with blocking: 99584)
device: 0x11945b0 duration: 0.538945
delta: 3.43087e+10
.device: 0x11945b0 kernel from: 0 to: 200192 -> range: 200192
device: 0x11945b0 duration: 0.444924
device: GeForce GTX 1080 Ti (0x11945b0)  kernel from: 0 to: 398336 -> range: 398336 (with blocking: 99584)
device: 0x11945b0 duration: 0.538898
delta: 4.74919e+10
.device: 0x11945b0 kernel from: 0 to: 200192 -> range: 200192
device: 0x11945b0 duration: 0.444802
device: GeForce GTX 1080 Ti (0x11945b0)  kernel from: 0 to: 398336 -> range: 398336 (with blocking: 99584)
device: 0x11945b0 duration: 0.539984
delta: 1.78899e+10
.device: 0x11945b0 kernel from: 0 to: 200192 -> range: 200192
device: 0x11945b0 duration: 0.448602
device: GeForce GTX 1080 Ti (0x11945b0)  kernel from: 0 to: 398336 -> range: 398336 (with blocking: 99584)
device: 0x11945b0 duration: 0.544515
delta: 2.33349e+10
.device: 0x11945b0 kernel from: 0 to: 200192 -> range: 200192
device: 0x11945b0 duration: 0.449749
device: GeForce GTX 1080 Ti (0x11945b0)  kernel from: 0 to: 398336 -> range: 398336 (with blocking: 99584)
device: 0x11945b0 duration: 0.544502
delta: 2.25839e+10
.device: 0x11945b0 kernel from: 0 to: 200192 -> range: 200192
device: 0x11945b0 duration: 0.449283
device: GeForce GTX 1080 Ti (0x11945b0)  kernel from: 0 to: 398336 -> range: 398336 (with blocking: 99584)
device: 0x11945b0 duration: 0.544476
delta: 5.22165e+10
.device: 0x11945b0 kernel from: 0 to: 200192 -> range: 200192
device: 0x11945b0 duration: 0.449403
device: GeForce GTX 1080 Ti (0x11945b0)  kernel from: 0 to: 398336 -> range: 398336 (with blocking: 99584)
device: 0x11945b0 duration: 0.544497
delta: 2.57828e+10
.device: 0x11945b0 kernel from: 0 to: 200192 -> range: 200192
device: 0x11945b0 duration: 0.449386
device: GeForce GTX 1080 Ti (0x11945b0)  kernel from: 0 to: 398336 -> range: 398336 (with blocking: 99584)
device: 0x11945b0 duration: 0.544499
delta: 4.50279e+10
.device: 0x11945b0 kernel from: 0 to: 200192 -> range: 200192
device: 0x11945b0 duration: 0.449251
device: GeForce GTX 1080 Ti (0x11945b0)  kernel from: 0 to: 398336 -> range: 398336 (with blocking: 99584)
device: 0x11945b0 duration: 0.54452
delta: 1.11687e+10
.device: 0x11945b0 kernel from: 0 to: 200192 -> range: 200192
device: 0x11945b0 duration: 0.449493
device: GeForce GTX 1080 Ti (0x11945b0)  kernel from: 0 to: 398336 -> range: 398336 (with blocking: 99584)
device: 0x11945b0 duration: 0.544645
delta: 1.12399e+10
.device: 0x11945b0 kernel from: 0 to: 200192 -> range: 200192
device: 0x11945b0 duration: 0.449055
device: GeForce GTX 1080 Ti (0x11945b0)  kernel from: 0 to: 398336 -> range: 398336 (with blocking: 99584)
device: 0x11945b0 duration: 0.544666
delta: 2.02654e+10
.device: 0x11945b0 kernel from: 0 to: 200192 -> range: 200192
device: 0x11945b0 duration: 0.449501
device: GeForce GTX 1080 Ti (0x11945b0)  kernel from: 0 to: 398336 -> range: 398336 (with blocking: 99584)
device: 0x11945b0 duration: 0.544675
delta: 3.25268e+10
.device: 0x11945b0 kernel from: 0 to: 200192 -> range: 200192
device: 0x11945b0 duration: 0.44959
device: GeForce GTX 1080 Ti (0x11945b0)  kernel from: 0 to: 398336 -> range: 398336 (with blocking: 99584)
device: 0x11945b0 duration: 0.5446
delta: 1.11019e+10
.device: 0x11945b0 kernel from: 0 to: 200192 -> range: 200192
device: 0x11945b0 duration: 0.448989
device: GeForce GTX 1080 Ti (0x11945b0)  kernel from: 0 to: 398336 -> range: 398336 (with blocking: 99584)
device: 0x11945b0 duration: 0.544599
delta: 1.69552e+10
.device: 0x11945b0 kernel from: 0 to: 200192 -> range: 200192
device: 0x11945b0 duration: 0.449725
device: GeForce GTX 1080 Ti (0x11945b0)  kernel from: 0 to: 398336 -> range: 398336 (with blocking: 99584)
device: 0x11945b0 duration: 0.54462
delta: 2.59487e+10
.device: 0x11945b0 kernel from: 0 to: 200192 -> range: 200192
device: 0x11945b0 duration: 0.449306
device: GeForce GTX 1080 Ti (0x11945b0)  kernel from: 0 to: 398336 -> range: 398336 (with blocking: 99584)
device: 0x11945b0 duration: 0.54465
delta: 7.34941e+09
.device: 0x11945b0 kernel from: 0 to: 200192 -> range: 200192
device: 0x11945b0 duration: 0.449954
device: GeForce GTX 1080 Ti (0x11945b0)  kernel from: 0 to: 398336 -> range: 398336 (with blocking: 99584)
device: 0x11945b0 duration: 0.544595
delta: 2.65382e+10
.device: 0x11945b0 kernel from: 0 to: 200192 -> range: 200192
device: 0x11945b0 duration: 0.448734
device: GeForce GTX 1080 Ti (0x11945b0)  kernel from: 0 to: 398336 -> range: 398336 (with blocking: 99584)
device: 0x11945b0 duration: 0.544662
delta: 8.752e+09
.device: 0x11945b0 kernel from: 0 to: 200192 -> range: 200192
device: 0x11945b0 duration: 0.449097
device: GeForce GTX 1080 Ti (0x11945b0)  kernel from: 0 to: 398336 -> range: 398336 (with blocking: 99584)
device: 0x11945b0 duration: 0.5446
delta: 8.72744e+09
.device: 0x11945b0 kernel from: 0 to: 200192 -> range: 200192
device: 0x11945b0 duration: 0.449138
device: GeForce GTX 1080 Ti (0x11945b0)  kernel from: 0 to: 398336 -> range: 398336 (with blocking: 99584)
device: 0x11945b0 duration: 0.544668
delta: 5.33615e+09
.device: 0x11945b0 kernel from: 0 to: 200192 -> range: 200192
device: 0x11945b0 duration: 0.44993
device: GeForce GTX 1080 Ti (0x11945b0)  kernel from: 0 to: 398336 -> range: 398336 (with blocking: 99584)
device: 0x11945b0 duration: 0.544636
delta: 1.01932e+10
.device: 0x11945b0 kernel from: 0 to: 200192 -> range: 200192
device: 0x11945b0 duration: 0.4497
device: GeForce GTX 1080 Ti (0x11945b0)  kernel from: 0 to: 398336 -> range: 398336 (with blocking: 99584)
device: 0x11945b0 duration: 0.546632
delta: 1.24783e+10
.device: 0x11945b0 kernel from: 0 to: 200192 -> range: 200192
device: 0x11945b0 duration: 0.449083
device: GeForce GTX 1080 Ti (0x11945b0)  kernel from: 0 to: 398336 -> range: 398336 (with blocking: 99584)
device: 0x11945b0 duration: 0.544629
delta: 4.65361e+10
.device: 0x11945b0 kernel from: 0 to: 200192 -> range: 200192
device: 0x11945b0 duration: 0.448757
device: GeForce GTX 1080 Ti (0x11945b0)  kernel from: 0 to: 398336 -> range: 398336 (with blocking: 99584)
device: 0x11945b0 duration: 0.544694
device: 0x11945b0 kernel from: 0 to: 200192 -> range: 200192
device: 0x11945b0 duration: 0.449542
device: GeForce GTX 1080 Ti (0x11945b0)  kernel from: 0 to: 398336 -> range: 398336 (with blocking: 99584)
device: 0x11945b0 duration: 0.544663
delta: 4.40508e+09
.device: 0x11945b0 kernel from: 0 to: 200192 -> range: 200192
device: 0x11945b0 duration: 0.449456
device: GeForce GTX 1080 Ti (0x11945b0)  kernel from: 0 to: 398336 -> range: 398336 (with blocking: 99584)
device: 0x11945b0 duration: 0.544695
delta: 1.45246e+10
.device: 0x11945b0 kernel from: 0 to: 200192 -> range: 200192
device: 0x11945b0 duration: 0.450987
device: GeForce GTX 1080 Ti (0x11945b0)  kernel from: 0 to: 398336 -> range: 398336 (with blocking: 99584)
device: 0x11945b0 duration: 0.546708
delta: 4.22752e+09
.device: 0x11945b0 kernel from: 0 to: 200192 -> range: 200192
device: 0x11945b0 duration: 0.450658
device: GeForce GTX 1080 Ti (0x11945b0)  kernel from: 0 to: 398336 -> range: 398336 (with blocking: 99584)
device: 0x11945b0 duration: 0.5467
delta: 8.0627e+09
.device: 0x11945b0 kernel from: 0 to: 200192 -> range: 200192
device: 0x11945b0 duration: 0.451277
device: GeForce GTX 1080 Ti (0x11945b0)  kernel from: 0 to: 398336 -> range: 398336 (with blocking: 99584)
device: 0x11945b0 duration: 0.546617
delta: 2.01907e+10
.device: 0x11945b0 kernel from: 0 to: 200192 -> range: 200192
device: 0x11945b0 duration: 0.450542
device: GeForce GTX 1080 Ti (0x11945b0)  kernel from: 0 to: 398336 -> range: 398336 (with blocking: 99584)
device: 0x11945b0 duration: 0.546677
delta: 8.00703e+09
.device: 0x11945b0 kernel from: 0 to: 200192 -> range: 200192
device: 0x11945b0 duration: 0.451031
device: GeForce GTX 1080 Ti (0x11945b0)  kernel from: 0 to: 398336 -> range: 398336 (with blocking: 99584)
device: 0x11945b0 duration: 0.546638
delta: 4.20868e+09
.device: 0x11945b0 kernel from: 0 to: 200192 -> range: 200192
device: 0x11945b0 duration: 0.451104
device: GeForce GTX 1080 Ti (0x11945b0)  kernel from: 0 to: 398336 -> range: 398336 (with blocking: 99584)
device: 0x11945b0 duration: 0.546724
delta: 4.35135e+09
.device: 0x11945b0 kernel from: 0 to: 200192 -> range: 200192
device: 0x11945b0 duration: 0.451519
device: GeForce GTX 1080 Ti (0x11945b0)  kernel from: 0 to: 398336 -> range: 398336 (with blocking: 99584)
device: 0x11945b0 duration: 0.546629
delta: 4.07338e+09
.device: 0x11945b0 kernel from: 0 to: 200192 -> range: 200192
device: 0x11945b0 duration: 0.451437
device: GeForce GTX 1080 Ti (0x11945b0)  kernel from: 0 to: 398336 -> range: 398336 (with blocking: 99584)
device: 0x11945b0 duration: 0.546588
delta: 1.23011e+10
.device: 0x11945b0 kernel from: 0 to: 200192 -> range: 200192
device: 0x11945b0 duration: 0.450909
device: GeForce GTX 1080 Ti (0x11945b0)  kernel from: 0 to: 398336 -> range: 398336 (with blocking: 99584)
device: 0x11945b0 duration: 0.546769
delta: 8.99849e+09
.device: 0x11945b0 kernel from: 0 to: 200192 -> range: 200192
device: 0x11945b0 duration: 0.451934
device: GeForce GTX 1080 Ti (0x11945b0)  kernel from: 0 to: 398336 -> range: 398336 (with blocking: 99584)
device: 0x11945b0 duration: 0.546736
delta: 1.01809e+10
.device: 0x11945b0 kernel from: 0 to: 200192 -> range: 200192
device: 0x11945b0 duration: 0.45153
device: GeForce GTX 1080 Ti (0x11945b0)  kernel from: 0 to: 398336 -> range: 398336 (with blocking: 99584)
device: 0x11945b0 duration: 0.546819
delta: 3.03933e+09
.device: 0x11945b0 kernel from: 0 to: 200192 -> range: 200192
device: 0x11945b0 duration: 0.451838
device: GeForce GTX 1080 Ti (0x11945b0)  kernel from: 0 to: 398336 -> range: 398336 (with blocking: 99584)
device: 0x11945b0 duration: 0.546777
delta: 1.1819e+10
.device: 0x11945b0 kernel from: 0 to: 200192 -> range: 200192
device: 0x11945b0 duration: 0.451139
device: GeForce GTX 1080 Ti (0x11945b0)  kernel from: 0 to: 398336 -> range: 398336 (with blocking: 99584)
device: 0x11945b0 duration: 0.546732
delta: 5.46121e+09
.device: 0x11945b0 kernel from: 0 to: 200192 -> range: 200192
device: 0x11945b0 duration: 0.451431
device: GeForce GTX 1080 Ti (0x11945b0)  kernel from: 0 to: 398336 -> range: 398336 (with blocking: 99584)
device: 0x11945b0 duration: 0.546731
delta: 4.3993e+09
.device: 0x11945b0 kernel from: 0 to: 200192 -> range: 200192
device: 0x11945b0 duration: 0.451537
device: GeForce GTX 1080 Ti (0x11945b0)  kernel from: 0 to: 398336 -> range: 398336 (with blocking: 99584)
device: 0x11945b0 duration: 0.547972
delta: 2.14097e+10
.device: 0x11945b0 kernel from: 0 to: 200192 -> range: 200192
device: 0x11945b0 duration: 0.451867
device: GeForce GTX 1080 Ti (0x11945b0)  kernel from: 0 to: 398336 -> range: 398336 (with blocking: 99584)
device: 0x11945b0 duration: 0.546721
delta: 3.00168e+09
.device: 0x11945b0 kernel from: 0 to: 200192 -> range: 200192
device: 0x11945b0 duration: 0.451966
device: GeForce GTX 1080 Ti (0x11945b0)  kernel from: 0 to: 398336 -> range: 398336 (with blocking: 99584)
device: 0x11945b0 duration: 0.546822
delta: 1.09331e+10
.device: 0x11945b0 kernel from: 0 to: 200192 -> range: 200192
device: 0x11945b0 duration: 0.452286
device: GeForce GTX 1080 Ti (0x11945b0)  kernel from: 0 to: 398336 -> range: 398336 (with blocking: 99584)
device: 0x11945b0 duration: 0.546948
delta: 6.12127e+09
.device: 0x11945b0 kernel from: 0 to: 200192 -> range: 200192
device: 0x11945b0 duration: 0.45141
device: GeForce GTX 1080 Ti (0x11945b0)  kernel from: 0 to: 398336 -> range: 398336 (with blocking: 99584)
device: 0x11945b0 duration: 0.54684
delta: 3.36025e+09
.device: 0x11945b0 kernel from: 0 to: 200192 -> range: 200192
device: 0x11945b0 duration: 0.452043
device: GeForce GTX 1080 Ti (0x11945b0)  kernel from: 0 to: 398336 -> range: 398336 (with blocking: 99584)
device: 0x11945b0 duration: 0.546779
delta: 1.35574e+10
.device: 0x11945b0 kernel from: 0 to: 200192 -> range: 200192
device: 0x11945b0 duration: 0.45189
device: GeForce GTX 1080 Ti (0x11945b0)  kernel from: 0 to: 398336 -> range: 398336 (with blocking: 99584)
device: 0x11945b0 duration: 0.546758
delta: 1.3947e+10
.device: 0x11945b0 kernel from: 0 to: 200192 -> range: 200192
device: 0x11945b0 duration: 0.452379
device: GeForce GTX 1080 Ti (0x11945b0)  kernel from: 0 to: 398336 -> range: 398336 (with blocking: 99584)
device: 0x11945b0 duration: 0.546857
delta: 8.2618e+09
.device: 0x11945b0 kernel from: 0 to: 200192 -> range: 200192
device: 0x11945b0 duration: 0.451965
device: GeForce GTX 1080 Ti (0x11945b0)  kernel from: 0 to: 398336 -> range: 398336 (with blocking: 99584)
device: 0x11945b0 duration: 0.548813
delta: 2.65745e+09
.device: 0x11945b0 kernel from: 0 to: 200192 -> range: 200192
device: 0x11945b0 duration: 0.451318
device: GeForce GTX 1080 Ti (0x11945b0)  kernel from: 0 to: 398336 -> range: 398336 (with blocking: 99584)
device: 0x11945b0 duration: 0.546829
delta: 3.63348e+09
.device: 0x11945b0 kernel from: 0 to: 200192 -> range: 200192
device: 0x11945b0 duration: 0.451746
device: GeForce GTX 1080 Ti (0x11945b0)  kernel from: 0 to: 398336 -> range: 398336 (with blocking: 99584)
device: 0x11945b0 duration: 0.546912
delta: 4.1242e+09
.device: 0x11945b0 kernel from: 0 to: 200192 -> range: 200192
device: 0x11945b0 duration: 0.451374
device: GeForce GTX 1080 Ti (0x11945b0)  kernel from: 0 to: 398336 -> range: 398336 (with blocking: 99584)
device: 0x11945b0 duration: 0.546905
delta: 6.41945e+09
.device: 0x11945b0 kernel from: 0 to: 200192 -> range: 200192
device: 0x11945b0 duration: 0.451606
device: GeForce GTX 1080 Ti (0x11945b0)  kernel from: 0 to: 398336 -> range: 398336 (with blocking: 99584)
device: 0x11945b0 duration: 0.546829
delta: 1.38995e+10
.device: 0x11945b0 kernel from: 0 to: 200192 -> range: 200192
device: 0x11945b0 duration: 0.451707
device: GeForce GTX 1080 Ti (0x11945b0)  kernel from: 0 to: 398336 -> range: 398336 (with blocking: 99584)
device: 0x11945b0 duration: 0.546835
delta: 2.99993e+09
.device: 0x11945b0 kernel from: 0 to: 200192 -> range: 200192
device: 0x11945b0 duration: 0.451828
device: GeForce GTX 1080 Ti (0x11945b0)  kernel from: 0 to: 398336 -> range: 398336 (with blocking: 99584)
device: 0x11945b0 duration: 0.546853
delta: 9.47125e+09
.device: 0x11945b0 kernel from: 0 to: 200192 -> range: 200192
device: 0x11945b0 duration: 0.451671
device: GeForce GTX 1080 Ti (0x11945b0)  kernel from: 0 to: 398336 -> range: 398336 (with blocking: 99584)
device: 0x11945b0 duration: 0.546944
delta: 3.35686e+09
.device: 0x11945b0 kernel from: 0 to: 200192 -> range: 200192
device: 0x11945b0 duration: 0.451858
device: GeForce GTX 1080 Ti (0x11945b0)  kernel from: 0 to: 398336 -> range: 398336 (with blocking: 99584)
device: 0x11945b0 duration: 0.546919
delta: 4.72526e+09
.device: 0x11945b0 kernel from: 0 to: 200192 -> range: 200192
device: 0x11945b0 duration: 0.451848
device: GeForce GTX 1080 Ti (0x11945b0)  kernel from: 0 to: 398336 -> range: 398336 (with blocking: 99584)
device: 0x11945b0 duration: 0.546997
delta: 9.54589e+09
.device: 0x11945b0 kernel from: 0 to: 200192 -> range: 200192
device: 0x11945b0 duration: 0.451159
device: GeForce GTX 1080 Ti (0x11945b0)  kernel from: 0 to: 398336 -> range: 398336 (with blocking: 99584)
device: 0x11945b0 duration: 0.546866
delta: 3.46759e+09
.device: 0x11945b0 kernel from: 0 to: 200192 -> range: 200192
device: 0x11945b0 duration: 0.451971
device: GeForce GTX 1080 Ti (0x11945b0)  kernel from: 0 to: 398336 -> range: 398336 (with blocking: 99584)
device: 0x11945b0 duration: 0.546838
delta: 4.33382e+09
.device: 0x11945b0 kernel from: 0 to: 200192 -> range: 200192
device: 0x11945b0 duration: 0.450988
device: GeForce GTX 1080 Ti (0x11945b0)  kernel from: 0 to: 398336 -> range: 398336 (with blocking: 99584)
device: 0x11945b0 duration: 0.546883
delta: 2.6706e+09
.device: 0x11945b0 kernel from: 0 to: 200192 -> range: 200192
device: 0x11945b0 duration: 0.452465
device: GeForce GTX 1080 Ti (0x11945b0)  kernel from: 0 to: 398336 -> range: 398336 (with blocking: 99584)
device: 0x11945b0 duration: 0.546849
delta: 4.2247e+09
.device: 0x11945b0 kernel from: 0 to: 200192 -> range: 200192
device: 0x11945b0 duration: 0.451239
device: GeForce GTX 1080 Ti (0x11945b0)  kernel from: 0 to: 398336 -> range: 398336 (with blocking: 99584)
device: 0x11945b0 duration: 0.546951
delta: 5.42477e+09
.device: 0x11945b0 kernel from: 0 to: 200192 -> range: 200192
device: 0x11945b0 duration: 0.451321
device: GeForce GTX 1080 Ti (0x11945b0)  kernel from: 0 to: 398336 -> range: 398336 (with blocking: 99584)
device: 0x11945b0 duration: 0.54696
delta: 4.44692e+09
.device: 0x11945b0 kernel from: 0 to: 200192 -> range: 200192
device: 0x11945b0 duration: 0.451527
device: GeForce GTX 1080 Ti (0x11945b0)  kernel from: 0 to: 398336 -> range: 398336 (with blocking: 99584)
device: 0x11945b0 duration: 0.547036
delta: 4.1622e+09
.device: 0x11945b0 kernel from: 0 to: 200192 -> range: 200192
device: 0x11945b0 duration: 0.452155
device: GeForce GTX 1080 Ti (0x11945b0)  kernel from: 0 to: 398336 -> range: 398336 (with blocking: 99584)
device: 0x11945b0 duration: 0.546973
delta: 4.58392e+09
.device: 0x11945b0 kernel from: 0 to: 200192 -> range: 200192
device: 0x11945b0 duration: 0.45254
device: GeForce GTX 1080 Ti (0x11945b0)  kernel from: 0 to: 398336 -> range: 398336 (with blocking: 99584)
device: 0x11945b0 duration: 0.546947
delta: 3.2522e+09
.device: 0x11945b0 kernel from: 0 to: 200192 -> range: 200192
device: 0x11945b0 duration: 0.451962
device: GeForce GTX 1080 Ti (0x11945b0)  kernel from: 0 to: 398336 -> range: 398336 (with blocking: 99584)
device: 0x11945b0 duration: 0.546961
delta: 4.24505e+09
.device: 0x11945b0 kernel from: 0 to: 200192 -> range: 200192
device: 0x11945b0 duration: 0.451752
device: GeForce GTX 1080 Ti (0x11945b0)  kernel from: 0 to: 398336 -> range: 398336 (with blocking: 99584)
device: 0x11945b0 duration: 0.546993
delta: 1.87207e+09
.device: 0x11945b0 kernel from: 0 to: 200192 -> range: 200192
device: 0x11945b0 duration: 0.452047
device: GeForce GTX 1080 Ti (0x11945b0)  kernel from: 0 to: 398336 -> range: 398336 (with blocking: 99584)
device: 0x11945b0 duration: 0.547035
delta: 5.85411e+09
.device: 0x11945b0 kernel from: 0 to: 200192 -> range: 200192
device: 0x11945b0 duration: 0.451718
device: GeForce GTX 1080 Ti (0x11945b0)  kernel from: 0 to: 398336 -> range: 398336 (with blocking: 99584)
device: 0x11945b0 duration: 0.546885
delta: 3.02204e+09
.device: 0x11945b0 kernel from: 0 to: 200192 -> range: 200192
device: 0x11945b0 duration: 0.451386
device: GeForce GTX 1080 Ti (0x11945b0)  kernel from: 0 to: 398336 -> range: 398336 (with blocking: 99584)
device: 0x11945b0 duration: 0.546971
delta: 1.91538e+09
.device: 0x11945b0 kernel from: 0 to: 200192 -> range: 200192
device: 0x11945b0 duration: 0.452406
device: GeForce GTX 1080 Ti (0x11945b0)  kernel from: 0 to: 398336 -> range: 398336 (with blocking: 99584)
device: 0x11945b0 duration: 0.54693
delta: 4.62633e+09
.device: 0x11945b0 kernel from: 0 to: 200192 -> range: 200192
device: 0x11945b0 duration: 0.451646
device: GeForce GTX 1080 Ti (0x11945b0)  kernel from: 0 to: 398336 -> range: 398336 (with blocking: 99584)
device: 0x11945b0 duration: 0.546897
delta: 3.70227e+09

Number of iterations: 100 (max. 100)
Final norm of residuum: 3.70227e+09
counted_mult_calls: 102

Needed Iterations: 100
Final residuum: 3.70227e+09
note: performance calculation: coefficients are reused
note: performance calculation: iterations for calculation : 103.5
note: performance calculation: additional iteration for residual recalculation : 2

Current Duration:: 103.171
Current GFlop/s: 6669.31

Finished Training!

Training took: 103.171 seconds

total_duration: 105.763
