datasetFileName: ../datasets/friedman/weakscaling_regression/friedman1_10d_200000.arff
hostname: argon-tesla1
using configuration
dimensionality: 10
number of grid points: 397825
number of data points: 200000
considering full evaluation count
num_ops: 23869.5
creating createOperationMultipleEval grid: ModLinear type: STREAMING==DEFAULT subType: OCLUNIFIED
starting performance test...
algorithm: multTrans
device: Tesla P100-PCIE-16GB (0xcbf970)  kernel from: 0 to: 398336 -> range: 398336 (with blocking: 99584)
device: 0xcbf970 duration: 1.75691
info: first multTranspose not considered
device: Tesla P100-PCIE-16GB (0xcbf970)  kernel from: 0 to: 398336 -> range: 398336 (with blocking: 99584)
device: 0xcbf970 duration: 1.73568
device: Tesla P100-PCIE-16GB (0xcbf970)  kernel from: 0 to: 398336 -> range: 398336 (with blocking: 99584)
device: 0xcbf970 duration: 1.73569
device: Tesla P100-PCIE-16GB (0xcbf970)  kernel from: 0 to: 398336 -> range: 398336 (with blocking: 99584)
device: 0xcbf970 duration: 1.73568
device: Tesla P100-PCIE-16GB (0xcbf970)  kernel from: 0 to: 398336 -> range: 398336 (with blocking: 99584)
device: 0xcbf970 duration: 1.73568
device: Tesla P100-PCIE-16GB (0xcbf970)  kernel from: 0 to: 398336 -> range: 398336 (with blocking: 99584)
device: 0xcbf970 duration: 1.73567
duration multTranspose: 8.71966, repetitions_averaged: 5
GFLOPS: 2737.43
