datasetFileName: ../datasets/friedman/weakscaling_regression/friedman1_10d_200000.arff
hostname: argon-tesla1
using configuration
dimensionality: 10
number of grid points: 397825
number of data points: 200000
considering full evaluation count
num_ops: 23869.5
creating createOperationMultipleEval grid: ModLinear type: STREAMING==DEFAULT subType: OCLUNIFIED
starting performance test...
algorithm: multTrans
device: Tesla P100-PCIE-16GB (0x1b06970)  kernel from: 0 to: 399360 -> range: 399360 (with blocking: 49920)
device: 0x1b06970 duration: 0.749113
info: first multTranspose not considered
device: Tesla P100-PCIE-16GB (0x1b06970)  kernel from: 0 to: 399360 -> range: 399360 (with blocking: 49920)
device: 0x1b06970 duration: 0.73602
device: Tesla P100-PCIE-16GB (0x1b06970)  kernel from: 0 to: 399360 -> range: 399360 (with blocking: 49920)
device: 0x1b06970 duration: 0.736046
device: Tesla P100-PCIE-16GB (0x1b06970)  kernel from: 0 to: 399360 -> range: 399360 (with blocking: 49920)
device: 0x1b06970 duration: 0.736032
device: Tesla P100-PCIE-16GB (0x1b06970)  kernel from: 0 to: 399360 -> range: 399360 (with blocking: 49920)
device: 0x1b06970 duration: 0.736018
device: Tesla P100-PCIE-16GB (0x1b06970)  kernel from: 0 to: 399360 -> range: 399360 (with blocking: 49920)
device: 0x1b06970 duration: 0.736023
duration multTranspose: 3.71159, repetitions_averaged: 5
GFLOPS: 6431.07
