datasetFileName: ../datasets/friedman/weakscaling_regression/friedman1_10d_200000.arff
hostname: argon-tesla1
using configuration
dimensionality: 10
number of grid points: 397825
number of data points: 200000
considering reduced evaluations for l=1 grid points
grid points with level > 1: 1550100
num_ops: 9300.6
creating createOperationMultipleEval grid: ModLinear type: STREAMING==DEFAULT subType: OCLUNIFIED
starting performance test...
algorithm: mult
device: 0x1908970 kernel from: 0 to: 200704 -> range: 200704
device: 0x1908970 duration: 0.916863
info: first mult not considered
device: 0x1908970 kernel from: 0 to: 200704 -> range: 200704
device: 0x1908970 duration: 0.899303
device: 0x1908970 kernel from: 0 to: 200704 -> range: 200704
device: 0x1908970 duration: 0.899206
device: 0x1908970 kernel from: 0 to: 200704 -> range: 200704
device: 0x1908970 duration: 0.899205
device: 0x1908970 kernel from: 0 to: 200704 -> range: 200704
device: 0x1908970 duration: 0.899225
device: 0x1908970 kernel from: 0 to: 200704 -> range: 200704
device: 0x1908970 duration: 0.899161
duration mult: 4.52774, repetitions_averaged: 5
GFLOPS: 2054.14
