datasetFileName: ../datasets/friedman/weakscaling_regression/friedman1_10d_200000.arff
hostname: pcsgs07
using configuration
dimensionality: 10
number of grid points: 397825
number of data points: 200000
considering reduced evaluations for l=1 grid points
grid points with level > 1: 1550100
num_ops: 9300.6
creating createOperationMultipleEval grid: ModLinear type: STREAMING==DEFAULT subType: OCLUNIFIED
starting performance test...
algorithm: mult
device: 0x13218a00 kernel from: 0 to: 200704 -> range: 200704
device: 0x13218a00 duration: 2.91108
info: first mult not considered
device: 0x13218a00 kernel from: 0 to: 200704 -> range: 200704
device: 0x13218a00 duration: 2.91048
device: 0x13218a00 kernel from: 0 to: 200704 -> range: 200704
device: 0x13218a00 duration: 2.91113
device: 0x13218a00 kernel from: 0 to: 200704 -> range: 200704
device: 0x13218a00 duration: 2.911
device: 0x13218a00 kernel from: 0 to: 200704 -> range: 200704
device: 0x13218a00 duration: 2.91054
device: 0x13218a00 kernel from: 0 to: 200704 -> range: 200704
device: 0x13218a00 duration: 2.91076
duration mult: 14.6003, repetitions_averaged: 5
GFLOPS: 637.012
