datasetFileName: ../datasets/friedman/weakscaling_regression/friedman1_10d_200000.arff
hostname: argon-gtx
using configuration
dimensionality: 10
number of grid points: 397825
number of data points: 200000
considering full evaluation count
num_ops: 23869.5
creating createOperationMultipleEval grid: ModLinear type: STREAMING==DEFAULT subType: OCLUNIFIED
starting performance test...
algorithm: multTrans
device: GeForce GTX 1080 Ti (0x2001970)  kernel from: 0 to: 398336 -> range: 398336 (with blocking: 99584)
device: 0x2001970 duration: 0.595143
info: first multTranspose not considered
device: GeForce GTX 1080 Ti (0x2001970)  kernel from: 0 to: 398336 -> range: 398336 (with blocking: 99584)
device: 0x2001970 duration: 0.534109
device: GeForce GTX 1080 Ti (0x2001970)  kernel from: 0 to: 398336 -> range: 398336 (with blocking: 99584)
device: 0x2001970 duration: 0.534467
device: GeForce GTX 1080 Ti (0x2001970)  kernel from: 0 to: 398336 -> range: 398336 (with blocking: 99584)
device: 0x2001970 duration: 0.535345
device: GeForce GTX 1080 Ti (0x2001970)  kernel from: 0 to: 398336 -> range: 398336 (with blocking: 99584)
device: 0x2001970 duration: 0.535494
device: GeForce GTX 1080 Ti (0x2001970)  kernel from: 0 to: 398336 -> range: 398336 (with blocking: 99584)
device: 0x2001970 duration: 0.534541
duration multTranspose: 2.69657, repetitions_averaged: 5
GFLOPS: 8851.79
