training dataset: ../datasets/friedman/weakscaling_regression/friedman1_10d_200000.arff
ocl dummy initalization duration: 2.42792
instances: 200000
regular grid size: 397825
creating createOperationMultipleEval type: DEFAULT, using base operator factory
creating createOperationMultipleEval grid: ModLinear type: STREAMING==DEFAULT subType: OCLUNIFIED
Starting Learning....

Doing refinement: 0
Grid Size: 397825
device: Tesla P100-PCIE-16GB (0x2289d70)  kernel from: 0 to: 399360 -> range: 399360 (with blocking: 49920)
device: 0x2289d70 duration: 0.760467
Starting Conjugated Gradients
All temp variables used in CG have been initialized
device: 0x2289d70 kernel from: 0 to: 200192 -> range: 200192
device: 0x2289d70 duration: 0.446554
device: Tesla P100-PCIE-16GB (0x2289d70)  kernel from: 0 to: 399360 -> range: 399360 (with blocking: 49920)
device: 0x2289d70 duration: 0.745712
Starting norm of residuum: -nan
Target norm:               0
.device: 0x2289d70 kernel from: 0 to: 200192 -> range: 200192
device: 0x2289d70 duration: 0.446544
device: Tesla P100-PCIE-16GB (0x2289d70)  kernel from: 0 to: 399360 -> range: 399360 (with blocking: 49920)
device: 0x2289d70 duration: 0.745707
delta: 6.48417e+13
.device: 0x2289d70 kernel from: 0 to: 200192 -> range: 200192
device: 0x2289d70 duration: 0.446567
device: Tesla P100-PCIE-16GB (0x2289d70)  kernel from: 0 to: 399360 -> range: 399360 (with blocking: 49920)
device: 0x2289d70 duration: 0.745709
delta: 5.03406e+13
.device: 0x2289d70 kernel from: 0 to: 200192 -> range: 200192
device: 0x2289d70 duration: 0.446522
device: Tesla P100-PCIE-16GB (0x2289d70)  kernel from: 0 to: 399360 -> range: 399360 (with blocking: 49920)
device: 0x2289d70 duration: 0.745711
delta: 2.15341e+12
.device: 0x2289d70 kernel from: 0 to: 200192 -> range: 200192
device: 0x2289d70 duration: 0.446478
device: Tesla P100-PCIE-16GB (0x2289d70)  kernel from: 0 to: 399360 -> range: 399360 (with blocking: 49920)
device: 0x2289d70 duration: 0.74571
delta: 2.93576e+12
.device: 0x2289d70 kernel from: 0 to: 200192 -> range: 200192
device: 0x2289d70 duration: 0.44661
device: Tesla P100-PCIE-16GB (0x2289d70)  kernel from: 0 to: 399360 -> range: 399360 (with blocking: 49920)
device: 0x2289d70 duration: 0.745707
delta: 2.20097e+12
.device: 0x2289d70 kernel from: 0 to: 200192 -> range: 200192
device: 0x2289d70 duration: 0.446524
device: Tesla P100-PCIE-16GB (0x2289d70)  kernel from: 0 to: 399360 -> range: 399360 (with blocking: 49920)
device: 0x2289d70 duration: 0.745718
delta: 7.77043e+11
.device: 0x2289d70 kernel from: 0 to: 200192 -> range: 200192
device: 0x2289d70 duration: 0.446566
device: Tesla P100-PCIE-16GB (0x2289d70)  kernel from: 0 to: 399360 -> range: 399360 (with blocking: 49920)
device: 0x2289d70 duration: 0.74571
delta: 1.30206e+12
.device: 0x2289d70 kernel from: 0 to: 200192 -> range: 200192
device: 0x2289d70 duration: 0.446599
device: Tesla P100-PCIE-16GB (0x2289d70)  kernel from: 0 to: 399360 -> range: 399360 (with blocking: 49920)
device: 0x2289d70 duration: 0.745707
delta: 1.16161e+12
.device: 0x2289d70 kernel from: 0 to: 200192 -> range: 200192
device: 0x2289d70 duration: 0.4466
device: Tesla P100-PCIE-16GB (0x2289d70)  kernel from: 0 to: 399360 -> range: 399360 (with blocking: 49920)
device: 0x2289d70 duration: 0.745711
delta: 4.48055e+11
.device: 0x2289d70 kernel from: 0 to: 200192 -> range: 200192
device: 0x2289d70 duration: 0.446553
device: Tesla P100-PCIE-16GB (0x2289d70)  kernel from: 0 to: 399360 -> range: 399360 (with blocking: 49920)
device: 0x2289d70 duration: 0.745708
delta: 9.93328e+11
.device: 0x2289d70 kernel from: 0 to: 200192 -> range: 200192
device: 0x2289d70 duration: 0.447117
device: Tesla P100-PCIE-16GB (0x2289d70)  kernel from: 0 to: 399360 -> range: 399360 (with blocking: 49920)
device: 0x2289d70 duration: 0.745695
delta: 6.06886e+11
.device: 0x2289d70 kernel from: 0 to: 200192 -> range: 200192
device: 0x2289d70 duration: 0.446552
device: Tesla P100-PCIE-16GB (0x2289d70)  kernel from: 0 to: 399360 -> range: 399360 (with blocking: 49920)
device: 0x2289d70 duration: 0.74571
delta: 2.24797e+11
.device: 0x2289d70 kernel from: 0 to: 200192 -> range: 200192
device: 0x2289d70 duration: 0.446567
device: Tesla P100-PCIE-16GB (0x2289d70)  kernel from: 0 to: 399360 -> range: 399360 (with blocking: 49920)
device: 0x2289d70 duration: 0.745709
delta: 1.03475e+11
.device: 0x2289d70 kernel from: 0 to: 200192 -> range: 200192
device: 0x2289d70 duration: 0.446565
device: Tesla P100-PCIE-16GB (0x2289d70)  kernel from: 0 to: 399360 -> range: 399360 (with blocking: 49920)
device: 0x2289d70 duration: 0.745707
delta: 2.86647e+11
.device: 0x2289d70 kernel from: 0 to: 200192 -> range: 200192
device: 0x2289d70 duration: 0.446599
device: Tesla P100-PCIE-16GB (0x2289d70)  kernel from: 0 to: 399360 -> range: 399360 (with blocking: 49920)
device: 0x2289d70 duration: 0.745709
delta: 7.83077e+10
.device: 0x2289d70 kernel from: 0 to: 200192 -> range: 200192
device: 0x2289d70 duration: 0.446569
device: Tesla P100-PCIE-16GB (0x2289d70)  kernel from: 0 to: 399360 -> range: 399360 (with blocking: 49920)
device: 0x2289d70 duration: 0.745708
delta: 7.38523e+10
.device: 0x2289d70 kernel from: 0 to: 200192 -> range: 200192
device: 0x2289d70 duration: 0.44655
device: Tesla P100-PCIE-16GB (0x2289d70)  kernel from: 0 to: 399360 -> range: 399360 (with blocking: 49920)
device: 0x2289d70 duration: 0.745707
delta: 9.75053e+10
.device: 0x2289d70 kernel from: 0 to: 200192 -> range: 200192
device: 0x2289d70 duration: 0.446591
device: Tesla P100-PCIE-16GB (0x2289d70)  kernel from: 0 to: 399360 -> range: 399360 (with blocking: 49920)
device: 0x2289d70 duration: 0.74571
delta: 6.32794e+10
.device: 0x2289d70 kernel from: 0 to: 200192 -> range: 200192
device: 0x2289d70 duration: 0.446595
device: Tesla P100-PCIE-16GB (0x2289d70)  kernel from: 0 to: 399360 -> range: 399360 (with blocking: 49920)
device: 0x2289d70 duration: 0.745706
delta: 3.69357e+11
.device: 0x2289d70 kernel from: 0 to: 200192 -> range: 200192
device: 0x2289d70 duration: 0.446587
device: Tesla P100-PCIE-16GB (0x2289d70)  kernel from: 0 to: 399360 -> range: 399360 (with blocking: 49920)
device: 0x2289d70 duration: 0.745709
delta: 8.11208e+10
.device: 0x2289d70 kernel from: 0 to: 200192 -> range: 200192
device: 0x2289d70 duration: 0.446507
device: Tesla P100-PCIE-16GB (0x2289d70)  kernel from: 0 to: 399360 -> range: 399360 (with blocking: 49920)
device: 0x2289d70 duration: 0.74571
delta: 3.8754e+10
.device: 0x2289d70 kernel from: 0 to: 200192 -> range: 200192
device: 0x2289d70 duration: 0.446529
device: Tesla P100-PCIE-16GB (0x2289d70)  kernel from: 0 to: 399360 -> range: 399360 (with blocking: 49920)
device: 0x2289d70 duration: 0.745706
delta: 5.97504e+10
.device: 0x2289d70 kernel from: 0 to: 200192 -> range: 200192
device: 0x2289d70 duration: 0.446549
device: Tesla P100-PCIE-16GB (0x2289d70)  kernel from: 0 to: 399360 -> range: 399360 (with blocking: 49920)
device: 0x2289d70 duration: 0.745713
delta: 6.75167e+10
.device: 0x2289d70 kernel from: 0 to: 200192 -> range: 200192
device: 0x2289d70 duration: 0.44654
device: Tesla P100-PCIE-16GB (0x2289d70)  kernel from: 0 to: 399360 -> range: 399360 (with blocking: 49920)
device: 0x2289d70 duration: 0.74571
delta: 4.04872e+10
.device: 0x2289d70 kernel from: 0 to: 200192 -> range: 200192
device: 0x2289d70 duration: 0.446605
device: Tesla P100-PCIE-16GB (0x2289d70)  kernel from: 0 to: 399360 -> range: 399360 (with blocking: 49920)
device: 0x2289d70 duration: 0.745709
delta: 7.22089e+10
.device: 0x2289d70 kernel from: 0 to: 200192 -> range: 200192
device: 0x2289d70 duration: 0.446575
device: Tesla P100-PCIE-16GB (0x2289d70)  kernel from: 0 to: 399360 -> range: 399360 (with blocking: 49920)
device: 0x2289d70 duration: 0.745707
delta: 1.10298e+10
.device: 0x2289d70 kernel from: 0 to: 200192 -> range: 200192
device: 0x2289d70 duration: 0.446584
device: Tesla P100-PCIE-16GB (0x2289d70)  kernel from: 0 to: 399360 -> range: 399360 (with blocking: 49920)
device: 0x2289d70 duration: 0.74571
delta: 3.26258e+10
.device: 0x2289d70 kernel from: 0 to: 200192 -> range: 200192
device: 0x2289d70 duration: 0.446518
device: Tesla P100-PCIE-16GB (0x2289d70)  kernel from: 0 to: 399360 -> range: 399360 (with blocking: 49920)
device: 0x2289d70 duration: 0.74571
delta: 8.02785e+10
.device: 0x2289d70 kernel from: 0 to: 200192 -> range: 200192
device: 0x2289d70 duration: 0.446597
device: Tesla P100-PCIE-16GB (0x2289d70)  kernel from: 0 to: 399360 -> range: 399360 (with blocking: 49920)
device: 0x2289d70 duration: 0.745708
delta: 6.06172e+10
.device: 0x2289d70 kernel from: 0 to: 200192 -> range: 200192
device: 0x2289d70 duration: 0.446593
device: Tesla P100-PCIE-16GB (0x2289d70)  kernel from: 0 to: 399360 -> range: 399360 (with blocking: 49920)
device: 0x2289d70 duration: 0.745708
delta: 1.89813e+10
.device: 0x2289d70 kernel from: 0 to: 200192 -> range: 200192
device: 0x2289d70 duration: 0.446538
device: Tesla P100-PCIE-16GB (0x2289d70)  kernel from: 0 to: 399360 -> range: 399360 (with blocking: 49920)
device: 0x2289d70 duration: 0.745708
delta: 2.33426e+10
.device: 0x2289d70 kernel from: 0 to: 200192 -> range: 200192
device: 0x2289d70 duration: 0.446577
device: Tesla P100-PCIE-16GB (0x2289d70)  kernel from: 0 to: 399360 -> range: 399360 (with blocking: 49920)
device: 0x2289d70 duration: 0.745708
delta: 2.25862e+10
.device: 0x2289d70 kernel from: 0 to: 200192 -> range: 200192
device: 0x2289d70 duration: 0.446523
device: Tesla P100-PCIE-16GB (0x2289d70)  kernel from: 0 to: 399360 -> range: 399360 (with blocking: 49920)
device: 0x2289d70 duration: 0.745709
delta: 5.21524e+10
.device: 0x2289d70 kernel from: 0 to: 200192 -> range: 200192
device: 0x2289d70 duration: 0.446471
device: Tesla P100-PCIE-16GB (0x2289d70)  kernel from: 0 to: 399360 -> range: 399360 (with blocking: 49920)
device: 0x2289d70 duration: 0.745706
delta: 1.99144e+10
.device: 0x2289d70 kernel from: 0 to: 200192 -> range: 200192
device: 0x2289d70 duration: 0.446543
device: Tesla P100-PCIE-16GB (0x2289d70)  kernel from: 0 to: 399360 -> range: 399360 (with blocking: 49920)
device: 0x2289d70 duration: 0.745709
delta: 1.04627e+10
.device: 0x2289d70 kernel from: 0 to: 200192 -> range: 200192
device: 0x2289d70 duration: 0.446549
device: Tesla P100-PCIE-16GB (0x2289d70)  kernel from: 0 to: 399360 -> range: 399360 (with blocking: 49920)
device: 0x2289d70 duration: 0.74571
delta: 1.17166e+10
.device: 0x2289d70 kernel from: 0 to: 200192 -> range: 200192
device: 0x2289d70 duration: 0.446587
device: Tesla P100-PCIE-16GB (0x2289d70)  kernel from: 0 to: 399360 -> range: 399360 (with blocking: 49920)
device: 0x2289d70 duration: 0.745708
delta: 2.05946e+10
.device: 0x2289d70 kernel from: 0 to: 200192 -> range: 200192
device: 0x2289d70 duration: 0.4465
device: Tesla P100-PCIE-16GB (0x2289d70)  kernel from: 0 to: 399360 -> range: 399360 (with blocking: 49920)
device: 0x2289d70 duration: 0.745706
delta: 7.79577e+10
.device: 0x2289d70 kernel from: 0 to: 200192 -> range: 200192
device: 0x2289d70 duration: 0.446525
device: Tesla P100-PCIE-16GB (0x2289d70)  kernel from: 0 to: 399360 -> range: 399360 (with blocking: 49920)
device: 0x2289d70 duration: 0.745707
delta: 9.70919e+09
.device: 0x2289d70 kernel from: 0 to: 200192 -> range: 200192
device: 0x2289d70 duration: 0.446556
device: Tesla P100-PCIE-16GB (0x2289d70)  kernel from: 0 to: 399360 -> range: 399360 (with blocking: 49920)
device: 0x2289d70 duration: 0.745708
delta: 3.90889e+10
.device: 0x2289d70 kernel from: 0 to: 200192 -> range: 200192
device: 0x2289d70 duration: 0.446624
device: Tesla P100-PCIE-16GB (0x2289d70)  kernel from: 0 to: 399360 -> range: 399360 (with blocking: 49920)
device: 0x2289d70 duration: 0.745706
delta: 1.44909e+10
.device: 0x2289d70 kernel from: 0 to: 200192 -> range: 200192
device: 0x2289d70 duration: 0.446579
device: Tesla P100-PCIE-16GB (0x2289d70)  kernel from: 0 to: 399360 -> range: 399360 (with blocking: 49920)
device: 0x2289d70 duration: 0.745708
delta: 7.23329e+09
.device: 0x2289d70 kernel from: 0 to: 200192 -> range: 200192
device: 0x2289d70 duration: 0.44655
device: Tesla P100-PCIE-16GB (0x2289d70)  kernel from: 0 to: 399360 -> range: 399360 (with blocking: 49920)
device: 0x2289d70 duration: 0.745708
delta: 2.47844e+10
.device: 0x2289d70 kernel from: 0 to: 200192 -> range: 200192
device: 0x2289d70 duration: 0.446539
device: Tesla P100-PCIE-16GB (0x2289d70)  kernel from: 0 to: 399360 -> range: 399360 (with blocking: 49920)
device: 0x2289d70 duration: 0.745709
delta: 8.78256e+09
.device: 0x2289d70 kernel from: 0 to: 200192 -> range: 200192
device: 0x2289d70 duration: 0.446581
device: Tesla P100-PCIE-16GB (0x2289d70)  kernel from: 0 to: 399360 -> range: 399360 (with blocking: 49920)
device: 0x2289d70 duration: 0.745709
delta: 9.47891e+09
.device: 0x2289d70 kernel from: 0 to: 200192 -> range: 200192
device: 0x2289d70 duration: 0.446586
device: Tesla P100-PCIE-16GB (0x2289d70)  kernel from: 0 to: 399360 -> range: 399360 (with blocking: 49920)
device: 0x2289d70 duration: 0.745707
delta: 4.20817e+10
.device: 0x2289d70 kernel from: 0 to: 200192 -> range: 200192
device: 0x2289d70 duration: 0.446571
device: Tesla P100-PCIE-16GB (0x2289d70)  kernel from: 0 to: 399360 -> range: 399360 (with blocking: 49920)
device: 0x2289d70 duration: 0.74571
delta: 4.39002e+09
.device: 0x2289d70 kernel from: 0 to: 200192 -> range: 200192
device: 0x2289d70 duration: 0.446591
device: Tesla P100-PCIE-16GB (0x2289d70)  kernel from: 0 to: 399360 -> range: 399360 (with blocking: 49920)
device: 0x2289d70 duration: 0.745704
delta: 9.20073e+09
.device: 0x2289d70 kernel from: 0 to: 200192 -> range: 200192
device: 0x2289d70 duration: 0.446527
device: Tesla P100-PCIE-16GB (0x2289d70)  kernel from: 0 to: 399360 -> range: 399360 (with blocking: 49920)
device: 0x2289d70 duration: 0.745707
delta: 2.36303e+10
.device: 0x2289d70 kernel from: 0 to: 200192 -> range: 200192
device: 0x2289d70 duration: 0.446565
device: Tesla P100-PCIE-16GB (0x2289d70)  kernel from: 0 to: 399360 -> range: 399360 (with blocking: 49920)
device: 0x2289d70 duration: 0.745712
delta: 4.16909e+09
.device: 0x2289d70 kernel from: 0 to: 200192 -> range: 200192
device: 0x2289d70 duration: 0.446578
device: Tesla P100-PCIE-16GB (0x2289d70)  kernel from: 0 to: 399360 -> range: 399360 (with blocking: 49920)
device: 0x2289d70 duration: 0.745716
device: 0x2289d70 kernel from: 0 to: 200192 -> range: 200192
device: 0x2289d70 duration: 0.44661
device: Tesla P100-PCIE-16GB (0x2289d70)  kernel from: 0 to: 399360 -> range: 399360 (with blocking: 49920)
device: 0x2289d70 duration: 0.745705
delta: 5.86626e+09
.device: 0x2289d70 kernel from: 0 to: 200192 -> range: 200192
device: 0x2289d70 duration: 0.446567
device: Tesla P100-PCIE-16GB (0x2289d70)  kernel from: 0 to: 399360 -> range: 399360 (with blocking: 49920)
device: 0x2289d70 duration: 0.745704
delta: 8.61862e+09
.device: 0x2289d70 kernel from: 0 to: 200192 -> range: 200192
device: 0x2289d70 duration: 0.446571
device: Tesla P100-PCIE-16GB (0x2289d70)  kernel from: 0 to: 399360 -> range: 399360 (with blocking: 49920)
device: 0x2289d70 duration: 0.745705
delta: 1.03741e+10
.device: 0x2289d70 kernel from: 0 to: 200192 -> range: 200192
device: 0x2289d70 duration: 0.446593
device: Tesla P100-PCIE-16GB (0x2289d70)  kernel from: 0 to: 399360 -> range: 399360 (with blocking: 49920)
device: 0x2289d70 duration: 0.745708
delta: 2.38304e+10
.device: 0x2289d70 kernel from: 0 to: 200192 -> range: 200192
device: 0x2289d70 duration: 0.446586
device: Tesla P100-PCIE-16GB (0x2289d70)  kernel from: 0 to: 399360 -> range: 399360 (with blocking: 49920)
device: 0x2289d70 duration: 0.74571
delta: 3.61652e+09
.device: 0x2289d70 kernel from: 0 to: 200192 -> range: 200192
device: 0x2289d70 duration: 0.446578
device: Tesla P100-PCIE-16GB (0x2289d70)  kernel from: 0 to: 399360 -> range: 399360 (with blocking: 49920)
device: 0x2289d70 duration: 0.745707
delta: 6.43102e+09
.device: 0x2289d70 kernel from: 0 to: 200192 -> range: 200192
device: 0x2289d70 duration: 0.44659
device: Tesla P100-PCIE-16GB (0x2289d70)  kernel from: 0 to: 399360 -> range: 399360 (with blocking: 49920)
device: 0x2289d70 duration: 0.745708
delta: 5.34352e+09
.device: 0x2289d70 kernel from: 0 to: 200192 -> range: 200192
device: 0x2289d70 duration: 0.446553
device: Tesla P100-PCIE-16GB (0x2289d70)  kernel from: 0 to: 399360 -> range: 399360 (with blocking: 49920)
device: 0x2289d70 duration: 0.745705
delta: 3.91725e+09
.device: 0x2289d70 kernel from: 0 to: 200192 -> range: 200192
device: 0x2289d70 duration: 0.44656
device: Tesla P100-PCIE-16GB (0x2289d70)  kernel from: 0 to: 399360 -> range: 399360 (with blocking: 49920)
device: 0x2289d70 duration: 0.745707
delta: 7.85177e+09
.device: 0x2289d70 kernel from: 0 to: 200192 -> range: 200192
device: 0x2289d70 duration: 0.446553
device: Tesla P100-PCIE-16GB (0x2289d70)  kernel from: 0 to: 399360 -> range: 399360 (with blocking: 49920)
device: 0x2289d70 duration: 0.745702
delta: 8.66261e+09
.device: 0x2289d70 kernel from: 0 to: 200192 -> range: 200192
device: 0x2289d70 duration: 0.446577
device: Tesla P100-PCIE-16GB (0x2289d70)  kernel from: 0 to: 399360 -> range: 399360 (with blocking: 49920)
device: 0x2289d70 duration: 0.745707
delta: 2.86497e+09
.device: 0x2289d70 kernel from: 0 to: 200192 -> range: 200192
device: 0x2289d70 duration: 0.44654
device: Tesla P100-PCIE-16GB (0x2289d70)  kernel from: 0 to: 399360 -> range: 399360 (with blocking: 49920)
device: 0x2289d70 duration: 0.745708
delta: 3.43475e+10
.device: 0x2289d70 kernel from: 0 to: 200192 -> range: 200192
device: 0x2289d70 duration: 0.446546
device: Tesla P100-PCIE-16GB (0x2289d70)  kernel from: 0 to: 399360 -> range: 399360 (with blocking: 49920)
device: 0x2289d70 duration: 0.745708
delta: 7.37309e+09
.device: 0x2289d70 kernel from: 0 to: 200192 -> range: 200192
device: 0x2289d70 duration: 0.446542
device: Tesla P100-PCIE-16GB (0x2289d70)  kernel from: 0 to: 399360 -> range: 399360 (with blocking: 49920)
device: 0x2289d70 duration: 0.745707
delta: 7.67365e+09
.device: 0x2289d70 kernel from: 0 to: 200192 -> range: 200192
device: 0x2289d70 duration: 0.446558
device: Tesla P100-PCIE-16GB (0x2289d70)  kernel from: 0 to: 399360 -> range: 399360 (with blocking: 49920)
device: 0x2289d70 duration: 0.745707
delta: 4.5111e+09
.device: 0x2289d70 kernel from: 0 to: 200192 -> range: 200192
device: 0x2289d70 duration: 0.446608
device: Tesla P100-PCIE-16GB (0x2289d70)  kernel from: 0 to: 399360 -> range: 399360 (with blocking: 49920)
device: 0x2289d70 duration: 0.745706
delta: 2.82954e+09
.device: 0x2289d70 kernel from: 0 to: 200192 -> range: 200192
device: 0x2289d70 duration: 0.446571
device: Tesla P100-PCIE-16GB (0x2289d70)  kernel from: 0 to: 399360 -> range: 399360 (with blocking: 49920)
device: 0x2289d70 duration: 0.745705
delta: 9.8354e+09
.device: 0x2289d70 kernel from: 0 to: 200192 -> range: 200192
device: 0x2289d70 duration: 0.446532
device: Tesla P100-PCIE-16GB (0x2289d70)  kernel from: 0 to: 399360 -> range: 399360 (with blocking: 49920)
device: 0x2289d70 duration: 0.745706
delta: 6.62167e+09
.device: 0x2289d70 kernel from: 0 to: 200192 -> range: 200192
device: 0x2289d70 duration: 0.446555
device: Tesla P100-PCIE-16GB (0x2289d70)  kernel from: 0 to: 399360 -> range: 399360 (with blocking: 49920)
device: 0x2289d70 duration: 0.745708
delta: 3.84532e+09
.device: 0x2289d70 kernel from: 0 to: 200192 -> range: 200192
device: 0x2289d70 duration: 0.446607
device: Tesla P100-PCIE-16GB (0x2289d70)  kernel from: 0 to: 399360 -> range: 399360 (with blocking: 49920)
device: 0x2289d70 duration: 0.745709
delta: 1.45846e+10
.device: 0x2289d70 kernel from: 0 to: 200192 -> range: 200192
device: 0x2289d70 duration: 0.44659
device: Tesla P100-PCIE-16GB (0x2289d70)  kernel from: 0 to: 399360 -> range: 399360 (with blocking: 49920)
device: 0x2289d70 duration: 0.745708
delta: 1.08083e+10
.device: 0x2289d70 kernel from: 0 to: 200192 -> range: 200192
device: 0x2289d70 duration: 0.446546
device: Tesla P100-PCIE-16GB (0x2289d70)  kernel from: 0 to: 399360 -> range: 399360 (with blocking: 49920)
device: 0x2289d70 duration: 0.745707
delta: 7.89195e+09
.device: 0x2289d70 kernel from: 0 to: 200192 -> range: 200192
device: 0x2289d70 duration: 0.446523
device: Tesla P100-PCIE-16GB (0x2289d70)  kernel from: 0 to: 399360 -> range: 399360 (with blocking: 49920)
device: 0x2289d70 duration: 0.745707
delta: 2.47017e+09
.device: 0x2289d70 kernel from: 0 to: 200192 -> range: 200192
device: 0x2289d70 duration: 0.446588
device: Tesla P100-PCIE-16GB (0x2289d70)  kernel from: 0 to: 399360 -> range: 399360 (with blocking: 49920)
device: 0x2289d70 duration: 0.745704
delta: 2.73969e+09
.device: 0x2289d70 kernel from: 0 to: 200192 -> range: 200192
device: 0x2289d70 duration: 0.446593
device: Tesla P100-PCIE-16GB (0x2289d70)  kernel from: 0 to: 399360 -> range: 399360 (with blocking: 49920)
device: 0x2289d70 duration: 0.745705
delta: 6.00658e+09
.device: 0x2289d70 kernel from: 0 to: 200192 -> range: 200192
device: 0x2289d70 duration: 0.446575
device: Tesla P100-PCIE-16GB (0x2289d70)  kernel from: 0 to: 399360 -> range: 399360 (with blocking: 49920)
device: 0x2289d70 duration: 0.745705
delta: 5.88903e+09
.device: 0x2289d70 kernel from: 0 to: 200192 -> range: 200192
device: 0x2289d70 duration: 0.446579
device: Tesla P100-PCIE-16GB (0x2289d70)  kernel from: 0 to: 399360 -> range: 399360 (with blocking: 49920)
device: 0x2289d70 duration: 0.745707
delta: 4.51204e+09
.device: 0x2289d70 kernel from: 0 to: 200192 -> range: 200192
device: 0x2289d70 duration: 0.44656
device: Tesla P100-PCIE-16GB (0x2289d70)  kernel from: 0 to: 399360 -> range: 399360 (with blocking: 49920)
device: 0x2289d70 duration: 0.745708
delta: 4.05023e+09
.device: 0x2289d70 kernel from: 0 to: 200192 -> range: 200192
device: 0x2289d70 duration: 0.446593
device: Tesla P100-PCIE-16GB (0x2289d70)  kernel from: 0 to: 399360 -> range: 399360 (with blocking: 49920)
device: 0x2289d70 duration: 0.745709
delta: 1.13297e+10
.device: 0x2289d70 kernel from: 0 to: 200192 -> range: 200192
device: 0x2289d70 duration: 0.446583
device: Tesla P100-PCIE-16GB (0x2289d70)  kernel from: 0 to: 399360 -> range: 399360 (with blocking: 49920)
device: 0x2289d70 duration: 0.74571
delta: 4.19139e+09
.device: 0x2289d70 kernel from: 0 to: 200192 -> range: 200192
device: 0x2289d70 duration: 0.446561
device: Tesla P100-PCIE-16GB (0x2289d70)  kernel from: 0 to: 399360 -> range: 399360 (with blocking: 49920)
device: 0x2289d70 duration: 0.745706
delta: 5.67467e+09
.device: 0x2289d70 kernel from: 0 to: 200192 -> range: 200192
device: 0x2289d70 duration: 0.446509
device: Tesla P100-PCIE-16GB (0x2289d70)  kernel from: 0 to: 399360 -> range: 399360 (with blocking: 49920)
device: 0x2289d70 duration: 0.745708
delta: 7.03479e+09
.device: 0x2289d70 kernel from: 0 to: 200192 -> range: 200192
device: 0x2289d70 duration: 0.446528
device: Tesla P100-PCIE-16GB (0x2289d70)  kernel from: 0 to: 399360 -> range: 399360 (with blocking: 49920)
device: 0x2289d70 duration: 0.745708
delta: 1.95837e+09
.device: 0x2289d70 kernel from: 0 to: 200192 -> range: 200192
device: 0x2289d70 duration: 0.446576
device: Tesla P100-PCIE-16GB (0x2289d70)  kernel from: 0 to: 399360 -> range: 399360 (with blocking: 49920)
device: 0x2289d70 duration: 0.745708
delta: 2.97873e+09
.device: 0x2289d70 kernel from: 0 to: 200192 -> range: 200192
device: 0x2289d70 duration: 0.44656
device: Tesla P100-PCIE-16GB (0x2289d70)  kernel from: 0 to: 399360 -> range: 399360 (with blocking: 49920)
device: 0x2289d70 duration: 0.745711
delta: 1.46775e+10
.device: 0x2289d70 kernel from: 0 to: 200192 -> range: 200192
device: 0x2289d70 duration: 0.446541
device: Tesla P100-PCIE-16GB (0x2289d70)  kernel from: 0 to: 399360 -> range: 399360 (with blocking: 49920)
device: 0x2289d70 duration: 0.745708
delta: 4.27666e+09
.device: 0x2289d70 kernel from: 0 to: 200192 -> range: 200192
device: 0x2289d70 duration: 0.446553
device: Tesla P100-PCIE-16GB (0x2289d70)  kernel from: 0 to: 399360 -> range: 399360 (with blocking: 49920)
device: 0x2289d70 duration: 0.745709
delta: 2.70351e+09
.device: 0x2289d70 kernel from: 0 to: 200192 -> range: 200192
device: 0x2289d70 duration: 0.446504
device: Tesla P100-PCIE-16GB (0x2289d70)  kernel from: 0 to: 399360 -> range: 399360 (with blocking: 49920)
device: 0x2289d70 duration: 0.745707
delta: 2.60907e+09
.device: 0x2289d70 kernel from: 0 to: 200192 -> range: 200192
device: 0x2289d70 duration: 0.446492
device: Tesla P100-PCIE-16GB (0x2289d70)  kernel from: 0 to: 399360 -> range: 399360 (with blocking: 49920)
device: 0x2289d70 duration: 0.745707
delta: 5.6224e+09
.device: 0x2289d70 kernel from: 0 to: 200192 -> range: 200192
device: 0x2289d70 duration: 0.446516
device: Tesla P100-PCIE-16GB (0x2289d70)  kernel from: 0 to: 399360 -> range: 399360 (with blocking: 49920)
device: 0x2289d70 duration: 0.745709
delta: 3.19525e+09
.device: 0x2289d70 kernel from: 0 to: 200192 -> range: 200192
device: 0x2289d70 duration: 0.446621
device: Tesla P100-PCIE-16GB (0x2289d70)  kernel from: 0 to: 399360 -> range: 399360 (with blocking: 49920)
device: 0x2289d70 duration: 0.745709
delta: 2.76182e+09
.device: 0x2289d70 kernel from: 0 to: 200192 -> range: 200192
device: 0x2289d70 duration: 0.446594
device: Tesla P100-PCIE-16GB (0x2289d70)  kernel from: 0 to: 399360 -> range: 399360 (with blocking: 49920)
device: 0x2289d70 duration: 0.745702
delta: 5.50323e+09
.device: 0x2289d70 kernel from: 0 to: 200192 -> range: 200192
device: 0x2289d70 duration: 0.446533
device: Tesla P100-PCIE-16GB (0x2289d70)  kernel from: 0 to: 399360 -> range: 399360 (with blocking: 49920)
device: 0x2289d70 duration: 0.745706
delta: 1.83564e+09
.device: 0x2289d70 kernel from: 0 to: 200192 -> range: 200192
device: 0x2289d70 duration: 0.446539
device: Tesla P100-PCIE-16GB (0x2289d70)  kernel from: 0 to: 399360 -> range: 399360 (with blocking: 49920)
device: 0x2289d70 duration: 0.745707
delta: 8.77343e+09
.device: 0x2289d70 kernel from: 0 to: 200192 -> range: 200192
device: 0x2289d70 duration: 0.446523
device: Tesla P100-PCIE-16GB (0x2289d70)  kernel from: 0 to: 399360 -> range: 399360 (with blocking: 49920)
device: 0x2289d70 duration: 0.745711
delta: 2.55229e+09
.device: 0x2289d70 kernel from: 0 to: 200192 -> range: 200192
device: 0x2289d70 duration: 0.446503
device: Tesla P100-PCIE-16GB (0x2289d70)  kernel from: 0 to: 399360 -> range: 399360 (with blocking: 49920)
device: 0x2289d70 duration: 0.745707
delta: 2.88496e+09
.device: 0x2289d70 kernel from: 0 to: 200192 -> range: 200192
device: 0x2289d70 duration: 0.446519
device: Tesla P100-PCIE-16GB (0x2289d70)  kernel from: 0 to: 399360 -> range: 399360 (with blocking: 49920)
device: 0x2289d70 duration: 0.745711
delta: 2.68138e+09
.device: 0x2289d70 kernel from: 0 to: 200192 -> range: 200192
device: 0x2289d70 duration: 0.446542
device: Tesla P100-PCIE-16GB (0x2289d70)  kernel from: 0 to: 399360 -> range: 399360 (with blocking: 49920)
device: 0x2289d70 duration: 0.745706
delta: 3.29443e+09
.device: 0x2289d70 kernel from: 0 to: 200192 -> range: 200192
device: 0x2289d70 duration: 0.446513
device: Tesla P100-PCIE-16GB (0x2289d70)  kernel from: 0 to: 399360 -> range: 399360 (with blocking: 49920)
device: 0x2289d70 duration: 0.745708
delta: 3.73261e+09
.device: 0x2289d70 kernel from: 0 to: 200192 -> range: 200192
device: 0x2289d70 duration: 0.446608
device: Tesla P100-PCIE-16GB (0x2289d70)  kernel from: 0 to: 399360 -> range: 399360 (with blocking: 49920)
device: 0x2289d70 duration: 0.745707
delta: 1.05781e+10

Number of iterations: 100 (max. 100)
Final norm of residuum: 1.05781e+10
counted_mult_calls: 102

Needed Iterations: 100
Final residuum: 1.05781e+10
note: performance calculation: coefficients are reused
note: performance calculation: iterations for calculation : 103.5
note: performance calculation: additional iteration for residual recalculation : 2

Current Duration:: 125.383
Current GFlop/s: 5487.82

Finished Training!

Training took: 125.383 seconds

total_duration: 128.289
