# bash to extract freqs:
sed -n '1870,1967p;1968q' freq_measured_w8100.log | grep -oP 'sclk: \K(.*?) ' | paste -sd+ | bc
# and to count entries selected
sed -n '1846,1869p;1870q' freq_measured_w8100.log | grep -oP 'sclk: \K(.*?) ' | wc -l

# likely rhs
power level avg    sclk: 82400 mclk: 15000
power level avg    sclk: 82400 mclk: 15000
power level avg    sclk: 74056 mclk: 15000
power level avg    sclk: 71403 mclk: 125000
power level avg    sclk: 82400 mclk: 15000
power level avg    sclk: 66970 mclk: 125000
power level avg    sclk: 82400 mclk: 15000
power level avg    sclk: 82400 mclk: 15000
power level avg    sclk: 76493 mclk: 15000

# likely density
power level avg    sclk: 82400 mclk: 15000
power level avg    sclk: 82400 mclk: 125000
power level avg    sclk: 78765 mclk: 125000
power level avg    sclk: 75219 mclk: 125000
power level avg    sclk: 75417 mclk: 125000
power level avg    sclk: 74082 mclk: 125000
power level avg    sclk: 75078 mclk: 15000
power level avg    sclk: 77389 mclk: 125000
power level avg    sclk: 77320 mclk: 125000
power level avg    sclk: 76697 mclk: 125000
power level avg    sclk: 82400 mclk: 15000
power level avg    sclk: 82400 mclk: 15000
power level avg    sclk: 71865 mclk: 125000
power level avg    sclk: 73987 mclk: 125000
power level avg    sclk: 72967 mclk: 125000
power level avg    sclk: 74946 mclk: 125000
power level avg    sclk: 72892 mclk: 125000
power level avg    sclk: 73150 mclk: 125000
power level avg    sclk: 72289 mclk: 125000
power level avg    sclk: 72773 mclk: 125000
power level avg    sclk: 72281 mclk: 125000
power level avg    sclk: 76683 mclk: 125000
power level avg    sclk: 82315 mclk: 15000
power level avg    sclk: 82400 mclk: 15000
power level avg    sclk: 73276 mclk: 125000
power level avg    sclk: 72789 mclk: 125000
power level avg    sclk: 73080 mclk: 125000
power level avg    sclk: 71061 mclk: 125000
power level avg    sclk: 74268 mclk: 125000
power level avg    sclk: 72104 mclk: 125000
power level avg    sclk: 75573 mclk: 125000
power level avg    sclk: 73184 mclk: 125000
power level avg    sclk: 74316 mclk: 125000
power level avg    sclk: 82400 mclk: 15000
power level avg    sclk: 82400 mclk: 15000
power level avg    sclk: 82400 mclk: 15000
power level avg    sclk: 73597 mclk: 125000
power level avg    sclk: 75964 mclk: 125000
power level avg    sclk: 72251 mclk: 125000
power level avg    sclk: 74570 mclk: 15000
power level avg    sclk: 73170 mclk: 125000
power level avg    sclk: 71481 mclk: 125000
power level avg    sclk: 73497 mclk: 125000
power level avg    sclk: 71669 mclk: 125000
power level avg    sclk: 76242 mclk: 125000
power level avg    sclk: 82140 mclk: 15000
power level avg    sclk: 82400 mclk: 15000
power level avg    sclk: 74881 mclk: 125000
power level avg    sclk: 72982 mclk: 125000
power level avg    sclk: 73855 mclk: 125000
power level avg    sclk: 71778 mclk: 125000
power level avg    sclk: 71414 mclk: 15000
power level avg    sclk: 72121 mclk: 125000
power level avg    sclk: 71339 mclk: 125000
power level avg    sclk: 73123 mclk: 125000
power level avg    sclk: 71586 mclk: 125000
power level avg    sclk: 82013 mclk: 15000
power level avg    sclk: 82400 mclk: 15000
power level avg    sclk: 82400 mclk: 15000
power level avg    sclk: 82400 mclk: 15000
power level avg    sclk: 82400 mclk: 15000
power level avg    sclk: 82400 mclk: 15000
power level avg    sclk: 82400 mclk: 15000
power level avg    sclk: 82400 mclk: 15000
power level avg    sclk: 82400 mclk: 125000
power level avg    sclk: 82239 mclk: 15000
power level avg    sclk: 82315 mclk: 15000
power level avg    sclk: 82400 mclk: 15000
power level avg    sclk: 82400 mclk: 15000
power level avg    sclk: 80720 mclk: 125000
power level avg    sclk: 72281 mclk: 125000
power level avg    sclk: 73592 mclk: 125000
power level avg    sclk: 74435 mclk: 125000
power level avg    sclk: 75226 mclk: 125000
power level avg    sclk: 74723 mclk: 125000
power level avg    sclk: 74351 mclk: 125000
power level avg    sclk: 71879 mclk: 125000
power level avg    sclk: 73889 mclk: 125000
power level avg    sclk: 78669 mclk: 15000
power level avg    sclk: 82400 mclk: 15000
power level avg    sclk: 82400 mclk: 15000
power level avg    sclk: 82400 mclk: 15000
power level avg    sclk: 82400 mclk: 15000
power level avg    sclk: 82400 mclk: 15000
power level avg    sclk: 82400 mclk: 15000
power level avg    sclk: 82400 mclk: 15000
power level avg    sclk: 82400 mclk: 15000
power level avg    sclk: 82400 mclk: 15000
power level avg    sclk: 77338 mclk: 15000
power level avg    sclk: 82400 mclk: 15000
power level avg    sclk: 74832 mclk: 125000
power level avg    sclk: 74160 mclk: 125000
power level avg    sclk: 74863 mclk: 125000
power level avg    sclk: 73867 mclk: 125000
power level avg    sclk: 74117 mclk: 125000
power level avg    sclk: 71443 mclk: 125000
power level avg    sclk: 72431 mclk: 125000
power level avg    sclk: 71058 mclk: 125000
power level avg    sclk: 72918 mclk: 125000
power level avg    sclk: 77123 mclk: 125000
power level avg    sclk: 82246 mclk: 15000
power level avg    sclk: 82400 mclk: 15000
power level avg    sclk: 71323 mclk: 125000
power level avg    sclk: 70167 mclk: 125000
power level avg    sclk: 71087 mclk: 125000
power level avg    sclk: 70206 mclk: 125000
power level avg    sclk: 70660 mclk: 125000
power level avg    sclk: 71211 mclk: 125000
power level avg    sclk: 71431 mclk: 125000
power level avg    sclk: 70974 mclk: 125000
power level avg    sclk: 70184 mclk: 15000
power level avg    sclk: 82281 mclk: 15000
power level avg    sclk: 82400 mclk: 15000
power level avg    sclk: 73282 mclk: 125000
power level avg    sclk: 70754 mclk: 125000
power level avg    sclk: 70814 mclk: 125000
power level avg    sclk: 69365 mclk: 125000
power level avg    sclk: 70451 mclk: 125000
power level avg    sclk: 69377 mclk: 125000
power level avg    sclk: 70045 mclk: 125000
power level avg    sclk: 70654 mclk: 125000
power level avg    sclk: 71992 mclk: 125000
power level avg    sclk: 69824 mclk: 125000
power level avg    sclk: 81630 mclk: 15000
power level avg    sclk: 82400 mclk: 15000
power level avg    sclk: 73226 mclk: 15000
power level avg    sclk: 70971 mclk: 125000
power level avg    sclk: 73495 mclk: 125000
power level avg    sclk: 72844 mclk: 125000
power level avg    sclk: 76458 mclk: 15000
power level avg    sclk: 74354 mclk: 125000
power level avg    sclk: 75439 mclk: 125000
power level avg    sclk: 69659 mclk: 125000
power level avg    sclk: 74561 mclk: 125000
power level avg    sclk: 79414 mclk: 15000
power level avg    sclk: 82400 mclk: 15000
power level avg    sclk: 82400 mclk: 15000
power level avg    sclk: 75201 mclk: 125000
power level avg    sclk: 73404 mclk: 125000
power level avg    sclk: 73777 mclk: 125000
power level avg    sclk: 72162 mclk: 125000
power level avg    sclk: 72148 mclk: 125000
power level avg    sclk: 71425 mclk: 125000
power level avg    sclk: 72259 mclk: 125000
power level avg    sclk: 71898 mclk: 125000
power level avg    sclk: 81249 mclk: 15000
power level avg    sclk: 82315 mclk: 15000
power level avg    sclk: 82400 mclk: 15000
power level avg    sclk: 71324 mclk: 125000
power level avg    sclk: 71491 mclk: 125000
power level avg    sclk: 72374 mclk: 125000
power level avg    sclk: 71126 mclk: 125000
power level avg    sclk: 72488 mclk: 125000
power level avg    sclk: 71484 mclk: 125000
power level avg    sclk: 73369 mclk: 125000
power level avg    sclk: 71160 mclk: 125000
power level avg    sclk: 72812 mclk: 125000
power level avg    sclk: 82232 mclk: 15000
power level avg    sclk: 82400 mclk: 15000
power level avg    sclk: 82400 mclk: 15000
power level avg    sclk: 71921 mclk: 125000
power level avg    sclk: 72826 mclk: 125000
power level avg    sclk: 72182 mclk: 125000
power level avg    sclk: 73378 mclk: 125000
power level avg    sclk: 71735 mclk: 125000
power level avg    sclk: 73624 mclk: 125000
power level avg    sclk: 72587 mclk: 125000
power level avg    sclk: 73219 mclk: 125000
power level avg    sclk: 71705 mclk: 125000
power level avg    sclk: 82400 mclk: 15000
power level avg    sclk: 82400 mclk: 15000
power level avg    sclk: 71120 mclk: 125000
power level avg    sclk: 72878 mclk: 125000
power level avg    sclk: 71943 mclk: 125000
power level avg    sclk: 73934 mclk: 125000
power level avg    sclk: 74762 mclk: 125000
power level avg    sclk: 72658 mclk: 125000
power level avg    sclk: 73532 mclk: 125000
power level avg    sclk: 71628 mclk: 125000
power level avg    sclk: 72913 mclk: 125000
power level avg    sclk: 71815 mclk: 125000
power level avg    sclk: 81428 mclk: 15000
power level avg    sclk: 82400 mclk: 15000
power level avg    sclk: 82400 mclk: 125000
power level avg    sclk: 74041 mclk: 125000
power level avg    sclk: 72390 mclk: 125000
power level avg    sclk: 72413 mclk: 125000
power level avg    sclk: 71163 mclk: 125000
power level avg    sclk: 70499 mclk: 125000
power level avg    sclk: 69480 mclk: 125000
power level avg    sclk: 72127 mclk: 125000
power level avg    sclk: 71825 mclk: 15000
power level avg    sclk: 80651 mclk: 15000
power level avg    sclk: 82315 mclk: 15000
power level avg    sclk: 82400 mclk: 15000
power level avg    sclk: 73014 mclk: 125000
power level avg    sclk: 71529 mclk: 125000
power level avg    sclk: 72121 mclk: 125000
power level avg    sclk: 71729 mclk: 125000
power level avg    sclk: 72170 mclk: 125000
power level avg    sclk: 72051 mclk: 125000
power level avg    sclk: 71711 mclk: 125000
power level avg    sclk: 72826 mclk: 125000
power level avg    sclk: 74105 mclk: 125000
power level avg    sclk: 82312 mclk: 15000
power level avg    sclk: 82400 mclk: 15000
power level avg    sclk: 82400 mclk: 15000
power level avg    sclk: 82400 mclk: 15000
power level avg    sclk: 82400 mclk: 15000
power level avg    sclk: 82131 mclk: 15000
power level avg    sclk: 81458 mclk: 125000
power level avg    sclk: 70427 mclk: 125000
power level avg    sclk: 70643 mclk: 125000
power level avg    sclk: 81194 mclk: 15000
power level avg    sclk: 81539 mclk: 15000
power level avg    sclk: 82288 mclk: 15000
power level avg    sclk: 82400 mclk: 15000
power level avg    sclk: 74007 mclk: 125000
power level avg    sclk: 71845 mclk: 125000
power level avg    sclk: 70918 mclk: 125000
power level avg    sclk: 69946 mclk: 125000
power level avg    sclk: 72726 mclk: 125000
power level avg    sclk: 72038 mclk: 125000
power level avg    sclk: 72736 mclk: 125000
power level avg    sclk: 71584 mclk: 125000
power level avg    sclk: 73954 mclk: 125000
power level avg    sclk: 82115 mclk: 15000
power level avg    sclk: 82400 mclk: 15000
power level avg    sclk: 82400 mclk: 125000
power level avg    sclk: 70392 mclk: 15000
power level avg    sclk: 72621 mclk: 125000
power level avg    sclk: 70870 mclk: 125000
power level avg    sclk: 72219 mclk: 125000
power level avg    sclk: 71117 mclk: 125000
power level avg    sclk: 72578 mclk: 125000
power level avg    sclk: 73350 mclk: 125000
power level avg    sclk: 73822 mclk: 125000
power level avg    sclk: 71907 mclk: 125000
power level avg    sclk: 82400 mclk: 15000
power level avg    sclk: 82400 mclk: 15000
power level avg    sclk: 82400 mclk: 15000
power level avg    sclk: 82400 mclk: 15000
power level avg    sclk: 82400 mclk: 15000
power level avg    sclk: 82400 mclk: 15000
power level avg    sclk: 81594 mclk: 15000
power level avg    sclk: 82400 mclk: 15000
power level avg    sclk: 80944 mclk: 15000
power level avg    sclk: 76163 mclk: 125000
power level avg    sclk: 72279 mclk: 125000
power level avg    sclk: 82400 mclk: 15000
power level avg    sclk: 82400 mclk: 15000
power level avg    sclk: 71060 mclk: 15000
power level avg    sclk: 71742 mclk: 125000
power level avg    sclk: 71197 mclk: 125000
power level avg    sclk: 72477 mclk: 125000
power level avg    sclk: 73302 mclk: 125000
power level avg    sclk: 74398 mclk: 125000
power level avg    sclk: 71863 mclk: 125000
power level avg    sclk: 72846 mclk: 125000
power level avg    sclk: 71223 mclk: 125000
power level avg    sclk: 73478 mclk: 125000
power level avg    sclk: 81167 mclk: 15000
power level avg    sclk: 82400 mclk: 15000
power level avg    sclk: 82400 mclk: 15000
power level avg    sclk: 74003 mclk: 125000
power level avg    sclk: 71487 mclk: 125000
power level avg    sclk: 71730 mclk: 125000
power level avg    sclk: 71682 mclk: 125000
power level avg    sclk: 72501 mclk: 125000
power level avg    sclk: 70799 mclk: 125000
power level avg    sclk: 72151 mclk: 125000
power level avg    sclk: 71204 mclk: 125000
power level avg    sclk: 80825 mclk: 15000
power level avg    sclk: 82315 mclk: 15000
power level avg    sclk: 82400 mclk: 15000
power level avg    sclk: 82400 mclk: 15000
power level avg    sclk: 82400 mclk: 15000
power level avg    sclk: 82400 mclk: 15000
power level avg    sclk: 82400 mclk: 15000
power level avg    sclk: 82400 mclk: 15000
power level avg    sclk: 82400 mclk: 15000
power level avg    sclk: 82400 mclk: 15000
power level avg    sclk: 82315 mclk: 15000
power level avg    sclk: 82315 mclk: 15000
power level avg    sclk: 82400 mclk: 15000
power level avg    sclk: 71652 mclk: 125000
power level avg    sclk: 72899 mclk: 125000
power level avg    sclk: 71192 mclk: 125000
power level avg    sclk: 70413 mclk: 125000
power level avg    sclk: 71519 mclk: 125000
power level avg    sclk: 68622 mclk: 125000
power level avg    sclk: 71529 mclk: 125000
power level avg    sclk: 68848 mclk: 125000
power level avg    sclk: 71481 mclk: 125000
power level avg    sclk: 81284 mclk: 15000
power level avg    sclk: 82400 mclk: 15000
power level avg    sclk: 82400 mclk: 15000
power level avg    sclk: 82400 mclk: 15000
power level avg    sclk: 82400 mclk: 15000
power level avg    sclk: 82400 mclk: 15000
power level avg    sclk: 82400 mclk: 15000
power level avg    sclk: 82400 mclk: 15000
power level avg    sclk: 82400 mclk: 15000
power level avg    sclk: 82400 mclk: 15000
power level avg    sclk: 80644 mclk: 15000
power level avg    sclk: 82400 mclk: 15000
power level avg    sclk: 71673 mclk: 125000
power level avg    sclk: 72689 mclk: 125000
power level avg    sclk: 72765 mclk: 125000
power level avg    sclk: 73843 mclk: 125000
power level avg    sclk: 71787 mclk: 125000
power level avg    sclk: 72500 mclk: 125000
power level avg    sclk: 69872 mclk: 125000
power level avg    sclk: 72630 mclk: 125000
power level avg    sclk: 71025 mclk: 125000
power level avg    sclk: 78411 mclk: 125000
power level avg    sclk: 82306 mclk: 15000
power level avg    sclk: 82400 mclk: 15000
power level avg    sclk: 73468 mclk: 125000
power level avg    sclk: 72062 mclk: 125000
power level avg    sclk: 72288 mclk: 125000
power level avg    sclk: 71164 mclk: 125000
power level avg    sclk: 72018 mclk: 125000
power level avg    sclk: 71173 mclk: 125000
power level avg    sclk: 73335 mclk: 125000
power level avg    sclk: 72704 mclk: 125000
power level avg    sclk: 74227 mclk: 125000
power level avg    sclk: 82211 mclk: 15000
power level avg    sclk: 82400 mclk: 15000
power level avg    sclk: 82400 mclk: 15000
power level avg    sclk: 72796 mclk: 125000
power level avg    sclk: 69497 mclk: 125000
power level avg    sclk: 69529 mclk: 125000
power level avg    sclk: 69484 mclk: 125000
power level avg    sclk: 68891 mclk: 125000
power level avg    sclk: 68959 mclk: 125000
power level avg    sclk: 70367 mclk: 125000
power level avg    sclk: 69764 mclk: 125000
power level avg    sclk: 71840 mclk: 125000
power level avg    sclk: 82059 mclk: 15000
power level avg    sclk: 82400 mclk: 15000
power level avg    sclk: 82400 mclk: 15000
power level avg    sclk: 82400 mclk: 15000
power level avg    sclk: 82400 mclk: 15000
power level avg    sclk: 82400 mclk: 15000
power level avg    sclk: 82400 mclk: 15000
power level avg    sclk: 82400 mclk: 15000
power level avg    sclk: 82400 mclk: 15000
power level avg    sclk: 82400 mclk: 15000
power level avg    sclk: 82156 mclk: 15000
power level avg    sclk: 82400 mclk: 15000
power level avg    sclk: 75196 mclk: 125000
power level avg    sclk: 74021 mclk: 125000
power level avg    sclk: 73312 mclk: 125000
power level avg    sclk: 71492 mclk: 125000
power level avg    sclk: 72971 mclk: 125000
power level avg    sclk: 71344 mclk: 125000
power level avg    sclk: 72352 mclk: 125000
power level avg    sclk: 71683 mclk: 125000
power level avg    sclk: 74224 mclk: 125000
power level avg    sclk: 81772 mclk: 15000
power level avg    sclk: 82400 mclk: 15000
power level avg    sclk: 82400 mclk: 15000
power level avg    sclk: 79530 mclk: 125000
power level avg    sclk: 72297 mclk: 125000
power level avg    sclk: 71088 mclk: 125000
power level avg    sclk: 72611 mclk: 125000
power level avg    sclk: 72326 mclk: 125000
power level avg    sclk: 74852 mclk: 125000
power level avg    sclk: 72786 mclk: 125000
power level avg    sclk: 74723 mclk: 125000
power level avg    sclk: 71983 mclk: 125000
power level avg    sclk: 82400 mclk: 15000
power level avg    sclk: 82400 mclk: 15000
power level avg    sclk: 70081 mclk: 125000
power level avg    sclk: 72047 mclk: 125000
power level avg    sclk: 70069 mclk: 125000
power level avg    sclk: 71972 mclk: 125000
power level avg    sclk: 71312 mclk: 125000
power level avg    sclk: 71949 mclk: 125000
power level avg    sclk: 70853 mclk: 125000
power level avg    sclk: 71342 mclk: 125000
power level avg    sclk: 70344 mclk: 125000
power level avg    sclk: 74300 mclk: 125000
power level avg    sclk: 82128 mclk: 15000
power level avg    sclk: 82400 mclk: 15000
power level avg    sclk: 73212 mclk: 125000
power level avg    sclk: 72714 mclk: 125000
power level avg    sclk: 72098 mclk: 125000
power level avg    sclk: 72250 mclk: 125000
power level avg    sclk: 71346 mclk: 125000
power level avg    sclk: 71869 mclk: 125000
power level avg    sclk: 71164 mclk: 125000
power level avg    sclk: 71292 mclk: 125000
power level avg    sclk: 71425 mclk: 125000
power level avg    sclk: 82030 mclk: 15000
power level avg    sclk: 82400 mclk: 15000
power level avg    sclk: 82400 mclk: 15000
power level avg    sclk: 82400 mclk: 15000
power level avg    sclk: 82400 mclk: 15000
power level avg    sclk: 82400 mclk: 125000
power level avg    sclk: 73849 mclk: 125000
power level avg    sclk: 81369 mclk: 15000
power level avg    sclk: 81557 mclk: 15000
power level avg    sclk: 82167 mclk: 15000
power level avg    sclk: 78091 mclk: 125000
power level avg    sclk: 82400 mclk: 15000
power level avg    sclk: 82400 mclk: 15000
power level avg    sclk: 82400 mclk: 15000
power level avg    sclk: 72983 mclk: 125000
power level avg    sclk: 73583 mclk: 125000
power level avg    sclk: 75126 mclk: 125000
power level avg    sclk: 73239 mclk: 125000
power level avg    sclk: 74586 mclk: 125000
power level avg    sclk: 71596 mclk: 125000
power level avg    sclk: 73377 mclk: 125000
power level avg    sclk: 71593 mclk: 125000
power level avg    sclk: 74231 mclk: 125000
power level avg    sclk: 81941 mclk: 15000
power level avg    sclk: 82400 mclk: 15000
power level avg    sclk: 82400 mclk: 125000
power level avg    sclk: 73786 mclk: 125000
power level avg    sclk: 72153 mclk: 125000
power level avg    sclk: 73450 mclk: 125000
power level avg    sclk: 71673 mclk: 125000
power level avg    sclk: 71956 mclk: 125000
power level avg    sclk: 71729 mclk: 125000
power level avg    sclk: 72784 mclk: 125000
power level avg    sclk: 72786 mclk: 125000
power level avg    sclk: 81982 mclk: 15000
power level avg    sclk: 82400 mclk: 15000
power level avg    sclk: 82400 mclk: 15000
power level avg    sclk: 82400 mclk: 15000
power level avg    sclk: 82400 mclk: 15000
power level avg    sclk: 82400 mclk: 15000
power level avg    sclk: 76371 mclk: 125000
power level avg    sclk: 74108 mclk: 125000
power level avg    sclk: 77482 mclk: 15000
power level avg    sclk: 77843 mclk: 125000
power level avg    sclk: 78140 mclk: 125000
power level avg    sclk: 82315 mclk: 15000
power level avg    sclk: 82400 mclk: 15000
power level avg    sclk: 82400 mclk: 15000
power level avg    sclk: 72081 mclk: 125000
power level avg    sclk: 68893 mclk: 125000
power level avg    sclk: 69806 mclk: 125000
power level avg    sclk: 68749 mclk: 125000
power level avg    sclk: 69677 mclk: 125000
power level avg    sclk: 68683 mclk: 125000
power level avg    sclk: 68805 mclk: 125000
power level avg    sclk: 69944 mclk: 125000
power level avg    sclk: 70282 mclk: 125000
power level avg    sclk: 81808 mclk: 15000
power level avg    sclk: 82400 mclk: 15000
power level avg    sclk: 74438 mclk: 125000
power level avg    sclk: 74229 mclk: 125000
power level avg    sclk: 71806 mclk: 125000
power level avg    sclk: 72214 mclk: 125000
power level avg    sclk: 71196 mclk: 125000
power level avg    sclk: 72292 mclk: 125000
power level avg    sclk: 71638 mclk: 125000
power level avg    sclk: 72780 mclk: 125000
power level avg    sclk: 72541 mclk: 125000
power level avg    sclk: 81780 mclk: 15000
power level avg    sclk: 82400 mclk: 15000
power level avg    sclk: 82400 mclk: 15000
power level avg    sclk: 74801 mclk: 125000
power level avg    sclk: 72604 mclk: 125000
power level avg    sclk: 71541 mclk: 125000
power level avg    sclk: 72260 mclk: 125000
power level avg    sclk: 73424 mclk: 125000
power level avg    sclk: 73364 mclk: 125000
power level avg    sclk: 72859 mclk: 125000
power level avg    sclk: 73632 mclk: 125000
power level avg    sclk: 71199 mclk: 125000
power level avg    sclk: 82400 mclk: 15000
power level avg    sclk: 82400 mclk: 15000
power level avg    sclk: 72574 mclk: 125000
power level avg    sclk: 70989 mclk: 125000
power level avg    sclk: 72983 mclk: 125000
power level avg    sclk: 71644 mclk: 125000
power level avg    sclk: 74670 mclk: 125000
power level avg    sclk: 72635 mclk: 125000
power level avg    sclk: 73326 mclk: 125000
power level avg    sclk: 72373 mclk: 125000
power level avg    sclk: 73475 mclk: 125000
power level avg    sclk: 71320 mclk: 125000
power level avg    sclk: 81434 mclk: 15000
power level avg    sclk: 82400 mclk: 15000
power level avg    sclk: 72779 mclk: 125000
power level avg    sclk: 71829 mclk: 125000
power level avg    sclk: 74041 mclk: 125000
power level avg    sclk: 72277 mclk: 125000
power level avg    sclk: 73307 mclk: 125000
power level avg    sclk: 72269 mclk: 125000
power level avg    sclk: 71753 mclk: 125000
power level avg    sclk: 71367 mclk: 125000
power level avg    sclk: 71190 mclk: 125000
power level avg    sclk: 78814 mclk: 125000
power level avg    sclk: 82276 mclk: 15000
power level avg    sclk: 82400 mclk: 15000
power level avg    sclk: 82400 mclk: 15000
power level avg    sclk: 82400 mclk: 15000
power level avg    sclk: 81772 mclk: 125000
power level avg    sclk: 74123 mclk: 125000
power level avg    sclk: 75452 mclk: 125000
power level avg    sclk: 73831 mclk: 125000
power level avg    sclk: 71884 mclk: 125000
power level avg    sclk: 73515 mclk: 125000
power level avg    sclk: 72006 mclk: 125000
power level avg    sclk: 80123 mclk: 15000
power level avg    sclk: 82400 mclk: 15000
power level avg    sclk: 82400 mclk: 15000
power level avg    sclk: 72241 mclk: 125000
power level avg    sclk: 75496 mclk: 125000
power level avg    sclk: 73570 mclk: 125000
power level avg    sclk: 72803 mclk: 125000
power level avg    sclk: 72059 mclk: 125000
power level avg    sclk: 72064 mclk: 125000
power level avg    sclk: 71259 mclk: 125000
power level avg    sclk: 71268 mclk: 125000
power level avg    sclk: 79903 mclk: 15000
power level avg    sclk: 82308 mclk: 15000
power level avg    sclk: 82400 mclk: 15000
power level avg    sclk: 72183 mclk: 125000
power level avg    sclk: 72469 mclk: 125000
power level avg    sclk: 71857 mclk: 125000
power level avg    sclk: 72515 mclk: 125000
power level avg    sclk: 70854 mclk: 125000
power level avg    sclk: 72142 mclk: 125000
power level avg    sclk: 71870 mclk: 125000
power level avg    sclk: 73068 mclk: 125000
power level avg    sclk: 71409 mclk: 125000
power level avg    sclk: 82068 mclk: 15000
power level avg    sclk: 82400 mclk: 15000
power level avg    sclk: 74928 mclk: 125000
power level avg    sclk: 72431 mclk: 125000
power level avg    sclk: 71131 mclk: 125000
power level avg    sclk: 72688 mclk: 125000
power level avg    sclk: 70779 mclk: 125000
power level avg    sclk: 72573 mclk: 125000
power level avg    sclk: 71151 mclk: 125000
power level avg    sclk: 73790 mclk: 125000
power level avg    sclk: 71937 mclk: 125000
power level avg    sclk: 72743 mclk: 125000
power level avg    sclk: 82400 mclk: 15000
power level avg    sclk: 82400 mclk: 15000
power level avg    sclk: 72660 mclk: 125000
power level avg    sclk: 70662 mclk: 125000
power level avg    sclk: 72730 mclk: 125000
power level avg    sclk: 71495 mclk: 125000
power level avg    sclk: 73221 mclk: 125000
power level avg    sclk: 72676 mclk: 125000
power level avg    sclk: 73217 mclk: 125000
power level avg    sclk: 71499 mclk: 125000
power level avg    sclk: 73177 mclk: 125000
power level avg    sclk: 71342 mclk: 125000
power level avg    sclk: 80619 mclk: 15000
power level avg    sclk: 82400 mclk: 15000
power level avg    sclk: 82400 mclk: 15000
power level avg    sclk: 82400 mclk: 15000
power level avg    sclk: 82400 mclk: 15000
power level avg    sclk: 82400 mclk: 15000
power level avg    sclk: 82400 mclk: 15000
power level avg    sclk: 82400 mclk: 15000
power level avg    sclk: 82400 mclk: 15000
power level avg    sclk: 77444 mclk: 15000
power level avg    sclk: 79230 mclk: 15000
power level avg    sclk: 82400 mclk: 15000
power level avg    sclk: 73281 mclk: 125000
power level avg    sclk: 71957 mclk: 125000
power level avg    sclk: 74150 mclk: 125000
power level avg    sclk: 72527 mclk: 125000
power level avg    sclk: 72701 mclk: 125000
power level avg    sclk: 72762 mclk: 125000
power level avg    sclk: 71154 mclk: 125000
power level avg    sclk: 72354 mclk: 125000
power level avg    sclk: 71185 mclk: 125000
power level avg    sclk: 76243 mclk: 125000
power level avg    sclk: 82108 mclk: 15000
power level avg    sclk: 82400 mclk: 15000
power level avg    sclk: 82400 mclk: 15000
power level avg    sclk: 82400 mclk: 15000
power level avg    sclk: 82400 mclk: 15000
power level avg    sclk: 82400 mclk: 15000
power level avg    sclk: 82400 mclk: 15000
power level avg    sclk: 82400 mclk: 15000
power level avg    sclk: 82400 mclk: 15000
power level avg    sclk: 82400 mclk: 15000
power level avg    sclk: 82131 mclk: 15000
power level avg    sclk: 82400 mclk: 15000
power level avg    sclk: 75008 mclk: 125000
power level avg    sclk: 73769 mclk: 125000
power level avg    sclk: 73119 mclk: 125000
power level avg    sclk: 72107 mclk: 125000
power level avg    sclk: 72142 mclk: 125000
power level avg    sclk: 72446 mclk: 125000
power level avg    sclk: 71049 mclk: 125000
power level avg    sclk: 72080 mclk: 125000
power level avg    sclk: 73583 mclk: 125000
power level avg    sclk: 81694 mclk: 15000
power level avg    sclk: 82400 mclk: 15000
power level avg    sclk: 82400 mclk: 125000
power level avg    sclk: 71281 mclk: 125000
power level avg    sclk: 72952 mclk: 125000
power level avg    sclk: 71246 mclk: 125000
power level avg    sclk: 71752 mclk: 125000
power level avg    sclk: 71434 mclk: 125000
power level avg    sclk: 72789 mclk: 125000
power level avg    sclk: 71736 mclk: 125000
power level avg    sclk: 72409 mclk: 125000
power level avg    sclk: 72046 mclk: 125000
power level avg    sclk: 82313 mclk: 15000
power level avg    sclk: 82400 mclk: 15000
power level avg    sclk: 82400 mclk: 125000
power level avg    sclk: 71005 mclk: 125000
power level avg    sclk: 72824 mclk: 125000
power level avg    sclk: 71686 mclk: 125000
power level avg    sclk: 74836 mclk: 125000
power level avg    sclk: 73518 mclk: 125000
power level avg    sclk: 73109 mclk: 125000
power level avg    sclk: 72342 mclk: 125000
power level avg    sclk: 71230 mclk: 125000
power level avg    sclk: 73000 mclk: 125000
power level avg    sclk: 81303 mclk: 15000
power level avg    sclk: 82400 mclk: 15000
power level avg    sclk: 82400 mclk: 15000
power level avg    sclk: 82400 mclk: 15000
power level avg    sclk: 82400 mclk: 15000
power level avg    sclk: 82400 mclk: 15000
power level avg    sclk: 82400 mclk: 15000
power level avg    sclk: 82400 mclk: 15000
power level avg    sclk: 82400 mclk: 15000
power level avg    sclk: 82400 mclk: 15000
power level avg    sclk: 80794 mclk: 15000
power level avg    sclk: 82400 mclk: 15000
power level avg    sclk: 82400 mclk: 15000
power level avg    sclk: 74295 mclk: 125000
power level avg    sclk: 74655 mclk: 125000
power level avg    sclk: 73521 mclk: 125000
power level avg    sclk: 71391 mclk: 125000
power level avg    sclk: 72929 mclk: 125000
power level avg    sclk: 71020 mclk: 125000
power level avg    sclk: 73245 mclk: 125000
power level avg    sclk: 72117 mclk: 125000
power level avg    sclk: 81502 mclk: 15000
power level avg    sclk: 82400 mclk: 15000
power level avg    sclk: 82400 mclk: 15000
power level avg    sclk: 73997 mclk: 125000
power level avg    sclk: 71773 mclk: 125000
power level avg    sclk: 72649 mclk: 125000
power level avg    sclk: 72493 mclk: 125000
power level avg    sclk: 73727 mclk: 125000
power level avg    sclk: 74369 mclk: 125000
power level avg    sclk: 73549 mclk: 125000
power level avg    sclk: 72726 mclk: 125000
power level avg    sclk: 71846 mclk: 125000
power level avg    sclk: 82400 mclk: 15000
power level avg    sclk: 82400 mclk: 15000
power level avg    sclk: 71187 mclk: 125000
power level avg    sclk: 72750 mclk: 125000
power level avg    sclk: 71439 mclk: 125000
power level avg    sclk: 74952 mclk: 125000
power level avg    sclk: 72531 mclk: 125000
power level avg    sclk: 73362 mclk: 125000
power level avg    sclk: 72255 mclk: 125000
power level avg    sclk: 71507 mclk: 125000
power level avg    sclk: 72557 mclk: 125000
power level avg    sclk: 71939 mclk: 125000
power level avg    sclk: 81775 mclk: 15000
power level avg    sclk: 82400 mclk: 15000
power level avg    sclk: 82400 mclk: 15000
power level avg    sclk: 82400 mclk: 15000
power level avg    sclk: 82400 mclk: 15000
power level avg    sclk: 82400 mclk: 15000
power level avg    sclk: 82315 mclk: 15000
power level avg    sclk: 73762 mclk: 125000
power level avg    sclk: 72739 mclk: 125000
power level avg    sclk: 72621 mclk: 15000
power level avg    sclk: 74838 mclk: 15000
power level avg    sclk: 81606 mclk: 15000
power level avg    sclk: 82400 mclk: 15000
power level avg    sclk: 82400 mclk: 15000
power level avg    sclk: 82400 mclk: 15000
power level avg    sclk: 82400 mclk: 15000
power level avg    sclk: 82400 mclk: 15000
power level avg    sclk: 82400 mclk: 15000
power level avg    sclk: 82400 mclk: 15000
power level avg    sclk: 82400 mclk: 15000
power level avg    sclk: 82400 mclk: 15000
power level avg    sclk: 81348 mclk: 15000
power level avg    sclk: 82400 mclk: 15000
power level avg    sclk: 74032 mclk: 125000
power level avg    sclk: 74294 mclk: 125000
power level avg    sclk: 75310 mclk: 125000
power level avg    sclk: 72316 mclk: 125000
power level avg    sclk: 73306 mclk: 125000
power level avg    sclk: 71357 mclk: 125000
power level avg    sclk: 73099 mclk: 125000
power level avg    sclk: 71385 mclk: 125000
power level avg    sclk: 73151 mclk: 125000
power level avg    sclk: 80809 mclk: 15000
power level avg    sclk: 82315 mclk: 15000
power level avg    sclk: 82400 mclk: 15000
power level avg    sclk: 72491 mclk: 125000
power level avg    sclk: 72373 mclk: 125000
power level avg    sclk: 72640 mclk: 125000
power level avg    sclk: 71473 mclk: 125000
power level avg    sclk: 72465 mclk: 125000
power level avg    sclk: 72847 mclk: 15000
power level avg    sclk: 73332 mclk: 125000
power level avg    sclk: 73835 mclk: 15000
power level avg    sclk: 73472 mclk: 125000
power level avg    sclk: 82315 mclk: 15000
power level avg    sclk: 82400 mclk: 15000
power level avg    sclk: 82400 mclk: 125000
power level avg    sclk: 71691 mclk: 125000
power level avg    sclk: 73730 mclk: 125000
power level avg    sclk: 72373 mclk: 125000
power level avg    sclk: 74283 mclk: 125000
power level avg    sclk: 73857 mclk: 125000
power level avg    sclk: 73544 mclk: 125000
power level avg    sclk: 72821 mclk: 125000
power level avg    sclk: 70967 mclk: 125000
power level avg    sclk: 70810 mclk: 125000
power level avg    sclk: 80726 mclk: 15000
power level avg    sclk: 82400 mclk: 15000
power level avg    sclk: 82400 mclk: 15000
power level avg    sclk: 74097 mclk: 15000
power level avg    sclk: 74802 mclk: 125000
power level avg    sclk: 71993 mclk: 125000
power level avg    sclk: 72454 mclk: 125000
power level avg    sclk: 71024 mclk: 125000
power level avg    sclk: 72649 mclk: 125000
power level avg    sclk: 71320 mclk: 125000
power level avg    sclk: 73307 mclk: 125000
power level avg    sclk: 81667 mclk: 15000
power level avg    sclk: 82315 mclk: 15000
power level avg    sclk: 82400 mclk: 15000
power level avg    sclk: 82400 mclk: 15000
power level avg    sclk: 72166 mclk: 125000
power level avg    sclk: 71255 mclk: 125000
power level avg    sclk: 74349 mclk: 125000
power level avg    sclk: 72386 mclk: 125000
power level avg    sclk: 74148 mclk: 15000
power level avg    sclk: 74651 mclk: 125000
power level avg    sclk: 72232 mclk: 125000
power level avg    sclk: 73642 mclk: 125000
power level avg    sclk: 78249 mclk: 15000
power level avg    sclk: 82400 mclk: 15000
power level avg    sclk: 82400 mclk: 15000
power level avg    sclk: 72953 mclk: 125000
power level avg    sclk: 73683 mclk: 125000
power level avg    sclk: 72658 mclk: 125000
power level avg    sclk: 73530 mclk: 125000
power level avg    sclk: 71317 mclk: 125000
power level avg    sclk: 73260 mclk: 125000
power level avg    sclk: 71261 mclk: 125000
power level avg    sclk: 73268 mclk: 125000
power level avg    sclk: 79407 mclk: 125000
power level avg    sclk: 82315 mclk: 15000
power level avg    sclk: 82400 mclk: 15000
power level avg    sclk: 75027 mclk: 125000
power level avg    sclk: 72225 mclk: 125000
power level avg    sclk: 72617 mclk: 125000
power level avg    sclk: 72183 mclk: 125000
power level avg    sclk: 71188 mclk: 125000
power level avg    sclk: 72534 mclk: 125000
power level avg    sclk: 71537 mclk: 125000
power level avg    sclk: 74217 mclk: 125000
power level avg    sclk: 72548 mclk: 125000
power level avg    sclk: 82262 mclk: 15000
power level avg    sclk: 82400 mclk: 15000
power level avg    sclk: 82400 mclk: 15000
power level avg    sclk: 82400 mclk: 15000
power level avg    sclk: 73464 mclk: 125000
power level avg    sclk: 73238 mclk: 125000
power level avg    sclk: 75654 mclk: 125000
power level avg    sclk: 72504 mclk: 125000
power level avg    sclk: 72366 mclk: 125000
power level avg    sclk: 72592 mclk: 125000
power level avg    sclk: 71673 mclk: 125000
power level avg    sclk: 74205 mclk: 125000
power level avg    sclk: 81742 mclk: 15000
power level avg    sclk: 82400 mclk: 15000
power level avg    sclk: 71828 mclk: 125000
power level avg    sclk: 75113 mclk: 125000
power level avg    sclk: 72994 mclk: 125000
power level avg    sclk: 72874 mclk: 125000
power level avg    sclk: 72350 mclk: 125000
power level avg    sclk: 72311 mclk: 125000
power level avg    sclk: 71930 mclk: 125000
power level avg    sclk: 72382 mclk: 125000
power level avg    sclk: 71846 mclk: 125000
power level avg    sclk: 80913 mclk: 15000
power level avg    sclk: 82315 mclk: 15000
power level avg    sclk: 82400 mclk: 15000
power level avg    sclk: 82400 mclk: 15000
power level avg    sclk: 82400 mclk: 15000
power level avg    sclk: 82400 mclk: 15000
power level avg    sclk: 76332 mclk: 125000
power level avg    sclk: 82267 mclk: 125000
power level avg    sclk: 72358 mclk: 125000
power level avg    sclk: 75350 mclk: 15000
power level avg    sclk: 76888 mclk: 15000
power level avg    sclk: 81280 mclk: 15000
power level avg    sclk: 82315 mclk: 15000
power level avg    sclk: 82400 mclk: 15000
power level avg    sclk: 82400 mclk: 15000
power level avg    sclk: 82400 mclk: 15000
power level avg    sclk: 82400 mclk: 15000
power level avg    sclk: 82400 mclk: 15000
power level avg    sclk: 75618 mclk: 125000
power level avg    sclk: 73905 mclk: 125000
power level avg    sclk: 71835 mclk: 15000
power level avg    sclk: 75390 mclk: 125000
power level avg    sclk: 81934 mclk: 15000
power level avg    sclk: 82315 mclk: 15000
power level avg    sclk: 82400 mclk: 15000
power level avg    sclk: 72847 mclk: 125000
power level avg    sclk: 73482 mclk: 125000
power level avg    sclk: 71483 mclk: 125000
power level avg    sclk: 72832 mclk: 125000
power level avg    sclk: 71357 mclk: 125000
power level avg    sclk: 73416 mclk: 125000
power level avg    sclk: 71826 mclk: 125000
power level avg    sclk: 73663 mclk: 125000
power level avg    sclk: 73849 mclk: 125000
power level avg    sclk: 82261 mclk: 15000
power level avg    sclk: 82400 mclk: 15000
power level avg    sclk: 82400 mclk: 15000
power level avg    sclk: 75623 mclk: 125000
power level avg    sclk: 71980 mclk: 125000
power level avg    sclk: 74207 mclk: 125000
power level avg    sclk: 74508 mclk: 125000
power level avg    sclk: 74404 mclk: 125000
power level avg    sclk: 73742 mclk: 125000
power level avg    sclk: 71921 mclk: 125000
power level avg    sclk: 73535 mclk: 125000
power level avg    sclk: 71672 mclk: 125000
power level avg    sclk: 81372 mclk: 15000
power level avg    sclk: 82400 mclk: 15000
power level avg    sclk: 73090 mclk: 15000
power level avg    sclk: 74328 mclk: 125000
power level avg    sclk: 74712 mclk: 125000
power level avg    sclk: 74100 mclk: 125000
power level avg    sclk: 71971 mclk: 125000
power level avg    sclk: 73283 mclk: 125000
power level avg    sclk: 72330 mclk: 125000
power level avg    sclk: 71501 mclk: 125000
power level avg    sclk: 72366 mclk: 125000
power level avg    sclk: 80377 mclk: 125000
power level avg    sclk: 82315 mclk: 15000
power level avg    sclk: 82400 mclk: 15000
power level avg    sclk: 82400 mclk: 15000
power level avg    sclk: 82400 mclk: 15000
power level avg    sclk: 82400 mclk: 15000
power level avg    sclk: 82400 mclk: 15000
power level avg    sclk: 74970 mclk: 125000
power level avg    sclk: 74982 mclk: 125000
power level avg    sclk: 77482 mclk: 15000
power level avg    sclk: 72021 mclk: 125000
power level avg    sclk: 81996 mclk: 15000
power level avg    sclk: 82315 mclk: 15000
power level avg    sclk: 82400 mclk: 15000
power level avg    sclk: 73670 mclk: 125000
power level avg    sclk: 72091 mclk: 125000
power level avg    sclk: 72988 mclk: 125000
power level avg    sclk: 72409 mclk: 125000
power level avg    sclk: 71496 mclk: 15000
power level avg    sclk: 73080 mclk: 125000
power level avg    sclk: 71905 mclk: 125000
power level avg    sclk: 72990 mclk: 125000
power level avg    sclk: 73642 mclk: 125000
power level avg    sclk: 82297 mclk: 15000
power level avg    sclk: 82400 mclk: 15000
power level avg    sclk: 82400 mclk: 15000
power level avg    sclk: 71299 mclk: 125000
power level avg    sclk: 73347 mclk: 125000
power level avg    sclk: 71924 mclk: 125000
power level avg    sclk: 74461 mclk: 125000
power level avg    sclk: 72778 mclk: 125000
power level avg    sclk: 73739 mclk: 15000
power level avg    sclk: 72557 mclk: 125000
power level avg    sclk: 71266 mclk: 125000
power level avg    sclk: 72349 mclk: 125000
power level avg    sclk: 80401 mclk: 15000
power level avg    sclk: 82400 mclk: 15000
power level avg    sclk: 77611 mclk: 125000
power level avg    sclk: 69708 mclk: 125000
power level avg    sclk: 69572 mclk: 125000
power level avg    sclk: 72987 mclk: 125000
power level avg    sclk: 73135 mclk: 125000
power level avg    sclk: 70868 mclk: 125000
power level avg    sclk: 71598 mclk: 125000
power level avg    sclk: 70913 mclk: 125000
power level avg    sclk: 71653 mclk: 15000
power level avg    sclk: 82300 mclk: 15000
power level avg    sclk: 82400 mclk: 15000
power level avg    sclk: 75899 mclk: 125000
power level avg    sclk: 73470 mclk: 125000
power level avg    sclk: 74341 mclk: 125000
power level avg    sclk: 74768 mclk: 125000
power level avg    sclk: 75508 mclk: 125000
power level avg    sclk: 75478 mclk: 125000
power level avg    sclk: 73476 mclk: 125000
power level avg    sclk: 74071 mclk: 125000
power level avg    sclk: 73462 mclk: 125000
power level avg    sclk: 77463 mclk: 125000
power level avg    sclk: 82218 mclk: 15000
power level avg    sclk: 82400 mclk: 15000
power level avg    sclk: 81289 mclk: 125000
power level avg    sclk: 74902 mclk: 125000
power level avg    sclk: 75666 mclk: 125000
power level avg    sclk: 74201 mclk: 125000
power level avg    sclk: 74475 mclk: 125000
power level avg    sclk: 76178 mclk: 125000
power level avg    sclk: 73953 mclk: 125000
power level avg    sclk: 74999 mclk: 125000
power level avg    sclk: 74728 mclk: 125000
power level avg    sclk: 82400 mclk: 15000
power level avg    sclk: 82400 mclk: 15000
power level avg    sclk: 82400 mclk: 15000
power level avg    sclk: 82400 mclk: 15000
power level avg    sclk: 77017 mclk: 125000
power level avg    sclk: 76739 mclk: 125000
power level avg    sclk: 74124 mclk: 15000
power level avg    sclk: 75807 mclk: 125000
power level avg    sclk: 72805 mclk: 125000
power level avg    sclk: 75494 mclk: 15000
power level avg    sclk: 77927 mclk: 125000
power level avg    sclk: 82314 mclk: 15000
power level avg    sclk: 82400 mclk: 15000
power level avg    sclk: 82400 mclk: 15000
power level avg    sclk: 74935 mclk: 125000
power level avg    sclk: 73773 mclk: 125000
power level avg    sclk: 74380 mclk: 125000
power level avg    sclk: 75712 mclk: 125000
power level avg    sclk: 75794 mclk: 125000
power level avg    sclk: 75600 mclk: 125000
power level avg    sclk: 73361 mclk: 125000
power level avg    sclk: 73614 mclk: 125000
power level avg    sclk: 78048 mclk: 125000
power level avg    sclk: 82089 mclk: 15000
power level avg    sclk: 82400 mclk: 15000
power level avg    sclk: 82400 mclk: 15000
power level avg    sclk: 75281 mclk: 125000
power level avg    sclk: 74900 mclk: 125000
power level avg    sclk: 73074 mclk: 125000
power level avg    sclk: 74131 mclk: 15000
power level avg    sclk: 76513 mclk: 125000
power level avg    sclk: 74346 mclk: 125000
power level avg    sclk: 75016 mclk: 125000
power level avg    sclk: 75008 mclk: 125000
power level avg    sclk: 82400 mclk: 15000
power level avg    sclk: 82400 mclk: 15000
power level avg    sclk: 82400 mclk: 15000
power level avg    sclk: 82400 mclk: 15000
power level avg    sclk: 82400 mclk: 15000
power level avg    sclk: 82400 mclk: 15000
power level avg    sclk: 81648 mclk: 15000
power level avg    sclk: 80362 mclk: 15000
power level avg    sclk: 81962 mclk: 15000
power level avg    sclk: 82177 mclk: 125000
power level avg    sclk: 76136 mclk: 125000
power level avg    sclk: 77963 mclk: 15000
power level avg    sclk: 82400 mclk: 15000
power level avg    sclk: 82400 mclk: 15000
power level avg    sclk: 82400 mclk: 15000
power level avg    sclk: 82400 mclk: 15000
power level avg    sclk: 82400 mclk: 15000
power level avg    sclk: 82400 mclk: 15000
power level avg    sclk: 82400 mclk: 15000
power level avg    sclk: 82400 mclk: 15000
power level avg    sclk: 82400 mclk: 15000
power level avg    sclk: 77763 mclk: 15000
power level avg    sclk: 82400 mclk: 15000
power level avg    sclk: 78446 mclk: 125000
power level avg    sclk: 74097 mclk: 125000
power level avg    sclk: 74566 mclk: 15000
power level avg    sclk: 75900 mclk: 125000
power level avg    sclk: 73158 mclk: 125000
power level avg    sclk: 75526 mclk: 125000
power level avg    sclk: 74207 mclk: 125000
power level avg    sclk: 74977 mclk: 125000
power level avg    sclk: 75702 mclk: 125000
power level avg    sclk: 81929 mclk: 15000
power level avg    sclk: 82400 mclk: 15000
power level avg    sclk: 82400 mclk: 15000
power level avg    sclk: 82400 mclk: 15000
power level avg    sclk: 82400 mclk: 15000
power level avg    sclk: 82400 mclk: 15000
power level avg    sclk: 82400 mclk: 15000
power level avg    sclk: 82400 mclk: 15000
power level avg    sclk: 82400 mclk: 15000
power level avg    sclk: 82400 mclk: 15000
power level avg    sclk: 82400 mclk: 15000
power level avg    sclk: 82400 mclk: 15000
power level avg    sclk: 82400 mclk: 15000
power level avg    sclk: 75428 mclk: 125000
power level avg    sclk: 74729 mclk: 125000
power level avg    sclk: 75790 mclk: 125000
power level avg    sclk: 74353 mclk: 125000
power level avg    sclk: 75508 mclk: 125000
power level avg    sclk: 75077 mclk: 125000
power level avg    sclk: 74443 mclk: 125000
power level avg    sclk: 74884 mclk: 125000
power level avg    sclk: 72815 mclk: 125000
power level avg    sclk: 80783 mclk: 15000
power level avg    sclk: 82400 mclk: 15000
power level avg    sclk: 82400 mclk: 15000
power level avg    sclk: 82400 mclk: 15000
power level avg    sclk: 82400 mclk: 15000
power level avg    sclk: 74236 mclk: 15000
power level avg    sclk: 76273 mclk: 125000
power level avg    sclk: 74677 mclk: 125000
power level avg    sclk: 75832 mclk: 125000
power level avg    sclk: 76977 mclk: 125000
power level avg    sclk: 74626 mclk: 125000
power level avg    sclk: 76224 mclk: 15000
power level avg    sclk: 82400 mclk: 15000
power level avg    sclk: 82400 mclk: 15000
power level avg    sclk: 82400 mclk: 15000
power level avg    sclk: 82400 mclk: 15000
power level avg    sclk: 82400 mclk: 15000
power level avg    sclk: 82065 mclk: 15000
power level avg    sclk: 82315 mclk: 15000
power level avg    sclk: 74358 mclk: 125000
power level avg    sclk: 73943 mclk: 125000
power level avg    sclk: 76188 mclk: 125000
power level avg    sclk: 81102 mclk: 15000
power level avg    sclk: 82400 mclk: 15000
power level avg    sclk: 82400 mclk: 15000
power level avg    sclk: 77378 mclk: 125000
power level avg    sclk: 77938 mclk: 125000
power level avg    sclk: 74876 mclk: 125000
power level avg    sclk: 73464 mclk: 125000
power level avg    sclk: 75409 mclk: 125000
power level avg    sclk: 75653 mclk: 125000
power level avg    sclk: 76117 mclk: 125000
power level avg    sclk: 76060 mclk: 125000
power level avg    sclk: 82400 mclk: 15000
power level avg    sclk: 82400 mclk: 15000
power level avg    sclk: 82400 mclk: 15000
power level avg    sclk: 73463 mclk: 125000
power level avg    sclk: 74607 mclk: 125000
power level avg    sclk: 75665 mclk: 125000
power level avg    sclk: 74842 mclk: 125000
power level avg    sclk: 75556 mclk: 125000
power level avg    sclk: 73014 mclk: 125000
power level avg    sclk: 75059 mclk: 125000
power level avg    sclk: 73532 mclk: 125000
power level avg    sclk: 81199 mclk: 125000
power level avg    sclk: 82315 mclk: 15000
power level avg    sclk: 82400 mclk: 15000
power level avg    sclk: 74427 mclk: 125000
power level avg    sclk: 75609 mclk: 125000
power level avg    sclk: 72964 mclk: 125000
power level avg    sclk: 73665 mclk: 125000
power level avg    sclk: 74818 mclk: 125000
power level avg    sclk: 75521 mclk: 125000
power level avg    sclk: 76734 mclk: 125000
power level avg    sclk: 73953 mclk: 125000
power level avg    sclk: 75542 mclk: 125000
power level avg    sclk: 82400 mclk: 15000
power level avg    sclk: 82400 mclk: 15000
power level avg    sclk: 76638 mclk: 125000
power level avg    sclk: 73596 mclk: 125000
power level avg    sclk: 74565 mclk: 125000
power level avg    sclk: 76878 mclk: 125000
power level avg    sclk: 73560 mclk: 125000
power level avg    sclk: 74650 mclk: 125000
power level avg    sclk: 74223 mclk: 125000
power level avg    sclk: 74221 mclk: 125000
power level avg    sclk: 74510 mclk: 125000
power level avg    sclk: 81715 mclk: 15000
power level avg    sclk: 82315 mclk: 15000
power level avg    sclk: 82400 mclk: 15000
power level avg    sclk: 74953 mclk: 15000
power level avg    sclk: 75265 mclk: 125000
power level avg    sclk: 72974 mclk: 125000
power level avg    sclk: 73864 mclk: 125000
power level avg    sclk: 74428 mclk: 125000
power level avg    sclk: 75628 mclk: 125000
power level avg    sclk: 76763 mclk: 125000
power level avg    sclk: 73406 mclk: 125000
power level avg    sclk: 74915 mclk: 125000
power level avg    sclk: 79138 mclk: 15000
power level avg    sclk: 82400 mclk: 15000
power level avg    sclk: 75654 mclk: 125000
power level avg    sclk: 75371 mclk: 125000
power level avg    sclk: 75537 mclk: 125000
power level avg    sclk: 73769 mclk: 125000
power level avg    sclk: 75144 mclk: 125000
power level avg    sclk: 73118 mclk: 125000
power level avg    sclk: 74148 mclk: 125000
power level avg    sclk: 74430 mclk: 125000
power level avg    sclk: 75221 mclk: 125000
power level avg    sclk: 82119 mclk: 15000
power level avg    sclk: 82400 mclk: 15000
power level avg    sclk: 82400 mclk: 15000
power level avg    sclk: 82400 mclk: 15000
power level avg    sclk: 82400 mclk: 15000
power level avg    sclk: 82400 mclk: 15000
power level avg    sclk: 82400 mclk: 15000
power level avg    sclk: 82400 mclk: 15000
power level avg    sclk: 82400 mclk: 15000
power level avg    sclk: 82400 mclk: 15000
power level avg    sclk: 82400 mclk: 15000
power level avg    sclk: 82400 mclk: 15000
power level avg    sclk: 82400 mclk: 15000
power level avg    sclk: 74168 mclk: 125000
power level avg    sclk: 75313 mclk: 125000
power level avg    sclk: 72607 mclk: 125000
power level avg    sclk: 75203 mclk: 125000
power level avg    sclk: 73772 mclk: 125000
power level avg    sclk: 74730 mclk: 15000
power level avg    sclk: 75670 mclk: 125000
power level avg    sclk: 74402 mclk: 125000
power level avg    sclk: 74623 mclk: 125000
power level avg    sclk: 79374 mclk: 15000
power level avg    sclk: 82400 mclk: 15000
power level avg    sclk: 75122 mclk: 125000
power level avg    sclk: 72317 mclk: 125000
power level avg    sclk: 75367 mclk: 125000
power level avg    sclk: 72356 mclk: 125000
power level avg    sclk: 73764 mclk: 125000
power level avg    sclk: 72520 mclk: 125000
power level avg    sclk: 73012 mclk: 125000
power level avg    sclk: 72036 mclk: 125000
power level avg    sclk: 73172 mclk: 125000
power level avg    sclk: 82231 mclk: 15000
power level avg    sclk: 82400 mclk: 15000
power level avg    sclk: 75305 mclk: 125000
power level avg    sclk: 74980 mclk: 125000
power level avg    sclk: 72466 mclk: 125000
power level avg    sclk: 74154 mclk: 15000
power level avg    sclk: 74837 mclk: 125000
power level avg    sclk: 75960 mclk: 125000
power level avg    sclk: 76153 mclk: 125000
power level avg    sclk: 72856 mclk: 125000
power level avg    sclk: 74093 mclk: 125000
power level avg    sclk: 73913 mclk: 125000
power level avg    sclk: 81697 mclk: 15000
power level avg    sclk: 82400 mclk: 15000
power level avg    sclk: 82400 mclk: 15000
power level avg    sclk: 76354 mclk: 125000
power level avg    sclk: 74162 mclk: 125000
power level avg    sclk: 74114 mclk: 125000
power level avg    sclk: 74887 mclk: 125000
power level avg    sclk: 72600 mclk: 125000
power level avg    sclk: 75515 mclk: 125000
power level avg    sclk: 74137 mclk: 125000
power level avg    sclk: 75599 mclk: 125000
power level avg    sclk: 82400 mclk: 15000
power level avg    sclk: 82400 mclk: 15000
power level avg    sclk: 82400 mclk: 15000
power level avg    sclk: 73385 mclk: 125000
power level avg    sclk: 74730 mclk: 125000
power level avg    sclk: 74159 mclk: 125000
power level avg    sclk: 75769 mclk: 125000
power level avg    sclk: 75428 mclk: 125000
power level avg    sclk: 72732 mclk: 125000
power level avg    sclk: 74065 mclk: 125000
power level avg    sclk: 73508 mclk: 125000
power level avg    sclk: 76447 mclk: 125000
power level avg    sclk: 82251 mclk: 15000
power level avg    sclk: 82400 mclk: 15000
power level avg    sclk: 82400 mclk: 15000
power level avg    sclk: 82400 mclk: 15000
power level avg    sclk: 82400 mclk: 15000
power level avg    sclk: 82275 mclk: 125000
power level avg    sclk: 80270 mclk: 125000
power level avg    sclk: 75977 mclk: 125000
power level avg    sclk: 76926 mclk: 15000
power level avg    sclk: 82017 mclk: 125000
power level avg    sclk: 81921 mclk: 15000
power level avg    sclk: 82315 mclk: 15000
power level avg    sclk: 82400 mclk: 15000
power level avg    sclk: 76173 mclk: 125000
power level avg    sclk: 74811 mclk: 125000
power level avg    sclk: 73464 mclk: 125000
power level avg    sclk: 76024 mclk: 125000
power level avg    sclk: 74034 mclk: 125000
power level avg    sclk: 75023 mclk: 125000
power level avg    sclk: 74117 mclk: 125000
power level avg    sclk: 73890 mclk: 15000
power level avg    sclk: 73431 mclk: 125000
power level avg    sclk: 78207 mclk: 15000
power level avg    sclk: 82400 mclk: 15000
power level avg    sclk: 82400 mclk: 15000
power level avg    sclk: 82400 mclk: 15000
power level avg    sclk: 82400 mclk: 15000
power level avg    sclk: 82400 mclk: 15000
power level avg    sclk: 82141 mclk: 15000
power level avg    sclk: 82400 mclk: 15000
power level avg    sclk: 75084 mclk: 15000
power level avg    sclk: 74559 mclk: 125000
power level avg    sclk: 74592 mclk: 125000
power level avg    sclk: 81428 mclk: 15000
power level avg    sclk: 82400 mclk: 15000
power level avg    sclk: 82400 mclk: 15000
power level avg    sclk: 82400 mclk: 15000
power level avg    sclk: 82400 mclk: 15000
power level avg    sclk: 82400 mclk: 15000
power level avg    sclk: 82315 mclk: 15000
power level avg    sclk: 82400 mclk: 125000
power level avg    sclk: 82315 mclk: 15000
power level avg    sclk: 81122 mclk: 125000
power level avg    sclk: 82104 mclk: 15000
power level avg    sclk: 82315 mclk: 15000
power level avg    sclk: 82400 mclk: 15000
power level avg    sclk: 74342 mclk: 125000
power level avg    sclk: 75323 mclk: 125000
power level avg    sclk: 72723 mclk: 125000
power level avg    sclk: 75337 mclk: 125000
power level avg    sclk: 73697 mclk: 125000
power level avg    sclk: 74860 mclk: 125000
power level avg    sclk: 75684 mclk: 125000
power level avg    sclk: 74879 mclk: 125000
power level avg    sclk: 74370 mclk: 125000
power level avg    sclk: 82400 mclk: 15000
power level avg    sclk: 82400 mclk: 15000
power level avg    sclk: 82400 mclk: 15000
power level avg    sclk: 82400 mclk: 15000
power level avg    sclk: 82400 mclk: 15000
power level avg    sclk: 82400 mclk: 15000
power level avg    sclk: 82068 mclk: 125000
power level avg    sclk: 81992 mclk: 15000
power level avg    sclk: 80315 mclk: 125000
power level avg    sclk: 74700 mclk: 125000
power level avg    sclk: 73701 mclk: 125000
power level avg    sclk: 79732 mclk: 15000
power level avg    sclk: 82400 mclk: 15000
power level avg    sclk: 82400 mclk: 15000
power level avg    sclk: 75810 mclk: 125000
power level avg    sclk: 73411 mclk: 125000
power level avg    sclk: 73735 mclk: 125000
power level avg    sclk: 74397 mclk: 125000
power level avg    sclk: 72561 mclk: 125000
power level avg    sclk: 73699 mclk: 125000
power level avg    sclk: 73310 mclk: 125000
power level avg    sclk: 72336 mclk: 125000
power level avg    sclk: 82400 mclk: 15000
power level avg    sclk: 82400 mclk: 15000
power level avg    sclk: 82400 mclk: 15000
power level avg    sclk: 75731 mclk: 125000
power level avg    sclk: 74722 mclk: 125000
power level avg    sclk: 75873 mclk: 125000
power level avg    sclk: 74755 mclk: 125000
power level avg    sclk: 73835 mclk: 125000
power level avg    sclk: 75150 mclk: 125000
power level avg    sclk: 74038 mclk: 125000
power level avg    sclk: 75626 mclk: 125000
power level avg    sclk: 81903 mclk: 15000
power level avg    sclk: 82400 mclk: 15000
power level avg    sclk: 82400 mclk: 125000
power level avg    sclk: 72830 mclk: 125000
power level avg    sclk: 74986 mclk: 125000
power level avg    sclk: 73268 mclk: 125000
power level avg    sclk: 75155 mclk: 125000
power level avg    sclk: 76159 mclk: 125000
power level avg    sclk: 74756 mclk: 125000
power level avg    sclk: 74975 mclk: 15000
power level avg    sclk: 74657 mclk: 125000
power level avg    sclk: 73573 mclk: 125000
power level avg    sclk: 78207 mclk: 15000
power level avg    sclk: 82400 mclk: 15000
power level avg    sclk: 82400 mclk: 15000
power level avg    sclk: 82400 mclk: 125000
power level avg    sclk: 74138 mclk: 125000
power level avg    sclk: 73811 mclk: 125000
power level avg    sclk: 75183 mclk: 125000
power level avg    sclk: 72997 mclk: 125000
power level avg    sclk: 75095 mclk: 125000
power level avg    sclk: 75016 mclk: 125000
power level avg    sclk: 75813 mclk: 125000
power level avg    sclk: 82304 mclk: 15000
power level avg    sclk: 82400 mclk: 15000
power level avg    sclk: 74558 mclk: 15000
power level avg    sclk: 74471 mclk: 125000
power level avg    sclk: 72112 mclk: 125000
power level avg    sclk: 75031 mclk: 125000
power level avg    sclk: 75007 mclk: 125000
power level avg    sclk: 76158 mclk: 125000
power level avg    sclk: 73540 mclk: 125000
power level avg    sclk: 75075 mclk: 125000
power level avg    sclk: 72540 mclk: 125000
power level avg    sclk: 74888 mclk: 125000
power level avg    sclk: 81594 mclk: 15000
power level avg    sclk: 82400 mclk: 15000
power level avg    sclk: 82400 mclk: 15000
power level avg    sclk: 74659 mclk: 15000
power level avg    sclk: 74770 mclk: 125000
power level avg    sclk: 72490 mclk: 125000
power level avg    sclk: 74781 mclk: 125000
power level avg    sclk: 73023 mclk: 125000
power level avg    sclk: 74011 mclk: 125000
power level avg    sclk: 75438 mclk: 125000
power level avg    sclk: 74234 mclk: 125000
power level avg    sclk: 82315 mclk: 15000
power level avg    sclk: 82400 mclk: 15000
power level avg    sclk: 82400 mclk: 15000
power level avg    sclk: 73770 mclk: 125000
power level avg    sclk: 74604 mclk: 125000
power level avg    sclk: 74975 mclk: 125000
power level avg    sclk: 75002 mclk: 125000
power level avg    sclk: 75513 mclk: 125000
power level avg    sclk: 72963 mclk: 125000
power level avg    sclk: 73986 mclk: 125000
power level avg    sclk: 75240 mclk: 125000
power level avg    sclk: 80873 mclk: 125000
power level avg    sclk: 82315 mclk: 15000
power level avg    sclk: 82400 mclk: 15000
power level avg    sclk: 74034 mclk: 125000
power level avg    sclk: 74267 mclk: 125000
power level avg    sclk: 74599 mclk: 125000
power level avg    sclk: 72280 mclk: 125000
power level avg    sclk: 73354 mclk: 125000
power level avg    sclk: 72730 mclk: 125000
power level avg    sclk: 73929 mclk: 15000
power level avg    sclk: 74612 mclk: 125000
power level avg    sclk: 73754 mclk: 125000
power level avg    sclk: 82400 mclk: 15000
power level avg    sclk: 82400 mclk: 15000
power level avg    sclk: 82400 mclk: 125000
power level avg    sclk: 76561 mclk: 125000
power level avg    sclk: 75096 mclk: 125000
power level avg    sclk: 75609 mclk: 125000
power level avg    sclk: 74759 mclk: 15000
power level avg    sclk: 74819 mclk: 125000
power level avg    sclk: 72513 mclk: 125000
power level avg    sclk: 73863 mclk: 15000
power level avg    sclk: 74375 mclk: 125000
power level avg    sclk: 80822 mclk: 125000
power level avg    sclk: 82315 mclk: 15000
power level avg    sclk: 82400 mclk: 15000
power level avg    sclk: 82400 mclk: 15000
power level avg    sclk: 82400 mclk: 15000
power level avg    sclk: 82315 mclk: 15000
power level avg    sclk: 73488 mclk: 15000
power level avg    sclk: 80116 mclk: 15000
power level avg    sclk: 82315 mclk: 15000
power level avg    sclk: 81756 mclk: 125000
power level avg    sclk: 72540 mclk: 125000
power level avg    sclk: 81719 mclk: 15000
power level avg    sclk: 82400 mclk: 15000
power level avg    sclk: 74243 mclk: 125000
power level avg    sclk: 75995 mclk: 125000
power level avg    sclk: 75704 mclk: 125000
power level avg    sclk: 73446 mclk: 125000
power level avg    sclk: 74196 mclk: 125000
power level avg    sclk: 74301 mclk: 125000
power level avg    sclk: 72314 mclk: 125000
power level avg    sclk: 74493 mclk: 125000
power level avg    sclk: 74424 mclk: 125000
power level avg    sclk: 82265 mclk: 15000
power level avg    sclk: 82400 mclk: 15000
power level avg    sclk: 82400 mclk: 15000
power level avg    sclk: 75844 mclk: 125000
power level avg    sclk: 73255 mclk: 125000
power level avg    sclk: 75129 mclk: 125000
power level avg    sclk: 76745 mclk: 125000
power level avg    sclk: 74519 mclk: 125000
power level avg    sclk: 74298 mclk: 125000
power level avg    sclk: 74950 mclk: 125000
power level avg    sclk: 72892 mclk: 125000
power level avg    sclk: 78614 mclk: 125000
power level avg    sclk: 82198 mclk: 15000
power level avg    sclk: 82400 mclk: 15000
power level avg    sclk: 75543 mclk: 125000
power level avg    sclk: 73614 mclk: 125000
power level avg    sclk: 73348 mclk: 125000
power level avg    sclk: 73911 mclk: 15000
power level avg    sclk: 73997 mclk: 125000
power level avg    sclk: 74271 mclk: 125000
power level avg    sclk: 75515 mclk: 125000
power level avg    sclk: 74952 mclk: 125000
power level avg    sclk: 76255 mclk: 125000
power level avg    sclk: 82315 mclk: 15000
power level avg    sclk: 82400 mclk: 15000
power level avg    sclk: 74094 mclk: 125000
power level avg    sclk: 71554 mclk: 125000
power level avg    sclk: 72794 mclk: 125000
power level avg    sclk: 72389 mclk: 125000
power level avg    sclk: 74195 mclk: 125000
power level avg    sclk: 73460 mclk: 125000
power level avg    sclk: 75342 mclk: 125000
power level avg    sclk: 72414 mclk: 125000
power level avg    sclk: 73980 mclk: 125000
power level avg    sclk: 73553 mclk: 125000
power level avg    sclk: 82210 mclk: 15000
power level avg    sclk: 82400 mclk: 15000
power level avg    sclk: 75656 mclk: 125000
power level avg    sclk: 75349 mclk: 125000
power level avg    sclk: 73432 mclk: 125000
power level avg    sclk: 74003 mclk: 125000
power level avg    sclk: 73825 mclk: 125000
power level avg    sclk: 73269 mclk: 125000
power level avg    sclk: 75600 mclk: 125000
power level avg    sclk: 74564 mclk: 125000
power level avg    sclk: 75356 mclk: 125000
power level avg    sclk: 82400 mclk: 15000
power level avg    sclk: 82400 mclk: 15000
power level avg    sclk: 82400 mclk: 15000
power level avg    sclk: 82400 mclk: 15000
power level avg    sclk: 74509 mclk: 15000
power level avg    sclk: 76921 mclk: 125000
power level avg    sclk: 74917 mclk: 125000
power level avg    sclk: 73490 mclk: 125000
power level avg    sclk: 74673 mclk: 125000
power level avg    sclk: 73247 mclk: 125000
power level avg    sclk: 73688 mclk: 125000
power level avg    sclk: 81991 mclk: 15000
power level avg    sclk: 82400 mclk: 15000
power level avg    sclk: 82400 mclk: 15000
power level avg    sclk: 82400 mclk: 15000
power level avg    sclk: 82400 mclk: 15000
power level avg    sclk: 82400 mclk: 15000
power level avg    sclk: 82400 mclk: 125000
power level avg    sclk: 78783 mclk: 125000
power level avg    sclk: 81512 mclk: 15000
power level avg    sclk: 75727 mclk: 125000
power level avg    sclk: 77320 mclk: 125000
power level avg    sclk: 82301 mclk: 15000
power level avg    sclk: 82400 mclk: 15000
power level avg    sclk: 81573 mclk: 125000
power level avg    sclk: 74450 mclk: 125000
power level avg    sclk: 75015 mclk: 125000
power level avg    sclk: 73053 mclk: 125000
power level avg    sclk: 74367 mclk: 125000
power level avg    sclk: 74446 mclk: 125000
power level avg    sclk: 75612 mclk: 125000
power level avg    sclk: 73554 mclk: 125000
power level avg    sclk: 73139 mclk: 125000
power level avg    sclk: 74875 mclk: 125000
power level avg    sclk: 81083 mclk: 15000
power level avg    sclk: 82400 mclk: 15000
power level avg    sclk: 75662 mclk: 125000
power level avg    sclk: 75664 mclk: 125000
power level avg    sclk: 76237 mclk: 125000
power level avg    sclk: 72997 mclk: 125000
power level avg    sclk: 74725 mclk: 125000
power level avg    sclk: 73309 mclk: 125000
power level avg    sclk: 74592 mclk: 125000
power level avg    sclk: 75967 mclk: 125000
power level avg    sclk: 74059 mclk: 125000
power level avg    sclk: 82268 mclk: 15000
power level avg    sclk: 82400 mclk: 15000
power level avg    sclk: 82400 mclk: 15000
power level avg    sclk: 75876 mclk: 125000
power level avg    sclk: 74350 mclk: 125000
power level avg    sclk: 74064 mclk: 125000
power level avg    sclk: 75544 mclk: 125000
power level avg    sclk: 75591 mclk: 125000
power level avg    sclk: 74749 mclk: 125000
power level avg    sclk: 75497 mclk: 125000
power level avg    sclk: 72995 mclk: 125000
power level avg    sclk: 75959 mclk: 125000
power level avg    sclk: 81948 mclk: 15000
power level avg    sclk: 82400 mclk: 15000
power level avg    sclk: 73717 mclk: 125000
power level avg    sclk: 74795 mclk: 125000
power level avg    sclk: 73616 mclk: 125000
power level avg    sclk: 73753 mclk: 15000
power level avg    sclk: 73907 mclk: 125000
power level avg    sclk: 73177 mclk: 125000
power level avg    sclk: 75754 mclk: 125000
power level avg    sclk: 74353 mclk: 125000
power level avg    sclk: 75604 mclk: 125000
power level avg    sclk: 82261 mclk: 15000
power level avg    sclk: 82400 mclk: 15000
power level avg    sclk: 78349 mclk: 125000
power level avg    sclk: 73951 mclk: 125000
power level avg    sclk: 73206 mclk: 125000
power level avg    sclk: 73530 mclk: 125000
power level avg    sclk: 74499 mclk: 125000
power level avg    sclk: 75037 mclk: 125000
power level avg    sclk: 75670 mclk: 125000
power level avg    sclk: 72739 mclk: 125000
power level avg    sclk: 73011 mclk: 125000
power level avg    sclk: 72990 mclk: 125000
power level avg    sclk: 80917 mclk: 15000
power level avg    sclk: 82400 mclk: 15000
power level avg    sclk: 82400 mclk: 15000
power level avg    sclk: 82400 mclk: 15000
power level avg    sclk: 82400 mclk: 15000
power level avg    sclk: 82400 mclk: 15000
power level avg    sclk: 82400 mclk: 15000
power level avg    sclk: 82400 mclk: 15000
power level avg    sclk: 82400 mclk: 15000
power level avg    sclk: 82400 mclk: 15000
power level avg    sclk: 80440 mclk: 15000
power level avg    sclk: 82400 mclk: 15000
power level avg    sclk: 75613 mclk: 125000
power level avg    sclk: 75428 mclk: 125000
power level avg    sclk: 76263 mclk: 125000
power level avg    sclk: 73823 mclk: 125000
power level avg    sclk: 74200 mclk: 125000
power level avg    sclk: 73560 mclk: 125000
power level avg    sclk: 74189 mclk: 125000
power level avg    sclk: 75407 mclk: 125000
power level avg    sclk: 74144 mclk: 125000
power level avg    sclk: 82071 mclk: 15000
power level avg    sclk: 82400 mclk: 15000
power level avg    sclk: 82400 mclk: 15000
power level avg    sclk: 74635 mclk: 125000
power level avg    sclk: 72961 mclk: 125000
power level avg    sclk: 75160 mclk: 125000
power level avg    sclk: 75331 mclk: 125000
power level avg    sclk: 75602 mclk: 125000
power level avg    sclk: 76061 mclk: 125000
power level avg    sclk: 73614 mclk: 125000
power level avg    sclk: 73687 mclk: 125000
power level avg    sclk: 74461 mclk: 125000
power level avg    sclk: 81739 mclk: 15000
power level avg    sclk: 82400 mclk: 15000
power level avg    sclk: 82400 mclk: 15000
power level avg    sclk: 82400 mclk: 125000
power level avg    sclk: 72971 mclk: 125000
power level avg    sclk: 73945 mclk: 15000
power level avg    sclk: 80648 mclk: 125000
power level avg    sclk: 75299 mclk: 125000
power level avg    sclk: 75595 mclk: 125000
power level avg    sclk: 75880 mclk: 125000
power level avg    sclk: 73949 mclk: 125000
power level avg    sclk: 82400 mclk: 15000
power level avg    sclk: 82400 mclk: 15000
power level avg    sclk: 82400 mclk: 15000
power level avg    sclk: 82400 mclk: 15000
power level avg    sclk: 82400 mclk: 15000
power level avg    sclk: 82400 mclk: 15000
power level avg    sclk: 82030 mclk: 125000
power level avg    sclk: 81284 mclk: 15000
power level avg    sclk: 78611 mclk: 125000
power level avg    sclk: 74002 mclk: 125000
power level avg    sclk: 73917 mclk: 125000
power level avg    sclk: 79752 mclk: 15000
power level avg    sclk: 82400 mclk: 15000
power level avg    sclk: 82400 mclk: 15000
power level avg    sclk: 75344 mclk: 125000
power level avg    sclk: 77434 mclk: 125000
power level avg    sclk: 73528 mclk: 125000
power level avg    sclk: 73574 mclk: 15000
power level avg    sclk: 74265 mclk: 125000
power level avg    sclk: 74299 mclk: 125000
power level avg    sclk: 76220 mclk: 125000
power level avg    sclk: 74241 mclk: 125000
power level avg    sclk: 82263 mclk: 15000
power level avg    sclk: 82400 mclk: 15000
power level avg    sclk: 82400 mclk: 15000
power level avg    sclk: 73112 mclk: 125000
power level avg    sclk: 74252 mclk: 125000
power level avg    sclk: 74538 mclk: 125000
power level avg    sclk: 74862 mclk: 125000
power level avg    sclk: 76648 mclk: 125000
power level avg    sclk: 73636 mclk: 125000
power level avg    sclk: 73869 mclk: 125000
power level avg    sclk: 74544 mclk: 125000
power level avg    sclk: 75327 mclk: 125000
power level avg    sclk: 81943 mclk: 15000
power level avg    sclk: 82400 mclk: 15000
power level avg    sclk: 73731 mclk: 125000
power level avg    sclk: 76031 mclk: 125000
power level avg    sclk: 73014 mclk: 125000
power level avg    sclk: 75241 mclk: 125000
power level avg    sclk: 73084 mclk: 125000
power level avg    sclk: 72920 mclk: 125000
power level avg    sclk: 73086 mclk: 125000
power level avg    sclk: 74409 mclk: 125000
power level avg    sclk: 74830 mclk: 125000
power level avg    sclk: 82307 mclk: 15000
power level avg    sclk: 82400 mclk: 15000
power level avg    sclk: 77790 mclk: 125000
power level avg    sclk: 73770 mclk: 125000
power level avg    sclk: 73224 mclk: 125000
power level avg    sclk: 75260 mclk: 125000
power level avg    sclk: 73391 mclk: 125000
power level avg    sclk: 76450 mclk: 125000
power level avg    sclk: 73581 mclk: 125000
power level avg    sclk: 75433 mclk: 125000
power level avg    sclk: 72900 mclk: 125000
power level avg    sclk: 74065 mclk: 125000
power level avg    sclk: 81592 mclk: 15000
power level avg    sclk: 82400 mclk: 15000
power level avg    sclk: 82400 mclk: 125000
power level avg    sclk: 75244 mclk: 125000
power level avg    sclk: 73866 mclk: 125000
power level avg    sclk: 75010 mclk: 125000
power level avg    sclk: 72938 mclk: 125000
power level avg    sclk: 74777 mclk: 125000
power level avg    sclk: 73561 mclk: 125000
power level avg    sclk: 74538 mclk: 125000
power level avg    sclk: 76108 mclk: 125000
power level avg    sclk: 82315 mclk: 15000
power level avg    sclk: 82400 mclk: 15000
power level avg    sclk: 82400 mclk: 125000
power level avg    sclk: 73476 mclk: 125000
power level avg    sclk: 73764 mclk: 125000
power level avg    sclk: 74924 mclk: 125000
power level avg    sclk: 74416 mclk: 125000
power level avg    sclk: 75388 mclk: 125000
power level avg    sclk: 73736 mclk: 125000
power level avg    sclk: 74733 mclk: 125000
power level avg    sclk: 73838 mclk: 125000
power level avg    sclk: 74617 mclk: 125000
power level avg    sclk: 81740 mclk: 15000
power level avg    sclk: 82400 mclk: 15000
power level avg    sclk: 82400 mclk: 15000
power level avg    sclk: 76641 mclk: 125000
power level avg    sclk: 73741 mclk: 125000
power level avg    sclk: 73986 mclk: 125000
power level avg    sclk: 74597 mclk: 125000
power level avg    sclk: 72567 mclk: 125000
power level avg    sclk: 75873 mclk: 125000
power level avg    sclk: 73722 mclk: 125000
power level avg    sclk: 74728 mclk: 15000
power level avg    sclk: 82315 mclk: 15000
power level avg    sclk: 82400 mclk: 15000
power level avg    sclk: 82400 mclk: 15000
power level avg    sclk: 72435 mclk: 125000
power level avg    sclk: 74549 mclk: 125000
power level avg    sclk: 75878 mclk: 125000
power level avg    sclk: 74709 mclk: 125000
power level avg    sclk: 74896 mclk: 125000
power level avg    sclk: 73854 mclk: 125000
power level avg    sclk: 73549 mclk: 125000
power level avg    sclk: 73376 mclk: 125000
power level avg    sclk: 78257 mclk: 125000
power level avg    sclk: 82242 mclk: 15000
power level avg    sclk: 82400 mclk: 15000
power level avg    sclk: 75693 mclk: 125000
power level avg    sclk: 75073 mclk: 125000
power level avg    sclk: 72900 mclk: 125000
power level avg    sclk: 73395 mclk: 15000
power level avg    sclk: 73877 mclk: 125000
power level avg    sclk: 74573 mclk: 125000
power level avg    sclk: 75529 mclk: 125000
power level avg    sclk: 74218 mclk: 125000
power level avg    sclk: 75314 mclk: 125000
power level avg    sclk: 82400 mclk: 15000
power level avg    sclk: 82400 mclk: 15000
power level avg    sclk: 82400 mclk: 15000
power level avg    sclk: 82400 mclk: 15000
power level avg    sclk: 82400 mclk: 15000
power level avg    sclk: 82400 mclk: 15000
power level avg    sclk: 82400 mclk: 15000
power level avg    sclk: 82400 mclk: 15000
power level avg    sclk: 82038 mclk: 15000
power level avg    sclk: 73666 mclk: 125000
power level avg    sclk: 73960 mclk: 125000
power level avg    sclk: 78297 mclk: 15000
power level avg    sclk: 82400 mclk: 15000
power level avg    sclk: 82400 mclk: 15000
power level avg    sclk: 75285 mclk: 125000
power level avg    sclk: 72906 mclk: 125000
power level avg    sclk: 74148 mclk: 125000
power level avg    sclk: 73551 mclk: 125000
power level avg    sclk: 72303 mclk: 125000
power level avg    sclk: 72983 mclk: 125000
power level avg    sclk: 74104 mclk: 125000
power level avg    sclk: 72981 mclk: 125000
power level avg    sclk: 82214 mclk: 15000
power level avg    sclk: 82400 mclk: 15000
power level avg    sclk: 82400 mclk: 15000
power level avg    sclk: 82400 mclk: 15000
power level avg    sclk: 80249 mclk: 15000
power level avg    sclk: 75718 mclk: 125000
power level avg    sclk: 78349 mclk: 125000
power level avg    sclk: 73566 mclk: 125000
power level avg    sclk: 74064 mclk: 15000
power level avg    sclk: 81890 mclk: 125000
power level avg    sclk: 74584 mclk: 125000
power level avg    sclk: 82077 mclk: 15000
power level avg    sclk: 82400 mclk: 15000
power level avg    sclk: 82400 mclk: 15000
power level avg    sclk: 73758 mclk: 125000
power level avg    sclk: 74824 mclk: 125000
power level avg    sclk: 72590 mclk: 125000
power level avg    sclk: 73830 mclk: 15000
power level avg    sclk: 74180 mclk: 125000
power level avg    sclk: 75056 mclk: 125000
power level avg    sclk: 74482 mclk: 125000
power level avg    sclk: 73438 mclk: 125000
power level avg    sclk: 75214 mclk: 125000
power level avg    sclk: 80283 mclk: 15000
power level avg    sclk: 82400 mclk: 15000
power level avg    sclk: 73185 mclk: 125000
power level avg    sclk: 75221 mclk: 125000
power level avg    sclk: 73783 mclk: 125000
power level avg    sclk: 74132 mclk: 125000
power level avg    sclk: 73585 mclk: 125000
power level avg    sclk: 73000 mclk: 125000
power level avg    sclk: 73796 mclk: 125000
power level avg    sclk: 73518 mclk: 125000
power level avg    sclk: 74917 mclk: 125000
power level avg    sclk: 81933 mclk: 15000
power level avg    sclk: 82400 mclk: 15000
power level avg    sclk: 82400 mclk: 15000
power level avg    sclk: 74174 mclk: 125000
power level avg    sclk: 73976 mclk: 125000
power level avg    sclk: 75729 mclk: 125000
power level avg    sclk: 73861 mclk: 125000
power level avg    sclk: 75092 mclk: 125000
power level avg    sclk: 76773 mclk: 125000
power level avg    sclk: 73414 mclk: 125000
power level avg    sclk: 74524 mclk: 125000
power level avg    sclk: 73134 mclk: 125000
power level avg    sclk: 81043 mclk: 15000
power level avg    sclk: 82400 mclk: 15000
power level avg    sclk: 82400 mclk: 15000
power level avg    sclk: 75148 mclk: 125000
power level avg    sclk: 74057 mclk: 125000
power level avg    sclk: 74765 mclk: 125000
power level avg    sclk: 73865 mclk: 125000
power level avg    sclk: 73495 mclk: 125000
power level avg    sclk: 75745 mclk: 125000
power level avg    sclk: 73787 mclk: 125000
power level avg    sclk: 74710 mclk: 125000
power level avg    sclk: 82309 mclk: 15000
power level avg    sclk: 82400 mclk: 15000
power level avg    sclk: 82400 mclk: 15000
power level avg    sclk: 74965 mclk: 125000
power level avg    sclk: 72987 mclk: 125000
power level avg    sclk: 74656 mclk: 125000
power level avg    sclk: 76071 mclk: 125000
power level avg    sclk: 75516 mclk: 125000
power level avg    sclk: 74232 mclk: 15000
power level avg    sclk: 73983 mclk: 125000
power level avg    sclk: 73935 mclk: 125000
power level avg    sclk: 77259 mclk: 125000
power level avg    sclk: 82140 mclk: 15000
power level avg    sclk: 82400 mclk: 15000
power level avg    sclk: 76330 mclk: 125000
power level avg    sclk: 75570 mclk: 125000
power level avg    sclk: 75127 mclk: 125000
power level avg    sclk: 72486 mclk: 125000
power level avg    sclk: 74335 mclk: 125000
power level avg    sclk: 73513 mclk: 125000
power level avg    sclk: 73949 mclk: 15000
power level avg    sclk: 74789 mclk: 125000
power level avg    sclk: 75370 mclk: 125000
power level avg    sclk: 82315 mclk: 15000
power level avg    sclk: 82400 mclk: 15000
power level avg    sclk: 82400 mclk: 15000
power level avg    sclk: 72803 mclk: 125000
power level avg    sclk: 73498 mclk: 15000
power level avg    sclk: 75316 mclk: 125000
power level avg    sclk: 75451 mclk: 125000
power level avg    sclk: 74375 mclk: 125000
power level avg    sclk: 73466 mclk: 125000
power level avg    sclk: 74452 mclk: 125000
power level avg    sclk: 73298 mclk: 125000
power level avg    sclk: 76189 mclk: 125000
power level avg    sclk: 82195 mclk: 15000
power level avg    sclk: 82400 mclk: 15000
power level avg    sclk: 82400 mclk: 125000
power level avg    sclk: 74383 mclk: 125000
power level avg    sclk: 75759 mclk: 125000
power level avg    sclk: 73960 mclk: 125000
power level avg    sclk: 73086 mclk: 125000
power level avg    sclk: 74809 mclk: 125000
power level avg    sclk: 76506 mclk: 125000
power level avg    sclk: 74515 mclk: 125000
power level avg    sclk: 75227 mclk: 125000
power level avg    sclk: 82400 mclk: 15000
power level avg    sclk: 82400 mclk: 15000
power level avg    sclk: 82400 mclk: 15000
power level avg    sclk: 82400 mclk: 15000
power level avg    sclk: 82400 mclk: 15000
power level avg    sclk: 82400 mclk: 15000
power level avg    sclk: 81653 mclk: 15000
power level avg    sclk: 82271 mclk: 15000
power level avg    sclk: 82054 mclk: 15000
power level avg    sclk: 80936 mclk: 125000
power level avg    sclk: 74995 mclk: 125000
power level avg    sclk: 78873 mclk: 15000
power level avg    sclk: 82400 mclk: 15000
power level avg    sclk: 82400 mclk: 125000
power level avg    sclk: 74848 mclk: 125000
power level avg    sclk: 72161 mclk: 125000
power level avg    sclk: 74353 mclk: 125000
power level avg    sclk: 72145 mclk: 125000
power level avg    sclk: 73765 mclk: 125000
power level avg    sclk: 72374 mclk: 125000
power level avg    sclk: 74358 mclk: 125000
power level avg    sclk: 72357 mclk: 125000
power level avg    sclk: 82046 mclk: 15000
power level avg    sclk: 82400 mclk: 15000
power level avg    sclk: 80215 mclk: 125000
power level avg    sclk: 74388 mclk: 125000
power level avg    sclk: 73734 mclk: 125000
power level avg    sclk: 74008 mclk: 125000
power level avg    sclk: 75250 mclk: 125000
power level avg    sclk: 73712 mclk: 125000
power level avg    sclk: 75237 mclk: 125000
power level avg    sclk: 73402 mclk: 125000
power level avg    sclk: 72765 mclk: 125000
power level avg    sclk: 73787 mclk: 125000
power level avg    sclk: 81031 mclk: 15000
power level avg    sclk: 82400 mclk: 15000
power level avg    sclk: 82400 mclk: 15000
power level avg    sclk: 82400 mclk: 15000
power level avg    sclk: 82400 mclk: 15000
power level avg    sclk: 82400 mclk: 15000
power level avg    sclk: 82400 mclk: 15000
power level avg    sclk: 82400 mclk: 15000
power level avg    sclk: 82400 mclk: 15000
power level avg    sclk: 82400 mclk: 15000
power level avg    sclk: 80401 mclk: 15000
power level avg    sclk: 82400 mclk: 15000
power level avg    sclk: 74856 mclk: 125000
power level avg    sclk: 73443 mclk: 125000
power level avg    sclk: 75370 mclk: 125000
power level avg    sclk: 73872 mclk: 125000
power level avg    sclk: 74075 mclk: 125000
power level avg    sclk: 73961 mclk: 125000
power level avg    sclk: 73218 mclk: 125000
power level avg    sclk: 73387 mclk: 125000
power level avg    sclk: 72558 mclk: 125000
power level avg    sclk: 82064 mclk: 15000
power level avg    sclk: 82400 mclk: 15000
power level avg    sclk: 82400 mclk: 15000
power level avg    sclk: 73954 mclk: 125000
power level avg    sclk: 73654 mclk: 15000
power level avg    sclk: 74317 mclk: 125000
power level avg    sclk: 74575 mclk: 125000
power level avg    sclk: 76415 mclk: 125000
power level avg    sclk: 74662 mclk: 125000
power level avg    sclk: 75018 mclk: 125000
power level avg    sclk: 73961 mclk: 125000
power level avg    sclk: 74352 mclk: 125000

# likely create graph
power level avg    sclk: 39056 mclk: 15000
power level avg    sclk: 69585 mclk: 15000
power level avg    sclk: 48795 mclk: 125000
power level avg    sclk: 48025 mclk: 125000
power level avg    sclk: 47853 mclk: 15000
power level avg    sclk: 47587 mclk: 125000
power level avg    sclk: 47246 mclk: 125000
power level avg    sclk: 49000 mclk: 125000
power level avg    sclk: 48477 mclk: 125000
power level avg    sclk: 47691 mclk: 125000
power level avg    sclk: 46903 mclk: 125000
power level avg    sclk: 48576 mclk: 125000
power level avg    sclk: 47060 mclk: 125000
power level avg    sclk: 47008 mclk: 125000
power level avg    sclk: 47435 mclk: 125000
power level avg    sclk: 46575 mclk: 125000
power level avg    sclk: 47996 mclk: 125000
power level avg    sclk: 47265 mclk: 125000
power level avg    sclk: 48620 mclk: 125000
power level avg    sclk: 46936 mclk: 125000
power level avg    sclk: 47199 mclk: 125000
power level avg    sclk: 67694 mclk: 125000

# likely prune
power level avg    sclk: 81887 mclk: 15000
power level avg    sclk: 82400 mclk: 15000
power level avg    sclk: 82400 mclk: 15000
power level avg    sclk: 82400 mclk: 15000
power level avg    sclk: 82400 mclk: 15000
power level avg    sclk: 82400 mclk: 15000
power level avg    sclk: 82400 mclk: 15000
power level avg    sclk: 82400 mclk: 15000
power level avg    sclk: 82400 mclk: 15000
power level avg    sclk: 82400 mclk: 15000
power level avg    sclk: 82400 mclk: 15000
power level avg    sclk: 82400 mclk: 15000
power level avg    sclk: 82400 mclk: 15000
power level avg    sclk: 82400 mclk: 15000
power level avg    sclk: 82400 mclk: 15000
power level avg    sclk: 82400 mclk: 15000
power level avg    sclk: 82400 mclk: 15000
power level avg    sclk: 82400 mclk: 15000
power level avg    sclk: 82400 mclk: 15000
power level avg    sclk: 82400 mclk: 15000
power level avg    sclk: 82400 mclk: 15000
power level avg    sclk: 82400 mclk: 15000
power level avg    sclk: 82400 mclk: 15000
power level avg    sclk: 82400 mclk: 15000
power level avg    sclk: 82400 mclk: 15000
power level avg    sclk: 82400 mclk: 15000
power level avg    sclk: 82400 mclk: 15000
power level avg    sclk: 82400 mclk: 15000
power level avg    sclk: 82400 mclk: 15000
power level avg    sclk: 82400 mclk: 15000
power level avg    sclk: 82400 mclk: 15000
power level avg    sclk: 82400 mclk: 15000
power level avg    sclk: 82400 mclk: 15000
power level avg    sclk: 82400 mclk: 15000
power level avg    sclk: 82400 mclk: 15000
power level avg    sclk: 82400 mclk: 15000
power level avg    sclk: 82400 mclk: 15000
power level avg    sclk: 82400 mclk: 15000
power level avg    sclk: 82400 mclk: 15000
power level avg    sclk: 82400 mclk: 15000
power level avg    sclk: 82400 mclk: 15000
power level avg    sclk: 82400 mclk: 15000
power level avg    sclk: 82400 mclk: 15000
power level avg    sclk: 82400 mclk: 15000
power level avg    sclk: 82400 mclk: 15000
power level avg    sclk: 82400 mclk: 15000
power level avg    sclk: 82400 mclk: 15000
power level avg    sclk: 82400 mclk: 15000
power level avg    sclk: 82400 mclk: 15000
power level avg    sclk: 82400 mclk: 15000
power level avg    sclk: 82400 mclk: 15000
power level avg    sclk: 82400 mclk: 15000
power level avg    sclk: 82400 mclk: 15000
power level avg    sclk: 82400 mclk: 15000
power level avg    sclk: 82400 mclk: 15000
power level avg    sclk: 82400 mclk: 15000
power level avg    sclk: 82400 mclk: 15000
power level avg    sclk: 82400 mclk: 15000
power level avg    sclk: 82400 mclk: 15000
power level avg    sclk: 82400 mclk: 15000
power level avg    sclk: 82400 mclk: 15000
power level avg    sclk: 82400 mclk: 15000
power level avg    sclk: 82400 mclk: 15000
power level avg    sclk: 82400 mclk: 15000
power level avg    sclk: 82400 mclk: 15000
power level avg    sclk: 82400 mclk: 15000
power level avg    sclk: 82400 mclk: 15000
power level avg    sclk: 82400 mclk: 15000
power level avg    sclk: 82400 mclk: 15000
power level avg    sclk: 82400 mclk: 15000
power level avg    sclk: 82400 mclk: 15000
power level avg    sclk: 82400 mclk: 15000
power level avg    sclk: 82400 mclk: 15000
power level avg    sclk: 82400 mclk: 15000
power level avg    sclk: 82400 mclk: 15000
power level avg    sclk: 82400 mclk: 15000
power level avg    sclk: 82400 mclk: 15000
power level avg    sclk: 82400 mclk: 15000
power level avg    sclk: 82400 mclk: 15000
power level avg    sclk: 82400 mclk: 15000
power level avg    sclk: 82400 mclk: 15000
power level avg    sclk: 82400 mclk: 15000
power level avg    sclk: 82400 mclk: 15000
power level avg    sclk: 82400 mclk: 15000
power level avg    sclk: 82400 mclk: 15000
power level avg    sclk: 82400 mclk: 15000
power level avg    sclk: 82400 mclk: 15000
power level avg    sclk: 82400 mclk: 15000
power level avg    sclk: 82400 mclk: 15000
power level avg    sclk: 82400 mclk: 15000
power level avg    sclk: 82400 mclk: 15000
power level avg    sclk: 82400 mclk: 15000
power level avg    sclk: 82400 mclk: 15000
power level avg    sclk: 82400 mclk: 15000
power level avg    sclk: 82400 mclk: 15000
power level avg    sclk: 82400 mclk: 15000
