binary_header_filename: /lustre/cray/ws8/ws/ipvpfand-SGppClustering/datasets_WPDM18//gaussian_c100_size1000000_dim10_noise
level: 7
lambda: 1e-06
OpenCL configuration file: OCL_configs/config_ocl_float_hazelhen.cfg
k: 6
threshold: 556
using naive ocl knn
reading dataset...
info: binary dataset
Now reading header file:/lustre/cray/ws8/ws/ipvpfand-SGppClustering/datasets_WPDM18//gaussian_c100_size1000000_dim10_noise
Now reading binary data: /lustre/cray/ws8/ws/ipvpfand-SGppClustering/datasets_WPDM18//gaussian_c100_size1000000_dim10_noise_binary_data.bin
Dataset load duration: 0.191604
dimension: 10
data points: 1020000
printing first two datapoints:
0.761177, 0.218928, 0.356789, 0.334628, 0.526923, 0.592047, 0.216967, 0.559013, 0.58146, 0.719555
0.854362, 0.810024, 0.555204, 0.64013, 0.263688, 0.276989, 0.211694, 0.681618, 0.832303, 0.202619
initial grid created, grid points: 397825
grid create duration:1.59398s
Using configuration file OCL_configs/config_ocl_float_hazelhen.cfg
KHR ICD trace at /zhome/academic/HLRS/ipv/ipvpfand/git/OpenCL-ICD-Loader/icd.c:68: attempting to add vendor /zhome/academic/HLRS/ipv/ipvpfand/intel_opencl/intel/opencl-1.2-6.4.0.37/lib64/libintelocl.so...
KHR ICD trace at /zhome/academic/HLRS/ipv/ipvpfand/git/OpenCL-ICD-Loader/icd.c:194: successfully added vendor /zhome/academic/HLRS/ipv/ipvpfand/intel_opencl/intel/opencl-1.2-6.4.0.37/lib64/libintelocl.so with suffix INTEL
OCL Info: 1 OpenCL platforms have been found
OCL Info: detected platform, name: "Intel(R) OpenCL"
OCL Info: detected platform vendor name: "Intel(R) Corporation"
OCL Info: using platform, name: "Intel(R) OpenCL"
OCL Info: detected device, name: "Intel(R) Xeon(R) CPU E5-2680 v3 @ 2.50GHz"
OCL Info: using device, name: "Intel(R) Xeon(R) CPU E5-2680 v3 @ 2.50GHz"
device name: Intel(R) Xeon(R) CPU E5-2680 v3 @ 2.50GHz
query_size: 4
max_compute_units: 48
Calculating right-hand side
starting rhs kernel methode! datasize: 397825
building with optimization flags: -cl-denorms-are-zero -cl-fast-relaxed-math
--- Begin Build Log ---
Compilation started
Compilation done
Linking started
Linking done
Device build started
Device build done
Kernel <cscheme> was successfully vectorized (8)
Done.
--- End Build Log ---
duration generate b ocl: 21.7931
last_duration_generate_b: 21.7931s
ops_generate_b: 24752.7
flops_generate_b: 1135.8 GFLOPS
Solving density SLE
Starting Conjugated Gradients
All temp variables used in CG have been initialized
starting multiplication with 397825 entries
entering mult, device: Intel(R) Xeon(R) CPU E5-2680 v3 @ 2.50GHz (0x1001710ac08)
generating kernel source
building kernel
building with optimization flags: -cl-denorms-are-zero -cl-fast-relaxed-math
--- Begin Build Log ---
Compilation started
Compilation done
Linking started
Linking done
Device build started
Device build done
Kernel <multdensity> was successfully vectorized (8)
Done.
--- End Build Log ---
Starting the kernel with 397952items
Finished kernel execution
device: Intel(R) Xeon(R) CPU E5-2680 v3 @ 2.50GHz (0x1001710ac08) duration: 23.6751
duration mult ocl: 32.4605
Starting norm of residuum: 0.0440302
Target norm:               4.40302e-06
starting multiplication with 397825 entries
entering mult, device: Intel(R) Xeon(R) CPU E5-2680 v3 @ 2.50GHz (0x1001710ac08)
Starting the kernel with 397952items
Finished kernel execution
device: Intel(R) Xeon(R) CPU E5-2680 v3 @ 2.50GHz (0x1001710ac08) duration: 23.8331
duration mult ocl: 23.8359
delta: 0.0227662
starting multiplication with 397825 entries
entering mult, device: Intel(R) Xeon(R) CPU E5-2680 v3 @ 2.50GHz (0x1001710ac08)
Starting the kernel with 397952items
Finished kernel execution
device: Intel(R) Xeon(R) CPU E5-2680 v3 @ 2.50GHz (0x1001710ac08) duration: 23.7465
duration mult ocl: 23.7492
delta: 0.0522043
starting multiplication with 397825 entries
entering mult, device: Intel(R) Xeon(R) CPU E5-2680 v3 @ 2.50GHz (0x1001710ac08)
Starting the kernel with 397952items
Finished kernel execution
device: Intel(R) Xeon(R) CPU E5-2680 v3 @ 2.50GHz (0x1001710ac08) duration: 23.6809
duration mult ocl: 23.6839
delta: 0.040487
starting multiplication with 397825 entries
entering mult, device: Intel(R) Xeon(R) CPU E5-2680 v3 @ 2.50GHz (0x1001710ac08)
Starting the kernel with 397952items
Finished kernel execution
device: Intel(R) Xeon(R) CPU E5-2680 v3 @ 2.50GHz (0x1001710ac08) duration: 23.8402
duration mult ocl: 23.843
delta: 0.0263514
starting multiplication with 397825 entries
entering mult, device: Intel(R) Xeon(R) CPU E5-2680 v3 @ 2.50GHz (0x1001710ac08)
Starting the kernel with 397952items
Finished kernel execution
device: Intel(R) Xeon(R) CPU E5-2680 v3 @ 2.50GHz (0x1001710ac08) duration: 23.8395
duration mult ocl: 23.8425
delta: 0.0268885
starting multiplication with 397825 entries
entering mult, device: Intel(R) Xeon(R) CPU E5-2680 v3 @ 2.50GHz (0x1001710ac08)
Starting the kernel with 397952items
Finished kernel execution
device: Intel(R) Xeon(R) CPU E5-2680 v3 @ 2.50GHz (0x1001710ac08) duration: 23.8398
duration mult ocl: 23.8427
delta: 0.0354601
starting multiplication with 397825 entries
entering mult, device: Intel(R) Xeon(R) CPU E5-2680 v3 @ 2.50GHz (0x1001710ac08)
Starting the kernel with 397952items
Finished kernel execution
device: Intel(R) Xeon(R) CPU E5-2680 v3 @ 2.50GHz (0x1001710ac08) duration: 24.0174
duration mult ocl: 24.0203
delta: 0.0223222
starting multiplication with 397825 entries
entering mult, device: Intel(R) Xeon(R) CPU E5-2680 v3 @ 2.50GHz (0x1001710ac08)
Starting the kernel with 397952items
Finished kernel execution
device: Intel(R) Xeon(R) CPU E5-2680 v3 @ 2.50GHz (0x1001710ac08) duration: 23.823
duration mult ocl: 23.826
delta: 0.0128135
starting multiplication with 397825 entries
entering mult, device: Intel(R) Xeon(R) CPU E5-2680 v3 @ 2.50GHz (0x1001710ac08)
Starting the kernel with 397952items
Finished kernel execution
device: Intel(R) Xeon(R) CPU E5-2680 v3 @ 2.50GHz (0x1001710ac08) duration: 23.8252
duration mult ocl: 23.8281
delta: 0.0160162
starting multiplication with 397825 entries
entering mult, device: Intel(R) Xeon(R) CPU E5-2680 v3 @ 2.50GHz (0x1001710ac08)
Starting the kernel with 397952items
Finished kernel execution
device: Intel(R) Xeon(R) CPU E5-2680 v3 @ 2.50GHz (0x1001710ac08) duration: 23.722
duration mult ocl: 23.7248
delta: 0.00527997
starting multiplication with 397825 entries
entering mult, device: Intel(R) Xeon(R) CPU E5-2680 v3 @ 2.50GHz (0x1001710ac08)
Starting the kernel with 397952items
Finished kernel execution
device: Intel(R) Xeon(R) CPU E5-2680 v3 @ 2.50GHz (0x1001710ac08) duration: 24.0382
duration mult ocl: 24.0413
delta: 0.0213213
starting multiplication with 397825 entries
entering mult, device: Intel(R) Xeon(R) CPU E5-2680 v3 @ 2.50GHz (0x1001710ac08)
Starting the kernel with 397952items
Finished kernel execution
device: Intel(R) Xeon(R) CPU E5-2680 v3 @ 2.50GHz (0x1001710ac08) duration: 23.8083
duration mult ocl: 23.8111
delta: 0.0149116
starting multiplication with 397825 entries
entering mult, device: Intel(R) Xeon(R) CPU E5-2680 v3 @ 2.50GHz (0x1001710ac08)
Starting the kernel with 397952items
Finished kernel execution
device: Intel(R) Xeon(R) CPU E5-2680 v3 @ 2.50GHz (0x1001710ac08) duration: 23.8212
duration mult ocl: 23.8239
delta: 0.00506173
starting multiplication with 397825 entries
entering mult, device: Intel(R) Xeon(R) CPU E5-2680 v3 @ 2.50GHz (0x1001710ac08)
Starting the kernel with 397952items
Finished kernel execution
device: Intel(R) Xeon(R) CPU E5-2680 v3 @ 2.50GHz (0x1001710ac08) duration: 23.8775
duration mult ocl: 23.8803
delta: 0.00148946
starting multiplication with 397825 entries
entering mult, device: Intel(R) Xeon(R) CPU E5-2680 v3 @ 2.50GHz (0x1001710ac08)
Starting the kernel with 397952items
Finished kernel execution
device: Intel(R) Xeon(R) CPU E5-2680 v3 @ 2.50GHz (0x1001710ac08) duration: 23.842
duration mult ocl: 23.8449
delta: 0.00154042
starting multiplication with 397825 entries
entering mult, device: Intel(R) Xeon(R) CPU E5-2680 v3 @ 2.50GHz (0x1001710ac08)
Starting the kernel with 397952items
Finished kernel execution
device: Intel(R) Xeon(R) CPU E5-2680 v3 @ 2.50GHz (0x1001710ac08) duration: 23.8649
duration mult ocl: 23.8676
delta: 0.00336921
starting multiplication with 397825 entries
entering mult, device: Intel(R) Xeon(R) CPU E5-2680 v3 @ 2.50GHz (0x1001710ac08)
Starting the kernel with 397952items
Finished kernel execution
device: Intel(R) Xeon(R) CPU E5-2680 v3 @ 2.50GHz (0x1001710ac08) duration: 23.6776
duration mult ocl: 23.6803
delta: 0.00120432
starting multiplication with 397825 entries
entering mult, device: Intel(R) Xeon(R) CPU E5-2680 v3 @ 2.50GHz (0x1001710ac08)
Starting the kernel with 397952items
Finished kernel execution
device: Intel(R) Xeon(R) CPU E5-2680 v3 @ 2.50GHz (0x1001710ac08) duration: 23.9103
duration mult ocl: 23.9132
delta: 0.000800585
starting multiplication with 397825 entries
entering mult, device: Intel(R) Xeon(R) CPU E5-2680 v3 @ 2.50GHz (0x1001710ac08)
Starting the kernel with 397952items
Finished kernel execution
device: Intel(R) Xeon(R) CPU E5-2680 v3 @ 2.50GHz (0x1001710ac08) duration: 23.8197
duration mult ocl: 23.8226
delta: 0.00157465
starting multiplication with 397825 entries
entering mult, device: Intel(R) Xeon(R) CPU E5-2680 v3 @ 2.50GHz (0x1001710ac08)
Starting the kernel with 397952items
Finished kernel execution
device: Intel(R) Xeon(R) CPU E5-2680 v3 @ 2.50GHz (0x1001710ac08) duration: 23.8362
duration mult ocl: 23.839
delta: 0.000956482
starting multiplication with 397825 entries
entering mult, device: Intel(R) Xeon(R) CPU E5-2680 v3 @ 2.50GHz (0x1001710ac08)
Starting the kernel with 397952items
Finished kernel execution
device: Intel(R) Xeon(R) CPU E5-2680 v3 @ 2.50GHz (0x1001710ac08) duration: 23.7162
duration mult ocl: 23.7188
delta: 0.000237502
starting multiplication with 397825 entries
entering mult, device: Intel(R) Xeon(R) CPU E5-2680 v3 @ 2.50GHz (0x1001710ac08)
Starting the kernel with 397952items
Finished kernel execution
device: Intel(R) Xeon(R) CPU E5-2680 v3 @ 2.50GHz (0x1001710ac08) duration: 23.9083
duration mult ocl: 23.911
delta: 0.00372606
starting multiplication with 397825 entries
entering mult, device: Intel(R) Xeon(R) CPU E5-2680 v3 @ 2.50GHz (0x1001710ac08)
Starting the kernel with 397952items
Finished kernel execution
device: Intel(R) Xeon(R) CPU E5-2680 v3 @ 2.50GHz (0x1001710ac08) duration: 23.8163
duration mult ocl: 23.8191
delta: 0.000275223
starting multiplication with 397825 entries
entering mult, device: Intel(R) Xeon(R) CPU E5-2680 v3 @ 2.50GHz (0x1001710ac08)
Starting the kernel with 397952items
Finished kernel execution
device: Intel(R) Xeon(R) CPU E5-2680 v3 @ 2.50GHz (0x1001710ac08) duration: 23.9851
duration mult ocl: 23.988
delta: 0.00044134
starting multiplication with 397825 entries
entering mult, device: Intel(R) Xeon(R) CPU E5-2680 v3 @ 2.50GHz (0x1001710ac08)
Starting the kernel with 397952items
Finished kernel execution
device: Intel(R) Xeon(R) CPU E5-2680 v3 @ 2.50GHz (0x1001710ac08) duration: 23.712
duration mult ocl: 23.7148
delta: 8.20019e-05
starting multiplication with 397825 entries
entering mult, device: Intel(R) Xeon(R) CPU E5-2680 v3 @ 2.50GHz (0x1001710ac08)
Starting the kernel with 397952items
Finished kernel execution
device: Intel(R) Xeon(R) CPU E5-2680 v3 @ 2.50GHz (0x1001710ac08) duration: 23.814
duration mult ocl: 23.8167
delta: 0.000142
starting multiplication with 397825 entries
entering mult, device: Intel(R) Xeon(R) CPU E5-2680 v3 @ 2.50GHz (0x1001710ac08)
Starting the kernel with 397952items
Finished kernel execution
device: Intel(R) Xeon(R) CPU E5-2680 v3 @ 2.50GHz (0x1001710ac08) duration: 23.8091
duration mult ocl: 23.8119
delta: 0.000631171
starting multiplication with 397825 entries
entering mult, device: Intel(R) Xeon(R) CPU E5-2680 v3 @ 2.50GHz (0x1001710ac08)
Starting the kernel with 397952items
Finished kernel execution
device: Intel(R) Xeon(R) CPU E5-2680 v3 @ 2.50GHz (0x1001710ac08) duration: 23.8764
duration mult ocl: 23.8792
delta: 6.086e-05
starting multiplication with 397825 entries
entering mult, device: Intel(R) Xeon(R) CPU E5-2680 v3 @ 2.50GHz (0x1001710ac08)
Starting the kernel with 397952items
Finished kernel execution
device: Intel(R) Xeon(R) CPU E5-2680 v3 @ 2.50GHz (0x1001710ac08) duration: 23.8116
duration mult ocl: 23.8144
delta: 7.76891e-05
starting multiplication with 397825 entries
entering mult, device: Intel(R) Xeon(R) CPU E5-2680 v3 @ 2.50GHz (0x1001710ac08)
Starting the kernel with 397952items
Finished kernel execution
device: Intel(R) Xeon(R) CPU E5-2680 v3 @ 2.50GHz (0x1001710ac08) duration: 23.7154
duration mult ocl: 23.7184
delta: 2.13423e-05
starting multiplication with 397825 entries
entering mult, device: Intel(R) Xeon(R) CPU E5-2680 v3 @ 2.50GHz (0x1001710ac08)
Starting the kernel with 397952items
Finished kernel execution
device: Intel(R) Xeon(R) CPU E5-2680 v3 @ 2.50GHz (0x1001710ac08) duration: 23.9083
duration mult ocl: 23.9112
delta: 1.04341e-05
starting multiplication with 397825 entries
entering mult, device: Intel(R) Xeon(R) CPU E5-2680 v3 @ 2.50GHz (0x1001710ac08)
Starting the kernel with 397952items
Finished kernel execution
device: Intel(R) Xeon(R) CPU E5-2680 v3 @ 2.50GHz (0x1001710ac08) duration: 23.8195
duration mult ocl: 23.8224
delta: 0.000253826
starting multiplication with 397825 entries
entering mult, device: Intel(R) Xeon(R) CPU E5-2680 v3 @ 2.50GHz (0x1001710ac08)
Starting the kernel with 397952items
Finished kernel execution
device: Intel(R) Xeon(R) CPU E5-2680 v3 @ 2.50GHz (0x1001710ac08) duration: 23.8335
duration mult ocl: 23.8367
delta: 6.52822e-06
starting multiplication with 397825 entries
entering mult, device: Intel(R) Xeon(R) CPU E5-2680 v3 @ 2.50GHz (0x1001710ac08)
Starting the kernel with 397952items
Finished kernel execution
device: Intel(R) Xeon(R) CPU E5-2680 v3 @ 2.50GHz (0x1001710ac08) duration: 23.863
duration mult ocl: 23.8659
delta: 1.24603e-05
starting multiplication with 397825 entries
entering mult, device: Intel(R) Xeon(R) CPU E5-2680 v3 @ 2.50GHz (0x1001710ac08)
Starting the kernel with 397952items
Finished kernel execution
device: Intel(R) Xeon(R) CPU E5-2680 v3 @ 2.50GHz (0x1001710ac08) duration: 23.8183
duration mult ocl: 23.8211
delta: 2.2448e-05
starting multiplication with 397825 entries
entering mult, device: Intel(R) Xeon(R) CPU E5-2680 v3 @ 2.50GHz (0x1001710ac08)
Starting the kernel with 397952items
Finished kernel execution
device: Intel(R) Xeon(R) CPU E5-2680 v3 @ 2.50GHz (0x1001710ac08) duration: 23.8243
duration mult ocl: 23.8274
delta: 2.86013e-06
Number of iterations: 36 (max. 1000)
Final norm of residuum: 2.86013e-06
counted_mult_calls: 37
acc_duration_density: 890.458s
act_it: 37
ops_density: 831523 GOps
flops_density: 933.814 GFLOPS
density_duration_total: 912.937s
surplus min: -443.463 max: 1569.36
Starting graph creation...
Using configuration file OCL_configs/config_ocl_float_hazelhen.cfg
OCL Info: 1 OpenCL platforms have been found
OCL Info: detected platform, name: "Intel(R) OpenCL"
OCL Info: detected platform vendor name: "Intel(R) Corporation"
OCL Info: using platform, name: "Intel(R) OpenCL"
OCL Info: detected device, name: "Intel(R) Xeon(R) CPU E5-2680 v3 @ 2.50GHz"
OCL Info: using device, name: "Intel(R) Xeon(R) CPU E5-2680 v3 @ 2.50GHz"
unpadded_datasize: 1020000 adding elements: 32 (* dims)
building with optimization flags: -cl-denorms-are-zero -cl-fast-relaxed-math
--- Begin Build Log ---
Compilation started
Compilation done
Linking started
Linking done
Device build started
Device build done
Kernel <connectNeighbors> was successfully vectorized (8)
Done.
--- End Build Log ---
last_duration_create_graph: 38.1998s
ops_create_graph: 31212 GOps
flops_create_graph: 817.072 GFLOPS
Pruning graph...
Using configuration file OCL_configs/config_ocl_float_hazelhen.cfg
OCL Info: 1 OpenCL platforms have been found
OCL Info: detected platform, name: "Intel(R) OpenCL"
OCL Info: detected platform vendor name: "Intel(R) Corporation"
OCL Info: using platform, name: "Intel(R) OpenCL"
OCL Info: detected device, name: "Intel(R) Xeon(R) CPU E5-2680 v3 @ 2.50GHz"
OCL Info: using device, name: "Intel(R) Xeon(R) CPU E5-2680 v3 @ 2.50GHz"
building with optimization flags: -cl-denorms-are-zero -cl-fast-relaxed-math
--- Begin Build Log ---
Compilation started
Compilation done
Linking started
Linking done
Device build started
Device build done
Kernel <removeEdges> was successfully vectorized (8)
Done.
--- End Build Log ---
last_duration_prune_graph: 142.823s
ops_prune_graph: 176109 GOps
flops_prune_graph: 1233.06 GFLOPS
Finding clusters...
find_cluster_duration_total: 0.471552s
detected clusters: 98
size cluster i: 0 -> 10001
size cluster i: 1 -> 20002
size cluster i: 2 -> 10000
size cluster i: 3 -> 10000
size cluster i: 4 -> 10001
size cluster i: 5 -> 10000
size cluster i: 6 -> 10000
size cluster i: 7 -> 9787
size cluster i: 8 -> 10002
size cluster i: 9 -> 10000
size cluster i: 10 -> 10000
size cluster i: 11 -> 10005
size cluster i: 12 -> 10002
size cluster i: 13 -> 10000
size cluster i: 14 -> 9995
size cluster i: 15 -> 10001
size cluster i: 16 -> 20004
size cluster i: 17 -> 10003
size cluster i: 18 -> 10000
size cluster i: 19 -> 10000
size cluster i: 20 -> 10001
size cluster i: 21 -> 10003
size cluster i: 22 -> 10003
size cluster i: 23 -> 20006
size cluster i: 24 -> 10006
size cluster i: 25 -> 10001
size cluster i: 26 -> 10001
size cluster i: 27 -> 10000
size cluster i: 28 -> 10001
size cluster i: 29 -> 20006
size cluster i: 30 -> 10004
size cluster i: 31 -> 10003
size cluster i: 32 -> 10000
size cluster i: 33 -> 10001
size cluster i: 34 -> 10002
size cluster i: 35 -> 10002
size cluster i: 36 -> 10001
size cluster i: 37 -> 10005
size cluster i: 38 -> 10001
size cluster i: 39 -> 10003
size cluster i: 40 -> 10002
size cluster i: 41 -> 10001
size cluster i: 42 -> 4651
size cluster i: 43 -> 10001
size cluster i: 44 -> 20004
size cluster i: 45 -> 9999
size cluster i: 46 -> 10000
size cluster i: 47 -> 10002
size cluster i: 48 -> 10001
size cluster i: 49 -> 10000
size cluster i: 50 -> 10002
size cluster i: 51 -> 10001
size cluster i: 52 -> 10004
size cluster i: 53 -> 10001
size cluster i: 54 -> 10000
size cluster i: 55 -> 20008
size cluster i: 56 -> 10000
size cluster i: 57 -> 10001
size cluster i: 58 -> 10005
size cluster i: 59 -> 10003
size cluster i: 60 -> 10000
size cluster i: 61 -> 10002
size cluster i: 62 -> 10001
size cluster i: 63 -> 10001
size cluster i: 64 -> 20010
size cluster i: 65 -> 10004
size cluster i: 66 -> 10003
size cluster i: 67 -> 10002
size cluster i: 68 -> 10002
size cluster i: 69 -> 10001
size cluster i: 70 -> 10000
size cluster i: 71 -> 10005
size cluster i: 72 -> 5148
size cluster i: 73 -> 10001
size cluster i: 74 -> 10001
size cluster i: 75 -> 10000
size cluster i: 76 -> 10000
size cluster i: 77 -> 8390
size cluster i: 78 -> 10003
size cluster i: 79 -> 10000
size cluster i: 80 -> 10000
size cluster i: 81 -> 5276
size cluster i: 82 -> 10003
size cluster i: 83 -> 10000
size cluster i: 84 -> 10001
size cluster i: 85 -> 10001
size cluster i: 86 -> 10000
size cluster i: 87 -> 10000
size cluster i: 88 -> 10002
size cluster i: 89 -> 8984
size cluster i: 90 -> 7282
size cluster i: 91 -> 10000
size cluster i: 92 -> 1213
size cluster i: 93 -> 2
size cluster i: 94 -> 2
size cluster i: 95 -> 2
size cluster i: 96 -> 3
size cluster i: 97 -> 2
datapoints in clusters: 970886
score: 93.2812
total_duration_without_disk: 1096.38
total_duration: 1096.57

all done!
Application 2571114 resources: utime ~51280s, stime ~10s, Rss ~398976, inblocks ~0, outblocks ~0
