binary_header_filename: /lustre/cray/ws8/ws/ipvpfand-SGppClustering/datasets_WPDM18//gaussian_c100_size10000000_dim10_noise
level: 7
lambda: 1e-06
OpenCL configuration file: OCL_configs/config_ocl_float_hazelhen.cfg
k: 6
threshold: 1000
using naive ocl knn
reading dataset...
info: binary dataset
Now reading header file:/lustre/cray/ws8/ws/ipvpfand-SGppClustering/datasets_WPDM18//gaussian_c100_size10000000_dim10_noise
Now reading binary data: /lustre/cray/ws8/ws/ipvpfand-SGppClustering/datasets_WPDM18//gaussian_c100_size10000000_dim10_noise_binary_data.bin
Dataset load duration: 1.64923
dimension: 10
data points: 10200000
printing first two datapoints:
0.214481, 0.554334, 0.642808, 0.825717, 0.647876, 0.197221, 0.361363, 0.79707, 0.63018, 0.871278
0.298784, 0.523701, 0.316682, 0.742123, 0.456755, 0.78974, 0.5497, 0.231498, 0.7254, 0.711656
initial grid created, grid points: 397825
grid create duration:2.36835s
Using configuration file OCL_configs/config_ocl_float_hazelhen.cfg
KHR ICD trace at /zhome/academic/HLRS/ipv/ipvpfand/git/OpenCL-ICD-Loader/icd.c:68: attempting to add vendor /zhome/academic/HLRS/ipv/ipvpfand/intel_opencl/intel/opencl-1.2-6.4.0.37/lib64/libintelocl.so...
KHR ICD trace at /zhome/academic/HLRS/ipv/ipvpfand/git/OpenCL-ICD-Loader/icd.c:194: successfully added vendor /zhome/academic/HLRS/ipv/ipvpfand/intel_opencl/intel/opencl-1.2-6.4.0.37/lib64/libintelocl.so with suffix INTEL
OCL Info: 1 OpenCL platforms have been found
OCL Info: detected platform, name: "Intel(R) OpenCL"
OCL Info: detected platform vendor name: "Intel(R) Corporation"
OCL Info: using platform, name: "Intel(R) OpenCL"
OCL Info: detected device, name: "Intel(R) Xeon(R) CPU E5-2680 v3 @ 2.50GHz"
OCL Info: using device, name: "Intel(R) Xeon(R) CPU E5-2680 v3 @ 2.50GHz"
device name: Intel(R) Xeon(R) CPU E5-2680 v3 @ 2.50GHz
query_size: 4
max_compute_units: 48
Calculating right-hand side
starting rhs kernel methode! datasize: 397825
building with optimization flags: -cl-denorms-are-zero -cl-fast-relaxed-math
--- Begin Build Log ---
Compilation started
Compilation done
Linking started
Linking done
Device build started
Device build done
Kernel <cscheme> was successfully vectorized (8)
Done.
--- End Build Log ---
duration generate b ocl: 207.506
last_duration_generate_b: 207.506s
ops_generate_b: 247527
flops_generate_b: 1192.86 GFLOPS
Solving density SLE
Starting Conjugated Gradients
All temp variables used in CG have been initialized
starting multiplication with 397825 entries
entering mult, device: Intel(R) Xeon(R) CPU E5-2680 v3 @ 2.50GHz (0x10000b8b108)
generating kernel source
building kernel
building with optimization flags: -cl-denorms-are-zero -cl-fast-relaxed-math
--- Begin Build Log ---
Compilation started
Compilation done
Linking started
Linking done
Device build started
Device build done
Kernel <multdensity> was successfully vectorized (8)
Done.
--- End Build Log ---
Starting the kernel with 397952items
Finished kernel execution
device: Intel(R) Xeon(R) CPU E5-2680 v3 @ 2.50GHz (0x10000b8b108) duration: 23.5004
duration mult ocl: 35.8139
Starting norm of residuum: 0.0513473
Target norm:               5.13473e-06
starting multiplication with 397825 entries
entering mult, device: Intel(R) Xeon(R) CPU E5-2680 v3 @ 2.50GHz (0x10000b8b108)
Starting the kernel with 397952items
Finished kernel execution
device: Intel(R) Xeon(R) CPU E5-2680 v3 @ 2.50GHz (0x10000b8b108) duration: 23.5795
duration mult ocl: 23.5822
delta: 0.0266751
starting multiplication with 397825 entries
entering mult, device: Intel(R) Xeon(R) CPU E5-2680 v3 @ 2.50GHz (0x10000b8b108)
Starting the kernel with 397952items
Finished kernel execution
device: Intel(R) Xeon(R) CPU E5-2680 v3 @ 2.50GHz (0x10000b8b108) duration: 23.5713
duration mult ocl: 23.5742
delta: 0.051841
starting multiplication with 397825 entries
entering mult, device: Intel(R) Xeon(R) CPU E5-2680 v3 @ 2.50GHz (0x10000b8b108)
Starting the kernel with 397952items
Finished kernel execution
device: Intel(R) Xeon(R) CPU E5-2680 v3 @ 2.50GHz (0x10000b8b108) duration: 23.5262
duration mult ocl: 23.5288
delta: 0.0426241
starting multiplication with 397825 entries
entering mult, device: Intel(R) Xeon(R) CPU E5-2680 v3 @ 2.50GHz (0x10000b8b108)
Starting the kernel with 397952items
Finished kernel execution
device: Intel(R) Xeon(R) CPU E5-2680 v3 @ 2.50GHz (0x10000b8b108) duration: 23.4825
duration mult ocl: 23.4853
delta: 0.0287407
starting multiplication with 397825 entries
entering mult, device: Intel(R) Xeon(R) CPU E5-2680 v3 @ 2.50GHz (0x10000b8b108)
Starting the kernel with 397952items
Finished kernel execution
device: Intel(R) Xeon(R) CPU E5-2680 v3 @ 2.50GHz (0x10000b8b108) duration: 23.4632
duration mult ocl: 23.4659
delta: 0.0294309
starting multiplication with 397825 entries
entering mult, device: Intel(R) Xeon(R) CPU E5-2680 v3 @ 2.50GHz (0x10000b8b108)
Starting the kernel with 397952items
Finished kernel execution
device: Intel(R) Xeon(R) CPU E5-2680 v3 @ 2.50GHz (0x10000b8b108) duration: 23.4424
duration mult ocl: 23.4451
delta: 0.0193492
starting multiplication with 397825 entries
entering mult, device: Intel(R) Xeon(R) CPU E5-2680 v3 @ 2.50GHz (0x10000b8b108)
Starting the kernel with 397952items
Finished kernel execution
device: Intel(R) Xeon(R) CPU E5-2680 v3 @ 2.50GHz (0x10000b8b108) duration: 23.448
duration mult ocl: 23.4506
delta: 0.0586811
starting multiplication with 397825 entries
entering mult, device: Intel(R) Xeon(R) CPU E5-2680 v3 @ 2.50GHz (0x10000b8b108)
Starting the kernel with 397952items
Finished kernel execution
device: Intel(R) Xeon(R) CPU E5-2680 v3 @ 2.50GHz (0x10000b8b108) duration: 23.4266
duration mult ocl: 23.4294
delta: 0.0151803
starting multiplication with 397825 entries
entering mult, device: Intel(R) Xeon(R) CPU E5-2680 v3 @ 2.50GHz (0x10000b8b108)
Starting the kernel with 397952items
Finished kernel execution
device: Intel(R) Xeon(R) CPU E5-2680 v3 @ 2.50GHz (0x10000b8b108) duration: 23.5712
duration mult ocl: 23.5742
delta: 0.0153489
starting multiplication with 397825 entries
entering mult, device: Intel(R) Xeon(R) CPU E5-2680 v3 @ 2.50GHz (0x10000b8b108)
Starting the kernel with 397952items
Finished kernel execution
device: Intel(R) Xeon(R) CPU E5-2680 v3 @ 2.50GHz (0x10000b8b108) duration: 23.4551
duration mult ocl: 23.4579
delta: 0.00636163
starting multiplication with 397825 entries
entering mult, device: Intel(R) Xeon(R) CPU E5-2680 v3 @ 2.50GHz (0x10000b8b108)
Starting the kernel with 397952items
Finished kernel execution
device: Intel(R) Xeon(R) CPU E5-2680 v3 @ 2.50GHz (0x10000b8b108) duration: 23.478
duration mult ocl: 23.4816
delta: 0.020062
starting multiplication with 397825 entries
entering mult, device: Intel(R) Xeon(R) CPU E5-2680 v3 @ 2.50GHz (0x10000b8b108)
Starting the kernel with 397952items
Finished kernel execution
device: Intel(R) Xeon(R) CPU E5-2680 v3 @ 2.50GHz (0x10000b8b108) duration: 23.456
duration mult ocl: 23.4591
delta: 0.00505473
starting multiplication with 397825 entries
entering mult, device: Intel(R) Xeon(R) CPU E5-2680 v3 @ 2.50GHz (0x10000b8b108)
Starting the kernel with 397952items
Finished kernel execution
device: Intel(R) Xeon(R) CPU E5-2680 v3 @ 2.50GHz (0x10000b8b108) duration: 23.3948
duration mult ocl: 23.3978
delta: 0.0182673
starting multiplication with 397825 entries
entering mult, device: Intel(R) Xeon(R) CPU E5-2680 v3 @ 2.50GHz (0x10000b8b108)
Starting the kernel with 397952items
Finished kernel execution
device: Intel(R) Xeon(R) CPU E5-2680 v3 @ 2.50GHz (0x10000b8b108) duration: 23.4559
duration mult ocl: 23.4587
delta: 0.0015391
starting multiplication with 397825 entries
entering mult, device: Intel(R) Xeon(R) CPU E5-2680 v3 @ 2.50GHz (0x10000b8b108)
Starting the kernel with 397952items
Finished kernel execution
device: Intel(R) Xeon(R) CPU E5-2680 v3 @ 2.50GHz (0x10000b8b108) duration: 23.4134
duration mult ocl: 23.4162
delta: 0.00165644
starting multiplication with 397825 entries
entering mult, device: Intel(R) Xeon(R) CPU E5-2680 v3 @ 2.50GHz (0x10000b8b108)
Starting the kernel with 397952items
Finished kernel execution
device: Intel(R) Xeon(R) CPU E5-2680 v3 @ 2.50GHz (0x10000b8b108) duration: 23.3958
duration mult ocl: 23.3984
delta: 0.000973672
starting multiplication with 397825 entries
entering mult, device: Intel(R) Xeon(R) CPU E5-2680 v3 @ 2.50GHz (0x10000b8b108)
Starting the kernel with 397952items
Finished kernel execution
device: Intel(R) Xeon(R) CPU E5-2680 v3 @ 2.50GHz (0x10000b8b108) duration: 23.5797
duration mult ocl: 23.5825
delta: 0.00654072
starting multiplication with 397825 entries
entering mult, device: Intel(R) Xeon(R) CPU E5-2680 v3 @ 2.50GHz (0x10000b8b108)
Starting the kernel with 397952items
Finished kernel execution
device: Intel(R) Xeon(R) CPU E5-2680 v3 @ 2.50GHz (0x10000b8b108) duration: 23.4559
duration mult ocl: 23.4588
delta: 0.00184939
starting multiplication with 397825 entries
entering mult, device: Intel(R) Xeon(R) CPU E5-2680 v3 @ 2.50GHz (0x10000b8b108)
Starting the kernel with 397952items
Finished kernel execution
device: Intel(R) Xeon(R) CPU E5-2680 v3 @ 2.50GHz (0x10000b8b108) duration: 23.4583
duration mult ocl: 23.4608
delta: 0.00113406
starting multiplication with 397825 entries
entering mult, device: Intel(R) Xeon(R) CPU E5-2680 v3 @ 2.50GHz (0x10000b8b108)
Starting the kernel with 397952items
Finished kernel execution
device: Intel(R) Xeon(R) CPU E5-2680 v3 @ 2.50GHz (0x10000b8b108) duration: 23.4574
duration mult ocl: 23.46
delta: 0.00101567
starting multiplication with 397825 entries
entering mult, device: Intel(R) Xeon(R) CPU E5-2680 v3 @ 2.50GHz (0x10000b8b108)
Starting the kernel with 397952items
Finished kernel execution
device: Intel(R) Xeon(R) CPU E5-2680 v3 @ 2.50GHz (0x10000b8b108) duration: 23.5393
duration mult ocl: 23.542
delta: 0.000231919
starting multiplication with 397825 entries
entering mult, device: Intel(R) Xeon(R) CPU E5-2680 v3 @ 2.50GHz (0x10000b8b108)
Starting the kernel with 397952items
Finished kernel execution
device: Intel(R) Xeon(R) CPU E5-2680 v3 @ 2.50GHz (0x10000b8b108) duration: 23.4547
duration mult ocl: 23.4573
delta: 0.000399683
starting multiplication with 397825 entries
entering mult, device: Intel(R) Xeon(R) CPU E5-2680 v3 @ 2.50GHz (0x10000b8b108)
Starting the kernel with 397952items
Finished kernel execution
device: Intel(R) Xeon(R) CPU E5-2680 v3 @ 2.50GHz (0x10000b8b108) duration: 23.6383
duration mult ocl: 23.6409
delta: 0.0010597
starting multiplication with 397825 entries
entering mult, device: Intel(R) Xeon(R) CPU E5-2680 v3 @ 2.50GHz (0x10000b8b108)
Starting the kernel with 397952items
Finished kernel execution
device: Intel(R) Xeon(R) CPU E5-2680 v3 @ 2.50GHz (0x10000b8b108) duration: 23.5658
duration mult ocl: 23.569
delta: 0.000537374
starting multiplication with 397825 entries
entering mult, device: Intel(R) Xeon(R) CPU E5-2680 v3 @ 2.50GHz (0x10000b8b108)
Starting the kernel with 397952items
Finished kernel execution
device: Intel(R) Xeon(R) CPU E5-2680 v3 @ 2.50GHz (0x10000b8b108) duration: 23.545
duration mult ocl: 23.548
delta: 0.000103072
starting multiplication with 397825 entries
entering mult, device: Intel(R) Xeon(R) CPU E5-2680 v3 @ 2.50GHz (0x10000b8b108)
Starting the kernel with 397952items
Finished kernel execution
device: Intel(R) Xeon(R) CPU E5-2680 v3 @ 2.50GHz (0x10000b8b108) duration: 23.4857
duration mult ocl: 23.4886
delta: 0.000119152
starting multiplication with 397825 entries
entering mult, device: Intel(R) Xeon(R) CPU E5-2680 v3 @ 2.50GHz (0x10000b8b108)
Starting the kernel with 397952items
Finished kernel execution
device: Intel(R) Xeon(R) CPU E5-2680 v3 @ 2.50GHz (0x10000b8b108) duration: 23.4463
duration mult ocl: 23.4491
delta: 0.000335516
starting multiplication with 397825 entries
entering mult, device: Intel(R) Xeon(R) CPU E5-2680 v3 @ 2.50GHz (0x10000b8b108)
Starting the kernel with 397952items
Finished kernel execution
device: Intel(R) Xeon(R) CPU E5-2680 v3 @ 2.50GHz (0x10000b8b108) duration: 23.5648
duration mult ocl: 23.5677
delta: 3.83103e-05
starting multiplication with 397825 entries
entering mult, device: Intel(R) Xeon(R) CPU E5-2680 v3 @ 2.50GHz (0x10000b8b108)
Starting the kernel with 397952items
Finished kernel execution
device: Intel(R) Xeon(R) CPU E5-2680 v3 @ 2.50GHz (0x10000b8b108) duration: 23.5784
duration mult ocl: 23.5809
delta: 0.000545242
starting multiplication with 397825 entries
entering mult, device: Intel(R) Xeon(R) CPU E5-2680 v3 @ 2.50GHz (0x10000b8b108)
Starting the kernel with 397952items
Finished kernel execution
device: Intel(R) Xeon(R) CPU E5-2680 v3 @ 2.50GHz (0x10000b8b108) duration: 23.3946
duration mult ocl: 23.3975
delta: 2.22387e-05
starting multiplication with 397825 entries
entering mult, device: Intel(R) Xeon(R) CPU E5-2680 v3 @ 2.50GHz (0x10000b8b108)
Starting the kernel with 397952items
Finished kernel execution
device: Intel(R) Xeon(R) CPU E5-2680 v3 @ 2.50GHz (0x10000b8b108) duration: 23.6672
duration mult ocl: 23.67
delta: 1.14468e-05
starting multiplication with 397825 entries
entering mult, device: Intel(R) Xeon(R) CPU E5-2680 v3 @ 2.50GHz (0x10000b8b108)
Starting the kernel with 397952items
Finished kernel execution
device: Intel(R) Xeon(R) CPU E5-2680 v3 @ 2.50GHz (0x10000b8b108) duration: 23.5148
duration mult ocl: 23.5176
delta: 1.49237e-05
starting multiplication with 397825 entries
entering mult, device: Intel(R) Xeon(R) CPU E5-2680 v3 @ 2.50GHz (0x10000b8b108)
Starting the kernel with 397952items
Finished kernel execution
device: Intel(R) Xeon(R) CPU E5-2680 v3 @ 2.50GHz (0x10000b8b108) duration: 23.466
duration mult ocl: 23.4687
delta: 9.64971e-06
starting multiplication with 397825 entries
entering mult, device: Intel(R) Xeon(R) CPU E5-2680 v3 @ 2.50GHz (0x10000b8b108)
Starting the kernel with 397952items
Finished kernel execution
device: Intel(R) Xeon(R) CPU E5-2680 v3 @ 2.50GHz (0x10000b8b108) duration: 23.3943
duration mult ocl: 23.3971
delta: 2.88952e-05
starting multiplication with 397825 entries
entering mult, device: Intel(R) Xeon(R) CPU E5-2680 v3 @ 2.50GHz (0x10000b8b108)
Starting the kernel with 397952items
Finished kernel execution
device: Intel(R) Xeon(R) CPU E5-2680 v3 @ 2.50GHz (0x10000b8b108) duration: 23.5787
duration mult ocl: 23.5816
delta: 4.44736e-05
starting multiplication with 397825 entries
entering mult, device: Intel(R) Xeon(R) CPU E5-2680 v3 @ 2.50GHz (0x10000b8b108)
Starting the kernel with 397952items
Finished kernel execution
device: Intel(R) Xeon(R) CPU E5-2680 v3 @ 2.50GHz (0x10000b8b108) duration: 23.4949
duration mult ocl: 23.4977
delta: 3.00401e-06
Number of iterations: 36 (max. 1000)
Final norm of residuum: 3.00401e-06
counted_mult_calls: 37
acc_duration_density: 881.755s
act_it: 37
ops_density: 831523 GOps
flops_density: 943.031 GFLOPS
density_duration_total: 1090.87s
surplus min: -435.457 max: 2246.46
Starting graph creation...
Using configuration file OCL_configs/config_ocl_float_hazelhen.cfg
OCL Info: 1 OpenCL platforms have been found
OCL Info: detected platform, name: "Intel(R) OpenCL"
OCL Info: detected platform vendor name: "Intel(R) Corporation"
OCL Info: using platform, name: "Intel(R) OpenCL"
OCL Info: detected device, name: "Intel(R) Xeon(R) CPU E5-2680 v3 @ 2.50GHz"
OCL Info: using device, name: "Intel(R) Xeon(R) CPU E5-2680 v3 @ 2.50GHz"
unpadded_datasize: 10200000 adding elements: 64 (* dims)
building with optimization flags: -cl-denorms-are-zero -cl-fast-relaxed-math
--- Begin Build Log ---
Compilation started
Compilation done
Linking started
Linking done
Device build started
Device build done
Kernel <connectNeighbors> was successfully vectorized (8)
Done.
--- End Build Log ---
last_duration_create_graph: 3663.67s
ops_create_graph: 3.1212e+06 GOps
flops_create_graph: 851.933 GFLOPS
Pruning graph...
Using configuration file OCL_configs/config_ocl_float_hazelhen.cfg
OCL Info: 1 OpenCL platforms have been found
OCL Info: detected platform, name: "Intel(R) OpenCL"
OCL Info: detected platform vendor name: "Intel(R) Corporation"
OCL Info: using platform, name: "Intel(R) OpenCL"
OCL Info: detected device, name: "Intel(R) Xeon(R) CPU E5-2680 v3 @ 2.50GHz"
OCL Info: using device, name: "Intel(R) Xeon(R) CPU E5-2680 v3 @ 2.50GHz"
building with optimization flags: -cl-denorms-are-zero -cl-fast-relaxed-math
--- Begin Build Log ---
Compilation started
Compilation done
Linking started
Linking done
Device build started
Device build done
Kernel <removeEdges> was successfully vectorized (8)
Done.
--- End Build Log ---
last_duration_prune_graph: 1374.6s
ops_prune_graph: 1.76109e+06 GOps
flops_prune_graph: 1281.16 GFLOPS
Finding clusters...
find_cluster_duration_total: 6.90623s
detected clusters: 112
size cluster i: 0 -> 100003
size cluster i: 1 -> 100003
size cluster i: 2 -> 200016
size cluster i: 3 -> 100002
size cluster i: 4 -> 100007
size cluster i: 5 -> 99962
size cluster i: 6 -> 100004
size cluster i: 7 -> 100011
size cluster i: 8 -> 100008
size cluster i: 9 -> 100005
size cluster i: 10 -> 100004
size cluster i: 11 -> 100016
size cluster i: 12 -> 100001
size cluster i: 13 -> 100001
size cluster i: 14 -> 100003
size cluster i: 15 -> 200010
size cluster i: 16 -> 100002
size cluster i: 17 -> 100005
size cluster i: 18 -> 100001
size cluster i: 19 -> 100004
size cluster i: 20 -> 99971
size cluster i: 21 -> 100001
size cluster i: 22 -> 100006
size cluster i: 23 -> 99549
size cluster i: 24 -> 100004
size cluster i: 25 -> 100004
size cluster i: 26 -> 100002
size cluster i: 27 -> 100017
size cluster i: 28 -> 100010
size cluster i: 29 -> 200014
size cluster i: 30 -> 100000
size cluster i: 31 -> 100006
size cluster i: 32 -> 300032
size cluster i: 33 -> 100002
size cluster i: 34 -> 96341
size cluster i: 35 -> 100000
size cluster i: 36 -> 90653
size cluster i: 37 -> 100002
size cluster i: 38 -> 100000
size cluster i: 39 -> 100002
size cluster i: 40 -> 99995
size cluster i: 41 -> 100000
size cluster i: 42 -> 100001
size cluster i: 43 -> 100004
size cluster i: 44 -> 100001
size cluster i: 45 -> 100004
size cluster i: 46 -> 99980
size cluster i: 47 -> 100007
size cluster i: 48 -> 100006
size cluster i: 49 -> 100001
size cluster i: 50 -> 100005
size cluster i: 51 -> 100009
size cluster i: 52 -> 100000
size cluster i: 53 -> 99996
size cluster i: 54 -> 100012
size cluster i: 55 -> 100010
size cluster i: 56 -> 100000
size cluster i: 57 -> 100003
size cluster i: 58 -> 100001
size cluster i: 59 -> 100006
size cluster i: 60 -> 99954
size cluster i: 61 -> 100000
size cluster i: 62 -> 99904
size cluster i: 63 -> 73500
size cluster i: 64 -> 100002
size cluster i: 65 -> 100002
size cluster i: 66 -> 100013
size cluster i: 67 -> 99965
size cluster i: 68 -> 100005
size cluster i: 69 -> 100005
size cluster i: 70 -> 100004
size cluster i: 71 -> 100003
size cluster i: 72 -> 100003
size cluster i: 73 -> 100001
size cluster i: 74 -> 100001
size cluster i: 75 -> 82563
size cluster i: 76 -> 100005
size cluster i: 77 -> 79800
size cluster i: 78 -> 100006
size cluster i: 79 -> 99950
size cluster i: 80 -> 100000
size cluster i: 81 -> 100005
size cluster i: 82 -> 100003
size cluster i: 83 -> 100001
size cluster i: 84 -> 100002
size cluster i: 85 -> 100003
size cluster i: 86 -> 100000
size cluster i: 87 -> 100003
size cluster i: 88 -> 100004
size cluster i: 89 -> 100005
size cluster i: 90 -> 100002
size cluster i: 91 -> 100001
size cluster i: 92 -> 100001
size cluster i: 93 -> 100004
size cluster i: 94 -> 5
size cluster i: 95 -> 3
size cluster i: 96 -> 5
size cluster i: 97 -> 2
size cluster i: 98 -> 2
size cluster i: 99 -> 3
size cluster i: 100 -> 4
size cluster i: 101 -> 3
size cluster i: 102 -> 2
size cluster i: 103 -> 4
size cluster i: 104 -> 4
size cluster i: 105 -> 3
size cluster i: 106 -> 2
size cluster i: 107 -> 2
size cluster i: 108 -> 2
size cluster i: 109 -> 2
size cluster i: 110 -> 3
size cluster i: 111 -> 2
datapoints in clusters: 9822498
score: 84.7431
total_duration_without_disk: 6140.16
total_duration: 6141.81

all done!
Application 2576097 resources: utime ~292488s, stime ~22s, Rss ~2657056, inblocks ~0, outblocks ~0
