binary_header_filename: datasets_WPDM18//gaussian_c10_size1000000_dim10_noise
level: 6
lambda: 1e-05
OpenCL configuration file: OCL_configs/config_ocl_float_P100.cfg
k: 6
threshold: 667
using naive ocl knn
reading dataset...
info: binary dataset
Now reading header file:datasets_WPDM18//gaussian_c10_size1000000_dim10_noise
Now reading binary data: datasets_WPDM18//gaussian_c10_size1000000_dim10_noise_binary_data.bin
Dataset load duration: 0.17693
dimension: 10
data points: 1020000
printing first two datapoints:
0.455971, 0.23104, 0.415448, 0.559524, 0.392029, 0.727333, 0.26555, 0.729712, 0.177172, 0.525939
0.655281, 0.58152, 0.642507, 0.802767, 0.463711, 0.26669, 0.224731, 0.236338, 0.730016, 0.626458
initial grid created, grid points: 77505
grid create duration:0.291285s
Using configuration file OCL_configs/config_ocl_float_P100.cfg
device name: Tesla P100-PCIE-16GB
query_size: 4
max_compute_units: 56
Calculating right-hand side
last_duration_generate_b: 1.15162s
ops_generate_b: 4822.36
flops_generate_b: 4187.47 GFLOPS
Solving density SLE
Starting Conjugated Gradients
All temp variables used in CG have been initialized
Starting norm of residuum: 0.062259
Target norm:               6.2259e-06
delta: 0.16298
delta: 0.0427114
delta: 0.0477793
delta: 0.00824798
delta: 0.00467005
delta: 0.00192842
delta: 0.000805386
delta: 0.000177016
delta: 8.50375e-05
delta: 1.4787e-05
delta: 5.73283e-05
delta: 2.10352e-06
Number of iterations: 12 (max. 1000)
Final norm of residuum: 2.10352e-06
counted_mult_calls: 13
acc_duration_density: 3.4398s
act_it: 13
ops_density: 11089 GOps
flops_density: 3223.73 GFLOPS
density_duration_total: 7.41867s
surplus min: -199.266 max: 1278.72
Starting graph creation...
Using configuration file OCL_configs/config_ocl_float_P100.cfg
unpadded_datasize: 1020000 adding elements: 32 (* dims)
last_duration_create_graph: 5.83275s
ops_create_graph: 31212 GOps
flops_create_graph: 5351.17 GFLOPS
Pruning graph...
Using configuration file OCL_configs/config_ocl_float_P100.cfg
last_duration_prune_graph: 6.51618s
ops_prune_graph: 34309.9 GOps
flops_prune_graph: 5265.34 GFLOPS
Finding clusters...
find_cluster_duration_total: 0.822838s
detected clusters: 11
size cluster i: 0 -> 100006
size cluster i: 1 -> 99247
size cluster i: 2 -> 100018
size cluster i: 3 -> 100004
size cluster i: 4 -> 100003
size cluster i: 5 -> 98213
size cluster i: 6 -> 100003
size cluster i: 7 -> 99943
size cluster i: 8 -> 100006
size cluster i: 9 -> 100004
size cluster i: 10 -> 2
datapoints in clusters: 997449
score: 8.80102
total_duration_without_disk: 21.9933
total_duration: 22.1703

all done!
