lambda_factor: 10.0 lambda_start_lower:1e-07 overall_best_lambda_value: -1
lambda_values:<list_reverseiterator object at 0x7f8e9b2f7e10>
thresholds:[0.0, 166.66666666666666, 333.33333333333331, 500.0, 666.66666666666663, 833.33333333333326, 1000.0, 1166.6666666666665, 1333.3333333333333, 1500.0], threshold_step:166.666666667
is_first_overall: True
is_first_lambda: True

--------------- CMD -----------------
./datadriven/examplesOCL/clustering_cmd --config OCL_configs/config_ocl_float_P100.cfg --binary_header_filename ../../DissertationCodeTesla1/SGpp/datasets_WPDM18/gaussian_c10_size1000000_dim10_noise --level=6 --lambda=0.001 --k 6 --epsilon 0.01 --threshold 166.66666666666666 --print_cluster_sizes 1 --target_clusters 10 --write_all --file_prefix tune_gaussian_c10_size1000000_dim10_noise >> tune_precision_10d_1000000s.log 2>tune_precision_10d_1000000s_error.log
---------------- OUTPUT -----------------
binary_header_filename: ../../DissertationCodeTesla1/SGpp/datasets_WPDM18/gaussian_c10_size1000000_dim10_noise
level: 6
lambda: 0.001
OpenCL configuration file: OCL_configs/config_ocl_float_P100.cfg
k: 6
threshold: 166.667
using naive ocl knn
reading dataset...
info: binary dataset
Dataset load duration: 0.161566
dimension: 10
data points: 1020000
printing first two datapoints:
0.455971, 0.23104, 0.415448, 0.559524, 0.392029, 0.727333, 0.26555, 0.729712, 0.177172, 0.525939
0.655281, 0.58152, 0.642507, 0.802767, 0.463711, 0.26669, 0.224731, 0.236338, 0.730016, 0.626458
initial grid created, grid points: 77505
grid create duration:0.366614s
Using configuration file OCL_configs/config_ocl_float_P100.cfg
device name: Tesla P100-PCIE-16GB
query_size: 4
max_compute_units: 56
Calculating right-hand side
last_duration_generate_b: 1.14996s
ops_generate_b: 4822.36
flops_generate_b: 4193.5 GFLOPS
Solving density SLE
Starting Conjugated Gradients
All temp variables used in CG have been initialized
Starting norm of residuum: 0.062259
Target norm:               6.2259e-06
delta: 0.00460001
delta: 1.51045e-05
delta: 1.11852e-07
Number of iterations: 3 (max. 1000)
Final norm of residuum: 1.11852e-07
counted_mult_calls: 4
acc_duration_density: 1.06304s
act_it: 4
ops_density: 3411.99 GOps
flops_density: 3209.65 GFLOPS
density_duration_total: 4.62166s
surplus min: -0.915988 max: 17.3797
Starting graph creation...
Using configuration file OCL_configs/config_ocl_float_P100.cfg
unpadded_datasize: 1020000 adding elements: 32 (* dims)
last_duration_create_graph: 5.83799s
ops_create_graph: 31212 GOps
flops_create_graph: 5346.36 GFLOPS
Pruning graph...
Using configuration file OCL_configs/config_ocl_float_P100.cfg
last_duration_prune_graph: 6.5094s
ops_prune_graph: 34309.9 GOps
flops_prune_graph: 5270.83 GFLOPS
write pruned knn graph duration:1.01696s
Finding clusters...
find_cluster_duration_total: 0.729471s
detected clusters: 15
size cluster i: 0 -> 1846
size cluster i: 1 -> 4
size cluster i: 2 -> 3
size cluster i: 3 -> 2
size cluster i: 4 -> 3
size cluster i: 5 -> 3
size cluster i: 6 -> 6
size cluster i: 7 -> 3
size cluster i: 8 -> 3
size cluster i: 9 -> 4
size cluster i: 10 -> 3
size cluster i: 11 -> 2
size cluster i: 12 -> 4
size cluster i: 13 -> 2
size cluster i: 14 -> 2
datapoints in clusters: 1890
score: 0.00926471
write cluster map duration:1.13516s
total_duration_without_disk: 24.1191
total_duration: 24.2808

all done!

---------------- ERROR ------------------
Now reading header file:../../DissertationCodeTesla1/SGpp/datasets_WPDM18/gaussian_c10_size1000000_dim10_noise
Now reading binary data: ../../DissertationCodeTesla1/SGpp/datasets_WPDM18/gaussian_c10_size1000000_dim10_noise_binary_data.bin

--------------- SUMMARY -----------------
detected_clusters: 15
datapoints_clusters: 1890
total_dur: 18.848481

--------------- END RUN -----------------
attempt lambda: 0.001 threshold: 166.666666667 percent_correct: 0.02141764705882353 ARI: 7.974704195294003e-07
-> new best_percent_correct:0.02141764705882353, new best_threshold:166.666666667
datapoints_clusters too low, aborting threshold testing
thresholds:[  37.03703704   74.07407407  111.11111111  148.14814815  185.18518519
  222.22222222  259.25925926  296.2962963 ], threshold_step:37.037037037
is_first_overall: False
is_first_lambda: False

--------------- CMD -----------------
./datadriven/examplesOCL/clustering_cmd --config OCL_configs/config_ocl_float_P100.cfg --binary_header_filename ../../DissertationCodeTesla1/SGpp/datasets_WPDM18/gaussian_c10_size1000000_dim10_noise --level=6 --lambda=0.001 --k 6 --epsilon 0.01 --threshold 37.03703703703704 --print_cluster_sizes 1 --target_clusters 10 --reuse_knn_graph tune_gaussian_c10_size1000000_dim10_noise_graph.csv --reuse_density_grid tune_gaussian_c10_size1000000_dim10_noise_density_grid.serialized --write_all --file_prefix tune_gaussian_c10_size1000000_dim10_noise >> tune_precision_10d_1000000s.log 2>tune_precision_10d_1000000s_error.log
---------------- OUTPUT -----------------
binary_header_filename: ../../DissertationCodeTesla1/SGpp/datasets_WPDM18/gaussian_c10_size1000000_dim10_noise
level: 6
lambda: 0.001
OpenCL configuration file: OCL_configs/config_ocl_float_P100.cfg
k: 6
threshold: 37.037
using naive ocl knn
reading dataset...
info: binary dataset
Dataset load duration: 0.149155
dimension: 10
data points: 1020000
printing first two datapoints:
0.455971, 0.23104, 0.415448, 0.559524, 0.392029, 0.727333, 0.26555, 0.729712, 0.177172, 0.525939
0.655281, 0.58152, 0.642507, 0.802767, 0.463711, 0.26669, 0.224731, 0.236338, 0.730016, 0.626458
reusing density grid and coefficients
loading density grid (reuse) duration:0.242965s
surplus min: -0.915988 max: 17.3797
reusing knn graph
loading graph (reuse) duration:5.37312s
Pruning graph...
Using configuration file OCL_configs/config_ocl_float_P100.cfg
last_duration_prune_graph: 6.56251s
ops_prune_graph: 34309.9 GOps
flops_prune_graph: 5228.17 GFLOPS
write pruned knn graph duration:1.44184s
Finding clusters...
find_cluster_duration_total: 0.85607s
detected clusters: 29
size cluster i: 0 -> 99617
size cluster i: 1 -> 26092
size cluster i: 2 -> 100021
size cluster i: 3 -> 97276
size cluster i: 4 -> 93170
size cluster i: 5 -> 56834
size cluster i: 6 -> 88680
size cluster i: 7 -> 100000
size cluster i: 8 -> 97431
size cluster i: 9 -> 17824
size cluster i: 10 -> 2
size cluster i: 11 -> 2
size cluster i: 12 -> 2
size cluster i: 13 -> 2
size cluster i: 14 -> 2
size cluster i: 15 -> 3
size cluster i: 16 -> 3
size cluster i: 17 -> 2
size cluster i: 18 -> 2
size cluster i: 19 -> 2
size cluster i: 20 -> 2
size cluster i: 21 -> 3
size cluster i: 22 -> 2
size cluster i: 23 -> 2
size cluster i: 24 -> 2
size cluster i: 25 -> 2
size cluster i: 26 -> 2
size cluster i: 27 -> 2
size cluster i: 28 -> 2
datapoints in clusters: 776986
score: 0
write cluster map duration:1.11669s
total_duration_without_disk: 18.285
total_duration: 18.4342

all done!

---------------- ERROR ------------------
Now reading header file:../../DissertationCodeTesla1/SGpp/datasets_WPDM18/gaussian_c10_size1000000_dim10_noise
Now reading binary data: ../../DissertationCodeTesla1/SGpp/datasets_WPDM18/gaussian_c10_size1000000_dim10_noise_binary_data.bin

--------------- SUMMARY -----------------
detected_clusters: 29
datapoints_clusters: 776986
total_dur: 7.4185799999999995

--------------- END RUN -----------------
attempt lambda: 0.001 threshold: 37.037037037 percent_correct: 0.7812578431372549 ARI: 0.7038834978556926
-> new best_percent_correct:0.7812578431372549, new best_threshold:37.037037037
is_first_overall: False
is_first_lambda: False

--------------- CMD -----------------
./datadriven/examplesOCL/clustering_cmd --config OCL_configs/config_ocl_float_P100.cfg --binary_header_filename ../../DissertationCodeTesla1/SGpp/datasets_WPDM18/gaussian_c10_size1000000_dim10_noise --level=6 --lambda=0.001 --k 6 --epsilon 0.01 --threshold 74.07407407407408 --print_cluster_sizes 1 --target_clusters 10 --reuse_knn_graph tune_gaussian_c10_size1000000_dim10_noise_graph.csv --reuse_density_grid tune_gaussian_c10_size1000000_dim10_noise_density_grid.serialized --write_all --file_prefix tune_gaussian_c10_size1000000_dim10_noise >> tune_precision_10d_1000000s.log 2>tune_precision_10d_1000000s_error.log
---------------- OUTPUT -----------------
binary_header_filename: ../../DissertationCodeTesla1/SGpp/datasets_WPDM18/gaussian_c10_size1000000_dim10_noise
level: 6
lambda: 0.001
OpenCL configuration file: OCL_configs/config_ocl_float_P100.cfg
k: 6
threshold: 74.0741
using naive ocl knn
reading dataset...
info: binary dataset
Dataset load duration: 0.162501
dimension: 10
data points: 1020000
printing first two datapoints:
0.455971, 0.23104, 0.415448, 0.559524, 0.392029, 0.727333, 0.26555, 0.729712, 0.177172, 0.525939
0.655281, 0.58152, 0.642507, 0.802767, 0.463711, 0.26669, 0.224731, 0.236338, 0.730016, 0.626458
reusing density grid and coefficients
loading density grid (reuse) duration:0.304767s
surplus min: -0.915988 max: 17.3797
reusing knn graph
loading graph (reuse) duration:5.40534s
Pruning graph...
Using configuration file OCL_configs/config_ocl_float_P100.cfg
last_duration_prune_graph: 6.56622s
ops_prune_graph: 34309.9 GOps
flops_prune_graph: 5225.21 GFLOPS
write pruned knn graph duration:1.12798s
Finding clusters...
find_cluster_duration_total: 0.728155s
detected clusters: 57
size cluster i: 0 -> 27694
size cluster i: 1 -> 100002
size cluster i: 2 -> 32751
size cluster i: 3 -> 6781
size cluster i: 4 -> 725
size cluster i: 5 -> 2
size cluster i: 6 -> 349
size cluster i: 7 -> 11
size cluster i: 8 -> 4
size cluster i: 9 -> 2
size cluster i: 10 -> 3
size cluster i: 11 -> 3
size cluster i: 12 -> 4
size cluster i: 13 -> 2
size cluster i: 14 -> 9
size cluster i: 15 -> 2
size cluster i: 16 -> 3
size cluster i: 17 -> 2
size cluster i: 18 -> 3
size cluster i: 19 -> 3
size cluster i: 20 -> 4
size cluster i: 21 -> 5
size cluster i: 22 -> 5
size cluster i: 23 -> 2
size cluster i: 24 -> 3
size cluster i: 25 -> 2
size cluster i: 26 -> 7
size cluster i: 27 -> 5
size cluster i: 28 -> 4
size cluster i: 29 -> 3
size cluster i: 30 -> 4
size cluster i: 31 -> 3
size cluster i: 32 -> 3
size cluster i: 33 -> 2
size cluster i: 34 -> 2
size cluster i: 35 -> 2
size cluster i: 36 -> 3
size cluster i: 37 -> 2
size cluster i: 38 -> 3
size cluster i: 39 -> 2
size cluster i: 40 -> 2
size cluster i: 41 -> 7
size cluster i: 42 -> 4
size cluster i: 43 -> 2
size cluster i: 44 -> 6
size cluster i: 45 -> 2
size cluster i: 46 -> 2
size cluster i: 47 -> 2
size cluster i: 48 -> 2
size cluster i: 49 -> 2
size cluster i: 50 -> 2
size cluster i: 51 -> 2
size cluster i: 52 -> 4
size cluster i: 53 -> 3
size cluster i: 54 -> 2
size cluster i: 55 -> 2
size cluster i: 56 -> 2
datapoints in clusters: 168469
score: 0
write cluster map duration:1.07821s
total_duration_without_disk: 17.924
total_duration: 18.0866

all done!

---------------- ERROR ------------------
Now reading header file:../../DissertationCodeTesla1/SGpp/datasets_WPDM18/gaussian_c10_size1000000_dim10_noise
Now reading binary data: ../../DissertationCodeTesla1/SGpp/datasets_WPDM18/gaussian_c10_size1000000_dim10_noise_binary_data.bin

--------------- SUMMARY -----------------
detected_clusters: 57
datapoints_clusters: 168469
total_dur: 7.2943750000000005

--------------- END RUN -----------------
attempt lambda: 0.001 threshold: 74.0740740741 percent_correct: 0.18461666666666668 ARI: 0.05570071729724612
datapoints_clusters too low, aborting threshold testing
-> new overall_best_percent_correct:0.7812578431372549, overall_best_lambda_value: 0.001, new best_threshold:37.037037037
thresholds:[0.0, 166.66666666666666, 333.33333333333331, 500.0, 666.66666666666663, 833.33333333333326, 1000.0, 1166.6666666666665, 1333.3333333333333, 1500.0], threshold_step:166.666666667
is_first_overall: False
is_first_lambda: True

--------------- CMD -----------------
./datadriven/examplesOCL/clustering_cmd --config OCL_configs/config_ocl_float_P100.cfg --binary_header_filename ../../DissertationCodeTesla1/SGpp/datasets_WPDM18/gaussian_c10_size1000000_dim10_noise --level=6 --lambda=9.999999999999999e-05 --k 6 --epsilon 0.01 --threshold 166.66666666666666 --print_cluster_sizes 1 --target_clusters 10 --reuse_knn_graph tune_gaussian_c10_size1000000_dim10_noise_graph.csv --write_all --file_prefix tune_gaussian_c10_size1000000_dim10_noise >> tune_precision_10d_1000000s.log 2>tune_precision_10d_1000000s_error.log
---------------- OUTPUT -----------------
binary_header_filename: ../../DissertationCodeTesla1/SGpp/datasets_WPDM18/gaussian_c10_size1000000_dim10_noise
level: 6
lambda: 0.0001
OpenCL configuration file: OCL_configs/config_ocl_float_P100.cfg
k: 6
threshold: 166.667
using naive ocl knn
reading dataset...
info: binary dataset
Dataset load duration: 0.150892
dimension: 10
data points: 1020000
printing first two datapoints:
0.455971, 0.23104, 0.415448, 0.559524, 0.392029, 0.727333, 0.26555, 0.729712, 0.177172, 0.525939
0.655281, 0.58152, 0.642507, 0.802767, 0.463711, 0.26669, 0.224731, 0.236338, 0.730016, 0.626458
initial grid created, grid points: 77505
grid create duration:0.268721s
Using configuration file OCL_configs/config_ocl_float_P100.cfg
device name: Tesla P100-PCIE-16GB
query_size: 4
max_compute_units: 56
Calculating right-hand side
last_duration_generate_b: 1.16016s
ops_generate_b: 4822.36
flops_generate_b: 4156.64 GFLOPS
Solving density SLE
Starting Conjugated Gradients
All temp variables used in CG have been initialized
Starting norm of residuum: 0.062259
Target norm:               6.2259e-06
delta: 0.0774946
delta: 0.00351062
delta: 0.000751606
delta: 2.69392e-05
delta: 2.20765e-06
Number of iterations: 5 (max. 1000)
Final norm of residuum: 2.20765e-06
counted_mult_calls: 6
acc_duration_density: 1.59143s
act_it: 6
ops_density: 5117.99 GOps
flops_density: 3215.97 GFLOPS
density_duration_total: 5.32971s
surplus min: -14.9265 max: 151.814
reusing knn graph
loading graph (reuse) duration:5.41287s
Pruning graph...
Using configuration file OCL_configs/config_ocl_float_P100.cfg
last_duration_prune_graph: 6.58852s
ops_prune_graph: 34309.9 GOps
flops_prune_graph: 5207.53 GFLOPS
write pruned knn graph duration:1.5366s
Finding clusters...
find_cluster_duration_total: 0.89497s
detected clusters: 12
size cluster i: 0 -> 200037
size cluster i: 1 -> 91067
size cluster i: 2 -> 100006
size cluster i: 3 -> 100002
size cluster i: 4 -> 95493
size cluster i: 5 -> 100003
size cluster i: 6 -> 91684
size cluster i: 7 -> 100000
size cluster i: 8 -> 100008
size cluster i: 9 -> 3
size cluster i: 10 -> 3
size cluster i: 11 -> 3
datapoints in clusters: 978309
score: 7.67301
write cluster map duration:1.12035s
total_duration_without_disk: 22.9507
total_duration: 23.1017

all done!

---------------- ERROR ------------------
Now reading header file:../../DissertationCodeTesla1/SGpp/datasets_WPDM18/gaussian_c10_size1000000_dim10_noise
Now reading binary data: ../../DissertationCodeTesla1/SGpp/datasets_WPDM18/gaussian_c10_size1000000_dim10_noise_binary_data.bin

--------------- SUMMARY -----------------
detected_clusters: 12
datapoints_clusters: 978309
total_dur: 13.973360000000001

--------------- END RUN -----------------
attempt lambda: 9.999999999999999e-05 threshold: 166.666666667 percent_correct: 0.8805539215686274 ARI: 0.8709119515971085
-> new best_percent_correct:0.8805539215686274, new best_threshold:166.666666667
is_first_overall: False
is_first_lambda: False

--------------- CMD -----------------
./datadriven/examplesOCL/clustering_cmd --config OCL_configs/config_ocl_float_P100.cfg --binary_header_filename ../../DissertationCodeTesla1/SGpp/datasets_WPDM18/gaussian_c10_size1000000_dim10_noise --level=6 --lambda=9.999999999999999e-05 --k 6 --epsilon 0.01 --threshold 333.3333333333333 --print_cluster_sizes 1 --target_clusters 10 --reuse_knn_graph tune_gaussian_c10_size1000000_dim10_noise_graph.csv --reuse_density_grid tune_gaussian_c10_size1000000_dim10_noise_density_grid.serialized --write_all --file_prefix tune_gaussian_c10_size1000000_dim10_noise >> tune_precision_10d_1000000s.log 2>tune_precision_10d_1000000s_error.log
---------------- OUTPUT -----------------
binary_header_filename: ../../DissertationCodeTesla1/SGpp/datasets_WPDM18/gaussian_c10_size1000000_dim10_noise
level: 6
lambda: 0.0001
OpenCL configuration file: OCL_configs/config_ocl_float_P100.cfg
k: 6
threshold: 333.333
using naive ocl knn
reading dataset...
info: binary dataset
Dataset load duration: 0.160742
dimension: 10
data points: 1020000
printing first two datapoints:
0.455971, 0.23104, 0.415448, 0.559524, 0.392029, 0.727333, 0.26555, 0.729712, 0.177172, 0.525939
0.655281, 0.58152, 0.642507, 0.802767, 0.463711, 0.26669, 0.224731, 0.236338, 0.730016, 0.626458
reusing density grid and coefficients
loading density grid (reuse) duration:0.250151s
surplus min: -14.9265 max: 151.814
reusing knn graph
loading graph (reuse) duration:5.47508s
Pruning graph...
Using configuration file OCL_configs/config_ocl_float_P100.cfg
last_duration_prune_graph: 6.5964s
ops_prune_graph: 34309.9 GOps
flops_prune_graph: 5201.31 GFLOPS
write pruned knn graph duration:1.37295s
Finding clusters...
find_cluster_duration_total: 0.926274s
detected clusters: 53
size cluster i: 0 -> 96811
size cluster i: 1 -> 100005
size cluster i: 2 -> 81807
size cluster i: 3 -> 76877
size cluster i: 4 -> 67112
size cluster i: 5 -> 16732
size cluster i: 6 -> 99989
size cluster i: 7 -> 81734
size cluster i: 8 -> 3974
size cluster i: 9 -> 2442
size cluster i: 10 -> 6
size cluster i: 11 -> 4
size cluster i: 12 -> 2
size cluster i: 13 -> 2
size cluster i: 14 -> 3
size cluster i: 15 -> 2
size cluster i: 16 -> 3
size cluster i: 17 -> 5
size cluster i: 18 -> 3
size cluster i: 19 -> 2
size cluster i: 20 -> 2
size cluster i: 21 -> 3
size cluster i: 22 -> 2
size cluster i: 23 -> 3
size cluster i: 24 -> 2
size cluster i: 25 -> 2
size cluster i: 26 -> 2
size cluster i: 27 -> 3
size cluster i: 28 -> 2
size cluster i: 29 -> 2
size cluster i: 30 -> 2
size cluster i: 31 -> 3
size cluster i: 32 -> 4
size cluster i: 33 -> 2
size cluster i: 34 -> 3
size cluster i: 35 -> 2
size cluster i: 36 -> 2
size cluster i: 37 -> 3
size cluster i: 38 -> 2
size cluster i: 39 -> 2
size cluster i: 40 -> 4
size cluster i: 41 -> 2
size cluster i: 42 -> 2
size cluster i: 43 -> 2
size cluster i: 44 -> 2
size cluster i: 45 -> 2
size cluster i: 46 -> 2
size cluster i: 47 -> 2
size cluster i: 48 -> 2
size cluster i: 49 -> 2
size cluster i: 50 -> 3
size cluster i: 51 -> 3
size cluster i: 52 -> 3
datapoints in clusters: 627594
score: 0
write cluster map duration:1.07691s
total_duration_without_disk: 18.2828
total_duration: 18.4436

all done!

---------------- ERROR ------------------
Now reading header file:../../DissertationCodeTesla1/SGpp/datasets_WPDM18/gaussian_c10_size1000000_dim10_noise
Now reading binary data: ../../DissertationCodeTesla1/SGpp/datasets_WPDM18/gaussian_c10_size1000000_dim10_noise_binary_data.bin

--------------- SUMMARY -----------------
detected_clusters: 53
datapoints_clusters: 627594
total_dur: 7.522674

--------------- END RUN -----------------
attempt lambda: 9.999999999999999e-05 threshold: 333.333333333 percent_correct: 0.6347774509803922 ARI: 0.4614120598645807
datapoints_clusters too low, aborting threshold testing
thresholds:[  37.03703704   74.07407407  111.11111111  148.14814815  185.18518519
  222.22222222  259.25925926  296.2962963 ], threshold_step:37.037037037
is_first_overall: False
is_first_lambda: False

--------------- CMD -----------------
./datadriven/examplesOCL/clustering_cmd --config OCL_configs/config_ocl_float_P100.cfg --binary_header_filename ../../DissertationCodeTesla1/SGpp/datasets_WPDM18/gaussian_c10_size1000000_dim10_noise --level=6 --lambda=9.999999999999999e-05 --k 6 --epsilon 0.01 --threshold 37.03703703703704 --print_cluster_sizes 1 --target_clusters 10 --reuse_knn_graph tune_gaussian_c10_size1000000_dim10_noise_graph.csv --reuse_density_grid tune_gaussian_c10_size1000000_dim10_noise_density_grid.serialized --write_all --file_prefix tune_gaussian_c10_size1000000_dim10_noise >> tune_precision_10d_1000000s.log 2>tune_precision_10d_1000000s_error.log
---------------- OUTPUT -----------------
binary_header_filename: ../../DissertationCodeTesla1/SGpp/datasets_WPDM18/gaussian_c10_size1000000_dim10_noise
level: 6
lambda: 0.0001
OpenCL configuration file: OCL_configs/config_ocl_float_P100.cfg
k: 6
threshold: 37.037
using naive ocl knn
reading dataset...
info: binary dataset
Dataset load duration: 0.146998
dimension: 10
data points: 1020000
printing first two datapoints:
0.455971, 0.23104, 0.415448, 0.559524, 0.392029, 0.727333, 0.26555, 0.729712, 0.177172, 0.525939
0.655281, 0.58152, 0.642507, 0.802767, 0.463711, 0.26669, 0.224731, 0.236338, 0.730016, 0.626458
reusing density grid and coefficients
loading density grid (reuse) duration:0.339869s
surplus min: -14.9265 max: 151.814
reusing knn graph
loading graph (reuse) duration:5.43223s
Pruning graph...
Using configuration file OCL_configs/config_ocl_float_P100.cfg
last_duration_prune_graph: 6.58644s
ops_prune_graph: 34309.9 GOps
flops_prune_graph: 5209.18 GFLOPS
write pruned knn graph duration:1.55964s
Finding clusters...
find_cluster_duration_total: 0.863145s
detected clusters: 38
size cluster i: 0 -> 1002490
size cluster i: 1 -> 3
size cluster i: 2 -> 7
size cluster i: 3 -> 2
size cluster i: 4 -> 4
size cluster i: 5 -> 2
size cluster i: 6 -> 3
size cluster i: 7 -> 6
size cluster i: 8 -> 3
size cluster i: 9 -> 2
size cluster i: 10 -> 4
size cluster i: 11 -> 3
size cluster i: 12 -> 5
size cluster i: 13 -> 3
size cluster i: 14 -> 3
size cluster i: 15 -> 2
size cluster i: 16 -> 5
size cluster i: 17 -> 3
size cluster i: 18 -> 2
size cluster i: 19 -> 2
size cluster i: 20 -> 3
size cluster i: 21 -> 4
size cluster i: 22 -> 4
size cluster i: 23 -> 4
size cluster i: 24 -> 2
size cluster i: 25 -> 2
size cluster i: 26 -> 5
size cluster i: 27 -> 5
size cluster i: 28 -> 6
size cluster i: 29 -> 2
size cluster i: 30 -> 3
size cluster i: 31 -> 2
size cluster i: 32 -> 3
size cluster i: 33 -> 3
size cluster i: 34 -> 3
size cluster i: 35 -> 3
size cluster i: 36 -> 3
size cluster i: 37 -> 2
datapoints in clusters: 1002613
score: 0
write cluster map duration:1.12355s
total_duration_without_disk: 18.5566
total_duration: 18.7037

all done!

---------------- ERROR ------------------
Now reading header file:../../DissertationCodeTesla1/SGpp/datasets_WPDM18/gaussian_c10_size1000000_dim10_noise
Now reading binary data: ../../DissertationCodeTesla1/SGpp/datasets_WPDM18/gaussian_c10_size1000000_dim10_noise_binary_data.bin

--------------- SUMMARY -----------------
detected_clusters: 38
datapoints_clusters: 1002613
total_dur: 7.449585

--------------- END RUN -----------------
attempt lambda: 9.999999999999999e-05 threshold: 37.037037037 percent_correct: 0.11508529411764706 ARI: 0.007232444416894575
is_first_overall: False
is_first_lambda: False

--------------- CMD -----------------
./datadriven/examplesOCL/clustering_cmd --config OCL_configs/config_ocl_float_P100.cfg --binary_header_filename ../../DissertationCodeTesla1/SGpp/datasets_WPDM18/gaussian_c10_size1000000_dim10_noise --level=6 --lambda=9.999999999999999e-05 --k 6 --epsilon 0.01 --threshold 74.07407407407408 --print_cluster_sizes 1 --target_clusters 10 --reuse_knn_graph tune_gaussian_c10_size1000000_dim10_noise_graph.csv --reuse_density_grid tune_gaussian_c10_size1000000_dim10_noise_density_grid.serialized --write_all --file_prefix tune_gaussian_c10_size1000000_dim10_noise >> tune_precision_10d_1000000s.log 2>tune_precision_10d_1000000s_error.log
---------------- OUTPUT -----------------
binary_header_filename: ../../DissertationCodeTesla1/SGpp/datasets_WPDM18/gaussian_c10_size1000000_dim10_noise
level: 6
lambda: 0.0001
OpenCL configuration file: OCL_configs/config_ocl_float_P100.cfg
k: 6
threshold: 74.0741
using naive ocl knn
reading dataset...
info: binary dataset
Dataset load duration: 0.159119
dimension: 10
data points: 1020000
printing first two datapoints:
0.455971, 0.23104, 0.415448, 0.559524, 0.392029, 0.727333, 0.26555, 0.729712, 0.177172, 0.525939
0.655281, 0.58152, 0.642507, 0.802767, 0.463711, 0.26669, 0.224731, 0.236338, 0.730016, 0.626458
reusing density grid and coefficients
loading density grid (reuse) duration:0.328637s
surplus min: -14.9265 max: 151.814
reusing knn graph
loading graph (reuse) duration:5.44215s
Pruning graph...
Using configuration file OCL_configs/config_ocl_float_P100.cfg
last_duration_prune_graph: 6.59004s
ops_prune_graph: 34309.9 GOps
flops_prune_graph: 5206.33 GFLOPS
write pruned knn graph duration:1.56634s
Finding clusters...
find_cluster_duration_total: 0.972158s
detected clusters: 32
size cluster i: 0 -> 400375
size cluster i: 1 -> 500239
size cluster i: 2 -> 100049
size cluster i: 3 -> 10
size cluster i: 4 -> 8
size cluster i: 5 -> 2
size cluster i: 6 -> 6
size cluster i: 7 -> 3
size cluster i: 8 -> 3
size cluster i: 9 -> 4
size cluster i: 10 -> 5
size cluster i: 11 -> 2
size cluster i: 12 -> 4
size cluster i: 13 -> 3
size cluster i: 14 -> 4
size cluster i: 15 -> 3
size cluster i: 16 -> 6
size cluster i: 17 -> 3
size cluster i: 18 -> 3
size cluster i: 19 -> 3
size cluster i: 20 -> 5
size cluster i: 21 -> 3
size cluster i: 22 -> 2
size cluster i: 23 -> 3
size cluster i: 24 -> 2
size cluster i: 25 -> 3
size cluster i: 26 -> 4
size cluster i: 27 -> 3
size cluster i: 28 -> 2
size cluster i: 29 -> 3
size cluster i: 30 -> 3
size cluster i: 31 -> 2
datapoints in clusters: 1000770
score: 0
write cluster map duration:1.06467s
total_duration_without_disk: 18.9753
total_duration: 19.1345

all done!

---------------- ERROR ------------------
Now reading header file:../../DissertationCodeTesla1/SGpp/datasets_WPDM18/gaussian_c10_size1000000_dim10_noise
Now reading binary data: ../../DissertationCodeTesla1/SGpp/datasets_WPDM18/gaussian_c10_size1000000_dim10_noise_binary_data.bin

--------------- SUMMARY -----------------
detected_clusters: 32
datapoints_clusters: 1000770
total_dur: 7.562198

--------------- END RUN -----------------
attempt lambda: 9.999999999999999e-05 threshold: 74.0740740741 percent_correct: 0.3129705882352941 ARI: 0.2715429855661008
is_first_overall: False
is_first_lambda: False

--------------- CMD -----------------
./datadriven/examplesOCL/clustering_cmd --config OCL_configs/config_ocl_float_P100.cfg --binary_header_filename ../../DissertationCodeTesla1/SGpp/datasets_WPDM18/gaussian_c10_size1000000_dim10_noise --level=6 --lambda=9.999999999999999e-05 --k 6 --epsilon 0.01 --threshold 111.11111111111111 --print_cluster_sizes 1 --target_clusters 10 --reuse_knn_graph tune_gaussian_c10_size1000000_dim10_noise_graph.csv --reuse_density_grid tune_gaussian_c10_size1000000_dim10_noise_density_grid.serialized --write_all --file_prefix tune_gaussian_c10_size1000000_dim10_noise >> tune_precision_10d_1000000s.log 2>tune_precision_10d_1000000s_error.log
---------------- OUTPUT -----------------
binary_header_filename: ../../DissertationCodeTesla1/SGpp/datasets_WPDM18/gaussian_c10_size1000000_dim10_noise
level: 6
lambda: 0.0001
OpenCL configuration file: OCL_configs/config_ocl_float_P100.cfg
k: 6
threshold: 111.111
using naive ocl knn
reading dataset...
info: binary dataset
Dataset load duration: 0.155766
dimension: 10
data points: 1020000
printing first two datapoints:
0.455971, 0.23104, 0.415448, 0.559524, 0.392029, 0.727333, 0.26555, 0.729712, 0.177172, 0.525939
0.655281, 0.58152, 0.642507, 0.802767, 0.463711, 0.26669, 0.224731, 0.236338, 0.730016, 0.626458
reusing density grid and coefficients
loading density grid (reuse) duration:0.31321s
surplus min: -14.9265 max: 151.814
reusing knn graph
loading graph (reuse) duration:5.36327s
Pruning graph...
Using configuration file OCL_configs/config_ocl_float_P100.cfg
last_duration_prune_graph: 6.59965s
ops_prune_graph: 34309.9 GOps
flops_prune_graph: 5198.75 GFLOPS
write pruned knn graph duration:1.55586s
Finding clusters...
find_cluster_duration_total: 0.914603s
detected clusters: 12
size cluster i: 0 -> 400134
size cluster i: 1 -> 99880
size cluster i: 2 -> 200043
size cluster i: 3 -> 100010
size cluster i: 4 -> 99935
size cluster i: 5 -> 100014
size cluster i: 6 -> 10
size cluster i: 7 -> 2
size cluster i: 8 -> 4
size cluster i: 9 -> 3
size cluster i: 10 -> 8
size cluster i: 11 -> 2
datapoints in clusters: 1000045
score: 7.84349
write cluster map duration:1.09318s
total_duration_without_disk: 18.5197
total_duration: 18.6755

all done!

---------------- ERROR ------------------
Now reading header file:../../DissertationCodeTesla1/SGpp/datasets_WPDM18/gaussian_c10_size1000000_dim10_noise
Now reading binary data: ../../DissertationCodeTesla1/SGpp/datasets_WPDM18/gaussian_c10_size1000000_dim10_noise_binary_data.bin

--------------- SUMMARY -----------------
detected_clusters: 12
datapoints_clusters: 1000045
total_dur: 7.514253

--------------- END RUN -----------------
attempt lambda: 9.999999999999999e-05 threshold: 111.111111111 percent_correct: 0.6073833333333334 ARI: 0.5238937018027193
is_first_overall: False
is_first_lambda: False

--------------- CMD -----------------
./datadriven/examplesOCL/clustering_cmd --config OCL_configs/config_ocl_float_P100.cfg --binary_header_filename ../../DissertationCodeTesla1/SGpp/datasets_WPDM18/gaussian_c10_size1000000_dim10_noise --level=6 --lambda=9.999999999999999e-05 --k 6 --epsilon 0.01 --threshold 148.14814814814815 --print_cluster_sizes 1 --target_clusters 10 --reuse_knn_graph tune_gaussian_c10_size1000000_dim10_noise_graph.csv --reuse_density_grid tune_gaussian_c10_size1000000_dim10_noise_density_grid.serialized --write_all --file_prefix tune_gaussian_c10_size1000000_dim10_noise >> tune_precision_10d_1000000s.log 2>tune_precision_10d_1000000s_error.log
---------------- OUTPUT -----------------
binary_header_filename: ../../DissertationCodeTesla1/SGpp/datasets_WPDM18/gaussian_c10_size1000000_dim10_noise
level: 6
lambda: 0.0001
OpenCL configuration file: OCL_configs/config_ocl_float_P100.cfg
k: 6
threshold: 148.148
using naive ocl knn
reading dataset...
info: binary dataset
Dataset load duration: 0.149788
dimension: 10
data points: 1020000
printing first two datapoints:
0.455971, 0.23104, 0.415448, 0.559524, 0.392029, 0.727333, 0.26555, 0.729712, 0.177172, 0.525939
0.655281, 0.58152, 0.642507, 0.802767, 0.463711, 0.26669, 0.224731, 0.236338, 0.730016, 0.626458
reusing density grid and coefficients
loading density grid (reuse) duration:0.31968s
surplus min: -14.9265 max: 151.814
reusing knn graph
loading graph (reuse) duration:5.36977s
Pruning graph...
Using configuration file OCL_configs/config_ocl_float_P100.cfg
last_duration_prune_graph: 6.57903s
ops_prune_graph: 34309.9 GOps
flops_prune_graph: 5215.04 GFLOPS
write pruned knn graph duration:1.54018s
Finding clusters...
find_cluster_duration_total: 0.858903s
detected clusters: 13
size cluster i: 0 -> 200048
size cluster i: 1 -> 96395
size cluster i: 2 -> 200009
size cluster i: 3 -> 98537
size cluster i: 4 -> 100004
size cluster i: 5 -> 96949
size cluster i: 6 -> 100006
size cluster i: 7 -> 100011
size cluster i: 8 -> 3
size cluster i: 9 -> 3
size cluster i: 10 -> 3
size cluster i: 11 -> 2
size cluster i: 12 -> 3
datapoints in clusters: 991973
score: 6.80766
write cluster map duration:1.09925s
total_duration_without_disk: 18.5542
total_duration: 18.7041

all done!

---------------- ERROR ------------------
Now reading header file:../../DissertationCodeTesla1/SGpp/datasets_WPDM18/gaussian_c10_size1000000_dim10_noise
Now reading binary data: ../../DissertationCodeTesla1/SGpp/datasets_WPDM18/gaussian_c10_size1000000_dim10_noise_binary_data.bin

--------------- SUMMARY -----------------
detected_clusters: 13
datapoints_clusters: 991973
total_dur: 7.437933

--------------- END RUN -----------------
attempt lambda: 9.999999999999999e-05 threshold: 148.148148148 percent_correct: 0.7958441176470589 ARI: 0.8026877976285903
is_first_overall: False
is_first_lambda: False

--------------- CMD -----------------
./datadriven/examplesOCL/clustering_cmd --config OCL_configs/config_ocl_float_P100.cfg --binary_header_filename ../../DissertationCodeTesla1/SGpp/datasets_WPDM18/gaussian_c10_size1000000_dim10_noise --level=6 --lambda=9.999999999999999e-05 --k 6 --epsilon 0.01 --threshold 185.1851851851852 --print_cluster_sizes 1 --target_clusters 10 --reuse_knn_graph tune_gaussian_c10_size1000000_dim10_noise_graph.csv --reuse_density_grid tune_gaussian_c10_size1000000_dim10_noise_density_grid.serialized --write_all --file_prefix tune_gaussian_c10_size1000000_dim10_noise >> tune_precision_10d_1000000s.log 2>tune_precision_10d_1000000s_error.log
---------------- OUTPUT -----------------
binary_header_filename: ../../DissertationCodeTesla1/SGpp/datasets_WPDM18/gaussian_c10_size1000000_dim10_noise
level: 6
lambda: 0.0001
OpenCL configuration file: OCL_configs/config_ocl_float_P100.cfg
k: 6
threshold: 185.185
using naive ocl knn
reading dataset...
info: binary dataset
Dataset load duration: 0.14976
dimension: 10
data points: 1020000
printing first two datapoints:
0.455971, 0.23104, 0.415448, 0.559524, 0.392029, 0.727333, 0.26555, 0.729712, 0.177172, 0.525939
0.655281, 0.58152, 0.642507, 0.802767, 0.463711, 0.26669, 0.224731, 0.236338, 0.730016, 0.626458
reusing density grid and coefficients
loading density grid (reuse) duration:0.306435s
surplus min: -14.9265 max: 151.814
reusing knn graph
loading graph (reuse) duration:5.43696s
Pruning graph...
Using configuration file OCL_configs/config_ocl_float_P100.cfg
last_duration_prune_graph: 6.59464s
ops_prune_graph: 34309.9 GOps
flops_prune_graph: 5202.7 GFLOPS
write pruned knn graph duration:1.52895s
Finding clusters...
find_cluster_duration_total: 0.938987s
detected clusters: 15
size cluster i: 0 -> 100007
size cluster i: 1 -> 82569
size cluster i: 2 -> 100020
size cluster i: 3 -> 100004
size cluster i: 4 -> 99990
size cluster i: 5 -> 90119
size cluster i: 6 -> 99988
size cluster i: 7 -> 83225
size cluster i: 8 -> 100000
size cluster i: 9 -> 100004
size cluster i: 10 -> 2
size cluster i: 11 -> 3
size cluster i: 12 -> 2
size cluster i: 13 -> 3
size cluster i: 14 -> 2
datapoints in clusters: 955938
score: 4.68597
write cluster map duration:1.05434s
total_duration_without_disk: 18.8102
total_duration: 18.96

all done!

---------------- ERROR ------------------
Now reading header file:../../DissertationCodeTesla1/SGpp/datasets_WPDM18/gaussian_c10_size1000000_dim10_noise
Now reading binary data: ../../DissertationCodeTesla1/SGpp/datasets_WPDM18/gaussian_c10_size1000000_dim10_noise_binary_data.bin

--------------- SUMMARY -----------------
detected_clusters: 15
datapoints_clusters: 955938
total_dur: 7.533627

--------------- END RUN -----------------
attempt lambda: 9.999999999999999e-05 threshold: 185.185185185 percent_correct: 0.9567068627450981 ARI: 0.9410181059532854
-> new best_percent_correct:0.9567068627450981, new best_threshold:185.185185185
is_first_overall: False
is_first_lambda: False

--------------- CMD -----------------
./datadriven/examplesOCL/clustering_cmd --config OCL_configs/config_ocl_float_P100.cfg --binary_header_filename ../../DissertationCodeTesla1/SGpp/datasets_WPDM18/gaussian_c10_size1000000_dim10_noise --level=6 --lambda=9.999999999999999e-05 --k 6 --epsilon 0.01 --threshold 222.22222222222223 --print_cluster_sizes 1 --target_clusters 10 --reuse_knn_graph tune_gaussian_c10_size1000000_dim10_noise_graph.csv --reuse_density_grid tune_gaussian_c10_size1000000_dim10_noise_density_grid.serialized --write_all --file_prefix tune_gaussian_c10_size1000000_dim10_noise >> tune_precision_10d_1000000s.log 2>tune_precision_10d_1000000s_error.log
---------------- OUTPUT -----------------
binary_header_filename: ../../DissertationCodeTesla1/SGpp/datasets_WPDM18/gaussian_c10_size1000000_dim10_noise
level: 6
lambda: 0.0001
OpenCL configuration file: OCL_configs/config_ocl_float_P100.cfg
k: 6
threshold: 222.222
using naive ocl knn
reading dataset...
info: binary dataset
Dataset load duration: 0.154162
dimension: 10
data points: 1020000
printing first two datapoints:
0.455971, 0.23104, 0.415448, 0.559524, 0.392029, 0.727333, 0.26555, 0.729712, 0.177172, 0.525939
0.655281, 0.58152, 0.642507, 0.802767, 0.463711, 0.26669, 0.224731, 0.236338, 0.730016, 0.626458
reusing density grid and coefficients
loading density grid (reuse) duration:0.287485s
surplus min: -14.9265 max: 151.814
reusing knn graph
loading graph (reuse) duration:5.4102s
Pruning graph...
Using configuration file OCL_configs/config_ocl_float_P100.cfg
last_duration_prune_graph: 6.5857s
ops_prune_graph: 34309.9 GOps
flops_prune_graph: 5209.76 GFLOPS
write pruned knn graph duration:1.49236s
Finding clusters...
find_cluster_duration_total: 0.943009s
detected clusters: 12
size cluster i: 0 -> 99996
size cluster i: 1 -> 57903
size cluster i: 2 -> 100014
size cluster i: 3 -> 99883
size cluster i: 4 -> 99615
size cluster i: 5 -> 72899
size cluster i: 6 -> 99383
size cluster i: 7 -> 59340
size cluster i: 8 -> 100000
size cluster i: 9 -> 99807
size cluster i: 10 -> 2
size cluster i: 11 -> 2
datapoints in clusters: 888844
score: 6.97133
write cluster map duration:1.06507s
total_duration_without_disk: 18.4904
total_duration: 18.6447

all done!

---------------- ERROR ------------------
Now reading header file:../../DissertationCodeTesla1/SGpp/datasets_WPDM18/gaussian_c10_size1000000_dim10_noise
Now reading binary data: ../../DissertationCodeTesla1/SGpp/datasets_WPDM18/gaussian_c10_size1000000_dim10_noise_binary_data.bin

--------------- SUMMARY -----------------
detected_clusters: 12
datapoints_clusters: 888844
total_dur: 7.528709

--------------- END RUN -----------------
attempt lambda: 9.999999999999999e-05 threshold: 222.222222222 percent_correct: 0.8909843137254903 ARI: 0.8527611198682268
is_first_overall: False
is_first_lambda: False

--------------- CMD -----------------
./datadriven/examplesOCL/clustering_cmd --config OCL_configs/config_ocl_float_P100.cfg --binary_header_filename ../../DissertationCodeTesla1/SGpp/datasets_WPDM18/gaussian_c10_size1000000_dim10_noise --level=6 --lambda=9.999999999999999e-05 --k 6 --epsilon 0.01 --threshold 259.25925925925924 --print_cluster_sizes 1 --target_clusters 10 --reuse_knn_graph tune_gaussian_c10_size1000000_dim10_noise_graph.csv --reuse_density_grid tune_gaussian_c10_size1000000_dim10_noise_density_grid.serialized --write_all --file_prefix tune_gaussian_c10_size1000000_dim10_noise >> tune_precision_10d_1000000s.log 2>tune_precision_10d_1000000s_error.log
---------------- OUTPUT -----------------
binary_header_filename: ../../DissertationCodeTesla1/SGpp/datasets_WPDM18/gaussian_c10_size1000000_dim10_noise
level: 6
lambda: 0.0001
OpenCL configuration file: OCL_configs/config_ocl_float_P100.cfg
k: 6
threshold: 259.259
using naive ocl knn
reading dataset...
info: binary dataset
Dataset load duration: 0.150246
dimension: 10
data points: 1020000
printing first two datapoints:
0.455971, 0.23104, 0.415448, 0.559524, 0.392029, 0.727333, 0.26555, 0.729712, 0.177172, 0.525939
0.655281, 0.58152, 0.642507, 0.802767, 0.463711, 0.26669, 0.224731, 0.236338, 0.730016, 0.626458
reusing density grid and coefficients
loading density grid (reuse) duration:0.30116s
surplus min: -14.9265 max: 151.814
reusing knn graph
loading graph (reuse) duration:5.42755s
Pruning graph...
Using configuration file OCL_configs/config_ocl_float_P100.cfg
last_duration_prune_graph: 6.58157s
ops_prune_graph: 34309.9 GOps
flops_prune_graph: 5213.03 GFLOPS
write pruned knn graph duration:1.45383s
Finding clusters...
find_cluster_duration_total: 0.879032s
detected clusters: 30
size cluster i: 0 -> 99878
size cluster i: 1 -> 31029
size cluster i: 2 -> 100010
size cluster i: 3 -> 98621
size cluster i: 4 -> 97148
size cluster i: 5 -> 95453
size cluster i: 6 -> 33307
size cluster i: 7 -> 51410
size cluster i: 8 -> 100000
size cluster i: 9 -> 98080
size cluster i: 10 -> 2
size cluster i: 11 -> 2
size cluster i: 12 -> 2
size cluster i: 13 -> 2
size cluster i: 14 -> 2
size cluster i: 15 -> 2
size cluster i: 16 -> 2
size cluster i: 17 -> 2
size cluster i: 18 -> 3
size cluster i: 19 -> 4
size cluster i: 20 -> 2
size cluster i: 21 -> 2
size cluster i: 22 -> 4
size cluster i: 23 -> 2
size cluster i: 24 -> 2
size cluster i: 25 -> 2
size cluster i: 26 -> 2
size cluster i: 27 -> 2
size cluster i: 28 -> 2
size cluster i: 29 -> 2
datapoints in clusters: 804981
score: 0
write cluster map duration:1.07476s
total_duration_without_disk: 18.4547
total_duration: 18.605

all done!

---------------- ERROR ------------------
Now reading header file:../../DissertationCodeTesla1/SGpp/datasets_WPDM18/gaussian_c10_size1000000_dim10_noise
Now reading binary data: ../../DissertationCodeTesla1/SGpp/datasets_WPDM18/gaussian_c10_size1000000_dim10_noise_binary_data.bin

--------------- SUMMARY -----------------
detected_clusters: 30
datapoints_clusters: 804981
total_dur: 7.460602

--------------- END RUN -----------------
attempt lambda: 9.999999999999999e-05 threshold: 259.259259259 percent_correct: 0.8087372549019608 ARI: 0.7449540817716094
is_first_overall: False
is_first_lambda: False

--------------- CMD -----------------
./datadriven/examplesOCL/clustering_cmd --config OCL_configs/config_ocl_float_P100.cfg --binary_header_filename ../../DissertationCodeTesla1/SGpp/datasets_WPDM18/gaussian_c10_size1000000_dim10_noise --level=6 --lambda=9.999999999999999e-05 --k 6 --epsilon 0.01 --threshold 296.2962962962963 --print_cluster_sizes 1 --target_clusters 10 --reuse_knn_graph tune_gaussian_c10_size1000000_dim10_noise_graph.csv --reuse_density_grid tune_gaussian_c10_size1000000_dim10_noise_density_grid.serialized --write_all --file_prefix tune_gaussian_c10_size1000000_dim10_noise >> tune_precision_10d_1000000s.log 2>tune_precision_10d_1000000s_error.log
---------------- OUTPUT -----------------
binary_header_filename: ../../DissertationCodeTesla1/SGpp/datasets_WPDM18/gaussian_c10_size1000000_dim10_noise
level: 6
lambda: 0.0001
OpenCL configuration file: OCL_configs/config_ocl_float_P100.cfg
k: 6
threshold: 296.296
using naive ocl knn
reading dataset...
info: binary dataset
Dataset load duration: 0.166032
dimension: 10
data points: 1020000
printing first two datapoints:
0.455971, 0.23104, 0.415448, 0.559524, 0.392029, 0.727333, 0.26555, 0.729712, 0.177172, 0.525939
0.655281, 0.58152, 0.642507, 0.802767, 0.463711, 0.26669, 0.224731, 0.236338, 0.730016, 0.626458
reusing density grid and coefficients
loading density grid (reuse) duration:0.319242s
surplus min: -14.9265 max: 151.814
reusing knn graph
loading graph (reuse) duration:5.4347s
Pruning graph...
Using configuration file OCL_configs/config_ocl_float_P100.cfg
last_duration_prune_graph: 6.5967s
ops_prune_graph: 34309.9 GOps
flops_prune_graph: 5201.07 GFLOPS
write pruned knn graph duration:1.42088s
Finding clusters...
find_cluster_duration_total: 0.87872s
detected clusters: 44
size cluster i: 0 -> 99199
size cluster i: 1 -> 11484
size cluster i: 2 -> 100007
size cluster i: 3 -> 93455
size cluster i: 4 -> 90028
size cluster i: 5 -> 84764
size cluster i: 6 -> 31472
size cluster i: 7 -> 100000
size cluster i: 8 -> 92659
size cluster i: 9 -> 14060
size cluster i: 10 -> 5
size cluster i: 11 -> 3
size cluster i: 12 -> 4
size cluster i: 13 -> 2
size cluster i: 14 -> 2
size cluster i: 15 -> 3
size cluster i: 16 -> 2
size cluster i: 17 -> 3
size cluster i: 18 -> 2
size cluster i: 19 -> 3
size cluster i: 20 -> 3
size cluster i: 21 -> 4
size cluster i: 22 -> 2
size cluster i: 23 -> 2
size cluster i: 24 -> 2
size cluster i: 25 -> 2
size cluster i: 26 -> 2
size cluster i: 27 -> 2
size cluster i: 28 -> 2
size cluster i: 29 -> 4
size cluster i: 30 -> 3
size cluster i: 31 -> 2
size cluster i: 32 -> 2
size cluster i: 33 -> 2
size cluster i: 34 -> 2
size cluster i: 35 -> 2
size cluster i: 36 -> 2
size cluster i: 37 -> 2
size cluster i: 38 -> 2
size cluster i: 39 -> 2
size cluster i: 40 -> 2
size cluster i: 41 -> 3
size cluster i: 42 -> 2
size cluster i: 43 -> 2
datapoints in clusters: 717212
score: 0
write cluster map duration:1.04962s
total_duration_without_disk: 18.6025
total_duration: 18.7686

all done!

---------------- ERROR ------------------
Now reading header file:../../DissertationCodeTesla1/SGpp/datasets_WPDM18/gaussian_c10_size1000000_dim10_noise
Now reading binary data: ../../DissertationCodeTesla1/SGpp/datasets_WPDM18/gaussian_c10_size1000000_dim10_noise_binary_data.bin

--------------- SUMMARY -----------------
detected_clusters: 44
datapoints_clusters: 717212
total_dur: 7.47542

--------------- END RUN -----------------
attempt lambda: 9.999999999999999e-05 threshold: 296.296296296 percent_correct: 0.7226607843137255 ARI: 0.6154544301229639
datapoints_clusters too low, aborting threshold testing
-> new overall_best_percent_correct:0.9567068627450981, overall_best_lambda_value: 9.999999999999999e-05, new best_threshold:185.185185185
thresholds:[0.0, 166.66666666666666, 333.33333333333331, 500.0, 666.66666666666663, 833.33333333333326, 1000.0, 1166.6666666666665, 1333.3333333333333, 1500.0], threshold_step:166.666666667
is_first_overall: False
is_first_lambda: True

--------------- CMD -----------------
./datadriven/examplesOCL/clustering_cmd --config OCL_configs/config_ocl_float_P100.cfg --binary_header_filename ../../DissertationCodeTesla1/SGpp/datasets_WPDM18/gaussian_c10_size1000000_dim10_noise --level=6 --lambda=9.999999999999999e-06 --k 6 --epsilon 0.01 --threshold 166.66666666666666 --print_cluster_sizes 1 --target_clusters 10 --reuse_knn_graph tune_gaussian_c10_size1000000_dim10_noise_graph.csv --write_all --file_prefix tune_gaussian_c10_size1000000_dim10_noise >> tune_precision_10d_1000000s.log 2>tune_precision_10d_1000000s_error.log
---------------- OUTPUT -----------------
binary_header_filename: ../../DissertationCodeTesla1/SGpp/datasets_WPDM18/gaussian_c10_size1000000_dim10_noise
level: 6
lambda: 1e-05
OpenCL configuration file: OCL_configs/config_ocl_float_P100.cfg
k: 6
threshold: 166.667
using naive ocl knn
reading dataset...
info: binary dataset
Dataset load duration: 0.141863
dimension: 10
data points: 1020000
printing first two datapoints:
0.455971, 0.23104, 0.415448, 0.559524, 0.392029, 0.727333, 0.26555, 0.729712, 0.177172, 0.525939
0.655281, 0.58152, 0.642507, 0.802767, 0.463711, 0.26669, 0.224731, 0.236338, 0.730016, 0.626458
initial grid created, grid points: 77505
grid create duration:0.266557s
Using configuration file OCL_configs/config_ocl_float_P100.cfg
device name: Tesla P100-PCIE-16GB
query_size: 4
max_compute_units: 56
Calculating right-hand side
last_duration_generate_b: 1.15613s
ops_generate_b: 4822.36
flops_generate_b: 4171.11 GFLOPS
Solving density SLE
Starting Conjugated Gradients
All temp variables used in CG have been initialized
Starting norm of residuum: 0.062259
Target norm:               6.2259e-06
delta: 0.16298
delta: 0.0427114
delta: 0.0477793
delta: 0.00824798
delta: 0.00467005
delta: 0.00192842
delta: 0.000805386
delta: 0.000177016
delta: 8.50375e-05
delta: 1.4787e-05
delta: 5.73283e-05
delta: 2.10352e-06
Number of iterations: 12 (max. 1000)
Final norm of residuum: 2.10352e-06
counted_mult_calls: 13
acc_duration_density: 3.46044s
act_it: 13
ops_density: 11089 GOps
flops_density: 3204.49 GFLOPS
density_duration_total: 7.14562s
surplus min: -199.266 max: 1278.72
reusing knn graph
loading graph (reuse) duration:5.25898s
Pruning graph...
Using configuration file OCL_configs/config_ocl_float_P100.cfg
last_duration_prune_graph: 6.57063s
ops_prune_graph: 34309.9 GOps
flops_prune_graph: 5221.71 GFLOPS
write pruned knn graph duration:1.5555s
Finding clusters...
find_cluster_duration_total: 0.930608s
detected clusters: 51
size cluster i: 0 -> 900798
size cluster i: 1 -> 100104
size cluster i: 2 -> 2
size cluster i: 3 -> 3
size cluster i: 4 -> 6
size cluster i: 5 -> 2
size cluster i: 6 -> 2
size cluster i: 7 -> 3
size cluster i: 8 -> 4
size cluster i: 9 -> 2
size cluster i: 10 -> 5
size cluster i: 11 -> 4
size cluster i: 12 -> 4
size cluster i: 13 -> 3
size cluster i: 14 -> 5
size cluster i: 15 -> 3
size cluster i: 16 -> 3
size cluster i: 17 -> 4
size cluster i: 18 -> 2
size cluster i: 19 -> 4
size cluster i: 20 -> 3
size cluster i: 21 -> 2
size cluster i: 22 -> 7
size cluster i: 23 -> 4
size cluster i: 24 -> 5
size cluster i: 25 -> 5
size cluster i: 26 -> 2
size cluster i: 27 -> 2
size cluster i: 28 -> 2
size cluster i: 29 -> 3
size cluster i: 30 -> 5
size cluster i: 31 -> 2
size cluster i: 32 -> 4
size cluster i: 33 -> 6
size cluster i: 34 -> 2
size cluster i: 35 -> 3
size cluster i: 36 -> 3
size cluster i: 37 -> 3
size cluster i: 38 -> 6
size cluster i: 39 -> 3
size cluster i: 40 -> 3
size cluster i: 41 -> 3
size cluster i: 42 -> 2
size cluster i: 43 -> 4
size cluster i: 44 -> 2
size cluster i: 45 -> 3
size cluster i: 46 -> 2
size cluster i: 47 -> 3
size cluster i: 48 -> 2
size cluster i: 49 -> 3
size cluster i: 50 -> 2
datapoints in clusters: 1001064
score: 0
write cluster map duration:1.06076s
total_duration_without_disk: 24.5711
total_duration: 24.7131

all done!

---------------- ERROR ------------------
Now reading header file:../../DissertationCodeTesla1/SGpp/datasets_WPDM18/gaussian_c10_size1000000_dim10_noise
Now reading binary data: ../../DissertationCodeTesla1/SGpp/datasets_WPDM18/gaussian_c10_size1000000_dim10_noise_binary_data.bin

--------------- SUMMARY -----------------
detected_clusters: 51
datapoints_clusters: 1001064
total_dur: 15.802988

--------------- END RUN -----------------
attempt lambda: 9.999999999999999e-06 threshold: 166.666666667 percent_correct: 0.21464313725490197 ARI: 0.05514024783459073
-> new best_percent_correct:0.21464313725490197, new best_threshold:166.666666667
is_first_overall: False
is_first_lambda: False

--------------- CMD -----------------
./datadriven/examplesOCL/clustering_cmd --config OCL_configs/config_ocl_float_P100.cfg --binary_header_filename ../../DissertationCodeTesla1/SGpp/datasets_WPDM18/gaussian_c10_size1000000_dim10_noise --level=6 --lambda=9.999999999999999e-06 --k 6 --epsilon 0.01 --threshold 333.3333333333333 --print_cluster_sizes 1 --target_clusters 10 --reuse_knn_graph tune_gaussian_c10_size1000000_dim10_noise_graph.csv --reuse_density_grid tune_gaussian_c10_size1000000_dim10_noise_density_grid.serialized --write_all --file_prefix tune_gaussian_c10_size1000000_dim10_noise >> tune_precision_10d_1000000s.log 2>tune_precision_10d_1000000s_error.log
---------------- OUTPUT -----------------
binary_header_filename: ../../DissertationCodeTesla1/SGpp/datasets_WPDM18/gaussian_c10_size1000000_dim10_noise
level: 6
lambda: 1e-05
OpenCL configuration file: OCL_configs/config_ocl_float_P100.cfg
k: 6
threshold: 333.333
using naive ocl knn
reading dataset...
info: binary dataset
Dataset load duration: 0.168802
dimension: 10
data points: 1020000
printing first two datapoints:
0.455971, 0.23104, 0.415448, 0.559524, 0.392029, 0.727333, 0.26555, 0.729712, 0.177172, 0.525939
0.655281, 0.58152, 0.642507, 0.802767, 0.463711, 0.26669, 0.224731, 0.236338, 0.730016, 0.626458
reusing density grid and coefficients
loading density grid (reuse) duration:0.259177s
surplus min: -199.266 max: 1278.72
reusing knn graph
loading graph (reuse) duration:5.53299s
Pruning graph...
Using configuration file OCL_configs/config_ocl_float_P100.cfg
last_duration_prune_graph: 6.59078s
ops_prune_graph: 34309.9 GOps
flops_prune_graph: 5205.74 GFLOPS
write pruned knn graph duration:1.55001s
Finding clusters...
find_cluster_duration_total: 0.850726s
detected clusters: 17
size cluster i: 0 -> 400117
size cluster i: 1 -> 100014
size cluster i: 2 -> 200060
size cluster i: 3 -> 100012
size cluster i: 4 -> 100009
size cluster i: 5 -> 100023
size cluster i: 6 -> 4
size cluster i: 7 -> 7
size cluster i: 8 -> 4
size cluster i: 9 -> 3
size cluster i: 10 -> 5
size cluster i: 11 -> 5
size cluster i: 12 -> 3
size cluster i: 13 -> 3
size cluster i: 14 -> 3
size cluster i: 15 -> 3
size cluster i: 16 -> 2
datapoints in clusters: 1000277
score: 2.94199
write cluster map duration:1.12693s
total_duration_without_disk: 18.6893
total_duration: 18.8582

all done!

---------------- ERROR ------------------
Now reading header file:../../DissertationCodeTesla1/SGpp/datasets_WPDM18/gaussian_c10_size1000000_dim10_noise
Now reading binary data: ../../DissertationCodeTesla1/SGpp/datasets_WPDM18/gaussian_c10_size1000000_dim10_noise_binary_data.bin

--------------- SUMMARY -----------------
detected_clusters: 17
datapoints_clusters: 1000277
total_dur: 7.4415059999999995

--------------- END RUN -----------------
attempt lambda: 9.999999999999999e-06 threshold: 333.333333333 percent_correct: 0.607571568627451 ARI: 0.5241357421585608
-> new best_percent_correct:0.607571568627451, new best_threshold:333.333333333
is_first_overall: False
is_first_lambda: False

--------------- CMD -----------------
./datadriven/examplesOCL/clustering_cmd --config OCL_configs/config_ocl_float_P100.cfg --binary_header_filename ../../DissertationCodeTesla1/SGpp/datasets_WPDM18/gaussian_c10_size1000000_dim10_noise --level=6 --lambda=9.999999999999999e-06 --k 6 --epsilon 0.01 --threshold 500.0 --print_cluster_sizes 1 --target_clusters 10 --reuse_knn_graph tune_gaussian_c10_size1000000_dim10_noise_graph.csv --reuse_density_grid tune_gaussian_c10_size1000000_dim10_noise_density_grid.serialized --write_all --file_prefix tune_gaussian_c10_size1000000_dim10_noise >> tune_precision_10d_1000000s.log 2>tune_precision_10d_1000000s_error.log
---------------- OUTPUT -----------------
binary_header_filename: ../../DissertationCodeTesla1/SGpp/datasets_WPDM18/gaussian_c10_size1000000_dim10_noise
level: 6
lambda: 1e-05
OpenCL configuration file: OCL_configs/config_ocl_float_P100.cfg
k: 6
threshold: 500
using naive ocl knn
reading dataset...
info: binary dataset
Dataset load duration: 0.166534
dimension: 10
data points: 1020000
printing first two datapoints:
0.455971, 0.23104, 0.415448, 0.559524, 0.392029, 0.727333, 0.26555, 0.729712, 0.177172, 0.525939
0.655281, 0.58152, 0.642507, 0.802767, 0.463711, 0.26669, 0.224731, 0.236338, 0.730016, 0.626458
reusing density grid and coefficients
loading density grid (reuse) duration:0.312179s
surplus min: -199.266 max: 1278.72
reusing knn graph
loading graph (reuse) duration:5.38243s
Pruning graph...
Using configuration file OCL_configs/config_ocl_float_P100.cfg
last_duration_prune_graph: 6.58815s
ops_prune_graph: 34309.9 GOps
flops_prune_graph: 5207.82 GFLOPS
write pruned knn graph duration:1.55756s
Finding clusters...
find_cluster_duration_total: 0.992264s
detected clusters: 11
size cluster i: 0 -> 200037
size cluster i: 1 -> 99994
size cluster i: 2 -> 100011
size cluster i: 3 -> 100006
size cluster i: 4 -> 99972
size cluster i: 5 -> 100006
size cluster i: 6 -> 100002
size cluster i: 7 -> 100009
size cluster i: 8 -> 100011
size cluster i: 9 -> 2
size cluster i: 10 -> 3
datapoints in clusters: 1000053
score: 8.824
write cluster map duration:1.04674s
total_duration_without_disk: 18.6824
total_duration: 18.8491

all done!

---------------- ERROR ------------------
Now reading header file:../../DissertationCodeTesla1/SGpp/datasets_WPDM18/gaussian_c10_size1000000_dim10_noise
Now reading binary data: ../../DissertationCodeTesla1/SGpp/datasets_WPDM18/gaussian_c10_size1000000_dim10_noise_binary_data.bin

--------------- SUMMARY -----------------
detected_clusters: 11
datapoints_clusters: 1000053
total_dur: 7.580413999999999

--------------- END RUN -----------------
attempt lambda: 9.999999999999999e-06 threshold: 500.0 percent_correct: 0.9018225490196078 ARI: 0.8985679620779828
-> new best_percent_correct:0.9018225490196078, new best_threshold:500.0
is_first_overall: False
is_first_lambda: False

--------------- CMD -----------------
./datadriven/examplesOCL/clustering_cmd --config OCL_configs/config_ocl_float_P100.cfg --binary_header_filename ../../DissertationCodeTesla1/SGpp/datasets_WPDM18/gaussian_c10_size1000000_dim10_noise --level=6 --lambda=9.999999999999999e-06 --k 6 --epsilon 0.01 --threshold 666.6666666666666 --print_cluster_sizes 1 --target_clusters 10 --reuse_knn_graph tune_gaussian_c10_size1000000_dim10_noise_graph.csv --reuse_density_grid tune_gaussian_c10_size1000000_dim10_noise_density_grid.serialized --write_all --file_prefix tune_gaussian_c10_size1000000_dim10_noise >> tune_precision_10d_1000000s.log 2>tune_precision_10d_1000000s_error.log
---------------- OUTPUT -----------------
binary_header_filename: ../../DissertationCodeTesla1/SGpp/datasets_WPDM18/gaussian_c10_size1000000_dim10_noise
level: 6
lambda: 1e-05
OpenCL configuration file: OCL_configs/config_ocl_float_P100.cfg
k: 6
threshold: 666.667
using naive ocl knn
reading dataset...
info: binary dataset
Dataset load duration: 0.156339
dimension: 10
data points: 1020000
printing first two datapoints:
0.455971, 0.23104, 0.415448, 0.559524, 0.392029, 0.727333, 0.26555, 0.729712, 0.177172, 0.525939
0.655281, 0.58152, 0.642507, 0.802767, 0.463711, 0.26669, 0.224731, 0.236338, 0.730016, 0.626458
reusing density grid and coefficients
loading density grid (reuse) duration:0.306965s
surplus min: -199.266 max: 1278.72
reusing knn graph
loading graph (reuse) duration:5.39764s
Pruning graph...
Using configuration file OCL_configs/config_ocl_float_P100.cfg
last_duration_prune_graph: 6.55566s
ops_prune_graph: 34309.9 GOps
flops_prune_graph: 5233.63 GFLOPS
write pruned knn graph duration:1.55551s
Finding clusters...
find_cluster_duration_total: 0.892102s
detected clusters: 11
size cluster i: 0 -> 100006
size cluster i: 1 -> 99255
size cluster i: 2 -> 100018
size cluster i: 3 -> 100004
size cluster i: 4 -> 100003
size cluster i: 5 -> 98222
size cluster i: 6 -> 100003
size cluster i: 7 -> 99944
size cluster i: 8 -> 100006
size cluster i: 9 -> 100004
size cluster i: 10 -> 2
datapoints in clusters: 997467
score: 8.80118
write cluster map duration:1.05956s
total_duration_without_disk: 18.4041
total_duration: 18.5605

all done!

---------------- ERROR ------------------
Now reading header file:../../DissertationCodeTesla1/SGpp/datasets_WPDM18/gaussian_c10_size1000000_dim10_noise
Now reading binary data: ../../DissertationCodeTesla1/SGpp/datasets_WPDM18/gaussian_c10_size1000000_dim10_noise_binary_data.bin

--------------- SUMMARY -----------------
detected_clusters: 11
datapoints_clusters: 997467
total_dur: 7.447761999999999

--------------- END RUN -----------------
attempt lambda: 9.999999999999999e-06 threshold: 666.666666667 percent_correct: 0.9974166666666666 ARI: 0.996536811749805
-> new best_percent_correct:0.9974166666666666, new best_threshold:666.666666667
is_first_overall: False
is_first_lambda: False

--------------- CMD -----------------
./datadriven/examplesOCL/clustering_cmd --config OCL_configs/config_ocl_float_P100.cfg --binary_header_filename ../../DissertationCodeTesla1/SGpp/datasets_WPDM18/gaussian_c10_size1000000_dim10_noise --level=6 --lambda=9.999999999999999e-06 --k 6 --epsilon 0.01 --threshold 833.3333333333333 --print_cluster_sizes 1 --target_clusters 10 --reuse_knn_graph tune_gaussian_c10_size1000000_dim10_noise_graph.csv --reuse_density_grid tune_gaussian_c10_size1000000_dim10_noise_density_grid.serialized --write_all --file_prefix tune_gaussian_c10_size1000000_dim10_noise >> tune_precision_10d_1000000s.log 2>tune_precision_10d_1000000s_error.log
---------------- OUTPUT -----------------
binary_header_filename: ../../DissertationCodeTesla1/SGpp/datasets_WPDM18/gaussian_c10_size1000000_dim10_noise
level: 6
lambda: 1e-05
OpenCL configuration file: OCL_configs/config_ocl_float_P100.cfg
k: 6
threshold: 833.333
using naive ocl knn
reading dataset...
info: binary dataset
Dataset load duration: 0.152597
dimension: 10
data points: 1020000
printing first two datapoints:
0.455971, 0.23104, 0.415448, 0.559524, 0.392029, 0.727333, 0.26555, 0.729712, 0.177172, 0.525939
0.655281, 0.58152, 0.642507, 0.802767, 0.463711, 0.26669, 0.224731, 0.236338, 0.730016, 0.626458
reusing density grid and coefficients
loading density grid (reuse) duration:0.334659s
surplus min: -199.266 max: 1278.72
reusing knn graph
loading graph (reuse) duration:5.43508s
Pruning graph...
Using configuration file OCL_configs/config_ocl_float_P100.cfg
last_duration_prune_graph: 6.58461s
ops_prune_graph: 34309.9 GOps
flops_prune_graph: 5210.62 GFLOPS
write pruned knn graph duration:1.54548s
Finding clusters...
find_cluster_duration_total: 0.926587s
detected clusters: 10
size cluster i: 0 -> 100001
size cluster i: 1 -> 94206
size cluster i: 2 -> 100011
size cluster i: 3 -> 100001
size cluster i: 4 -> 100001
size cluster i: 5 -> 89621
size cluster i: 6 -> 100000
size cluster i: 7 -> 98605
size cluster i: 8 -> 100003
size cluster i: 9 -> 100002
datapoints in clusters: 982451
score: 9.63187
write cluster map duration:1.06371s
total_duration_without_disk: 18.7427
total_duration: 18.8954

all done!

---------------- ERROR ------------------
Now reading header file:../../DissertationCodeTesla1/SGpp/datasets_WPDM18/gaussian_c10_size1000000_dim10_noise
Now reading binary data: ../../DissertationCodeTesla1/SGpp/datasets_WPDM18/gaussian_c10_size1000000_dim10_noise_binary_data.bin

--------------- SUMMARY -----------------
detected_clusters: 10
datapoints_clusters: 982451
total_dur: 7.511196999999999

--------------- END RUN -----------------
attempt lambda: 9.999999999999999e-06 threshold: 833.333333333 percent_correct: 0.9827558823529412 ARI: 0.9771638564725024
is_first_overall: False
is_first_lambda: False

--------------- CMD -----------------
./datadriven/examplesOCL/clustering_cmd --config OCL_configs/config_ocl_float_P100.cfg --binary_header_filename ../../DissertationCodeTesla1/SGpp/datasets_WPDM18/gaussian_c10_size1000000_dim10_noise --level=6 --lambda=9.999999999999999e-06 --k 6 --epsilon 0.01 --threshold 1000.0 --print_cluster_sizes 1 --target_clusters 10 --reuse_knn_graph tune_gaussian_c10_size1000000_dim10_noise_graph.csv --reuse_density_grid tune_gaussian_c10_size1000000_dim10_noise_density_grid.serialized --write_all --file_prefix tune_gaussian_c10_size1000000_dim10_noise >> tune_precision_10d_1000000s.log 2>tune_precision_10d_1000000s_error.log