binary_header_filename: datasets_WPDM18//gaussian_c100_size1000000_dim10_noise
level: 7
lambda: 1e-06
OpenCL configuration file: OCL_configs/config_ocl_float_w8100.cfg
k: 6
threshold: 556
using naive ocl knn
reading dataset...
info: binary dataset
Now reading header file:datasets_WPDM18//gaussian_c100_size1000000_dim10_noise
Now reading binary data: datasets_WPDM18//gaussian_c100_size1000000_dim10_noise_binary_data.bin
Dataset load duration: 0.0817645
dimension: 10
data points: 1020000
printing first two datapoints:
0.761177, 0.218928, 0.356789, 0.334628, 0.526923, 0.592047, 0.216967, 0.559013, 0.58146, 0.719555
0.854362, 0.810024, 0.555204, 0.64013, 0.263688, 0.276989, 0.211694, 0.681618, 0.832303, 0.202619
initial grid created, grid points: 397825
Using configuration file OCL_configs/config_ocl_float_w8100.cfg
OCL Info: 1 OpenCL platforms have been found
OCL Info: detected platform, name: "AMD Accelerated Parallel Processing"
OCL Info: detected platform vendor name: "Advanced Micro Devices, Inc."
OCL Info: using platform, name: "AMD Accelerated Parallel Processing"
OCL Info: detected device, name: "Hawaii"
OCL Info: using device, name: "Hawaii"
device name: Hawaii
query_size: 4
max_compute_units: 40
Calculating right-hand side
building with optimization flags:  -cl-mad-enable -cl-denorms-are-zero -cl-no-signed-zeros -cl-unsafe-math-optimizations -cl-finite-math-only -cl-fast-relaxed-math
--- Begin Build Log ---

--- End Build Log ---
last_duration_generate_b: 9.34269s
ops_generate_b: 24752.7
flops_generate_b: 2649.42 GFLOPS
Solving density SLE
Starting Conjugated Gradients
All temp variables used in CG have been initialized
building with optimization flags:  -cl-mad-enable -cl-denorms-are-zero -cl-no-signed-zeros -cl-unsafe-math-optimizations -cl-finite-math-only -cl-fast-relaxed-math
--- Begin Build Log ---

--- End Build Log ---
Starting norm of residuum: 0.0440302
Target norm:               4.40302e-06
delta: 0.0227662
delta: 0.0522043
delta: 0.040487
delta: 0.0263514
delta: 0.0268884
delta: 0.0354302
delta: 0.0223342
delta: 0.0128135
delta: 0.0160162
delta: 0.00528051
delta: 0.0207935
delta: 0.0150678
delta: 0.00507399
delta: 0.00148946
delta: 0.00154166
delta: 0.00442751
delta: 0.00110886
delta: 0.000788739
delta: 0.00157802
delta: 0.000970511
delta: 0.00024551
delta: 0.00275695
delta: 0.0002784
delta: 0.00045556
delta: 8.05871e-05
delta: 0.000157139
delta: 0.000579299
delta: 5.64669e-05
delta: 8.27949e-05
delta: 2.13469e-05
delta: 1.20169e-05
delta: 6.23646e-05
delta: 6.65781e-06
delta: 1.19959e-05
delta: 2.62723e-05
delta: 2.90512e-06
Number of iterations: 36 (max. 1000)
Final norm of residuum: 2.90512e-06
counted_mult_calls: 37
acc_duration_density: 423.453s
act_it: 37
ops_density: 831523 GOps
flops_density: 1963.67 GFLOPS
density_duration_total: 433.622
surplus min: -443.465 max: 1569.35
Starting graph creation...
Using configuration file OCL_configs/config_ocl_float_w8100.cfg
OCL Info: 1 OpenCL platforms have been found
OCL Info: detected platform, name: "AMD Accelerated Parallel Processing"
OCL Info: detected platform vendor name: "Advanced Micro Devices, Inc."
OCL Info: using platform, name: "AMD Accelerated Parallel Processing"
OCL Info: detected device, name: "Hawaii"
OCL Info: using device, name: "Hawaii"
unpadded_datasize: 1020000 adding elements: 32 (* dims)
building with optimization flags:  -cl-mad-enable -cl-denorms-are-zero -cl-no-signed-zeros -cl-unsafe-math-optimizations -cl-finite-math-only -cl-fast-relaxed-math
--- Begin Build Log ---

--- End Build Log ---
last_duration_create_graph: 21.8124s
ops_create_graph: 31212 GOps
flops_create_graph: 1430.93 GFLOPS
Pruning graph...
Using configuration file OCL_configs/config_ocl_float_w8100.cfg
OCL Info: 1 OpenCL platforms have been found
OCL Info: detected platform, name: "AMD Accelerated Parallel Processing"
OCL Info: detected platform vendor name: "Advanced Micro Devices, Inc."
OCL Info: using platform, name: "AMD Accelerated Parallel Processing"
OCL Info: detected device, name: "Hawaii"
OCL Info: using device, name: "Hawaii"
building with optimization flags:  -cl-mad-enable -cl-denorms-are-zero -cl-no-signed-zeros -cl-unsafe-math-optimizations -cl-finite-math-only -cl-fast-relaxed-math
--- Begin Build Log ---

--- End Build Log ---
last_duration_prune_graph: 97.2419s
ops_prune_graph: 176109 GOps
flops_prune_graph: 1811.04 GFLOPS
Finding clusters...
find_cluster_duration_total: 0.829113
detected clusters: 98
size cluster i: 0 -> 10001
size cluster i: 1 -> 20002
size cluster i: 2 -> 10000
size cluster i: 3 -> 10000
size cluster i: 4 -> 10001
size cluster i: 5 -> 10000
size cluster i: 6 -> 10000
size cluster i: 7 -> 9787
size cluster i: 8 -> 10002
size cluster i: 9 -> 10000
size cluster i: 10 -> 10000
size cluster i: 11 -> 10005
size cluster i: 12 -> 10002
size cluster i: 13 -> 10000
size cluster i: 14 -> 9995
size cluster i: 15 -> 10001
size cluster i: 16 -> 20004
size cluster i: 17 -> 10003
size cluster i: 18 -> 10000
size cluster i: 19 -> 10000
size cluster i: 20 -> 10001
size cluster i: 21 -> 10003
size cluster i: 22 -> 10003
size cluster i: 23 -> 20006
size cluster i: 24 -> 10006
size cluster i: 25 -> 10001
size cluster i: 26 -> 10001
size cluster i: 27 -> 10000
size cluster i: 28 -> 10001
size cluster i: 29 -> 20006
size cluster i: 30 -> 10004
size cluster i: 31 -> 10003
size cluster i: 32 -> 10000
size cluster i: 33 -> 10001
size cluster i: 34 -> 10002
size cluster i: 35 -> 10002
size cluster i: 36 -> 10001
size cluster i: 37 -> 10005
size cluster i: 38 -> 10001
size cluster i: 39 -> 10003
size cluster i: 40 -> 10002
size cluster i: 41 -> 10001
size cluster i: 42 -> 4651
size cluster i: 43 -> 10001
size cluster i: 44 -> 20004
size cluster i: 45 -> 9999
size cluster i: 46 -> 10000
size cluster i: 47 -> 10002
size cluster i: 48 -> 10001
size cluster i: 49 -> 10000
size cluster i: 50 -> 10002
size cluster i: 51 -> 10001
size cluster i: 52 -> 10004
size cluster i: 53 -> 10001
size cluster i: 54 -> 10000
size cluster i: 55 -> 20008
size cluster i: 56 -> 10000
size cluster i: 57 -> 10001
size cluster i: 58 -> 10005
size cluster i: 59 -> 10003
size cluster i: 60 -> 10000
size cluster i: 61 -> 10002
size cluster i: 62 -> 10001
size cluster i: 63 -> 10001
size cluster i: 64 -> 20010
size cluster i: 65 -> 10004
size cluster i: 66 -> 10003
size cluster i: 67 -> 10002
size cluster i: 68 -> 10002
size cluster i: 69 -> 10001
size cluster i: 70 -> 10000
size cluster i: 71 -> 10005
size cluster i: 72 -> 5148
size cluster i: 73 -> 10001
size cluster i: 74 -> 10001
size cluster i: 75 -> 10000
size cluster i: 76 -> 10000
size cluster i: 77 -> 8391
size cluster i: 78 -> 10003
size cluster i: 79 -> 10000
size cluster i: 80 -> 10000
size cluster i: 81 -> 5277
size cluster i: 82 -> 10003
size cluster i: 83 -> 10000
size cluster i: 84 -> 10001
size cluster i: 85 -> 10001
size cluster i: 86 -> 10000
size cluster i: 87 -> 10000
size cluster i: 88 -> 10002
size cluster i: 89 -> 8984
size cluster i: 90 -> 7282
size cluster i: 91 -> 10000
size cluster i: 92 -> 1213
size cluster i: 93 -> 2
size cluster i: 94 -> 2
size cluster i: 95 -> 2
size cluster i: 96 -> 3
size cluster i: 97 -> 2
datapoints in clusters: 970888
score: 93.2814
total_duration_without_disk: 555.436
total_duration: 555.518

all done!
