binary_header_filename: /lustre/cray/ws8/ws/ipvpfand-SGppClustering/datasets_WPDM18/gaussian_c100_size1000000_dim10_noise
level: 7
lambda: 1e-07
OpenCL configuration file: OCL_configs/config_ocl_float_hazelhen.cfg
k: 6
threshold: 1500
using naive ocl knn
reading dataset...
info: binary dataset
Now reading header file:/lustre/cray/ws8/ws/ipvpfand-SGppClustering/datasets_WPDM18/gaussian_c100_size1000000_dim10_noise
Now reading binary data: /lustre/cray/ws8/ws/ipvpfand-SGppClustering/datasets_WPDM18/gaussian_c100_size1000000_dim10_noise_binary_data.bin
Dataset load duration: 0.23377
dimension: 10
data points: 1020000
printing first two datapoints:
0.761177, 0.218928, 0.356789, 0.334628, 0.526923, 0.592047, 0.216967, 0.559013, 0.58146, 0.719555
0.854362, 0.810024, 0.555204, 0.64013, 0.263688, 0.276989, 0.211694, 0.681618, 0.832303, 0.202619
initial grid created, grid points: 397825
Using configuration file OCL_configs/config_ocl_float_hazelhen.cfg
KHR ICD trace at /zhome/academic/HLRS/ipv/ipvpfand/git/OpenCL-ICD-Loader/icd.c:68: attempting to add vendor /zhome/academic/HLRS/ipv/ipvpfand/intel_opencl/intel/opencl-1.2-6.4.0.37/lib64/libintelocl.so...
KHR ICD trace at /zhome/academic/HLRS/ipv/ipvpfand/git/OpenCL-ICD-Loader/icd.c:194: successfully added vendor /zhome/academic/HLRS/ipv/ipvpfand/intel_opencl/intel/opencl-1.2-6.4.0.37/lib64/libintelocl.so with suffix INTEL
OCL Info: 1 OpenCL platforms have been found
OCL Info: detected platform, name: "Intel(R) OpenCL"
OCL Info: detected platform vendor name: "Intel(R) Corporation"
OCL Info: using platform, name: "Intel(R) OpenCL"
OCL Info: detected device, name: "Intel(R) Xeon(R) CPU E5-2680 v3 @ 2.50GHz"
OCL Info: using device, name: "Intel(R) Xeon(R) CPU E5-2680 v3 @ 2.50GHz"
device name: Intel(R) Xeon(R) CPU E5-2680 v3 @ 2.50GHz
query_size: 4
max_compute_units: 48
Calculating right-hand side
starting rhs kernel methode! datasize: 397825
building with optimization flags: -cl-denorms-are-zero -cl-fast-relaxed-math
--- Begin Build Log ---
Compilation started
Compilation done
Linking started
Linking done
Device build started
Device build done
Kernel <cscheme> was successfully vectorized (8)
Done.
--- End Build Log ---
duration generate b ocl: 22.1696
last_duration_generate_b: 22.1696s
ops_generate_b: 24752.7
flops_generate_b: 1116.51 GFLOPS
Solving density SLE
Starting Conjugated Gradients
All temp variables used in CG have been initialized
starting multiplication with 397825 entries
entering mult, device: Intel(R) Xeon(R) CPU E5-2680 v3 @ 2.50GHz (0x10017122248)
generating kernel source
building kernel
building with optimization flags: -cl-denorms-are-zero -cl-fast-relaxed-math
--- Begin Build Log ---
Compilation started
Compilation done
Linking started
Linking done
Device build started
Device build done
Kernel <multdensity> was successfully vectorized (8)
Done.
--- End Build Log ---
Starting the kernel with 397952items
Finished kernel execution
device: Intel(R) Xeon(R) CPU E5-2680 v3 @ 2.50GHz (0x10017122248) duration: 23.6778
duration mult ocl: 32.2212
Starting norm of residuum: 0.0440302
Target norm:               4.40302e-08
starting multiplication with 397825 entries
entering mult, device: Intel(R) Xeon(R) CPU E5-2680 v3 @ 2.50GHz (0x10017122248)
Starting the kernel with 397952items
Finished kernel execution
device: Intel(R) Xeon(R) CPU E5-2680 v3 @ 2.50GHz (0x10017122248) duration: 23.7793
duration mult ocl: 23.7821
delta: 0.0228199
starting multiplication with 397825 entries
entering mult, device: Intel(R) Xeon(R) CPU E5-2680 v3 @ 2.50GHz (0x10017122248)
Starting the kernel with 397952items
Finished kernel execution
device: Intel(R) Xeon(R) CPU E5-2680 v3 @ 2.50GHz (0x10017122248) duration: 23.8306
duration mult ocl: 23.8334
delta: 0.0544764
starting multiplication with 397825 entries
entering mult, device: Intel(R) Xeon(R) CPU E5-2680 v3 @ 2.50GHz (0x10017122248)
Starting the kernel with 397952items
Finished kernel execution
device: Intel(R) Xeon(R) CPU E5-2680 v3 @ 2.50GHz (0x10017122248) duration: 23.8129
duration mult ocl: 23.8157
delta: 0.0444728
starting multiplication with 397825 entries
entering mult, device: Intel(R) Xeon(R) CPU E5-2680 v3 @ 2.50GHz (0x10017122248)
Starting the kernel with 397952items
Finished kernel execution
device: Intel(R) Xeon(R) CPU E5-2680 v3 @ 2.50GHz (0x10017122248) duration: 23.8223
duration mult ocl: 23.8253
delta: 0.0319131
starting multiplication with 397825 entries
entering mult, device: Intel(R) Xeon(R) CPU E5-2680 v3 @ 2.50GHz (0x10017122248)
Starting the kernel with 397952items
Finished kernel execution
device: Intel(R) Xeon(R) CPU E5-2680 v3 @ 2.50GHz (0x10017122248) duration: 24.0234
duration mult ocl: 24.0263
delta: 0.037821
starting multiplication with 397825 entries
entering mult, device: Intel(R) Xeon(R) CPU E5-2680 v3 @ 2.50GHz (0x10017122248)
Starting the kernel with 397952items
Finished kernel execution
device: Intel(R) Xeon(R) CPU E5-2680 v3 @ 2.50GHz (0x10017122248) duration: 23.8409
duration mult ocl: 23.8437
delta: 0.060561
starting multiplication with 397825 entries
entering mult, device: Intel(R) Xeon(R) CPU E5-2680 v3 @ 2.50GHz (0x10017122248)
Starting the kernel with 397952items
Finished kernel execution
device: Intel(R) Xeon(R) CPU E5-2680 v3 @ 2.50GHz (0x10017122248) duration: 23.9832
duration mult ocl: 23.9859
delta: 0.0361677
starting multiplication with 397825 entries
entering mult, device: Intel(R) Xeon(R) CPU E5-2680 v3 @ 2.50GHz (0x10017122248)
Starting the kernel with 397952items
Finished kernel execution
device: Intel(R) Xeon(R) CPU E5-2680 v3 @ 2.50GHz (0x10017122248) duration: 23.8435
duration mult ocl: 23.8463
delta: 0.0269189
starting multiplication with 397825 entries
entering mult, device: Intel(R) Xeon(R) CPU E5-2680 v3 @ 2.50GHz (0x10017122248)
Starting the kernel with 397952items
Finished kernel execution
device: Intel(R) Xeon(R) CPU E5-2680 v3 @ 2.50GHz (0x10017122248) duration: 23.8555
duration mult ocl: 23.8732
delta: 0.0394676
starting multiplication with 397825 entries
entering mult, device: Intel(R) Xeon(R) CPU E5-2680 v3 @ 2.50GHz (0x10017122248)
Starting the kernel with 397952items
Finished kernel execution
device: Intel(R) Xeon(R) CPU E5-2680 v3 @ 2.50GHz (0x10017122248) duration: 23.8273
duration mult ocl: 23.8301
delta: 0.0164612
starting multiplication with 397825 entries
entering mult, device: Intel(R) Xeon(R) CPU E5-2680 v3 @ 2.50GHz (0x10017122248)
Starting the kernel with 397952items
Finished kernel execution
device: Intel(R) Xeon(R) CPU E5-2680 v3 @ 2.50GHz (0x10017122248) duration: 23.8777
duration mult ocl: 23.8805
delta: 0.0791791
starting multiplication with 397825 entries
entering mult, device: Intel(R) Xeon(R) CPU E5-2680 v3 @ 2.50GHz (0x10017122248)
Starting the kernel with 397952items
Finished kernel execution
device: Intel(R) Xeon(R) CPU E5-2680 v3 @ 2.50GHz (0x10017122248) duration: 23.7657
duration mult ocl: 23.7686
delta: 0.0586064
starting multiplication with 397825 entries
entering mult, device: Intel(R) Xeon(R) CPU E5-2680 v3 @ 2.50GHz (0x10017122248)
Starting the kernel with 397952items
Finished kernel execution
device: Intel(R) Xeon(R) CPU E5-2680 v3 @ 2.50GHz (0x10017122248) duration: 23.8675
duration mult ocl: 23.8704
delta: 0.0217751
starting multiplication with 397825 entries
entering mult, device: Intel(R) Xeon(R) CPU E5-2680 v3 @ 2.50GHz (0x10017122248)
Starting the kernel with 397952items
Finished kernel execution
device: Intel(R) Xeon(R) CPU E5-2680 v3 @ 2.50GHz (0x10017122248) duration: 23.8903
duration mult ocl: 23.893
delta: 0.00958548
starting multiplication with 397825 entries
entering mult, device: Intel(R) Xeon(R) CPU E5-2680 v3 @ 2.50GHz (0x10017122248)
Starting the kernel with 397952items
Finished kernel execution
device: Intel(R) Xeon(R) CPU E5-2680 v3 @ 2.50GHz (0x10017122248) duration: 23.8155
duration mult ocl: 23.8187
delta: 0.0140623
starting multiplication with 397825 entries
entering mult, device: Intel(R) Xeon(R) CPU E5-2680 v3 @ 2.50GHz (0x10017122248)
Starting the kernel with 397952items
Finished kernel execution
device: Intel(R) Xeon(R) CPU E5-2680 v3 @ 2.50GHz (0x10017122248) duration: 23.9934
duration mult ocl: 23.9963
delta: 0.0473457
starting multiplication with 397825 entries
entering mult, device: Intel(R) Xeon(R) CPU E5-2680 v3 @ 2.50GHz (0x10017122248)
Starting the kernel with 397952items
Finished kernel execution
device: Intel(R) Xeon(R) CPU E5-2680 v3 @ 2.50GHz (0x10017122248) duration: 23.8645
duration mult ocl: 23.8673
delta: 0.0140218
starting multiplication with 397825 entries
entering mult, device: Intel(R) Xeon(R) CPU E5-2680 v3 @ 2.50GHz (0x10017122248)
Starting the kernel with 397952items
Finished kernel execution
device: Intel(R) Xeon(R) CPU E5-2680 v3 @ 2.50GHz (0x10017122248) duration: 24.0183
duration mult ocl: 24.0214
delta: 0.0131307
starting multiplication with 397825 entries
entering mult, device: Intel(R) Xeon(R) CPU E5-2680 v3 @ 2.50GHz (0x10017122248)
Starting the kernel with 397952items
Finished kernel execution
device: Intel(R) Xeon(R) CPU E5-2680 v3 @ 2.50GHz (0x10017122248) duration: 23.9997
duration mult ocl: 24.0024
delta: 0.0298722
starting multiplication with 397825 entries
entering mult, device: Intel(R) Xeon(R) CPU E5-2680 v3 @ 2.50GHz (0x10017122248)
Starting the kernel with 397952items
Finished kernel execution
device: Intel(R) Xeon(R) CPU E5-2680 v3 @ 2.50GHz (0x10017122248) duration: 23.9826
duration mult ocl: 23.9855
delta: 0.0217568
starting multiplication with 397825 entries
entering mult, device: Intel(R) Xeon(R) CPU E5-2680 v3 @ 2.50GHz (0x10017122248)
Starting the kernel with 397952items
Finished kernel execution
device: Intel(R) Xeon(R) CPU E5-2680 v3 @ 2.50GHz (0x10017122248) duration: 23.8139
duration mult ocl: 23.8172
delta: 0.0060956
starting multiplication with 397825 entries
entering mult, device: Intel(R) Xeon(R) CPU E5-2680 v3 @ 2.50GHz (0x10017122248)
Starting the kernel with 397952items
Finished kernel execution
device: Intel(R) Xeon(R) CPU E5-2680 v3 @ 2.50GHz (0x10017122248) duration: 24.034
duration mult ocl: 24.0368
delta: 0.106062
starting multiplication with 397825 entries
entering mult, device: Intel(R) Xeon(R) CPU E5-2680 v3 @ 2.50GHz (0x10017122248)
Starting the kernel with 397952items
Finished kernel execution
device: Intel(R) Xeon(R) CPU E5-2680 v3 @ 2.50GHz (0x10017122248) duration: 23.8667
duration mult ocl: 23.8694
delta: 0.0102686
starting multiplication with 397825 entries
entering mult, device: Intel(R) Xeon(R) CPU E5-2680 v3 @ 2.50GHz (0x10017122248)
Starting the kernel with 397952items
Finished kernel execution
device: Intel(R) Xeon(R) CPU E5-2680 v3 @ 2.50GHz (0x10017122248) duration: 23.8532
duration mult ocl: 23.856
delta: 0.0218643
starting multiplication with 397825 entries
entering mult, device: Intel(R) Xeon(R) CPU E5-2680 v3 @ 2.50GHz (0x10017122248)
Starting the kernel with 397952items
Finished kernel execution
device: Intel(R) Xeon(R) CPU E5-2680 v3 @ 2.50GHz (0x10017122248) duration: 23.8245
duration mult ocl: 23.8272
delta: 0.00517192
starting multiplication with 397825 entries
entering mult, device: Intel(R) Xeon(R) CPU E5-2680 v3 @ 2.50GHz (0x10017122248)
Starting the kernel with 397952items
Finished kernel execution
device: Intel(R) Xeon(R) CPU E5-2680 v3 @ 2.50GHz (0x10017122248) duration: 23.8509
duration mult ocl: 23.8543
delta: 0.0101306
starting multiplication with 397825 entries
entering mult, device: Intel(R) Xeon(R) CPU E5-2680 v3 @ 2.50GHz (0x10017122248)
Starting the kernel with 397952items
Finished kernel execution
device: Intel(R) Xeon(R) CPU E5-2680 v3 @ 2.50GHz (0x10017122248) duration: 23.8722
duration mult ocl: 23.875
delta: 0.0604075
starting multiplication with 397825 entries
entering mult, device: Intel(R) Xeon(R) CPU E5-2680 v3 @ 2.50GHz (0x10017122248)
Starting the kernel with 397952items
Finished kernel execution
device: Intel(R) Xeon(R) CPU E5-2680 v3 @ 2.50GHz (0x10017122248) duration: 23.8507
duration mult ocl: 23.8535
delta: 0.00510983
starting multiplication with 397825 entries
entering mult, device: Intel(R) Xeon(R) CPU E5-2680 v3 @ 2.50GHz (0x10017122248)
Starting the kernel with 397952items
Finished kernel execution
device: Intel(R) Xeon(R) CPU E5-2680 v3 @ 2.50GHz (0x10017122248) duration: 23.7996
duration mult ocl: 23.8024
delta: 0.00926427
starting multiplication with 397825 entries
entering mult, device: Intel(R) Xeon(R) CPU E5-2680 v3 @ 2.50GHz (0x10017122248)
Starting the kernel with 397952items
Finished kernel execution
device: Intel(R) Xeon(R) CPU E5-2680 v3 @ 2.50GHz (0x10017122248) duration: 23.8073
duration mult ocl: 23.8102
delta: 0.00325465
starting multiplication with 397825 entries
entering mult, device: Intel(R) Xeon(R) CPU E5-2680 v3 @ 2.50GHz (0x10017122248)
Starting the kernel with 397952items
Finished kernel execution
device: Intel(R) Xeon(R) CPU E5-2680 v3 @ 2.50GHz (0x10017122248) duration: 23.8704
duration mult ocl: 23.8734
delta: 0.00210241
starting multiplication with 397825 entries
entering mult, device: Intel(R) Xeon(R) CPU E5-2680 v3 @ 2.50GHz (0x10017122248)
Starting the kernel with 397952items
Finished kernel execution
device: Intel(R) Xeon(R) CPU E5-2680 v3 @ 2.50GHz (0x10017122248) duration: 23.8747
duration mult ocl: 23.8777
delta: 0.060468
starting multiplication with 397825 entries
entering mult, device: Intel(R) Xeon(R) CPU E5-2680 v3 @ 2.50GHz (0x10017122248)
Starting the kernel with 397952items
Finished kernel execution
device: Intel(R) Xeon(R) CPU E5-2680 v3 @ 2.50GHz (0x10017122248) duration: 24.1707
duration mult ocl: 24.1738
delta: 0.00226421
starting multiplication with 397825 entries
entering mult, device: Intel(R) Xeon(R) CPU E5-2680 v3 @ 2.50GHz (0x10017122248)
Starting the kernel with 397952items
Finished kernel execution
device: Intel(R) Xeon(R) CPU E5-2680 v3 @ 2.50GHz (0x10017122248) duration: 23.8168
duration mult ocl: 23.8196
delta: 0.0046667
starting multiplication with 397825 entries
entering mult, device: Intel(R) Xeon(R) CPU E5-2680 v3 @ 2.50GHz (0x10017122248)
Starting the kernel with 397952items
Finished kernel execution
device: Intel(R) Xeon(R) CPU E5-2680 v3 @ 2.50GHz (0x10017122248) duration: 23.8287
duration mult ocl: 23.8316
delta: 0.0123536
starting multiplication with 397825 entries
entering mult, device: Intel(R) Xeon(R) CPU E5-2680 v3 @ 2.50GHz (0x10017122248)
Starting the kernel with 397952items
Finished kernel execution
device: Intel(R) Xeon(R) CPU E5-2680 v3 @ 2.50GHz (0x10017122248) duration: 23.9109
duration mult ocl: 23.9139
delta: 0.00195227
starting multiplication with 397825 entries
entering mult, device: Intel(R) Xeon(R) CPU E5-2680 v3 @ 2.50GHz (0x10017122248)
Starting the kernel with 397952items
Finished kernel execution
device: Intel(R) Xeon(R) CPU E5-2680 v3 @ 2.50GHz (0x10017122248) duration: 23.8194
duration mult ocl: 23.8226
delta: 0.017426
starting multiplication with 397825 entries
entering mult, device: Intel(R) Xeon(R) CPU E5-2680 v3 @ 2.50GHz (0x10017122248)
Starting the kernel with 397952items
Finished kernel execution
device: Intel(R) Xeon(R) CPU E5-2680 v3 @ 2.50GHz (0x10017122248) duration: 23.8083
duration mult ocl: 23.8114
delta: 0.00262618
starting multiplication with 397825 entries
entering mult, device: Intel(R) Xeon(R) CPU E5-2680 v3 @ 2.50GHz (0x10017122248)
Starting the kernel with 397952items
Finished kernel execution
device: Intel(R) Xeon(R) CPU E5-2680 v3 @ 2.50GHz (0x10017122248) duration: 23.8741
duration mult ocl: 23.8771
delta: 0.00196172
starting multiplication with 397825 entries
entering mult, device: Intel(R) Xeon(R) CPU E5-2680 v3 @ 2.50GHz (0x10017122248)
Starting the kernel with 397952items
Finished kernel execution
device: Intel(R) Xeon(R) CPU E5-2680 v3 @ 2.50GHz (0x10017122248) duration: 23.8543
duration mult ocl: 23.857
delta: 0.0011118
starting multiplication with 397825 entries
entering mult, device: Intel(R) Xeon(R) CPU E5-2680 v3 @ 2.50GHz (0x10017122248)
Starting the kernel with 397952items
Finished kernel execution
device: Intel(R) Xeon(R) CPU E5-2680 v3 @ 2.50GHz (0x10017122248) duration: 23.8627
duration mult ocl: 23.8655
delta: 0.00116808
starting multiplication with 397825 entries
entering mult, device: Intel(R) Xeon(R) CPU E5-2680 v3 @ 2.50GHz (0x10017122248)
Starting the kernel with 397952items
Finished kernel execution
device: Intel(R) Xeon(R) CPU E5-2680 v3 @ 2.50GHz (0x10017122248) duration: 23.8477
duration mult ocl: 23.8508
delta: 0.00477718
starting multiplication with 397825 entries
entering mult, device: Intel(R) Xeon(R) CPU E5-2680 v3 @ 2.50GHz (0x10017122248)
Starting the kernel with 397952items
Finished kernel execution
device: Intel(R) Xeon(R) CPU E5-2680 v3 @ 2.50GHz (0x10017122248) duration: 23.7472
duration mult ocl: 23.7501
delta: 0.00177267
starting multiplication with 397825 entries
entering mult, device: Intel(R) Xeon(R) CPU E5-2680 v3 @ 2.50GHz (0x10017122248)
Starting the kernel with 397952items
Finished kernel execution
device: Intel(R) Xeon(R) CPU E5-2680 v3 @ 2.50GHz (0x10017122248) duration: 23.8142
duration mult ocl: 23.8173
delta: 0.0071137
starting multiplication with 397825 entries
entering mult, device: Intel(R) Xeon(R) CPU E5-2680 v3 @ 2.50GHz (0x10017122248)
Starting the kernel with 397952items
Finished kernel execution
device: Intel(R) Xeon(R) CPU E5-2680 v3 @ 2.50GHz (0x10017122248) duration: 23.8387
duration mult ocl: 23.8418
delta: 0.000500335
starting multiplication with 397825 entries
entering mult, device: Intel(R) Xeon(R) CPU E5-2680 v3 @ 2.50GHz (0x10017122248)
Starting the kernel with 397952items
Finished kernel execution
device: Intel(R) Xeon(R) CPU E5-2680 v3 @ 2.50GHz (0x10017122248) duration: 23.9766
duration mult ocl: 23.9798
delta: 0.00118574
starting multiplication with 397825 entries
entering mult, device: Intel(R) Xeon(R) CPU E5-2680 v3 @ 2.50GHz (0x10017122248)
Starting the kernel with 397952items
Finished kernel execution
device: Intel(R) Xeon(R) CPU E5-2680 v3 @ 2.50GHz (0x10017122248) duration: 23.8888
duration mult ocl: 23.892
delta: 0.00213166
starting multiplication with 397825 entries
entering mult, device: Intel(R) Xeon(R) CPU E5-2680 v3 @ 2.50GHz (0x10017122248)
Starting the kernel with 397952items
Finished kernel execution
device: Intel(R) Xeon(R) CPU E5-2680 v3 @ 2.50GHz (0x10017122248) duration: 24.1996
duration mult ocl: 24.2025
delta: 0.000792379
starting multiplication with 397825 entries
entering mult, device: Intel(R) Xeon(R) CPU E5-2680 v3 @ 2.50GHz (0x10017122248)
Starting the kernel with 397952items
Finished kernel execution
device: Intel(R) Xeon(R) CPU E5-2680 v3 @ 2.50GHz (0x10017122248) duration: 23.8505
duration mult ocl: 23.8533
delta: 0.00192308
starting multiplication with 397825 entries
entering mult, device: Intel(R) Xeon(R) CPU E5-2680 v3 @ 2.50GHz (0x10017122248)
Starting the kernel with 397952items
Finished kernel execution
device: Intel(R) Xeon(R) CPU E5-2680 v3 @ 2.50GHz (0x10017122248) duration: 23.8532
duration mult ocl: 23.856
delta: 0.000607433
starting multiplication with 397825 entries
entering mult, device: Intel(R) Xeon(R) CPU E5-2680 v3 @ 2.50GHz (0x10017122248)
Starting the kernel with 397952items
Finished kernel execution
device: Intel(R) Xeon(R) CPU E5-2680 v3 @ 2.50GHz (0x10017122248) duration: 23.8003
duration mult ocl: 23.8031
starting multiplication with 397825 entries
entering mult, device: Intel(R) Xeon(R) CPU E5-2680 v3 @ 2.50GHz (0x10017122248)
Starting the kernel with 397952items
Finished kernel execution
device: Intel(R) Xeon(R) CPU E5-2680 v3 @ 2.50GHz (0x10017122248) duration: 23.8515
duration mult ocl: 23.8544
delta: 0.00114729
starting multiplication with 397825 entries
entering mult, device: Intel(R) Xeon(R) CPU E5-2680 v3 @ 2.50GHz (0x10017122248)
Starting the kernel with 397952items
Finished kernel execution
device: Intel(R) Xeon(R) CPU E5-2680 v3 @ 2.50GHz (0x10017122248) duration: 23.8484
duration mult ocl: 23.8512
delta: 0.000560484
starting multiplication with 397825 entries
entering mult, device: Intel(R) Xeon(R) CPU E5-2680 v3 @ 2.50GHz (0x10017122248)
Starting the kernel with 397952items
Finished kernel execution
device: Intel(R) Xeon(R) CPU E5-2680 v3 @ 2.50GHz (0x10017122248) duration: 23.87
duration mult ocl: 23.8733
delta: 0.0093812
starting multiplication with 397825 entries
entering mult, device: Intel(R) Xeon(R) CPU E5-2680 v3 @ 2.50GHz (0x10017122248)
Starting the kernel with 397952items
Finished kernel execution
device: Intel(R) Xeon(R) CPU E5-2680 v3 @ 2.50GHz (0x10017122248) duration: 23.9255
duration mult ocl: 23.9285
delta: 0.000414912
starting multiplication with 397825 entries
entering mult, device: Intel(R) Xeon(R) CPU E5-2680 v3 @ 2.50GHz (0x10017122248)
Starting the kernel with 397952items
Finished kernel execution
device: Intel(R) Xeon(R) CPU E5-2680 v3 @ 2.50GHz (0x10017122248) duration: 23.8329
duration mult ocl: 23.8357
delta: 0.000894076
starting multiplication with 397825 entries
entering mult, device: Intel(R) Xeon(R) CPU E5-2680 v3 @ 2.50GHz (0x10017122248)
Starting the kernel with 397952items
Finished kernel execution
device: Intel(R) Xeon(R) CPU E5-2680 v3 @ 2.50GHz (0x10017122248) duration: 23.8634
duration mult ocl: 23.8662
delta: 0.0001451
starting multiplication with 397825 entries
entering mult, device: Intel(R) Xeon(R) CPU E5-2680 v3 @ 2.50GHz (0x10017122248)
Starting the kernel with 397952items
Finished kernel execution
device: Intel(R) Xeon(R) CPU E5-2680 v3 @ 2.50GHz (0x10017122248) duration: 23.8611
duration mult ocl: 23.8639
delta: 0.00105366
starting multiplication with 397825 entries
entering mult, device: Intel(R) Xeon(R) CPU E5-2680 v3 @ 2.50GHz (0x10017122248)
Starting the kernel with 397952items
Finished kernel execution
device: Intel(R) Xeon(R) CPU E5-2680 v3 @ 2.50GHz (0x10017122248) duration: 23.8066
duration mult ocl: 23.8096
delta: 0.000372371
starting multiplication with 397825 entries
entering mult, device: Intel(R) Xeon(R) CPU E5-2680 v3 @ 2.50GHz (0x10017122248)
Starting the kernel with 397952items
Finished kernel execution
device: Intel(R) Xeon(R) CPU E5-2680 v3 @ 2.50GHz (0x10017122248) duration: 23.8567
duration mult ocl: 23.8595
delta: 0.000490297
starting multiplication with 397825 entries
entering mult, device: Intel(R) Xeon(R) CPU E5-2680 v3 @ 2.50GHz (0x10017122248)
Starting the kernel with 397952items
Finished kernel execution
device: Intel(R) Xeon(R) CPU E5-2680 v3 @ 2.50GHz (0x10017122248) duration: 23.867
duration mult ocl: 23.8697
delta: 0.000407755
starting multiplication with 397825 entries
entering mult, device: Intel(R) Xeon(R) CPU E5-2680 v3 @ 2.50GHz (0x10017122248)
Starting the kernel with 397952items
Finished kernel execution
device: Intel(R) Xeon(R) CPU E5-2680 v3 @ 2.50GHz (0x10017122248) duration: 24.0074
duration mult ocl: 24.0101
delta: 0.00017765
starting multiplication with 397825 entries
entering mult, device: Intel(R) Xeon(R) CPU E5-2680 v3 @ 2.50GHz (0x10017122248)
Starting the kernel with 397952items
Finished kernel execution
device: Intel(R) Xeon(R) CPU E5-2680 v3 @ 2.50GHz (0x10017122248) duration: 23.8569
duration mult ocl: 23.8596
delta: 0.000611416
starting multiplication with 397825 entries
entering mult, device: Intel(R) Xeon(R) CPU E5-2680 v3 @ 2.50GHz (0x10017122248)
Starting the kernel with 397952items
Finished kernel execution
device: Intel(R) Xeon(R) CPU E5-2680 v3 @ 2.50GHz (0x10017122248) duration: 23.8219
duration mult ocl: 23.8246
delta: 0.000382796
starting multiplication with 397825 entries
entering mult, device: Intel(R) Xeon(R) CPU E5-2680 v3 @ 2.50GHz (0x10017122248)
Starting the kernel with 397952items
Finished kernel execution
device: Intel(R) Xeon(R) CPU E5-2680 v3 @ 2.50GHz (0x10017122248) duration: 23.8659
duration mult ocl: 23.8687
delta: 0.000150961
starting multiplication with 397825 entries
entering mult, device: Intel(R) Xeon(R) CPU E5-2680 v3 @ 2.50GHz (0x10017122248)
Starting the kernel with 397952items
Finished kernel execution
device: Intel(R) Xeon(R) CPU E5-2680 v3 @ 2.50GHz (0x10017122248) duration: 23.8622
duration mult ocl: 23.8651
delta: 0.000350071
starting multiplication with 397825 entries
entering mult, device: Intel(R) Xeon(R) CPU E5-2680 v3 @ 2.50GHz (0x10017122248)
Starting the kernel with 397952items
Finished kernel execution
device: Intel(R) Xeon(R) CPU E5-2680 v3 @ 2.50GHz (0x10017122248) duration: 23.7781
duration mult ocl: 23.7812
delta: 0.00020198
starting multiplication with 397825 entries
entering mult, device: Intel(R) Xeon(R) CPU E5-2680 v3 @ 2.50GHz (0x10017122248)
Starting the kernel with 397952items
Finished kernel execution
device: Intel(R) Xeon(R) CPU E5-2680 v3 @ 2.50GHz (0x10017122248) duration: 23.8468
duration mult ocl: 23.8499
delta: 8.76956e-05
starting multiplication with 397825 entries
entering mult, device: Intel(R) Xeon(R) CPU E5-2680 v3 @ 2.50GHz (0x10017122248)
Starting the kernel with 397952items
Finished kernel execution
device: Intel(R) Xeon(R) CPU E5-2680 v3 @ 2.50GHz (0x10017122248) duration: 24.0324
duration mult ocl: 24.0356
delta: 0.000494181
starting multiplication with 397825 entries
entering mult, device: Intel(R) Xeon(R) CPU E5-2680 v3 @ 2.50GHz (0x10017122248)
Starting the kernel with 397952items
Finished kernel execution
device: Intel(R) Xeon(R) CPU E5-2680 v3 @ 2.50GHz (0x10017122248) duration: 23.8424
duration mult ocl: 23.8451
delta: 7.26245e-05
starting multiplication with 397825 entries
entering mult, device: Intel(R) Xeon(R) CPU E5-2680 v3 @ 2.50GHz (0x10017122248)
Starting the kernel with 397952items
Finished kernel execution
device: Intel(R) Xeon(R) CPU E5-2680 v3 @ 2.50GHz (0x10017122248) duration: 23.9198
duration mult ocl: 23.9225
delta: 0.000381469
starting multiplication with 397825 entries
entering mult, device: Intel(R) Xeon(R) CPU E5-2680 v3 @ 2.50GHz (0x10017122248)
Starting the kernel with 397952items
Finished kernel execution
device: Intel(R) Xeon(R) CPU E5-2680 v3 @ 2.50GHz (0x10017122248) duration: 24.0102
duration mult ocl: 24.0131
delta: 4.58478e-05
starting multiplication with 397825 entries
entering mult, device: Intel(R) Xeon(R) CPU E5-2680 v3 @ 2.50GHz (0x10017122248)
Starting the kernel with 397952items
Finished kernel execution
device: Intel(R) Xeon(R) CPU E5-2680 v3 @ 2.50GHz (0x10017122248) duration: 23.8456
duration mult ocl: 23.8486
delta: 0.000319316
starting multiplication with 397825 entries
entering mult, device: Intel(R) Xeon(R) CPU E5-2680 v3 @ 2.50GHz (0x10017122248)
Starting the kernel with 397952items
Finished kernel execution
device: Intel(R) Xeon(R) CPU E5-2680 v3 @ 2.50GHz (0x10017122248) duration: 23.8683
duration mult ocl: 23.8711
delta: 0.000455971
starting multiplication with 397825 entries
entering mult, device: Intel(R) Xeon(R) CPU E5-2680 v3 @ 2.50GHz (0x10017122248)
Starting the kernel with 397952items
Finished kernel execution
device: Intel(R) Xeon(R) CPU E5-2680 v3 @ 2.50GHz (0x10017122248) duration: 23.8733
duration mult ocl: 23.8761
delta: 7.7066e-05
starting multiplication with 397825 entries
entering mult, device: Intel(R) Xeon(R) CPU E5-2680 v3 @ 2.50GHz (0x10017122248)
Starting the kernel with 397952items
Finished kernel execution
device: Intel(R) Xeon(R) CPU E5-2680 v3 @ 2.50GHz (0x10017122248) duration: 24.0312
duration mult ocl: 24.0339
delta: 8.64659e-05
starting multiplication with 397825 entries
entering mult, device: Intel(R) Xeon(R) CPU E5-2680 v3 @ 2.50GHz (0x10017122248)
Starting the kernel with 397952items
Finished kernel execution
device: Intel(R) Xeon(R) CPU E5-2680 v3 @ 2.50GHz (0x10017122248) duration: 24.016
duration mult ocl: 24.0187
delta: 4.92461e-05
starting multiplication with 397825 entries
entering mult, device: Intel(R) Xeon(R) CPU E5-2680 v3 @ 2.50GHz (0x10017122248)
Starting the kernel with 397952items
Finished kernel execution
device: Intel(R) Xeon(R) CPU E5-2680 v3 @ 2.50GHz (0x10017122248) duration: 23.806
duration mult ocl: 23.809
delta: 9.40773e-05
starting multiplication with 397825 entries
entering mult, device: Intel(R) Xeon(R) CPU E5-2680 v3 @ 2.50GHz (0x10017122248)
Starting the kernel with 397952items
Finished kernel execution
device: Intel(R) Xeon(R) CPU E5-2680 v3 @ 2.50GHz (0x10017122248) duration: 24.0569
duration mult ocl: 24.0597
delta: 0.000347634
starting multiplication with 397825 entries
entering mult, device: Intel(R) Xeon(R) CPU E5-2680 v3 @ 2.50GHz (0x10017122248)
Starting the kernel with 397952items
Finished kernel execution
device: Intel(R) Xeon(R) CPU E5-2680 v3 @ 2.50GHz (0x10017122248) duration: 24.0031
duration mult ocl: 24.0057
delta: 6.7566e-05
starting multiplication with 397825 entries
entering mult, device: Intel(R) Xeon(R) CPU E5-2680 v3 @ 2.50GHz (0x10017122248)
Starting the kernel with 397952items
Finished kernel execution
device: Intel(R) Xeon(R) CPU E5-2680 v3 @ 2.50GHz (0x10017122248) duration: 23.8822
duration mult ocl: 23.8851
delta: 7.48435e-05
starting multiplication with 397825 entries
entering mult, device: Intel(R) Xeon(R) CPU E5-2680 v3 @ 2.50GHz (0x10017122248)
Starting the kernel with 397952items
Finished kernel execution
device: Intel(R) Xeon(R) CPU E5-2680 v3 @ 2.50GHz (0x10017122248) duration: 23.8422
duration mult ocl: 23.8454
delta: 4.62308e-05
starting multiplication with 397825 entries
entering mult, device: Intel(R) Xeon(R) CPU E5-2680 v3 @ 2.50GHz (0x10017122248)
Starting the kernel with 397952items
Finished kernel execution
device: Intel(R) Xeon(R) CPU E5-2680 v3 @ 2.50GHz (0x10017122248) duration: 23.7838
duration mult ocl: 23.7866
delta: 3.31919e-05
starting multiplication with 397825 entries
entering mult, device: Intel(R) Xeon(R) CPU E5-2680 v3 @ 2.50GHz (0x10017122248)
Starting the kernel with 397952items
Finished kernel execution
device: Intel(R) Xeon(R) CPU E5-2680 v3 @ 2.50GHz (0x10017122248) duration: 23.8663
duration mult ocl: 23.8692
delta: 0.000580375
starting multiplication with 397825 entries
entering mult, device: Intel(R) Xeon(R) CPU E5-2680 v3 @ 2.50GHz (0x10017122248)
Starting the kernel with 397952items
Finished kernel execution
device: Intel(R) Xeon(R) CPU E5-2680 v3 @ 2.50GHz (0x10017122248) duration: 23.8284
duration mult ocl: 23.8313
delta: 2.71205e-05
starting multiplication with 397825 entries
entering mult, device: Intel(R) Xeon(R) CPU E5-2680 v3 @ 2.50GHz (0x10017122248)
Starting the kernel with 397952items
Finished kernel execution
device: Intel(R) Xeon(R) CPU E5-2680 v3 @ 2.50GHz (0x10017122248) duration: 23.8666
duration mult ocl: 23.8696
delta: 4.05764e-05
starting multiplication with 397825 entries
entering mult, device: Intel(R) Xeon(R) CPU E5-2680 v3 @ 2.50GHz (0x10017122248)
Starting the kernel with 397952items
Finished kernel execution
device: Intel(R) Xeon(R) CPU E5-2680 v3 @ 2.50GHz (0x10017122248) duration: 23.873
duration mult ocl: 23.8758
delta: 3.65993e-05
starting multiplication with 397825 entries
entering mult, device: Intel(R) Xeon(R) CPU E5-2680 v3 @ 2.50GHz (0x10017122248)
Starting the kernel with 397952items
Finished kernel execution
device: Intel(R) Xeon(R) CPU E5-2680 v3 @ 2.50GHz (0x10017122248) duration: 24.0144
duration mult ocl: 24.0172
delta: 5.44279e-05
starting multiplication with 397825 entries
entering mult, device: Intel(R) Xeon(R) CPU E5-2680 v3 @ 2.50GHz (0x10017122248)
Starting the kernel with 397952items
Finished kernel execution
device: Intel(R) Xeon(R) CPU E5-2680 v3 @ 2.50GHz (0x10017122248) duration: 23.8543
duration mult ocl: 23.8571
delta: 3.92013e-05
starting multiplication with 397825 entries
entering mult, device: Intel(R) Xeon(R) CPU E5-2680 v3 @ 2.50GHz (0x10017122248)
Starting the kernel with 397952items
Finished kernel execution
device: Intel(R) Xeon(R) CPU E5-2680 v3 @ 2.50GHz (0x10017122248) duration: 23.8647
duration mult ocl: 23.8675
delta: 1.86289e-05
starting multiplication with 397825 entries
entering mult, device: Intel(R) Xeon(R) CPU E5-2680 v3 @ 2.50GHz (0x10017122248)
Starting the kernel with 397952items
Finished kernel execution
device: Intel(R) Xeon(R) CPU E5-2680 v3 @ 2.50GHz (0x10017122248) duration: 24.1884
duration mult ocl: 24.1912
delta: 7.07658e-06
starting multiplication with 397825 entries
entering mult, device: Intel(R) Xeon(R) CPU E5-2680 v3 @ 2.50GHz (0x10017122248)
Starting the kernel with 397952items
Finished kernel execution
device: Intel(R) Xeon(R) CPU E5-2680 v3 @ 2.50GHz (0x10017122248) duration: 23.8551
duration mult ocl: 23.8586
delta: 4.27637e-05
starting multiplication with 397825 entries
entering mult, device: Intel(R) Xeon(R) CPU E5-2680 v3 @ 2.50GHz (0x10017122248)
Starting the kernel with 397952items
Finished kernel execution
device: Intel(R) Xeon(R) CPU E5-2680 v3 @ 2.50GHz (0x10017122248) duration: 23.9334
duration mult ocl: 23.9367
delta: 1.09612e-05
starting multiplication with 397825 entries
entering mult, device: Intel(R) Xeon(R) CPU E5-2680 v3 @ 2.50GHz (0x10017122248)
Starting the kernel with 397952items
Finished kernel execution
device: Intel(R) Xeon(R) CPU E5-2680 v3 @ 2.50GHz (0x10017122248) duration: 23.8583
duration mult ocl: 23.8611
delta: 2.82284e-05
starting multiplication with 397825 entries
entering mult, device: Intel(R) Xeon(R) CPU E5-2680 v3 @ 2.50GHz (0x10017122248)
Starting the kernel with 397952items
Finished kernel execution
device: Intel(R) Xeon(R) CPU E5-2680 v3 @ 2.50GHz (0x10017122248) duration: 23.8572
duration mult ocl: 23.8599
delta: 7.32257e-05
starting multiplication with 397825 entries
entering mult, device: Intel(R) Xeon(R) CPU E5-2680 v3 @ 2.50GHz (0x10017122248)
Starting the kernel with 397952items
Finished kernel execution
device: Intel(R) Xeon(R) CPU E5-2680 v3 @ 2.50GHz (0x10017122248) duration: 23.8678
duration mult ocl: 23.8706
delta: 2.12353e-05
starting multiplication with 397825 entries
entering mult, device: Intel(R) Xeon(R) CPU E5-2680 v3 @ 2.50GHz (0x10017122248)
Starting the kernel with 397952items
Finished kernel execution
device: Intel(R) Xeon(R) CPU E5-2680 v3 @ 2.50GHz (0x10017122248) duration: 23.8668
duration mult ocl: 23.8695
delta: 5.72257e-06
starting multiplication with 397825 entries
entering mult, device: Intel(R) Xeon(R) CPU E5-2680 v3 @ 2.50GHz (0x10017122248)
Starting the kernel with 397952items
Finished kernel execution
device: Intel(R) Xeon(R) CPU E5-2680 v3 @ 2.50GHz (0x10017122248) duration: 23.8289
duration mult ocl: 23.8316
delta: 1.44348e-05
starting multiplication with 397825 entries
entering mult, device: Intel(R) Xeon(R) CPU E5-2680 v3 @ 2.50GHz (0x10017122248)
Starting the kernel with 397952items
Finished kernel execution
device: Intel(R) Xeon(R) CPU E5-2680 v3 @ 2.50GHz (0x10017122248) duration: 23.8715
duration mult ocl: 23.8743
delta: 0.000199463
starting multiplication with 397825 entries
entering mult, device: Intel(R) Xeon(R) CPU E5-2680 v3 @ 2.50GHz (0x10017122248)
Starting the kernel with 397952items
Finished kernel execution
device: Intel(R) Xeon(R) CPU E5-2680 v3 @ 2.50GHz (0x10017122248) duration: 23.9881
duration mult ocl: 23.9917
delta: 5.45245e-06
starting multiplication with 397825 entries
entering mult, device: Intel(R) Xeon(R) CPU E5-2680 v3 @ 2.50GHz (0x10017122248)
Starting the kernel with 397952items
Finished kernel execution
device: Intel(R) Xeon(R) CPU E5-2680 v3 @ 2.50GHz (0x10017122248) duration: 23.7885
duration mult ocl: 23.7913
delta: 1.28113e-05
starting multiplication with 397825 entries
entering mult, device: Intel(R) Xeon(R) CPU E5-2680 v3 @ 2.50GHz (0x10017122248)
Starting the kernel with 397952items
Finished kernel execution
device: Intel(R) Xeon(R) CPU E5-2680 v3 @ 2.50GHz (0x10017122248) duration: 24.1379
duration mult ocl: 24.1408
starting multiplication with 397825 entries
entering mult, device: Intel(R) Xeon(R) CPU E5-2680 v3 @ 2.50GHz (0x10017122248)
Starting the kernel with 397952items
Finished kernel execution
device: Intel(R) Xeon(R) CPU E5-2680 v3 @ 2.50GHz (0x10017122248) duration: 23.8802
duration mult ocl: 23.883
delta: 4.40034e-06
starting multiplication with 397825 entries
entering mult, device: Intel(R) Xeon(R) CPU E5-2680 v3 @ 2.50GHz (0x10017122248)
Starting the kernel with 397952items
Finished kernel execution
device: Intel(R) Xeon(R) CPU E5-2680 v3 @ 2.50GHz (0x10017122248) duration: 23.8514
duration mult ocl: 23.8542
delta: 1.06753e-05
starting multiplication with 397825 entries
entering mult, device: Intel(R) Xeon(R) CPU E5-2680 v3 @ 2.50GHz (0x10017122248)
Starting the kernel with 397952items
Finished kernel execution
device: Intel(R) Xeon(R) CPU E5-2680 v3 @ 2.50GHz (0x10017122248) duration: 23.8658
duration mult ocl: 23.8689
delta: 2.2175e-05
starting multiplication with 397825 entries
entering mult, device: Intel(R) Xeon(R) CPU E5-2680 v3 @ 2.50GHz (0x10017122248)
Starting the kernel with 397952items
Finished kernel execution
device: Intel(R) Xeon(R) CPU E5-2680 v3 @ 2.50GHz (0x10017122248) duration: 23.8299
duration mult ocl: 23.8327
delta: 5.36814e-06
starting multiplication with 397825 entries
entering mult, device: Intel(R) Xeon(R) CPU E5-2680 v3 @ 2.50GHz (0x10017122248)
Starting the kernel with 397952items
Finished kernel execution
device: Intel(R) Xeon(R) CPU E5-2680 v3 @ 2.50GHz (0x10017122248) duration: 23.9973
duration mult ocl: 24.0002
delta: 4.10672e-06
starting multiplication with 397825 entries
entering mult, device: Intel(R) Xeon(R) CPU E5-2680 v3 @ 2.50GHz (0x10017122248)
Starting the kernel with 397952items
Finished kernel execution
device: Intel(R) Xeon(R) CPU E5-2680 v3 @ 2.50GHz (0x10017122248) duration: 23.8856
duration mult ocl: 23.8883
delta: 1.02549e-05
starting multiplication with 397825 entries
entering mult, device: Intel(R) Xeon(R) CPU E5-2680 v3 @ 2.50GHz (0x10017122248)
Starting the kernel with 397952items
Finished kernel execution
device: Intel(R) Xeon(R) CPU E5-2680 v3 @ 2.50GHz (0x10017122248) duration: 23.8282
duration mult ocl: 23.831
delta: 3.77508e-06
starting multiplication with 397825 entries
entering mult, device: Intel(R) Xeon(R) CPU E5-2680 v3 @ 2.50GHz (0x10017122248)
Starting the kernel with 397952items
Finished kernel execution
device: Intel(R) Xeon(R) CPU E5-2680 v3 @ 2.50GHz (0x10017122248) duration: 23.7799
duration mult ocl: 23.7829
delta: 2.66426e-06
starting multiplication with 397825 entries
entering mult, device: Intel(R) Xeon(R) CPU E5-2680 v3 @ 2.50GHz (0x10017122248)
Starting the kernel with 397952items
Finished kernel execution
device: Intel(R) Xeon(R) CPU E5-2680 v3 @ 2.50GHz (0x10017122248) duration: 23.8582
duration mult ocl: 23.861
delta: 3.52622e-05
starting multiplication with 397825 entries
entering mult, device: Intel(R) Xeon(R) CPU E5-2680 v3 @ 2.50GHz (0x10017122248)
Starting the kernel with 397952items
Finished kernel execution
device: Intel(R) Xeon(R) CPU E5-2680 v3 @ 2.50GHz (0x10017122248) duration: 23.8679
duration mult ocl: 23.8706
delta: 8.40281e-07
starting multiplication with 397825 entries
entering mult, device: Intel(R) Xeon(R) CPU E5-2680 v3 @ 2.50GHz (0x10017122248)
Starting the kernel with 397952items
Finished kernel execution
device: Intel(R) Xeon(R) CPU E5-2680 v3 @ 2.50GHz (0x10017122248) duration: 23.8869
duration mult ocl: 23.8896
delta: 1.78299e-06
starting multiplication with 397825 entries
entering mult, device: Intel(R) Xeon(R) CPU E5-2680 v3 @ 2.50GHz (0x10017122248)
Starting the kernel with 397952items
Finished kernel execution
device: Intel(R) Xeon(R) CPU E5-2680 v3 @ 2.50GHz (0x10017122248) duration: 23.8599
duration mult ocl: 23.8626
delta: 4.11307e-06
starting multiplication with 397825 entries
entering mult, device: Intel(R) Xeon(R) CPU E5-2680 v3 @ 2.50GHz (0x10017122248)
Starting the kernel with 397952items
Finished kernel execution
device: Intel(R) Xeon(R) CPU E5-2680 v3 @ 2.50GHz (0x10017122248) duration: 23.9899
duration mult ocl: 23.9926
delta: 4.08983e-06
starting multiplication with 397825 entries
entering mult, device: Intel(R) Xeon(R) CPU E5-2680 v3 @ 2.50GHz (0x10017122248)
Starting the kernel with 397952items
Finished kernel execution
device: Intel(R) Xeon(R) CPU E5-2680 v3 @ 2.50GHz (0x10017122248) duration: 23.8413
duration mult ocl: 23.8441
delta: 2.25865e-05
starting multiplication with 397825 entries
entering mult, device: Intel(R) Xeon(R) CPU E5-2680 v3 @ 2.50GHz (0x10017122248)
Starting the kernel with 397952items
Finished kernel execution
device: Intel(R) Xeon(R) CPU E5-2680 v3 @ 2.50GHz (0x10017122248) duration: 23.8577
duration mult ocl: 23.8603
delta: 2.32176e-06
starting multiplication with 397825 entries
entering mult, device: Intel(R) Xeon(R) CPU E5-2680 v3 @ 2.50GHz (0x10017122248)
Starting the kernel with 397952items
Finished kernel execution
device: Intel(R) Xeon(R) CPU E5-2680 v3 @ 2.50GHz (0x10017122248) duration: 23.8684
duration mult ocl: 23.8713
delta: 7.16465e-07
starting multiplication with 397825 entries
entering mult, device: Intel(R) Xeon(R) CPU E5-2680 v3 @ 2.50GHz (0x10017122248)
Starting the kernel with 397952items
Finished kernel execution
device: Intel(R) Xeon(R) CPU E5-2680 v3 @ 2.50GHz (0x10017122248) duration: 23.8806
duration mult ocl: 23.8836
delta: 3.24087e-06
starting multiplication with 397825 entries
entering mult, device: Intel(R) Xeon(R) CPU E5-2680 v3 @ 2.50GHz (0x10017122248)
Starting the kernel with 397952items
Finished kernel execution
device: Intel(R) Xeon(R) CPU E5-2680 v3 @ 2.50GHz (0x10017122248) duration: 23.8616
duration mult ocl: 23.8644
delta: 5.72025e-06
starting multiplication with 397825 entries
entering mult, device: Intel(R) Xeon(R) CPU E5-2680 v3 @ 2.50GHz (0x10017122248)
Starting the kernel with 397952items
Finished kernel execution
device: Intel(R) Xeon(R) CPU E5-2680 v3 @ 2.50GHz (0x10017122248) duration: 23.8581
duration mult ocl: 23.8608
delta: 2.55235e-06
starting multiplication with 397825 entries
entering mult, device: Intel(R) Xeon(R) CPU E5-2680 v3 @ 2.50GHz (0x10017122248)
Starting the kernel with 397952items
Finished kernel execution
device: Intel(R) Xeon(R) CPU E5-2680 v3 @ 2.50GHz (0x10017122248) duration: 23.9898
duration mult ocl: 23.9932
delta: 1.35864e-06
starting multiplication with 397825 entries
entering mult, device: Intel(R) Xeon(R) CPU E5-2680 v3 @ 2.50GHz (0x10017122248)
Starting the kernel with 397952items
Finished kernel execution
device: Intel(R) Xeon(R) CPU E5-2680 v3 @ 2.50GHz (0x10017122248) duration: 24.0228
duration mult ocl: 24.0258
delta: 1.00512e-06
starting multiplication with 397825 entries
entering mult, device: Intel(R) Xeon(R) CPU E5-2680 v3 @ 2.50GHz (0x10017122248)
Starting the kernel with 397952items
Finished kernel execution
device: Intel(R) Xeon(R) CPU E5-2680 v3 @ 2.50GHz (0x10017122248) duration: 23.8315
duration mult ocl: 23.8344
delta: 2.36277e-06
starting multiplication with 397825 entries
entering mult, device: Intel(R) Xeon(R) CPU E5-2680 v3 @ 2.50GHz (0x10017122248)
Starting the kernel with 397952items
Finished kernel execution
device: Intel(R) Xeon(R) CPU E5-2680 v3 @ 2.50GHz (0x10017122248) duration: 23.9002
duration mult ocl: 23.9031
delta: 1.1972e-06
starting multiplication with 397825 entries
entering mult, device: Intel(R) Xeon(R) CPU E5-2680 v3 @ 2.50GHz (0x10017122248)
Starting the kernel with 397952items
Finished kernel execution
device: Intel(R) Xeon(R) CPU E5-2680 v3 @ 2.50GHz (0x10017122248) duration: 23.8596
duration mult ocl: 23.8624
delta: 3.23239e-06
starting multiplication with 397825 entries
entering mult, device: Intel(R) Xeon(R) CPU E5-2680 v3 @ 2.50GHz (0x10017122248)
Starting the kernel with 397952items
Finished kernel execution
device: Intel(R) Xeon(R) CPU E5-2680 v3 @ 2.50GHz (0x10017122248) duration: 23.8734
duration mult ocl: 23.8762
delta: 1.32604e-06
starting multiplication with 397825 entries
entering mult, device: Intel(R) Xeon(R) CPU E5-2680 v3 @ 2.50GHz (0x10017122248)
Starting the kernel with 397952items
Finished kernel execution
device: Intel(R) Xeon(R) CPU E5-2680 v3 @ 2.50GHz (0x10017122248) duration: 23.8112
duration mult ocl: 23.8143
delta: 6.81141e-07
starting multiplication with 397825 entries
entering mult, device: Intel(R) Xeon(R) CPU E5-2680 v3 @ 2.50GHz (0x10017122248)
Starting the kernel with 397952items
Finished kernel execution
device: Intel(R) Xeon(R) CPU E5-2680 v3 @ 2.50GHz (0x10017122248) duration: 23.8674
duration mult ocl: 23.8705
delta: 5.04734e-07
starting multiplication with 397825 entries
entering mult, device: Intel(R) Xeon(R) CPU E5-2680 v3 @ 2.50GHz (0x10017122248)
Starting the kernel with 397952items
Finished kernel execution
device: Intel(R) Xeon(R) CPU E5-2680 v3 @ 2.50GHz (0x10017122248) duration: 23.8622
duration mult ocl: 23.8651
delta: 2.66078e-07
starting multiplication with 397825 entries
entering mult, device: Intel(R) Xeon(R) CPU E5-2680 v3 @ 2.50GHz (0x10017122248)
Starting the kernel with 397952items
Finished kernel execution
device: Intel(R) Xeon(R) CPU E5-2680 v3 @ 2.50GHz (0x10017122248) duration: 23.8628
duration mult ocl: 23.8656
delta: 1.01529e-06
starting multiplication with 397825 entries
entering mult, device: Intel(R) Xeon(R) CPU E5-2680 v3 @ 2.50GHz (0x10017122248)
Starting the kernel with 397952items
Finished kernel execution
device: Intel(R) Xeon(R) CPU E5-2680 v3 @ 2.50GHz (0x10017122248) duration: 23.8974
duration mult ocl: 23.9003
delta: 7.06294e-07
starting multiplication with 397825 entries
entering mult, device: Intel(R) Xeon(R) CPU E5-2680 v3 @ 2.50GHz (0x10017122248)
Starting the kernel with 397952items
Finished kernel execution
device: Intel(R) Xeon(R) CPU E5-2680 v3 @ 2.50GHz (0x10017122248) duration: 23.8638
duration mult ocl: 23.8672
delta: 1.31455e-06
starting multiplication with 397825 entries
entering mult, device: Intel(R) Xeon(R) CPU E5-2680 v3 @ 2.50GHz (0x10017122248)
Starting the kernel with 397952items
Finished kernel execution
device: Intel(R) Xeon(R) CPU E5-2680 v3 @ 2.50GHz (0x10017122248) duration: 23.8219
duration mult ocl: 23.8247
delta: 2.46758e-07
starting multiplication with 397825 entries
entering mult, device: Intel(R) Xeon(R) CPU E5-2680 v3 @ 2.50GHz (0x10017122248)
Starting the kernel with 397952items
Finished kernel execution
device: Intel(R) Xeon(R) CPU E5-2680 v3 @ 2.50GHz (0x10017122248) duration: 23.7672
duration mult ocl: 23.77
delta: 3.58144e-07
starting multiplication with 397825 entries
entering mult, device: Intel(R) Xeon(R) CPU E5-2680 v3 @ 2.50GHz (0x10017122248)
Starting the kernel with 397952items
Finished kernel execution
device: Intel(R) Xeon(R) CPU E5-2680 v3 @ 2.50GHz (0x10017122248) duration: 23.9131
duration mult ocl: 23.916
delta: 2.05588e-07
starting multiplication with 397825 entries
entering mult, device: Intel(R) Xeon(R) CPU E5-2680 v3 @ 2.50GHz (0x10017122248)
Starting the kernel with 397952items
Finished kernel execution
device: Intel(R) Xeon(R) CPU E5-2680 v3 @ 2.50GHz (0x10017122248) duration: 23.8543
duration mult ocl: 23.857
delta: 2.38914e-06
starting multiplication with 397825 entries
entering mult, device: Intel(R) Xeon(R) CPU E5-2680 v3 @ 2.50GHz (0x10017122248)
Starting the kernel with 397952items
Finished kernel execution
device: Intel(R) Xeon(R) CPU E5-2680 v3 @ 2.50GHz (0x10017122248) duration: 23.8543
duration mult ocl: 23.8576
delta: 3.0317e-07
starting multiplication with 397825 entries
entering mult, device: Intel(R) Xeon(R) CPU E5-2680 v3 @ 2.50GHz (0x10017122248)
Starting the kernel with 397952items
Finished kernel execution
device: Intel(R) Xeon(R) CPU E5-2680 v3 @ 2.50GHz (0x10017122248) duration: 23.8403
duration mult ocl: 23.8433
delta: 1.14645e-06
starting multiplication with 397825 entries
entering mult, device: Intel(R) Xeon(R) CPU E5-2680 v3 @ 2.50GHz (0x10017122248)
Starting the kernel with 397952items
Finished kernel execution
device: Intel(R) Xeon(R) CPU E5-2680 v3 @ 2.50GHz (0x10017122248) duration: 23.8458
duration mult ocl: 23.8485
delta: 7.52907e-07
starting multiplication with 397825 entries
entering mult, device: Intel(R) Xeon(R) CPU E5-2680 v3 @ 2.50GHz (0x10017122248)
Starting the kernel with 397952items
Finished kernel execution
device: Intel(R) Xeon(R) CPU E5-2680 v3 @ 2.50GHz (0x10017122248) duration: 24.0145
duration mult ocl: 24.0172
delta: 5.13468e-07
starting multiplication with 397825 entries
entering mult, device: Intel(R) Xeon(R) CPU E5-2680 v3 @ 2.50GHz (0x10017122248)
Starting the kernel with 397952items
Finished kernel execution
device: Intel(R) Xeon(R) CPU E5-2680 v3 @ 2.50GHz (0x10017122248) duration: 23.8552
duration mult ocl: 23.8579
delta: 1.43716e-07
starting multiplication with 397825 entries
entering mult, device: Intel(R) Xeon(R) CPU E5-2680 v3 @ 2.50GHz (0x10017122248)
Starting the kernel with 397952items
Finished kernel execution
device: Intel(R) Xeon(R) CPU E5-2680 v3 @ 2.50GHz (0x10017122248) duration: 23.8397
duration mult ocl: 23.8424
delta: 1.82392e-07
starting multiplication with 397825 entries
entering mult, device: Intel(R) Xeon(R) CPU E5-2680 v3 @ 2.50GHz (0x10017122248)
Starting the kernel with 397952items
Finished kernel execution
device: Intel(R) Xeon(R) CPU E5-2680 v3 @ 2.50GHz (0x10017122248) duration: 24.0221
duration mult ocl: 24.0249
delta: 1.01052e-07
starting multiplication with 397825 entries
entering mult, device: Intel(R) Xeon(R) CPU E5-2680 v3 @ 2.50GHz (0x10017122248)
Starting the kernel with 397952items
Finished kernel execution
device: Intel(R) Xeon(R) CPU E5-2680 v3 @ 2.50GHz (0x10017122248) duration: 23.8622
duration mult ocl: 23.865
delta: 8.36605e-07
starting multiplication with 397825 entries
entering mult, device: Intel(R) Xeon(R) CPU E5-2680 v3 @ 2.50GHz (0x10017122248)
Starting the kernel with 397952items
Finished kernel execution
device: Intel(R) Xeon(R) CPU E5-2680 v3 @ 2.50GHz (0x10017122248) duration: 23.8523
duration mult ocl: 23.855
delta: 6.71053e-08
starting multiplication with 397825 entries
entering mult, device: Intel(R) Xeon(R) CPU E5-2680 v3 @ 2.50GHz (0x10017122248)
Starting the kernel with 397952items
Finished kernel execution
device: Intel(R) Xeon(R) CPU E5-2680 v3 @ 2.50GHz (0x10017122248) duration: 24.2182
duration mult ocl: 24.2212
delta: 9.80225e-07
starting multiplication with 397825 entries
entering mult, device: Intel(R) Xeon(R) CPU E5-2680 v3 @ 2.50GHz (0x10017122248)
Starting the kernel with 397952items
Finished kernel execution
device: Intel(R) Xeon(R) CPU E5-2680 v3 @ 2.50GHz (0x10017122248) duration: 23.8205
duration mult ocl: 23.8235
delta: 2.30128e-07
starting multiplication with 397825 entries
entering mult, device: Intel(R) Xeon(R) CPU E5-2680 v3 @ 2.50GHz (0x10017122248)
Starting the kernel with 397952items
Finished kernel execution
device: Intel(R) Xeon(R) CPU E5-2680 v3 @ 2.50GHz (0x10017122248) duration: 23.8609
duration mult ocl: 23.8637
delta: 8.33427e-08
starting multiplication with 397825 entries
entering mult, device: Intel(R) Xeon(R) CPU E5-2680 v3 @ 2.50GHz (0x10017122248)
Starting the kernel with 397952items
Finished kernel execution
device: Intel(R) Xeon(R) CPU E5-2680 v3 @ 2.50GHz (0x10017122248) duration: 24.009
duration mult ocl: 24.0119
delta: 4.23585e-07
starting multiplication with 397825 entries
entering mult, device: Intel(R) Xeon(R) CPU E5-2680 v3 @ 2.50GHz (0x10017122248)
Starting the kernel with 397952items
Finished kernel execution
device: Intel(R) Xeon(R) CPU E5-2680 v3 @ 2.50GHz (0x10017122248) duration: 23.8239
duration mult ocl: 23.8267
delta: 1.92758e-07
starting multiplication with 397825 entries
entering mult, device: Intel(R) Xeon(R) CPU E5-2680 v3 @ 2.50GHz (0x10017122248)
Starting the kernel with 397952items
Finished kernel execution
device: Intel(R) Xeon(R) CPU E5-2680 v3 @ 2.50GHz (0x10017122248) duration: 23.8232
duration mult ocl: 23.826
delta: 8.491e-08
starting multiplication with 397825 entries
entering mult, device: Intel(R) Xeon(R) CPU E5-2680 v3 @ 2.50GHz (0x10017122248)
Starting the kernel with 397952items
Finished kernel execution
device: Intel(R) Xeon(R) CPU E5-2680 v3 @ 2.50GHz (0x10017122248) duration: 23.8284
duration mult ocl: 23.8314
starting multiplication with 397825 entries
entering mult, device: Intel(R) Xeon(R) CPU E5-2680 v3 @ 2.50GHz (0x10017122248)
Starting the kernel with 397952items
Finished kernel execution
device: Intel(R) Xeon(R) CPU E5-2680 v3 @ 2.50GHz (0x10017122248) duration: 23.8354
duration mult ocl: 23.8381
delta: 3.39524e-07
starting multiplication with 397825 entries
entering mult, device: Intel(R) Xeon(R) CPU E5-2680 v3 @ 2.50GHz (0x10017122248)
Starting the kernel with 397952items
Finished kernel execution
device: Intel(R) Xeon(R) CPU E5-2680 v3 @ 2.50GHz (0x10017122248) duration: 24.0673
duration mult ocl: 24.0701
delta: 4.95933e-08
starting multiplication with 397825 entries
entering mult, device: Intel(R) Xeon(R) CPU E5-2680 v3 @ 2.50GHz (0x10017122248)
Starting the kernel with 397952items
Finished kernel execution
device: Intel(R) Xeon(R) CPU E5-2680 v3 @ 2.50GHz (0x10017122248) duration: 23.849
duration mult ocl: 23.8516
delta: 1.07113e-07
starting multiplication with 397825 entries
entering mult, device: Intel(R) Xeon(R) CPU E5-2680 v3 @ 2.50GHz (0x10017122248)
Starting the kernel with 397952items
Finished kernel execution
device: Intel(R) Xeon(R) CPU E5-2680 v3 @ 2.50GHz (0x10017122248) duration: 23.8962
duration mult ocl: 23.899
delta: 9.28955e-08
starting multiplication with 397825 entries
entering mult, device: Intel(R) Xeon(R) CPU E5-2680 v3 @ 2.50GHz (0x10017122248)
Starting the kernel with 397952items
Finished kernel execution
device: Intel(R) Xeon(R) CPU E5-2680 v3 @ 2.50GHz (0x10017122248) duration: 23.8658
duration mult ocl: 23.8686
delta: 3.21903e-07
starting multiplication with 397825 entries
entering mult, device: Intel(R) Xeon(R) CPU E5-2680 v3 @ 2.50GHz (0x10017122248)
Starting the kernel with 397952items
Finished kernel execution
device: Intel(R) Xeon(R) CPU E5-2680 v3 @ 2.50GHz (0x10017122248) duration: 23.8597
duration mult ocl: 23.8624
delta: 1.14525e-07
starting multiplication with 397825 entries
entering mult, device: Intel(R) Xeon(R) CPU E5-2680 v3 @ 2.50GHz (0x10017122248)
Starting the kernel with 397952items
Finished kernel execution
device: Intel(R) Xeon(R) CPU E5-2680 v3 @ 2.50GHz (0x10017122248) duration: 23.8329
duration mult ocl: 23.8356
delta: 5.80736e-08
starting multiplication with 397825 entries
entering mult, device: Intel(R) Xeon(R) CPU E5-2680 v3 @ 2.50GHz (0x10017122248)
Starting the kernel with 397952items
Finished kernel execution
device: Intel(R) Xeon(R) CPU E5-2680 v3 @ 2.50GHz (0x10017122248) duration: 23.9078
duration mult ocl: 23.9105
delta: 1.49422e-08
Number of iterations: 158 (max. 1000)
Final norm of residuum: 1.49422e-08
counted_mult_calls: 162
acc_duration_density: 3878.15s
act_it: 162
ops_density: 3.64072e+06 GOps
flops_density: 938.778 GFLOPS
density_duration_total: 3901.45
surplus min: -2859.23 max: 8285.92
Starting graph creation...
Using configuration file OCL_configs/config_ocl_float_hazelhen.cfg
OCL Info: 1 OpenCL platforms have been found
OCL Info: detected platform, name: "Intel(R) OpenCL"
OCL Info: detected platform vendor name: "Intel(R) Corporation"
OCL Info: using platform, name: "Intel(R) OpenCL"
OCL Info: detected device, name: "Intel(R) Xeon(R) CPU E5-2680 v3 @ 2.50GHz"
OCL Info: using device, name: "Intel(R) Xeon(R) CPU E5-2680 v3 @ 2.50GHz"
unpadded_datasize: 1020000 adding elements: 32 (* dims)
building with optimization flags: -cl-denorms-are-zero -cl-fast-relaxed-math
--- Begin Build Log ---
Compilation started
Compilation done
Linking started
Linking done
Device build started
Device build done
Kernel <connectNeighbors> was successfully vectorized (8)
Done.
--- End Build Log ---
last_duration_create_graph: 39.4596s
ops_create_graph: 31212 GOps
flops_create_graph: 790.986 GFLOPS
Pruning graph...
Using configuration file OCL_configs/config_ocl_float_hazelhen.cfg
OCL Info: 1 OpenCL platforms have been found
OCL Info: detected platform, name: "Intel(R) OpenCL"
OCL Info: detected platform vendor name: "Intel(R) Corporation"
OCL Info: using platform, name: "Intel(R) OpenCL"
OCL Info: detected device, name: "Intel(R) Xeon(R) CPU E5-2680 v3 @ 2.50GHz"
OCL Info: using device, name: "Intel(R) Xeon(R) CPU E5-2680 v3 @ 2.50GHz"
building with optimization flags: -cl-denorms-are-zero -cl-fast-relaxed-math
--- Begin Build Log ---
Compilation started
Compilation done
Linking started
Linking done
Device build started
Device build done
Kernel <removeEdges> was successfully vectorized (8)
Done.
--- End Build Log ---
last_duration_prune_graph: 145.523s
ops_prune_graph: 176109 GOps
flops_prune_graph: 1210.18 GFLOPS
Finding clusters...
find_cluster_duration_total: 0.471695
detected clusters: 102
size cluster i: 0 -> 10001
size cluster i: 1 -> 10000
size cluster i: 2 -> 10000
size cluster i: 3 -> 10000
size cluster i: 4 -> 10001
size cluster i: 5 -> 10000
size cluster i: 6 -> 10000
size cluster i: 7 -> 9828
size cluster i: 8 -> 10002
size cluster i: 9 -> 10000
size cluster i: 10 -> 10000
size cluster i: 11 -> 10000
size cluster i: 12 -> 10004
size cluster i: 13 -> 10000
size cluster i: 14 -> 10000
size cluster i: 15 -> 9997
size cluster i: 16 -> 10000
size cluster i: 17 -> 20001
size cluster i: 18 -> 10001
size cluster i: 19 -> 10000
size cluster i: 20 -> 10000
size cluster i: 21 -> 10001
size cluster i: 22 -> 10001
size cluster i: 23 -> 10002
size cluster i: 24 -> 10000
size cluster i: 25 -> 10002
size cluster i: 26 -> 10000
size cluster i: 27 -> 10001
size cluster i: 28 -> 10000
size cluster i: 29 -> 10001
size cluster i: 30 -> 10000
size cluster i: 31 -> 10001
size cluster i: 32 -> 10001
size cluster i: 33 -> 10000
size cluster i: 34 -> 10000
size cluster i: 35 -> 10002
size cluster i: 36 -> 10001
size cluster i: 37 -> 10001
size cluster i: 38 -> 10004
size cluster i: 39 -> 10001
size cluster i: 40 -> 10003
size cluster i: 41 -> 10002
size cluster i: 42 -> 10000
size cluster i: 43 -> 10003
size cluster i: 44 -> 5086
size cluster i: 45 -> 10001
size cluster i: 46 -> 20003
size cluster i: 47 -> 9979
size cluster i: 48 -> 10000
size cluster i: 49 -> 10001
size cluster i: 50 -> 10000
size cluster i: 51 -> 10000
size cluster i: 52 -> 10001
size cluster i: 53 -> 10001
size cluster i: 54 -> 10000
size cluster i: 55 -> 10000
size cluster i: 56 -> 10000
size cluster i: 57 -> 10000
size cluster i: 58 -> 10000
size cluster i: 59 -> 10001
size cluster i: 60 -> 10003
size cluster i: 61 -> 10002
size cluster i: 62 -> 10000
size cluster i: 63 -> 10002
size cluster i: 64 -> 10001
size cluster i: 65 -> 10001
size cluster i: 66 -> 10005
size cluster i: 67 -> 10001
size cluster i: 68 -> 10003
size cluster i: 69 -> 10001
size cluster i: 70 -> 10002
size cluster i: 71 -> 10002
size cluster i: 72 -> 10001
size cluster i: 73 -> 10000
size cluster i: 74 -> 10001
size cluster i: 75 -> 6728
size cluster i: 76 -> 10001
size cluster i: 77 -> 10002
size cluster i: 78 -> 10000
size cluster i: 79 -> 10000
size cluster i: 80 -> 10000
size cluster i: 81 -> 9145
size cluster i: 82 -> 10003
size cluster i: 83 -> 10000
size cluster i: 84 -> 10001
size cluster i: 85 -> 10000
size cluster i: 86 -> 6787
size cluster i: 87 -> 10001
size cluster i: 88 -> 10000
size cluster i: 89 -> 10000
size cluster i: 90 -> 10001
size cluster i: 91 -> 10000
size cluster i: 92 -> 10000
size cluster i: 93 -> 10001
size cluster i: 94 -> 9417
size cluster i: 95 -> 7731
size cluster i: 96 -> 10000
size cluster i: 97 -> 1147
size cluster i: 98 -> 2
size cluster i: 99 -> 2
size cluster i: 100 -> 3
size cluster i: 101 -> 2
datapoints in clusters: 975934
total_duration_without_disk: 4088.82
total_duration: 4089.05

all done!
Application 2507530 resources: utime ~193314s, stime ~36s, Rss ~398948, inblocks ~0, outblocks ~0
