binary_header_filename: /lustre/cray/ws8/ws/ipvpfand-SGppClustering/datasets_WPDM18/gaussian_c100_size1000000_dim10_noise
level: 7
lambda: 1e-07
OpenCL configuration file: OCL_configs/config_ocl_float_hazelhen.cfg
k: 6
threshold: 1500
using naive ocl knn
reading dataset...
info: binary dataset
Now reading header file:/lustre/cray/ws8/ws/ipvpfand-SGppClustering/datasets_WPDM18/gaussian_c100_size1000000_dim10_noise
Now reading binary data: /lustre/cray/ws8/ws/ipvpfand-SGppClustering/datasets_WPDM18/gaussian_c100_size1000000_dim10_noise_binary_data.bin
Dataset load duration: 0.201711
dimension: 10
data points: 1020000
printing first two datapoints:
0.761177, 0.218928, 0.356789, 0.334628, 0.526923, 0.592047, 0.216967, 0.559013, 0.58146, 0.719555
0.854362, 0.810024, 0.555204, 0.64013, 0.263688, 0.276989, 0.211694, 0.681618, 0.832303, 0.202619
initial grid created, grid points: 397825
Using configuration file OCL_configs/config_ocl_float_hazelhen.cfg
KHR ICD trace at /zhome/academic/HLRS/ipv/ipvpfand/git/OpenCL-ICD-Loader/icd.c:68: attempting to add vendor /zhome/academic/HLRS/ipv/ipvpfand/intel_opencl/intel/opencl-1.2-6.4.0.37/lib64/libintelocl.so...
KHR ICD trace at /zhome/academic/HLRS/ipv/ipvpfand/git/OpenCL-ICD-Loader/icd.c:194: successfully added vendor /zhome/academic/HLRS/ipv/ipvpfand/intel_opencl/intel/opencl-1.2-6.4.0.37/lib64/libintelocl.so with suffix INTEL
OCL Info: 1 OpenCL platforms have been found
OCL Info: detected platform, name: "Intel(R) OpenCL"
OCL Info: detected platform vendor name: "Intel(R) Corporation"
OCL Info: using platform, name: "Intel(R) OpenCL"
OCL Info: detected device, name: "Intel(R) Xeon(R) CPU E5-2680 v3 @ 2.50GHz"
OCL Info: using device, name: "Intel(R) Xeon(R) CPU E5-2680 v3 @ 2.50GHz"
device name: Intel(R) Xeon(R) CPU E5-2680 v3 @ 2.50GHz
query_size: 4
max_compute_units: 48
Calculating right-hand side
starting rhs kernel methode! datasize: 397825
building with optimization flags: -cl-denorms-are-zero -cl-fast-relaxed-math
--- Begin Build Log ---
Compilation started
Compilation done
Linking started
Linking done
Device build started
Device build done
Kernel <cscheme> was successfully vectorized (8)
Done.
--- End Build Log ---
duration generate b ocl: 22.1117
last_duration_generate_b: 22.1117s
ops_generate_b: 24752.7
flops_generate_b: 1119.44 GFLOPS
Solving density SLE
Starting Conjugated Gradients
All temp variables used in CG have been initialized
starting multiplication with 397825 entries
entering mult, device: Intel(R) Xeon(R) CPU E5-2680 v3 @ 2.50GHz (0x10017122248)
generating kernel source
building kernel
building with optimization flags: -cl-denorms-are-zero -cl-fast-relaxed-math
--- Begin Build Log ---
Compilation started
Compilation done
Linking started
Linking done
Device build started
Device build done
Kernel <multdensity> was successfully vectorized (8)
Done.
--- End Build Log ---
Starting the kernel with 397952items
Finished kernel execution
device: Intel(R) Xeon(R) CPU E5-2680 v3 @ 2.50GHz (0x10017122248) duration: 23.8352
duration mult ocl: 32.5274
Starting norm of residuum: 0.0440302
Target norm:               4.40302e-08
starting multiplication with 397825 entries
entering mult, device: Intel(R) Xeon(R) CPU E5-2680 v3 @ 2.50GHz (0x10017122248)
Starting the kernel with 397952items
Finished kernel execution
device: Intel(R) Xeon(R) CPU E5-2680 v3 @ 2.50GHz (0x10017122248) duration: 23.7207
duration mult ocl: 23.7232
delta: 0.0228199
starting multiplication with 397825 entries
entering mult, device: Intel(R) Xeon(R) CPU E5-2680 v3 @ 2.50GHz (0x10017122248)
Starting the kernel with 397952items
Finished kernel execution
device: Intel(R) Xeon(R) CPU E5-2680 v3 @ 2.50GHz (0x10017122248) duration: 23.7023
duration mult ocl: 23.7049
delta: 0.0544764
starting multiplication with 397825 entries
entering mult, device: Intel(R) Xeon(R) CPU E5-2680 v3 @ 2.50GHz (0x10017122248)
Starting the kernel with 397952items
Finished kernel execution
device: Intel(R) Xeon(R) CPU E5-2680 v3 @ 2.50GHz (0x10017122248) duration: 23.6875
duration mult ocl: 23.6901
delta: 0.0444728
starting multiplication with 397825 entries
entering mult, device: Intel(R) Xeon(R) CPU E5-2680 v3 @ 2.50GHz (0x10017122248)
Starting the kernel with 397952items
Finished kernel execution
device: Intel(R) Xeon(R) CPU E5-2680 v3 @ 2.50GHz (0x10017122248) duration: 24.0829
duration mult ocl: 24.0855
delta: 0.0319131
starting multiplication with 397825 entries
entering mult, device: Intel(R) Xeon(R) CPU E5-2680 v3 @ 2.50GHz (0x10017122248)
Starting the kernel with 397952items
Finished kernel execution
device: Intel(R) Xeon(R) CPU E5-2680 v3 @ 2.50GHz (0x10017122248) duration: 24.2294
duration mult ocl: 24.2321
delta: 0.037821
starting multiplication with 397825 entries
entering mult, device: Intel(R) Xeon(R) CPU E5-2680 v3 @ 2.50GHz (0x10017122248)
Starting the kernel with 397952items
Finished kernel execution
device: Intel(R) Xeon(R) CPU E5-2680 v3 @ 2.50GHz (0x10017122248) duration: 24.0497
duration mult ocl: 24.0522
delta: 0.060561
starting multiplication with 397825 entries
entering mult, device: Intel(R) Xeon(R) CPU E5-2680 v3 @ 2.50GHz (0x10017122248)
Starting the kernel with 397952items
Finished kernel execution
device: Intel(R) Xeon(R) CPU E5-2680 v3 @ 2.50GHz (0x10017122248) duration: 24.0996
duration mult ocl: 24.1022
delta: 0.0361677
starting multiplication with 397825 entries
entering mult, device: Intel(R) Xeon(R) CPU E5-2680 v3 @ 2.50GHz (0x10017122248)
Starting the kernel with 397952items
Finished kernel execution
device: Intel(R) Xeon(R) CPU E5-2680 v3 @ 2.50GHz (0x10017122248) duration: 24.0783
duration mult ocl: 24.081
delta: 0.0269189
starting multiplication with 397825 entries
entering mult, device: Intel(R) Xeon(R) CPU E5-2680 v3 @ 2.50GHz (0x10017122248)
Starting the kernel with 397952items
Finished kernel execution
device: Intel(R) Xeon(R) CPU E5-2680 v3 @ 2.50GHz (0x10017122248) duration: 24.0893
duration mult ocl: 24.0922
delta: 0.0394676
starting multiplication with 397825 entries
entering mult, device: Intel(R) Xeon(R) CPU E5-2680 v3 @ 2.50GHz (0x10017122248)
Starting the kernel with 397952items
Finished kernel execution
device: Intel(R) Xeon(R) CPU E5-2680 v3 @ 2.50GHz (0x10017122248) duration: 24.3062
duration mult ocl: 24.3087
delta: 0.0164612
starting multiplication with 397825 entries
entering mult, device: Intel(R) Xeon(R) CPU E5-2680 v3 @ 2.50GHz (0x10017122248)
Starting the kernel with 397952items
Finished kernel execution
device: Intel(R) Xeon(R) CPU E5-2680 v3 @ 2.50GHz (0x10017122248) duration: 23.7453
duration mult ocl: 23.7479
delta: 0.0791791
starting multiplication with 397825 entries
entering mult, device: Intel(R) Xeon(R) CPU E5-2680 v3 @ 2.50GHz (0x10017122248)
Starting the kernel with 397952items
Finished kernel execution
device: Intel(R) Xeon(R) CPU E5-2680 v3 @ 2.50GHz (0x10017122248) duration: 23.6812
duration mult ocl: 23.6838
delta: 0.0586064
starting multiplication with 397825 entries
entering mult, device: Intel(R) Xeon(R) CPU E5-2680 v3 @ 2.50GHz (0x10017122248)
Starting the kernel with 397952items
Finished kernel execution
device: Intel(R) Xeon(R) CPU E5-2680 v3 @ 2.50GHz (0x10017122248) duration: 24.4806
duration mult ocl: 24.4834
delta: 0.0217751
starting multiplication with 397825 entries
entering mult, device: Intel(R) Xeon(R) CPU E5-2680 v3 @ 2.50GHz (0x10017122248)
Starting the kernel with 397952items
Finished kernel execution
device: Intel(R) Xeon(R) CPU E5-2680 v3 @ 2.50GHz (0x10017122248) duration: 23.7305
duration mult ocl: 23.7331
delta: 0.00958548
starting multiplication with 397825 entries
entering mult, device: Intel(R) Xeon(R) CPU E5-2680 v3 @ 2.50GHz (0x10017122248)
Starting the kernel with 397952items
Finished kernel execution
device: Intel(R) Xeon(R) CPU E5-2680 v3 @ 2.50GHz (0x10017122248) duration: 23.6843
duration mult ocl: 23.6868
delta: 0.0140623
starting multiplication with 397825 entries
entering mult, device: Intel(R) Xeon(R) CPU E5-2680 v3 @ 2.50GHz (0x10017122248)
Starting the kernel with 397952items
Finished kernel execution
device: Intel(R) Xeon(R) CPU E5-2680 v3 @ 2.50GHz (0x10017122248) duration: 23.8091
duration mult ocl: 23.8117
delta: 0.0473457
starting multiplication with 397825 entries
entering mult, device: Intel(R) Xeon(R) CPU E5-2680 v3 @ 2.50GHz (0x10017122248)
Starting the kernel with 397952items
Finished kernel execution
device: Intel(R) Xeon(R) CPU E5-2680 v3 @ 2.50GHz (0x10017122248) duration: 23.8144
duration mult ocl: 23.817
delta: 0.0140218
starting multiplication with 397825 entries
entering mult, device: Intel(R) Xeon(R) CPU E5-2680 v3 @ 2.50GHz (0x10017122248)
Starting the kernel with 397952items
Finished kernel execution
device: Intel(R) Xeon(R) CPU E5-2680 v3 @ 2.50GHz (0x10017122248) duration: 23.7773
duration mult ocl: 23.7799
delta: 0.0131307
starting multiplication with 397825 entries
entering mult, device: Intel(R) Xeon(R) CPU E5-2680 v3 @ 2.50GHz (0x10017122248)
Starting the kernel with 397952items
Finished kernel execution
device: Intel(R) Xeon(R) CPU E5-2680 v3 @ 2.50GHz (0x10017122248) duration: 23.8084
duration mult ocl: 23.811
delta: 0.0298722
starting multiplication with 397825 entries
entering mult, device: Intel(R) Xeon(R) CPU E5-2680 v3 @ 2.50GHz (0x10017122248)
Starting the kernel with 397952items
Finished kernel execution
device: Intel(R) Xeon(R) CPU E5-2680 v3 @ 2.50GHz (0x10017122248) duration: 23.8533
duration mult ocl: 23.8558
delta: 0.0217568
starting multiplication with 397825 entries
entering mult, device: Intel(R) Xeon(R) CPU E5-2680 v3 @ 2.50GHz (0x10017122248)
Starting the kernel with 397952items
Finished kernel execution
device: Intel(R) Xeon(R) CPU E5-2680 v3 @ 2.50GHz (0x10017122248) duration: 24.0076
duration mult ocl: 24.0102
delta: 0.0060956
starting multiplication with 397825 entries
entering mult, device: Intel(R) Xeon(R) CPU E5-2680 v3 @ 2.50GHz (0x10017122248)
Starting the kernel with 397952items
Finished kernel execution
device: Intel(R) Xeon(R) CPU E5-2680 v3 @ 2.50GHz (0x10017122248) duration: 24.1484
duration mult ocl: 24.1516
delta: 0.106062
starting multiplication with 397825 entries
entering mult, device: Intel(R) Xeon(R) CPU E5-2680 v3 @ 2.50GHz (0x10017122248)
Starting the kernel with 397952items
Finished kernel execution
device: Intel(R) Xeon(R) CPU E5-2680 v3 @ 2.50GHz (0x10017122248) duration: 23.802
duration mult ocl: 23.8047
delta: 0.0102686
starting multiplication with 397825 entries
entering mult, device: Intel(R) Xeon(R) CPU E5-2680 v3 @ 2.50GHz (0x10017122248)
Starting the kernel with 397952items
Finished kernel execution
device: Intel(R) Xeon(R) CPU E5-2680 v3 @ 2.50GHz (0x10017122248) duration: 24.0202
duration mult ocl: 24.0228
delta: 0.0218643
starting multiplication with 397825 entries
entering mult, device: Intel(R) Xeon(R) CPU E5-2680 v3 @ 2.50GHz (0x10017122248)
Starting the kernel with 397952items
Finished kernel execution
device: Intel(R) Xeon(R) CPU E5-2680 v3 @ 2.50GHz (0x10017122248) duration: 23.836
duration mult ocl: 23.8387
delta: 0.00517192
starting multiplication with 397825 entries
entering mult, device: Intel(R) Xeon(R) CPU E5-2680 v3 @ 2.50GHz (0x10017122248)
Starting the kernel with 397952items
Finished kernel execution
device: Intel(R) Xeon(R) CPU E5-2680 v3 @ 2.50GHz (0x10017122248) duration: 23.8378
duration mult ocl: 23.8404
delta: 0.0101306
starting multiplication with 397825 entries
entering mult, device: Intel(R) Xeon(R) CPU E5-2680 v3 @ 2.50GHz (0x10017122248)
Starting the kernel with 397952items
Finished kernel execution
device: Intel(R) Xeon(R) CPU E5-2680 v3 @ 2.50GHz (0x10017122248) duration: 23.8451
duration mult ocl: 23.8476
delta: 0.0604075
starting multiplication with 397825 entries
entering mult, device: Intel(R) Xeon(R) CPU E5-2680 v3 @ 2.50GHz (0x10017122248)
Starting the kernel with 397952items
Finished kernel execution
device: Intel(R) Xeon(R) CPU E5-2680 v3 @ 2.50GHz (0x10017122248) duration: 23.8486
duration mult ocl: 23.8512
delta: 0.00510983
starting multiplication with 397825 entries
entering mult, device: Intel(R) Xeon(R) CPU E5-2680 v3 @ 2.50GHz (0x10017122248)
Starting the kernel with 397952items
Finished kernel execution
device: Intel(R) Xeon(R) CPU E5-2680 v3 @ 2.50GHz (0x10017122248) duration: 23.8787
duration mult ocl: 23.8813
delta: 0.00926427
starting multiplication with 397825 entries
entering mult, device: Intel(R) Xeon(R) CPU E5-2680 v3 @ 2.50GHz (0x10017122248)
Starting the kernel with 397952items
Finished kernel execution
device: Intel(R) Xeon(R) CPU E5-2680 v3 @ 2.50GHz (0x10017122248) duration: 23.8312
duration mult ocl: 23.8339
delta: 0.00325465
starting multiplication with 397825 entries
entering mult, device: Intel(R) Xeon(R) CPU E5-2680 v3 @ 2.50GHz (0x10017122248)
Starting the kernel with 397952items
Finished kernel execution
device: Intel(R) Xeon(R) CPU E5-2680 v3 @ 2.50GHz (0x10017122248) duration: 23.8344
duration mult ocl: 23.8372
delta: 0.00210241
starting multiplication with 397825 entries
entering mult, device: Intel(R) Xeon(R) CPU E5-2680 v3 @ 2.50GHz (0x10017122248)
Starting the kernel with 397952items
Finished kernel execution
device: Intel(R) Xeon(R) CPU E5-2680 v3 @ 2.50GHz (0x10017122248) duration: 23.9225
duration mult ocl: 23.9255
delta: 0.060468
starting multiplication with 397825 entries
entering mult, device: Intel(R) Xeon(R) CPU E5-2680 v3 @ 2.50GHz (0x10017122248)
Starting the kernel with 397952items
Finished kernel execution
device: Intel(R) Xeon(R) CPU E5-2680 v3 @ 2.50GHz (0x10017122248) duration: 23.8969
duration mult ocl: 23.8996
delta: 0.00226421
starting multiplication with 397825 entries
entering mult, device: Intel(R) Xeon(R) CPU E5-2680 v3 @ 2.50GHz (0x10017122248)
Starting the kernel with 397952items
Finished kernel execution
device: Intel(R) Xeon(R) CPU E5-2680 v3 @ 2.50GHz (0x10017122248) duration: 23.8762
duration mult ocl: 23.8792
delta: 0.0046667
starting multiplication with 397825 entries
entering mult, device: Intel(R) Xeon(R) CPU E5-2680 v3 @ 2.50GHz (0x10017122248)
Starting the kernel with 397952items
Finished kernel execution
device: Intel(R) Xeon(R) CPU E5-2680 v3 @ 2.50GHz (0x10017122248) duration: 23.8548
duration mult ocl: 23.858
delta: 0.0123536
starting multiplication with 397825 entries
entering mult, device: Intel(R) Xeon(R) CPU E5-2680 v3 @ 2.50GHz (0x10017122248)
Starting the kernel with 397952items
Finished kernel execution
device: Intel(R) Xeon(R) CPU E5-2680 v3 @ 2.50GHz (0x10017122248) duration: 23.8117
duration mult ocl: 23.8144
delta: 0.00195227
starting multiplication with 397825 entries
entering mult, device: Intel(R) Xeon(R) CPU E5-2680 v3 @ 2.50GHz (0x10017122248)
Starting the kernel with 397952items
Finished kernel execution
device: Intel(R) Xeon(R) CPU E5-2680 v3 @ 2.50GHz (0x10017122248) duration: 23.8795
duration mult ocl: 23.882
delta: 0.017426
starting multiplication with 397825 entries
entering mult, device: Intel(R) Xeon(R) CPU E5-2680 v3 @ 2.50GHz (0x10017122248)
Starting the kernel with 397952items
Finished kernel execution
device: Intel(R) Xeon(R) CPU E5-2680 v3 @ 2.50GHz (0x10017122248) duration: 23.8257
duration mult ocl: 23.8283
delta: 0.00262618
starting multiplication with 397825 entries
entering mult, device: Intel(R) Xeon(R) CPU E5-2680 v3 @ 2.50GHz (0x10017122248)
Starting the kernel with 397952items
Finished kernel execution
device: Intel(R) Xeon(R) CPU E5-2680 v3 @ 2.50GHz (0x10017122248) duration: 23.9809
duration mult ocl: 23.9835
delta: 0.00196172
starting multiplication with 397825 entries
entering mult, device: Intel(R) Xeon(R) CPU E5-2680 v3 @ 2.50GHz (0x10017122248)
Starting the kernel with 397952items
Finished kernel execution
device: Intel(R) Xeon(R) CPU E5-2680 v3 @ 2.50GHz (0x10017122248) duration: 23.8575
duration mult ocl: 23.86
delta: 0.0011118
starting multiplication with 397825 entries
entering mult, device: Intel(R) Xeon(R) CPU E5-2680 v3 @ 2.50GHz (0x10017122248)
Starting the kernel with 397952items
Finished kernel execution
device: Intel(R) Xeon(R) CPU E5-2680 v3 @ 2.50GHz (0x10017122248) duration: 23.8624
duration mult ocl: 23.8649
delta: 0.00116808
starting multiplication with 397825 entries
entering mult, device: Intel(R) Xeon(R) CPU E5-2680 v3 @ 2.50GHz (0x10017122248)
Starting the kernel with 397952items
Finished kernel execution
device: Intel(R) Xeon(R) CPU E5-2680 v3 @ 2.50GHz (0x10017122248) duration: 23.8301
duration mult ocl: 23.8326
delta: 0.00477718
starting multiplication with 397825 entries
entering mult, device: Intel(R) Xeon(R) CPU E5-2680 v3 @ 2.50GHz (0x10017122248)
Starting the kernel with 397952items
Finished kernel execution
device: Intel(R) Xeon(R) CPU E5-2680 v3 @ 2.50GHz (0x10017122248) duration: 23.8156
duration mult ocl: 23.8181
delta: 0.00177267
starting multiplication with 397825 entries
entering mult, device: Intel(R) Xeon(R) CPU E5-2680 v3 @ 2.50GHz (0x10017122248)
Starting the kernel with 397952items
Finished kernel execution
device: Intel(R) Xeon(R) CPU E5-2680 v3 @ 2.50GHz (0x10017122248) duration: 23.8515
duration mult ocl: 23.8543
delta: 0.0071137
starting multiplication with 397825 entries
entering mult, device: Intel(R) Xeon(R) CPU E5-2680 v3 @ 2.50GHz (0x10017122248)
Starting the kernel with 397952items
Finished kernel execution
device: Intel(R) Xeon(R) CPU E5-2680 v3 @ 2.50GHz (0x10017122248) duration: 23.8063
duration mult ocl: 23.8096
delta: 0.000500335
starting multiplication with 397825 entries
entering mult, device: Intel(R) Xeon(R) CPU E5-2680 v3 @ 2.50GHz (0x10017122248)
Starting the kernel with 397952items
Finished kernel execution
device: Intel(R) Xeon(R) CPU E5-2680 v3 @ 2.50GHz (0x10017122248) duration: 23.7774
duration mult ocl: 23.7803
delta: 0.00118574
starting multiplication with 397825 entries
entering mult, device: Intel(R) Xeon(R) CPU E5-2680 v3 @ 2.50GHz (0x10017122248)
Starting the kernel with 397952items
Finished kernel execution
device: Intel(R) Xeon(R) CPU E5-2680 v3 @ 2.50GHz (0x10017122248) duration: 23.8377
duration mult ocl: 23.8403
delta: 0.00213166
starting multiplication with 397825 entries
entering mult, device: Intel(R) Xeon(R) CPU E5-2680 v3 @ 2.50GHz (0x10017122248)
Starting the kernel with 397952items
Finished kernel execution
device: Intel(R) Xeon(R) CPU E5-2680 v3 @ 2.50GHz (0x10017122248) duration: 23.8519
duration mult ocl: 23.8545
delta: 0.000792379
starting multiplication with 397825 entries
entering mult, device: Intel(R) Xeon(R) CPU E5-2680 v3 @ 2.50GHz (0x10017122248)
Starting the kernel with 397952items
Finished kernel execution
device: Intel(R) Xeon(R) CPU E5-2680 v3 @ 2.50GHz (0x10017122248) duration: 23.8488
duration mult ocl: 23.8515
delta: 0.00192308
starting multiplication with 397825 entries
entering mult, device: Intel(R) Xeon(R) CPU E5-2680 v3 @ 2.50GHz (0x10017122248)
Starting the kernel with 397952items
Finished kernel execution
device: Intel(R) Xeon(R) CPU E5-2680 v3 @ 2.50GHz (0x10017122248) duration: 24.0252
duration mult ocl: 24.0278
delta: 0.000607433
starting multiplication with 397825 entries
entering mult, device: Intel(R) Xeon(R) CPU E5-2680 v3 @ 2.50GHz (0x10017122248)
Starting the kernel with 397952items
Finished kernel execution
device: Intel(R) Xeon(R) CPU E5-2680 v3 @ 2.50GHz (0x10017122248) duration: 23.816
duration mult ocl: 23.8186
starting multiplication with 397825 entries
entering mult, device: Intel(R) Xeon(R) CPU E5-2680 v3 @ 2.50GHz (0x10017122248)
Starting the kernel with 397952items
Finished kernel execution
device: Intel(R) Xeon(R) CPU E5-2680 v3 @ 2.50GHz (0x10017122248) duration: 23.8682
duration mult ocl: 23.8708
delta: 0.00114729
starting multiplication with 397825 entries
entering mult, device: Intel(R) Xeon(R) CPU E5-2680 v3 @ 2.50GHz (0x10017122248)
Starting the kernel with 397952items
Finished kernel execution
device: Intel(R) Xeon(R) CPU E5-2680 v3 @ 2.50GHz (0x10017122248) duration: 23.8879
duration mult ocl: 23.8907
delta: 0.000560484
starting multiplication with 397825 entries
entering mult, device: Intel(R) Xeon(R) CPU E5-2680 v3 @ 2.50GHz (0x10017122248)
Starting the kernel with 397952items
Finished kernel execution
device: Intel(R) Xeon(R) CPU E5-2680 v3 @ 2.50GHz (0x10017122248) duration: 23.9986
duration mult ocl: 24.0012
delta: 0.0093812
starting multiplication with 397825 entries
entering mult, device: Intel(R) Xeon(R) CPU E5-2680 v3 @ 2.50GHz (0x10017122248)
Starting the kernel with 397952items
Finished kernel execution
device: Intel(R) Xeon(R) CPU E5-2680 v3 @ 2.50GHz (0x10017122248) duration: 23.8633
duration mult ocl: 23.8659
delta: 0.000414912
starting multiplication with 397825 entries
entering mult, device: Intel(R) Xeon(R) CPU E5-2680 v3 @ 2.50GHz (0x10017122248)
Starting the kernel with 397952items
Finished kernel execution
device: Intel(R) Xeon(R) CPU E5-2680 v3 @ 2.50GHz (0x10017122248) duration: 23.863
duration mult ocl: 23.8655
delta: 0.000894076
starting multiplication with 397825 entries
entering mult, device: Intel(R) Xeon(R) CPU E5-2680 v3 @ 2.50GHz (0x10017122248)
Starting the kernel with 397952items
Finished kernel execution
device: Intel(R) Xeon(R) CPU E5-2680 v3 @ 2.50GHz (0x10017122248) duration: 23.8882
duration mult ocl: 23.8909
delta: 0.0001451
starting multiplication with 397825 entries
entering mult, device: Intel(R) Xeon(R) CPU E5-2680 v3 @ 2.50GHz (0x10017122248)
Starting the kernel with 397952items
Finished kernel execution
device: Intel(R) Xeon(R) CPU E5-2680 v3 @ 2.50GHz (0x10017122248) duration: 24.0167
duration mult ocl: 24.0194
delta: 0.00105366
starting multiplication with 397825 entries
entering mult, device: Intel(R) Xeon(R) CPU E5-2680 v3 @ 2.50GHz (0x10017122248)
Starting the kernel with 397952items
Finished kernel execution
device: Intel(R) Xeon(R) CPU E5-2680 v3 @ 2.50GHz (0x10017122248) duration: 23.805
duration mult ocl: 23.8076
delta: 0.000372371
starting multiplication with 397825 entries
entering mult, device: Intel(R) Xeon(R) CPU E5-2680 v3 @ 2.50GHz (0x10017122248)
Starting the kernel with 397952items
Finished kernel execution
device: Intel(R) Xeon(R) CPU E5-2680 v3 @ 2.50GHz (0x10017122248) duration: 23.8546
duration mult ocl: 23.8572
delta: 0.000490297
starting multiplication with 397825 entries
entering mult, device: Intel(R) Xeon(R) CPU E5-2680 v3 @ 2.50GHz (0x10017122248)
Starting the kernel with 397952items
Finished kernel execution
device: Intel(R) Xeon(R) CPU E5-2680 v3 @ 2.50GHz (0x10017122248) duration: 23.8316
duration mult ocl: 23.8341
delta: 0.000407755
starting multiplication with 397825 entries
entering mult, device: Intel(R) Xeon(R) CPU E5-2680 v3 @ 2.50GHz (0x10017122248)
Starting the kernel with 397952items
Finished kernel execution
device: Intel(R) Xeon(R) CPU E5-2680 v3 @ 2.50GHz (0x10017122248) duration: 23.8332
duration mult ocl: 23.8358
delta: 0.00017765
starting multiplication with 397825 entries
entering mult, device: Intel(R) Xeon(R) CPU E5-2680 v3 @ 2.50GHz (0x10017122248)
Starting the kernel with 397952items
Finished kernel execution
device: Intel(R) Xeon(R) CPU E5-2680 v3 @ 2.50GHz (0x10017122248) duration: 23.8379
duration mult ocl: 23.8405
delta: 0.000611416
starting multiplication with 397825 entries
entering mult, device: Intel(R) Xeon(R) CPU E5-2680 v3 @ 2.50GHz (0x10017122248)
Starting the kernel with 397952items
Finished kernel execution
device: Intel(R) Xeon(R) CPU E5-2680 v3 @ 2.50GHz (0x10017122248) duration: 23.8342
duration mult ocl: 23.8368
delta: 0.000382796
starting multiplication with 397825 entries
entering mult, device: Intel(R) Xeon(R) CPU E5-2680 v3 @ 2.50GHz (0x10017122248)
Starting the kernel with 397952items
Finished kernel execution
device: Intel(R) Xeon(R) CPU E5-2680 v3 @ 2.50GHz (0x10017122248) duration: 23.8385
duration mult ocl: 23.8411
delta: 0.000150961
starting multiplication with 397825 entries
entering mult, device: Intel(R) Xeon(R) CPU E5-2680 v3 @ 2.50GHz (0x10017122248)
Starting the kernel with 397952items
Finished kernel execution
device: Intel(R) Xeon(R) CPU E5-2680 v3 @ 2.50GHz (0x10017122248) duration: 23.8819
duration mult ocl: 23.8846
delta: 0.000350071
starting multiplication with 397825 entries
entering mult, device: Intel(R) Xeon(R) CPU E5-2680 v3 @ 2.50GHz (0x10017122248)
Starting the kernel with 397952items
Finished kernel execution
device: Intel(R) Xeon(R) CPU E5-2680 v3 @ 2.50GHz (0x10017122248) duration: 23.8777
duration mult ocl: 23.8803
delta: 0.00020198
starting multiplication with 397825 entries
entering mult, device: Intel(R) Xeon(R) CPU E5-2680 v3 @ 2.50GHz (0x10017122248)
Starting the kernel with 397952items
Finished kernel execution
device: Intel(R) Xeon(R) CPU E5-2680 v3 @ 2.50GHz (0x10017122248) duration: 23.874
duration mult ocl: 23.8767
delta: 8.76956e-05
starting multiplication with 397825 entries
entering mult, device: Intel(R) Xeon(R) CPU E5-2680 v3 @ 2.50GHz (0x10017122248)
Starting the kernel with 397952items
Finished kernel execution
device: Intel(R) Xeon(R) CPU E5-2680 v3 @ 2.50GHz (0x10017122248) duration: 23.7865
duration mult ocl: 23.7893
delta: 0.000494181
starting multiplication with 397825 entries
entering mult, device: Intel(R) Xeon(R) CPU E5-2680 v3 @ 2.50GHz (0x10017122248)
Starting the kernel with 397952items
Finished kernel execution
device: Intel(R) Xeon(R) CPU E5-2680 v3 @ 2.50GHz (0x10017122248) duration: 23.8439
duration mult ocl: 23.8465
delta: 7.26245e-05
starting multiplication with 397825 entries
entering mult, device: Intel(R) Xeon(R) CPU E5-2680 v3 @ 2.50GHz (0x10017122248)
Starting the kernel with 397952items
Finished kernel execution
device: Intel(R) Xeon(R) CPU E5-2680 v3 @ 2.50GHz (0x10017122248) duration: 23.8737
duration mult ocl: 23.8769
delta: 0.000381469
starting multiplication with 397825 entries
entering mult, device: Intel(R) Xeon(R) CPU E5-2680 v3 @ 2.50GHz (0x10017122248)
Starting the kernel with 397952items
Finished kernel execution
device: Intel(R) Xeon(R) CPU E5-2680 v3 @ 2.50GHz (0x10017122248) duration: 23.9824
duration mult ocl: 23.9851
delta: 4.58478e-05
starting multiplication with 397825 entries
entering mult, device: Intel(R) Xeon(R) CPU E5-2680 v3 @ 2.50GHz (0x10017122248)
Starting the kernel with 397952items
Finished kernel execution
device: Intel(R) Xeon(R) CPU E5-2680 v3 @ 2.50GHz (0x10017122248) duration: 23.8222
duration mult ocl: 23.8247
delta: 0.000319316
starting multiplication with 397825 entries
entering mult, device: Intel(R) Xeon(R) CPU E5-2680 v3 @ 2.50GHz (0x10017122248)
Starting the kernel with 397952items
Finished kernel execution
device: Intel(R) Xeon(R) CPU E5-2680 v3 @ 2.50GHz (0x10017122248) duration: 23.8447
duration mult ocl: 23.8473
delta: 0.000455971
starting multiplication with 397825 entries
entering mult, device: Intel(R) Xeon(R) CPU E5-2680 v3 @ 2.50GHz (0x10017122248)
Starting the kernel with 397952items
Finished kernel execution
device: Intel(R) Xeon(R) CPU E5-2680 v3 @ 2.50GHz (0x10017122248) duration: 23.835
duration mult ocl: 23.8377
delta: 7.7066e-05
starting multiplication with 397825 entries
entering mult, device: Intel(R) Xeon(R) CPU E5-2680 v3 @ 2.50GHz (0x10017122248)
Starting the kernel with 397952items
Finished kernel execution
device: Intel(R) Xeon(R) CPU E5-2680 v3 @ 2.50GHz (0x10017122248) duration: 23.852
duration mult ocl: 23.8549
delta: 8.64659e-05
starting multiplication with 397825 entries
entering mult, device: Intel(R) Xeon(R) CPU E5-2680 v3 @ 2.50GHz (0x10017122248)
Starting the kernel with 397952items
Finished kernel execution
device: Intel(R) Xeon(R) CPU E5-2680 v3 @ 2.50GHz (0x10017122248) duration: 23.8594
duration mult ocl: 23.862
delta: 4.92461e-05
starting multiplication with 397825 entries
entering mult, device: Intel(R) Xeon(R) CPU E5-2680 v3 @ 2.50GHz (0x10017122248)
Starting the kernel with 397952items
Finished kernel execution
device: Intel(R) Xeon(R) CPU E5-2680 v3 @ 2.50GHz (0x10017122248) duration: 23.8243
duration mult ocl: 23.827
delta: 9.40773e-05
starting multiplication with 397825 entries
entering mult, device: Intel(R) Xeon(R) CPU E5-2680 v3 @ 2.50GHz (0x10017122248)
Starting the kernel with 397952items
Finished kernel execution
device: Intel(R) Xeon(R) CPU E5-2680 v3 @ 2.50GHz (0x10017122248) duration: 24.0265
duration mult ocl: 24.0291
delta: 0.000347634
starting multiplication with 397825 entries
entering mult, device: Intel(R) Xeon(R) CPU E5-2680 v3 @ 2.50GHz (0x10017122248)
Starting the kernel with 397952items
Finished kernel execution
device: Intel(R) Xeon(R) CPU E5-2680 v3 @ 2.50GHz (0x10017122248) duration: 24.0088
duration mult ocl: 24.0115
delta: 6.7566e-05
starting multiplication with 397825 entries
entering mult, device: Intel(R) Xeon(R) CPU E5-2680 v3 @ 2.50GHz (0x10017122248)
Starting the kernel with 397952items
Finished kernel execution
device: Intel(R) Xeon(R) CPU E5-2680 v3 @ 2.50GHz (0x10017122248) duration: 23.8517
duration mult ocl: 23.8543
delta: 7.48435e-05
starting multiplication with 397825 entries
entering mult, device: Intel(R) Xeon(R) CPU E5-2680 v3 @ 2.50GHz (0x10017122248)
Starting the kernel with 397952items
Finished kernel execution
device: Intel(R) Xeon(R) CPU E5-2680 v3 @ 2.50GHz (0x10017122248) duration: 23.8269
duration mult ocl: 23.8297
delta: 4.62308e-05
starting multiplication with 397825 entries
entering mult, device: Intel(R) Xeon(R) CPU E5-2680 v3 @ 2.50GHz (0x10017122248)
Starting the kernel with 397952items
Finished kernel execution
device: Intel(R) Xeon(R) CPU E5-2680 v3 @ 2.50GHz (0x10017122248) duration: 23.9946
duration mult ocl: 23.9978
delta: 3.31919e-05
starting multiplication with 397825 entries
entering mult, device: Intel(R) Xeon(R) CPU E5-2680 v3 @ 2.50GHz (0x10017122248)
Starting the kernel with 397952items
Finished kernel execution
device: Intel(R) Xeon(R) CPU E5-2680 v3 @ 2.50GHz (0x10017122248) duration: 23.7937
duration mult ocl: 23.7966
delta: 0.000580375
starting multiplication with 397825 entries
entering mult, device: Intel(R) Xeon(R) CPU E5-2680 v3 @ 2.50GHz (0x10017122248)
Starting the kernel with 397952items
Finished kernel execution
device: Intel(R) Xeon(R) CPU E5-2680 v3 @ 2.50GHz (0x10017122248) duration: 23.851
duration mult ocl: 23.8536
delta: 2.71205e-05
starting multiplication with 397825 entries
entering mult, device: Intel(R) Xeon(R) CPU E5-2680 v3 @ 2.50GHz (0x10017122248)
Starting the kernel with 397952items
Finished kernel execution
device: Intel(R) Xeon(R) CPU E5-2680 v3 @ 2.50GHz (0x10017122248) duration: 23.8516
duration mult ocl: 23.8545
delta: 4.05764e-05
starting multiplication with 397825 entries
entering mult, device: Intel(R) Xeon(R) CPU E5-2680 v3 @ 2.50GHz (0x10017122248)
Starting the kernel with 397952items
Finished kernel execution
device: Intel(R) Xeon(R) CPU E5-2680 v3 @ 2.50GHz (0x10017122248) duration: 23.8722
duration mult ocl: 23.875
delta: 3.65993e-05
starting multiplication with 397825 entries
entering mult, device: Intel(R) Xeon(R) CPU E5-2680 v3 @ 2.50GHz (0x10017122248)
Starting the kernel with 397952items
Finished kernel execution
device: Intel(R) Xeon(R) CPU E5-2680 v3 @ 2.50GHz (0x10017122248) duration: 23.8381
duration mult ocl: 23.8408
delta: 5.44279e-05
starting multiplication with 397825 entries
entering mult, device: Intel(R) Xeon(R) CPU E5-2680 v3 @ 2.50GHz (0x10017122248)
Starting the kernel with 397952items
Finished kernel execution
device: Intel(R) Xeon(R) CPU E5-2680 v3 @ 2.50GHz (0x10017122248) duration: 24.0476
duration mult ocl: 24.0504
delta: 3.92013e-05
starting multiplication with 397825 entries
entering mult, device: Intel(R) Xeon(R) CPU E5-2680 v3 @ 2.50GHz (0x10017122248)
Starting the kernel with 397952items
Finished kernel execution
device: Intel(R) Xeon(R) CPU E5-2680 v3 @ 2.50GHz (0x10017122248) duration: 23.8436
duration mult ocl: 23.8462
delta: 1.86289e-05
starting multiplication with 397825 entries
entering mult, device: Intel(R) Xeon(R) CPU E5-2680 v3 @ 2.50GHz (0x10017122248)
Starting the kernel with 397952items
Finished kernel execution
device: Intel(R) Xeon(R) CPU E5-2680 v3 @ 2.50GHz (0x10017122248) duration: 23.8445
duration mult ocl: 23.8471
delta: 7.07658e-06
starting multiplication with 397825 entries
entering mult, device: Intel(R) Xeon(R) CPU E5-2680 v3 @ 2.50GHz (0x10017122248)
Starting the kernel with 397952items
Finished kernel execution
device: Intel(R) Xeon(R) CPU E5-2680 v3 @ 2.50GHz (0x10017122248) duration: 23.9993
duration mult ocl: 24.0019
delta: 4.27637e-05
starting multiplication with 397825 entries
entering mult, device: Intel(R) Xeon(R) CPU E5-2680 v3 @ 2.50GHz (0x10017122248)
Starting the kernel with 397952items
Finished kernel execution
device: Intel(R) Xeon(R) CPU E5-2680 v3 @ 2.50GHz (0x10017122248) duration: 23.882
duration mult ocl: 23.8846
delta: 1.09612e-05
starting multiplication with 397825 entries
entering mult, device: Intel(R) Xeon(R) CPU E5-2680 v3 @ 2.50GHz (0x10017122248)
Starting the kernel with 397952items
Finished kernel execution
device: Intel(R) Xeon(R) CPU E5-2680 v3 @ 2.50GHz (0x10017122248) duration: 24.0048
duration mult ocl: 24.0074
delta: 2.82284e-05
starting multiplication with 397825 entries
entering mult, device: Intel(R) Xeon(R) CPU E5-2680 v3 @ 2.50GHz (0x10017122248)
Starting the kernel with 397952items
Finished kernel execution
device: Intel(R) Xeon(R) CPU E5-2680 v3 @ 2.50GHz (0x10017122248) duration: 23.9915
duration mult ocl: 23.9941
delta: 7.32257e-05
starting multiplication with 397825 entries
entering mult, device: Intel(R) Xeon(R) CPU E5-2680 v3 @ 2.50GHz (0x10017122248)
Starting the kernel with 397952items
Finished kernel execution
device: Intel(R) Xeon(R) CPU E5-2680 v3 @ 2.50GHz (0x10017122248) duration: 24.0077
duration mult ocl: 24.0103
delta: 2.12353e-05
starting multiplication with 397825 entries
entering mult, device: Intel(R) Xeon(R) CPU E5-2680 v3 @ 2.50GHz (0x10017122248)
Starting the kernel with 397952items
Finished kernel execution
device: Intel(R) Xeon(R) CPU E5-2680 v3 @ 2.50GHz (0x10017122248) duration: 23.8582
duration mult ocl: 23.8608
delta: 5.72257e-06
starting multiplication with 397825 entries
entering mult, device: Intel(R) Xeon(R) CPU E5-2680 v3 @ 2.50GHz (0x10017122248)
Starting the kernel with 397952items
Finished kernel execution
device: Intel(R) Xeon(R) CPU E5-2680 v3 @ 2.50GHz (0x10017122248) duration: 23.9524
duration mult ocl: 23.9551
delta: 1.44348e-05
starting multiplication with 397825 entries
entering mult, device: Intel(R) Xeon(R) CPU E5-2680 v3 @ 2.50GHz (0x10017122248)
Starting the kernel with 397952items
Finished kernel execution
device: Intel(R) Xeon(R) CPU E5-2680 v3 @ 2.50GHz (0x10017122248) duration: 23.8521
duration mult ocl: 23.8547
delta: 0.000199463
starting multiplication with 397825 entries
entering mult, device: Intel(R) Xeon(R) CPU E5-2680 v3 @ 2.50GHz (0x10017122248)
Starting the kernel with 397952items
Finished kernel execution
device: Intel(R) Xeon(R) CPU E5-2680 v3 @ 2.50GHz (0x10017122248) duration: 23.8604
duration mult ocl: 23.8632
delta: 5.45245e-06
starting multiplication with 397825 entries
entering mult, device: Intel(R) Xeon(R) CPU E5-2680 v3 @ 2.50GHz (0x10017122248)
Starting the kernel with 397952items
Finished kernel execution
device: Intel(R) Xeon(R) CPU E5-2680 v3 @ 2.50GHz (0x10017122248) duration: 23.7417
duration mult ocl: 23.7445
delta: 1.28113e-05
starting multiplication with 397825 entries
entering mult, device: Intel(R) Xeon(R) CPU E5-2680 v3 @ 2.50GHz (0x10017122248)
Starting the kernel with 397952items
Finished kernel execution
device: Intel(R) Xeon(R) CPU E5-2680 v3 @ 2.50GHz (0x10017122248) duration: 23.8518
duration mult ocl: 23.8544
starting multiplication with 397825 entries
entering mult, device: Intel(R) Xeon(R) CPU E5-2680 v3 @ 2.50GHz (0x10017122248)
Starting the kernel with 397952items
Finished kernel execution
device: Intel(R) Xeon(R) CPU E5-2680 v3 @ 2.50GHz (0x10017122248) duration: 24.0639
duration mult ocl: 24.0667
delta: 4.40034e-06
starting multiplication with 397825 entries
entering mult, device: Intel(R) Xeon(R) CPU E5-2680 v3 @ 2.50GHz (0x10017122248)
Starting the kernel with 397952items
Finished kernel execution
device: Intel(R) Xeon(R) CPU E5-2680 v3 @ 2.50GHz (0x10017122248) duration: 23.8627
duration mult ocl: 23.8657
delta: 1.06753e-05
starting multiplication with 397825 entries
entering mult, device: Intel(R) Xeon(R) CPU E5-2680 v3 @ 2.50GHz (0x10017122248)
Starting the kernel with 397952items
Finished kernel execution
device: Intel(R) Xeon(R) CPU E5-2680 v3 @ 2.50GHz (0x10017122248) duration: 24.0247
duration mult ocl: 24.0273
delta: 2.2175e-05
starting multiplication with 397825 entries
entering mult, device: Intel(R) Xeon(R) CPU E5-2680 v3 @ 2.50GHz (0x10017122248)
Starting the kernel with 397952items
Finished kernel execution
device: Intel(R) Xeon(R) CPU E5-2680 v3 @ 2.50GHz (0x10017122248) duration: 24.0165
duration mult ocl: 24.0191
delta: 5.36814e-06
starting multiplication with 397825 entries
entering mult, device: Intel(R) Xeon(R) CPU E5-2680 v3 @ 2.50GHz (0x10017122248)
Starting the kernel with 397952items
Finished kernel execution
device: Intel(R) Xeon(R) CPU E5-2680 v3 @ 2.50GHz (0x10017122248) duration: 23.9294
duration mult ocl: 23.9321
delta: 4.10672e-06
starting multiplication with 397825 entries
entering mult, device: Intel(R) Xeon(R) CPU E5-2680 v3 @ 2.50GHz (0x10017122248)
Starting the kernel with 397952items
Finished kernel execution
device: Intel(R) Xeon(R) CPU E5-2680 v3 @ 2.50GHz (0x10017122248) duration: 23.8732
duration mult ocl: 23.8759
delta: 1.02549e-05
starting multiplication with 397825 entries
entering mult, device: Intel(R) Xeon(R) CPU E5-2680 v3 @ 2.50GHz (0x10017122248)
Starting the kernel with 397952items
Finished kernel execution
device: Intel(R) Xeon(R) CPU E5-2680 v3 @ 2.50GHz (0x10017122248) duration: 23.8776
duration mult ocl: 23.8802
delta: 3.77508e-06
starting multiplication with 397825 entries
entering mult, device: Intel(R) Xeon(R) CPU E5-2680 v3 @ 2.50GHz (0x10017122248)
Starting the kernel with 397952items
Finished kernel execution
device: Intel(R) Xeon(R) CPU E5-2680 v3 @ 2.50GHz (0x10017122248) duration: 23.8775
duration mult ocl: 23.8801
delta: 2.66426e-06
starting multiplication with 397825 entries
entering mult, device: Intel(R) Xeon(R) CPU E5-2680 v3 @ 2.50GHz (0x10017122248)
Starting the kernel with 397952items
Finished kernel execution
device: Intel(R) Xeon(R) CPU E5-2680 v3 @ 2.50GHz (0x10017122248) duration: 23.8431
duration mult ocl: 23.8459
delta: 3.52622e-05
starting multiplication with 397825 entries
entering mult, device: Intel(R) Xeon(R) CPU E5-2680 v3 @ 2.50GHz (0x10017122248)
Starting the kernel with 397952items
Finished kernel execution
device: Intel(R) Xeon(R) CPU E5-2680 v3 @ 2.50GHz (0x10017122248) duration: 23.8941
duration mult ocl: 23.8973
delta: 8.40281e-07
starting multiplication with 397825 entries
entering mult, device: Intel(R) Xeon(R) CPU E5-2680 v3 @ 2.50GHz (0x10017122248)
Starting the kernel with 397952items
Finished kernel execution
device: Intel(R) Xeon(R) CPU E5-2680 v3 @ 2.50GHz (0x10017122248) duration: 23.9691
duration mult ocl: 23.972
delta: 1.78299e-06
starting multiplication with 397825 entries
entering mult, device: Intel(R) Xeon(R) CPU E5-2680 v3 @ 2.50GHz (0x10017122248)
Starting the kernel with 397952items
Finished kernel execution
device: Intel(R) Xeon(R) CPU E5-2680 v3 @ 2.50GHz (0x10017122248) duration: 23.8618
duration mult ocl: 23.8645
delta: 4.11307e-06
starting multiplication with 397825 entries
entering mult, device: Intel(R) Xeon(R) CPU E5-2680 v3 @ 2.50GHz (0x10017122248)
Starting the kernel with 397952items
Finished kernel execution
device: Intel(R) Xeon(R) CPU E5-2680 v3 @ 2.50GHz (0x10017122248) duration: 23.8587
duration mult ocl: 23.8614
delta: 4.08983e-06
starting multiplication with 397825 entries
entering mult, device: Intel(R) Xeon(R) CPU E5-2680 v3 @ 2.50GHz (0x10017122248)
Starting the kernel with 397952items
Finished kernel execution
device: Intel(R) Xeon(R) CPU E5-2680 v3 @ 2.50GHz (0x10017122248) duration: 24.0348
duration mult ocl: 24.0374
delta: 2.25865e-05
starting multiplication with 397825 entries
entering mult, device: Intel(R) Xeon(R) CPU E5-2680 v3 @ 2.50GHz (0x10017122248)
Starting the kernel with 397952items
Finished kernel execution
device: Intel(R) Xeon(R) CPU E5-2680 v3 @ 2.50GHz (0x10017122248) duration: 23.8678
duration mult ocl: 23.8704
delta: 2.32176e-06
starting multiplication with 397825 entries
entering mult, device: Intel(R) Xeon(R) CPU E5-2680 v3 @ 2.50GHz (0x10017122248)
Starting the kernel with 397952items
Finished kernel execution
device: Intel(R) Xeon(R) CPU E5-2680 v3 @ 2.50GHz (0x10017122248) duration: 23.8376
duration mult ocl: 23.8405
delta: 7.16465e-07
starting multiplication with 397825 entries
entering mult, device: Intel(R) Xeon(R) CPU E5-2680 v3 @ 2.50GHz (0x10017122248)
Starting the kernel with 397952items
Finished kernel execution
device: Intel(R) Xeon(R) CPU E5-2680 v3 @ 2.50GHz (0x10017122248) duration: 23.8921
duration mult ocl: 23.8949
delta: 3.24087e-06
starting multiplication with 397825 entries
entering mult, device: Intel(R) Xeon(R) CPU E5-2680 v3 @ 2.50GHz (0x10017122248)
Starting the kernel with 397952items
Finished kernel execution
device: Intel(R) Xeon(R) CPU E5-2680 v3 @ 2.50GHz (0x10017122248) duration: 23.8147
duration mult ocl: 23.8175
delta: 5.72025e-06
starting multiplication with 397825 entries
entering mult, device: Intel(R) Xeon(R) CPU E5-2680 v3 @ 2.50GHz (0x10017122248)
Starting the kernel with 397952items
Finished kernel execution
device: Intel(R) Xeon(R) CPU E5-2680 v3 @ 2.50GHz (0x10017122248) duration: 23.8814
duration mult ocl: 23.884
delta: 2.55235e-06
starting multiplication with 397825 entries
entering mult, device: Intel(R) Xeon(R) CPU E5-2680 v3 @ 2.50GHz (0x10017122248)
Starting the kernel with 397952items
Finished kernel execution
device: Intel(R) Xeon(R) CPU E5-2680 v3 @ 2.50GHz (0x10017122248) duration: 23.8463
duration mult ocl: 23.849
delta: 1.35864e-06
starting multiplication with 397825 entries
entering mult, device: Intel(R) Xeon(R) CPU E5-2680 v3 @ 2.50GHz (0x10017122248)
Starting the kernel with 397952items
Finished kernel execution
device: Intel(R) Xeon(R) CPU E5-2680 v3 @ 2.50GHz (0x10017122248) duration: 23.8494
duration mult ocl: 23.8522
delta: 1.00512e-06
starting multiplication with 397825 entries
entering mult, device: Intel(R) Xeon(R) CPU E5-2680 v3 @ 2.50GHz (0x10017122248)
Starting the kernel with 397952items
Finished kernel execution
device: Intel(R) Xeon(R) CPU E5-2680 v3 @ 2.50GHz (0x10017122248) duration: 23.8716
duration mult ocl: 23.8743
delta: 2.36277e-06
starting multiplication with 397825 entries
entering mult, device: Intel(R) Xeon(R) CPU E5-2680 v3 @ 2.50GHz (0x10017122248)
Starting the kernel with 397952items
Finished kernel execution
device: Intel(R) Xeon(R) CPU E5-2680 v3 @ 2.50GHz (0x10017122248) duration: 23.9735
duration mult ocl: 23.9766
delta: 1.1972e-06
starting multiplication with 397825 entries
entering mult, device: Intel(R) Xeon(R) CPU E5-2680 v3 @ 2.50GHz (0x10017122248)
Starting the kernel with 397952items
Finished kernel execution
device: Intel(R) Xeon(R) CPU E5-2680 v3 @ 2.50GHz (0x10017122248) duration: 23.8246
duration mult ocl: 23.8273
delta: 3.23239e-06
starting multiplication with 397825 entries
entering mult, device: Intel(R) Xeon(R) CPU E5-2680 v3 @ 2.50GHz (0x10017122248)
Starting the kernel with 397952items
Finished kernel execution
device: Intel(R) Xeon(R) CPU E5-2680 v3 @ 2.50GHz (0x10017122248) duration: 23.856
duration mult ocl: 23.8588
delta: 1.32604e-06
starting multiplication with 397825 entries
entering mult, device: Intel(R) Xeon(R) CPU E5-2680 v3 @ 2.50GHz (0x10017122248)
Starting the kernel with 397952items
Finished kernel execution
device: Intel(R) Xeon(R) CPU E5-2680 v3 @ 2.50GHz (0x10017122248) duration: 23.7731
duration mult ocl: 23.7758
delta: 6.81141e-07
starting multiplication with 397825 entries
entering mult, device: Intel(R) Xeon(R) CPU E5-2680 v3 @ 2.50GHz (0x10017122248)
Starting the kernel with 397952items
Finished kernel execution
device: Intel(R) Xeon(R) CPU E5-2680 v3 @ 2.50GHz (0x10017122248) duration: 23.9923
duration mult ocl: 23.9956
delta: 5.04734e-07
starting multiplication with 397825 entries
entering mult, device: Intel(R) Xeon(R) CPU E5-2680 v3 @ 2.50GHz (0x10017122248)
Starting the kernel with 397952items
Finished kernel execution
device: Intel(R) Xeon(R) CPU E5-2680 v3 @ 2.50GHz (0x10017122248) duration: 23.8626
duration mult ocl: 23.8655
delta: 2.66078e-07
starting multiplication with 397825 entries
entering mult, device: Intel(R) Xeon(R) CPU E5-2680 v3 @ 2.50GHz (0x10017122248)
Starting the kernel with 397952items
Finished kernel execution
device: Intel(R) Xeon(R) CPU E5-2680 v3 @ 2.50GHz (0x10017122248) duration: 23.8907
duration mult ocl: 23.8933
delta: 1.01529e-06
starting multiplication with 397825 entries
entering mult, device: Intel(R) Xeon(R) CPU E5-2680 v3 @ 2.50GHz (0x10017122248)
Starting the kernel with 397952items
Finished kernel execution
device: Intel(R) Xeon(R) CPU E5-2680 v3 @ 2.50GHz (0x10017122248) duration: 23.8501
duration mult ocl: 23.8533
delta: 7.06294e-07
starting multiplication with 397825 entries
entering mult, device: Intel(R) Xeon(R) CPU E5-2680 v3 @ 2.50GHz (0x10017122248)
Starting the kernel with 397952items
Finished kernel execution
device: Intel(R) Xeon(R) CPU E5-2680 v3 @ 2.50GHz (0x10017122248) duration: 23.8565
duration mult ocl: 23.8593
delta: 1.31455e-06
starting multiplication with 397825 entries
entering mult, device: Intel(R) Xeon(R) CPU E5-2680 v3 @ 2.50GHz (0x10017122248)
Starting the kernel with 397952items
Finished kernel execution
device: Intel(R) Xeon(R) CPU E5-2680 v3 @ 2.50GHz (0x10017122248) duration: 23.8329
duration mult ocl: 23.8355
delta: 2.46758e-07
starting multiplication with 397825 entries
entering mult, device: Intel(R) Xeon(R) CPU E5-2680 v3 @ 2.50GHz (0x10017122248)
Starting the kernel with 397952items
Finished kernel execution
device: Intel(R) Xeon(R) CPU E5-2680 v3 @ 2.50GHz (0x10017122248) duration: 23.9397
duration mult ocl: 23.9427
delta: 3.58144e-07
starting multiplication with 397825 entries
entering mult, device: Intel(R) Xeon(R) CPU E5-2680 v3 @ 2.50GHz (0x10017122248)
Starting the kernel with 397952items
Finished kernel execution
device: Intel(R) Xeon(R) CPU E5-2680 v3 @ 2.50GHz (0x10017122248) duration: 24.0139
duration mult ocl: 24.0168
delta: 2.05588e-07
starting multiplication with 397825 entries
entering mult, device: Intel(R) Xeon(R) CPU E5-2680 v3 @ 2.50GHz (0x10017122248)
Starting the kernel with 397952items
Finished kernel execution
device: Intel(R) Xeon(R) CPU E5-2680 v3 @ 2.50GHz (0x10017122248) duration: 23.871
duration mult ocl: 23.8736
delta: 2.38914e-06
starting multiplication with 397825 entries
entering mult, device: Intel(R) Xeon(R) CPU E5-2680 v3 @ 2.50GHz (0x10017122248)
Starting the kernel with 397952items
Finished kernel execution
device: Intel(R) Xeon(R) CPU E5-2680 v3 @ 2.50GHz (0x10017122248) duration: 23.8829
duration mult ocl: 23.8855
delta: 3.0317e-07
starting multiplication with 397825 entries
entering mult, device: Intel(R) Xeon(R) CPU E5-2680 v3 @ 2.50GHz (0x10017122248)
Starting the kernel with 397952items
Finished kernel execution
device: Intel(R) Xeon(R) CPU E5-2680 v3 @ 2.50GHz (0x10017122248) duration: 23.9096
duration mult ocl: 23.9122
delta: 1.14645e-06
starting multiplication with 397825 entries
entering mult, device: Intel(R) Xeon(R) CPU E5-2680 v3 @ 2.50GHz (0x10017122248)
Starting the kernel with 397952items
Finished kernel execution
device: Intel(R) Xeon(R) CPU E5-2680 v3 @ 2.50GHz (0x10017122248) duration: 23.8674
duration mult ocl: 23.87
delta: 7.52907e-07
starting multiplication with 397825 entries
entering mult, device: Intel(R) Xeon(R) CPU E5-2680 v3 @ 2.50GHz (0x10017122248)
Starting the kernel with 397952items
Finished kernel execution
device: Intel(R) Xeon(R) CPU E5-2680 v3 @ 2.50GHz (0x10017122248) duration: 24.0012
duration mult ocl: 24.0045
delta: 5.13468e-07
starting multiplication with 397825 entries
entering mult, device: Intel(R) Xeon(R) CPU E5-2680 v3 @ 2.50GHz (0x10017122248)
Starting the kernel with 397952items
Finished kernel execution
device: Intel(R) Xeon(R) CPU E5-2680 v3 @ 2.50GHz (0x10017122248) duration: 23.8326
duration mult ocl: 23.8354
delta: 1.43716e-07
starting multiplication with 397825 entries
entering mult, device: Intel(R) Xeon(R) CPU E5-2680 v3 @ 2.50GHz (0x10017122248)
Starting the kernel with 397952items
Finished kernel execution
device: Intel(R) Xeon(R) CPU E5-2680 v3 @ 2.50GHz (0x10017122248) duration: 23.8553
duration mult ocl: 23.858
delta: 1.82392e-07
starting multiplication with 397825 entries
entering mult, device: Intel(R) Xeon(R) CPU E5-2680 v3 @ 2.50GHz (0x10017122248)
Starting the kernel with 397952items
Finished kernel execution
device: Intel(R) Xeon(R) CPU E5-2680 v3 @ 2.50GHz (0x10017122248) duration: 23.8629
duration mult ocl: 23.8659
delta: 1.01052e-07
starting multiplication with 397825 entries
entering mult, device: Intel(R) Xeon(R) CPU E5-2680 v3 @ 2.50GHz (0x10017122248)
Starting the kernel with 397952items
Finished kernel execution
device: Intel(R) Xeon(R) CPU E5-2680 v3 @ 2.50GHz (0x10017122248) duration: 24.0135
duration mult ocl: 24.0164
delta: 8.36605e-07
starting multiplication with 397825 entries
entering mult, device: Intel(R) Xeon(R) CPU E5-2680 v3 @ 2.50GHz (0x10017122248)
Starting the kernel with 397952items
Finished kernel execution
device: Intel(R) Xeon(R) CPU E5-2680 v3 @ 2.50GHz (0x10017122248) duration: 23.8614
duration mult ocl: 23.8641
delta: 6.71053e-08
starting multiplication with 397825 entries
entering mult, device: Intel(R) Xeon(R) CPU E5-2680 v3 @ 2.50GHz (0x10017122248)
Starting the kernel with 397952items
Finished kernel execution
device: Intel(R) Xeon(R) CPU E5-2680 v3 @ 2.50GHz (0x10017122248) duration: 23.8531
duration mult ocl: 23.8562
delta: 9.80225e-07
starting multiplication with 397825 entries
entering mult, device: Intel(R) Xeon(R) CPU E5-2680 v3 @ 2.50GHz (0x10017122248)
Starting the kernel with 397952items
Finished kernel execution
device: Intel(R) Xeon(R) CPU E5-2680 v3 @ 2.50GHz (0x10017122248) duration: 23.868
duration mult ocl: 23.8707
delta: 2.30128e-07
starting multiplication with 397825 entries
entering mult, device: Intel(R) Xeon(R) CPU E5-2680 v3 @ 2.50GHz (0x10017122248)
Starting the kernel with 397952items
Finished kernel execution
device: Intel(R) Xeon(R) CPU E5-2680 v3 @ 2.50GHz (0x10017122248) duration: 23.8449
duration mult ocl: 23.8475
delta: 8.33427e-08
starting multiplication with 397825 entries
entering mult, device: Intel(R) Xeon(R) CPU E5-2680 v3 @ 2.50GHz (0x10017122248)
Starting the kernel with 397952items
Finished kernel execution
device: Intel(R) Xeon(R) CPU E5-2680 v3 @ 2.50GHz (0x10017122248) duration: 23.8978
duration mult ocl: 23.9006
delta: 4.23585e-07
starting multiplication with 397825 entries
entering mult, device: Intel(R) Xeon(R) CPU E5-2680 v3 @ 2.50GHz (0x10017122248)
Starting the kernel with 397952items
Finished kernel execution
device: Intel(R) Xeon(R) CPU E5-2680 v3 @ 2.50GHz (0x10017122248) duration: 24.0397
duration mult ocl: 24.043
delta: 1.92758e-07
starting multiplication with 397825 entries
entering mult, device: Intel(R) Xeon(R) CPU E5-2680 v3 @ 2.50GHz (0x10017122248)
Starting the kernel with 397952items
Finished kernel execution
device: Intel(R) Xeon(R) CPU E5-2680 v3 @ 2.50GHz (0x10017122248) duration: 24.0135
duration mult ocl: 24.0162
delta: 8.491e-08
starting multiplication with 397825 entries
entering mult, device: Intel(R) Xeon(R) CPU E5-2680 v3 @ 2.50GHz (0x10017122248)
Starting the kernel with 397952items
Finished kernel execution
device: Intel(R) Xeon(R) CPU E5-2680 v3 @ 2.50GHz (0x10017122248) duration: 23.8559
duration mult ocl: 23.8585
starting multiplication with 397825 entries
entering mult, device: Intel(R) Xeon(R) CPU E5-2680 v3 @ 2.50GHz (0x10017122248)
Starting the kernel with 397952items
Finished kernel execution
device: Intel(R) Xeon(R) CPU E5-2680 v3 @ 2.50GHz (0x10017122248) duration: 23.8509
duration mult ocl: 23.8534
delta: 3.39524e-07
starting multiplication with 397825 entries
entering mult, device: Intel(R) Xeon(R) CPU E5-2680 v3 @ 2.50GHz (0x10017122248)
Starting the kernel with 397952items
Finished kernel execution
device: Intel(R) Xeon(R) CPU E5-2680 v3 @ 2.50GHz (0x10017122248) duration: 23.8224
duration mult ocl: 23.825
delta: 4.95933e-08
starting multiplication with 397825 entries
entering mult, device: Intel(R) Xeon(R) CPU E5-2680 v3 @ 2.50GHz (0x10017122248)
Starting the kernel with 397952items
Finished kernel execution
device: Intel(R) Xeon(R) CPU E5-2680 v3 @ 2.50GHz (0x10017122248) duration: 23.8584
duration mult ocl: 23.8614
delta: 1.07113e-07
starting multiplication with 397825 entries
entering mult, device: Intel(R) Xeon(R) CPU E5-2680 v3 @ 2.50GHz (0x10017122248)
Starting the kernel with 397952items
Finished kernel execution
device: Intel(R) Xeon(R) CPU E5-2680 v3 @ 2.50GHz (0x10017122248) duration: 23.9104
duration mult ocl: 23.9135
delta: 9.28955e-08
starting multiplication with 397825 entries
entering mult, device: Intel(R) Xeon(R) CPU E5-2680 v3 @ 2.50GHz (0x10017122248)
Starting the kernel with 397952items
Finished kernel execution
device: Intel(R) Xeon(R) CPU E5-2680 v3 @ 2.50GHz (0x10017122248) duration: 23.8655
duration mult ocl: 23.8683
delta: 3.21903e-07
starting multiplication with 397825 entries
entering mult, device: Intel(R) Xeon(R) CPU E5-2680 v3 @ 2.50GHz (0x10017122248)
Starting the kernel with 397952items
Finished kernel execution
device: Intel(R) Xeon(R) CPU E5-2680 v3 @ 2.50GHz (0x10017122248) duration: 23.8984
duration mult ocl: 23.9013
delta: 1.14525e-07
starting multiplication with 397825 entries
entering mult, device: Intel(R) Xeon(R) CPU E5-2680 v3 @ 2.50GHz (0x10017122248)
Starting the kernel with 397952items
Finished kernel execution
device: Intel(R) Xeon(R) CPU E5-2680 v3 @ 2.50GHz (0x10017122248) duration: 23.8928
duration mult ocl: 23.8953
delta: 5.80736e-08
starting multiplication with 397825 entries
entering mult, device: Intel(R) Xeon(R) CPU E5-2680 v3 @ 2.50GHz (0x10017122248)
Starting the kernel with 397952items
Finished kernel execution
device: Intel(R) Xeon(R) CPU E5-2680 v3 @ 2.50GHz (0x10017122248) duration: 23.8296
duration mult ocl: 23.8323
delta: 1.49422e-08
Number of iterations: 158 (max. 1000)
Final norm of residuum: 1.49422e-08
counted_mult_calls: 162
acc_duration_density: 3879.32s
act_it: 162
ops_density: 3.64072e+06 GOps
flops_density: 938.495 GFLOPS
density_duration_total: 3902.63
surplus min: -2859.23 max: 8285.92
Starting graph creation...
Using configuration file OCL_configs/config_ocl_float_hazelhen.cfg
OCL Info: 1 OpenCL platforms have been found
OCL Info: detected platform, name: "Intel(R) OpenCL"
OCL Info: detected platform vendor name: "Intel(R) Corporation"
OCL Info: using platform, name: "Intel(R) OpenCL"
OCL Info: detected device, name: "Intel(R) Xeon(R) CPU E5-2680 v3 @ 2.50GHz"
OCL Info: using device, name: "Intel(R) Xeon(R) CPU E5-2680 v3 @ 2.50GHz"
unpadded_datasize: 1020000 adding elements: 32 (* dims)
building with optimization flags: -cl-denorms-are-zero -cl-fast-relaxed-math
--- Begin Build Log ---
Compilation started
Compilation done
Linking started
Linking done
Device build started
Device build done
Kernel <connectNeighbors> was successfully vectorized (8)
Done.
--- End Build Log ---
last_duration_create_graph: 39.5274s
ops_create_graph: 31212 GOps
flops_create_graph: 789.63 GFLOPS
Pruning graph...
Using configuration file OCL_configs/config_ocl_float_hazelhen.cfg
OCL Info: 1 OpenCL platforms have been found
OCL Info: detected platform, name: "Intel(R) OpenCL"
OCL Info: detected platform vendor name: "Intel(R) Corporation"
OCL Info: using platform, name: "Intel(R) OpenCL"
OCL Info: detected device, name: "Intel(R) Xeon(R) CPU E5-2680 v3 @ 2.50GHz"
OCL Info: using device, name: "Intel(R) Xeon(R) CPU E5-2680 v3 @ 2.50GHz"
building with optimization flags: -cl-denorms-are-zero -cl-fast-relaxed-math
--- Begin Build Log ---
Compilation started
Compilation done
Linking started
Linking done
Device build started
Device build done
Kernel <removeEdges> was successfully vectorized (8)
Done.
--- End Build Log ---
last_duration_prune_graph: 146.135s
ops_prune_graph: 176109 GOps
flops_prune_graph: 1205.11 GFLOPS
Finding clusters...
find_cluster_duration_total: 0.471054
detected clusters: 102
size cluster i: 0 -> 10001
size cluster i: 1 -> 10000
size cluster i: 2 -> 10000
size cluster i: 3 -> 10000
size cluster i: 4 -> 10001
size cluster i: 5 -> 10000
size cluster i: 6 -> 10000
size cluster i: 7 -> 9828
size cluster i: 8 -> 10002
size cluster i: 9 -> 10000
size cluster i: 10 -> 10000
size cluster i: 11 -> 10000
size cluster i: 12 -> 10004
size cluster i: 13 -> 10000
size cluster i: 14 -> 10000
size cluster i: 15 -> 9997
size cluster i: 16 -> 10000
size cluster i: 17 -> 20001
size cluster i: 18 -> 10001
size cluster i: 19 -> 10000
size cluster i: 20 -> 10000
size cluster i: 21 -> 10001
size cluster i: 22 -> 10001
size cluster i: 23 -> 10002
size cluster i: 24 -> 10000
size cluster i: 25 -> 10002
size cluster i: 26 -> 10000
size cluster i: 27 -> 10001
size cluster i: 28 -> 10000
size cluster i: 29 -> 10001
size cluster i: 30 -> 10000
size cluster i: 31 -> 10001
size cluster i: 32 -> 10001
size cluster i: 33 -> 10000
size cluster i: 34 -> 10000
size cluster i: 35 -> 10002
size cluster i: 36 -> 10001
size cluster i: 37 -> 10001
size cluster i: 38 -> 10004
size cluster i: 39 -> 10001
size cluster i: 40 -> 10003
size cluster i: 41 -> 10002
size cluster i: 42 -> 10000
size cluster i: 43 -> 10003
size cluster i: 44 -> 5086
size cluster i: 45 -> 10001
size cluster i: 46 -> 20003
size cluster i: 47 -> 9979
size cluster i: 48 -> 10000
size cluster i: 49 -> 10001
size cluster i: 50 -> 10000
size cluster i: 51 -> 10000
size cluster i: 52 -> 10001
size cluster i: 53 -> 10001
size cluster i: 54 -> 10000
size cluster i: 55 -> 10000
size cluster i: 56 -> 10000
size cluster i: 57 -> 10000
size cluster i: 58 -> 10000
size cluster i: 59 -> 10001
size cluster i: 60 -> 10003
size cluster i: 61 -> 10002
size cluster i: 62 -> 10000
size cluster i: 63 -> 10002
size cluster i: 64 -> 10001
size cluster i: 65 -> 10001
size cluster i: 66 -> 10005
size cluster i: 67 -> 10001
size cluster i: 68 -> 10003
size cluster i: 69 -> 10001
size cluster i: 70 -> 10002
size cluster i: 71 -> 10002
size cluster i: 72 -> 10001
size cluster i: 73 -> 10000
size cluster i: 74 -> 10001
size cluster i: 75 -> 6728
size cluster i: 76 -> 10001
size cluster i: 77 -> 10002
size cluster i: 78 -> 10000
size cluster i: 79 -> 10000
size cluster i: 80 -> 10000
size cluster i: 81 -> 9145
size cluster i: 82 -> 10003
size cluster i: 83 -> 10000
size cluster i: 84 -> 10001
size cluster i: 85 -> 10000
size cluster i: 86 -> 6787
size cluster i: 87 -> 10001
size cluster i: 88 -> 10000
size cluster i: 89 -> 10000
size cluster i: 90 -> 10001
size cluster i: 91 -> 10000
size cluster i: 92 -> 10000
size cluster i: 93 -> 10001
size cluster i: 94 -> 9417
size cluster i: 95 -> 7731
size cluster i: 96 -> 10000
size cluster i: 97 -> 1147
size cluster i: 98 -> 2
size cluster i: 99 -> 2
size cluster i: 100 -> 3
size cluster i: 101 -> 2
datapoints in clusters: 975934
total_duration_without_disk: 4090.7
total_duration: 4090.91

all done!
Application 2507181 resources: utime ~193388s, stime ~37s, Rss ~398672, inblocks ~0, outblocks ~0
