datasetFileName: datasets_diss/gaussian_c100_size100000_dim20id5_noise.arff
level: 15
lambda: 7.8e-13
OpenCL configuration file: OCL_configs/config_ocl_float_QuadroGP100.cfg
k: 6
threshold: 7.6e+08
using naive ocl knn
reading dataset...
info: ARFF dataset
Dataset load duration: 0.449834
dimension: 20
data points: 102000
printing first two datapoints (if available):
0.628097, 0.815111, 0.514884, 0.377155, 0.59072, 0.5, 0.5, 0.5, 0.5, 0.5, 0.5, 0.5, 0.5, 0.5, 0.5, 0.5, 0.5, 0.5, 0.5, 0.5
0.783194, 0.350661, 0.814137, 0.492211, 0.323734, 0.5, 0.5, 0.5, 0.5, 0.5, 0.5, 0.5, 0.5, 0.5, 0.5, 0.5, 0.5, 0.5, 0.5, 0.5
datadriven_refinement_min_support:800
num_candidates: 1
num_candidates: 1 num_candidates_padded: 256 grid_size: 256 block_size: 256
duration (s): 0.493513
candidates with support: 1
num_candidates: 40
num_candidates: 40 num_candidates_padded: 256 grid_size: 256 block_size: 256
duration (s): 0.47363
candidates with support: 10
num_candidates: 60
num_candidates: 60 num_candidates_padded: 256 grid_size: 256 block_size: 256
duration (s): 0.4544
candidates with support: 60
num_candidates: 280
num_candidates: 280 num_candidates_padded: 512 grid_size: 512 block_size: 256
duration (s): 0.475891
candidates with support: 270
num_candidates: 1060
num_candidates: 1060 num_candidates_padded: 1280 grid_size: 1280 block_size: 256
duration (s): 0.480565
candidates with support: 1012
num_candidates: 3562
num_candidates: 3562 num_candidates_padded: 3584 grid_size: 3584 block_size: 256
duration (s): 0.478912
candidates with support: 3236
num_candidates: 10578
num_candidates: 10578 num_candidates_padded: 10752 grid_size: 10752 block_size: 256
duration (s): 0.477243
candidates with support: 8662
num_candidates: 26968
num_candidates: 26968 num_candidates_padded: 27136 grid_size: 27136 block_size: 256
duration (s): 0.866054
candidates with support: 18427
num_candidates: 55840
num_candidates: 55840 num_candidates_padded: 56064 grid_size: 56064 block_size: 256
duration (s): 1.58246
candidates with support: 23676
num_candidates: 67258
num_candidates: 67258 num_candidates_padded: 67328 grid_size: 67328 block_size: 256
duration (s): 2.04568
candidates with support: 15879
num_candidates: 41366
num_candidates: 41366 num_candidates_padded: 41472 grid_size: 41472 block_size: 256
duration (s): 1.27285
candidates with support: 6636
num_candidates: 15988
num_candidates: 15988 num_candidates_padded: 16128 grid_size: 16128 block_size: 256
duration (s): 0.486061
candidates with support: 1892
num_candidates: 4276
num_candidates: 4276 num_candidates_padded: 4352 grid_size: 4352 block_size: 256
duration (s): 0.47481
candidates with support: 403
num_candidates: 876
num_candidates: 876 num_candidates_padded: 1024 grid_size: 1024 block_size: 256
duration (s): 0.476464
candidates with support: 56
num_candidates: 118
num_candidates: 118 num_candidates_padded: 256 grid_size: 256 block_size: 256
duration (s): 0.459847
candidates with support: 3
datadriven refinement done, grid size: 80223
grid create duration: 20.1953s
Using configuration file OCL_configs/config_ocl_float_QuadroGP100.cfg
device name: Quadro GP100
query_size: 4
max_compute_units: 56
last_duration_generate_b: 0.251856s
ops_generate_b: 990.112
flops_generate_b: 3931.27 GFLOPS
Solving density SLE
Starting Conjugated Gradients
All temp variables used in CG have been initialized
Starting norm of residuum: 0.28472
Target norm:               2.8472e-05
delta: 0.0416176
delta: 0.0884619
delta: 0.0615852
delta: 0.0526314
delta: 0.0422318
delta: 0.0571584
delta: 0.0381057
delta: 0.0268342
delta: 0.0847379
delta: 0.0345908
delta: 0.0343472
delta: 0.0209588
delta: 0.016739
delta: 0.0234554
delta: 0.0185408
delta: 0.0181671
delta: 0.015934
delta: 0.0240088
delta: 0.0125101
delta: 0.0118755
delta: 0.00825557
delta: 0.00676629
delta: 0.00680528
delta: 0.00661828
delta: 0.00507803
delta: 0.0155356
delta: 0.00453973
delta: 0.00610323
delta: 0.00575107
delta: 0.00267332
delta: 0.00242249
delta: 0.00490108
delta: 0.00410624
delta: 0.00765428
delta: 0.00236561
delta: 0.00173809
delta: 0.00289633
delta: 0.0024642
delta: 0.00111483
delta: 0.00133418
delta: 0.00263917
delta: 0.00213038
delta: 0.00152896
delta: 0.000791143
delta: 0.000531956
delta: 0.00138254
delta: 0.00106965
delta: 0.000510739
delta: 0.00228358
delta: 0.000472228
delta: 0.000572172
delta: 0.000307099
delta: 0.000540239
delta: 0.000310926
delta: 0.000308876
delta: 0.000823571
delta: 0.000244567
delta: 0.000160126
delta: 0.000490194
delta: 0.000143401
delta: 0.000179991
delta: 9.58615e-05
delta: 0.000614032
delta: 0.00012316
delta: 0.000170053
delta: 0.000117144
delta: 7.60153e-05
delta: 0.000104256
delta: 8.89573e-05
delta: 7.82881e-05
delta: 6.03624e-05
delta: 0.00013543
delta: 3.37429e-05
delta: 9.25101e-05
delta: 4.14133e-05
delta: 3.94065e-05
delta: 3.25857e-05
delta: 5.91059e-05
delta: 2.99116e-05
delta: 5.46887e-05
delta: 2.45539e-05
Number of iterations: 81 (max. 200)
Final norm of residuum: 2.45539e-05
counted_mult_calls: 83
act_it: 83
acc_duration_density: 31.3867s
ops_density: 150635 GOps
flops_density: 4799.31 GFLOPS
density_duration_total: 32.3048s
surplus min: -7.21954e+08 max: 1.24098e+09
Starting graph creation...
Using configuration file OCL_configs/config_ocl_float_QuadroGP100.cfg
unpadded_datasize: 102000 adding elements: 16 (* dims)
last_duration_create_graph: 0.141825s
ops_create_graph: 624.24 GOps
flops_create_graph: 4401.47 GFLOPS
Pruning graph...
Using configuration file OCL_configs/config_ocl_float_QuadroGP100.cfg
last_duration_prune_graph: 1.20662s
ops_prune_graph: 6988.07 GOps
flops_prune_graph: 5791.42 GFLOPS
Finding clusters...
find_cluster_duration_total: 0.095498s
detected clusters: 100
datapoints in clusters: 99444
write cluster map duration:0.110857s
total_duration_without_disk: 57.7568
total_duration: 58.2067

all done!
ARI: 0.9919078330985492
(101, 100)
[[  616.   993.   991.   996.   996.   996.   990.   981.   992.   996.
    994.   993.   988.   996.   998.   998.   994.   990.   989.   990.
    997.  1000.   999.   993.   996.   997.   997.   999.   990.  1000.
    990.   997.   996.   995.   998.   997.   991.   999.   988.   996.
    991.   995.   996.   998.   990.   995.   999.   996.   983.   999.
    994.   994.   998.   997.   998.   992.   995.   995.   992.   995.
    994.  1000.   995.   988.   992.   984.   998.   992.   994.   996.
    991.   998.   985.   991.   999.   993.   997.   998.   998.   999.
    993.   990.   985.   999.   997.   998.   986.   993.   996.   989.
    997.   996.   982.   994.   983.   994.  1000.   988.   996.   995.
    983.]]
