datasetFileName: datasets_diss/gaussian_c100_size100000_dim10id5_noise.arff
level: 9
lambda: 3e-08
OpenCL configuration file: OCL_configs/config_ocl_float_QuadroGP100.cfg
k: 6
threshold: 13000
using naive ocl knn
reading dataset...
info: ARFF dataset
Dataset load duration: 0.26919
dimension: 10
data points: 102000
printing first two datapoints (if available):
0.250777, 0.490012, 0.713012, 0.736749, 0.595485, 0.5, 0.5, 0.5, 0.5, 0.5
0.217042, 0.272448, 0.65378, 0.201373, 0.332794, 0.5, 0.5, 0.5, 0.5, 0.5
initial grid created, grid points: 8085505
grid create duration: 31.7658s
Using configuration file OCL_configs/config_ocl_float_QuadroGP100.cfg
device name: Quadro GP100
query_size: 4
max_compute_units: 56
last_duration_generate_b: 9.10272s
ops_generate_b: 50308
flops_generate_b: 5526.7 GFLOPS

b-based coarsening: removed 7990076 grid points, remaining: 95429
Using configuration file OCL_configs/config_ocl_float_QuadroGP100.cfg
device name: Quadro GP100
query_size: 4
max_compute_units: 56
Solving density SLE
Starting Conjugated Gradients
All temp variables used in CG have been initialized
Starting norm of residuum: 0.261587
Target norm:               2.61587e-05
delta: 0.0385459
delta: 0.0705655
delta: 0.0513585
delta: 0.049341
delta: 0.0298754
delta: 0.0400174
delta: 0.0357845
delta: 0.030154
delta: 0.0965512
delta: 0.0174917
delta: 0.0283131
delta: 0.0211613
delta: 0.014981
delta: 0.0156962
delta: 0.02715
delta: 0.0138285
delta: 0.0270701
delta: 0.0227764
delta: 0.00790578
delta: 0.00653917
delta: 0.0164278
delta: 0.0141842
delta: 0.00564393
delta: 0.00994657
delta: 0.0238899
delta: 0.00606576
delta: 0.00357939
delta: 0.00602072
delta: 0.00400023
delta: 0.00419185
delta: 0.00743562
delta: 0.0122206
delta: 0.00416961
delta: 0.00345453
delta: 0.00277041
delta: 0.00380189
delta: 0.00194283
delta: 0.00311944
delta: 0.00213374
delta: 0.00380082
delta: 0.00486456
delta: 0.00236231
delta: 0.00138479
delta: 0.000938464
delta: 0.00270757
delta: 0.00106892
delta: 0.00161707
delta: 0.00527643
delta: 0.000800392
delta: 0.000675181
delta: 0.00127099
delta: 0.000743209
delta: 0.000805445
delta: 0.000430612
delta: 0.00306857
delta: 0.000406916
delta: 0.000445487
delta: 0.000552735
delta: 0.000731178
delta: 0.000283885
delta: 0.000390656
delta: 0.000549381
delta: 0.000782599
delta: 0.000658371
delta: 0.000149936
delta: 0.000273105
delta: 0.000239172
delta: 0.000347952
delta: 0.000123064
delta: 0.000265101
delta: 0.000589617
delta: 0.000171881
delta: 0.000283271
delta: 0.00010189
delta: 0.000134296
delta: 8.40147e-05
delta: 0.000136588
delta: 0.000138509
delta: 0.000341744
delta: 7.89925e-05
delta: 6.95095e-05
delta: 5.21765e-05
delta: 4.07677e-05
delta: 7.00415e-05
delta: 0.000114712
delta: 4.55798e-05
delta: 8.36279e-05
delta: 3.37636e-05
delta: 4.84864e-05
delta: 3.36791e-05
delta: 6.43691e-05
delta: 2.13866e-05
Number of iterations: 92 (max. 200)
Final norm of residuum: 2.13866e-05
counted_mult_calls: 94
act_it: 94
acc_duration_density: 28.8846s
ops_density: 121556 GOps
flops_density: 4208.34 GFLOPS
density_duration_total: 70.8911s
surplus min: -16599.7 max: 31651
Starting graph creation...
Using configuration file OCL_configs/config_ocl_float_QuadroGP100.cfg
unpadded_datasize: 102000 adding elements: 16 (* dims)
last_duration_create_graph: 0.0728118s
ops_create_graph: 312.12 GOps
flops_create_graph: 4286.67 GFLOPS
Pruning graph...
Using configuration file OCL_configs/config_ocl_float_QuadroGP100.cfg
last_duration_prune_graph: 0.78819s
ops_prune_graph: 4224.45 GOps
flops_prune_graph: 5359.69 GFLOPS
Finding clusters...
find_cluster_duration_total: 0.114503s
detected clusters: 100
datapoints in clusters: 99589
write cluster map duration:0.162714s
total_duration_without_disk: 109.419
total_duration: 109.688

all done!
ARI: 0.9939802369998213
(101, 100)
[[  482.   991.   997.   999.   996.   996.   998.   993.   994.   994.
    997.   994.   998.   995.   992.   996.   999.   994.   998.   993.
    991.   991.   998.   997.   987.   998.  1000.   991.   997.   997.
    991.   999.   990.   994.   994.   993.   995.   997.   997.   999.
    994.   996.   993.   997.   998.   998.   995.   996.   997.   994.
    997.   996.   996.   992.   997.   995.   995.   992.   987.  1000.
    996.   996.   989.   990.   998.   998.   987.   996.   996.   997.
    995.   995.   996.   995.   994.   991.   998.   998.   994.   993.
    987.   999.   999.   997.   997.   998.   992.   991.   998.   999.
    989.   999.   998.   992.   996.   995.   997.   998.  1000.   995.
    995.]]
