training dataset: ../datasets/DR5/DR5_nowarnings_less05_train.arff
instances: 371908
support_refinement_min_support: 500
num_candidates: 1
candidates with support: 1
num_candidates: 10
candidates with support: 10
num_candidates: 60
candidates with support: 52
num_candidates: 236
candidates with support: 181
num_candidates: 706
candidates with support: 503
num_candidates: 1786
candidates with support: 1241
num_candidates: 4140
candidates with support: 2886
num_candidates: 9216
candidates with support: 6397
num_candidates: 19682
candidates with support: 13464
num_candidates: 40066
candidates with support: 26558
datadriven refinement done, grid size: 51293
creating createOperationMultipleEval type: DEFAULT, using base operator factory
creating createOperationMultipleEval type: DEFAULT, using base operator factory
Starting Learning....

Doing refinement: 0
Grid Size: 51293
Starting Conjugated Gradients
All temp variables used in CG have been initialized
Starting norm of residuum: -nan
Target norm:               0
.delta: 2.57808e+08
.delta: 1.0887e+08
.delta: 1.22866e+08
.delta: 3.58211e+07
.delta: 2.7514e+07
.delta: 1.78054e+07
.delta: 9.65269e+06
.delta: 3.83548e+06
.delta: 3.59447e+06
.delta: 3.79182e+06
.delta: 2.14596e+06
.delta: 2.84296e+06
.delta: 4.08108e+06
.delta: 1.13465e+06
.delta: 1.10873e+06
.delta: 916812
.delta: 608838
.delta: 2.53153e+06
.delta: 621287
.delta: 329252
.delta: 356679
.delta: 258986
.delta: 3.13943e+06
.delta: 154225
.delta: 358853
.delta: 303559
.delta: 184593
.delta: 359566
.delta: 186627
.delta: 143817
.delta: 107923
.delta: 428293
.delta: 94135.3
.delta: 1.66367e+06
.delta: 81195.1
.delta: 110857
.delta: 122782
.delta: 62918.2
.delta: 107382
.delta: 85542
.delta: 59697.2
.delta: 48004.4
.delta: 1.27047e+06
.delta: 72851.3
.delta: 90158.9
.delta: 632479
.delta: 35000.4
.delta: 42083.3
.delta: 133484
.delta: 113866
.delta: 31183.3
.delta: 29545.4
.delta: 602293
.delta: 69704.7
.delta: 30077.4
.delta: 19124.7
.delta: 27788
.delta: 89088.8
.delta: 130664
.delta: 19662.3
.delta: 35338.7
.delta: 51653.9
.delta: 114949
.delta: 72324.5
.delta: 20292.1
.delta: 31570.8
.delta: 28823.1
.delta: 44004.5
.delta: 16902.9
.delta: 41299
.delta: 12407.8
.delta: 486757
.delta: 18739.7
.delta: 59724.3
.delta: 31034
.delta: 10336.4
.delta: 26214.4
.delta: 13103.6
.delta: 11021.4
.delta: 18558.3
.delta: 100398
.delta: 49535.2
.delta: 23126.2
.delta: 11801.1
.delta: 19730.6
.delta: 17697.7
.delta: 34869.2
.delta: 21944.1
.delta: 34736.1
.delta: 11263.5
.delta: 64551.6
.delta: 311947
.delta: 22707.8
.delta: 7056.69
.delta: 23996.9
.delta: 10985.7
.delta: 8425.15
.delta: 14605.7
.delta: 7070.38
.delta: 26705
.delta: 238159
.delta: 27911.2
.delta: 28616.9
.delta: 6232.44
.delta: 20383.7
.delta: 5230.59
.delta: 7014.86
.delta: 8457.43
.delta: 17387.8
.delta: 14139.3
.delta: 15686.9
.delta: 12438.5
.delta: 9585.47
.delta: 8105.17
.delta: 27441.5
.delta: 4102.27
.delta: 8163.84
.delta: 9663.88
.delta: 8695.22
.delta: 23957.6
.delta: 37236.4
.delta: 4319.06
.delta: 16839.2
.delta: 7035.94
.delta: 6122.18
.delta: 6607.11
.delta: 29373.8
.delta: 5895.01
.delta: 4703.82
.delta: 131507
.delta: 2787.34
.delta: 37253.9
.delta: 5608.9
.delta: 5136.44
.delta: 5494.38
.delta: 2779.9
.delta: 10704.6
.delta: 27197.7
.delta: 9870
.delta: 3909.66
.delta: 13123.5
.delta: 24377
.delta: 2788.72
.delta: 3394.22
.delta: 2093.58
.delta: 5003.16
.delta: 2278.4
.delta: 93781
.delta: 10352
.delta: 2418.83
.delta: 11881.5
.delta: 14567.8
.delta: 3447.85
.delta: 3593.97
.delta: 2674.11
.delta: 5695.85
.delta: 2162.75
.delta: 6211.63
.delta: 5909.6
.delta: 12226.8
.delta: 1504.13
.delta: 6835.98
.delta: 2614.43
.delta: 2351.11
.delta: 6924.71
.delta: 5124.84
.delta: 6802.86
.delta: 2745.99
.delta: 2464.19
.delta: 1947.66
.delta: 6286.46
.delta: 2608.88
.delta: 1989
.delta: 1283.42
.delta: 1545.78
.delta: 4660.8
.delta: 5867.42
.delta: 12258.3
.delta: 6578.61
.delta: 3964.46
.delta: 1997.66
.delta: 1279.9
.delta: 922.092
.delta: 2943.16
.delta: 2571.19
.delta: 1826.05
.delta: 3499.95
.delta: 2415.35
.delta: 12867.5
.delta: 1098.62
.delta: 4408.16
.delta: 2248.82
.delta: 2184.27
.delta: 2557.13
.delta: 1596.82
.delta: 875.757
.delta: 41603.5
.delta: 600.182
.delta: 3006.47
.delta: 7568.73
.delta: 622.407
.delta: 1505.15
.delta: 9765.73
.delta: 1424.22
.delta: 1277.18
.delta: 2087.54
.delta: 3203.93
.delta: 3423.14
.delta: 818.431
.delta: 2813.3
.delta: 1168.59
.delta: 419.47
.delta: 997.917
.delta: 496.951
.delta: 2174.23
.delta: 23702.7
.delta: 3875.23
.delta: 649.409
.delta: 3642.61
.delta: 918.211
.delta: 1627.28
.delta: 1647.52
.delta: 436.942
.delta: 980.178
.delta: 1661.56
.delta: 612.324
.delta: 2313.93
.delta: 1917.49
.delta: 10307.5
.delta: 521.646
.delta: 1050.57
.delta: 983.581
.delta: 979.657
.delta: 1515.65
.delta: 456.894
.delta: 5983.25
.delta: 1430.91
.delta: 354.772
.delta: 1123.4
.delta: 491.567
.delta: 960.926
.delta: 796.316
.delta: 452.971
.delta: 2507.88
.delta: 932.286
.delta: 1301.01
.delta: 376.153
.delta: 2653.77
.delta: 681.636
.delta: 782.064
.delta: 278.685
.delta: 925.126
.delta: 250.751
.delta: 5924.5
.delta: 619.89
.delta: 4164.85
.delta: 994.274
.delta: 261.906
.delta: 459.564
.delta: 953.999
.delta: 164.852
.delta: 474.264
.delta: 213.732
.delta: 906.307
.delta: 526.441
.delta: 484.798
.delta: 965.919
.delta: 279.943
.delta: 677.244
.delta: 690.642
.delta: 680.364
.delta: 158.645
.delta: 346.602
.delta: 196.676
.delta: 7952.82
.delta: 267.324
.delta: 352.238
.delta: 983.235
.delta: 385.229
.delta: 2377.76
.delta: 350.281
.delta: 302.469
.delta: 143.537
.delta: 805.752
.delta: 1605.07
.delta: 288.912
.delta: 154.018
.delta: 592.598
.delta: 250.354
.delta: 338.315
.delta: 248.841
.delta: 609.463
.delta: 855.876
.delta: 191.662
.delta: 388.755
.delta: 218.717
.delta: 680.103
.delta: 178.317
.delta: 1017.8
.delta: 286.509

Number of iterations: 300 (max. 300)
Final norm of residuum: 286.509
counted_mult_calls: 306

Needed Iterations: 300
Final residuum: 286.509
note: performance calculation: coefficients are reused
note: performance calculation: iterations for calculation : 307.5
note: performance calculation: additional iteration for residual recalculation : 6

Current Duration:: 3490.98
Current GFlop/s: 100.819

Finished Training!

Training took: 3490.98 seconds

computing MSE of test dataset
creating createOperationMultipleEval type: DEFAULT, using base operator factory
classes computed/predicted
mse: 0.000582131
total_duration: 3506.09
