./datadriven/examplesOCL/regression_cmd --trainingFileName ../../DissertationCodeGTX/datasets/DR5/DR5_nowarnings_less05_train.arff --testFileName ../../DissertationCodeGTX/datasets/DR5/DR5_nowarnings_less05_test.arff --learnerMode LEARNTEST --grid.level 10 --lambda 1E-5 --grid.type ModLinear --verbose true --additionalConfig results_diss/DR5_scaling_ocl_float_gtx1080ti_6.cfg --operation.type STREAMING --operation.subType OCLUNIFIED --solverFinal.maxIterations 500 --solverFinal.eps 0 --isRegression true --adaptConfig.support_refinement_min_support 500 --adaptConfig.support_refinement_ocl_config results_diss/DR5_scaling_ocl_float_gtx1080ti_6.cfg --adaptConfig.use_support_refinement --do_dummy_ocl_init
OCL Info: 2 OpenCL platforms have been found
OCL Info: detected platform, name: "Intel(R) OpenCL"
OCL Info: detected platform vendor name: "Intel(R) Corporation"
OCL Info: platform not configured, skipping...
OCL Info: detected platform, name: "NVIDIA CUDA"
OCL Info: detected platform vendor name: "NVIDIA Corporation"
OCL Info: using platform, name: "NVIDIA CUDA"
OCL Info: platform device count: 8
OCL Info: detected device, name: "GeForce GTX 1080 Ti"
OCL Info: using device, name: "GeForce GTX 1080 Ti"
OCL Info: detected device, name: "GeForce GTX 1080 Ti"
OCL Info: using device, name: "GeForce GTX 1080 Ti"
OCL Info: detected device, name: "GeForce GTX 1080 Ti"
OCL Info: using device, name: "GeForce GTX 1080 Ti"
OCL Info: detected device, name: "GeForce GTX 1080 Ti"
OCL Info: using device, name: "GeForce GTX 1080 Ti"
OCL Info: detected device, name: "GeForce GTX 1080 Ti"
OCL Info: using device, name: "GeForce GTX 1080 Ti"
OCL Info: detected device, name: "GeForce GTX 1080 Ti"
OCL Info: using device, name: "GeForce GTX 1080 Ti"
OCL Info: detected device, name: "GeForce GTX 1080 Ti"
OCL Info: detected device, name: "GeForce GTX 1080 Ti"
ocl dummy initalization duration: 8.18892
instances: 371908
support_refinement_min_support: 500
OCL Info: 2 OpenCL platforms have been found
OCL Info: detected platform, name: "Intel(R) OpenCL"
OCL Info: detected platform vendor name: "Intel(R) Corporation"
OCL Info: platform not configured, skipping...
OCL Info: detected platform, name: "NVIDIA CUDA"
OCL Info: detected platform vendor name: "NVIDIA Corporation"
OCL Info: using platform, name: "NVIDIA CUDA"
OCL Info: platform device count: 8
OCL Info: detected device, name: "GeForce GTX 1080 Ti"
OCL Info: using device, name: "GeForce GTX 1080 Ti"
OCL Info: detected device, name: "GeForce GTX 1080 Ti"
OCL Info: using device, name: "GeForce GTX 1080 Ti"
OCL Info: detected device, name: "GeForce GTX 1080 Ti"
OCL Info: using device, name: "GeForce GTX 1080 Ti"
OCL Info: detected device, name: "GeForce GTX 1080 Ti"
OCL Info: using device, name: "GeForce GTX 1080 Ti"
OCL Info: detected device, name: "GeForce GTX 1080 Ti"
OCL Info: using device, name: "GeForce GTX 1080 Ti"
OCL Info: detected device, name: "GeForce GTX 1080 Ti"
OCL Info: using device, name: "GeForce GTX 1080 Ti"
OCL Info: detected device, name: "GeForce GTX 1080 Ti"
OCL Info: detected device, name: "GeForce GTX 1080 Ti"
ocl_init_duration: 1.94633
building kernel: verify_support
building with optimization flags: 
--- Build Log ---


building with optimization flags: 
--- Build Log ---


building with optimization flags: 
--- Build Log ---


building with optimization flags: 
--- Build Log ---


building with optimization flags: 
--- Build Log ---


building with optimization flags: 
--- Build Log ---


num_candidates: 1
num_candidates: 1 block_size: 128 num_candidates_per_device: 0
device: 5 range_padded: 128 range_start: 0 range_end: 1
candidates with support: 1
num_candidates: 10
num_candidates: 10 block_size: 128 num_candidates_per_device: 1
device: 5 range_padded: 128 range_start: 0 range_end: 10
candidates with support: 10
num_candidates: 60
num_candidates: 60 block_size: 128 num_candidates_per_device: 10
device: 5 range_padded: 128 range_start: 0 range_end: 60
candidates with support: 52
num_candidates: 236
num_candidates: 236 block_size: 128 num_candidates_per_device: 39
device: 5 range_padded: 256 range_start: 0 range_end: 236
candidates with support: 181
num_candidates: 706
num_candidates: 706 block_size: 128 num_candidates_per_device: 117
device: 5 range_padded: 768 range_start: 0 range_end: 706
candidates with support: 503
num_candidates: 1786
num_candidates: 1786 block_size: 128 num_candidates_per_device: 297
device: 5 range_padded: 1792 range_start: 0 range_end: 1786
candidates with support: 1241
num_candidates: 4140
num_candidates: 4140 block_size: 128 num_candidates_per_device: 690
device: device: device: 24 range_padded: 768 range_start: 2760 range_end: 3450
device: 5 range_padded: 768 range_start: 3450 range_end: 4140
device: 3 range_padded: 768 range_start: 2070 range_end: 2760
0 range_padded: 768 range_start: 0 range_end: 690
 range_padded: 768 range_start: 1380 range_end: 2070
device: 1 range_padded: 768 range_start: 690 range_end: 1380
candidates with support: 2886
num_candidates: 9216
num_candidates: 9216 block_size: 128 num_candidates_per_device: 1536
device: 0 range_padded: 1536 range_start: 0 range_end: 1536
device: device: device: 52 range_padded:  range_padded: 1536 range_start: 15363072 range_start: 7680 range_end:  range_end: 92164608

device: 3 range_padded: 1536 range_start: 4608 range_end: 6144device: 
4 range_padded: 1536 range_start: 6144 range_end: 7680
1 range_padded: 1536 range_start: 1536 range_end: 3072
candidates with support: 6397
num_candidates: 19682
num_candidates: 19682 block_size: 128 num_candidates_per_device: 3280
device: 2 range_padded: 3328 range_start: 6560 range_end: 9840
device: 5 range_padded: 3328 range_start: 16400 range_end: 19682
device: 0 range_padded: 3328 range_start: 0 range_end: 3280
device: 1 range_padded: 3328 range_start: 3280 range_end: 6560
device: 3 range_padded: 3328 range_start: 9840 range_end: 13120
device: 4 range_padded: 3328 range_start: 13120 range_end: 16400
candidates with support: 13464
num_candidates: 40066
num_candidates: 40066 block_size: 128 num_candidates_per_device: 6677
device: device: device: 3 range_padded: 56784 range_start: 20031 range_end:  range_padded: 267082
6784 range_start: 33385 range_end: 40066
device: 4 range_padded: 6784 range_start: 26708 range_end: 33385
device: 0 range_padded: 6784 range_start: 0 range_end: 6677
device: 1 range_padded: 6784 range_start: 6677 range_end: 13354
 range_padded: 6784 range_start: 13354 range_end: 20031
candidates with support: 26558
datadriven refinement done, grid size: 51293
creating createOperationMultipleEval type: DEFAULT, using base operator factory
creating createOperationMultipleEval grid: Linear type: STREAMING==DEFAULT subType: OCLUNIFIED
OCL Info: 2 OpenCL platforms have been found
OCL Info: detected platform, name: "Intel(R) OpenCL"
OCL Info: detected platform vendor name: "Intel(R) Corporation"
OCL Info: detected platform, name: "NVIDIA CUDA"
OCL Info: detected platform vendor name: "NVIDIA Corporation"
OCL Info: using platform, name: "NVIDIA CUDA"
OCL Info: detected device, name: "GeForce GTX 1080 Ti"
OCL Info: using device, name: "GeForce GTX 1080 Ti"
OCL Info: detected device, name: "GeForce GTX 1080 Ti"
OCL Info: using device, name: "GeForce GTX 1080 Ti"
OCL Info: detected device, name: "GeForce GTX 1080 Ti"
OCL Info: using device, name: "GeForce GTX 1080 Ti"
OCL Info: detected device, name: "GeForce GTX 1080 Ti"
OCL Info: using device, name: "GeForce GTX 1080 Ti"
OCL Info: detected device, name: "GeForce GTX 1080 Ti"
OCL Info: using device, name: "GeForce GTX 1080 Ti"
OCL Info: detected device, name: "GeForce GTX 1080 Ti"
OCL Info: using device, name: "GeForce GTX 1080 Ti"
OCL Info: detected device, name: "GeForce GTX 1080 Ti"
OCL Info: detected device, name: "GeForce GTX 1080 Ti"
Starting Learning....

Doing refinement: 0
Grid Size: 51293
building with optimization flags: 
building with optimization flags: 
building with optimization flags: 
building with optimization flags: 
building with optimization flags: 
building with optimization flags: 
--- Begin Build Log ---


--- End Build Log ---
--- Begin Build Log ---


--- End Build Log ---
--- Begin Build Log ---


--- End Build Log ---
--- Begin Build Log ---


--- End Build Log ---
--- Begin Build Log ---


--- End Build Log ---
--- Begin Build Log ---


--- End Build Log ---
transferring whole grid!
transferring whole grid!
transferring whole grid!
transferring whole grid!
transferring whole grid!
transferring whole grid!
duration multTranspose ocl mod: 0.249529
building with optimization flags: 
building with optimization flags: 
building with optimization flags: building with optimization flags: 

building with optimization flags: 
building with optimization flags: 
--- Begin Build Log ---


--- End Build Log ---
--- Begin Build Log ---


--- End Build Log ---
--- Begin Build Log ---


--- End Build Log ---
--- Begin Build Log ---


--- End Build Log ---
--- Begin Build Log ---


--- End Build Log ---
--- Begin Build Log ---


--- End Build Log ---
duration mult ocl mod: 0.252178
duration multTranspose ocl mod: 0.0223828
duration mult ocl mod: 0.0380881
duration multTranspose ocl mod: 0.0270126
duration mult ocl mod: 0.039867
duration multTranspose ocl mod: 0.0212062
duration mult ocl mod: 0.0398165
duration multTranspose ocl mod: 0.0408612
duration mult ocl mod: 0.0323161
duration multTranspose ocl mod: 0.0223182
duration mult ocl mod: 0.0350048
duration multTranspose ocl mod: 0.0199502
duration mult ocl mod: 0.0311195
duration multTranspose ocl mod: 0.0158482
duration mult ocl mod: 0.0305197
duration multTranspose ocl mod: 0.0206595
duration mult ocl mod: 0.0293113
duration multTranspose ocl mod: 0.0199287
duration mult ocl mod: 0.0292413
duration multTranspose ocl mod: 0.0178402
duration mult ocl mod: 0.0283032
duration multTranspose ocl mod: 0.018187
duration mult ocl mod: 0.0296988
duration multTranspose ocl mod: 0.018711
duration mult ocl mod: 0.0317332
duration multTranspose ocl mod: 0.0154607
duration mult ocl mod: 0.028414
duration multTranspose ocl mod: 0.0192438
duration mult ocl mod: 0.0308069
duration multTranspose ocl mod: 0.0205949
duration mult ocl mod: 0.0295352
duration multTranspose ocl mod: 0.0189474
duration mult ocl mod: 0.030631
duration multTranspose ocl mod: 0.0185339
duration mult ocl mod: 0.0318209
duration multTranspose ocl mod: 0.019365
duration mult ocl mod: 0.0303642
duration multTranspose ocl mod: 0.0183454
duration mult ocl mod: 0.0293327
duration multTranspose ocl mod: 0.0177521
duration mult ocl mod: 0.0307734
duration multTranspose ocl mod: 0.0204368
duration mult ocl mod: 0.0303112
duration multTranspose ocl mod: 0.0182873
duration mult ocl mod: 0.0292076
duration multTranspose ocl mod: 0.0159024
duration mult ocl mod: 0.0286775
duration multTranspose ocl mod: 0.0158645
duration mult ocl mod: 0.0292503
duration multTranspose ocl mod: 0.0191588
duration mult ocl mod: 0.0306992
duration multTranspose ocl mod: 0.0157711
duration mult ocl mod: 0.030525
duration multTranspose ocl mod: 0.0190746
duration mult ocl mod: 0.0293642
duration multTranspose ocl mod: 0.0156507
duration mult ocl mod: 0.0293648
duration multTranspose ocl mod: 0.0206309
duration mult ocl mod: 0.0305893
duration multTranspose ocl mod: 0.0195411
duration mult ocl mod: 0.0290807
duration multTranspose ocl mod: 0.0157108
duration mult ocl mod: 0.0293499
duration multTranspose ocl mod: 0.018633
duration mult ocl mod: 0.0320937
duration multTranspose ocl mod: 0.0179411
duration mult ocl mod: 0.0305017
duration multTranspose ocl mod: 0.0185013
duration mult ocl mod: 0.031964
duration multTranspose ocl mod: 0.019068
duration mult ocl mod: 0.0284403
duration multTranspose ocl mod: 0.0194722
duration mult ocl mod: 0.0320551
duration multTranspose ocl mod: 0.0186743
duration mult ocl mod: 0.029784
duration multTranspose ocl mod: 0.0201542
duration mult ocl mod: 0.0294108
duration multTranspose ocl mod: 0.0163237
duration mult ocl mod: 0.0296733
duration multTranspose ocl mod: 0.0189986
duration mult ocl mod: 0.0311245
duration multTranspose ocl mod: 0.0195867
duration mult ocl mod: 0.0293644
duration multTranspose ocl mod: 0.0185273
duration mult ocl mod: 0.0305896
duration multTranspose ocl mod: 0.0216818
duration mult ocl mod: 0.0292806
duration multTranspose ocl mod: 0.0185235
duration mult ocl mod: 0.0350157
duration multTranspose ocl mod: 0.0194508
duration mult ocl mod: 0.0318283
duration multTranspose ocl mod: 0.0179449
duration mult ocl mod: 0.0292991
duration multTranspose ocl mod: 0.0182846
duration mult ocl mod: 0.0293056
duration multTranspose ocl mod: 0.01904
duration mult ocl mod: 0.0305645
duration multTranspose ocl mod: 0.0158782
duration mult ocl mod: 0.0291255
duration multTranspose ocl mod: 0.0196329
duration mult ocl mod: 0.0293474
duration multTranspose ocl mod: 0.019866
duration mult ocl mod: 0.0284231
duration multTranspose ocl mod: 0.0185093
duration mult ocl mod: 0.0307823
duration multTranspose ocl mod: 0.0182541
duration mult ocl mod: 0.0292981
duration multTranspose ocl mod: 0.0187533
duration mult ocl mod: 0.0294072
duration multTranspose ocl mod: 0.0196547
duration mult ocl mod: 0.0307639
duration multTranspose ocl mod: 0.0205701
duration mult ocl mod: 0.0297352
duration multTranspose ocl mod: 0.018723
duration mult ocl mod: 0.0306003
duration multTranspose ocl mod: 0.0184438
duration mult ocl mod: 0.0308149
duration multTranspose ocl mod: 0.0202532
duration mult ocl mod: 0.0307736
duration multTranspose ocl mod: 0.0182556
duration mult ocl mod: 0.0306959
duration multTranspose ocl mod: 0.0191222
duration mult ocl mod: 0.0308123
duration multTranspose ocl mod: 0.0186616
duration mult ocl mod: 0.0320528
duration multTranspose ocl mod: 0.0154094
duration mult ocl mod: 0.0301381
duration multTranspose ocl mod: 0.0186359
duration mult ocl mod: 0.0317954
duration multTranspose ocl mod: 0.0185572
duration mult ocl mod: 0.0306793
duration multTranspose ocl mod: 0.0189808
duration mult ocl mod: 0.0285408
duration multTranspose ocl mod: 0.0184596
duration mult ocl mod: 0.0304988
duration multTranspose ocl mod: 0.0208217
duration mult ocl mod: 0.0282868
duration multTranspose ocl mod: 0.0180189
duration mult ocl mod: 0.0318447
duration multTranspose ocl mod: 0.0183327
duration mult ocl mod: 0.0304342
duration multTranspose ocl mod: 0.0155079
duration mult ocl mod: 0.0305861
duration multTranspose ocl mod: 0.0179
duration mult ocl mod: 0.0307802
duration multTranspose ocl mod: 0.015571
duration mult ocl mod: 0.0329797
duration multTranspose ocl mod: 0.0155979
duration mult ocl mod: 0.0306651
duration multTranspose ocl mod: 0.0202864
duration mult ocl mod: 0.029152
duration multTranspose ocl mod: 0.0152476
duration mult ocl mod: 0.0292146
duration multTranspose ocl mod: 0.0179811
duration mult ocl mod: 0.030866
duration multTranspose ocl mod: 0.018598
duration mult ocl mod: 0.0293491
duration multTranspose ocl mod: 0.0192663
duration mult ocl mod: 0.0295077
duration multTranspose ocl mod: 0.0154939
duration mult ocl mod: 0.0300394
duration multTranspose ocl mod: 0.0173187
duration mult ocl mod: 0.0297286
duration multTranspose ocl mod: 0.0184027
duration mult ocl mod: 0.0280154
duration multTranspose ocl mod: 0.0197925
duration mult ocl mod: 0.0306211
duration multTranspose ocl mod: 0.0179766
duration mult ocl mod: 0.0304736
duration multTranspose ocl mod: 0.0185833
duration mult ocl mod: 0.0305259
duration multTranspose ocl mod: 0.0200755
duration mult ocl mod: 0.0293631
duration multTranspose ocl mod: 0.0194628
duration mult ocl mod: 0.0308654
duration multTranspose ocl mod: 0.0188527
duration mult ocl mod: 0.0310189
duration multTranspose ocl mod: 0.0183021
duration mult ocl mod: 0.0334038
duration multTranspose ocl mod: 0.019003
duration mult ocl mod: 0.0318651
duration multTranspose ocl mod: 0.0209439
duration mult ocl mod: 0.029385
duration multTranspose ocl mod: 0.0195193
duration mult ocl mod: 0.0307001
duration multTranspose ocl mod: 0.020284
duration mult ocl mod: 0.0307054
duration multTranspose ocl mod: 0.0185378
duration mult ocl mod: 0.0310143
duration multTranspose ocl mod: 0.0160815
duration mult ocl mod: 0.0308084
duration multTranspose ocl mod: 0.0195201
duration mult ocl mod: 0.0309552
duration multTranspose ocl mod: 0.0176057
duration mult ocl mod: 0.0305492
duration multTranspose ocl mod: 0.0190371
duration mult ocl mod: 0.0294588
duration multTranspose ocl mod: 0.0157451
duration mult ocl mod: 0.0298395
duration multTranspose ocl mod: 0.0157604
duration mult ocl mod: 0.0294515
duration multTranspose ocl mod: 0.0188815
duration mult ocl mod: 0.0294314
duration multTranspose ocl mod: 0.0197918
duration mult ocl mod: 0.0306538
duration multTranspose ocl mod: 0.0191946
duration mult ocl mod: 0.0306415
duration multTranspose ocl mod: 0.0180617
duration mult ocl mod: 0.0306378
duration multTranspose ocl mod: 0.0186207
duration mult ocl mod: 0.0305873
duration multTranspose ocl mod: 0.0196321
duration mult ocl mod: 0.0306042
duration multTranspose ocl mod: 0.018339
duration mult ocl mod: 0.030588
duration multTranspose ocl mod: 0.0172277
duration mult ocl mod: 0.0293564
duration multTranspose ocl mod: 0.0192695
duration mult ocl mod: 0.0320069
duration multTranspose ocl mod: 0.0184972
duration mult ocl mod: 0.029478
duration multTranspose ocl mod: 0.0191608
duration mult ocl mod: 0.0300325
duration multTranspose ocl mod: 0.0272529
duration mult ocl mod: 0.0306592
duration multTranspose ocl mod: 0.0219108
duration mult ocl mod: 0.0294715
duration multTranspose ocl mod: 0.0182507
duration mult ocl mod: 0.0298304
duration multTranspose ocl mod: 0.0182193
duration mult ocl mod: 0.0305254
duration multTranspose ocl mod: 0.0192625
duration mult ocl mod: 0.0307047
duration multTranspose ocl mod: 0.0190991
duration mult ocl mod: 0.0307907
duration multTranspose ocl mod: 0.0182309
duration mult ocl mod: 0.0292572
duration multTranspose ocl mod: 0.0197968
duration mult ocl mod: 0.0305287
duration multTranspose ocl mod: 0.0159763
duration mult ocl mod: 0.0291798
duration multTranspose ocl mod: 0.0195052
duration mult ocl mod: 0.0293633
duration multTranspose ocl mod: 0.0196494
duration mult ocl mod: 0.0305046
duration multTranspose ocl mod: 0.0183164
duration mult ocl mod: 0.0297907
duration multTranspose ocl mod: 0.018511
duration mult ocl mod: 0.0307742
duration multTranspose ocl mod: 0.0178694
duration mult ocl mod: 0.0319049
duration multTranspose ocl mod: 0.0239883
duration mult ocl mod: 0.0308434
duration multTranspose ocl mod: 0.0193574
duration mult ocl mod: 0.0300256
duration multTranspose ocl mod: 0.0153316
duration mult ocl mod: 0.0307433
duration multTranspose ocl mod: 0.0192337
duration mult ocl mod: 0.030492
duration multTranspose ocl mod: 0.0179459
duration mult ocl mod: 0.0306665
duration multTranspose ocl mod: 0.0195055
duration mult ocl mod: 0.0288061
duration multTranspose ocl mod: 0.02181
duration mult ocl mod: 0.0292567
duration multTranspose ocl mod: 0.0187503
duration mult ocl mod: 0.0306811
duration multTranspose ocl mod: 0.0187345
duration mult ocl mod: 0.0296722
duration multTranspose ocl mod: 0.0152813
duration mult ocl mod: 0.0283023
duration multTranspose ocl mod: 0.016439
duration mult ocl mod: 0.0306475
duration multTranspose ocl mod: 0.0185667
duration mult ocl mod: 0.0296998
duration multTranspose ocl mod: 0.019874
duration mult ocl mod: 0.0323744
duration multTranspose ocl mod: 0.01924
duration mult ocl mod: 0.0323515
duration multTranspose ocl mod: 0.0204843
duration mult ocl mod: 0.0307341
duration multTranspose ocl mod: 0.019183
duration mult ocl mod: 0.0305155
duration multTranspose ocl mod: 0.0202762
duration mult ocl mod: 0.0308547
duration multTranspose ocl mod: 0.0182835
duration mult ocl mod: 0.0292494
duration multTranspose ocl mod: 0.0158792
duration mult ocl mod: 0.0318988
duration multTranspose ocl mod: 0.0185698
duration mult ocl mod: 0.0296974
duration multTranspose ocl mod: 0.0181725
duration mult ocl mod: 0.0305712
duration multTranspose ocl mod: 0.0191944
duration mult ocl mod: 0.0305325
duration multTranspose ocl mod: 0.0156292
duration mult ocl mod: 0.0318199
duration multTranspose ocl mod: 0.0193637
duration mult ocl mod: 0.0294461
duration multTranspose ocl mod: 0.018159
duration mult ocl mod: 0.0293855
duration multTranspose ocl mod: 0.0195467
duration mult ocl mod: 0.0295218
duration multTranspose ocl mod: 0.0155666
duration mult ocl mod: 0.0294141
duration multTranspose ocl mod: 0.016229
duration mult ocl mod: 0.030546
duration multTranspose ocl mod: 0.0188839
duration mult ocl mod: 0.0292105
duration multTranspose ocl mod: 0.0190062
duration mult ocl mod: 0.0289931
duration multTranspose ocl mod: 0.0192955
duration mult ocl mod: 0.0317515
duration multTranspose ocl mod: 0.0197397
duration mult ocl mod: 0.0293429
duration multTranspose ocl mod: 0.0163361
duration mult ocl mod: 0.0307042
duration multTranspose ocl mod: 0.019098
duration mult ocl mod: 0.0307142
duration multTranspose ocl mod: 0.0185591
duration mult ocl mod: 0.0294313
duration multTranspose ocl mod: 0.0211321
duration mult ocl mod: 0.0296237
duration multTranspose ocl mod: 0.0190643
duration mult ocl mod: 0.0302663
duration multTranspose ocl mod: 0.0181379
duration mult ocl mod: 0.0297597
duration multTranspose ocl mod: 0.0185419
duration mult ocl mod: 0.0306756
duration multTranspose ocl mod: 0.0184505
duration mult ocl mod: 0.0305772
duration multTranspose ocl mod: 0.0153457
duration mult ocl mod: 0.0318496
duration multTranspose ocl mod: 0.0159146
duration mult ocl mod: 0.0293846
duration multTranspose ocl mod: 0.0184781
duration mult ocl mod: 0.0322978
duration multTranspose ocl mod: 0.0185275
duration mult ocl mod: 0.0293463
duration multTranspose ocl mod: 0.0180583
duration mult ocl mod: 0.0304225
duration multTranspose ocl mod: 0.01846
duration mult ocl mod: 0.0309236
duration multTranspose ocl mod: 0.0206739
duration mult ocl mod: 0.0295043
duration multTranspose ocl mod: 0.018075
duration mult ocl mod: 0.0317668
duration multTranspose ocl mod: 0.01814
duration mult ocl mod: 0.0307034
duration multTranspose ocl mod: 0.0181374
duration mult ocl mod: 0.0319919
duration multTranspose ocl mod: 0.0293507
duration mult ocl mod: 0.0305635
duration multTranspose ocl mod: 0.0213264
duration mult ocl mod: 0.0305257
duration multTranspose ocl mod: 0.0184517
duration mult ocl mod: 0.0319046
duration multTranspose ocl mod: 0.018215
duration mult ocl mod: 0.031857
duration multTranspose ocl mod: 0.0182134
duration mult ocl mod: 0.0306627
duration multTranspose ocl mod: 0.0181616
duration mult ocl mod: 0.0294088
duration multTranspose ocl mod: 0.0177199
duration mult ocl mod: 0.0292135
duration multTranspose ocl mod: 0.0173781
duration mult ocl mod: 0.0304988
duration multTranspose ocl mod: 0.0188716
duration mult ocl mod: 0.0296573
duration multTranspose ocl mod: 0.0182008
duration mult ocl mod: 0.0305263
duration multTranspose ocl mod: 0.0181685
duration mult ocl mod: 0.0320505
duration multTranspose ocl mod: 0.01819
duration mult ocl mod: 0.0307902
duration multTranspose ocl mod: 0.0162563
duration mult ocl mod: 0.0319637
duration multTranspose ocl mod: 0.0154225
duration mult ocl mod: 0.0286826
duration multTranspose ocl mod: 0.0314519
duration mult ocl mod: 0.0288812
duration multTranspose ocl mod: 0.0187676
duration mult ocl mod: 0.0287629
duration multTranspose ocl mod: 0.0181129
duration mult ocl mod: 0.0286723
duration multTranspose ocl mod: 0.0156294
duration mult ocl mod: 0.0290088
duration multTranspose ocl mod: 0.0186577
duration mult ocl mod: 0.0285781
duration multTranspose ocl mod: 0.0191642
duration mult ocl mod: 0.030395
duration multTranspose ocl mod: 0.0156243
duration mult ocl mod: 0.0301941
duration multTranspose ocl mod: 0.018497
duration mult ocl mod: 0.0291158
duration multTranspose ocl mod: 0.019192
duration mult ocl mod: 0.0276455
duration multTranspose ocl mod: 0.0184285
duration mult ocl mod: 0.0289771
duration multTranspose ocl mod: 0.0186266
duration mult ocl mod: 0.0309385
duration multTranspose ocl mod: 0.0186907
duration mult ocl mod: 0.0295949
duration multTranspose ocl mod: 0.0158446
duration mult ocl mod: 0.0289532
duration multTranspose ocl mod: 0.0179227
duration mult ocl mod: 0.0297869
duration multTranspose ocl mod: 0.0176364
duration mult ocl mod: 0.0297168
duration multTranspose ocl mod: 0.0182209
duration mult ocl mod: 0.0289617
duration multTranspose ocl mod: 0.0155859
duration mult ocl mod: 0.0296107
duration multTranspose ocl mod: 0.0180428
duration mult ocl mod: 0.0297367
duration multTranspose ocl mod: 0.0191008
duration mult ocl mod: 0.0299038
duration multTranspose ocl mod: 0.0205624
duration mult ocl mod: 0.0293636
duration multTranspose ocl mod: 0.0192852
duration mult ocl mod: 0.028403
duration multTranspose ocl mod: 0.0183196
duration mult ocl mod: 0.0291304
duration multTranspose ocl mod: 0.0180367
duration mult ocl mod: 0.0289012
duration multTranspose ocl mod: 0.0201085
duration mult ocl mod: 0.0292323
duration multTranspose ocl mod: 0.0198299
duration mult ocl mod: 0.0284984
duration multTranspose ocl mod: 0.0180369
duration mult ocl mod: 0.0283047
duration multTranspose ocl mod: 0.0191385
duration mult ocl mod: 0.0291849
duration multTranspose ocl mod: 0.0171655
duration mult ocl mod: 0.0283321
duration multTranspose ocl mod: 0.0193806
duration mult ocl mod: 0.0295677
duration multTranspose ocl mod: 0.0203634
duration mult ocl mod: 0.0287264
duration multTranspose ocl mod: 0.0187092
duration mult ocl mod: 0.0314891
duration multTranspose ocl mod: 0.0181343
duration mult ocl mod: 0.0294642
duration multTranspose ocl mod: 0.0184115
duration mult ocl mod: 0.0286436
duration multTranspose ocl mod: 0.0199966
duration mult ocl mod: 0.0297645
duration multTranspose ocl mod: 0.0199367
duration mult ocl mod: 0.0296453
duration multTranspose ocl mod: 0.0180102
duration mult ocl mod: 0.0305974
duration multTranspose ocl mod: 0.015061
duration mult ocl mod: 0.0283357
duration multTranspose ocl mod: 0.0193696
duration mult ocl mod: 0.0283918
duration multTranspose ocl mod: 0.0183619
duration mult ocl mod: 0.0286345
duration multTranspose ocl mod: 0.0190247
duration mult ocl mod: 0.0283265
duration multTranspose ocl mod: 0.0156113
duration mult ocl mod: 0.028287
duration multTranspose ocl mod: 0.0186793
duration mult ocl mod: 0.0284493
duration multTranspose ocl mod: 0.0179664
duration mult ocl mod: 0.0285992
duration multTranspose ocl mod: 0.0186666
duration mult ocl mod: 0.0285675
duration multTranspose ocl mod: 0.0199296
duration mult ocl mod: 0.0291809
duration multTranspose ocl mod: 0.0201794
duration mult ocl mod: 0.0287748
duration multTranspose ocl mod: 0.0201015
duration mult ocl mod: 0.0283018
duration multTranspose ocl mod: 0.0155224
duration mult ocl mod: 0.0293541
duration multTranspose ocl mod: 0.0210486
duration mult ocl mod: 0.0292201
duration multTranspose ocl mod: 0.0204308
duration mult ocl mod: 0.0280944
duration multTranspose ocl mod: 0.0187403
duration mult ocl mod: 0.0284786
duration multTranspose ocl mod: 0.0200497
duration mult ocl mod: 0.0296006
duration multTranspose ocl mod: 0.0188713
duration mult ocl mod: 0.0287326
duration multTranspose ocl mod: 0.0191693
duration mult ocl mod: 0.0299171
duration multTranspose ocl mod: 0.0186976
duration mult ocl mod: 0.0282662
duration multTranspose ocl mod: 0.0192075
duration mult ocl mod: 0.0287432
duration multTranspose ocl mod: 0.0186477
duration mult ocl mod: 0.0294881
duration multTranspose ocl mod: 0.0185049
duration mult ocl mod: 0.0295901
duration multTranspose ocl mod: 0.0199307
duration mult ocl mod: 0.0309951
duration multTranspose ocl mod: 0.0196342
duration mult ocl mod: 0.0286694
duration multTranspose ocl mod: 0.0198042
duration mult ocl mod: 0.0303132
duration multTranspose ocl mod: 0.0179287
duration mult ocl mod: 0.0298791
duration multTranspose ocl mod: 0.0166111
duration mult ocl mod: 0.0287066
duration multTranspose ocl mod: 0.015505
duration mult ocl mod: 0.0295838
duration multTranspose ocl mod: 0.0165212
duration mult ocl mod: 0.0294639
duration multTranspose ocl mod: 0.0156667
duration mult ocl mod: 0.0309255
duration multTranspose ocl mod: 0.0161331
duration mult ocl mod: 0.0291867
duration multTranspose ocl mod: 0.0191904
duration mult ocl mod: 0.0285379
duration multTranspose ocl mod: 0.0186865
duration mult ocl mod: 0.0307866
duration multTranspose ocl mod: 0.0181593
duration mult ocl mod: 0.0310119
duration multTranspose ocl mod: 0.018848
duration mult ocl mod: 0.028939
duration multTranspose ocl mod: 0.0166031
duration mult ocl mod: 0.0296737
duration multTranspose ocl mod: 0.0153752
duration mult ocl mod: 0.0308355
duration multTranspose ocl mod: 0.0185588
duration mult ocl mod: 0.0291516
duration multTranspose ocl mod: 0.0187265
duration mult ocl mod: 0.0286277
duration multTranspose ocl mod: 0.0185833
duration mult ocl mod: 0.0303292
duration multTranspose ocl mod: 0.0181319
duration mult ocl mod: 0.0292329
duration multTranspose ocl mod: 0.0158828
duration mult ocl mod: 0.029129
duration multTranspose ocl mod: 0.0165201
duration mult ocl mod: 0.0286209
duration multTranspose ocl mod: 0.0179423
duration mult ocl mod: 0.0334421
duration multTranspose ocl mod: 0.0186305
duration mult ocl mod: 0.0294845
duration multTranspose ocl mod: 0.0185608
duration mult ocl mod: 0.0288461
duration multTranspose ocl mod: 0.0184005
duration mult ocl mod: 0.0289122
duration multTranspose ocl mod: 0.0177715
duration mult ocl mod: 0.0283487
duration multTranspose ocl mod: 0.0181174
duration mult ocl mod: 0.028149
duration multTranspose ocl mod: 0.0197871
duration mult ocl mod: 0.0294597
duration multTranspose ocl mod: 0.0191643
duration mult ocl mod: 0.0290641
duration multTranspose ocl mod: 0.0188953
duration mult ocl mod: 0.0291695
duration multTranspose ocl mod: 0.0156202
duration mult ocl mod: 0.029579
duration multTranspose ocl mod: 0.0181287
duration mult ocl mod: 0.0303063
duration multTranspose ocl mod: 0.01814
duration mult ocl mod: 0.032274
duration multTranspose ocl mod: 0.0186919
duration mult ocl mod: 0.0291331
duration multTranspose ocl mod: 0.0185639
duration mult ocl mod: 0.0298816
duration multTranspose ocl mod: 0.0184592
duration mult ocl mod: 0.0291111
duration multTranspose ocl mod: 0.0189551
duration mult ocl mod: 0.0290299
duration multTranspose ocl mod: 0.018397
duration mult ocl mod: 0.0282372
duration multTranspose ocl mod: 0.019485
duration mult ocl mod: 0.0292332
duration multTranspose ocl mod: 0.0181247
duration mult ocl mod: 0.0298027
duration multTranspose ocl mod: 0.0185335
duration mult ocl mod: 0.0282768
duration multTranspose ocl mod: 0.0160369
duration mult ocl mod: 0.02863
duration multTranspose ocl mod: 0.0185995
duration mult ocl mod: 0.0287361
duration multTranspose ocl mod: 0.0207872
duration mult ocl mod: 0.0284936
duration multTranspose ocl mod: 0.0185793
duration mult ocl mod: 0.0288605
duration multTranspose ocl mod: 0.0177733
duration mult ocl mod: 0.0285158
duration multTranspose ocl mod: 0.0194745
duration mult ocl mod: 0.0290594
duration multTranspose ocl mod: 0.0183892
duration mult ocl mod: 0.0286848
duration multTranspose ocl mod: 0.0186595
duration mult ocl mod: 0.0285807
duration multTranspose ocl mod: 0.0192482
duration mult ocl mod: 0.0284202
duration multTranspose ocl mod: 0.0191497
duration mult ocl mod: 0.0296704
duration multTranspose ocl mod: 0.0190627
duration mult ocl mod: 0.0283492
duration multTranspose ocl mod: 0.0191254
duration mult ocl mod: 0.0301293
duration multTranspose ocl mod: 0.0191164
duration mult ocl mod: 0.0286489
duration multTranspose ocl mod: 0.0190715
duration mult ocl mod: 0.0288039
duration multTranspose ocl mod: 0.0195145
duration mult ocl mod: 0.028743
duration multTranspose ocl mod: 0.01819
duration mult ocl mod: 0.0293929
duration multTranspose ocl mod: 0.0157726
duration mult ocl mod: 0.0287968
duration multTranspose ocl mod: 0.0216135
duration mult ocl mod: 0.0305127
duration multTranspose ocl mod: 0.0193236
duration mult ocl mod: 0.0284033
duration multTranspose ocl mod: 0.0201358
duration mult ocl mod: 0.0311342
duration multTranspose ocl mod: 0.019131
duration mult ocl mod: 0.0297804
duration multTranspose ocl mod: 0.0182818
duration mult ocl mod: 0.0297904
duration multTranspose ocl mod: 0.017984
duration mult ocl mod: 0.0296776
duration multTranspose ocl mod: 0.0188376
duration mult ocl mod: 0.0303695
duration multTranspose ocl mod: 0.0179966
duration mult ocl mod: 0.02898
duration multTranspose ocl mod: 0.0180781
duration mult ocl mod: 0.0289121
duration multTranspose ocl mod: 0.0182735
duration mult ocl mod: 0.0300108
duration multTranspose ocl mod: 0.0189017
duration mult ocl mod: 0.030342
duration multTranspose ocl mod: 0.0200009
duration mult ocl mod: 0.0286079
duration multTranspose ocl mod: 0.0166714
duration mult ocl mod: 0.0286422
duration multTranspose ocl mod: 0.0185871
duration mult ocl mod: 0.0296677
duration multTranspose ocl mod: 0.0162285
duration mult ocl mod: 0.028863
duration multTranspose ocl mod: 0.0178659
duration mult ocl mod: 0.0300648
duration multTranspose ocl mod: 0.0186566
duration mult ocl mod: 0.0285545
duration multTranspose ocl mod: 0.0195142
duration mult ocl mod: 0.0287255
duration multTranspose ocl mod: 0.0186601
duration mult ocl mod: 0.0297048
duration multTranspose ocl mod: 0.01558
duration mult ocl mod: 0.0282122
duration multTranspose ocl mod: 0.0175943
duration mult ocl mod: 0.0287408
duration multTranspose ocl mod: 0.0184292
duration mult ocl mod: 0.0292472
duration multTranspose ocl mod: 0.0188074
duration mult ocl mod: 0.0283025
duration multTranspose ocl mod: 0.0180299
duration mult ocl mod: 0.0284834
duration multTranspose ocl mod: 0.0194192
duration mult ocl mod: 0.0285849
duration multTranspose ocl mod: 0.019687
duration mult ocl mod: 0.029482
duration multTranspose ocl mod: 0.0152991
duration mult ocl mod: 0.0292401
duration multTranspose ocl mod: 0.0178559
duration mult ocl mod: 0.0294862
duration multTranspose ocl mod: 0.018412
duration mult ocl mod: 0.0280667
duration multTranspose ocl mod: 0.0191386
duration mult ocl mod: 0.0306015
duration multTranspose ocl mod: 0.0182169
duration mult ocl mod: 0.029794
duration multTranspose ocl mod: 0.0185857
duration mult ocl mod: 0.0285833
duration multTranspose ocl mod: 0.0178415
duration mult ocl mod: 0.0307245
duration multTranspose ocl mod: 0.0188884
duration mult ocl mod: 0.0285312
duration multTranspose ocl mod: 0.0193681
duration mult ocl mod: 0.0286025
duration multTranspose ocl mod: 0.0193703
duration mult ocl mod: 0.0298038
duration multTranspose ocl mod: 0.0179222
duration mult ocl mod: 0.0284557
duration multTranspose ocl mod: 0.0185912
duration mult ocl mod: 0.0291859
duration multTranspose ocl mod: 0.0189502
duration mult ocl mod: 0.0288409
duration multTranspose ocl mod: 0.0151202
duration mult ocl mod: 0.0352071
duration multTranspose ocl mod: 0.0180801
duration mult ocl mod: 0.0283159
duration multTranspose ocl mod: 0.0186892
duration mult ocl mod: 0.0283256
duration multTranspose ocl mod: 0.0153907
duration mult ocl mod: 0.0295275
duration multTranspose ocl mod: 0.0199511
duration mult ocl mod: 0.0304407
duration multTranspose ocl mod: 0.018314
duration mult ocl mod: 0.0285655
duration multTranspose ocl mod: 0.0189585
duration mult ocl mod: 0.0289619
duration multTranspose ocl mod: 0.0191085
duration mult ocl mod: 0.0287356
duration multTranspose ocl mod: 0.0185102
duration mult ocl mod: 0.0298851
duration multTranspose ocl mod: 0.0194643
duration mult ocl mod: 0.0285637
duration multTranspose ocl mod: 0.0188795
duration mult ocl mod: 0.029789
duration multTranspose ocl mod: 0.0175389
duration mult ocl mod: 0.029018
duration multTranspose ocl mod: 0.0174593
duration mult ocl mod: 0.028177
duration multTranspose ocl mod: 0.015846
duration mult ocl mod: 0.0306859
duration multTranspose ocl mod: 0.0166916
duration mult ocl mod: 0.0285972
duration multTranspose ocl mod: 0.0191589
duration mult ocl mod: 0.0295132
duration multTranspose ocl mod: 0.0195346
duration mult ocl mod: 0.0298999
duration multTranspose ocl mod: 0.018977
duration mult ocl mod: 0.0297261
duration multTranspose ocl mod: 0.0185646
duration mult ocl mod: 0.0299182
duration multTranspose ocl mod: 0.0184682
duration mult ocl mod: 0.0316733
duration multTranspose ocl mod: 0.0158348
duration mult ocl mod: 0.0283757
duration multTranspose ocl mod: 0.0183948
duration mult ocl mod: 0.0297842
duration multTranspose ocl mod: 0.015514
duration mult ocl mod: 0.0284337
duration multTranspose ocl mod: 0.0201847
duration mult ocl mod: 0.0301017
duration multTranspose ocl mod: 0.0186623
duration mult ocl mod: 0.0285901
duration multTranspose ocl mod: 0.0168321
duration mult ocl mod: 0.0304965
duration multTranspose ocl mod: 0.0185319
duration mult ocl mod: 0.0286274
duration multTranspose ocl mod: 0.018674
duration mult ocl mod: 0.0289138
duration multTranspose ocl mod: 0.0200159
duration mult ocl mod: 0.0315919
duration multTranspose ocl mod: 0.0161745
duration mult ocl mod: 0.0283531
duration multTranspose ocl mod: 0.0179649
duration mult ocl mod: 0.0294051
duration multTranspose ocl mod: 0.0179786
duration mult ocl mod: 0.0291358
duration multTranspose ocl mod: 0.0176807
duration mult ocl mod: 0.0304878
duration multTranspose ocl mod: 0.0180352
duration mult ocl mod: 0.028432
duration multTranspose ocl mod: 0.0188603
duration mult ocl mod: 0.0295519
duration multTranspose ocl mod: 0.0185604
duration mult ocl mod: 0.0284008
duration multTranspose ocl mod: 0.0157197
duration mult ocl mod: 0.0284638
duration multTranspose ocl mod: 0.0178956
duration mult ocl mod: 0.0283139
duration multTranspose ocl mod: 0.0183947
duration mult ocl mod: 0.0284629
duration multTranspose ocl mod: 0.0181785
duration mult ocl mod: 0.0291306
duration multTranspose ocl mod: 0.0174243
duration mult ocl mod: 0.033083
duration multTranspose ocl mod: 0.0175991
duration mult ocl mod: 0.0286906
duration multTranspose ocl mod: 0.0205459
duration mult ocl mod: 0.0280085
duration multTranspose ocl mod: 0.0154341
duration mult ocl mod: 0.0320564
duration multTranspose ocl mod: 0.0184936
duration mult ocl mod: 0.0284017
duration multTranspose ocl mod: 0.0186984
duration mult ocl mod: 0.0297022
duration multTranspose ocl mod: 0.0169633
duration mult ocl mod: 0.0291189
duration multTranspose ocl mod: 0.0198978
duration mult ocl mod: 0.0286696
duration multTranspose ocl mod: 0.0158264
duration mult ocl mod: 0.0314896
duration multTranspose ocl mod: 0.015858
duration mult ocl mod: 0.0294783
duration multTranspose ocl mod: 0.0199339
duration mult ocl mod: 0.0289402
duration multTranspose ocl mod: 0.0191876
duration mult ocl mod: 0.0289927
duration multTranspose ocl mod: 0.0182714
duration mult ocl mod: 0.029591
duration multTranspose ocl mod: 0.0184236
duration mult ocl mod: 0.0297197
duration multTranspose ocl mod: 0.0154259
duration mult ocl mod: 0.0283194
duration multTranspose ocl mod: 0.0184761
duration mult ocl mod: 0.0291904
duration multTranspose ocl mod: 0.01837
duration mult ocl mod: 0.0291641
duration multTranspose ocl mod: 0.018214
duration mult ocl mod: 0.0309732
duration multTranspose ocl mod: 0.0188302
duration mult ocl mod: 0.029109
duration multTranspose ocl mod: 0.0195517
duration mult ocl mod: 0.0279525
duration multTranspose ocl mod: 0.0188524
duration mult ocl mod: 0.030604
duration multTranspose ocl mod: 0.018109
duration mult ocl mod: 0.0278742
duration multTranspose ocl mod: 0.0176628
duration mult ocl mod: 0.0291651
duration multTranspose ocl mod: 0.0213757
duration mult ocl mod: 0.0289402
duration multTranspose ocl mod: 0.0156437
duration mult ocl mod: 0.0287085
duration multTranspose ocl mod: 0.0157678
duration mult ocl mod: 0.0297865
duration multTranspose ocl mod: 0.0188579
duration mult ocl mod: 0.0296269
duration multTranspose ocl mod: 0.0189433
duration mult ocl mod: 0.0309475
duration multTranspose ocl mod: 0.0195297
duration mult ocl mod: 0.0300859
duration multTranspose ocl mod: 0.0186968
duration mult ocl mod: 0.0294906
duration multTranspose ocl mod: 0.0182757
duration mult ocl mod: 0.0294046
duration multTranspose ocl mod: 0.0154746
duration mult ocl mod: 0.0297678
duration multTranspose ocl mod: 0.0190169
duration mult ocl mod: 0.029656
duration multTranspose ocl mod: 0.0182892
duration mult ocl mod: 0.0291305
duration multTranspose ocl mod: 0.0188028
duration mult ocl mod: 0.029986
duration multTranspose ocl mod: 0.0192433
duration mult ocl mod: 0.0289274
duration multTranspose ocl mod: 0.0189139
duration mult ocl mod: 0.028518
duration multTranspose ocl mod: 0.0152845
duration mult ocl mod: 0.029398
duration multTranspose ocl mod: 0.018225
duration mult ocl mod: 0.0281566
duration multTranspose ocl mod: 0.0291412
duration mult ocl mod: 0.028047
duration multTranspose ocl mod: 0.0202688
duration mult ocl mod: 0.028282
duration multTranspose ocl mod: 0.0186478
duration mult ocl mod: 0.0297089
duration multTranspose ocl mod: 0.0203415
duration mult ocl mod: 0.0287351
duration multTranspose ocl mod: 0.0193283
duration mult ocl mod: 0.0285998
duration multTranspose ocl mod: 0.0192763
duration mult ocl mod: 0.0283391
duration multTranspose ocl mod: 0.0195164
duration mult ocl mod: 0.0296415
duration multTranspose ocl mod: 0.019262
duration mult ocl mod: 0.0284633
duration multTranspose ocl mod: 0.0187888
duration mult ocl mod: 0.0296936
duration multTranspose ocl mod: 0.0188397
duration mult ocl mod: 0.0320266
duration multTranspose ocl mod: 0.0178142
duration mult ocl mod: 0.0291945
duration multTranspose ocl mod: 0.0194032
duration mult ocl mod: 0.0288701
duration multTranspose ocl mod: 0.0204177
duration mult ocl mod: 0.0297451
duration multTranspose ocl mod: 0.019336
duration mult ocl mod: 0.0284471
duration multTranspose ocl mod: 0.0196712
duration mult ocl mod: 0.0297698
duration multTranspose ocl mod: 0.0186221
duration mult ocl mod: 0.0295712
duration multTranspose ocl mod: 0.0187711
duration mult ocl mod: 0.0321428
duration multTranspose ocl mod: 0.0185325
duration mult ocl mod: 0.029295
duration multTranspose ocl mod: 0.0185703
duration mult ocl mod: 0.0288684
duration multTranspose ocl mod: 0.0177936
duration mult ocl mod: 0.0284383
duration multTranspose ocl mod: 0.0204257
duration mult ocl mod: 0.0300317
duration multTranspose ocl mod: 0.0201031
duration mult ocl mod: 0.0293137
duration multTranspose ocl mod: 0.0152862
duration mult ocl mod: 0.0287606
duration multTranspose ocl mod: 0.0193693
duration mult ocl mod: 0.0305064
duration multTranspose ocl mod: 0.0186733
duration mult ocl mod: 0.0296803
duration multTranspose ocl mod: 0.0176922
duration mult ocl mod: 0.0304807
duration multTranspose ocl mod: 0.0156438
duration mult ocl mod: 0.0308437
duration multTranspose ocl mod: 0.0151179
duration mult ocl mod: 0.028142
duration multTranspose ocl mod: 0.0186637
duration mult ocl mod: 0.0307777
duration multTranspose ocl mod: 0.0189498
duration mult ocl mod: 0.0286685
duration multTranspose ocl mod: 0.0198407
duration mult ocl mod: 0.0331341
duration multTranspose ocl mod: 0.0180791
duration mult ocl mod: 0.0296638
duration multTranspose ocl mod: 0.0181116
duration mult ocl mod: 0.0308007
duration multTranspose ocl mod: 0.015546
duration mult ocl mod: 0.0308135
duration multTranspose ocl mod: 0.019563
duration mult ocl mod: 0.0288091
duration multTranspose ocl mod: 0.0186818
duration mult ocl mod: 0.0288858
duration multTranspose ocl mod: 0.0185391
duration mult ocl mod: 0.0310569
duration multTranspose ocl mod: 0.0183136
duration mult ocl mod: 0.0295882
duration multTranspose ocl mod: 0.019714
duration mult ocl mod: 0.0295623
duration multTranspose ocl mod: 0.0162303
duration mult ocl mod: 0.0300545
duration multTranspose ocl mod: 0.0184017
duration mult ocl mod: 0.0285231
duration multTranspose ocl mod: 0.0187131
duration mult ocl mod: 0.0301595
duration multTranspose ocl mod: 0.0181157
duration mult ocl mod: 0.0279641
duration multTranspose ocl mod: 0.0156689
duration mult ocl mod: 0.0285601
duration multTranspose ocl mod: 0.0184864
duration mult ocl mod: 0.0301251
duration multTranspose ocl mod: 0.0199271
duration mult ocl mod: 0.0308311
duration multTranspose ocl mod: 0.0196436
duration mult ocl mod: 0.0300338
duration multTranspose ocl mod: 0.0183153
duration mult ocl mod: 0.029226
duration multTranspose ocl mod: 0.0163832
duration mult ocl mod: 0.0292106
duration multTranspose ocl mod: 0.0187979
duration mult ocl mod: 0.0296313
duration multTranspose ocl mod: 0.018276
duration mult ocl mod: 0.0284475
duration multTranspose ocl mod: 0.0184279
duration mult ocl mod: 0.0292908
duration multTranspose ocl mod: 0.0182441
duration mult ocl mod: 0.0284398
duration multTranspose ocl mod: 0.0197353
duration mult ocl mod: 0.0294359
duration multTranspose ocl mod: 0.0189582
duration mult ocl mod: 0.030092
duration multTranspose ocl mod: 0.0183855
duration mult ocl mod: 0.0283987
duration multTranspose ocl mod: 0.0184124
duration mult ocl mod: 0.0285421
duration multTranspose ocl mod: 0.0166528
duration mult ocl mod: 0.0296813
duration multTranspose ocl mod: 0.0183774
duration mult ocl mod: 0.0291363
duration multTranspose ocl mod: 0.0193258
duration mult ocl mod: 0.0283508
duration multTranspose ocl mod: 0.0191749
duration mult ocl mod: 0.028717
duration multTranspose ocl mod: 0.0154706
duration mult ocl mod: 0.0291383
duration multTranspose ocl mod: 0.0186309
duration mult ocl mod: 0.0291692
duration multTranspose ocl mod: 0.0182006
duration mult ocl mod: 0.0291695
duration multTranspose ocl mod: 0.0162102
duration mult ocl mod: 0.0292605
duration multTranspose ocl mod: 0.0156335
duration mult ocl mod: 0.0287258
duration multTranspose ocl mod: 0.0162522
duration mult ocl mod: 0.0284164
duration multTranspose ocl mod: 0.0180338
duration mult ocl mod: 0.0292297
duration multTranspose ocl mod: 0.0183497
duration mult ocl mod: 0.0285374
duration multTranspose ocl mod: 0.0204735
duration mult ocl mod: 0.0288382
duration multTranspose ocl mod: 0.0191923
duration mult ocl mod: 0.0309355
duration multTranspose ocl mod: 0.0183336
duration mult ocl mod: 0.0300275
duration multTranspose ocl mod: 0.0186032
duration mult ocl mod: 0.0300206
duration multTranspose ocl mod: 0.0204733
duration mult ocl mod: 0.0298107
duration multTranspose ocl mod: 0.0195288
duration mult ocl mod: 0.0287644
duration multTranspose ocl mod: 0.0158765
duration mult ocl mod: 0.02883
duration multTranspose ocl mod: 0.0185377
duration mult ocl mod: 0.0298337
duration multTranspose ocl mod: 0.0194291
duration mult ocl mod: 0.0322515
duration multTranspose ocl mod: 0.0190599
duration mult ocl mod: 0.028458
duration multTranspose ocl mod: 0.0201459
duration mult ocl mod: 0.0279205
duration multTranspose ocl mod: 0.0181317
duration mult ocl mod: 0.0308655
duration multTranspose ocl mod: 0.0188733
duration mult ocl mod: 0.0284903
duration multTranspose ocl mod: 0.0181279
duration mult ocl mod: 0.0279727
duration multTranspose ocl mod: 0.0158875
duration mult ocl mod: 0.0296335
duration multTranspose ocl mod: 0.0188155
duration mult ocl mod: 0.0286008
duration multTranspose ocl mod: 0.0151491
duration mult ocl mod: 0.0291984
duration multTranspose ocl mod: 0.0160759

Needed Iterations: 500
Final residuum: 50805.5
note: performance calculation: coefficients are reused
note: performance calculation: iterations for calculation : 511.5
note: performance calculation: additional iteration for residual recalculation : 10

Current Duration:: 27.3969
Current GFlop/s: 21369.2

Finished Training!

Training took: 27.3969 seconds

computing MSE of test dataset
creating createOperationMultipleEval grid: Linear type: STREAMING==DEFAULT subType: OCLUNIFIED
OCL Info: 2 OpenCL platforms have been found
OCL Info: detected platform, name: "Intel(R) OpenCL"
OCL Info: detected platform vendor name: "Intel(R) Corporation"
OCL Info: detected platform, name: "NVIDIA CUDA"
OCL Info: detected platform vendor name: "NVIDIA Corporation"
OCL Info: using platform, name: "NVIDIA CUDA"
OCL Info: detected device, name: "GeForce GTX 1080 Ti"
OCL Info: using device, name: "GeForce GTX 1080 Ti"
OCL Info: detected device, name: "GeForce GTX 1080 Ti"
OCL Info: using device, name: "GeForce GTX 1080 Ti"
OCL Info: detected device, name: "GeForce GTX 1080 Ti"
OCL Info: using device, name: "GeForce GTX 1080 Ti"
OCL Info: detected device, name: "GeForce GTX 1080 Ti"
OCL Info: using device, name: "GeForce GTX 1080 Ti"
OCL Info: detected device, name: "GeForce GTX 1080 Ti"
OCL Info: using device, name: "GeForce GTX 1080 Ti"
OCL Info: detected device, name: "GeForce GTX 1080 Ti"
OCL Info: using device, name: "GeForce GTX 1080 Ti"
OCL Info: detected device, name: "GeForce GTX 1080 Ti"
OCL Info: detected device, name: "GeForce GTX 1080 Ti"
building with optimization flags: 
building with optimization flags: 
building with optimization flags: 
building with optimization flags: 
building with optimization flags: 
building with optimization flags: 
--- Begin Build Log ---


--- End Build Log ---
--- Begin Build Log ---


--- End Build Log ---
--- Begin Build Log ---


--- End Build Log ---
--- Begin Build Log ---


--- End Build Log ---
--- Begin Build Log ---


--- End Build Log ---
--- Begin Build Log ---


--- End Build Log ---
duration mult ocl mod: 0.251262
classes computed/predicted
mse: 0.000491547
total_duration: 39.6648
