./datadriven/examplesOCL/regression_cmd --trainingFileName ../../DissertationCodeGTX/datasets/DR5/DR5_nowarnings_less05_train.arff --testFileName ../../DissertationCodeGTX/datasets/DR5/DR5_nowarnings_less05_test.arff --learnerMode LEARNTEST --grid.level 10 --lambda 1E-5 --grid.type ModLinear --verbose true --additionalConfig results_diss/DR5_scaling_ocl_float_gtx1080ti_1.cfg --operation.type STREAMING --operation.subType OCLUNIFIED --solverFinal.maxIterations 500 --solverFinal.eps 0 --isRegression true --adaptConfig.support_refinement_min_support 500 --adaptConfig.support_refinement_ocl_config results_diss/DR5_scaling_ocl_float_gtx1080ti_1.cfg --adaptConfig.use_support_refinement --do_dummy_ocl_init
OCL Info: 2 OpenCL platforms have been found
OCL Info: detected platform, name: "Intel(R) OpenCL"
OCL Info: detected platform vendor name: "Intel(R) Corporation"
OCL Info: platform not configured, skipping...
OCL Info: detected platform, name: "NVIDIA CUDA"
OCL Info: detected platform vendor name: "NVIDIA Corporation"
OCL Info: using platform, name: "NVIDIA CUDA"
OCL Info: platform device count: 8
OCL Info: detected device, name: "GeForce GTX 1080 Ti"
OCL Info: using device, name: "GeForce GTX 1080 Ti"
OCL Info: detected device, name: "GeForce GTX 1080 Ti"
OCL Info: detected device, name: "GeForce GTX 1080 Ti"
OCL Info: detected device, name: "GeForce GTX 1080 Ti"
OCL Info: detected device, name: "GeForce GTX 1080 Ti"
OCL Info: detected device, name: "GeForce GTX 1080 Ti"
OCL Info: detected device, name: "GeForce GTX 1080 Ti"
OCL Info: detected device, name: "GeForce GTX 1080 Ti"
ocl dummy initalization duration: 6.5708
instances: 371908
support_refinement_min_support: 500
OCL Info: 2 OpenCL platforms have been found
OCL Info: detected platform, name: "Intel(R) OpenCL"
OCL Info: detected platform vendor name: "Intel(R) Corporation"
OCL Info: platform not configured, skipping...
OCL Info: detected platform, name: "NVIDIA CUDA"
OCL Info: detected platform vendor name: "NVIDIA Corporation"
OCL Info: using platform, name: "NVIDIA CUDA"
OCL Info: platform device count: 8
OCL Info: detected device, name: "GeForce GTX 1080 Ti"
OCL Info: using device, name: "GeForce GTX 1080 Ti"
OCL Info: detected device, name: "GeForce GTX 1080 Ti"
OCL Info: detected device, name: "GeForce GTX 1080 Ti"
OCL Info: detected device, name: "GeForce GTX 1080 Ti"
OCL Info: detected device, name: "GeForce GTX 1080 Ti"
OCL Info: detected device, name: "GeForce GTX 1080 Ti"
OCL Info: detected device, name: "GeForce GTX 1080 Ti"
OCL Info: detected device, name: "GeForce GTX 1080 Ti"
ocl_init_duration: 0.309569
building kernel: verify_support
building with optimization flags: 
--- Build Log ---


num_candidates: 1
num_candidates: 1 block_size: 128 num_candidates_per_device: 1
device: 0 range_padded: 128 range_start: 0 range_end: 1
candidates with support: 1
num_candidates: 10
num_candidates: 10 block_size: 128 num_candidates_per_device: 10
device: 0 range_padded: 128 range_start: 0 range_end: 10
candidates with support: 10
num_candidates: 60
num_candidates: 60 block_size: 128 num_candidates_per_device: 60
device: 0 range_padded: 128 range_start: 0 range_end: 60
candidates with support: 52
num_candidates: 236
num_candidates: 236 block_size: 128 num_candidates_per_device: 236
device: 0 range_padded: 256 range_start: 0 range_end: 236
candidates with support: 181
num_candidates: 706
num_candidates: 706 block_size: 128 num_candidates_per_device: 706
device: 0 range_padded: 768 range_start: 0 range_end: 706
candidates with support: 503
num_candidates: 1786
num_candidates: 1786 block_size: 128 num_candidates_per_device: 1786
device: 0 range_padded: 1792 range_start: 0 range_end: 1786
candidates with support: 1241
num_candidates: 4140
num_candidates: 4140 block_size: 128 num_candidates_per_device: 4140
device: 0 range_padded: 4224 range_start: 0 range_end: 4140
candidates with support: 2886
num_candidates: 9216
num_candidates: 9216 block_size: 128 num_candidates_per_device: 9216
device: 0 range_padded: 9216 range_start: 0 range_end: 9216
candidates with support: 6397
num_candidates: 19682
num_candidates: 19682 block_size: 128 num_candidates_per_device: 19682
device: 0 range_padded: 19712 range_start: 0 range_end: 19682
candidates with support: 13464
num_candidates: 40066
num_candidates: 40066 block_size: 128 num_candidates_per_device: 40066
device: 0 range_padded: 40192 range_start: 0 range_end: 40066
candidates with support: 26558
datadriven refinement done, grid size: 51293
creating createOperationMultipleEval type: DEFAULT, using base operator factory
creating createOperationMultipleEval grid: Linear type: STREAMING==DEFAULT subType: OCLUNIFIED
OCL Info: 2 OpenCL platforms have been found
OCL Info: detected platform, name: "Intel(R) OpenCL"
OCL Info: detected platform vendor name: "Intel(R) Corporation"
OCL Info: detected platform, name: "NVIDIA CUDA"
OCL Info: detected platform vendor name: "NVIDIA Corporation"
OCL Info: using platform, name: "NVIDIA CUDA"
OCL Info: detected device, name: "GeForce GTX 1080 Ti"
OCL Info: using device, name: "GeForce GTX 1080 Ti"
OCL Info: detected device, name: "GeForce GTX 1080 Ti"
OCL Info: detected device, name: "GeForce GTX 1080 Ti"
OCL Info: detected device, name: "GeForce GTX 1080 Ti"
OCL Info: detected device, name: "GeForce GTX 1080 Ti"
OCL Info: detected device, name: "GeForce GTX 1080 Ti"
OCL Info: detected device, name: "GeForce GTX 1080 Ti"
OCL Info: detected device, name: "GeForce GTX 1080 Ti"
Starting Learning....

Doing refinement: 0
Grid Size: 51293
building with optimization flags: 
--- Begin Build Log ---


--- End Build Log ---
transferring whole grid!
duration multTranspose ocl mod: 0.0955449
building with optimization flags: 
--- Begin Build Log ---


--- End Build Log ---
duration mult ocl mod: 0.168652
duration multTranspose ocl mod: 0.067147
duration mult ocl mod: 0.137665
duration multTranspose ocl mod: 0.0673467
duration mult ocl mod: 0.138802
duration multTranspose ocl mod: 0.0673116
duration mult ocl mod: 0.138855
duration multTranspose ocl mod: 0.0673529
duration mult ocl mod: 0.13882
duration multTranspose ocl mod: 0.0673596
duration mult ocl mod: 0.137591
duration multTranspose ocl mod: 0.067098
duration mult ocl mod: 0.137573
duration multTranspose ocl mod: 0.0672853
duration mult ocl mod: 0.138783
duration multTranspose ocl mod: 0.0673276
duration mult ocl mod: 0.138828
duration multTranspose ocl mod: 0.067341
duration mult ocl mod: 0.13847
duration multTranspose ocl mod: 0.0677449
duration mult ocl mod: 0.139086
duration multTranspose ocl mod: 0.0673084
duration mult ocl mod: 0.139066
duration multTranspose ocl mod: 0.0675836
duration mult ocl mod: 0.137715
duration multTranspose ocl mod: 0.0673595
duration mult ocl mod: 0.138948
duration multTranspose ocl mod: 0.0674031
duration mult ocl mod: 0.137756
duration multTranspose ocl mod: 0.0674426
duration mult ocl mod: 0.137736
duration multTranspose ocl mod: 0.0671255
duration mult ocl mod: 0.137748
duration multTranspose ocl mod: 0.0674062
duration mult ocl mod: 0.139393
duration multTranspose ocl mod: 0.0673415
duration mult ocl mod: 0.137742
duration multTranspose ocl mod: 0.0673689
duration mult ocl mod: 0.140014
duration multTranspose ocl mod: 0.0670955
duration mult ocl mod: 0.137842
duration multTranspose ocl mod: 0.0696921
duration mult ocl mod: 0.139389
duration multTranspose ocl mod: 0.0674704
duration mult ocl mod: 0.137725
duration multTranspose ocl mod: 0.0670847
duration mult ocl mod: 0.139315
duration multTranspose ocl mod: 0.0673334
duration mult ocl mod: 0.137996
duration multTranspose ocl mod: 0.0674404
duration mult ocl mod: 0.138093
duration multTranspose ocl mod: 0.0676473
duration mult ocl mod: 0.13911
duration multTranspose ocl mod: 0.0676605
duration mult ocl mod: 0.139012
duration multTranspose ocl mod: 0.0674244
duration mult ocl mod: 0.138396
duration multTranspose ocl mod: 0.0673589
duration mult ocl mod: 0.137754
duration multTranspose ocl mod: 0.0673986
duration mult ocl mod: 0.139494
duration multTranspose ocl mod: 0.067735
duration mult ocl mod: 0.138107
duration multTranspose ocl mod: 0.0671463
duration mult ocl mod: 0.13842
duration multTranspose ocl mod: 0.0675173
duration mult ocl mod: 0.139381
duration multTranspose ocl mod: 0.0671185
duration mult ocl mod: 0.13893
duration multTranspose ocl mod: 0.0674181
duration mult ocl mod: 0.138744
duration multTranspose ocl mod: 0.0671602
duration mult ocl mod: 0.139699
duration multTranspose ocl mod: 0.0675726
duration mult ocl mod: 0.139554
duration multTranspose ocl mod: 0.0671407
duration mult ocl mod: 0.140337
duration multTranspose ocl mod: 0.067761
duration mult ocl mod: 0.139495
duration multTranspose ocl mod: 0.0686942
duration mult ocl mod: 0.13896
duration multTranspose ocl mod: 0.0673943
duration mult ocl mod: 0.140252
duration multTranspose ocl mod: 0.0679808
duration mult ocl mod: 0.138945
duration multTranspose ocl mod: 0.0678197
duration mult ocl mod: 0.140231
duration multTranspose ocl mod: 0.0679956
duration mult ocl mod: 0.140218
duration multTranspose ocl mod: 0.0679554
duration mult ocl mod: 0.138965
duration multTranspose ocl mod: 0.068024
duration mult ocl mod: 0.140233
duration multTranspose ocl mod: 0.0679773
duration mult ocl mod: 0.140293
duration multTranspose ocl mod: 0.0680019
duration mult ocl mod: 0.138931
duration multTranspose ocl mod: 0.068225
duration mult ocl mod: 0.138969
duration multTranspose ocl mod: 0.067679
duration mult ocl mod: 0.140181
duration multTranspose ocl mod: 0.0676955
duration mult ocl mod: 0.140217
duration multTranspose ocl mod: 0.0677121
duration mult ocl mod: 0.139582
duration multTranspose ocl mod: 0.0681052
duration mult ocl mod: 0.140603
duration multTranspose ocl mod: 0.0680486
duration mult ocl mod: 0.140224
duration multTranspose ocl mod: 0.067821
duration mult ocl mod: 0.140261
duration multTranspose ocl mod: 0.0680946
duration mult ocl mod: 0.13901
duration multTranspose ocl mod: 0.0680816
duration mult ocl mod: 0.140274
duration multTranspose ocl mod: 0.0677813
duration mult ocl mod: 0.140778
duration multTranspose ocl mod: 0.0680405
duration mult ocl mod: 0.140256
duration multTranspose ocl mod: 0.068035
duration mult ocl mod: 0.139026
duration multTranspose ocl mod: 0.068042
duration mult ocl mod: 0.138969
duration multTranspose ocl mod: 0.0679045
duration mult ocl mod: 0.140304
duration multTranspose ocl mod: 0.0680872
duration mult ocl mod: 0.1403
duration multTranspose ocl mod: 0.06777
duration mult ocl mod: 0.138951
duration multTranspose ocl mod: 0.0677323
duration mult ocl mod: 0.140321
duration multTranspose ocl mod: 0.0678126
duration mult ocl mod: 0.138961
duration multTranspose ocl mod: 0.0678086
duration mult ocl mod: 0.14026
duration multTranspose ocl mod: 0.0680452
duration mult ocl mod: 0.139119
duration multTranspose ocl mod: 0.0680473
duration mult ocl mod: 0.140429
duration multTranspose ocl mod: 0.0680286
duration mult ocl mod: 0.139762
duration multTranspose ocl mod: 0.0683261
duration mult ocl mod: 0.13908
duration multTranspose ocl mod: 0.0682696
duration mult ocl mod: 0.140314
duration multTranspose ocl mod: 0.068378
duration mult ocl mod: 0.140883
duration multTranspose ocl mod: 0.0680906
duration mult ocl mod: 0.140619
duration multTranspose ocl mod: 0.0680017
duration mult ocl mod: 0.139055
duration multTranspose ocl mod: 0.0677938
duration mult ocl mod: 0.137744
duration multTranspose ocl mod: 0.0677797
duration mult ocl mod: 0.142195
duration multTranspose ocl mod: 0.0679458
duration mult ocl mod: 0.139208
duration multTranspose ocl mod: 0.0678854
duration mult ocl mod: 0.141244
duration multTranspose ocl mod: 0.0681781
duration mult ocl mod: 0.139985
duration multTranspose ocl mod: 0.0676996
duration mult ocl mod: 0.142767
duration multTranspose ocl mod: 0.067889
duration mult ocl mod: 0.140668
duration multTranspose ocl mod: 0.0679829
duration mult ocl mod: 0.139932
duration multTranspose ocl mod: 0.0681482
duration mult ocl mod: 0.141012
duration multTranspose ocl mod: 0.0677225
duration mult ocl mod: 0.139361
duration multTranspose ocl mod: 0.0676744
duration mult ocl mod: 0.139045
duration multTranspose ocl mod: 0.0681713
duration mult ocl mod: 0.139913
duration multTranspose ocl mod: 0.0677778
duration mult ocl mod: 0.140934
duration multTranspose ocl mod: 0.0680598
duration mult ocl mod: 0.139279
duration multTranspose ocl mod: 0.0676811
duration mult ocl mod: 0.141366
duration multTranspose ocl mod: 0.0676068
duration mult ocl mod: 0.140438
duration multTranspose ocl mod: 0.0684257
duration mult ocl mod: 0.140829
duration multTranspose ocl mod: 0.0681828
duration mult ocl mod: 0.140419
duration multTranspose ocl mod: 0.0679658
duration mult ocl mod: 0.141234
duration multTranspose ocl mod: 0.0679649
duration mult ocl mod: 0.140417
duration multTranspose ocl mod: 0.0677845
duration mult ocl mod: 0.139442
duration multTranspose ocl mod: 0.0677003
duration mult ocl mod: 0.13783
duration multTranspose ocl mod: 0.06814
duration mult ocl mod: 0.141263
duration multTranspose ocl mod: 0.0681827
duration mult ocl mod: 0.139757
duration multTranspose ocl mod: 0.067756
duration mult ocl mod: 0.140706
duration multTranspose ocl mod: 0.067838
duration mult ocl mod: 0.140222
duration multTranspose ocl mod: 0.0679371
duration mult ocl mod: 0.13997
duration multTranspose ocl mod: 0.0678794
duration mult ocl mod: 0.139689
duration multTranspose ocl mod: 0.0677863
duration mult ocl mod: 0.139319
duration multTranspose ocl mod: 0.0681397
duration mult ocl mod: 0.14125
duration multTranspose ocl mod: 0.0682872
duration mult ocl mod: 0.139967
duration multTranspose ocl mod: 0.0676639
duration mult ocl mod: 0.140823
duration multTranspose ocl mod: 0.0680988
duration mult ocl mod: 0.140757
duration multTranspose ocl mod: 0.0679402
duration mult ocl mod: 0.141334
duration multTranspose ocl mod: 0.0681151
duration mult ocl mod: 0.139824
duration multTranspose ocl mod: 0.0677788
duration mult ocl mod: 0.139541
duration multTranspose ocl mod: 0.0681678
duration mult ocl mod: 0.13902
duration multTranspose ocl mod: 0.0682542
duration mult ocl mod: 0.139511
duration multTranspose ocl mod: 0.0685622
duration mult ocl mod: 0.141374
duration multTranspose ocl mod: 0.0680709
duration mult ocl mod: 0.139752
duration multTranspose ocl mod: 0.0679587
duration mult ocl mod: 0.140255
duration multTranspose ocl mod: 0.0677757
duration mult ocl mod: 0.141248
duration multTranspose ocl mod: 0.0678863
duration mult ocl mod: 0.139745
duration multTranspose ocl mod: 0.0678625
duration mult ocl mod: 0.140569
duration multTranspose ocl mod: 0.0677391
duration mult ocl mod: 0.138733
duration multTranspose ocl mod: 0.0683115
duration mult ocl mod: 0.14129
duration multTranspose ocl mod: 0.0681075
duration mult ocl mod: 0.140601
duration multTranspose ocl mod: 0.0685751
duration mult ocl mod: 0.140015
duration multTranspose ocl mod: 0.068305
duration mult ocl mod: 0.140514
duration multTranspose ocl mod: 0.0684975
duration mult ocl mod: 0.140008
duration multTranspose ocl mod: 0.0686007
duration mult ocl mod: 0.139985
duration multTranspose ocl mod: 0.0685071
duration mult ocl mod: 0.140079
duration multTranspose ocl mod: 0.0682771
duration mult ocl mod: 0.14174
duration multTranspose ocl mod: 0.0686206
duration mult ocl mod: 0.139959
duration multTranspose ocl mod: 0.0682356
duration mult ocl mod: 0.141228
duration multTranspose ocl mod: 0.0682578
duration mult ocl mod: 0.141245
duration multTranspose ocl mod: 0.0685368
duration mult ocl mod: 0.141246
duration multTranspose ocl mod: 0.0686394
duration mult ocl mod: 0.139995
duration multTranspose ocl mod: 0.0682829
duration mult ocl mod: 0.1412
duration multTranspose ocl mod: 0.0685249
duration mult ocl mod: 0.141226
duration multTranspose ocl mod: 0.068353
duration mult ocl mod: 0.14124
duration multTranspose ocl mod: 0.068571
duration mult ocl mod: 0.141297
duration multTranspose ocl mod: 0.0684616
duration mult ocl mod: 0.141318
duration multTranspose ocl mod: 0.0685763
duration mult ocl mod: 0.141953
duration multTranspose ocl mod: 0.0686965
duration mult ocl mod: 0.141329
duration multTranspose ocl mod: 0.068071
duration mult ocl mod: 0.141346
duration multTranspose ocl mod: 0.0683592
duration mult ocl mod: 0.140074
duration multTranspose ocl mod: 0.0685184
duration mult ocl mod: 0.140078
duration multTranspose ocl mod: 0.0685746
duration mult ocl mod: 0.139998
duration multTranspose ocl mod: 0.0683152
duration mult ocl mod: 0.141494
duration multTranspose ocl mod: 0.0683218
duration mult ocl mod: 0.140044
duration multTranspose ocl mod: 0.0682246
duration mult ocl mod: 0.139995
duration multTranspose ocl mod: 0.0682599
duration mult ocl mod: 0.140109
duration multTranspose ocl mod: 0.0689729
duration mult ocl mod: 0.141414
duration multTranspose ocl mod: 0.0686034
duration mult ocl mod: 0.141362
duration multTranspose ocl mod: 0.0686003
duration mult ocl mod: 0.141345
duration multTranspose ocl mod: 0.0682474
duration mult ocl mod: 0.141319
duration multTranspose ocl mod: 0.0685238
duration mult ocl mod: 0.1413
duration multTranspose ocl mod: 0.0685098
duration mult ocl mod: 0.141346
duration multTranspose ocl mod: 0.0683314
duration mult ocl mod: 0.140138
duration multTranspose ocl mod: 0.0682418
duration mult ocl mod: 0.141327
duration multTranspose ocl mod: 0.0685795
duration mult ocl mod: 0.14006
duration multTranspose ocl mod: 0.0681898
duration mult ocl mod: 0.142927
duration multTranspose ocl mod: 0.0685648
duration mult ocl mod: 0.140085
duration multTranspose ocl mod: 0.0687887
duration mult ocl mod: 0.140098
duration multTranspose ocl mod: 0.0683121
duration mult ocl mod: 0.141289
duration multTranspose ocl mod: 0.0685738
duration mult ocl mod: 0.140082
duration multTranspose ocl mod: 0.0685946
duration mult ocl mod: 0.140118
duration multTranspose ocl mod: 0.0685548
duration mult ocl mod: 0.140089
duration multTranspose ocl mod: 0.068286
duration mult ocl mod: 0.14008
duration multTranspose ocl mod: 0.0683694
duration mult ocl mod: 0.141982
duration multTranspose ocl mod: 0.0683467
duration mult ocl mod: 0.140097
duration multTranspose ocl mod: 0.0685178
duration mult ocl mod: 0.141363
duration multTranspose ocl mod: 0.0682767
duration mult ocl mod: 0.141862
duration multTranspose ocl mod: 0.0683057
duration mult ocl mod: 0.140138
duration multTranspose ocl mod: 0.068353
duration mult ocl mod: 0.140089
duration multTranspose ocl mod: 0.0685584
duration mult ocl mod: 0.140155
duration multTranspose ocl mod: 0.0686398
duration mult ocl mod: 0.140543
duration multTranspose ocl mod: 0.0683275
duration mult ocl mod: 0.141607
duration multTranspose ocl mod: 0.0682759
duration mult ocl mod: 0.14016
duration multTranspose ocl mod: 0.0683476
duration mult ocl mod: 0.142929
duration multTranspose ocl mod: 0.0686841
duration mult ocl mod: 0.140602
duration multTranspose ocl mod: 0.0683256
duration mult ocl mod: 0.14217
duration multTranspose ocl mod: 0.0684948
duration mult ocl mod: 0.141391
duration multTranspose ocl mod: 0.0683172
duration mult ocl mod: 0.141824
duration multTranspose ocl mod: 0.0683477
duration mult ocl mod: 0.140336
duration multTranspose ocl mod: 0.0681375
duration mult ocl mod: 0.141399
duration multTranspose ocl mod: 0.0682912
duration mult ocl mod: 0.141981
duration multTranspose ocl mod: 0.0684547
duration mult ocl mod: 0.1414
duration multTranspose ocl mod: 0.0687506
duration mult ocl mod: 0.140101
duration multTranspose ocl mod: 0.0686286
duration mult ocl mod: 0.139504
duration multTranspose ocl mod: 0.0684444
duration mult ocl mod: 0.142095
duration multTranspose ocl mod: 0.0683871
duration mult ocl mod: 0.143037
duration multTranspose ocl mod: 0.0683736
duration mult ocl mod: 0.140777
duration multTranspose ocl mod: 0.0687798
duration mult ocl mod: 0.140162
duration multTranspose ocl mod: 0.0686256
duration mult ocl mod: 0.141164
duration multTranspose ocl mod: 0.0688631
duration mult ocl mod: 0.140366
duration multTranspose ocl mod: 0.0683278
duration mult ocl mod: 0.140225
duration multTranspose ocl mod: 0.068735
duration mult ocl mod: 0.140694
duration multTranspose ocl mod: 0.0685202
duration mult ocl mod: 0.141788
duration multTranspose ocl mod: 0.0683855
duration mult ocl mod: 0.140149
duration multTranspose ocl mod: 0.0685688
duration mult ocl mod: 0.140737
duration multTranspose ocl mod: 0.0685947
duration mult ocl mod: 0.140638
duration multTranspose ocl mod: 0.0687564
duration mult ocl mod: 0.140923
duration multTranspose ocl mod: 0.068595
duration mult ocl mod: 0.140765
duration multTranspose ocl mod: 0.0687315
duration mult ocl mod: 0.140775
duration multTranspose ocl mod: 0.0683861
duration mult ocl mod: 0.140737
duration multTranspose ocl mod: 0.0685542
duration mult ocl mod: 0.140743
duration multTranspose ocl mod: 0.0688612
duration mult ocl mod: 0.144413
duration multTranspose ocl mod: 0.0685963
duration mult ocl mod: 0.141956
duration multTranspose ocl mod: 0.0686259
duration mult ocl mod: 0.142788
duration multTranspose ocl mod: 0.0693855
duration mult ocl mod: 0.140795
duration multTranspose ocl mod: 0.0686405
duration mult ocl mod: 0.143373
duration multTranspose ocl mod: 0.0688243
duration mult ocl mod: 0.142028
duration multTranspose ocl mod: 0.0685624
duration mult ocl mod: 0.140816
duration multTranspose ocl mod: 0.0688495
duration mult ocl mod: 0.140898
duration multTranspose ocl mod: 0.0685743
duration mult ocl mod: 0.140808
duration multTranspose ocl mod: 0.0690314
duration mult ocl mod: 0.140832
duration multTranspose ocl mod: 0.0689168
duration mult ocl mod: 0.140858
duration multTranspose ocl mod: 0.0691494
duration mult ocl mod: 0.142168
duration multTranspose ocl mod: 0.0689232
duration mult ocl mod: 0.139461
duration multTranspose ocl mod: 0.068591
duration mult ocl mod: 0.142057
duration multTranspose ocl mod: 0.0688792
duration mult ocl mod: 0.140783
duration multTranspose ocl mod: 0.0685632
duration mult ocl mod: 0.140753
duration multTranspose ocl mod: 0.0688719
duration mult ocl mod: 0.140879
duration multTranspose ocl mod: 0.0687148
duration mult ocl mod: 0.140861
duration multTranspose ocl mod: 0.0687204
duration mult ocl mod: 0.140825
duration multTranspose ocl mod: 0.0688969
duration mult ocl mod: 0.140773
duration multTranspose ocl mod: 0.0687534
duration mult ocl mod: 0.142176
duration multTranspose ocl mod: 0.0688499
duration mult ocl mod: 0.140805
duration multTranspose ocl mod: 0.0689102
duration mult ocl mod: 0.140842
duration multTranspose ocl mod: 0.0687572
duration mult ocl mod: 0.141237
duration multTranspose ocl mod: 0.0688948
duration mult ocl mod: 0.140809
duration multTranspose ocl mod: 0.0686107
duration mult ocl mod: 0.140773
duration multTranspose ocl mod: 0.068819
duration mult ocl mod: 0.14333
duration multTranspose ocl mod: 0.0688975
duration mult ocl mod: 0.140845
duration multTranspose ocl mod: 0.068915
duration mult ocl mod: 0.140834
duration multTranspose ocl mod: 0.068595
duration mult ocl mod: 0.14206
duration multTranspose ocl mod: 0.0690056
duration mult ocl mod: 0.140827
duration multTranspose ocl mod: 0.0686224
duration mult ocl mod: 0.140823
duration multTranspose ocl mod: 0.0687068
duration mult ocl mod: 0.140755
duration multTranspose ocl mod: 0.0685918
duration mult ocl mod: 0.142038
duration multTranspose ocl mod: 0.0688747
duration mult ocl mod: 0.143351
duration multTranspose ocl mod: 0.0686555
duration mult ocl mod: 0.140869
duration multTranspose ocl mod: 0.0688412
duration mult ocl mod: 0.140831
duration multTranspose ocl mod: 0.0686888
duration mult ocl mod: 0.142046
duration multTranspose ocl mod: 0.0686389
duration mult ocl mod: 0.142124
duration multTranspose ocl mod: 0.0686348
duration mult ocl mod: 0.140838
duration multTranspose ocl mod: 0.0689536
duration mult ocl mod: 0.140855
duration multTranspose ocl mod: 0.0686508
duration mult ocl mod: 0.140778
duration multTranspose ocl mod: 0.0688922
duration mult ocl mod: 0.142027
duration multTranspose ocl mod: 0.0688549
duration mult ocl mod: 0.140767
duration multTranspose ocl mod: 0.0688547
duration mult ocl mod: 0.140734
duration multTranspose ocl mod: 0.0686145
duration mult ocl mod: 0.142141
duration multTranspose ocl mod: 0.0690594
duration mult ocl mod: 0.142031
duration multTranspose ocl mod: 0.06887
duration mult ocl mod: 0.140748
duration multTranspose ocl mod: 0.0691065
duration mult ocl mod: 0.140828
duration multTranspose ocl mod: 0.0686682
duration mult ocl mod: 0.142124
duration multTranspose ocl mod: 0.0689586
duration mult ocl mod: 0.140816
duration multTranspose ocl mod: 0.0685373
duration mult ocl mod: 0.14082
duration multTranspose ocl mod: 0.0686479
duration mult ocl mod: 0.142815
duration multTranspose ocl mod: 0.0693922
duration mult ocl mod: 0.140769
duration multTranspose ocl mod: 0.0688117
duration mult ocl mod: 0.140881
duration multTranspose ocl mod: 0.0686993
duration mult ocl mod: 0.140785
duration multTranspose ocl mod: 0.0685899
duration mult ocl mod: 0.140805
duration multTranspose ocl mod: 0.0690907
duration mult ocl mod: 0.142533
duration multTranspose ocl mod: 0.0688689
duration mult ocl mod: 0.140811
duration multTranspose ocl mod: 0.0685911
duration mult ocl mod: 0.140843
duration multTranspose ocl mod: 0.0688982
duration mult ocl mod: 0.142129
duration multTranspose ocl mod: 0.0687352
duration mult ocl mod: 0.140874
duration multTranspose ocl mod: 0.0686371
duration mult ocl mod: 0.140785
duration multTranspose ocl mod: 0.0689027
duration mult ocl mod: 0.140832
duration multTranspose ocl mod: 0.0689507
duration mult ocl mod: 0.142069
duration multTranspose ocl mod: 0.0689118
duration mult ocl mod: 0.140856
duration multTranspose ocl mod: 0.0689486
duration mult ocl mod: 0.140876
duration multTranspose ocl mod: 0.0688599
duration mult ocl mod: 0.140817
duration multTranspose ocl mod: 0.0686564
duration mult ocl mod: 0.140883
duration multTranspose ocl mod: 0.0685923
duration mult ocl mod: 0.142036
duration multTranspose ocl mod: 0.0686703
duration mult ocl mod: 0.141089
duration multTranspose ocl mod: 0.0688923
duration mult ocl mod: 0.140888
duration multTranspose ocl mod: 0.0689672
duration mult ocl mod: 0.140815
duration multTranspose ocl mod: 0.0688661
duration mult ocl mod: 0.142021
duration multTranspose ocl mod: 0.0686336
duration mult ocl mod: 0.140889
duration multTranspose ocl mod: 0.0686464
duration mult ocl mod: 0.140804
duration multTranspose ocl mod: 0.0688752
duration mult ocl mod: 0.143428
duration multTranspose ocl mod: 0.0687388
duration mult ocl mod: 0.140819
duration multTranspose ocl mod: 0.0689202
duration mult ocl mod: 0.142067
duration multTranspose ocl mod: 0.0689941
duration mult ocl mod: 0.140796
duration multTranspose ocl mod: 0.0686161
duration mult ocl mod: 0.142086
duration multTranspose ocl mod: 0.0688202
duration mult ocl mod: 0.140783
duration multTranspose ocl mod: 0.0685874
duration mult ocl mod: 0.140879
duration multTranspose ocl mod: 0.0686063
duration mult ocl mod: 0.13963
duration multTranspose ocl mod: 0.0685629
duration mult ocl mod: 0.140808
duration multTranspose ocl mod: 0.0689217
duration mult ocl mod: 0.142073
duration multTranspose ocl mod: 0.0686556
duration mult ocl mod: 0.140752
duration multTranspose ocl mod: 0.0689675
duration mult ocl mod: 0.142942
duration multTranspose ocl mod: 0.0691318
duration mult ocl mod: 0.140956
duration multTranspose ocl mod: 0.0688559
duration mult ocl mod: 0.142098
duration multTranspose ocl mod: 0.068751
duration mult ocl mod: 0.140834
duration multTranspose ocl mod: 0.0688999
duration mult ocl mod: 0.14044
duration multTranspose ocl mod: 0.0686104
duration mult ocl mod: 0.140891
duration multTranspose ocl mod: 0.0689141
duration mult ocl mod: 0.140784
duration multTranspose ocl mod: 0.068632
duration mult ocl mod: 0.140808
duration multTranspose ocl mod: 0.0689115
duration mult ocl mod: 0.142081
duration multTranspose ocl mod: 0.0688982
duration mult ocl mod: 0.139516
duration multTranspose ocl mod: 0.0688074
duration mult ocl mod: 0.142092
duration multTranspose ocl mod: 0.0685889
duration mult ocl mod: 0.140801
duration multTranspose ocl mod: 0.0689042
duration mult ocl mod: 0.14086
duration multTranspose ocl mod: 0.0686412
duration mult ocl mod: 0.1409
duration multTranspose ocl mod: 0.0689836
duration mult ocl mod: 0.14093
duration multTranspose ocl mod: 0.069006
duration mult ocl mod: 0.142095
duration multTranspose ocl mod: 0.068641
duration mult ocl mod: 0.140843
duration multTranspose ocl mod: 0.0688859
duration mult ocl mod: 0.140812
duration multTranspose ocl mod: 0.0686765
duration mult ocl mod: 0.140797
duration multTranspose ocl mod: 0.068889
duration mult ocl mod: 0.142084
duration multTranspose ocl mod: 0.0686849
duration mult ocl mod: 0.142023
duration multTranspose ocl mod: 0.0685953
duration mult ocl mod: 0.142108
duration multTranspose ocl mod: 0.0686035
duration mult ocl mod: 0.141987
duration multTranspose ocl mod: 0.0689177
duration mult ocl mod: 0.140857
duration multTranspose ocl mod: 0.068858
duration mult ocl mod: 0.140814
duration multTranspose ocl mod: 0.0686543
duration mult ocl mod: 0.140778
duration multTranspose ocl mod: 0.0688847
duration mult ocl mod: 0.140773
duration multTranspose ocl mod: 0.0689385
duration mult ocl mod: 0.140767
duration multTranspose ocl mod: 0.0689657
duration mult ocl mod: 0.142122
duration multTranspose ocl mod: 0.068675
duration mult ocl mod: 0.140763
duration multTranspose ocl mod: 0.0686407
duration mult ocl mod: 0.140869
duration multTranspose ocl mod: 0.0686134
duration mult ocl mod: 0.142074
duration multTranspose ocl mod: 0.0688763
duration mult ocl mod: 0.139589
duration multTranspose ocl mod: 0.0686947
duration mult ocl mod: 0.14183
duration multTranspose ocl mod: 0.0686199
duration mult ocl mod: 0.139632
duration multTranspose ocl mod: 0.068888
duration mult ocl mod: 0.140949
duration multTranspose ocl mod: 0.0688237
duration mult ocl mod: 0.140835
duration multTranspose ocl mod: 0.0689054
duration mult ocl mod: 0.142089
duration multTranspose ocl mod: 0.068917
duration mult ocl mod: 0.142074
duration multTranspose ocl mod: 0.0688893
duration mult ocl mod: 0.140757
duration multTranspose ocl mod: 0.0687266
duration mult ocl mod: 0.140821
duration multTranspose ocl mod: 0.0688778
duration mult ocl mod: 0.140837
duration multTranspose ocl mod: 0.0688201
duration mult ocl mod: 0.141362
duration multTranspose ocl mod: 0.0690826
duration mult ocl mod: 0.14239
duration multTranspose ocl mod: 0.0691631
duration mult ocl mod: 0.142167
duration multTranspose ocl mod: 0.0690436
duration mult ocl mod: 0.140973
duration multTranspose ocl mod: 0.0689679
duration mult ocl mod: 0.1408
duration multTranspose ocl mod: 0.0689339
duration mult ocl mod: 0.142052
duration multTranspose ocl mod: 0.0687029
duration mult ocl mod: 0.1409
duration multTranspose ocl mod: 0.0689957
duration mult ocl mod: 0.14079
duration multTranspose ocl mod: 0.0689263
duration mult ocl mod: 0.142077
duration multTranspose ocl mod: 0.0691272
duration mult ocl mod: 0.140807
duration multTranspose ocl mod: 0.0686914
duration mult ocl mod: 0.140824
duration multTranspose ocl mod: 0.0688881
duration mult ocl mod: 0.140812
duration multTranspose ocl mod: 0.0689133
duration mult ocl mod: 0.142095
duration multTranspose ocl mod: 0.0689214
duration mult ocl mod: 0.142225
duration multTranspose ocl mod: 0.0689737
duration mult ocl mod: 0.142094
duration multTranspose ocl mod: 0.0688754
duration mult ocl mod: 0.140881
duration multTranspose ocl mod: 0.0689347
duration mult ocl mod: 0.140849
duration multTranspose ocl mod: 0.0686574
duration mult ocl mod: 0.142209
duration multTranspose ocl mod: 0.069318
duration mult ocl mod: 0.140954
duration multTranspose ocl mod: 0.0686344
duration mult ocl mod: 0.140848
duration multTranspose ocl mod: 0.0689034
duration mult ocl mod: 0.140969
duration multTranspose ocl mod: 0.0685189
duration mult ocl mod: 0.140862
duration multTranspose ocl mod: 0.0692537
duration mult ocl mod: 0.14146
duration multTranspose ocl mod: 0.0692503
duration mult ocl mod: 0.143206
duration multTranspose ocl mod: 0.0687016
duration mult ocl mod: 0.140828
duration multTranspose ocl mod: 0.068962
duration mult ocl mod: 0.142101
duration multTranspose ocl mod: 0.0688503
duration mult ocl mod: 0.142133
duration multTranspose ocl mod: 0.0689486
duration mult ocl mod: 0.14079
duration multTranspose ocl mod: 0.0689424
duration mult ocl mod: 0.142069
duration multTranspose ocl mod: 0.0686464
duration mult ocl mod: 0.142161
duration multTranspose ocl mod: 0.0691383
duration mult ocl mod: 0.142326
duration multTranspose ocl mod: 0.0691378
duration mult ocl mod: 0.13969
duration multTranspose ocl mod: 0.0689869
duration mult ocl mod: 0.142453
duration multTranspose ocl mod: 0.0686526
duration mult ocl mod: 0.140885
duration multTranspose ocl mod: 0.0686065
duration mult ocl mod: 0.140909
duration multTranspose ocl mod: 0.0690224
duration mult ocl mod: 0.14267
duration multTranspose ocl mod: 0.0689192
duration mult ocl mod: 0.140796
duration multTranspose ocl mod: 0.0686741
duration mult ocl mod: 0.139528
duration multTranspose ocl mod: 0.0689557
duration mult ocl mod: 0.141616
duration multTranspose ocl mod: 0.0687184
duration mult ocl mod: 0.140855
duration multTranspose ocl mod: 0.0686693
duration mult ocl mod: 0.139607
duration multTranspose ocl mod: 0.0689371
duration mult ocl mod: 0.14187
duration multTranspose ocl mod: 0.0687091
duration mult ocl mod: 0.141526
duration multTranspose ocl mod: 0.0692968
duration mult ocl mod: 0.142127
duration multTranspose ocl mod: 0.0689113
duration mult ocl mod: 0.140897
duration multTranspose ocl mod: 0.0689195
duration mult ocl mod: 0.141675
duration multTranspose ocl mod: 0.0686902
duration mult ocl mod: 0.140853
duration multTranspose ocl mod: 0.0688939
duration mult ocl mod: 0.140909
duration multTranspose ocl mod: 0.0689484
duration mult ocl mod: 0.141959
duration multTranspose ocl mod: 0.0689589
duration mult ocl mod: 0.142121
duration multTranspose ocl mod: 0.0688761
duration mult ocl mod: 0.140876
duration multTranspose ocl mod: 0.068888
duration mult ocl mod: 0.140972
duration multTranspose ocl mod: 0.0687153
duration mult ocl mod: 0.141704
duration multTranspose ocl mod: 0.0687501
duration mult ocl mod: 0.140965
duration multTranspose ocl mod: 0.0692457
duration mult ocl mod: 0.143306
duration multTranspose ocl mod: 0.0688168
duration mult ocl mod: 0.140808
duration multTranspose ocl mod: 0.0686297
duration mult ocl mod: 0.140807
duration multTranspose ocl mod: 0.0686515
duration mult ocl mod: 0.141153
duration multTranspose ocl mod: 0.0689903
duration mult ocl mod: 0.14198
duration multTranspose ocl mod: 0.0690094
duration mult ocl mod: 0.143467
duration multTranspose ocl mod: 0.0696426
duration mult ocl mod: 0.140211
duration multTranspose ocl mod: 0.0692402
duration mult ocl mod: 0.142841
duration multTranspose ocl mod: 0.0695475
duration mult ocl mod: 0.14169
duration multTranspose ocl mod: 0.0688816
duration mult ocl mod: 0.142818
duration multTranspose ocl mod: 0.0694792
duration mult ocl mod: 0.142016
duration multTranspose ocl mod: 0.069472
duration mult ocl mod: 0.142882
duration multTranspose ocl mod: 0.0693155
duration mult ocl mod: 0.141656
duration multTranspose ocl mod: 0.0691559
duration mult ocl mod: 0.144015
duration multTranspose ocl mod: 0.0693662
duration mult ocl mod: 0.143057
duration multTranspose ocl mod: 0.0692328
duration mult ocl mod: 0.142756
duration multTranspose ocl mod: 0.0689487
duration mult ocl mod: 0.14359
duration multTranspose ocl mod: 0.0691266
duration mult ocl mod: 0.14065
duration multTranspose ocl mod: 0.0689878
duration mult ocl mod: 0.143068
duration multTranspose ocl mod: 0.0688617
duration mult ocl mod: 0.142345
duration multTranspose ocl mod: 0.0689476
duration mult ocl mod: 0.14181
duration multTranspose ocl mod: 0.0689085
duration mult ocl mod: 0.14181
duration multTranspose ocl mod: 0.0689329
duration mult ocl mod: 0.143065
duration multTranspose ocl mod: 0.0691242
duration mult ocl mod: 0.141625
duration multTranspose ocl mod: 0.0689483
duration mult ocl mod: 0.141324
duration multTranspose ocl mod: 0.0688765
duration mult ocl mod: 0.141811
duration multTranspose ocl mod: 0.0689552
duration mult ocl mod: 0.142424
duration multTranspose ocl mod: 0.0691884
duration mult ocl mod: 0.14315
duration multTranspose ocl mod: 0.068911
duration mult ocl mod: 0.142636
duration multTranspose ocl mod: 0.0691356
duration mult ocl mod: 0.141829
duration multTranspose ocl mod: 0.0690094
duration mult ocl mod: 0.143451
duration multTranspose ocl mod: 0.0691048
duration mult ocl mod: 0.141323
duration multTranspose ocl mod: 0.0688281
duration mult ocl mod: 0.141826
duration multTranspose ocl mod: 0.0692812
duration mult ocl mod: 0.142452
duration multTranspose ocl mod: 0.068955
duration mult ocl mod: 0.143236
duration multTranspose ocl mod: 0.0694495
duration mult ocl mod: 0.141303
duration multTranspose ocl mod: 0.0688141
duration mult ocl mod: 0.142799
duration multTranspose ocl mod: 0.0689435
duration mult ocl mod: 0.143462
duration multTranspose ocl mod: 0.0689597
duration mult ocl mod: 0.142789
duration multTranspose ocl mod: 0.0690977
duration mult ocl mod: 0.143256
duration multTranspose ocl mod: 0.0691005
duration mult ocl mod: 0.143617
duration multTranspose ocl mod: 0.0692704
duration mult ocl mod: 0.143179
duration multTranspose ocl mod: 0.0694743
duration mult ocl mod: 0.142829
duration multTranspose ocl mod: 0.0697302
duration mult ocl mod: 0.139936
duration multTranspose ocl mod: 0.0689666
duration mult ocl mod: 0.142152
duration multTranspose ocl mod: 0.0692681
duration mult ocl mod: 0.14162
duration multTranspose ocl mod: 0.0689615
duration mult ocl mod: 0.142641
duration multTranspose ocl mod: 0.0692418
duration mult ocl mod: 0.142549
duration multTranspose ocl mod: 0.0689813
duration mult ocl mod: 0.140561
duration multTranspose ocl mod: 0.0688948
duration mult ocl mod: 0.144105
duration multTranspose ocl mod: 0.0691551
duration mult ocl mod: 0.141321
duration multTranspose ocl mod: 0.0689348
duration mult ocl mod: 0.142552
duration multTranspose ocl mod: 0.0693328
duration mult ocl mod: 0.14173
duration multTranspose ocl mod: 0.0689911
duration mult ocl mod: 0.142871
duration multTranspose ocl mod: 0.0692144
duration mult ocl mod: 0.141629
duration multTranspose ocl mod: 0.0688408
duration mult ocl mod: 0.143121
duration multTranspose ocl mod: 0.0689315
duration mult ocl mod: 0.144148
duration multTranspose ocl mod: 0.0692359
duration mult ocl mod: 0.141722
duration multTranspose ocl mod: 0.0688659
duration mult ocl mod: 0.142819
duration multTranspose ocl mod: 0.0691721
duration mult ocl mod: 0.141763
duration multTranspose ocl mod: 0.0691993
duration mult ocl mod: 0.144302
duration multTranspose ocl mod: 0.0688333
duration mult ocl mod: 0.142409
duration multTranspose ocl mod: 0.0689618
duration mult ocl mod: 0.141447
duration multTranspose ocl mod: 0.0691739
duration mult ocl mod: 0.142822
duration multTranspose ocl mod: 0.0695052
duration mult ocl mod: 0.141913
duration multTranspose ocl mod: 0.0693053
duration mult ocl mod: 0.141309
duration multTranspose ocl mod: 0.0692555
duration mult ocl mod: 0.141381
duration multTranspose ocl mod: 0.0692654
duration mult ocl mod: 0.142818
duration multTranspose ocl mod: 0.0695061
duration mult ocl mod: 0.14399
duration multTranspose ocl mod: 0.0692868
duration mult ocl mod: 0.141807
duration multTranspose ocl mod: 0.0691447
duration mult ocl mod: 0.141798
duration multTranspose ocl mod: 0.068983
duration mult ocl mod: 0.143986
duration multTranspose ocl mod: 0.0688605
duration mult ocl mod: 0.142957
duration multTranspose ocl mod: 0.0691693
duration mult ocl mod: 0.14164
duration multTranspose ocl mod: 0.0688439
duration mult ocl mod: 0.141259
duration multTranspose ocl mod: 0.0694602
duration mult ocl mod: 0.142316
duration multTranspose ocl mod: 0.0688997
duration mult ocl mod: 0.141698
duration multTranspose ocl mod: 0.0689443
duration mult ocl mod: 0.142874
duration multTranspose ocl mod: 0.0691089
duration mult ocl mod: 0.141654
duration multTranspose ocl mod: 0.0689175
duration mult ocl mod: 0.143416
duration multTranspose ocl mod: 0.0691353
duration mult ocl mod: 0.142777
duration multTranspose ocl mod: 0.0689447
duration mult ocl mod: 0.142814
duration multTranspose ocl mod: 0.068992
duration mult ocl mod: 0.142415
duration multTranspose ocl mod: 0.0693964
duration mult ocl mod: 0.14141
duration multTranspose ocl mod: 0.0689282
duration mult ocl mod: 0.142812
duration multTranspose ocl mod: 0.0690983
duration mult ocl mod: 0.142553
duration multTranspose ocl mod: 0.0692067
duration mult ocl mod: 0.142226
duration multTranspose ocl mod: 0.069168
duration mult ocl mod: 0.14273
duration multTranspose ocl mod: 0.0690414
duration mult ocl mod: 0.143341
duration multTranspose ocl mod: 0.0692651
duration mult ocl mod: 0.143836
duration multTranspose ocl mod: 0.0694971
duration mult ocl mod: 0.141756
duration multTranspose ocl mod: 0.0692122
duration mult ocl mod: 0.142847
duration multTranspose ocl mod: 0.0690674
duration mult ocl mod: 0.141814
duration multTranspose ocl mod: 0.0689322
duration mult ocl mod: 0.141944
duration multTranspose ocl mod: 0.06891
duration mult ocl mod: 0.141328
duration multTranspose ocl mod: 0.0689383
duration mult ocl mod: 0.145422
duration multTranspose ocl mod: 0.0691163
duration mult ocl mod: 0.142204
duration multTranspose ocl mod: 0.0692316
duration mult ocl mod: 0.14168
duration multTranspose ocl mod: 0.0691467
duration mult ocl mod: 0.141821
duration multTranspose ocl mod: 0.068943
duration mult ocl mod: 0.143824
duration multTranspose ocl mod: 0.0689284
duration mult ocl mod: 0.141901
duration multTranspose ocl mod: 0.0688893
duration mult ocl mod: 0.14291
duration multTranspose ocl mod: 0.0693332
duration mult ocl mod: 0.141245
duration multTranspose ocl mod: 0.0691443
duration mult ocl mod: 0.143595
duration multTranspose ocl mod: 0.0689972
duration mult ocl mod: 0.142141
duration multTranspose ocl mod: 0.0696362
duration mult ocl mod: 0.143444
duration multTranspose ocl mod: 0.0695116
duration mult ocl mod: 0.143797
duration multTranspose ocl mod: 0.0694379
duration mult ocl mod: 0.142811
duration multTranspose ocl mod: 0.0693098
duration mult ocl mod: 0.144202
duration multTranspose ocl mod: 0.0692458
duration mult ocl mod: 0.14172
duration multTranspose ocl mod: 0.0688212
duration mult ocl mod: 0.142169
duration multTranspose ocl mod: 0.069286
duration mult ocl mod: 0.141551
duration multTranspose ocl mod: 0.0691835
duration mult ocl mod: 0.144196
duration multTranspose ocl mod: 0.0689559
duration mult ocl mod: 0.142329
duration multTranspose ocl mod: 0.0692065
duration mult ocl mod: 0.141834
duration multTranspose ocl mod: 0.0691911
duration mult ocl mod: 0.142942
duration multTranspose ocl mod: 0.0692147
duration mult ocl mod: 0.141933
duration multTranspose ocl mod: 0.0696355
duration mult ocl mod: 0.142355
duration multTranspose ocl mod: 0.0689742
duration mult ocl mod: 0.141516
duration multTranspose ocl mod: 0.0690606
duration mult ocl mod: 0.144249
duration multTranspose ocl mod: 0.0691553
duration mult ocl mod: 0.142363
duration multTranspose ocl mod: 0.0688913
duration mult ocl mod: 0.141874
duration multTranspose ocl mod: 0.0689766
duration mult ocl mod: 0.144149
duration multTranspose ocl mod: 0.0692008

Needed Iterations: 500
Final residuum: 18070.1
note: performance calculation: coefficients are reused
note: performance calculation: iterations for calculation : 511.5
note: performance calculation: additional iteration for residual recalculation : 10

Current Duration:: 109.063
Current GFlop/s: 5368.02

Finished Training!

Training took: 109.063 seconds

computing MSE of test dataset
creating createOperationMultipleEval grid: Linear type: STREAMING==DEFAULT subType: OCLUNIFIED
OCL Info: 2 OpenCL platforms have been found
OCL Info: detected platform, name: "Intel(R) OpenCL"
OCL Info: detected platform vendor name: "Intel(R) Corporation"
OCL Info: detected platform, name: "NVIDIA CUDA"
OCL Info: detected platform vendor name: "NVIDIA Corporation"
OCL Info: using platform, name: "NVIDIA CUDA"
OCL Info: detected device, name: "GeForce GTX 1080 Ti"
OCL Info: using device, name: "GeForce GTX 1080 Ti"
OCL Info: detected device, name: "GeForce GTX 1080 Ti"
OCL Info: detected device, name: "GeForce GTX 1080 Ti"
OCL Info: detected device, name: "GeForce GTX 1080 Ti"
OCL Info: detected device, name: "GeForce GTX 1080 Ti"
OCL Info: detected device, name: "GeForce GTX 1080 Ti"
OCL Info: detected device, name: "GeForce GTX 1080 Ti"
OCL Info: detected device, name: "GeForce GTX 1080 Ti"
building with optimization flags: 
--- Begin Build Log ---


--- End Build Log ---
duration mult ocl mod: 0.170205
classes computed/predicted
mse: 0.000490879
total_duration: 115.59
