training dataset: ../datasets/DR5/DR5_nowarnings_less05_train.arff
instances: 371908
support_refinement_min_support: 500
num_candidates: 1
candidates with support: 1
num_candidates: 10
candidates with support: 10
num_candidates: 60
candidates with support: 52
num_candidates: 236
candidates with support: 181
num_candidates: 706
candidates with support: 503
num_candidates: 1786
candidates with support: 1241
num_candidates: 4140
candidates with support: 2886
num_candidates: 9216
candidates with support: 6397
num_candidates: 19682
candidates with support: 13464
num_candidates: 40066
candidates with support: 26558
datadriven refinement done, grid size: 51293
creating createOperationMultipleEval type: DEFAULT, using base operator factory
creating createOperationMultipleEval grid: Linear type: SUBSPACELINEAR subType: DEFAULT==COMBINED
Starting Learning....

Doing refinement: 0
Grid Size: 51293
............................................................................................................................................................................................................................................................................................................

Needed Iterations: 300
Final residuum: 294.996
note: performance calculation: coefficients are reused
note: performance calculation: iterations for calculation : 307.5
note: performance calculation: additional iteration for residual recalculation : 6
warning: cannot calculate GFLOPS for operation type

Current Duration:: 227.062
Current GFlop/s: 0

Finished Training!

Training took: 227.062 seconds

computing MSE of test dataset
creating createOperationMultipleEval grid: Linear type: SUBSPACELINEAR subType: DEFAULT==COMBINED
classes computed/predicted
mse: 0.0005821
total_duration: 235.266
