training dataset: ../datasets/DR5/DR5_nowarnings_less05_train.arff
instances: 371908
support_refinement_min_support: 500
num_candidates: 1
candidates with support: 1
num_candidates: 10
candidates with support: 10
num_candidates: 60
candidates with support: 52
num_candidates: 236
candidates with support: 181
num_candidates: 706
candidates with support: 503
num_candidates: 1786
candidates with support: 1241
num_candidates: 4140
candidates with support: 2886
num_candidates: 9216
candidates with support: 6397
num_candidates: 19682
candidates with support: 13464
num_candidates: 40066
candidates with support: 26558
datadriven refinement done, grid size: 51293
creating createOperationMultipleEval type: DEFAULT, using base operator factory
creating createOperationMultipleEval type: DEFAULT, using base operator factory
Starting Learning....

Doing refinement: 0
Grid Size: 51293
Starting Conjugated Gradients
All temp variables used in CG have been initialized
Starting norm of residuum: -nan
Target norm:               0
.delta: 2.48387e+09
.delta: 2.08737e+08
.delta: 2.5682e+08
.delta: 1.26015e+08
.delta: 5.29509e+07
.delta: 4.9246e+07
.delta: 2.58437e+07
.delta: 1.90104e+07
.delta: 9.75989e+06
.delta: 5.87119e+06
.delta: 3.34038e+07
.delta: 7.48092e+06
.delta: 4.03078e+06
.delta: 4.36691e+06
.delta: 3.19895e+06
.delta: 1.53341e+06
.delta: 1.14858e+06
.delta: 1.2431e+06
.delta: 830599
.delta: 4.66365e+06
.delta: 3.81536e+06
.delta: 1.12674e+06
.delta: 1.33034e+06
.delta: 745341
.delta: 482879
.delta: 454361
.delta: 310976
.delta: 1.63193e+06
.delta: 349085
.delta: 2.73655e+06
.delta: 275601
.delta: 207148
.delta: 412548
.delta: 305899
.delta: 395151
.delta: 375909
.delta: 739959
.delta: 201781
.delta: 1.66014e+06
.delta: 309312
.delta: 441866
.delta: 202462
.delta: 104971
.delta: 168284
.delta: 339465
.delta: 128048
.delta: 328311
.delta: 245277
.delta: 506539
.delta: 435124
.delta: 175037
.delta: 439708
.delta: 134743
.delta: 1.25031e+06
.delta: 92575.4
.delta: 145919
.delta: 202376
.delta: 300193
.delta: 77053.6
.delta: 222331
.delta: 93189.7
.delta: 74130.9
.delta: 129831
.delta: 62551.2
.delta: 471512
.delta: 193489
.delta: 93174.5
.delta: 175486
.delta: 207826
.delta: 125470
.delta: 124824
.delta: 340517
.delta: 69194.3
.delta: 56880.2
.delta: 109566
.delta: 168402
.delta: 89551.6
.delta: 48043.4
.delta: 166040
.delta: 45572.4
.delta: 442213
.delta: 55070.7
.delta: 148162
.delta: 210263
.delta: 89952.1
.delta: 64452.2
.delta: 214551
.delta: 109286
.delta: 34882.8
.delta: 31548.4
.delta: 45414.7
.delta: 121428
.delta: 296849
.delta: 33298.5
.delta: 104821
.delta: 49998.8
.delta: 85970.6
.delta: 132994
.delta: 80452.9
.delta: 36377.4
.delta: 418778
.delta: 26875.1
.delta: 326320
.delta: 50770.8
.delta: 26755.9
.delta: 38981.8
.delta: 41860.3
.delta: 133249
.delta: 22328.5
.delta: 502918
.delta: 243489
.delta: 54523.8
.delta: 35856.7
.delta: 102431
.delta: 37377.5
.delta: 43573.4
.delta: 75680.1
.delta: 131805
.delta: 22295.3
.delta: 62173.5
.delta: 707700
.delta: 16431.2
.delta: 16580.8
.delta: 23097.4
.delta: 60744.2
.delta: 112605
.delta: 57672.8
.delta: 31750.8
.delta: 62084.6
.delta: 43082.3
.delta: 14199.2
.delta: 194379
.delta: 35269.5
.delta: 35536.8
.delta: 39123.7
.delta: 42584.6
.delta: 32339.4
.delta: 31378.4
.delta: 113551
.delta: 18917.4
.delta: 44320
.delta: 45637.6
.delta: 59849.1
.delta: 16275.6
.delta: 36720.7
.delta: 13200.6
.delta: 316900
.delta: 21188.3
.delta: 142629
.delta: 74393.9
.delta: 8375.89
.delta: 23187.9
.delta: 17555
.delta: 30535.1
.delta: 22019.5
.delta: 136216
.delta: 113150
.delta: 153347
.delta: 19473
.delta: 10203.6
.delta: 11208.4
.delta: 50981.5
.delta: 31440.9
.delta: 17986.9
.delta: 26628.3
.delta: 64699.2
.delta: 22929.7
.delta: 27082.1
.delta: 11567
.delta: 76735.9
.delta: 11540.7
.delta: 35712.8
.delta: 26458.6
.delta: 93594.3
.delta: 30569.7
.delta: 13365.6
.delta: 101923
.delta: 26045
.delta: 7531.73
.delta: 48192.2
.delta: 24585.6
.delta: 23574.6
.delta: 47734.9
.delta: 31952
.delta: 39910.7
.delta: 29438.1
.delta: 10444.1
.delta: 19051.3
.delta: 49619.2
.delta: 11298
.delta: 9039.5
.delta: 51895.6
.delta: 7402.87
.delta: 6965.73
.delta: 37579.6
.delta: 107003
.delta: 10453.4
.delta: 51126.9
.delta: 9827.71
.delta: 39174.8
.delta: 188722
.delta: 28946.9
.delta: 59932.6
.delta: 7412.37
.delta: 12096.7
.delta: 6415.59
.delta: 8678.95
.delta: 18036
.delta: 14923.6
.delta: 29013.4
.delta: 34410.2
.delta: 16913.4
.delta: 16817.9
.delta: 20690
.delta: 20516.6
.delta: 7180.51
.delta: 105490
.delta: 17135.6
.delta: 27330.9
.delta: 12069
.delta: 8196.28
.delta: 85002.8
.delta: 6566.09
.delta: 7418.94
.delta: 11395.3
.delta: 4736.69
.delta: 294056
.delta: 22229.7
.delta: 70588.3
.delta: 20400
.delta: 4804.86
.delta: 38914.3
.delta: 4938.43
.delta: 9775.64
.delta: 25337.4
.delta: 21149.2
.delta: 17149.5
.delta: 8804.18
.delta: 22866.4
.delta: 8398.25
.delta: 26001
.delta: 6786.96
.delta: 8205.51
.delta: 5703.45
.delta: 36030.4
.delta: 68385.3
.delta: 11294.4
.delta: 37882.7
.delta: 22857.5
.delta: 8682.24
.delta: 4647.93
.delta: 6913.13
.delta: 7042.68
.delta: 27841.9
.delta: 5980.77
.delta: 3270.99
.delta: 11613.5
.delta: 13545.6
.delta: 36593.1
.delta: 14423.1
.delta: 18582.1
.delta: 4596.74
.delta: 184814
.delta: 82508.9
.delta: 32595.9
.delta: 3438.44
.delta: 7828.81
.delta: 19975.8
.delta: 6550.42
.delta: 6154.24
.delta: 5405.38
.delta: 202091
.delta: 3070.6
.delta: 6186.76
.delta: 48816.5
.delta: 3748.22
.delta: 14608.5
.delta: 4506.68
.delta: 54731.5
.delta: 11066.3
.delta: 12522
.delta: 4702.41
.delta: 9697.44
.delta: 10325.1
.delta: 2652.92
.delta: 11232.3
.delta: 10468.2
.delta: 4438.5
.delta: 45765.5
.delta: 12154.8
.delta: 28654.8
.delta: 12753
.delta: 5577.65
.delta: 5736.72
.delta: 7963.78
.delta: 6692.3
.delta: 22309.9
.delta: 15537.7
.delta: 100704
.delta: 2541.24

Number of iterations: 300 (max. 300)
Final norm of residuum: 2541.24
counted_mult_calls: 306

Needed Iterations: 300
Final residuum: 2541.24
note: performance calculation: coefficients are reused
note: performance calculation: iterations for calculation : 307.5
note: performance calculation: additional iteration for residual recalculation : 6
warning: cannot calculate GFLOPS for operation subtype

Current Duration:: 3471.72
Current GFlop/s: 0

Finished Training!

Training took: 3471.72 seconds

computing MSE of test dataset
creating createOperationMultipleEval type: DEFAULT, using base operator factory
classes computed/predicted
mse: 0.000490083
total_duration: 3487.11
