./datadriven/examplesOCL/regression_cmd --trainingFileName ../../DissertationCodeGTX/datasets/DR5/DR5_nowarnings_less05_train.arff --testFileName ../../DissertationCodeGTX/datasets/DR5/DR5_nowarnings_less05_test.arff --learnerMode LEARNTEST --grid.level 10 --lambda 1E-5 --grid.type ModLinear --verbose true --additionalConfig results_diss/DR5_scaling_ocl_float_gtx1080ti_4.cfg --operation.type STREAMING --operation.subType OCLUNIFIED --solverFinal.maxIterations 500 --solverFinal.eps 0 --isRegression true --adaptConfig.support_refinement_min_support 500 --adaptConfig.support_refinement_ocl_config results_diss/DR5_scaling_ocl_float_gtx1080ti_4.cfg --adaptConfig.use_support_refinement --do_dummy_ocl_init
training dataset: ../../DissertationCodeGTX/datasets/DR5/DR5_nowarnings_less05_train.arff
OCL Info: 2 OpenCL platforms have been found
OCL Info: detected platform, name: "Intel(R) OpenCL"
OCL Info: detected platform vendor name: "Intel(R) Corporation"
OCL Info: platform not configured, skipping...
OCL Info: detected platform, name: "NVIDIA CUDA"
OCL Info: detected platform vendor name: "NVIDIA Corporation"
OCL Info: using platform, name: "NVIDIA CUDA"
OCL Info: platform device count: 8
OCL Info: detected device, name: "GeForce GTX 1080 Ti"
OCL Info: using device, name: "GeForce GTX 1080 Ti"
OCL Info: detected device, name: "GeForce GTX 1080 Ti"
OCL Info: using device, name: "GeForce GTX 1080 Ti"
OCL Info: detected device, name: "GeForce GTX 1080 Ti"
OCL Info: using device, name: "GeForce GTX 1080 Ti"
OCL Info: detected device, name: "GeForce GTX 1080 Ti"
OCL Info: using device, name: "GeForce GTX 1080 Ti"
OCL Info: detected device, name: "GeForce GTX 1080 Ti"
OCL Info: detected device, name: "GeForce GTX 1080 Ti"
OCL Info: detected device, name: "GeForce GTX 1080 Ti"
OCL Info: detected device, name: "GeForce GTX 1080 Ti"
ocl dummy initalization duration: 7.42563
instances: 371908
support_refinement_min_support: 500
OCL Info: 2 OpenCL platforms have been found
OCL Info: detected platform, name: "Intel(R) OpenCL"
OCL Info: detected platform vendor name: "Intel(R) Corporation"
OCL Info: platform not configured, skipping...
OCL Info: detected platform, name: "NVIDIA CUDA"
OCL Info: detected platform vendor name: "NVIDIA Corporation"
OCL Info: using platform, name: "NVIDIA CUDA"
OCL Info: platform device count: 8
OCL Info: detected device, name: "GeForce GTX 1080 Ti"
OCL Info: using device, name: "GeForce GTX 1080 Ti"
OCL Info: detected device, name: "GeForce GTX 1080 Ti"
OCL Info: using device, name: "GeForce GTX 1080 Ti"
OCL Info: detected device, name: "GeForce GTX 1080 Ti"
OCL Info: using device, name: "GeForce GTX 1080 Ti"
OCL Info: detected device, name: "GeForce GTX 1080 Ti"
OCL Info: using device, name: "GeForce GTX 1080 Ti"
OCL Info: detected device, name: "GeForce GTX 1080 Ti"
OCL Info: detected device, name: "GeForce GTX 1080 Ti"
OCL Info: detected device, name: "GeForce GTX 1080 Ti"
OCL Info: detected device, name: "GeForce GTX 1080 Ti"
ocl_init_duration: 1.2318
building kernel: verify_support
building with optimization flags: 
--- Build Log ---


building with optimization flags: 
--- Build Log ---


building with optimization flags: 
--- Build Log ---


building with optimization flags: 
--- Build Log ---


num_candidates: 1
num_candidates: 1 block_size: 128 num_candidates_per_device: 0
device: 3 range_padded: 128 range_start: 0 range_end: 1
candidates with support: 1
num_candidates: 10
num_candidates: 10 block_size: 128 num_candidates_per_device: 2
device: 3 range_padded: 128 range_start: 0 range_end: 10
candidates with support: 10
num_candidates: 60
num_candidates: 60 block_size: 128 num_candidates_per_device: 15
device: 3 range_padded: 128 range_start: 0 range_end: 60
candidates with support: 52
num_candidates: 236
num_candidates: 236 block_size: 128 num_candidates_per_device: 59
device: 3 range_padded: 256 range_start: 0 range_end: 236
candidates with support: 181
num_candidates: 706
num_candidates: 706 block_size: 128 num_candidates_per_device: 176
device: 3 range_padded: 768 range_start: 0 range_end: 706
candidates with support: 503
num_candidates: 1786
num_candidates: 1786 block_size: 128 num_candidates_per_device: 446
device: 3 range_padded: 1792 range_start: 0 range_end: 1786
candidates with support: 1241
num_candidates: 4140
num_candidates: 4140 block_size: 128 num_candidates_per_device: 1035
device: device: 3device: device: 2 range_padded: 1152 range_start: 2070 range_end: 3105
10 range_padded: 1152 range_start: 0 range_end: 1035
 range_padded: 1152 range_start: 1035 range_end: 2070
 range_padded: 1152 range_start: 3105 range_end: 4140
candidates with support: 2886
num_candidates: 9216
num_candidates: 9216 block_size: 128 num_candidates_per_device: 2304
device: device: 0device:  range_padded: device: 230421 range_padded:  range_start:  range_padded: 02304 range_start:  range_end: 2304 range_end: 4608
2304
2304 range_start: 4608 range_end: 6912
3 range_padded: 2304 range_start: 6912 range_end: 9216
candidates with support: 6397
num_candidates: 19682
num_candidates: 19682 block_size: 128 num_candidates_per_device: 4920
device: 3 range_padded: 4992 range_start: 14760 range_end: 19682
device: 0 range_padded: 4992 range_start: 0 range_end: 4920
device: device: 2 range_padded: 4992 range_start: 9840 range_end: 14760
1 range_padded: 4992 range_start: 4920 range_end: 9840
candidates with support: 13464
num_candidates: 40066
num_candidates: 40066 block_size: 128 num_candidates_per_device: 10016
device: 0 range_padded: 10112 range_start: 0 range_end: 10016
device: device: 2 range_padded: device: 110112 range_start:  range_padded: 20032 range_end: 30048310112 range_start: 10016 range_end: 20032
 range_padded: 10112 range_start: 30048 range_end: 40066

candidates with support: 26558
datadriven refinement done, grid size: 51293
creating createOperationMultipleEval type: DEFAULT, using base operator factory
creating createOperationMultipleEval grid: Linear type: STREAMING==DEFAULT subType: OCLUNIFIED
OCL Info: 2 OpenCL platforms have been found
OCL Info: detected platform, name: "Intel(R) OpenCL"
OCL Info: detected platform vendor name: "Intel(R) Corporation"
OCL Info: detected platform, name: "NVIDIA CUDA"
OCL Info: detected platform vendor name: "NVIDIA Corporation"
OCL Info: using platform, name: "NVIDIA CUDA"
OCL Info: detected device, name: "GeForce GTX 1080 Ti"
OCL Info: using device, name: "GeForce GTX 1080 Ti"
OCL Info: detected device, name: "GeForce GTX 1080 Ti"
OCL Info: using device, name: "GeForce GTX 1080 Ti"
OCL Info: detected device, name: "GeForce GTX 1080 Ti"
OCL Info: using device, name: "GeForce GTX 1080 Ti"
OCL Info: detected device, name: "GeForce GTX 1080 Ti"
OCL Info: using device, name: "GeForce GTX 1080 Ti"
OCL Info: detected device, name: "GeForce GTX 1080 Ti"
OCL Info: detected device, name: "GeForce GTX 1080 Ti"
OCL Info: detected device, name: "GeForce GTX 1080 Ti"
OCL Info: detected device, name: "GeForce GTX 1080 Ti"
Starting Learning....

Doing refinement: 0
Grid Size: 51293
building with optimization flags: -cl-unsafe-math-optimizations -cl-denorms-are-zero
building with optimization flags: -cl-unsafe-math-optimizations -cl-denorms-are-zero
building with optimization flags: -cl-unsafe-math-optimizations -cl-denorms-are-zero
building with optimization flags: -cl-unsafe-math-optimizations -cl-denorms-are-zero
--- Begin Build Log ---


--- End Build Log ---
--- Begin Build Log ---


--- End Build Log ---
--- Begin Build Log ---


--- End Build Log ---
--- Begin Build Log ---


--- End Build Log ---
duration multTranspose ocl mod: 0.125418
building with optimization flags: -cl-unsafe-math-optimizations -cl-denorms-are-zero
building with optimization flags: -cl-unsafe-math-optimizations -cl-denorms-are-zero
building with optimization flags: -cl-unsafe-math-optimizations -cl-denorms-are-zero
building with optimization flags: -cl-unsafe-math-optimizations -cl-denorms-are-zero
--- Begin Build Log ---


--- End Build Log ---
--- Begin Build Log ---


--- End Build Log ---
--- Begin Build Log ---


--- End Build Log ---
--- Begin Build Log ---


--- End Build Log ---
duration mult ocl mod: 0.130413
duration multTranspose ocl mod: 0.0243103
duration mult ocl mod: 0.0209622
duration multTranspose ocl mod: 0.0245862
duration mult ocl mod: 0.0210853
duration multTranspose ocl mod: 0.0246415
duration mult ocl mod: 0.0211471
duration multTranspose ocl mod: 0.0207002
duration mult ocl mod: 0.0211208
duration multTranspose ocl mod: 0.0203797
duration mult ocl mod: 0.0210051
duration multTranspose ocl mod: 0.0203208
duration mult ocl mod: 0.0212101
duration multTranspose ocl mod: 0.0242853
duration mult ocl mod: 0.0215872
duration multTranspose ocl mod: 0.0234467
duration mult ocl mod: 0.0208544
duration multTranspose ocl mod: 0.0223213
duration mult ocl mod: 0.0224829
duration multTranspose ocl mod: 0.0234355
duration mult ocl mod: 0.0212724
duration multTranspose ocl mod: 0.0203916
duration mult ocl mod: 0.0211546
duration multTranspose ocl mod: 0.022584
duration mult ocl mod: 0.0215263
duration multTranspose ocl mod: 0.0208304
duration mult ocl mod: 0.0212953
duration multTranspose ocl mod: 0.0238818
duration mult ocl mod: 0.0211916
duration multTranspose ocl mod: 0.0225181
duration mult ocl mod: 0.0214082
duration multTranspose ocl mod: 0.0231159
duration mult ocl mod: 0.021555
duration multTranspose ocl mod: 0.0240767
duration mult ocl mod: 0.0215247
duration multTranspose ocl mod: 0.0231647
duration mult ocl mod: 0.0213242
duration multTranspose ocl mod: 0.0221905
duration mult ocl mod: 0.0211955
duration multTranspose ocl mod: 0.0199083
duration mult ocl mod: 0.0210955
duration multTranspose ocl mod: 0.0202814
duration mult ocl mod: 0.0211088
duration multTranspose ocl mod: 0.0200704
duration mult ocl mod: 0.0210305
duration multTranspose ocl mod: 0.0201736
duration mult ocl mod: 0.0213826
duration multTranspose ocl mod: 0.0203312
duration mult ocl mod: 0.0210877
duration multTranspose ocl mod: 0.0227949
duration mult ocl mod: 0.0211813
duration multTranspose ocl mod: 0.0226543
duration mult ocl mod: 0.0210398
duration multTranspose ocl mod: 0.0201095
duration mult ocl mod: 0.0211708
duration multTranspose ocl mod: 0.0229026
duration mult ocl mod: 0.0210296
duration multTranspose ocl mod: 0.0230104
duration mult ocl mod: 0.0208928
duration multTranspose ocl mod: 0.0232065
duration mult ocl mod: 0.0210319
duration multTranspose ocl mod: 0.0236943
duration mult ocl mod: 0.0211219
duration multTranspose ocl mod: 0.0241995
duration mult ocl mod: 0.0210506
duration multTranspose ocl mod: 0.0233664
duration mult ocl mod: 0.021004
duration multTranspose ocl mod: 0.0237435
duration mult ocl mod: 0.0210419
duration multTranspose ocl mod: 0.0229545
duration mult ocl mod: 0.02099
duration multTranspose ocl mod: 0.0222023
duration mult ocl mod: 0.0211627
duration multTranspose ocl mod: 0.0239053
duration mult ocl mod: 0.0213416
duration multTranspose ocl mod: 0.0245539
duration mult ocl mod: 0.0213156
duration multTranspose ocl mod: 0.0242695
duration mult ocl mod: 0.0216964
duration multTranspose ocl mod: 0.0246329
duration mult ocl mod: 0.0214166
duration multTranspose ocl mod: 0.0209893
duration mult ocl mod: 0.0215141
duration multTranspose ocl mod: 0.0228121
duration mult ocl mod: 0.0212495
duration multTranspose ocl mod: 0.0230382
duration mult ocl mod: 0.0213014
duration multTranspose ocl mod: 0.0229107
duration mult ocl mod: 0.0215212
duration multTranspose ocl mod: 0.0230181
duration mult ocl mod: 0.0213505
duration multTranspose ocl mod: 0.020941
duration mult ocl mod: 0.0212308
duration multTranspose ocl mod: 0.022761
duration mult ocl mod: 0.0213347
duration multTranspose ocl mod: 0.0230813
duration mult ocl mod: 0.0216154
duration multTranspose ocl mod: 0.0212519
duration mult ocl mod: 0.0211935
duration multTranspose ocl mod: 0.0228227
duration mult ocl mod: 0.0210923
duration multTranspose ocl mod: 0.0225756
duration mult ocl mod: 0.0213014
duration multTranspose ocl mod: 0.0220404
duration mult ocl mod: 0.0210619
duration multTranspose ocl mod: 0.0220966
duration mult ocl mod: 0.0210692
duration multTranspose ocl mod: 0.0201924
duration mult ocl mod: 0.0210564
duration multTranspose ocl mod: 0.0220612
duration mult ocl mod: 0.0211303
duration multTranspose ocl mod: 0.0223627
duration mult ocl mod: 0.0210692
duration multTranspose ocl mod: 0.0221236
duration mult ocl mod: 0.0210397
duration multTranspose ocl mod: 0.0221187
duration mult ocl mod: 0.0210491
duration multTranspose ocl mod: 0.0203859
duration mult ocl mod: 0.0211031
duration multTranspose ocl mod: 0.0204195
duration mult ocl mod: 0.02116
duration multTranspose ocl mod: 0.0205235
duration mult ocl mod: 0.0211421
duration multTranspose ocl mod: 0.0205608
duration mult ocl mod: 0.0211765
duration multTranspose ocl mod: 0.0205727
duration mult ocl mod: 0.0211761
duration multTranspose ocl mod: 0.0206778
duration mult ocl mod: 0.0215922
duration multTranspose ocl mod: 0.0225665
duration mult ocl mod: 0.021464
duration multTranspose ocl mod: 0.025406
duration mult ocl mod: 0.0212361
duration multTranspose ocl mod: 0.0213101
duration mult ocl mod: 0.0213055
duration multTranspose ocl mod: 0.0246711
duration mult ocl mod: 0.0222598
duration multTranspose ocl mod: 0.0242083
duration mult ocl mod: 0.0213362
duration multTranspose ocl mod: 0.023304
duration mult ocl mod: 0.0212066
duration multTranspose ocl mod: 0.019997
duration mult ocl mod: 0.0210929
duration multTranspose ocl mod: 0.0203276
duration mult ocl mod: 0.0212407
duration multTranspose ocl mod: 0.0209411
duration mult ocl mod: 0.0210358
duration multTranspose ocl mod: 0.0199608
duration mult ocl mod: 0.021155
duration multTranspose ocl mod: 0.02224
duration mult ocl mod: 0.0211088
duration multTranspose ocl mod: 0.0222328
duration mult ocl mod: 0.0210728
duration multTranspose ocl mod: 0.0201769
duration mult ocl mod: 0.0211604
duration multTranspose ocl mod: 0.0202372
duration mult ocl mod: 0.0211346
duration multTranspose ocl mod: 0.0233306
duration mult ocl mod: 0.0210899
duration multTranspose ocl mod: 0.0200774
duration mult ocl mod: 0.0210532
duration multTranspose ocl mod: 0.022402
duration mult ocl mod: 0.0210614
duration multTranspose ocl mod: 0.0211021
duration mult ocl mod: 0.0210651
duration multTranspose ocl mod: 0.0205429
duration mult ocl mod: 0.0211258
duration multTranspose ocl mod: 0.0212867
duration mult ocl mod: 0.0210648
duration multTranspose ocl mod: 0.0204299
duration mult ocl mod: 0.0210864
duration multTranspose ocl mod: 0.020556
duration mult ocl mod: 0.0211774
duration multTranspose ocl mod: 0.0204744
duration mult ocl mod: 0.0210984
duration multTranspose ocl mod: 0.0204226
duration mult ocl mod: 0.0210484
duration multTranspose ocl mod: 0.0207033
duration mult ocl mod: 0.0211136
duration multTranspose ocl mod: 0.0232359
duration mult ocl mod: 0.0211852
duration multTranspose ocl mod: 0.0250402
duration mult ocl mod: 0.0211035
duration multTranspose ocl mod: 0.0207779
duration mult ocl mod: 0.0210837
duration multTranspose ocl mod: 0.0239001
duration mult ocl mod: 0.0210915
duration multTranspose ocl mod: 0.0227204
duration mult ocl mod: 0.0210048
duration multTranspose ocl mod: 0.0221193
duration mult ocl mod: 0.0210017
duration multTranspose ocl mod: 0.0203377
duration mult ocl mod: 0.0209809
duration multTranspose ocl mod: 0.0203511
duration mult ocl mod: 0.0210223
duration multTranspose ocl mod: 0.0202649
duration mult ocl mod: 0.020973
duration multTranspose ocl mod: 0.0200031
duration mult ocl mod: 0.0209646
duration multTranspose ocl mod: 0.0202757
duration mult ocl mod: 0.0210504
duration multTranspose ocl mod: 0.020373
duration mult ocl mod: 0.0210233
duration multTranspose ocl mod: 0.0198047
duration mult ocl mod: 0.0207945
duration multTranspose ocl mod: 0.0202681
duration mult ocl mod: 0.0216073
duration multTranspose ocl mod: 0.0202973
duration mult ocl mod: 0.0211531
duration multTranspose ocl mod: 0.0223458
duration mult ocl mod: 0.0207115
duration multTranspose ocl mod: 0.0231181
duration mult ocl mod: 0.0209756
duration multTranspose ocl mod: 0.0227582
duration mult ocl mod: 0.0207778
duration multTranspose ocl mod: 0.0223157
duration mult ocl mod: 0.0209923
duration multTranspose ocl mod: 0.0221215
duration mult ocl mod: 0.0209975
duration multTranspose ocl mod: 0.0204063
duration mult ocl mod: 0.0210746
duration multTranspose ocl mod: 0.0221404
duration mult ocl mod: 0.0211986
duration multTranspose ocl mod: 0.0200186
duration mult ocl mod: 0.0210666
duration multTranspose ocl mod: 0.0200985
duration mult ocl mod: 0.0210774
duration multTranspose ocl mod: 0.022914
duration mult ocl mod: 0.0210452
duration multTranspose ocl mod: 0.0224975
duration mult ocl mod: 0.0211469
duration multTranspose ocl mod: 0.0229288
duration mult ocl mod: 0.0214643
duration multTranspose ocl mod: 0.024122
duration mult ocl mod: 0.0210827
duration multTranspose ocl mod: 0.021977
duration mult ocl mod: 0.0210664
duration multTranspose ocl mod: 0.0233689
duration mult ocl mod: 0.0210319
duration multTranspose ocl mod: 0.0226987
duration mult ocl mod: 0.0210055
duration multTranspose ocl mod: 0.0229013
duration mult ocl mod: 0.0212233
duration multTranspose ocl mod: 0.0231523
duration mult ocl mod: 0.0211802
duration multTranspose ocl mod: 0.0229968
duration mult ocl mod: 0.0210844
duration multTranspose ocl mod: 0.0228437
duration mult ocl mod: 0.0211772
duration multTranspose ocl mod: 0.024241
duration mult ocl mod: 0.0211235
duration multTranspose ocl mod: 0.0207951
duration mult ocl mod: 0.0210644
duration multTranspose ocl mod: 0.0208496
duration mult ocl mod: 0.0211783
duration multTranspose ocl mod: 0.0238248
duration mult ocl mod: 0.0213984
duration multTranspose ocl mod: 0.024174
duration mult ocl mod: 0.0212953
duration multTranspose ocl mod: 0.0233247
duration mult ocl mod: 0.0211766
duration multTranspose ocl mod: 0.0205125
duration mult ocl mod: 0.0210859
duration multTranspose ocl mod: 0.0237822
duration mult ocl mod: 0.021311
duration multTranspose ocl mod: 0.0202845
duration mult ocl mod: 0.0210774
duration multTranspose ocl mod: 0.0202228
duration mult ocl mod: 0.0210645
duration multTranspose ocl mod: 0.0205183
duration mult ocl mod: 0.0211303
duration multTranspose ocl mod: 0.0224944
duration mult ocl mod: 0.0210596
duration multTranspose ocl mod: 0.024578
duration mult ocl mod: 0.0211524
duration multTranspose ocl mod: 0.0223975
duration mult ocl mod: 0.0211983
duration multTranspose ocl mod: 0.024221
duration mult ocl mod: 0.0211212
duration multTranspose ocl mod: 0.0203697
duration mult ocl mod: 0.021097
duration multTranspose ocl mod: 0.02065
duration mult ocl mod: 0.0212707
duration multTranspose ocl mod: 0.0203868
duration mult ocl mod: 0.0210819
duration multTranspose ocl mod: 0.0205728
duration mult ocl mod: 0.0210789
duration multTranspose ocl mod: 0.0237884
duration mult ocl mod: 0.0211755
duration multTranspose ocl mod: 0.0239627
duration mult ocl mod: 0.0212438
duration multTranspose ocl mod: 0.0205467
duration mult ocl mod: 0.0210946
duration multTranspose ocl mod: 0.0235514
duration mult ocl mod: 0.0210267
duration multTranspose ocl mod: 0.0224161
duration mult ocl mod: 0.0210092
duration multTranspose ocl mod: 0.0231325
duration mult ocl mod: 0.0210219
duration multTranspose ocl mod: 0.0257026
duration mult ocl mod: 0.0210404
duration multTranspose ocl mod: 0.0223275
duration mult ocl mod: 0.0210346
duration multTranspose ocl mod: 0.0205789
duration mult ocl mod: 0.0214383
duration multTranspose ocl mod: 0.0245093
duration mult ocl mod: 0.0210894
duration multTranspose ocl mod: 0.020905
duration mult ocl mod: 0.0210914
duration multTranspose ocl mod: 0.0221863
duration mult ocl mod: 0.0210777
duration multTranspose ocl mod: 0.0201062
duration mult ocl mod: 0.021017
duration multTranspose ocl mod: 0.02315
duration mult ocl mod: 0.0210372
duration multTranspose ocl mod: 0.0220991
duration mult ocl mod: 0.0210287
duration multTranspose ocl mod: 0.0201167
duration mult ocl mod: 0.0210471
duration multTranspose ocl mod: 0.0200746
duration mult ocl mod: 0.0210348
duration multTranspose ocl mod: 0.0221273
duration mult ocl mod: 0.0210319
duration multTranspose ocl mod: 0.0228915
duration mult ocl mod: 0.0210982
duration multTranspose ocl mod: 0.0246012
duration mult ocl mod: 0.0212194
duration multTranspose ocl mod: 0.0226539
duration mult ocl mod: 0.0214281
duration multTranspose ocl mod: 0.0242406
duration mult ocl mod: 0.0213916
duration multTranspose ocl mod: 0.0245102
duration mult ocl mod: 0.0213339
duration multTranspose ocl mod: 0.0235089
duration mult ocl mod: 0.0210554
duration multTranspose ocl mod: 0.0233123
duration mult ocl mod: 0.0211578
duration multTranspose ocl mod: 0.0241066
duration mult ocl mod: 0.0213167
duration multTranspose ocl mod: 0.0241565
duration mult ocl mod: 0.0211724
duration multTranspose ocl mod: 0.0205019
duration mult ocl mod: 0.0215082
duration multTranspose ocl mod: 0.0250066
duration mult ocl mod: 0.0213208
duration multTranspose ocl mod: 0.023246
duration mult ocl mod: 0.0211493
duration multTranspose ocl mod: 0.0232332
duration mult ocl mod: 0.0210171
duration multTranspose ocl mod: 0.0202514
duration mult ocl mod: 0.0211862
duration multTranspose ocl mod: 0.0231997
duration mult ocl mod: 0.021147
duration multTranspose ocl mod: 0.0203824
duration mult ocl mod: 0.0209964
duration multTranspose ocl mod: 0.0224436
duration mult ocl mod: 0.0210831
duration multTranspose ocl mod: 0.022099
duration mult ocl mod: 0.0210743
duration multTranspose ocl mod: 0.0243361
duration mult ocl mod: 0.0211438
duration multTranspose ocl mod: 0.0206262
duration mult ocl mod: 0.0211895
duration multTranspose ocl mod: 0.0233255
duration mult ocl mod: 0.0211376
duration multTranspose ocl mod: 0.020764
duration mult ocl mod: 0.0210126
duration multTranspose ocl mod: 0.0251365
duration mult ocl mod: 0.0210989
duration multTranspose ocl mod: 0.0238209
duration mult ocl mod: 0.0212285
duration multTranspose ocl mod: 0.0248099
duration mult ocl mod: 0.0214122
duration multTranspose ocl mod: 0.0241271
duration mult ocl mod: 0.0210525
duration multTranspose ocl mod: 0.0205744
duration mult ocl mod: 0.0210109
duration multTranspose ocl mod: 0.0228969
duration mult ocl mod: 0.0210538
duration multTranspose ocl mod: 0.0286081
duration mult ocl mod: 0.0211915
duration multTranspose ocl mod: 0.0204022
duration mult ocl mod: 0.0211841
duration multTranspose ocl mod: 0.0203145
duration mult ocl mod: 0.0211281
duration multTranspose ocl mod: 0.023001
duration mult ocl mod: 0.0212409
duration multTranspose ocl mod: 0.0200469
duration mult ocl mod: 0.0211818
duration multTranspose ocl mod: 0.022254
duration mult ocl mod: 0.0209138
duration multTranspose ocl mod: 0.0199327
duration mult ocl mod: 0.0212096
duration multTranspose ocl mod: 0.0201161
duration mult ocl mod: 0.0212407
duration multTranspose ocl mod: 0.02126
duration mult ocl mod: 0.0211385
duration multTranspose ocl mod: 0.0204237
duration mult ocl mod: 0.0210226
duration multTranspose ocl mod: 0.0204461
duration mult ocl mod: 0.0211337
duration multTranspose ocl mod: 0.0205296
duration mult ocl mod: 0.0212407
duration multTranspose ocl mod: 0.0203529
duration mult ocl mod: 0.0211644
duration multTranspose ocl mod: 0.0206958
duration mult ocl mod: 0.0211683
duration multTranspose ocl mod: 0.0203929
duration mult ocl mod: 0.0212512
duration multTranspose ocl mod: 0.0240966
duration mult ocl mod: 0.0210672
duration multTranspose ocl mod: 0.0201343
duration mult ocl mod: 0.0211111
duration multTranspose ocl mod: 0.0218376
duration mult ocl mod: 0.0212359
duration multTranspose ocl mod: 0.0201866
duration mult ocl mod: 0.0210853
duration multTranspose ocl mod: 0.0234477
duration mult ocl mod: 0.0210768
duration multTranspose ocl mod: 0.0223315
duration mult ocl mod: 0.0210076
duration multTranspose ocl mod: 0.0221695
duration mult ocl mod: 0.0214285
duration multTranspose ocl mod: 0.0200519
duration mult ocl mod: 0.0212382
duration multTranspose ocl mod: 0.0230983
duration mult ocl mod: 0.0211435
duration multTranspose ocl mod: 0.0222005
duration mult ocl mod: 0.021238
duration multTranspose ocl mod: 0.0209446
duration mult ocl mod: 0.0212008
duration multTranspose ocl mod: 0.0249897
duration mult ocl mod: 0.021331
duration multTranspose ocl mod: 0.0224714
duration mult ocl mod: 0.0213617
duration multTranspose ocl mod: 0.0228972
duration mult ocl mod: 0.0214098
duration multTranspose ocl mod: 0.0228215
duration mult ocl mod: 0.0210119
duration multTranspose ocl mod: 0.0223595
duration mult ocl mod: 0.0211781
duration multTranspose ocl mod: 0.0229593
duration mult ocl mod: 0.0210185
duration multTranspose ocl mod: 0.0207016
duration mult ocl mod: 0.0212309
duration multTranspose ocl mod: 0.0200633
duration mult ocl mod: 0.021465
duration multTranspose ocl mod: 0.0201612
duration mult ocl mod: 0.0212043
duration multTranspose ocl mod: 0.0202455
duration mult ocl mod: 0.0209514
duration multTranspose ocl mod: 0.0211893
duration mult ocl mod: 0.0211443
duration multTranspose ocl mod: 0.0264284
duration mult ocl mod: 0.0211258
duration multTranspose ocl mod: 0.0217315
duration mult ocl mod: 0.02106
duration multTranspose ocl mod: 0.0224541
duration mult ocl mod: 0.0210414
duration multTranspose ocl mod: 0.0220891
duration mult ocl mod: 0.0210637
duration multTranspose ocl mod: 0.0199949
duration mult ocl mod: 0.0209155
duration multTranspose ocl mod: 0.0221466
duration mult ocl mod: 0.0210983
duration multTranspose ocl mod: 0.0225682
duration mult ocl mod: 0.0211279
duration multTranspose ocl mod: 0.0204423
duration mult ocl mod: 0.0211729
duration multTranspose ocl mod: 0.0234734
duration mult ocl mod: 0.0211228
duration multTranspose ocl mod: 0.0206269
duration mult ocl mod: 0.021248
duration multTranspose ocl mod: 0.0210154
duration mult ocl mod: 0.0208762
duration multTranspose ocl mod: 0.0204612
duration mult ocl mod: 0.0211764
duration multTranspose ocl mod: 0.0204612
duration mult ocl mod: 0.0212101
duration multTranspose ocl mod: 0.0203924
duration mult ocl mod: 0.0212244
duration multTranspose ocl mod: 0.0242742
duration mult ocl mod: 0.0211031
duration multTranspose ocl mod: 0.0230285
duration mult ocl mod: 0.0211167
duration multTranspose ocl mod: 0.0234511
duration mult ocl mod: 0.0212921
duration multTranspose ocl mod: 0.0204082
duration mult ocl mod: 0.0210008
duration multTranspose ocl mod: 0.0226829
duration mult ocl mod: 0.0214951
duration multTranspose ocl mod: 0.0227351
duration mult ocl mod: 0.0209893
duration multTranspose ocl mod: 0.0199593
duration mult ocl mod: 0.0211701
duration multTranspose ocl mod: 0.0203804
duration mult ocl mod: 0.0210338
duration multTranspose ocl mod: 0.0200758
duration mult ocl mod: 0.0209568
duration multTranspose ocl mod: 0.0207947
duration mult ocl mod: 0.0210937
duration multTranspose ocl mod: 0.0233837
duration mult ocl mod: 0.0211719
duration multTranspose ocl mod: 0.0202687
duration mult ocl mod: 0.0210738
duration multTranspose ocl mod: 0.02229
duration mult ocl mod: 0.0210714
duration multTranspose ocl mod: 0.0205457
duration mult ocl mod: 0.0221464
duration multTranspose ocl mod: 0.0224039
duration mult ocl mod: 0.0212184
duration multTranspose ocl mod: 0.0203414
duration mult ocl mod: 0.0210692
duration multTranspose ocl mod: 0.0239792
duration mult ocl mod: 0.0211714
duration multTranspose ocl mod: 0.0234817
duration mult ocl mod: 0.021173
duration multTranspose ocl mod: 0.0232215
duration mult ocl mod: 0.0212055
duration multTranspose ocl mod: 0.0237888
duration mult ocl mod: 0.0213924
duration multTranspose ocl mod: 0.0228875
duration mult ocl mod: 0.0212536
duration multTranspose ocl mod: 0.0225633
duration mult ocl mod: 0.0212432
duration multTranspose ocl mod: 0.0208203
duration mult ocl mod: 0.0217109
duration multTranspose ocl mod: 0.0245727
duration mult ocl mod: 0.0209987
duration multTranspose ocl mod: 0.0205044
duration mult ocl mod: 0.0210748
duration multTranspose ocl mod: 0.0217343
duration mult ocl mod: 0.0210631
duration multTranspose ocl mod: 0.0225059
duration mult ocl mod: 0.0211404
duration multTranspose ocl mod: 0.0224793
duration mult ocl mod: 0.0211828
duration multTranspose ocl mod: 0.0206226
duration mult ocl mod: 0.021193
duration multTranspose ocl mod: 0.0232901
duration mult ocl mod: 0.0214858
duration multTranspose ocl mod: 0.0235439
duration mult ocl mod: 0.0212655
duration multTranspose ocl mod: 0.0203544
duration mult ocl mod: 0.0210701
duration multTranspose ocl mod: 0.0204366
duration mult ocl mod: 0.0211312
duration multTranspose ocl mod: 0.021199
duration mult ocl mod: 0.0212315
duration multTranspose ocl mod: 0.0205113
duration mult ocl mod: 0.0212131
duration multTranspose ocl mod: 0.0202983
duration mult ocl mod: 0.021071
duration multTranspose ocl mod: 0.0203509
duration mult ocl mod: 0.0214414
duration multTranspose ocl mod: 0.0228683
duration mult ocl mod: 0.0209725
duration multTranspose ocl mod: 0.0204941
duration mult ocl mod: 0.021186
duration multTranspose ocl mod: 0.0238735
duration mult ocl mod: 0.0212482
duration multTranspose ocl mod: 0.023361
duration mult ocl mod: 0.0212052
duration multTranspose ocl mod: 0.023272
duration mult ocl mod: 0.0211534
duration multTranspose ocl mod: 0.0208759
duration mult ocl mod: 0.0210394
duration multTranspose ocl mod: 0.0213466
duration mult ocl mod: 0.02126
duration multTranspose ocl mod: 0.0208412
duration mult ocl mod: 0.0213061
duration multTranspose ocl mod: 0.0202926
duration mult ocl mod: 0.0212192
duration multTranspose ocl mod: 0.0243171
duration mult ocl mod: 0.0211881
duration multTranspose ocl mod: 0.0201725
duration mult ocl mod: 0.0212525
duration multTranspose ocl mod: 0.0236497
duration mult ocl mod: 0.0212172
duration multTranspose ocl mod: 0.024138
duration mult ocl mod: 0.0213513
duration multTranspose ocl mod: 0.0233708
duration mult ocl mod: 0.0209629
duration multTranspose ocl mod: 0.0233353
duration mult ocl mod: 0.0209296
duration multTranspose ocl mod: 0.0203112
duration mult ocl mod: 0.0208866
duration multTranspose ocl mod: 0.0201454
duration mult ocl mod: 0.0212495
duration multTranspose ocl mod: 0.0202198
duration mult ocl mod: 0.0210924
duration multTranspose ocl mod: 0.020259
duration mult ocl mod: 0.0210107
duration multTranspose ocl mod: 0.0201472
duration mult ocl mod: 0.0214673
duration multTranspose ocl mod: 0.0226727
duration mult ocl mod: 0.0211133
duration multTranspose ocl mod: 0.0232315
duration mult ocl mod: 0.0212159
duration multTranspose ocl mod: 0.0222419
duration mult ocl mod: 0.0211772
duration multTranspose ocl mod: 0.0207164
duration mult ocl mod: 0.0212963
duration multTranspose ocl mod: 0.0231277
duration mult ocl mod: 0.0213841
duration multTranspose ocl mod: 0.0229817
duration mult ocl mod: 0.0212197
duration multTranspose ocl mod: 0.0230965
duration mult ocl mod: 0.0221807
duration multTranspose ocl mod: 0.0212541
duration mult ocl mod: 0.0212705
duration multTranspose ocl mod: 0.0227497
duration mult ocl mod: 0.0211299
duration multTranspose ocl mod: 0.0232937
duration mult ocl mod: 0.0211562
duration multTranspose ocl mod: 0.022838
duration mult ocl mod: 0.0210754
duration multTranspose ocl mod: 0.0231573
duration mult ocl mod: 0.0210512
duration multTranspose ocl mod: 0.0234551
duration mult ocl mod: 0.0210938
duration multTranspose ocl mod: 0.0224241
duration mult ocl mod: 0.0211062
duration multTranspose ocl mod: 0.0232284
duration mult ocl mod: 0.0211124
duration multTranspose ocl mod: 0.0200964
duration mult ocl mod: 0.0210936
duration multTranspose ocl mod: 0.0203748
duration mult ocl mod: 0.021158
duration multTranspose ocl mod: 0.0206668
duration mult ocl mod: 0.0210673
duration multTranspose ocl mod: 0.0204011
duration mult ocl mod: 0.0218021
duration multTranspose ocl mod: 0.0228923
duration mult ocl mod: 0.0213651
duration multTranspose ocl mod: 0.0230311
duration mult ocl mod: 0.0213228
duration multTranspose ocl mod: 0.0209351
duration mult ocl mod: 0.0213698
duration multTranspose ocl mod: 0.024437
duration mult ocl mod: 0.0212472
duration multTranspose ocl mod: 0.0232019
duration mult ocl mod: 0.0211475
duration multTranspose ocl mod: 0.0227662
duration mult ocl mod: 0.0213465
duration multTranspose ocl mod: 0.0226439
duration mult ocl mod: 0.0213227
duration multTranspose ocl mod: 0.0204895
duration mult ocl mod: 0.0211768
duration multTranspose ocl mod: 0.0221175
duration mult ocl mod: 0.0211244
duration multTranspose ocl mod: 0.0227355
duration mult ocl mod: 0.0212584
duration multTranspose ocl mod: 0.0243043
duration mult ocl mod: 0.0211173
duration multTranspose ocl mod: 0.0232898
duration mult ocl mod: 0.0211125
duration multTranspose ocl mod: 0.0201496
duration mult ocl mod: 0.0211309
duration multTranspose ocl mod: 0.0243022
duration mult ocl mod: 0.0211792
duration multTranspose ocl mod: 0.0226005
duration mult ocl mod: 0.0211131
duration multTranspose ocl mod: 0.0203196
duration mult ocl mod: 0.0212481
duration multTranspose ocl mod: 0.0204925
duration mult ocl mod: 0.0213735
duration multTranspose ocl mod: 0.0231102
duration mult ocl mod: 0.0212387
duration multTranspose ocl mod: 0.0231876
duration mult ocl mod: 0.0212856
duration multTranspose ocl mod: 0.0238396
duration mult ocl mod: 0.0211744
duration multTranspose ocl mod: 0.0222291
duration mult ocl mod: 0.0213794
duration multTranspose ocl mod: 0.0236238
duration mult ocl mod: 0.0213288
duration multTranspose ocl mod: 0.0240773
duration mult ocl mod: 0.0212321
duration multTranspose ocl mod: 0.0205075
duration mult ocl mod: 0.0213979
duration multTranspose ocl mod: 0.0224912
duration mult ocl mod: 0.0211615
duration multTranspose ocl mod: 0.0221111
duration mult ocl mod: 0.02114
duration multTranspose ocl mod: 0.0223198
duration mult ocl mod: 0.021152
duration multTranspose ocl mod: 0.02218
duration mult ocl mod: 0.0212119
duration multTranspose ocl mod: 0.0221596
duration mult ocl mod: 0.021204
duration multTranspose ocl mod: 0.0217113
duration mult ocl mod: 0.021212
duration multTranspose ocl mod: 0.0221127
duration mult ocl mod: 0.0212406
duration multTranspose ocl mod: 0.0221273
duration mult ocl mod: 0.0212536
duration multTranspose ocl mod: 0.0220468
duration mult ocl mod: 0.0213797
duration multTranspose ocl mod: 0.0201928
duration mult ocl mod: 0.0212494
duration multTranspose ocl mod: 0.0202479
duration mult ocl mod: 0.021268
duration multTranspose ocl mod: 0.0201955
duration mult ocl mod: 0.0212379
duration multTranspose ocl mod: 0.020079
duration mult ocl mod: 0.0212825
duration multTranspose ocl mod: 0.0202743
duration mult ocl mod: 0.0212384
duration multTranspose ocl mod: 0.0199566
duration mult ocl mod: 0.0212369
duration multTranspose ocl mod: 0.0228918
duration mult ocl mod: 0.0213379
duration multTranspose ocl mod: 0.0232303
duration mult ocl mod: 0.0212892
duration multTranspose ocl mod: 0.0230216
duration mult ocl mod: 0.0213562
duration multTranspose ocl mod: 0.0223629
duration mult ocl mod: 0.0213532
duration multTranspose ocl mod: 0.0233667
duration mult ocl mod: 0.0211836
duration multTranspose ocl mod: 0.0203926
duration mult ocl mod: 0.0211525
duration multTranspose ocl mod: 0.02361
duration mult ocl mod: 0.0213485
duration multTranspose ocl mod: 0.0202094
duration mult ocl mod: 0.0211788
duration multTranspose ocl mod: 0.0220967
duration mult ocl mod: 0.021379
duration multTranspose ocl mod: 0.0202914
duration mult ocl mod: 0.0213645
duration multTranspose ocl mod: 0.0239756
duration mult ocl mod: 0.021299
duration multTranspose ocl mod: 0.0235043
duration mult ocl mod: 0.0213224
duration multTranspose ocl mod: 0.02335
duration mult ocl mod: 0.0214754
duration multTranspose ocl mod: 0.0229808
duration mult ocl mod: 0.0211862
duration multTranspose ocl mod: 0.0256945
duration mult ocl mod: 0.0215903
duration multTranspose ocl mod: 0.0233687
duration mult ocl mod: 0.0213374
duration multTranspose ocl mod: 0.0205082
duration mult ocl mod: 0.021323
duration multTranspose ocl mod: 0.0226859
duration mult ocl mod: 0.0211917
duration multTranspose ocl mod: 0.0222329
duration mult ocl mod: 0.0212561
duration multTranspose ocl mod: 0.0205839
duration mult ocl mod: 0.0212801
duration multTranspose ocl mod: 0.020139
duration mult ocl mod: 0.021307
duration multTranspose ocl mod: 0.0203283
duration mult ocl mod: 0.0212142
duration multTranspose ocl mod: 0.0204934
duration mult ocl mod: 0.0212637
duration multTranspose ocl mod: 0.0206338
duration mult ocl mod: 0.0211424
duration multTranspose ocl mod: 0.0203164
duration mult ocl mod: 0.0213278
duration multTranspose ocl mod: 0.0204014
duration mult ocl mod: 0.0212584
duration multTranspose ocl mod: 0.024125
duration mult ocl mod: 0.0214514
duration multTranspose ocl mod: 0.0202224
duration mult ocl mod: 0.0212113
duration multTranspose ocl mod: 0.0234841
duration mult ocl mod: 0.0211767
duration multTranspose ocl mod: 0.0199493
duration mult ocl mod: 0.0214365
duration multTranspose ocl mod: 0.0248408
duration mult ocl mod: 0.0217455
duration multTranspose ocl mod: 0.0234997
duration mult ocl mod: 0.021248
duration multTranspose ocl mod: 0.0205662
duration mult ocl mod: 0.0212792
duration multTranspose ocl mod: 0.0209592
duration mult ocl mod: 0.0212188
duration multTranspose ocl mod: 0.0226077
duration mult ocl mod: 0.0213058
duration multTranspose ocl mod: 0.0246148
duration mult ocl mod: 0.0213786
duration multTranspose ocl mod: 0.0209737
duration mult ocl mod: 0.0213913
duration multTranspose ocl mod: 0.0233693
duration mult ocl mod: 0.021272
duration multTranspose ocl mod: 0.0222527
duration mult ocl mod: 0.0211706
duration multTranspose ocl mod: 0.023063
duration mult ocl mod: 0.0211256
duration multTranspose ocl mod: 0.0232798
duration mult ocl mod: 0.0215612
duration multTranspose ocl mod: 0.0224169
duration mult ocl mod: 0.0213235
duration multTranspose ocl mod: 0.0228536
duration mult ocl mod: 0.021344
duration multTranspose ocl mod: 0.0227711
duration mult ocl mod: 0.0214421
duration multTranspose ocl mod: 0.0229841
duration mult ocl mod: 0.0211614
duration multTranspose ocl mod: 0.0216669
duration mult ocl mod: 0.0211721
duration multTranspose ocl mod: 0.0210145
duration mult ocl mod: 0.0212159
duration multTranspose ocl mod: 0.02011
duration mult ocl mod: 0.0211583
duration multTranspose ocl mod: 0.0201596
duration mult ocl mod: 0.0212288
duration multTranspose ocl mod: 0.0203518
duration mult ocl mod: 0.0212818
duration multTranspose ocl mod: 0.024438
duration mult ocl mod: 0.0213481
duration multTranspose ocl mod: 0.0205435
duration mult ocl mod: 0.0212373
duration multTranspose ocl mod: 0.0204741
duration mult ocl mod: 0.0212401
duration multTranspose ocl mod: 0.0204883
duration mult ocl mod: 0.0212811
duration multTranspose ocl mod: 0.0206513
duration mult ocl mod: 0.0212438
duration multTranspose ocl mod: 0.0233326
duration mult ocl mod: 0.0212178
duration multTranspose ocl mod: 0.0237284
duration mult ocl mod: 0.021422
duration multTranspose ocl mod: 0.0206474
duration mult ocl mod: 0.0212801
duration multTranspose ocl mod: 0.0234876
duration mult ocl mod: 0.0213103
duration multTranspose ocl mod: 0.0243634
duration mult ocl mod: 0.0212181
duration multTranspose ocl mod: 0.0226925
duration mult ocl mod: 0.0211718
duration multTranspose ocl mod: 0.0220905
duration mult ocl mod: 0.0211669
duration multTranspose ocl mod: 0.0221467
duration mult ocl mod: 0.0211919
duration multTranspose ocl mod: 0.0221053
duration mult ocl mod: 0.0213623
duration multTranspose ocl mod: 0.0225412
duration mult ocl mod: 0.0212977
duration multTranspose ocl mod: 0.0202141
duration mult ocl mod: 0.0213506
duration multTranspose ocl mod: 0.02051
duration mult ocl mod: 0.0212653
duration multTranspose ocl mod: 0.020562
duration mult ocl mod: 0.0212306
duration multTranspose ocl mod: 0.0203972
duration mult ocl mod: 0.0211809
duration multTranspose ocl mod: 0.0204424
duration mult ocl mod: 0.0212708
duration multTranspose ocl mod: 0.020459
duration mult ocl mod: 0.0211975
duration multTranspose ocl mod: 0.0199881
duration mult ocl mod: 0.0213674
duration multTranspose ocl mod: 0.0203396
duration mult ocl mod: 0.0212482
duration multTranspose ocl mod: 0.02037
duration mult ocl mod: 0.0214307
duration multTranspose ocl mod: 0.020589
duration mult ocl mod: 0.0212792
duration multTranspose ocl mod: 0.0202786
duration mult ocl mod: 0.021402
duration multTranspose ocl mod: 0.0223637
duration mult ocl mod: 0.0214748
duration multTranspose ocl mod: 0.0232398
duration mult ocl mod: 0.0212469
duration multTranspose ocl mod: 0.02333
duration mult ocl mod: 0.0212942
duration multTranspose ocl mod: 0.0233739
duration mult ocl mod: 0.0213121
duration multTranspose ocl mod: 0.020879
duration mult ocl mod: 0.0212559
duration multTranspose ocl mod: 0.0243334
duration mult ocl mod: 0.0212345
duration multTranspose ocl mod: 0.020419
duration mult ocl mod: 0.0210964
duration multTranspose ocl mod: 0.0228048
duration mult ocl mod: 0.0212793
duration multTranspose ocl mod: 0.0222497
duration mult ocl mod: 0.021164
duration multTranspose ocl mod: 0.0208883
duration mult ocl mod: 0.0212245
duration multTranspose ocl mod: 0.0205048
duration mult ocl mod: 0.0212256
duration multTranspose ocl mod: 0.0241636
duration mult ocl mod: 0.0213257
duration multTranspose ocl mod: 0.020277
duration mult ocl mod: 0.0212327
duration multTranspose ocl mod: 0.020622
duration mult ocl mod: 0.021102
duration multTranspose ocl mod: 0.0226388
duration mult ocl mod: 0.0211324
duration multTranspose ocl mod: 0.0201569
duration mult ocl mod: 0.0211334
duration multTranspose ocl mod: 0.0201875
duration mult ocl mod: 0.0210802
duration multTranspose ocl mod: 0.0199738
duration mult ocl mod: 0.0210838
duration multTranspose ocl mod: 0.0202037
duration mult ocl mod: 0.0210837
duration multTranspose ocl mod: 0.0202133
duration mult ocl mod: 0.0211249
duration multTranspose ocl mod: 0.0202632
duration mult ocl mod: 0.0212182
duration multTranspose ocl mod: 0.0199457
duration mult ocl mod: 0.0211195
duration multTranspose ocl mod: 0.0223364
duration mult ocl mod: 0.0213718
duration multTranspose ocl mod: 0.0224799
duration mult ocl mod: 0.0215449
duration multTranspose ocl mod: 0.0206572
duration mult ocl mod: 0.0212658
duration multTranspose ocl mod: 0.020795
duration mult ocl mod: 0.0212274
duration multTranspose ocl mod: 0.0223855
duration mult ocl mod: 0.0214103
duration multTranspose ocl mod: 0.0221833
duration mult ocl mod: 0.0214982
duration multTranspose ocl mod: 0.0234332
duration mult ocl mod: 0.0213037
duration multTranspose ocl mod: 0.0234269
duration mult ocl mod: 0.0212652
duration multTranspose ocl mod: 0.0233182
duration mult ocl mod: 0.021263
duration multTranspose ocl mod: 0.0217359
duration mult ocl mod: 0.0211632
duration multTranspose ocl mod: 0.0221523
duration mult ocl mod: 0.0211949
duration multTranspose ocl mod: 0.0203318
duration mult ocl mod: 0.0212457
duration multTranspose ocl mod: 0.02036
duration mult ocl mod: 0.0211875
duration multTranspose ocl mod: 0.0204648
duration mult ocl mod: 0.0211239
duration multTranspose ocl mod: 0.0204404
duration mult ocl mod: 0.021387
duration multTranspose ocl mod: 0.0234978
duration mult ocl mod: 0.02127
duration multTranspose ocl mod: 0.0204166
duration mult ocl mod: 0.0213831
duration multTranspose ocl mod: 0.02127
duration mult ocl mod: 0.0213158
duration multTranspose ocl mod: 0.024032
duration mult ocl mod: 0.0213236
duration multTranspose ocl mod: 0.0207174
duration mult ocl mod: 0.0211696
duration multTranspose ocl mod: 0.0204632
duration mult ocl mod: 0.0213443
duration multTranspose ocl mod: 0.0206678
duration mult ocl mod: 0.0212805
duration multTranspose ocl mod: 0.0207638
duration mult ocl mod: 0.0212294
duration multTranspose ocl mod: 0.0203267
duration mult ocl mod: 0.0213452
duration multTranspose ocl mod: 0.0206229
duration mult ocl mod: 0.0215136
duration multTranspose ocl mod: 0.0207791
duration mult ocl mod: 0.021152
duration multTranspose ocl mod: 0.0238151
duration mult ocl mod: 0.0214406
duration multTranspose ocl mod: 0.023837
duration mult ocl mod: 0.0213267
duration multTranspose ocl mod: 0.0232887
duration mult ocl mod: 0.0212382
duration multTranspose ocl mod: 0.0239842
duration mult ocl mod: 0.0211779
duration multTranspose ocl mod: 0.0227844
duration mult ocl mod: 0.0212044
duration multTranspose ocl mod: 0.0237839
duration mult ocl mod: 0.0211629
duration multTranspose ocl mod: 0.0204933
duration mult ocl mod: 0.0211752
duration multTranspose ocl mod: 0.0201704
duration mult ocl mod: 0.0211464
duration multTranspose ocl mod: 0.0206629
duration mult ocl mod: 0.0210788
duration multTranspose ocl mod: 0.020297
duration mult ocl mod: 0.0211382
duration multTranspose ocl mod: 0.0204113
duration mult ocl mod: 0.0211412
duration multTranspose ocl mod: 0.0204797
duration mult ocl mod: 0.02108
duration multTranspose ocl mod: 0.0203451
duration mult ocl mod: 0.0212384
duration multTranspose ocl mod: 0.0223099
duration mult ocl mod: 0.0213932
duration multTranspose ocl mod: 0.0208964
duration mult ocl mod: 0.0216519
duration multTranspose ocl mod: 0.0209825
duration mult ocl mod: 0.0210288
duration multTranspose ocl mod: 0.0207038
duration mult ocl mod: 0.0212642
duration multTranspose ocl mod: 0.0228087
duration mult ocl mod: 0.0213132
duration multTranspose ocl mod: 0.0207826
duration mult ocl mod: 0.0211746
duration multTranspose ocl mod: 0.0241367
duration mult ocl mod: 0.0212818
duration multTranspose ocl mod: 0.0238292
duration mult ocl mod: 0.0212167
duration multTranspose ocl mod: 0.0235762
duration mult ocl mod: 0.0209873
duration multTranspose ocl mod: 0.0225632
duration mult ocl mod: 0.0211177
duration multTranspose ocl mod: 0.0237036
duration mult ocl mod: 0.0211853
duration multTranspose ocl mod: 0.0211482
duration mult ocl mod: 0.0213886
duration multTranspose ocl mod: 0.0243864
duration mult ocl mod: 0.0211749
duration multTranspose ocl mod: 0.0228371
duration mult ocl mod: 0.0215665
duration multTranspose ocl mod: 0.0231306
duration mult ocl mod: 0.0212818
duration multTranspose ocl mod: 0.0239982
duration mult ocl mod: 0.0213327
duration multTranspose ocl mod: 0.0242749
duration mult ocl mod: 0.021318
duration multTranspose ocl mod: 0.0231092

Needed Iterations: 500
Final residuum: 21318
note: performance calculation: coefficients are reused
note: performance calculation: iterations for calculation : 511.5
note: performance calculation: additional iteration for residual recalculation : 10

Current Duration:: 24.4415
Current GFlop/s: 19229.5

Finished Training!

Training took: 24.4415 seconds

computing MSE of test dataset
creating createOperationMultipleEval grid: Linear type: STREAMING==DEFAULT subType: OCLUNIFIED
OCL Info: 2 OpenCL platforms have been found
OCL Info: detected platform, name: "Intel(R) OpenCL"
OCL Info: detected platform vendor name: "Intel(R) Corporation"
OCL Info: detected platform, name: "NVIDIA CUDA"
OCL Info: detected platform vendor name: "NVIDIA Corporation"
OCL Info: using platform, name: "NVIDIA CUDA"
OCL Info: detected device, name: "GeForce GTX 1080 Ti"
OCL Info: using device, name: "GeForce GTX 1080 Ti"
OCL Info: detected device, name: "GeForce GTX 1080 Ti"
OCL Info: using device, name: "GeForce GTX 1080 Ti"
OCL Info: detected device, name: "GeForce GTX 1080 Ti"
OCL Info: using device, name: "GeForce GTX 1080 Ti"
OCL Info: detected device, name: "GeForce GTX 1080 Ti"
OCL Info: using device, name: "GeForce GTX 1080 Ti"
OCL Info: detected device, name: "GeForce GTX 1080 Ti"
OCL Info: detected device, name: "GeForce GTX 1080 Ti"
OCL Info: detected device, name: "GeForce GTX 1080 Ti"
OCL Info: detected device, name: "GeForce GTX 1080 Ti"
building with optimization flags: -cl-unsafe-math-optimizations -cl-denorms-are-zero
building with optimization flags: building with optimization flags: -cl-unsafe-math-optimizations -cl-denorms-are-zero
-cl-unsafe-math-optimizations -cl-denorms-are-zero
building with optimization flags: -cl-unsafe-math-optimizations -cl-denorms-are-zero
--- Begin Build Log ---


--- End Build Log ---
--- Begin Build Log ---


--- End Build Log ---
--- Begin Build Log ---


--- End Build Log ---
--- Begin Build Log ---


--- End Build Log ---
duration mult ocl mod: 0.137591
classes computed/predicted
mse: 0.000491243
total_duration: 33.8096
