./datadriven/examplesOCL/regression_cmd --trainingFileName ../../DissertationCodeGTX/datasets/DR5/DR5_nowarnings_less05_train.arff --testFileName ../../DissertationCodeGTX/datasets/DR5/DR5_nowarnings_less05_test.arff --learnerMode LEARNTEST --grid.level 10 --lambda 1E-5 --grid.type ModLinear --verbose true --additionalConfig results_diss/DR5_scaling_ocl_float_gtx1080ti_5.cfg --operation.type STREAMING --operation.subType OCLUNIFIED --solverFinal.maxIterations 500 --solverFinal.eps 0 --isRegression true --adaptConfig.support_refinement_min_support 500 --adaptConfig.support_refinement_ocl_config results_diss/DR5_scaling_ocl_float_gtx1080ti_5.cfg --adaptConfig.use_support_refinement --do_dummy_ocl_init
OCL Info: 2 OpenCL platforms have been found
OCL Info: detected platform, name: "Intel(R) OpenCL"
OCL Info: detected platform vendor name: "Intel(R) Corporation"
OCL Info: platform not configured, skipping...
OCL Info: detected platform, name: "NVIDIA CUDA"
OCL Info: detected platform vendor name: "NVIDIA Corporation"
OCL Info: using platform, name: "NVIDIA CUDA"
OCL Info: platform device count: 8
OCL Info: detected device, name: "GeForce GTX 1080 Ti"
OCL Info: using device, name: "GeForce GTX 1080 Ti"
OCL Info: detected device, name: "GeForce GTX 1080 Ti"
OCL Info: using device, name: "GeForce GTX 1080 Ti"
OCL Info: detected device, name: "GeForce GTX 1080 Ti"
OCL Info: using device, name: "GeForce GTX 1080 Ti"
OCL Info: detected device, name: "GeForce GTX 1080 Ti"
OCL Info: using device, name: "GeForce GTX 1080 Ti"
OCL Info: detected device, name: "GeForce GTX 1080 Ti"
OCL Info: using device, name: "GeForce GTX 1080 Ti"
OCL Info: detected device, name: "GeForce GTX 1080 Ti"
OCL Info: detected device, name: "GeForce GTX 1080 Ti"
OCL Info: detected device, name: "GeForce GTX 1080 Ti"
ocl dummy initalization duration: 7.81841
instances: 371908
support_refinement_min_support: 500
OCL Info: 2 OpenCL platforms have been found
OCL Info: detected platform, name: "Intel(R) OpenCL"
OCL Info: detected platform vendor name: "Intel(R) Corporation"
OCL Info: platform not configured, skipping...
OCL Info: detected platform, name: "NVIDIA CUDA"
OCL Info: detected platform vendor name: "NVIDIA Corporation"
OCL Info: using platform, name: "NVIDIA CUDA"
OCL Info: platform device count: 8
OCL Info: detected device, name: "GeForce GTX 1080 Ti"
OCL Info: using device, name: "GeForce GTX 1080 Ti"
OCL Info: detected device, name: "GeForce GTX 1080 Ti"
OCL Info: using device, name: "GeForce GTX 1080 Ti"
OCL Info: detected device, name: "GeForce GTX 1080 Ti"
OCL Info: using device, name: "GeForce GTX 1080 Ti"
OCL Info: detected device, name: "GeForce GTX 1080 Ti"
OCL Info: using device, name: "GeForce GTX 1080 Ti"
OCL Info: detected device, name: "GeForce GTX 1080 Ti"
OCL Info: using device, name: "GeForce GTX 1080 Ti"
OCL Info: detected device, name: "GeForce GTX 1080 Ti"
OCL Info: detected device, name: "GeForce GTX 1080 Ti"
OCL Info: detected device, name: "GeForce GTX 1080 Ti"
ocl_init_duration: 1.56121
building kernel: verify_support
building with optimization flags: 
--- Build Log ---


building with optimization flags: 
--- Build Log ---


building with optimization flags: 
--- Build Log ---


building with optimization flags: 
--- Build Log ---


building with optimization flags: 
--- Build Log ---


num_candidates: 1
num_candidates: 1 block_size: 128 num_candidates_per_device: 0
device: 4 range_padded: 128 range_start: 0 range_end: 1
duration (s): 0.296787
candidates with support: 1
num_candidates: 10
num_candidates: 10 block_size: 128 num_candidates_per_device: 2
device: 4 range_padded: 128 range_start: 0 range_end: 10
duration (s): 0.260122
candidates with support: 10
num_candidates: 60
num_candidates: 60 block_size: 128 num_candidates_per_device: 12
device: 4 range_padded: 128 range_start: 0 range_end: 60
duration (s): 0.265557
candidates with support: 52
num_candidates: 236
num_candidates: 236 block_size: 128 num_candidates_per_device: 47
device: 4 range_padded: 256 range_start: 0 range_end: 236
duration (s): 0.265132
candidates with support: 181
num_candidates: 706
num_candidates: 706 block_size: 128 num_candidates_per_device: 141
device: 4 range_padded: 768 range_start: 0 range_end: 706
duration (s): 0.269136
candidates with support: 503
num_candidates: 1786
num_candidates: 1786 block_size: 128 num_candidates_per_device: 357
device: 4 range_padded: 1792 range_start: 0 range_end: 1786
duration (s): 0.271267
candidates with support: 1241
num_candidates: 4140
num_candidates: 4140 block_size: 128 num_candidates_per_device: 828
device: device: 40device: device: 2 range_padded: 896device:  range_start: 1656 range_end: 24843
 range_padded: 896 range_start:  range_padded: 0 range_end: 828
896 range_start: 3312 range_end: 4140
 range_padded: 896 range_start: 2484 range_end: 3312
1 range_padded: 896 range_start: 828 range_end: 1656
duration (s): 0.271419
duration (s): 0.319472
duration (s): 0.319606
duration (s): 0.321818
duration (s): 0.329283
candidates with support: 2886
num_candidates: 9216
num_candidates: 9216 block_size: 128 num_candidates_per_device: 1843
device: device: 0device: 3 range_padded:  range_padded: 1device:  range_padded: 1920 range_start: 0 range_end: 1843
4 range_padded: 1920 range_start: 73721920 range_start: 5529 range_end:  range_end: 92167372

1920 range_start: 1843 range_end: 3686
device: 2 range_padded: 1920 range_start: 3686 range_end: 5529
duration (s): 0.273125
duration (s): 0.274685
duration (s): 0.267154
duration (s): 0.270074
duration (s): 0.271763
candidates with support: 6397
num_candidates: 19682
num_candidates: 19682 block_size: 128 num_candidates_per_device: 3936
device: device: device: device: device: 4 range_padded: 33968 range_start: 15744 range_end: 2 range_padded:  range_padded: 196823968
 range_start: 7872 range_end: 11808
3968 range_start: 11808 range_end: 15744
1 range_padded: 3968 range_start: 3936 range_end: 7872
0 range_padded: 3968 range_start: 0 range_end: 3936
duration (s): 0.267313
duration (s): 0.273128
duration (s): 0.268941
duration (s): 0.276455
duration (s): 0.285822
candidates with support: 13464
num_candidates: 40066
num_candidates: 40066 block_size: 128 num_candidates_per_device: 8013
device: 3 range_padded: 8064 range_start: 24039 range_end: 32052
device: 1 range_padded: 8064 range_start: 8013 range_end: 16026
device: device: 0 range_padded: 8064 range_start: 0 range_end: 8013
2 range_padded: 8064 range_start: 16026 range_end: 24039
device: 4 range_padded: 8064 range_start: 32052 range_end: 40066
duration (s): 0.283648
duration (s): 0.291849
duration (s): 0.294369
duration (s): 0.296502
duration (s): 0.295647
candidates with support: 26558
datadriven refinement done, grid size: 51293
creating createOperationMultipleEval type: DEFAULT, using base operator factory
creating createOperationMultipleEval grid: Linear type: STREAMING==DEFAULT subType: OCLUNIFIED
OCL Info: 2 OpenCL platforms have been found
OCL Info: detected platform, name: "Intel(R) OpenCL"
OCL Info: detected platform vendor name: "Intel(R) Corporation"
OCL Info: detected platform, name: "NVIDIA CUDA"
OCL Info: detected platform vendor name: "NVIDIA Corporation"
OCL Info: using platform, name: "NVIDIA CUDA"
OCL Info: detected device, name: "GeForce GTX 1080 Ti"
OCL Info: using device, name: "GeForce GTX 1080 Ti"
OCL Info: detected device, name: "GeForce GTX 1080 Ti"
OCL Info: using device, name: "GeForce GTX 1080 Ti"
OCL Info: detected device, name: "GeForce GTX 1080 Ti"
OCL Info: using device, name: "GeForce GTX 1080 Ti"
OCL Info: detected device, name: "GeForce GTX 1080 Ti"
OCL Info: using device, name: "GeForce GTX 1080 Ti"
OCL Info: detected device, name: "GeForce GTX 1080 Ti"
OCL Info: using device, name: "GeForce GTX 1080 Ti"
OCL Info: detected device, name: "GeForce GTX 1080 Ti"
OCL Info: detected device, name: "GeForce GTX 1080 Ti"
OCL Info: detected device, name: "GeForce GTX 1080 Ti"
Starting Learning....

Doing refinement: 0
Grid Size: 51293
building with optimization flags: 
building with optimization flags: 
building with optimization flags: 
building with optimization flags: 
building with optimization flags: 
--- Begin Build Log ---


--- End Build Log ---
--- Begin Build Log ---


--- End Build Log ---
--- Begin Build Log ---


--- End Build Log ---
--- Begin Build Log ---


--- End Build Log ---
--- Begin Build Log ---


--- End Build Log ---
duration multTranspose ocl mod: 0.17981
building with optimization flags: 
building with optimization flags: 
building with optimization flags: 
building with optimization flags: 
building with optimization flags: 
--- Begin Build Log ---


--- End Build Log ---
--- Begin Build Log ---


--- End Build Log ---
--- Begin Build Log ---


--- End Build Log ---
--- Begin Build Log ---


--- End Build Log ---
--- Begin Build Log ---


--- End Build Log ---
duration mult ocl mod: 0.182315
duration multTranspose ocl mod: 0.0274073
duration mult ocl mod: 0.0448922
duration multTranspose ocl mod: 0.0276451
duration mult ocl mod: 0.0452921
duration multTranspose ocl mod: 0.0250784
duration mult ocl mod: 0.0441259
duration multTranspose ocl mod: 0.0281801
duration mult ocl mod: 0.0441541
duration multTranspose ocl mod: 0.0278057
duration mult ocl mod: 0.043805
duration multTranspose ocl mod: 0.0276571
duration mult ocl mod: 0.0436719
duration multTranspose ocl mod: 0.0282956
duration mult ocl mod: 0.0427787
duration multTranspose ocl mod: 0.0273329
duration mult ocl mod: 0.0430471
duration multTranspose ocl mod: 0.0276047
duration mult ocl mod: 0.0432179
duration multTranspose ocl mod: 0.0276507
duration mult ocl mod: 0.0454034
duration multTranspose ocl mod: 0.0284071
duration mult ocl mod: 0.044698
duration multTranspose ocl mod: 0.0320396
duration mult ocl mod: 0.0461882
duration multTranspose ocl mod: 0.0319784
duration mult ocl mod: 0.0477986
duration multTranspose ocl mod: 0.0271412
duration mult ocl mod: 0.0449095
duration multTranspose ocl mod: 0.0294969
duration mult ocl mod: 0.0459187
duration multTranspose ocl mod: 0.029151
duration mult ocl mod: 0.0445056
duration multTranspose ocl mod: 0.0303972
duration mult ocl mod: 0.0440324
duration multTranspose ocl mod: 0.0286604
duration mult ocl mod: 0.043418
duration multTranspose ocl mod: 0.0299684
duration mult ocl mod: 0.0439693
duration multTranspose ocl mod: 0.0257767
duration mult ocl mod: 0.0427113
duration multTranspose ocl mod: 0.0279543
duration mult ocl mod: 0.04626
duration multTranspose ocl mod: 0.0290757
duration mult ocl mod: 0.0452933
duration multTranspose ocl mod: 0.0386353
duration mult ocl mod: 0.0460733
duration multTranspose ocl mod: 0.0285921
duration mult ocl mod: 0.0448971
duration multTranspose ocl mod: 0.0273234
duration mult ocl mod: 0.0435002
duration multTranspose ocl mod: 0.0273492
duration mult ocl mod: 0.0453216
duration multTranspose ocl mod: 0.0268252
duration mult ocl mod: 0.0441279
duration multTranspose ocl mod: 0.0275529
duration mult ocl mod: 0.0466919
duration multTranspose ocl mod: 0.0307103
duration mult ocl mod: 0.0467751
duration multTranspose ocl mod: 0.0288852
duration mult ocl mod: 0.0458449
duration multTranspose ocl mod: 0.0297281
duration mult ocl mod: 0.0466912
duration multTranspose ocl mod: 0.0270455
duration mult ocl mod: 0.0476929
duration multTranspose ocl mod: 0.0290836
duration mult ocl mod: 0.046107
duration multTranspose ocl mod: 0.0272273
duration mult ocl mod: 0.0433332
duration multTranspose ocl mod: 0.0271578
duration mult ocl mod: 0.044439
duration multTranspose ocl mod: 0.0273938
duration mult ocl mod: 0.0446131
duration multTranspose ocl mod: 0.0341738
duration mult ocl mod: 0.0439421
duration multTranspose ocl mod: 0.0271183
duration mult ocl mod: 0.044488
duration multTranspose ocl mod: 0.0289781
duration mult ocl mod: 0.0425985
duration multTranspose ocl mod: 0.027856
duration mult ocl mod: 0.0459935
duration multTranspose ocl mod: 0.0310127
duration mult ocl mod: 0.0451191
duration multTranspose ocl mod: 0.0298303
duration mult ocl mod: 0.0463936
duration multTranspose ocl mod: 0.0280648
duration mult ocl mod: 0.0439651
duration multTranspose ocl mod: 0.0266037
duration mult ocl mod: 0.0456306
duration multTranspose ocl mod: 0.0242817
duration mult ocl mod: 0.0439259
duration multTranspose ocl mod: 0.0266248
duration mult ocl mod: 0.0435261
duration multTranspose ocl mod: 0.0266892
duration mult ocl mod: 0.0451896
duration multTranspose ocl mod: 0.0279677
duration mult ocl mod: 0.0443863
duration multTranspose ocl mod: 0.023913
duration mult ocl mod: 0.0423438
duration multTranspose ocl mod: 0.0285576
duration mult ocl mod: 0.0440626
duration multTranspose ocl mod: 0.0278364
duration mult ocl mod: 0.0466677
duration multTranspose ocl mod: 0.026942
duration mult ocl mod: 0.0467201
duration multTranspose ocl mod: 0.026852
duration mult ocl mod: 0.0475489
duration multTranspose ocl mod: 0.0291482
duration mult ocl mod: 0.0474517
duration multTranspose ocl mod: 0.0276297
duration mult ocl mod: 0.0455248
duration multTranspose ocl mod: 0.0272195
duration mult ocl mod: 0.0438813
duration multTranspose ocl mod: 0.0245905
duration mult ocl mod: 0.0457578
duration multTranspose ocl mod: 0.0272354
duration mult ocl mod: 0.044285
duration multTranspose ocl mod: 0.0239811
duration mult ocl mod: 0.0445368
duration multTranspose ocl mod: 0.0263957
duration mult ocl mod: 0.0434561
duration multTranspose ocl mod: 0.0296337
duration mult ocl mod: 0.0445127
duration multTranspose ocl mod: 0.0298507
duration mult ocl mod: 0.0444849
duration multTranspose ocl mod: 0.0279893
duration mult ocl mod: 0.0441061
duration multTranspose ocl mod: 0.031594
duration mult ocl mod: 0.0433045
duration multTranspose ocl mod: 0.0259455
duration mult ocl mod: 0.0468169
duration multTranspose ocl mod: 0.0281022
duration mult ocl mod: 0.0451826
duration multTranspose ocl mod: 0.0246046
duration mult ocl mod: 0.0438148
duration multTranspose ocl mod: 0.0245375
duration mult ocl mod: 0.0453872
duration multTranspose ocl mod: 0.0300073
duration mult ocl mod: 0.0458245
duration multTranspose ocl mod: 0.0302269
duration mult ocl mod: 0.0445262
duration multTranspose ocl mod: 0.0245754
duration mult ocl mod: 0.0441805
duration multTranspose ocl mod: 0.0280134
duration mult ocl mod: 0.042748
duration multTranspose ocl mod: 0.0293869
duration mult ocl mod: 0.046097
duration multTranspose ocl mod: 0.0298138
duration mult ocl mod: 0.0449899
duration multTranspose ocl mod: 0.0270528
duration mult ocl mod: 0.0426577
duration multTranspose ocl mod: 0.024271
duration mult ocl mod: 0.0454355
duration multTranspose ocl mod: 0.027778
duration mult ocl mod: 0.0431775
duration multTranspose ocl mod: 0.027522
duration mult ocl mod: 0.0461322
duration multTranspose ocl mod: 0.0281983
duration mult ocl mod: 0.0446029
duration multTranspose ocl mod: 0.024399
duration mult ocl mod: 0.045908
duration multTranspose ocl mod: 0.0272392
duration mult ocl mod: 0.044365
duration multTranspose ocl mod: 0.0268222
duration mult ocl mod: 0.0443267
duration multTranspose ocl mod: 0.02659
duration mult ocl mod: 0.0462088
duration multTranspose ocl mod: 0.0263019
duration mult ocl mod: 0.0442163
duration multTranspose ocl mod: 0.0258494
duration mult ocl mod: 0.046931
duration multTranspose ocl mod: 0.0258755
duration mult ocl mod: 0.0458805
duration multTranspose ocl mod: 0.0288461
duration mult ocl mod: 0.0434884
duration multTranspose ocl mod: 0.0312093
duration mult ocl mod: 0.0471093
duration multTranspose ocl mod: 0.0252621
duration mult ocl mod: 0.0496422
duration multTranspose ocl mod: 0.0394357
duration mult ocl mod: 0.0464848
duration multTranspose ocl mod: 0.0264265
duration mult ocl mod: 0.0469985
duration multTranspose ocl mod: 0.0293869
duration mult ocl mod: 0.045532
duration multTranspose ocl mod: 0.029588
duration mult ocl mod: 0.0477217
duration multTranspose ocl mod: 0.0295794
duration mult ocl mod: 0.0463116
duration multTranspose ocl mod: 0.0252877
duration mult ocl mod: 0.0461894
duration multTranspose ocl mod: 0.0266016
duration mult ocl mod: 0.0443505
duration multTranspose ocl mod: 0.0266137
duration mult ocl mod: 0.0441254
duration multTranspose ocl mod: 0.0266862
duration mult ocl mod: 0.0454523
duration multTranspose ocl mod: 0.0273412
duration mult ocl mod: 0.0453672
duration multTranspose ocl mod: 0.025715
duration mult ocl mod: 0.0434914
duration multTranspose ocl mod: 0.023808
duration mult ocl mod: 0.04475
duration multTranspose ocl mod: 0.0269448
duration mult ocl mod: 0.0456994
duration multTranspose ocl mod: 0.0267903
duration mult ocl mod: 0.046506
duration multTranspose ocl mod: 0.0276919
duration mult ocl mod: 0.0433012
duration multTranspose ocl mod: 0.0311446
duration mult ocl mod: 0.0456384
duration multTranspose ocl mod: 0.0328959
duration mult ocl mod: 0.0462147
duration multTranspose ocl mod: 0.0294373
duration mult ocl mod: 0.0494312
duration multTranspose ocl mod: 0.028778
duration mult ocl mod: 0.0448303
duration multTranspose ocl mod: 0.0268203
duration mult ocl mod: 0.0425533
duration multTranspose ocl mod: 0.0267018
duration mult ocl mod: 0.0453076
duration multTranspose ocl mod: 0.023394
duration mult ocl mod: 0.0458649
duration multTranspose ocl mod: 0.0237076
duration mult ocl mod: 0.0445392
duration multTranspose ocl mod: 0.0261481
duration mult ocl mod: 0.0451302
duration multTranspose ocl mod: 0.0262755
duration mult ocl mod: 0.0438096
duration multTranspose ocl mod: 0.0232364
duration mult ocl mod: 0.0428947
duration multTranspose ocl mod: 0.0231338
duration mult ocl mod: 0.0463903
duration multTranspose ocl mod: 0.0285484
duration mult ocl mod: 0.0466957
duration multTranspose ocl mod: 0.039418
duration mult ocl mod: 0.0455243
duration multTranspose ocl mod: 0.0272403
duration mult ocl mod: 0.0463
duration multTranspose ocl mod: 0.0299511
duration mult ocl mod: 0.0431567
duration multTranspose ocl mod: 0.0290507
duration mult ocl mod: 0.0449128
duration multTranspose ocl mod: 0.0266515
duration mult ocl mod: 0.0447989
duration multTranspose ocl mod: 0.029128
duration mult ocl mod: 0.0449886
duration multTranspose ocl mod: 0.0266139
duration mult ocl mod: 0.0439124
duration multTranspose ocl mod: 0.0293878
duration mult ocl mod: 0.0467676
duration multTranspose ocl mod: 0.0243807
duration mult ocl mod: 0.0441213
duration multTranspose ocl mod: 0.0244866
duration mult ocl mod: 0.0442909
duration multTranspose ocl mod: 0.0250391
duration mult ocl mod: 0.0456482
duration multTranspose ocl mod: 0.0305627
duration mult ocl mod: 0.0457734
duration multTranspose ocl mod: 0.0279742
duration mult ocl mod: 0.0438329
duration multTranspose ocl mod: 0.0289493
duration mult ocl mod: 0.0431937
duration multTranspose ocl mod: 0.0295152
duration mult ocl mod: 0.0464767
duration multTranspose ocl mod: 0.0280579
duration mult ocl mod: 0.0427149
duration multTranspose ocl mod: 0.0270137
duration mult ocl mod: 0.0448126
duration multTranspose ocl mod: 0.02652
duration mult ocl mod: 0.0423047
duration multTranspose ocl mod: 0.0258769
duration mult ocl mod: 0.0426686
duration multTranspose ocl mod: 0.0263267
duration mult ocl mod: 0.0431991
duration multTranspose ocl mod: 0.0272707
duration mult ocl mod: 0.0435078
duration multTranspose ocl mod: 0.0254453
duration mult ocl mod: 0.0456746
duration multTranspose ocl mod: 0.0292718
duration mult ocl mod: 0.0426926
duration multTranspose ocl mod: 0.0239528
duration mult ocl mod: 0.045791
duration multTranspose ocl mod: 0.0242748
duration mult ocl mod: 0.0456149
duration multTranspose ocl mod: 0.0268315
duration mult ocl mod: 0.0458322
duration multTranspose ocl mod: 0.02837
duration mult ocl mod: 0.0438135
duration multTranspose ocl mod: 0.0280265
duration mult ocl mod: 0.0460526
duration multTranspose ocl mod: 0.0287808
duration mult ocl mod: 0.0442994
duration multTranspose ocl mod: 0.0280437
duration mult ocl mod: 0.0455818
duration multTranspose ocl mod: 0.0252513
duration mult ocl mod: 0.0462473
duration multTranspose ocl mod: 0.0288631
duration mult ocl mod: 0.0439447
duration multTranspose ocl mod: 0.0263304
duration mult ocl mod: 0.0435779
duration multTranspose ocl mod: 0.0236839
duration mult ocl mod: 0.0434227
duration multTranspose ocl mod: 0.025513
duration mult ocl mod: 0.044972
duration multTranspose ocl mod: 0.0321823
duration mult ocl mod: 0.0474391
duration multTranspose ocl mod: 0.0316557
duration mult ocl mod: 0.046497
duration multTranspose ocl mod: 0.025227
duration mult ocl mod: 0.0457398
duration multTranspose ocl mod: 0.0269167
duration mult ocl mod: 0.0455888
duration multTranspose ocl mod: 0.0273223
duration mult ocl mod: 0.0440987
duration multTranspose ocl mod: 0.0253837
duration mult ocl mod: 0.0476085
duration multTranspose ocl mod: 0.0285356
duration mult ocl mod: 0.0451384
duration multTranspose ocl mod: 0.0306672
duration mult ocl mod: 0.0448519
duration multTranspose ocl mod: 0.0291821
duration mult ocl mod: 0.043937
duration multTranspose ocl mod: 0.0257484
duration mult ocl mod: 0.045355
duration multTranspose ocl mod: 0.0243314
duration mult ocl mod: 0.0438496
duration multTranspose ocl mod: 0.0270749
duration mult ocl mod: 0.0447162
duration multTranspose ocl mod: 0.0363631
duration mult ocl mod: 0.046483
duration multTranspose ocl mod: 0.0287149
duration mult ocl mod: 0.0460479
duration multTranspose ocl mod: 0.0302263
duration mult ocl mod: 0.04619
duration multTranspose ocl mod: 0.0287014
duration mult ocl mod: 0.0465261
duration multTranspose ocl mod: 0.0306484
duration mult ocl mod: 0.0456902
duration multTranspose ocl mod: 0.0246505
duration mult ocl mod: 0.045723
duration multTranspose ocl mod: 0.0269918
duration mult ocl mod: 0.0442319
duration multTranspose ocl mod: 0.0291963
duration mult ocl mod: 0.0432081
duration multTranspose ocl mod: 0.0277917
duration mult ocl mod: 0.0437552
duration multTranspose ocl mod: 0.0254683
duration mult ocl mod: 0.0472148
duration multTranspose ocl mod: 0.0242538
duration mult ocl mod: 0.0454197
duration multTranspose ocl mod: 0.0304697
duration mult ocl mod: 0.0460105
duration multTranspose ocl mod: 0.0263433
duration mult ocl mod: 0.0442958
duration multTranspose ocl mod: 0.0267009
duration mult ocl mod: 0.0451846
duration multTranspose ocl mod: 0.0290707
duration mult ocl mod: 0.045335
duration multTranspose ocl mod: 0.0258576
duration mult ocl mod: 0.0467423
duration multTranspose ocl mod: 0.0282873
duration mult ocl mod: 0.0457386
duration multTranspose ocl mod: 0.0288353
duration mult ocl mod: 0.0433564
duration multTranspose ocl mod: 0.0269707
duration mult ocl mod: 0.0469645
duration multTranspose ocl mod: 0.0312417
duration mult ocl mod: 0.0465042
duration multTranspose ocl mod: 0.0290838
duration mult ocl mod: 0.0462383
duration multTranspose ocl mod: 0.0295724
duration mult ocl mod: 0.0467143
duration multTranspose ocl mod: 0.032066
duration mult ocl mod: 0.0471678
duration multTranspose ocl mod: 0.0305982
duration mult ocl mod: 0.0460623
duration multTranspose ocl mod: 0.0260561
duration mult ocl mod: 0.0471246
duration multTranspose ocl mod: 0.0293488
duration mult ocl mod: 0.0449742
duration multTranspose ocl mod: 0.0312331
duration mult ocl mod: 0.0474199
duration multTranspose ocl mod: 0.0292421
duration mult ocl mod: 0.0469952
duration multTranspose ocl mod: 0.0260829
duration mult ocl mod: 0.047099
duration multTranspose ocl mod: 0.0269357
duration mult ocl mod: 0.0459632
duration multTranspose ocl mod: 0.0292094
duration mult ocl mod: 0.0463892
duration multTranspose ocl mod: 0.0299817
duration mult ocl mod: 0.0463917
duration multTranspose ocl mod: 0.0289197
duration mult ocl mod: 0.0469455
duration multTranspose ocl mod: 0.0295761
duration mult ocl mod: 0.0449679
duration multTranspose ocl mod: 0.0256857
duration mult ocl mod: 0.0472394
duration multTranspose ocl mod: 0.0258529
duration mult ocl mod: 0.0443741
duration multTranspose ocl mod: 0.0284666
duration mult ocl mod: 0.0446396
duration multTranspose ocl mod: 0.0293174
duration mult ocl mod: 0.047457
duration multTranspose ocl mod: 0.0311295
duration mult ocl mod: 0.0469978
duration multTranspose ocl mod: 0.027289
duration mult ocl mod: 0.0457984
duration multTranspose ocl mod: 0.0241355
duration mult ocl mod: 0.0471369
duration multTranspose ocl mod: 0.0378907
duration mult ocl mod: 0.0454559
duration multTranspose ocl mod: 0.0290268
duration mult ocl mod: 0.0446966
duration multTranspose ocl mod: 0.0236826
duration mult ocl mod: 0.0454897
duration multTranspose ocl mod: 0.0280749
duration mult ocl mod: 0.0436637
duration multTranspose ocl mod: 0.0280838
duration mult ocl mod: 0.0458665
duration multTranspose ocl mod: 0.0301368
duration mult ocl mod: 0.0452727
duration multTranspose ocl mod: 0.0297637
duration mult ocl mod: 0.0440489
duration multTranspose ocl mod: 0.0286167
duration mult ocl mod: 0.0437739
duration multTranspose ocl mod: 0.0275094
duration mult ocl mod: 0.0455557
duration multTranspose ocl mod: 0.0296555
duration mult ocl mod: 0.0460799
duration multTranspose ocl mod: 0.0293385
duration mult ocl mod: 0.0469257
duration multTranspose ocl mod: 0.0273879
duration mult ocl mod: 0.0457552
duration multTranspose ocl mod: 0.0274764
duration mult ocl mod: 0.0426454
duration multTranspose ocl mod: 0.0298693
duration mult ocl mod: 0.0443261
duration multTranspose ocl mod: 0.0297783
duration mult ocl mod: 0.0449365
duration multTranspose ocl mod: 0.0254504
duration mult ocl mod: 0.0465352
duration multTranspose ocl mod: 0.0254701
duration mult ocl mod: 0.0468931
duration multTranspose ocl mod: 0.0276367
duration mult ocl mod: 0.0479353
duration multTranspose ocl mod: 0.0251445
duration mult ocl mod: 0.0463397
duration multTranspose ocl mod: 0.0262156
duration mult ocl mod: 0.0453822
duration multTranspose ocl mod: 0.0264557
duration mult ocl mod: 0.043678
duration multTranspose ocl mod: 0.0263616
duration mult ocl mod: 0.0454736
duration multTranspose ocl mod: 0.0263999
duration mult ocl mod: 0.0425646
duration multTranspose ocl mod: 0.0262604
duration mult ocl mod: 0.0454607
duration multTranspose ocl mod: 0.026463
duration mult ocl mod: 0.0437583
duration multTranspose ocl mod: 0.0269095
duration mult ocl mod: 0.0453298
duration multTranspose ocl mod: 0.0237013
duration mult ocl mod: 0.0443055
duration multTranspose ocl mod: 0.0266717
duration mult ocl mod: 0.045358
duration multTranspose ocl mod: 0.024016
duration mult ocl mod: 0.0441179
duration multTranspose ocl mod: 0.0257148
duration mult ocl mod: 0.0469746
duration multTranspose ocl mod: 0.0288055
duration mult ocl mod: 0.0466772
duration multTranspose ocl mod: 0.0281364
duration mult ocl mod: 0.0449342
duration multTranspose ocl mod: 0.0283615
duration mult ocl mod: 0.0471499
duration multTranspose ocl mod: 0.0266021
duration mult ocl mod: 0.0470877
duration multTranspose ocl mod: 0.0305938
duration mult ocl mod: 0.0466795
duration multTranspose ocl mod: 0.0299534
duration mult ocl mod: 0.0472294
duration multTranspose ocl mod: 0.0264503
duration mult ocl mod: 0.0448554
duration multTranspose ocl mod: 0.0310004
duration mult ocl mod: 0.045458
duration multTranspose ocl mod: 0.0263554
duration mult ocl mod: 0.0457481
duration multTranspose ocl mod: 0.0271694
duration mult ocl mod: 0.043155
duration multTranspose ocl mod: 0.0284654
duration mult ocl mod: 0.0459397
duration multTranspose ocl mod: 0.0282652
duration mult ocl mod: 0.0461371
duration multTranspose ocl mod: 0.0294176
duration mult ocl mod: 0.0448332
duration multTranspose ocl mod: 0.0282694
duration mult ocl mod: 0.0463381
duration multTranspose ocl mod: 0.0297036
duration mult ocl mod: 0.0459293
duration multTranspose ocl mod: 0.0279163
duration mult ocl mod: 0.0461071
duration multTranspose ocl mod: 0.0250806
duration mult ocl mod: 0.0460299
duration multTranspose ocl mod: 0.027771
duration mult ocl mod: 0.0459725
duration multTranspose ocl mod: 0.0244906
duration mult ocl mod: 0.0465428
duration multTranspose ocl mod: 0.0276089
duration mult ocl mod: 0.0445264
duration multTranspose ocl mod: 0.0281812
duration mult ocl mod: 0.0454074
duration multTranspose ocl mod: 0.0298439
duration mult ocl mod: 0.0449108
duration multTranspose ocl mod: 0.0297733
duration mult ocl mod: 0.0467002
duration multTranspose ocl mod: 0.0239098
duration mult ocl mod: 0.0455664
duration multTranspose ocl mod: 0.0264315
duration mult ocl mod: 0.0454637
duration multTranspose ocl mod: 0.0288023
duration mult ocl mod: 0.0433405
duration multTranspose ocl mod: 0.0284634
duration mult ocl mod: 0.0439869
duration multTranspose ocl mod: 0.0263794
duration mult ocl mod: 0.0440677
duration multTranspose ocl mod: 0.0264918
duration mult ocl mod: 0.0430549
duration multTranspose ocl mod: 0.026549
duration mult ocl mod: 0.0445271
duration multTranspose ocl mod: 0.0263487
duration mult ocl mod: 0.0452979
duration multTranspose ocl mod: 0.0266209
duration mult ocl mod: 0.0447681
duration multTranspose ocl mod: 0.0264495
duration mult ocl mod: 0.0448992
duration multTranspose ocl mod: 0.0236437
duration mult ocl mod: 0.0439333
duration multTranspose ocl mod: 0.0259992
duration mult ocl mod: 0.0425517
duration multTranspose ocl mod: 0.0260343
duration mult ocl mod: 0.0437583
duration multTranspose ocl mod: 0.0264274
duration mult ocl mod: 0.0439928
duration multTranspose ocl mod: 0.0285997
duration mult ocl mod: 0.0469513
duration multTranspose ocl mod: 0.0305911
duration mult ocl mod: 0.0454365
duration multTranspose ocl mod: 0.0306114
duration mult ocl mod: 0.0467703
duration multTranspose ocl mod: 0.0278154
duration mult ocl mod: 0.0461761
duration multTranspose ocl mod: 0.0273724
duration mult ocl mod: 0.0487694
duration multTranspose ocl mod: 0.0326924
duration mult ocl mod: 0.0445554
duration multTranspose ocl mod: 0.0272746
duration mult ocl mod: 0.0436415
duration multTranspose ocl mod: 0.0281942
duration mult ocl mod: 0.044129
duration multTranspose ocl mod: 0.026081
duration mult ocl mod: 0.0456034
duration multTranspose ocl mod: 0.0289867
duration mult ocl mod: 0.0443893
duration multTranspose ocl mod: 0.0299595
duration mult ocl mod: 0.0452487
duration multTranspose ocl mod: 0.0286073
duration mult ocl mod: 0.0464704
duration multTranspose ocl mod: 0.024695
duration mult ocl mod: 0.0461238
duration multTranspose ocl mod: 0.0289144
duration mult ocl mod: 0.0462133
duration multTranspose ocl mod: 0.0270696
duration mult ocl mod: 0.0441159
duration multTranspose ocl mod: 0.0262852
duration mult ocl mod: 0.0459179
duration multTranspose ocl mod: 0.0309066
duration mult ocl mod: 0.044579
duration multTranspose ocl mod: 0.0263589
duration mult ocl mod: 0.0475703
duration multTranspose ocl mod: 0.0257451
duration mult ocl mod: 0.0470773
duration multTranspose ocl mod: 0.0299331
duration mult ocl mod: 0.0453674
duration multTranspose ocl mod: 0.0292914
duration mult ocl mod: 0.0468478
duration multTranspose ocl mod: 0.0330525
duration mult ocl mod: 0.0459059
duration multTranspose ocl mod: 0.0311563
duration mult ocl mod: 0.0470681
duration multTranspose ocl mod: 0.0256608
duration mult ocl mod: 0.0447283
duration multTranspose ocl mod: 0.0296222
duration mult ocl mod: 0.046262
duration multTranspose ocl mod: 0.0248336
duration mult ocl mod: 0.0462282
duration multTranspose ocl mod: 0.0247177
duration mult ocl mod: 0.0459872
duration multTranspose ocl mod: 0.02456
duration mult ocl mod: 0.0446936
duration multTranspose ocl mod: 0.0277342
duration mult ocl mod: 0.0454861
duration multTranspose ocl mod: 0.0268001
duration mult ocl mod: 0.0454544
duration multTranspose ocl mod: 0.0278706
duration mult ocl mod: 0.0454391
duration multTranspose ocl mod: 0.0288271
duration mult ocl mod: 0.0448889
duration multTranspose ocl mod: 0.0293452
duration mult ocl mod: 0.044533
duration multTranspose ocl mod: 0.0287607
duration mult ocl mod: 0.0445372
duration multTranspose ocl mod: 0.027429
duration mult ocl mod: 0.0437632
duration multTranspose ocl mod: 0.0276999
duration mult ocl mod: 0.0432656
duration multTranspose ocl mod: 0.0250283
duration mult ocl mod: 0.0463302
duration multTranspose ocl mod: 0.026388
duration mult ocl mod: 0.043951
duration multTranspose ocl mod: 0.0261813
duration mult ocl mod: 0.0451198
duration multTranspose ocl mod: 0.0291372
duration mult ocl mod: 0.0456669
duration multTranspose ocl mod: 0.0300794
duration mult ocl mod: 0.0480212
duration multTranspose ocl mod: 0.0301205
duration mult ocl mod: 0.0446489
duration multTranspose ocl mod: 0.0273576
duration mult ocl mod: 0.0465156
duration multTranspose ocl mod: 0.0308409
duration mult ocl mod: 0.0473584
duration multTranspose ocl mod: 0.0258579
duration mult ocl mod: 0.0467329
duration multTranspose ocl mod: 0.0268471
duration mult ocl mod: 0.0467419
duration multTranspose ocl mod: 0.026053
duration mult ocl mod: 0.0442341
duration multTranspose ocl mod: 0.0265534
duration mult ocl mod: 0.0470686
duration multTranspose ocl mod: 0.030038
duration mult ocl mod: 0.0476533
duration multTranspose ocl mod: 0.0247612
duration mult ocl mod: 0.0457031
duration multTranspose ocl mod: 0.0296313
duration mult ocl mod: 0.0481082
duration multTranspose ocl mod: 0.03037
duration mult ocl mod: 0.0470229
duration multTranspose ocl mod: 0.0290954
duration mult ocl mod: 0.0461696
duration multTranspose ocl mod: 0.028419
duration mult ocl mod: 0.0460299
duration multTranspose ocl mod: 0.0324886
duration mult ocl mod: 0.0459796
duration multTranspose ocl mod: 0.0262991
duration mult ocl mod: 0.0483624
duration multTranspose ocl mod: 0.0234181
duration mult ocl mod: 0.045197
duration multTranspose ocl mod: 0.023746
duration mult ocl mod: 0.0428474
duration multTranspose ocl mod: 0.0236986
duration mult ocl mod: 0.0436435
duration multTranspose ocl mod: 0.0233548
duration mult ocl mod: 0.0437088
duration multTranspose ocl mod: 0.0238123
duration mult ocl mod: 0.047515
duration multTranspose ocl mod: 0.028877
duration mult ocl mod: 0.0446694
duration multTranspose ocl mod: 0.0354741
duration mult ocl mod: 0.0494053
duration multTranspose ocl mod: 0.02847
duration mult ocl mod: 0.0451752
duration multTranspose ocl mod: 0.0280949
duration mult ocl mod: 0.0449982
duration multTranspose ocl mod: 0.0278981
duration mult ocl mod: 0.044945
duration multTranspose ocl mod: 0.0273742
duration mult ocl mod: 0.0460993
duration multTranspose ocl mod: 0.0263016
duration mult ocl mod: 0.0455697
duration multTranspose ocl mod: 0.0239143
duration mult ocl mod: 0.0436225
duration multTranspose ocl mod: 0.0237347
duration mult ocl mod: 0.04511
duration multTranspose ocl mod: 0.0238171
duration mult ocl mod: 0.0437398
duration multTranspose ocl mod: 0.023843
duration mult ocl mod: 0.0438024
duration multTranspose ocl mod: 0.0241192
duration mult ocl mod: 0.0436099
duration multTranspose ocl mod: 0.0233446
duration mult ocl mod: 0.0432626
duration multTranspose ocl mod: 0.0234817
duration mult ocl mod: 0.0426668
duration multTranspose ocl mod: 0.0281561
duration mult ocl mod: 0.0442894
duration multTranspose ocl mod: 0.0281458
duration mult ocl mod: 0.0483801
duration multTranspose ocl mod: 0.0306179
duration mult ocl mod: 0.0464737
duration multTranspose ocl mod: 0.0264212
duration mult ocl mod: 0.0442565
duration multTranspose ocl mod: 0.0285178
duration mult ocl mod: 0.0432159
duration multTranspose ocl mod: 0.0258159
duration mult ocl mod: 0.0451679
duration multTranspose ocl mod: 0.0269717
duration mult ocl mod: 0.0453265
duration multTranspose ocl mod: 0.0295924
duration mult ocl mod: 0.0439719
duration multTranspose ocl mod: 0.0288733
duration mult ocl mod: 0.0447612
duration multTranspose ocl mod: 0.0243653
duration mult ocl mod: 0.0461013
duration multTranspose ocl mod: 0.0284072
duration mult ocl mod: 0.044408
duration multTranspose ocl mod: 0.0250741
duration mult ocl mod: 0.0472772
duration multTranspose ocl mod: 0.0246258
duration mult ocl mod: 0.0476028
duration multTranspose ocl mod: 0.0252994
duration mult ocl mod: 0.0457815
duration multTranspose ocl mod: 0.0268342
duration mult ocl mod: 0.0441384
duration multTranspose ocl mod: 0.0238117
duration mult ocl mod: 0.0453659
duration multTranspose ocl mod: 0.0235688
duration mult ocl mod: 0.0436877
duration multTranspose ocl mod: 0.0362778
duration mult ocl mod: 0.0461937
duration multTranspose ocl mod: 0.0337799
duration mult ocl mod: 0.045605
duration multTranspose ocl mod: 0.0231597
duration mult ocl mod: 0.0421878
duration multTranspose ocl mod: 0.0229948
duration mult ocl mod: 0.0429706
duration multTranspose ocl mod: 0.0258747
duration mult ocl mod: 0.0435598
duration multTranspose ocl mod: 0.027995
duration mult ocl mod: 0.0463208
duration multTranspose ocl mod: 0.0253019
duration mult ocl mod: 0.0455849
duration multTranspose ocl mod: 0.0276012
duration mult ocl mod: 0.0455381
duration multTranspose ocl mod: 0.029171
duration mult ocl mod: 0.0470815
duration multTranspose ocl mod: 0.0287275
duration mult ocl mod: 0.0453907
duration multTranspose ocl mod: 0.0252177
duration mult ocl mod: 0.0444345
duration multTranspose ocl mod: 0.0301558
duration mult ocl mod: 0.0465929
duration multTranspose ocl mod: 0.0297853
duration mult ocl mod: 0.0456984
duration multTranspose ocl mod: 0.0296416
duration mult ocl mod: 0.0460789
duration multTranspose ocl mod: 0.0305708
duration mult ocl mod: 0.0465644
duration multTranspose ocl mod: 0.0246406
duration mult ocl mod: 0.0445831
duration multTranspose ocl mod: 0.02843
duration mult ocl mod: 0.0465171
duration multTranspose ocl mod: 0.0256657
duration mult ocl mod: 0.0464142
duration multTranspose ocl mod: 0.0297266
duration mult ocl mod: 0.0442427
duration multTranspose ocl mod: 0.0305171
duration mult ocl mod: 0.0454917
duration multTranspose ocl mod: 0.0251165
duration mult ocl mod: 0.0463804
duration multTranspose ocl mod: 0.0288512
duration mult ocl mod: 0.0460191
duration multTranspose ocl mod: 0.0248722
duration mult ocl mod: 0.0465582
duration multTranspose ocl mod: 0.0278051
duration mult ocl mod: 0.0434337
duration multTranspose ocl mod: 0.0258413
duration mult ocl mod: 0.044439
duration multTranspose ocl mod: 0.0239955
duration mult ocl mod: 0.0454239
duration multTranspose ocl mod: 0.0240859
duration mult ocl mod: 0.0458757
duration multTranspose ocl mod: 0.0239035
duration mult ocl mod: 0.0461185
duration multTranspose ocl mod: 0.0295047
duration mult ocl mod: 0.0452732
duration multTranspose ocl mod: 0.0302016
duration mult ocl mod: 0.046438
duration multTranspose ocl mod: 0.0293637
duration mult ocl mod: 0.0460546
duration multTranspose ocl mod: 0.0261924
duration mult ocl mod: 0.0449699
duration multTranspose ocl mod: 0.0238752
duration mult ocl mod: 0.0460975
duration multTranspose ocl mod: 0.0260339
duration mult ocl mod: 0.0437123
duration multTranspose ocl mod: 0.026622
duration mult ocl mod: 0.0448535
duration multTranspose ocl mod: 0.0255349
duration mult ocl mod: 0.0461115
duration multTranspose ocl mod: 0.0252204
duration mult ocl mod: 0.0460764
duration multTranspose ocl mod: 0.0279417
duration mult ocl mod: 0.0464556
duration multTranspose ocl mod: 0.0273883
duration mult ocl mod: 0.0440264
duration multTranspose ocl mod: 0.0254314
duration mult ocl mod: 0.0544022
duration multTranspose ocl mod: 0.0286109
duration mult ocl mod: 0.0441404
duration multTranspose ocl mod: 0.0288619
duration mult ocl mod: 0.0458197
duration multTranspose ocl mod: 0.0284002
duration mult ocl mod: 0.0457441
duration multTranspose ocl mod: 0.0273245
duration mult ocl mod: 0.0437
duration multTranspose ocl mod: 0.0245105
duration mult ocl mod: 0.0463234
duration multTranspose ocl mod: 0.0295549
duration mult ocl mod: 0.0455149
duration multTranspose ocl mod: 0.0265604
duration mult ocl mod: 0.0443358
duration multTranspose ocl mod: 0.0287752
duration mult ocl mod: 0.0461186
duration multTranspose ocl mod: 0.0243285
duration mult ocl mod: 0.0455283
duration multTranspose ocl mod: 0.024621
duration mult ocl mod: 0.0431365
duration multTranspose ocl mod: 0.0239179
duration mult ocl mod: 0.0441468
duration multTranspose ocl mod: 0.0239822
duration mult ocl mod: 0.0457149
duration multTranspose ocl mod: 0.023935
duration mult ocl mod: 0.0445445
duration multTranspose ocl mod: 0.023837
duration mult ocl mod: 0.0450087
duration multTranspose ocl mod: 0.0253866
duration mult ocl mod: 0.0441728
duration multTranspose ocl mod: 0.0283894
duration mult ocl mod: 0.0442234
duration multTranspose ocl mod: 0.0293969
duration mult ocl mod: 0.0461463
duration multTranspose ocl mod: 0.0294309
duration mult ocl mod: 0.0450746
duration multTranspose ocl mod: 0.0244758
duration mult ocl mod: 0.0429213
duration multTranspose ocl mod: 0.0248313
duration mult ocl mod: 0.0447409
duration multTranspose ocl mod: 0.026874
duration mult ocl mod: 0.0454293
duration multTranspose ocl mod: 0.0239673
duration mult ocl mod: 0.0457176
duration multTranspose ocl mod: 0.0310908
duration mult ocl mod: 0.0440478
duration multTranspose ocl mod: 0.0282164
duration mult ocl mod: 0.0451098
duration multTranspose ocl mod: 0.0250215
duration mult ocl mod: 0.0452289
duration multTranspose ocl mod: 0.0283297
duration mult ocl mod: 0.0451084
duration multTranspose ocl mod: 0.0246828
duration mult ocl mod: 0.0445397
duration multTranspose ocl mod: 0.0244756
duration mult ocl mod: 0.0459362
duration multTranspose ocl mod: 0.0298547
duration mult ocl mod: 0.0463663
duration multTranspose ocl mod: 0.0235622
duration mult ocl mod: 0.0454816
duration multTranspose ocl mod: 0.0254606
duration mult ocl mod: 0.0454027
duration multTranspose ocl mod: 0.0250219
duration mult ocl mod: 0.0459263
duration multTranspose ocl mod: 0.0291157
duration mult ocl mod: 0.0446551
duration multTranspose ocl mod: 0.0289232
duration mult ocl mod: 0.0471506
duration multTranspose ocl mod: 0.03458
duration mult ocl mod: 0.0490825
duration multTranspose ocl mod: 0.0267089
duration mult ocl mod: 0.0456468
duration multTranspose ocl mod: 0.0276699
duration mult ocl mod: 0.0440681
duration multTranspose ocl mod: 0.0304205
duration mult ocl mod: 0.0469132
duration multTranspose ocl mod: 0.0268618
duration mult ocl mod: 0.045794
duration multTranspose ocl mod: 0.0277426
duration mult ocl mod: 0.0460397
duration multTranspose ocl mod: 0.0277571
duration mult ocl mod: 0.0457062
duration multTranspose ocl mod: 0.0298508
duration mult ocl mod: 0.0472062
duration multTranspose ocl mod: 0.0255986
duration mult ocl mod: 0.0463136
duration multTranspose ocl mod: 0.0282566
duration mult ocl mod: 0.0470843
duration multTranspose ocl mod: 0.0323171
duration mult ocl mod: 0.0444309
duration multTranspose ocl mod: 0.0265003
duration mult ocl mod: 0.0465873
duration multTranspose ocl mod: 0.0287695
duration mult ocl mod: 0.0440901
duration multTranspose ocl mod: 0.0319199
duration mult ocl mod: 0.0467496
duration multTranspose ocl mod: 0.0266172
duration mult ocl mod: 0.0447413
duration multTranspose ocl mod: 0.0239984
duration mult ocl mod: 0.0447033
duration multTranspose ocl mod: 0.0261678
duration mult ocl mod: 0.0431105
duration multTranspose ocl mod: 0.0268307
duration mult ocl mod: 0.0448648
duration multTranspose ocl mod: 0.0238364
duration mult ocl mod: 0.0439404
duration multTranspose ocl mod: 0.023875
duration mult ocl mod: 0.0451242
duration multTranspose ocl mod: 0.0288301
duration mult ocl mod: 0.0445562
duration multTranspose ocl mod: 0.0291644
duration mult ocl mod: 0.0452814
duration multTranspose ocl mod: 0.0248575
duration mult ocl mod: 0.0461748
duration multTranspose ocl mod: 0.0276967
duration mult ocl mod: 0.0469573
duration multTranspose ocl mod: 0.0303901
duration mult ocl mod: 0.0459333
duration multTranspose ocl mod: 0.0293566
duration mult ocl mod: 0.045732
duration multTranspose ocl mod: 0.0263587
duration mult ocl mod: 0.0447185
duration multTranspose ocl mod: 0.0300883
duration mult ocl mod: 0.0458931
duration multTranspose ocl mod: 0.0256579
duration mult ocl mod: 0.048494
duration multTranspose ocl mod: 0.0324131
duration mult ocl mod: 0.0447059
duration multTranspose ocl mod: 0.0269803
duration mult ocl mod: 0.0459605
duration multTranspose ocl mod: 0.029518
duration mult ocl mod: 0.0474514
duration multTranspose ocl mod: 0.0314091
duration mult ocl mod: 0.0456016
duration multTranspose ocl mod: 0.0306092
duration mult ocl mod: 0.0467601
duration multTranspose ocl mod: 0.0267974
duration mult ocl mod: 0.04526
duration multTranspose ocl mod: 0.0264032
duration mult ocl mod: 0.0457901
duration multTranspose ocl mod: 0.0273717
duration mult ocl mod: 0.0476788
duration multTranspose ocl mod: 0.0266143
duration mult ocl mod: 0.0466979
duration multTranspose ocl mod: 0.0261989
duration mult ocl mod: 0.0442238
duration multTranspose ocl mod: 0.0260284
duration mult ocl mod: 0.0444608
duration multTranspose ocl mod: 0.0259337
duration mult ocl mod: 0.0462753
duration multTranspose ocl mod: 0.0292369
duration mult ocl mod: 0.0465722
duration multTranspose ocl mod: 0.0263215
duration mult ocl mod: 0.0471224
duration multTranspose ocl mod: 0.0280979
duration mult ocl mod: 0.0456341
duration multTranspose ocl mod: 0.0258071
duration mult ocl mod: 0.0458457
duration multTranspose ocl mod: 0.0277309
duration mult ocl mod: 0.044968
duration multTranspose ocl mod: 0.0297268
duration mult ocl mod: 0.0458204
duration multTranspose ocl mod: 0.030422
duration mult ocl mod: 0.0453622
duration multTranspose ocl mod: 0.0307615
duration mult ocl mod: 0.0462407
duration multTranspose ocl mod: 0.0262922
duration mult ocl mod: 0.0442811
duration multTranspose ocl mod: 0.0305481
duration mult ocl mod: 0.0445479
duration multTranspose ocl mod: 0.0263882
duration mult ocl mod: 0.0458625
duration multTranspose ocl mod: 0.0267005
duration mult ocl mod: 0.047539
duration multTranspose ocl mod: 0.0295886
duration mult ocl mod: 0.0466407
duration multTranspose ocl mod: 0.0303909
duration mult ocl mod: 0.0436563
duration multTranspose ocl mod: 0.0303248
duration mult ocl mod: 0.0472014
duration multTranspose ocl mod: 0.0259639
duration mult ocl mod: 0.047462
duration multTranspose ocl mod: 0.0245694
duration mult ocl mod: 0.044968
duration multTranspose ocl mod: 0.0296712
duration mult ocl mod: 0.0432821
duration multTranspose ocl mod: 0.02471
duration mult ocl mod: 0.045168
duration multTranspose ocl mod: 0.0289661
duration mult ocl mod: 0.0456746
duration multTranspose ocl mod: 0.0251804
duration mult ocl mod: 0.0437097
duration multTranspose ocl mod: 0.0244037
duration mult ocl mod: 0.0435482
duration multTranspose ocl mod: 0.0244411
duration mult ocl mod: 0.0467269
duration multTranspose ocl mod: 0.0269748
duration mult ocl mod: 0.0449605
duration multTranspose ocl mod: 0.0301084
duration mult ocl mod: 0.0478514
duration multTranspose ocl mod: 0.0288586
duration mult ocl mod: 0.0445149
duration multTranspose ocl mod: 0.0286642
duration mult ocl mod: 0.045797
duration multTranspose ocl mod: 0.0286988
duration mult ocl mod: 0.04418
duration multTranspose ocl mod: 0.0292781
duration mult ocl mod: 0.0475158
duration multTranspose ocl mod: 0.0316289
duration mult ocl mod: 0.044436
duration multTranspose ocl mod: 0.0270654

Needed Iterations: 500
Final residuum: 61335.7
note: performance calculation: coefficients are reused
note: performance calculation: iterations for calculation : 511.5
note: performance calculation: additional iteration for residual recalculation : 10

Current Duration:: 39.6669
Current GFlop/s: 14759.2

Finished Training!

Training took: 39.6669 seconds

computing MSE of test dataset
creating createOperationMultipleEval grid: Linear type: STREAMING==DEFAULT subType: OCLUNIFIED
OCL Info: 2 OpenCL platforms have been found
OCL Info: detected platform, name: "Intel(R) OpenCL"
OCL Info: detected platform vendor name: "Intel(R) Corporation"
OCL Info: detected platform, name: "NVIDIA CUDA"
OCL Info: detected platform vendor name: "NVIDIA Corporation"
OCL Info: using platform, name: "NVIDIA CUDA"
OCL Info: detected device, name: "GeForce GTX 1080 Ti"
OCL Info: using device, name: "GeForce GTX 1080 Ti"
OCL Info: detected device, name: "GeForce GTX 1080 Ti"
OCL Info: using device, name: "GeForce GTX 1080 Ti"
OCL Info: detected device, name: "GeForce GTX 1080 Ti"
OCL Info: using device, name: "GeForce GTX 1080 Ti"
OCL Info: detected device, name: "GeForce GTX 1080 Ti"
OCL Info: using device, name: "GeForce GTX 1080 Ti"
OCL Info: detected device, name: "GeForce GTX 1080 Ti"
OCL Info: using device, name: "GeForce GTX 1080 Ti"
OCL Info: detected device, name: "GeForce GTX 1080 Ti"
OCL Info: detected device, name: "GeForce GTX 1080 Ti"
OCL Info: detected device, name: "GeForce GTX 1080 Ti"
building with optimization flags: 
building with optimization flags: 
building with optimization flags: building with optimization flags: 

building with optimization flags: 
--- Begin Build Log ---


--- End Build Log ---
--- Begin Build Log ---


--- End Build Log ---
--- Begin Build Log ---


--- End Build Log ---
--- Begin Build Log ---


--- End Build Log ---
--- Begin Build Log ---


--- End Build Log ---
duration mult ocl mod: 0.199347
classes computed/predicted
mse: 0.000490949
total_duration: 50.4113
