training dataset: ../datasets/DR5/DR5_nowarnings_less05_train.arff
instances: 371908
support_refinement_min_support: 500
num_candidates: 1
candidates with support: 1
num_candidates: 10
candidates with support: 10
num_candidates: 60
candidates with support: 52
num_candidates: 236
candidates with support: 181
num_candidates: 706
candidates with support: 503
num_candidates: 1786
candidates with support: 1241
num_candidates: 4140
candidates with support: 2886
num_candidates: 9216
candidates with support: 6397
num_candidates: 19682
candidates with support: 13464
num_candidates: 40066
candidates with support: 26558
datadriven refinement done, grid size: 51293
creating createOperationMultipleEval type: DEFAULT, using base operator factory
creating createOperationMultipleEval grid: Linear type: STREAMING==DEFAULT subType: DEFAULT
Starting Learning....

Doing refinement: 0
Grid Size: 51293
Starting Conjugated Gradients
All temp variables used in CG have been initialized
Starting norm of residuum: -nan
Target norm:               0
.delta: 2.57808e+08
.delta: 1.0887e+08
.delta: 1.22866e+08
.delta: 3.58211e+07
.delta: 2.7514e+07
.delta: 1.78054e+07
.delta: 9.65269e+06
.delta: 3.83548e+06
.delta: 3.59447e+06
.delta: 3.79182e+06
.delta: 2.1462e+06
.delta: 3.30781e+06
.delta: 3.39744e+06
.delta: 1.13442e+06
.delta: 1.10873e+06
.delta: 916836
.delta: 615049
.delta: 2.753e+06
.delta: 603186
.delta: 329242
.delta: 356706
.delta: 364394
.delta: 820969
.delta: 148794
.delta: 218126
.delta: 630449
.delta: 190843
.delta: 447696
.delta: 167495
.delta: 143723
.delta: 97978.1
.delta: 703184
.delta: 392200
.delta: 116626
.delta: 80320.6
.delta: 72753.8
.delta: 199803
.delta: 69510.9
.delta: 61789.7
.delta: 174434
.delta: 63677.3
.delta: 120045
.delta: 75609.7
.delta: 44043.9
.delta: 491642
.delta: 243316
.delta: 38185.4
.delta: 87177.3
.delta: 49706.1
.delta: 72653.6
.delta: 38408.9
.delta: 35166
.delta: 451770
.delta: 79960.8
.delta: 24628.1
.delta: 19938.1
.delta: 67247.8
.delta: 81164.4
.delta: 37687.8
.delta: 18535.5
.delta: 29970.6
.delta: 82164.5
.delta: 77866.3
.delta: 64573.5
.delta: 19498.5
.delta: 112324
.delta: 17500.8
.delta: 76006
.delta: 78328.5
.delta: 13343.9
.delta: 13083.8
.delta: 188581
.delta: 74166.8
.delta: 37260
.delta: 15868.3
.delta: 11714.7
.delta: 24607.5
.delta: 11785.3
.delta: 12223.8
.delta: 27393.2
.delta: 23757.4
.delta: 84595
.delta: 18870
.delta: 56136.2
.delta: 17301
.delta: 18464
.delta: 25992.3
.delta: 12473
.delta: 22215.1
.delta: 13116.2
.delta: 28896.2
.delta: 43743.2
.delta: 235861
.delta: 6651.76
.delta: 13750.8
.delta: 16868.6
.delta: 9828.72
.delta: 63067.7
.delta: 14680.4
.delta: 5958.11
.delta: 23686.3
.delta: 109439
.delta: 10710.6
.delta: 7808.23
.delta: 57715.3
.delta: 5169.6
.delta: 75076.1
.delta: 9476.69
.delta: 9350.46
.delta: 11715.2
.delta: 67181.3
.delta: 5344.39
.delta: 37422.3
.delta: 4222.72
.delta: 15015.7
.delta: 8655.98
.delta: 5785.22
.delta: 28850.2
.delta: 3772.88
.delta: 7174.78
.delta: 29901.7
.delta: 13538.8
.delta: 6613.58
.delta: 57118.6
.delta: 13214.9
.delta: 3716.42
.delta: 25438.2
.delta: 13481.5
.delta: 3950.73
.delta: 9723.78
.delta: 2880.89
.delta: 180559
.delta: 4087.84
.delta: 6130.82
.delta: 5041.57
.delta: 3612.79
.delta: 21575
.delta: 9629.55
.delta: 2334.41
.delta: 6386.01
.delta: 48088.5
.delta: 4819.19
.delta: 8594.76
.delta: 5009.77
.delta: 15692.1
.delta: 4643.55
.delta: 3929.59
.delta: 2215.82
.delta: 4587.73
.delta: 8079.86
.delta: 15425.3
.delta: 67749.9
.delta: 6729.41
.delta: 2492.33
.delta: 2245.72
.delta: 2409.56
.delta: 1434.62
.delta: 4848.55
.delta: 1721.5
.delta: 21431.8
.delta: 2479.72
.delta: 17495.5
.delta: 6210.45
.delta: 3244.41
.delta: 4108.16
.delta: 10489.9
.delta: 4139
.delta: 1267.68
.delta: 1533.6
.delta: 3721.75
.delta: 9940.9
.delta: 9022.06
.delta: 1829.04
.delta: 1450.23
.delta: 1851.52
.delta: 2128.7
.delta: 8404.24
.delta: 1258.68
.delta: 2479.05
.delta: 19385.8
.delta: 3342.17
.delta: 8177.39
.delta: 3788.45
.delta: 2082.83
.delta: 3740.69
.delta: 2496.24
.delta: 2677.94
.delta: 831.393
.delta: 3840.94
.delta: 9847.91
.delta: 12558.5
.delta: 1353.75
.delta: 802.66
.delta: 1872.42
.delta: 762.59
.delta: 595.275
.delta: 2657.32
.delta: 4938.49
.delta: 1129.06
.delta: 7569.25
.delta: 4273.94
.delta: 1100.55
.delta: 5077.76
.delta: 2834.18
.delta: 3799.93
.delta: 1913.68
.delta: 839.389
.delta: 5495.41
.delta: 550.189
.delta: 2589.14
.delta: 3068.31
.delta: 403.305
.delta: 521.044
.delta: 1878.87
.delta: 731.398
.delta: 4449.98
.delta: 546.514
.delta: 4037.04
.delta: 1775.7
.delta: 1898.29
.delta: 571.5
.delta: 2042.5
.delta: 1880.64
.delta: 1858.16
.delta: 345.302
.delta: 1149.39
.delta: 2590.86
.delta: 873.724
.delta: 1080.01
.delta: 1129.3
.delta: 3238.47
.delta: 1204.23
.delta: 672.108
.delta: 451.233
.delta: 1035.06
.delta: 426.73
.delta: 1514.37
.delta: 3574.84
.delta: 3993.59
.delta: 973.725
.delta: 307.587
.delta: 941.628
.delta: 2391.63
.delta: 739.186
.delta: 2940.26
.delta: 352.934
.delta: 607.552
.delta: 1304.69
.delta: 1096.07
.delta: 449.213
.delta: 473.263
.delta: 555.121
.delta: 398.864
.delta: 395.366
.delta: 1480.05
.delta: 520.927
.delta: 1746.49
.delta: 3522.48
.delta: 3261.77
.delta: 266.718
.delta: 1208.07
.delta: 224.136
.delta: 575.906
.delta: 1119.74
.delta: 183.294
.delta: 287.464
.delta: 5637.97
.delta: 896.914
.delta: 137.704
.delta: 389.916
.delta: 182.372
.delta: 360.55
.delta: 458.464
.delta: 292.968
.delta: 512.659
.delta: 3108.24
.delta: 458.77
.delta: 156.588
.delta: 1163.06
.delta: 446.231
.delta: 371.981
.delta: 815.774
.delta: 215.738
.delta: 796.102
.delta: 495.469
.delta: 576.002
.delta: 133.087
.delta: 586.794
.delta: 239.861
.delta: 192.236
.delta: 299.412
.delta: 302.545
.delta: 260.35
.delta: 196.785
.delta: 1121.03
.delta: 162.816
.delta: 586.405
.delta: 1154.49
.delta: 100.595
.delta: 251.959

Number of iterations: 300 (max. 300)
Final norm of residuum: 251.959
counted_mult_calls: 306

Needed Iterations: 300
Final residuum: 251.959
note: performance calculation: coefficients are reused
note: performance calculation: iterations for calculation : 307.5
note: performance calculation: additional iteration for residual recalculation : 6

Current Duration:: 936.713
Current GFlop/s: 375.736

Finished Training!

Training took: 936.713 seconds

computing MSE of test dataset
creating createOperationMultipleEval grid: Linear type: STREAMING==DEFAULT subType: DEFAULT
classes computed/predicted
mse: 0.000582081
total_duration: 947.918
