training dataset: ../datasets/DR5/DR5_nowarnings_less05_train.arff
instances: 371908
support_refinement_min_support: 500
num_candidates: 1
candidates with support: 1
num_candidates: 10
candidates with support: 10
num_candidates: 60
candidates with support: 52
num_candidates: 236
candidates with support: 181
num_candidates: 706
candidates with support: 503
num_candidates: 1786
candidates with support: 1241
num_candidates: 4140
candidates with support: 2886
num_candidates: 9216
candidates with support: 6397
num_candidates: 19682
candidates with support: 13464
num_candidates: 40066
candidates with support: 26558
datadriven refinement done, grid size: 51293
creating createOperationMultipleEval type: DEFAULT, using base operator factory
creating createOperationMultipleEval grid: Linear type: SUBSPACE subType: AutoTuneTMP
Starting Learning....

Doing refinement: 0
Grid Size: 51293
creating per-kernel header
compile_cmd: g++ -o ./cppjit_tmp/KernelMultTransposeSubspace_60679/KernelMultTransposeSubspace.o -c -Wall -Wextra -Wno-unused-parameter -std=c++17 -march=native -mtune=native -O3 -g -fopenmp -fPIC -fno-gnu-unique -I/data/argon-fs/sgs/pfandedd/DissertationCodeTesla1/SGpp/base/src -I/data/argon-fs/sgs/pfandedd/DissertationCodeTesla1/MatrixMultiplicationHPX/AutoTuneTMP/boost_install/include -I/data/argon-fs/sgs/pfandedd/DissertationCodeTesla1/MatrixMultiplicationHPX/AutoTuneTMP/AutoTuneTMP_install/include -I/data/argon-fs/sgs/pfandedd/DissertationCodeTesla1/MatrixMultiplicationHPX/AutoTuneTMP/Vc_install/include  -I./cppjit_tmp/KernelMultTransposeSubspace_60679/ SubspaceAutoTuneTMPKernels/MultTranspose/KernelMultTransposeSubspace.cpp  > ./cppjit_tmp/KernelMultTransposeSubspace_60679/KernelMultTransposeSubspace_compile.log 2>&1
compile log:
compile duration: 1.86445
link_cmd: g++ -shared -fno-gnu-unique -fopenmp -o ./cppjit_tmp/KernelMultTransposeSubspace_60679/libKernelMultTransposeSubspace.so ./cppjit_tmp/KernelMultTransposeSubspace_60679/KernelMultTransposeSubspace.o   > ./cppjit_tmp/KernelMultTransposeSubspace_60679/KernelMultTransposeSubspace_link.log 2>&1
link log:
link duration: 0.134304
Starting Conjugated Gradients
All temp variables used in CG have been initialized
creating per-kernel header
compile_cmd: g++ -o ./cppjit_tmp/KernelMultSubspace_931960/KernelMultSubspace.o -c -Wall -Wextra -Wno-unused-parameter -std=c++17 -march=native -mtune=native -O3 -g -fopenmp -fPIC -fno-gnu-unique -I/data/argon-fs/sgs/pfandedd/DissertationCodeTesla1/SGpp/base/src -I/data/argon-fs/sgs/pfandedd/DissertationCodeTesla1/MatrixMultiplicationHPX/AutoTuneTMP/boost_install/include -I/data/argon-fs/sgs/pfandedd/DissertationCodeTesla1/MatrixMultiplicationHPX/AutoTuneTMP/AutoTuneTMP_install/include -I/data/argon-fs/sgs/pfandedd/DissertationCodeTesla1/MatrixMultiplicationHPX/AutoTuneTMP/Vc_install/include  -I./cppjit_tmp/KernelMultSubspace_931960/ SubspaceAutoTuneTMPKernels/Mult/KernelMultSubspace.cpp  > ./cppjit_tmp/KernelMultSubspace_931960/KernelMultSubspace_compile.log 2>&1
compile log:
compile duration: 1.50536
link_cmd: g++ -shared -fno-gnu-unique -fopenmp -o ./cppjit_tmp/KernelMultSubspace_931960/libKernelMultSubspace.so ./cppjit_tmp/KernelMultSubspace_931960/KernelMultSubspace.o   > ./cppjit_tmp/KernelMultSubspace_931960/KernelMultSubspace_link.log 2>&1
link log:
link duration: 0.119661
Starting norm of residuum: -nan
Target norm:               0
.delta: 2.57808e+08
.delta: 1.0887e+08
.delta: 1.22866e+08
.delta: 3.58211e+07
.delta: 2.7514e+07
.delta: 1.78054e+07
.delta: 9.65269e+06
.delta: 3.83548e+06
.delta: 3.59447e+06
.delta: 3.79182e+06
.delta: 2.14615e+06
.delta: 3.20888e+06
.delta: 3.50833e+06
.delta: 1.13445e+06
.delta: 1.10873e+06
.delta: 916813
.delta: 609186
.delta: 2.54935e+06
.delta: 619864
.delta: 329251
.delta: 356681
.delta: 265258
.delta: 4.74996e+06
.delta: 149780
.delta: 401760
.delta: 278225
.delta: 180927
.delta: 159611
.delta: 529222
.delta: 146436
.delta: 182571
.delta: 163843
.delta: 120907
.delta: 343626
.delta: 80326.4
.delta: 70068.4
.delta: 107175
.delta: 103970
.delta: 57833.4
.delta: 117367
.delta: 84934.3
.delta: 47279.9
.delta: 255389
.delta: 99557.8
.delta: 104188
.delta: 334895
.delta: 34612.2
.delta: 35777
.delta: 172725
.delta: 95884.6
.delta: 36170.4
.delta: 40033.2
.delta: 60947.8
.delta: 102682
.delta: 31091.3
.delta: 19393.4
.delta: 82856.5
.delta: 93092
.delta: 33674.5
.delta: 18500.6
.delta: 20178.4
.delta: 82882.6
.delta: 26818.9
.delta: 89386
.delta: 103457
.delta: 39305
.delta: 18219.6
.delta: 135380
.delta: 17309.8
.delta: 37405.8
.delta: 33420.3
.delta: 20485.1
.delta: 35295.2
.delta: 13160.3
.delta: 15715.2
.delta: 25130.2
.delta: 12251.4
.delta: 24921.6
.delta: 12610.2
.delta: 13601.7
.delta: 42127.8
.delta: 46437.5
.delta: 23030.9
.delta: 42518.8
.delta: 13443.4
.delta: 359022
.delta: 48250.9
.delta: 28375.3
.delta: 12515.7
.delta: 9283.42
.delta: 22687.7
.delta: 35798
.delta: 7376.63
.delta: 8581.23
.delta: 88029.6
.delta: 59562.7
.delta: 10337.7
.delta: 84198.6
.delta: 15031.4
.delta: 6221.91
.delta: 21215.1
.delta: 21273.4
.delta: 7192.8
.delta: 7315.51
.delta: 27679.1
.delta: 37056.5
.delta: 13490.2
.delta: 6488.02
.delta: 9259.06
.delta: 6245.38
.delta: 20687.7
.delta: 17339.7
.delta: 5306.09
.delta: 8508.66
.delta: 200002
.delta: 10096.4
.delta: 5953.23
.delta: 23973.5
.delta: 3894.12
.delta: 15999.4
.delta: 10446
.delta: 8430.94
.delta: 7155.46
.delta: 57602.8
.delta: 23498.8
.delta: 23853.7
.delta: 3797.46
.delta: 19384.4
.delta: 8362.32
.delta: 3856.54
.delta: 2762.89
.delta: 4751.8
.delta: 3485.61
.delta: 32117.5
.delta: 6116.36
.delta: 4192.56
.delta: 48406.8
.delta: 10166.4
.delta: 2444.41
.delta: 36494
.delta: 4300.35
.delta: 3801.04
.delta: 9092.48
.delta: 14676.2
.delta: 43699.4
.delta: 8261.14
.delta: 2473.7
.delta: 2644.34
.delta: 2409.65
.delta: 4064.28
.delta: 6866.83
.delta: 4876.61
.delta: 4177.88
.delta: 3139.84
.delta: 4560.37
.delta: 5771.53
.delta: 1930.41
.delta: 3434.26
.delta: 11892
.delta: 4125.07
.delta: 4457.63
.delta: 1927.95
.delta: 9658.97
.delta: 45451.2
.delta: 4496.98
.delta: 4538.65
.delta: 2365.44
.delta: 1099.96
.delta: 2036.76
.delta: 2414.53
.delta: 1869.62
.delta: 3270.17
.delta: 26485
.delta: 1978.57
.delta: 1699.67
.delta: 6816.96
.delta: 1983.91
.delta: 15266.4
.delta: 2042.34
.delta: 2411.52
.delta: 3084.85
.delta: 3753.85
.delta: 3546.71
.delta: 22809.8
.delta: 1839.24
.delta: 1684.06
.delta: 1425.68
.delta: 1048.62
.delta: 2719.03
.delta: 1944.43
.delta: 1403.47
.delta: 1451.09
.delta: 8611.41
.delta: 1616.24
.delta: 1228.71
.delta: 1746.25
.delta: 4701.32
.delta: 4279.77
.delta: 627.942
.delta: 1218.96
.delta: 4901.17
.delta: 3925.26
.delta: 2461.09
.delta: 4156.21
.delta: 1098.64
.delta: 2142.56
.delta: 701.897
.delta: 4501.76
.delta: 762.379
.delta: 930.531
.delta: 1076.32
.delta: 5851.88
.delta: 1117.58
.delta: 787.788
.delta: 4171.46
.delta: 6364.82
.delta: 483.805
.delta: 2568.19
.delta: 723.581
.delta: 545.203
.delta: 4247.16
.delta: 12130.9
.delta: 1723.56
.delta: 816.004
.delta: 708.153
.delta: 618.019
.delta: 500.059
.delta: 3653.43
.delta: 1427.89
.delta: 911.808
.delta: 11163.9
.delta: 702.167
.delta: 900.819
.delta: 2593.6
.delta: 390.348
.delta: 1473.41
.delta: 1342.88
.delta: 347.243
.delta: 554.828
.delta: 5065.19
.delta: 6711.7
.delta: 549.572
.delta: 5756.11
.delta: 296.802
.delta: 1806.13
.delta: 580.656
.delta: 300.371
.delta: 1270.19
.delta: 506.787
.delta: 684.158
.delta: 1829.34
.delta: 730.054
.delta: 545.19
.delta: 421.326
.delta: 2811.76
.delta: 840.497
.delta: 537.056
.delta: 290.732
.delta: 401.767
.delta: 6866.74
.delta: 1304.55
.delta: 1583.58
.delta: 1029.75
.delta: 182.307
.delta: 223.711
.delta: 349.861
.delta: 314.892
.delta: 5987.36
.delta: 2164.4
.delta: 163.37
.delta: 828.709
.delta: 363.502
.delta: 191.319
.delta: 884.265
.delta: 2164.27
.delta: 235.633
.delta: 629.108
.delta: 1407.42
.delta: 199.744
.delta: 394.59
.delta: 867.264
.delta: 201.923
.delta: 702.116
.delta: 222.423
.delta: 209.266
.delta: 588.233
.delta: 1056.78
.delta: 2306.08
.delta: 129.365
.delta: 203.667
.delta: 442.766
.delta: 158.914
.delta: 719.379
.delta: 230.128
.delta: 1912.4
.delta: 506.874
.delta: 2716.11
.delta: 99.4625
.delta: 355.602
.delta: 870.667

Number of iterations: 300 (max. 300)
Final norm of residuum: 870.667
counted_mult_calls: 306

Needed Iterations: 300
Final residuum: 870.667
note: performance calculation: coefficients are reused
note: performance calculation: iterations for calculation : 307.5
note: performance calculation: additional iteration for residual recalculation : 6
warning: cannot calculate GFLOPS for operation type

Current Duration:: 238.8
Current GFlop/s: 0

Finished Training!

Training took: 238.8 seconds

computing MSE of test dataset
creating createOperationMultipleEval grid: Linear type: SUBSPACE subType: AutoTuneTMP
classes computed/predicted
mse: 0.000582169
total_duration: 249.073
