datasetFileName: ../datasets/DR5/DR5_nowarnings_less05_train.arff
hostname: argon-tesla1
using OpenCL configuration
ocl_init_duration: 2.56308
num_candidates: 1
num_candidates: 1 block_size: 128 num_candidates_per_device: 1
device: 0 range_padded: 128 range_start: 0 range_end: 1
candidates with support: 1
num_candidates: 10
num_candidates: 10 block_size: 128 num_candidates_per_device: 10
device: 0 range_padded: 128 range_start: 0 range_end: 10
candidates with support: 10
num_candidates: 60
num_candidates: 60 block_size: 128 num_candidates_per_device: 60
device: 0 range_padded: 128 range_start: 0 range_end: 60
candidates with support: 52
num_candidates: 236
num_candidates: 236 block_size: 128 num_candidates_per_device: 236
device: 0 range_padded: 256 range_start: 0 range_end: 236
candidates with support: 181
num_candidates: 706
num_candidates: 706 block_size: 128 num_candidates_per_device: 706
device: 0 range_padded: 768 range_start: 0 range_end: 706
candidates with support: 503
num_candidates: 1786
num_candidates: 1786 block_size: 128 num_candidates_per_device: 1786
device: 0 range_padded: 1792 range_start: 0 range_end: 1786
candidates with support: 1241
num_candidates: 4140
num_candidates: 4140 block_size: 128 num_candidates_per_device: 4140
device: 0 range_padded: 4224 range_start: 0 range_end: 4140
candidates with support: 2886
num_candidates: 9216
num_candidates: 9216 block_size: 128 num_candidates_per_device: 9216
device: 0 range_padded: 9216 range_start: 0 range_end: 9216
candidates with support: 6397
num_candidates: 19682
num_candidates: 19682 block_size: 128 num_candidates_per_device: 19682
device: 0 range_padded: 19712 range_start: 0 range_end: 19682
candidates with support: 13464
num_candidates: 40066
num_candidates: 40066 block_size: 128 num_candidates_per_device: 40066
device: 0 range_padded: 40192 range_start: 0 range_end: 40066
candidates with support: 26558
support refinement done, grid size: 51293
dimensionality: 5
number of grid points: 51293
number of data points: 371908
considering reduced evaluations for l=1 grid points
grid points with level > 1: 155216
num_ops: 3463.56
creating createOperationMultipleEval grid: ModLinear type: STREAMING==DEFAULT subType: OCLUNIFIED
ctor done!!!!!!!!!!!!!!!!
starting performance test...
algorithm: mult
device: 0xe4d4b0 kernel from: 0 to: 372736 -> range: 372736
device: 0xe4d4b0 duration: 0.0746356
info: first mult not considered
device: 0xe4d4b0 kernel from: 0 to: 372736 -> range: 372736
device: 0xe4d4b0 duration: 0.0746268
device: 0xe4d4b0 kernel from: 0 to: 372736 -> range: 372736
device: 0xe4d4b0 duration: 0.074613
device: 0xe4d4b0 kernel from: 0 to: 372736 -> range: 372736
device: 0xe4d4b0 duration: 0.0745997
device: 0xe4d4b0 kernel from: 0 to: 372736 -> range: 372736
device: 0xe4d4b0 duration: 0.0746049
device: 0xe4d4b0 kernel from: 0 to: 372736 -> range: 372736
device: 0xe4d4b0 duration: 0.0746215
device: 0xe4d4b0 kernel from: 0 to: 372736 -> range: 372736
device: 0xe4d4b0 duration: 0.0746182
device: 0xe4d4b0 kernel from: 0 to: 372736 -> range: 372736
device: 0xe4d4b0 duration: 0.0746104
device: 0xe4d4b0 kernel from: 0 to: 372736 -> range: 372736
device: 0xe4d4b0 duration: 0.0746128
device: 0xe4d4b0 kernel from: 0 to: 372736 -> range: 372736
device: 0xe4d4b0 duration: 0.0746076
device: 0xe4d4b0 kernel from: 0 to: 372736 -> range: 372736
device: 0xe4d4b0 duration: 0.0746068
duration mult: 0.772546, repetitions: 10
GFLOPS: 4483.31
