./datadriven/examplesOCL/regression_cmd --trainingFileName ../../DissertationCodeGTX/datasets/DR5/DR5_nowarnings_less05_train.arff --testFileName ../../DissertationCodeGTX/datasets/DR5/DR5_nowarnings_less05_test.arff --learnerMode LEARNTEST --grid.level 10 --lambda 1E-5 --grid.type ModLinear --verbose true --operation.type SUBSPACE --operation.subType AUTOTUNETMP --solverFinal.maxIterations 300 --solverFinal.eps 0 --isRegression true --adaptConfig.support_refinement_min_support 500 --adaptConfig.use_support_refinement
training dataset: ../../DissertationCodeGTX/datasets/DR5/DR5_nowarnings_less05_train.arff
instances: 371908
support_refinement_min_support: 500
num_candidates: 1
candidates with support: 1
num_candidates: 10
candidates with support: 10
num_candidates: 60
candidates with support: 52
num_candidates: 236
candidates with support: 181
num_candidates: 706
candidates with support: 503
num_candidates: 1786
candidates with support: 1241
num_candidates: 4140
candidates with support: 2886
num_candidates: 9216
candidates with support: 6397
num_candidates: 19682
candidates with support: 13464
num_candidates: 40066
candidates with support: 26558
datadriven refinement done, grid size: 51293
creating createOperationMultipleEval type: DEFAULT, using base operator factory
creating createOperationMultipleEval grid: ModLinear type: SUBSPACE subType: AutoTuneTMP
Starting Learning....

Doing refinement: 0
Grid Size: 51293
creating per-kernel header
compile_cmd: g++ -o ./cppjit_tmp/KernelMultTransposeSubspace_842713/KernelMultTransposeSubspace.o -c -Wall -Wextra -Wno-unused-parameter -std=c++17 -march=native -mtune=native -O3 -g -fopenmp -fPIC -fno-gnu-unique -I/data/argon-fs/sgs/pfandedd/DissertationCodeTesla2/SGpp/base/src -I/data/argon-fs/sgs/pfandedd/DissertationCodeTesla2/MatrixMultiplicationHPX/AutoTuneTMP/boost_install/include -I/data/argon-fs/sgs/pfandedd/DissertationCodeTesla2/MatrixMultiplicationHPX/AutoTuneTMP/AutoTuneTMP_install/include -I/data/argon-fs/sgs/pfandedd/DissertationCodeTesla2/MatrixMultiplicationHPX/AutoTuneTMP/Vc_install/include  -I./cppjit_tmp/KernelMultTransposeSubspace_842713/ SubspaceAutoTuneTMPKernels/MultTranspose/KernelMultTransposeSubspace.cpp  > ./cppjit_tmp/KernelMultTransposeSubspace_842713/KernelMultTransposeSubspace_compile.log 2>&1
compile log:
compile duration: 1.89098
link_cmd: g++ -shared -fno-gnu-unique -fopenmp -o ./cppjit_tmp/KernelMultTransposeSubspace_842713/libKernelMultTransposeSubspace.so ./cppjit_tmp/KernelMultTransposeSubspace_842713/KernelMultTransposeSubspace.o   > ./cppjit_tmp/KernelMultTransposeSubspace_842713/KernelMultTransposeSubspace_link.log 2>&1
link log:
link duration: 0.120578
Starting Conjugated Gradients
All temp variables used in CG have been initialized
creating per-kernel header
compile_cmd: g++ -o ./cppjit_tmp/KernelMultSubspace_221579/KernelMultSubspace.o -c -Wall -Wextra -Wno-unused-parameter -std=c++17 -march=native -mtune=native -O3 -g -fopenmp -fPIC -fno-gnu-unique -I/data/argon-fs/sgs/pfandedd/DissertationCodeTesla2/SGpp/base/src -I/data/argon-fs/sgs/pfandedd/DissertationCodeTesla2/MatrixMultiplicationHPX/AutoTuneTMP/boost_install/include -I/data/argon-fs/sgs/pfandedd/DissertationCodeTesla2/MatrixMultiplicationHPX/AutoTuneTMP/AutoTuneTMP_install/include -I/data/argon-fs/sgs/pfandedd/DissertationCodeTesla2/MatrixMultiplicationHPX/AutoTuneTMP/Vc_install/include  -I./cppjit_tmp/KernelMultSubspace_221579/ SubspaceAutoTuneTMPKernels/Mult/KernelMultSubspace.cpp  > ./cppjit_tmp/KernelMultSubspace_221579/KernelMultSubspace_compile.log 2>&1
compile log:
compile duration: 1.47747
link_cmd: g++ -shared -fno-gnu-unique -fopenmp -o ./cppjit_tmp/KernelMultSubspace_221579/libKernelMultSubspace.so ./cppjit_tmp/KernelMultSubspace_221579/KernelMultSubspace.o   > ./cppjit_tmp/KernelMultSubspace_221579/KernelMultSubspace_link.log 2>&1
link log:
link duration: 0.128882
Starting norm of residuum: -nan
Target norm:               0
.delta: 2.48387e+09
.delta: 2.08737e+08
.delta: 2.5682e+08
.delta: 1.26015e+08
.delta: 5.29509e+07
.delta: 4.9246e+07
.delta: 2.58437e+07
.delta: 1.90104e+07
.delta: 9.7599e+06
.delta: 5.87227e+06
.delta: 3.48751e+07
.delta: 7.40924e+06
.delta: 4.03077e+06
.delta: 4.36691e+06
.delta: 3.19895e+06
.delta: 1.53341e+06
.delta: 1.14859e+06
.delta: 1.24987e+06
.delta: 2.86125e+06
.delta: 1.04834e+06
.delta: 3.11123e+06
.delta: 2.91521e+06
.delta: 740019
.delta: 742641
.delta: 482876
.delta: 454318
.delta: 299938
.delta: 300059
.delta: 3.49251e+06
.delta: 2.09965e+06
.delta: 306839
.delta: 206336
.delta: 216924
.delta: 969837
.delta: 1.58753e+06
.delta: 217487
.delta: 534356
.delta: 225232
.delta: 510361
.delta: 457617
.delta: 472971
.delta: 209589
.delta: 105668
.delta: 294773
.delta: 183572
.delta: 136672
.delta: 334469
.delta: 1.07346e+06
.delta: 156148
.delta: 1.65398e+06
.delta: 267378
.delta: 294436
.delta: 104909
.delta: 994230
.delta: 98196.9
.delta: 201656
.delta: 98258
.delta: 704285
.delta: 84491.5
.delta: 87440.1
.delta: 262088
.delta: 73969
.delta: 948034
.delta: 56775.3
.delta: 171242
.delta: 58623.6
.delta: 1.36382e+06
.delta: 115373
.delta: 203057
.delta: 147853
.delta: 222228
.delta: 284224
.delta: 67604.2
.delta: 58378.9
.delta: 76272.1
.delta: 153335
.delta: 255849
.delta: 903747
.delta: 155043
.delta: 44155.7
.delta: 48634.7
.delta: 201621
.delta: 43156
.delta: 31967.7
.delta: 284647
.delta: 379784
.delta: 1.01344e+06
.delta: 42888
.delta: 73423.1
.delta: 189694
.delta: 62656.7
.delta: 85254.6
.delta: 35310.7
.delta: 35913.1
.delta: 71398.5
.delta: 598689
.delta: 32066
.delta: 69770.9
.delta: 103947
.delta: 41207.8
.delta: 76023
.delta: 32473.7
.delta: 448080
.delta: 34728.5
.delta: 55473.5
.delta: 148624
.delta: 43386.1
.delta: 41306
.delta: 194372
.delta: 26705.2
.delta: 69947.7
.delta: 83968.9
.delta: 29050.6
.delta: 78348.1
.delta: 173508
.delta: 58125.3
.delta: 94070.7
.delta: 33247.6
.delta: 23911.1
.delta: 87391.8
.delta: 47687.4
.delta: 20804.1
.delta: 36181.1
.delta: 978601
.delta: 16326
.delta: 22414.1
.delta: 65392.1
.delta: 51324.8
.delta: 76833.9
.delta: 99019.3
.delta: 36704.1
.delta: 34521.3
.delta: 50888.7
.delta: 19709
.delta: 117891
.delta: 25949
.delta: 33213.7
.delta: 51073.2
.delta: 57039
.delta: 14649.6
.delta: 77560.3
.delta: 24527.4
.delta: 30582.9
.delta: 183035
.delta: 15702.6
.delta: 25618.6
.delta: 34872
.delta: 14532.8
.delta: 79721.8
.delta: 23418.3
.delta: 61655.6
.delta: 71940
.delta: 13972.8
.delta: 12076.5
.delta: 18706
.delta: 30058.2
.delta: 43172.7
.delta: 40361.2
.delta: 46496.3
.delta: 9475.84
.delta: 877159
.delta: 29945.6
.delta: 17149.2
.delta: 18434.2
.delta: 24184.4
.delta: 41755.1
.delta: 12629.2
.delta: 157885
.delta: 9880.76
.delta: 240041
.delta: 121257
.delta: 54891.1
.delta: 35526.4
.delta: 16141.4
.delta: 18572.1
.delta: 21659.6
.delta: 20091.4
.delta: 14468.8
.delta: 62254
.delta: 17753.9
.delta: 14519.8
.delta: 105741
.delta: 17851.9
.delta: 69478.4
.delta: 19183.4
.delta: 15400.1
.delta: 54356.4
.delta: 13050.5
.delta: 56749.3
.delta: 94090.1
.delta: 10722.5
.delta: 67543.9
.delta: 6411.51
.delta: 11342.4
.delta: 8028.51
.delta: 115437
.delta: 10606
.delta: 27911.6
.delta: 67141.9
.delta: 6343.69
.delta: 24232.2
.delta: 38478.7
.delta: 9487.27
.delta: 11542.4
.delta: 16846.9
.delta: 21177.2
.delta: 228603
.delta: 14581.2
.delta: 9154.82
.delta: 81897.9
.delta: 18573.5
.delta: 13844.4
.delta: 15504.2
.delta: 33157.7
.delta: 25756.2
.delta: 6222.52
.delta: 267509
.delta: 7928.17
.delta: 19216.9
.delta: 17635
.delta: 22475.2
.delta: 4928.33
.delta: 20518.2
.delta: 20067.3
.delta: 16890.4
.delta: 57166.7
.delta: 10762.6
.delta: 16688.6
.delta: 14005.1
.delta: 40462.5
.delta: 4516.82
.delta: 44152.3
.delta: 4318.17
.delta: 14727.1
.delta: 60289.8
.delta: 8565.58
.delta: 11480.4
.delta: 41024.9
.delta: 17737.8
.delta: 9958.34
.delta: 5826.99
.delta: 8322.42
.delta: 41082
.delta: 20241.3
.delta: 5580.94
.delta: 17830.9
.delta: 17397.7
.delta: 18586.6
.delta: 6071.79
.delta: 22420.3
.delta: 7117.08
.delta: 68252.6
.delta: 13405.8
.delta: 3811.43
.delta: 13018.9
.delta: 4947.28
.delta: 6177.5
.delta: 21595.9
.delta: 48649.7
.delta: 13119
.delta: 6219.36
.delta: 60672.8
.delta: 12693.8
.delta: 28604.2
.delta: 4901.81
.delta: 66519.9
.delta: 4517.95
.delta: 42548.8
.delta: 3884.32
.delta: 6137.3
.delta: 282981
.delta: 2465.2
.delta: 7088.42
.delta: 30265.5
.delta: 9262.59
.delta: 6772.07
.delta: 9209.15
.delta: 12530.8
.delta: 11213.8
.delta: 55070.2
.delta: 15526.1
.delta: 3036.66
.delta: 8630.61
.delta: 3937.36
.delta: 11311.8
.delta: 21217.6
.delta: 6580.9
.delta: 9575.34
.delta: 11896.9
.delta: 8100.41
.delta: 10196.8
.delta: 20191.1
.delta: 7582.59
.delta: 58267.8
.delta: 3086.7
.delta: 5031.66
.delta: 4537.7
.delta: 56333.9
.delta: 8386.32
.delta: 4687.32

Number of iterations: 300 (max. 300)
Final norm of residuum: 4687.32
counted_mult_calls: 306

Needed Iterations: 300
Final residuum: 4687.32
note: performance calculation: coefficients are reused
note: performance calculation: iterations for calculation : 307.5
note: performance calculation: additional iteration for residual recalculation : 6
warning: cannot calculate GFLOPS for operation type

Current Duration:: 274.841
Current GFlop/s: 0

Finished Training!

Training took: 274.841 seconds

computing MSE of test dataset
creating createOperationMultipleEval grid: ModLinear type: SUBSPACE subType: AutoTuneTMP
classes computed/predicted
mse: 0.000490245
total_duration: 285.599
