./datadriven/examplesOCL/regression_cmd --trainingFileName ../../DissertationCodeGTX/datasets/DR5/DR5_nowarnings_less05_train.arff --testFileName ../../DissertationCodeGTX/datasets/DR5/DR5_nowarnings_less05_test.arff --learnerMode LEARNTEST --grid.level 10 --lambda 1E-5 --grid.type ModLinear --verbose true --operation.type SUBSPACE --operation.subType AUTOTUNETMP --solverFinal.maxIterations 300 --solverFinal.eps 0 --isRegression true --adaptConfig.support_refinement_min_support 500 --adaptConfig.use_support_refinement
training dataset: ../../DissertationCodeGTX/datasets/DR5/DR5_nowarnings_less05_train.arff
instances: 371908
support_refinement_min_support: 500
num_candidates: 1
candidates with support: 1
num_candidates: 10
candidates with support: 10
num_candidates: 60
candidates with support: 52
num_candidates: 236
candidates with support: 181
num_candidates: 706
candidates with support: 503
num_candidates: 1786
candidates with support: 1241
num_candidates: 4140
candidates with support: 2886
num_candidates: 9216
candidates with support: 6397
num_candidates: 19682
candidates with support: 13464
num_candidates: 40066
candidates with support: 26558
datadriven refinement done, grid size: 51293
creating createOperationMultipleEval type: DEFAULT, using base operator factory
creating createOperationMultipleEval grid: ModLinear type: SUBSPACE subType: AutoTuneTMP
Starting Learning....

Doing refinement: 0
Grid Size: 51293
creating per-kernel header
compile_cmd: g++ -o ./cppjit_tmp/KernelMultTransposeSubspace_43719/KernelMultTransposeSubspace.o -c -Wall -Wextra -Wno-unused-parameter -std=c++17 -march=native -mtune=native -O3 -g -fopenmp -fPIC -fno-gnu-unique -I/data/argon-fs/sgs/pfandedd/DissertationCodeEpyc/SGpp/base/src -I/data/argon-fs/sgs/pfandedd/DissertationCodeEpyc/MatrixMultiplicationHPX/AutoTuneTMP/boost_install/include -I/data/argon-fs/sgs/pfandedd/DissertationCodeEpyc/MatrixMultiplicationHPX/AutoTuneTMP/AutoTuneTMP_install/include -I/data/argon-fs/sgs/pfandedd/DissertationCodeEpyc/MatrixMultiplicationHPX/AutoTuneTMP/Vc_install/include  -I./cppjit_tmp/KernelMultTransposeSubspace_43719/ SubspaceAutoTuneTMPKernels/MultTranspose/KernelMultTransposeSubspace.cpp  > ./cppjit_tmp/KernelMultTransposeSubspace_43719/KernelMultTransposeSubspace_compile.log 2>&1
compile log:
compile duration: 1.95287
link_cmd: g++ -shared -fno-gnu-unique -fopenmp -o ./cppjit_tmp/KernelMultTransposeSubspace_43719/libKernelMultTransposeSubspace.so ./cppjit_tmp/KernelMultTransposeSubspace_43719/KernelMultTransposeSubspace.o   > ./cppjit_tmp/KernelMultTransposeSubspace_43719/KernelMultTransposeSubspace_link.log 2>&1
link log:
link duration: 0.101247
Starting Conjugated Gradients
All temp variables used in CG have been initialized
creating per-kernel header
compile_cmd: g++ -o ./cppjit_tmp/KernelMultSubspace_633402/KernelMultSubspace.o -c -Wall -Wextra -Wno-unused-parameter -std=c++17 -march=native -mtune=native -O3 -g -fopenmp -fPIC -fno-gnu-unique -I/data/argon-fs/sgs/pfandedd/DissertationCodeEpyc/SGpp/base/src -I/data/argon-fs/sgs/pfandedd/DissertationCodeEpyc/MatrixMultiplicationHPX/AutoTuneTMP/boost_install/include -I/data/argon-fs/sgs/pfandedd/DissertationCodeEpyc/MatrixMultiplicationHPX/AutoTuneTMP/AutoTuneTMP_install/include -I/data/argon-fs/sgs/pfandedd/DissertationCodeEpyc/MatrixMultiplicationHPX/AutoTuneTMP/Vc_install/include  -I./cppjit_tmp/KernelMultSubspace_633402/ SubspaceAutoTuneTMPKernels/Mult/KernelMultSubspace.cpp  > ./cppjit_tmp/KernelMultSubspace_633402/KernelMultSubspace_compile.log 2>&1
compile log:
compile duration: 1.51283
link_cmd: g++ -shared -fno-gnu-unique -fopenmp -o ./cppjit_tmp/KernelMultSubspace_633402/libKernelMultSubspace.so ./cppjit_tmp/KernelMultSubspace_633402/KernelMultSubspace.o   > ./cppjit_tmp/KernelMultSubspace_633402/KernelMultSubspace_link.log 2>&1
link log:
link duration: 0.10703
Starting norm of residuum: -nan
Target norm:               0
.delta: 2.48387e+09
.delta: 2.08737e+08
.delta: 2.5682e+08
.delta: 1.26015e+08
.delta: 5.29509e+07
.delta: 4.9246e+07
.delta: 2.58437e+07
.delta: 1.90104e+07
.delta: 9.75989e+06
.delta: 5.87143e+06
.delta: 3.37358e+07
.delta: 7.46409e+06
.delta: 4.03078e+06
.delta: 4.36691e+06
.delta: 3.19895e+06
.delta: 1.53341e+06
.delta: 1.14865e+06
.delta: 1.28629e+06
.delta: 6.30591e+06
.delta: 821854
.delta: 3.68002e+06
.delta: 2.78478e+06
.delta: 748608
.delta: 742712
.delta: 482877
.delta: 454427
.delta: 327567
.delta: 1.48613e+06
.delta: 338639
.delta: 2.63316e+06
.delta: 275572
.delta: 206972
.delta: 433271
.delta: 554514
.delta: 555897
.delta: 200596
.delta: 229396
.delta: 559037
.delta: 3.14689e+06
.delta: 625860
.delta: 243299
.delta: 194067
.delta: 104962
.delta: 172879
.delta: 323578
.delta: 127701
.delta: 731773
.delta: 177480
.delta: 658561
.delta: 752085
.delta: 314654
.delta: 223032
.delta: 104738
.delta: 106569
.delta: 568591
.delta: 218886
.delta: 298427
.delta: 136530
.delta: 76731.4
.delta: 258960
.delta: 87733.4
.delta: 73153.7
.delta: 980660
.delta: 54251.7
.delta: 193925
.delta: 2.03566e+06
.delta: 117059
.delta: 97576.2
.delta: 284705
.delta: 83254.5
.delta: 109440
.delta: 208577
.delta: 82916
.delta: 55944.1
.delta: 205400
.delta: 88919.3
.delta: 107963
.delta: 239135
.delta: 168886
.delta: 56891.8
.delta: 45218.3
.delta: 54928.2
.delta: 95038.2
.delta: 606373
.delta: 265116
.delta: 64480
.delta: 55422.8
.delta: 144876
.delta: 38960
.delta: 502813
.delta: 31587.9
.delta: 69222.1
.delta: 67757.1
.delta: 1.11534e+06
.delta: 35366.8
.delta: 82848.2
.delta: 112164
.delta: 40977.5
.delta: 62136.9
.delta: 31042.2
.delta: 23039.8
.delta: 1.58652e+06
.delta: 26814.8
.delta: 134903
.delta: 88880.9
.delta: 221566
.delta: 107735
.delta: 38811.9
.delta: 100003
.delta: 24816.1
.delta: 102334
.delta: 94551.7
.delta: 37517.5
.delta: 50276.1
.delta: 42949.8
.delta: 25755.7
.delta: 38574.1
.delta: 32929.8
.delta: 68269.7
.delta: 180260
.delta: 45797.3
.delta: 27019
.delta: 34921.6
.delta: 102375
.delta: 47559.9
.delta: 31879.7
.delta: 61308.6
.delta: 24150.4
.delta: 22718.4
.delta: 48930.9
.delta: 140464
.delta: 25094
.delta: 18880.2
.delta: 138013
.delta: 70770.2
.delta: 19248.2
.delta: 60242
.delta: 15918
.delta: 55775.9
.delta: 60078.8
.delta: 77100.6
.delta: 61155.3
.delta: 21134.1
.delta: 38521.6
.delta: 15665.2
.delta: 157990
.delta: 15514.8
.delta: 16410.5
.delta: 118823
.delta: 340647
.delta: 8112.35
.delta: 88037.4
.delta: 15783.5
.delta: 36535.5
.delta: 17007.8
.delta: 19997.1
.delta: 52399.8
.delta: 817973
.delta: 23293.9
.delta: 13162.7
.delta: 17649.5
.delta: 26350.9
.delta: 42904.4
.delta: 31315.2
.delta: 33435.2
.delta: 13403.4
.delta: 125633
.delta: 25736.2
.delta: 30531.1
.delta: 10931
.delta: 70792.4
.delta: 9272.65
.delta: 36385.8
.delta: 49591.2
.delta: 32350.3
.delta: 177363
.delta: 147956
.delta: 12252.1
.delta: 27389
.delta: 9212.28
.delta: 40097.1
.delta: 22231.7
.delta: 28905.4
.delta: 14860.2
.delta: 81816.7
.delta: 107140
.delta: 41121.4
.delta: 8507.61
.delta: 17138.3
.delta: 30390.3
.delta: 42570.8
.delta: 6763.62
.delta: 82846.4
.delta: 6878.77
.delta: 126505
.delta: 9947.24
.delta: 15007
.delta: 15049.2
.delta: 6446.88
.delta: 39786.1
.delta: 126964
.delta: 12327.8
.delta: 65182.4
.delta: 57012.8
.delta: 10809.2
.delta: 10363.3
.delta: 34949.4
.delta: 9418.09
.delta: 38053.6
.delta: 25624.6
.delta: 15142.4
.delta: 7363.65
.delta: 138990
.delta: 15624.4
.delta: 8548.77
.delta: 146918
.delta: 13772.4
.delta: 7770.15
.delta: 18392.2
.delta: 4659.78
.delta: 183775
.delta: 48996.4
.delta: 39816.3
.delta: 15226.4
.delta: 7764.24
.delta: 51840.9
.delta: 8327.76
.delta: 6361.95
.delta: 10455.1
.delta: 24787.9
.delta: 161706
.delta: 24091.7
.delta: 4974.52
.delta: 20396.7
.delta: 8299.74
.delta: 7438.69
.delta: 12454.9
.delta: 9440.66
.delta: 300828
.delta: 7084.21
.delta: 11748.3
.delta: 53573.7
.delta: 47127.2
.delta: 18245.6
.delta: 5674.55
.delta: 8052.96
.delta: 8296.28
.delta: 6732.72
.delta: 44709.1
.delta: 7323
.delta: 15722.9
.delta: 3436.28
.delta: 14820.5
.delta: 20592.1
.delta: 5461.33
.delta: 20367.4
.delta: 37672.3
.delta: 65596.3
.delta: 8040.47
.delta: 18433.9
.delta: 6419.34
.delta: 16220.4
.delta: 16371.4
.delta: 24084.1
.delta: 3436.63
.delta: 6850.07
.delta: 58833.7
.delta: 6487.37
.delta: 21626.7
.delta: 7445.95
.delta: 8773.26
.delta: 8621.62
.delta: 3476.03
.delta: 4976.84
.delta: 250025
.delta: 3007.33
.delta: 24634.1
.delta: 9558.29
.delta: 22470.6
.delta: 3557.59
.delta: 37668.8
.delta: 14101.4
.delta: 11550
.delta: 3039.53
.delta: 27124.4
.delta: 9435.01
.delta: 9831.59
.delta: 9292.36
.delta: 5820.53
.delta: 7894.99
.delta: 5960.06
.delta: 11650.1
.delta: 26644.3
.delta: 7068.43
.delta: 5163.56
.delta: 63648.2
.delta: 5961.36
.delta: 3310.55
.delta: 15033.7
.delta: 7248.49

Number of iterations: 300 (max. 300)
Final norm of residuum: 7248.49
counted_mult_calls: 306

Needed Iterations: 300
Final residuum: 7248.49
note: performance calculation: coefficients are reused
note: performance calculation: iterations for calculation : 307.5
note: performance calculation: additional iteration for residual recalculation : 6
warning: cannot calculate GFLOPS for operation type

Current Duration:: 187.115
Current GFlop/s: 0

Finished Training!

Training took: 187.115 seconds

computing MSE of test dataset
creating createOperationMultipleEval grid: ModLinear type: SUBSPACE subType: AutoTuneTMP
classes computed/predicted
mse: 0.000490234
total_duration: 193.668
