./datadriven/examplesOCL/regression_cmd --trainingFileName ../../DissertationCodeGTX/datasets/DR5/DR5_nowarnings_less05_train.arff --testFileName ../../DissertationCodeGTX/datasets/DR5/DR5_nowarnings_less05_test.arff --learnerMode LEARNTEST --grid.level 10 --lambda 1E-5 --grid.type ModLinear --verbose true --operation.type SUBSPACE --operation.subType AUTOTUNETMP --solverFinal.maxIterations 300 --solverFinal.eps 0 --isRegression true --adaptConfig.support_refinement_min_support 500 --adaptConfig.use_support_refinement
training dataset: ../../DissertationCodeGTX/datasets/DR5/DR5_nowarnings_less05_train.arff
instances: 371908
support_refinement_min_support: 500
num_candidates: 1
candidates with support: 1
num_candidates: 10
candidates with support: 10
num_candidates: 60
candidates with support: 52
num_candidates: 236
candidates with support: 181
num_candidates: 706
candidates with support: 503
num_candidates: 1786
candidates with support: 1241
num_candidates: 4140
candidates with support: 2886
num_candidates: 9216
candidates with support: 6397
num_candidates: 19682
candidates with support: 13464
num_candidates: 40066
candidates with support: 26558
datadriven refinement done, grid size: 51293
creating createOperationMultipleEval type: DEFAULT, using base operator factory
creating createOperationMultipleEval grid: ModLinear type: SUBSPACE subType: AutoTuneTMP
Starting Learning....

Doing refinement: 0
Grid Size: 51293
creating per-kernel header
compile_cmd: g++ -o ./cppjit_tmp/KernelMultTransposeSubspace_715763/KernelMultTransposeSubspace.o -c -Wall -Wextra -Wno-unused-parameter -std=c++17 -march=native -mtune=native -O3 -g -fopenmp -fPIC -fno-gnu-unique -I/data/argon-fs/sgs/pfandedd/DissertationCodeGTX/SGpp/base/src -I/data/argon-fs/sgs/pfandedd/DissertationCodeGTX/MatrixMultiplicationHPX/AutoTuneTMP/boost_install/include -I/data/argon-fs/sgs/pfandedd/DissertationCodeGTX/MatrixMultiplicationHPX/AutoTuneTMP/AutoTuneTMP_install/include -I/data/argon-fs/sgs/pfandedd/DissertationCodeGTX/MatrixMultiplicationHPX/AutoTuneTMP/Vc_install/include  -I./cppjit_tmp/KernelMultTransposeSubspace_715763/ SubspaceAutoTuneTMPKernels/MultTranspose/KernelMultTransposeSubspace.cpp  > ./cppjit_tmp/KernelMultTransposeSubspace_715763/KernelMultTransposeSubspace_compile.log 2>&1
compile log:
compile duration: 1.82315
link_cmd: g++ -shared -fno-gnu-unique -fopenmp -o ./cppjit_tmp/KernelMultTransposeSubspace_715763/libKernelMultTransposeSubspace.so ./cppjit_tmp/KernelMultTransposeSubspace_715763/KernelMultTransposeSubspace.o   > ./cppjit_tmp/KernelMultTransposeSubspace_715763/KernelMultTransposeSubspace_link.log 2>&1
link log:
link duration: 0.115539
Starting Conjugated Gradients
All temp variables used in CG have been initialized
creating per-kernel header
compile_cmd: g++ -o ./cppjit_tmp/KernelMultSubspace_255229/KernelMultSubspace.o -c -Wall -Wextra -Wno-unused-parameter -std=c++17 -march=native -mtune=native -O3 -g -fopenmp -fPIC -fno-gnu-unique -I/data/argon-fs/sgs/pfandedd/DissertationCodeGTX/SGpp/base/src -I/data/argon-fs/sgs/pfandedd/DissertationCodeGTX/MatrixMultiplicationHPX/AutoTuneTMP/boost_install/include -I/data/argon-fs/sgs/pfandedd/DissertationCodeGTX/MatrixMultiplicationHPX/AutoTuneTMP/AutoTuneTMP_install/include -I/data/argon-fs/sgs/pfandedd/DissertationCodeGTX/MatrixMultiplicationHPX/AutoTuneTMP/Vc_install/include  -I./cppjit_tmp/KernelMultSubspace_255229/ SubspaceAutoTuneTMPKernels/Mult/KernelMultSubspace.cpp  > ./cppjit_tmp/KernelMultSubspace_255229/KernelMultSubspace_compile.log 2>&1
compile log:
compile duration: 1.34603
link_cmd: g++ -shared -fno-gnu-unique -fopenmp -o ./cppjit_tmp/KernelMultSubspace_255229/libKernelMultSubspace.so ./cppjit_tmp/KernelMultSubspace_255229/KernelMultSubspace.o   > ./cppjit_tmp/KernelMultSubspace_255229/KernelMultSubspace_link.log 2>&1
link log:
link duration: 0.110186
Starting norm of residuum: -nan
Target norm:               0
.delta: 2.48387e+09
.delta: 2.08737e+08
.delta: 2.5682e+08
.delta: 1.26015e+08
.delta: 5.29509e+07
.delta: 4.9246e+07
.delta: 2.58437e+07
.delta: 1.90104e+07
.delta: 9.7599e+06
.delta: 5.87223e+06
.delta: 3.48279e+07
.delta: 7.41142e+06
.delta: 4.03077e+06
.delta: 4.36691e+06
.delta: 3.19895e+06
.delta: 1.53341e+06
.delta: 1.14868e+06
.delta: 1.30145e+06
.delta: 6.45578e+06
.delta: 771591
.delta: 4.88373e+06
.delta: 2.88915e+06
.delta: 741207
.delta: 742657
.delta: 482876
.delta: 454320
.delta: 300505
.delta: 506847
.delta: 587965
.delta: 1.0818e+07
.delta: 278323
.delta: 206229
.delta: 204781
.delta: 933641
.delta: 567921
.delta: 314785
.delta: 204387
.delta: 704648
.delta: 238496
.delta: 3.75495e+06
.delta: 437276
.delta: 234301
.delta: 104953
.delta: 134536
.delta: 343484
.delta: 158170
.delta: 195495
.delta: 241653
.delta: 1.33251e+06
.delta: 269327
.delta: 382141
.delta: 767126
.delta: 105807
.delta: 93539.6
.delta: 868800
.delta: 138119
.delta: 137294
.delta: 99648.2
.delta: 320965
.delta: 72359.4
.delta: 331895
.delta: 87472
.delta: 162847
.delta: 474326
.delta: 61655.5
.delta: 55890.2
.delta: 762932
.delta: 113729
.delta: 101209
.delta: 299337
.delta: 148140
.delta: 126980
.delta: 170188
.delta: 57245.7
.delta: 67716
.delta: 95057.1
.delta: 1.25658e+06
.delta: 179309
.delta: 81507.7
.delta: 106128
.delta: 45156.2
.delta: 44701.1
.delta: 213631
.delta: 32021.6
.delta: 126543
.delta: 529396
.delta: 51306.7
.delta: 98277.3
.delta: 329367
.delta: 59028.6
.delta: 63395
.delta: 591511
.delta: 35871.9
.delta: 27413.6
.delta: 52125.9
.delta: 202297
.delta: 61804.7
.delta: 131418
.delta: 60215.6
.delta: 45427.8
.delta: 24215
.delta: 57004.1
.delta: 174078
.delta: 31687.5
.delta: 749042
.delta: 61991.3
.delta: 52064.1
.delta: 67462.5
.delta: 206729
.delta: 104246
.delta: 24302.4
.delta: 21476.6
.delta: 160398
.delta: 43246.1
.delta: 52964.5
.delta: 32673.3
.delta: 64130
.delta: 38453.9
.delta: 85868.6
.delta: 18171.6
.delta: 51451.2
.delta: 19346.8
.delta: 235099
.delta: 37521.9
.delta: 168159
.delta: 41600.2
.delta: 36630.5
.delta: 56723.7
.delta: 85864.6
.delta: 20891.3
.delta: 211386
.delta: 14182.7
.delta: 106577
.delta: 32590.8
.delta: 17455.1
.delta: 34147.7
.delta: 24201.4
.delta: 41557.5
.delta: 16119.3
.delta: 52406.5
.delta: 71960.6
.delta: 82105.6
.delta: 198268
.delta: 22766.8
.delta: 179270
.delta: 32899.9
.delta: 10084.8
.delta: 129601
.delta: 26459
.delta: 10129.1
.delta: 39374.7
.delta: 747429
.delta: 18222.1
.delta: 26307
.delta: 35813.1
.delta: 18450.8
.delta: 96647.3
.delta: 22462.5
.delta: 14880.4
.delta: 21826.1
.delta: 16962.9
.delta: 79198.6
.delta: 29091.9
.delta: 20031.7
.delta: 11857.9
.delta: 27885.8
.delta: 55815.7
.delta: 11311.7
.delta: 26508.7
.delta: 187101
.delta: 18685.3
.delta: 94112.2
.delta: 23532.7
.delta: 24031.5
.delta: 21971.7
.delta: 15483.2
.delta: 23347.9
.delta: 12613.3
.delta: 16244.1
.delta: 21915
.delta: 440058
.delta: 29826.3
.delta: 25261.9
.delta: 29621.8
.delta: 27851.2
.delta: 27524.7
.delta: 21733
.delta: 46221.3
.delta: 9580.24
.delta: 30502.3
.delta: 160097
.delta: 6374.89
.delta: 28333.4
.delta: 30826.5
.delta: 9578.42
.delta: 8724.74
.delta: 17951.2
.delta: 25689
.delta: 7497.93
.delta: 90685.5
.delta: 17903.2
.delta: 7616.25
.delta: 25051.5
.delta: 17903.7
.delta: 42893.3
.delta: 8084.6
.delta: 8755.1
.delta: 203539
.delta: 86991.8
.delta: 9428.09
.delta: 11906.3
.delta: 129968
.delta: 11618
.delta: 17895.2
.delta: 12847.4
.delta: 6603.99
.delta: 18029.7
.delta: 422202
.delta: 15027
.delta: 6147.27
.delta: 28874.3
.delta: 10340.7
.delta: 24071
.delta: 6803.2
.delta: 40362.7
.delta: 4179.32
.delta: 193908
.delta: 23624.5
.delta: 47908.1
.delta: 16156.8
.delta: 5052.69
.delta: 13263.8
.delta: 27303.4
.delta: 9275
.delta: 12712.8
.delta: 20290.5
.delta: 51593.1
.delta: 15696.5
.delta: 28151.2
.delta: 4410.17
.delta: 11548.8
.delta: 9552.72
.delta: 8096.97
.delta: 12605.7
.delta: 21970.1
.delta: 98052
.delta: 67471.2
.delta: 7305.21
.delta: 4353.95
.delta: 3852.97
.delta: 48724.5
.delta: 9233.01
.delta: 22064.2
.delta: 6334.54
.delta: 33243.3
.delta: 6695.25
.delta: 11310.7
.delta: 13740.7
.delta: 3858.57
.delta: 19226.9
.delta: 61574.7
.delta: 3436.39
.delta: 27848.2
.delta: 13989.5
.delta: 38219.2
.delta: 28468.4
.delta: 6277.22
.delta: 12076.6
.delta: 8900.05
.delta: 8978.92
.delta: 4358.51
.delta: 4863.33
.delta: 22305.6
.delta: 39472
.delta: 5953.2
.delta: 3794.64
.delta: 43383.2
.delta: 4291.22
.delta: 10949.1
.delta: 4118.8
.delta: 18651.7
.delta: 4022.93
.delta: 123970
.delta: 7840.5
.delta: 20213.5
.delta: 10704.2
.delta: 7708.22
.delta: 6694.8
.delta: 4406.97
.delta: 50461.3
.delta: 7472.21
.delta: 8701.68
.delta: 3347.43
.delta: 7732.91
.delta: 15748.5
.delta: 2929.26
.delta: 10858.9
.delta: 6706.09
.delta: 7132.71
.delta: 9197.36

Number of iterations: 300 (max. 300)
Final norm of residuum: 9197.36
counted_mult_calls: 306

Needed Iterations: 300
Final residuum: 9197.36
note: performance calculation: coefficients are reused
note: performance calculation: iterations for calculation : 307.5
note: performance calculation: additional iteration for residual recalculation : 6
warning: cannot calculate GFLOPS for operation type

Current Duration:: 222.238
Current GFlop/s: 0

Finished Training!

Training took: 222.238 seconds

computing MSE of test dataset
creating createOperationMultipleEval grid: ModLinear type: SUBSPACE subType: AutoTuneTMP
classes computed/predicted
mse: 0.000489995
total_duration: 230.308
