./datadriven/examplesOCL/regression_cmd --trainingFileName ../../DissertationCodeGTX/datasets/DR5/DR5_nowarnings_less05_train.arff --testFileName ../../DissertationCodeGTX/datasets/DR5/DR5_nowarnings_less05_test.arff --learnerMode LEARNTEST --grid.level 10 --lambda 1E-5 --grid.type ModLinear --verbose true --additionalConfig results_diss/DR5_scaling_ocl_float_gtx1080ti_3.cfg --operation.type STREAMING --operation.subType OCLUNIFIED --solverFinal.maxIterations 500 --solverFinal.eps 0 --isRegression true --adaptConfig.support_refinement_min_support 500 --adaptConfig.support_refinement_ocl_config results_diss/DR5_scaling_ocl_float_gtx1080ti_3.cfg --adaptConfig.use_support_refinement --do_dummy_ocl_init
OCL Info: 2 OpenCL platforms have been found
OCL Info: detected platform, name: "Intel(R) OpenCL"
OCL Info: detected platform vendor name: "Intel(R) Corporation"
OCL Info: platform not configured, skipping...
OCL Info: detected platform, name: "NVIDIA CUDA"
OCL Info: detected platform vendor name: "NVIDIA Corporation"
OCL Info: using platform, name: "NVIDIA CUDA"
OCL Info: platform device count: 8
OCL Info: detected device, name: "GeForce GTX 1080 Ti"
OCL Info: using device, name: "GeForce GTX 1080 Ti"
OCL Info: detected device, name: "GeForce GTX 1080 Ti"
OCL Info: using device, name: "GeForce GTX 1080 Ti"
OCL Info: detected device, name: "GeForce GTX 1080 Ti"
OCL Info: using device, name: "GeForce GTX 1080 Ti"
OCL Info: detected device, name: "GeForce GTX 1080 Ti"
OCL Info: detected device, name: "GeForce GTX 1080 Ti"
OCL Info: detected device, name: "GeForce GTX 1080 Ti"
OCL Info: detected device, name: "GeForce GTX 1080 Ti"
OCL Info: detected device, name: "GeForce GTX 1080 Ti"
ocl dummy initalization duration: 7.23062
instances: 371908
support_refinement_min_support: 500
OCL Info: 2 OpenCL platforms have been found
OCL Info: detected platform, name: "Intel(R) OpenCL"
OCL Info: detected platform vendor name: "Intel(R) Corporation"
OCL Info: platform not configured, skipping...
OCL Info: detected platform, name: "NVIDIA CUDA"
OCL Info: detected platform vendor name: "NVIDIA Corporation"
OCL Info: using platform, name: "NVIDIA CUDA"
OCL Info: platform device count: 8
OCL Info: detected device, name: "GeForce GTX 1080 Ti"
OCL Info: using device, name: "GeForce GTX 1080 Ti"
OCL Info: detected device, name: "GeForce GTX 1080 Ti"
OCL Info: using device, name: "GeForce GTX 1080 Ti"
OCL Info: detected device, name: "GeForce GTX 1080 Ti"
OCL Info: using device, name: "GeForce GTX 1080 Ti"
OCL Info: detected device, name: "GeForce GTX 1080 Ti"
OCL Info: detected device, name: "GeForce GTX 1080 Ti"
OCL Info: detected device, name: "GeForce GTX 1080 Ti"
OCL Info: detected device, name: "GeForce GTX 1080 Ti"
OCL Info: detected device, name: "GeForce GTX 1080 Ti"
ocl_init_duration: 0.925094
building kernel: verify_support
building with optimization flags: 
--- Build Log ---


building with optimization flags: 
--- Build Log ---


building with optimization flags: 
--- Build Log ---


num_candidates: 1
num_candidates: 1 block_size: 128 num_candidates_per_device: 0
device: 2 range_padded: 128 range_start: 0 range_end: 1
candidates with support: 1
num_candidates: 10
num_candidates: 10 block_size: 128 num_candidates_per_device: 3
device: 2 range_padded: 128 range_start: 0 range_end: 10
candidates with support: 10
num_candidates: 60
num_candidates: 60 block_size: 128 num_candidates_per_device: 20
device: 2 range_padded: 128 range_start: 0 range_end: 60
candidates with support: 52
num_candidates: 236
num_candidates: 236 block_size: 128 num_candidates_per_device: 78
device: 2 range_padded: 256 range_start: 0 range_end: 236
candidates with support: 181
num_candidates: 706
num_candidates: 706 block_size: 128 num_candidates_per_device: 235
device: 2 range_padded: 768 range_start: 0 range_end: 706
candidates with support: 503
num_candidates: 1786
num_candidates: 1786 block_size: 128 num_candidates_per_device: 595
device: 2 range_padded: 1792 range_start: 0 range_end: 1786
candidates with support: 1241
num_candidates: 4140
num_candidates: 4140 block_size: 128 num_candidates_per_device: 1380
device: device: device: 0 range_padded: 1408 range_start: 0 range_end: 1380
1 range_padded: 14082 range_start:  range_padded: 1380 range_end: 14082760 range_start: 2760 range_end: 4140

candidates with support: 2886
num_candidates: 9216
num_candidates: 9216 block_size: 128 num_candidates_per_device: 3072
device: 0 range_padded: 3072 range_start: 0 range_end: 3072
device: device: 2 range_padded: 3072 range_start: 6144 range_end: 9216
1 range_padded: 3072 range_start: 3072 range_end: 6144
candidates with support: 6397
num_candidates: 19682
num_candidates: 19682 block_size: 128 num_candidates_per_device: 6560
device: device: device: 2 range_padded: 06656 range_start: 131201 range_end:  range_padded: 19682
 range_padded: 6656 range_start: 0 range_end: 6560
6656 range_start: 6560 range_end: 13120
candidates with support: 13464
num_candidates: 40066
num_candidates: 40066 block_size: 128 num_candidates_per_device: 13355
device: 2 range_padded: 13440 range_start: 26710 range_end: 40066
device: 1 range_padded: 13440 range_start: 13355 range_end: 26710
device: 0 range_padded: 13440 range_start: 0 range_end: 13355
candidates with support: 26558
datadriven refinement done, grid size: 51293
creating createOperationMultipleEval type: DEFAULT, using base operator factory
creating createOperationMultipleEval grid: Linear type: STREAMING==DEFAULT subType: OCLUNIFIED
OCL Info: 2 OpenCL platforms have been found
OCL Info: detected platform, name: "Intel(R) OpenCL"
OCL Info: detected platform vendor name: "Intel(R) Corporation"
OCL Info: detected platform, name: "NVIDIA CUDA"
OCL Info: detected platform vendor name: "NVIDIA Corporation"
OCL Info: using platform, name: "NVIDIA CUDA"
OCL Info: detected device, name: "GeForce GTX 1080 Ti"
OCL Info: using device, name: "GeForce GTX 1080 Ti"
OCL Info: detected device, name: "GeForce GTX 1080 Ti"
OCL Info: using device, name: "GeForce GTX 1080 Ti"
OCL Info: detected device, name: "GeForce GTX 1080 Ti"
OCL Info: using device, name: "GeForce GTX 1080 Ti"
OCL Info: detected device, name: "GeForce GTX 1080 Ti"
OCL Info: detected device, name: "GeForce GTX 1080 Ti"
OCL Info: detected device, name: "GeForce GTX 1080 Ti"
OCL Info: detected device, name: "GeForce GTX 1080 Ti"
OCL Info: detected device, name: "GeForce GTX 1080 Ti"
Starting Learning....

Doing refinement: 0
Grid Size: 51293
building with optimization flags: 
building with optimization flags: 
building with optimization flags: 
--- Begin Build Log ---


--- End Build Log ---
--- Begin Build Log ---


--- End Build Log ---
--- Begin Build Log ---


--- End Build Log ---
transferring whole grid!
transferring whole grid!
transferring whole grid!
duration multTranspose ocl mod: 0.0985603
building with optimization flags: 
building with optimization flags: 
building with optimization flags: 
--- Begin Build Log ---


--- End Build Log ---
--- Begin Build Log ---


--- End Build Log ---
--- Begin Build Log ---


--- End Build Log ---
duration mult ocl mod: 0.123848
duration multTranspose ocl mod: 0.026312
duration mult ocl mod: 0.0516445
duration multTranspose ocl mod: 0.0258679
duration mult ocl mod: 0.0517143
duration multTranspose ocl mod: 0.026239
duration mult ocl mod: 0.0511322
duration multTranspose ocl mod: 0.02624
duration mult ocl mod: 0.0503776
duration multTranspose ocl mod: 0.02598
duration mult ocl mod: 0.0508787
duration multTranspose ocl mod: 0.0259997
duration mult ocl mod: 0.053012
duration multTranspose ocl mod: 0.0256475
duration mult ocl mod: 0.0509168
duration multTranspose ocl mod: 0.0260541
duration mult ocl mod: 0.051646
duration multTranspose ocl mod: 0.026519
duration mult ocl mod: 0.0516714
duration multTranspose ocl mod: 0.0254506
duration mult ocl mod: 0.0512379
duration multTranspose ocl mod: 0.0262696
duration mult ocl mod: 0.0510648
duration multTranspose ocl mod: 0.0261005
duration mult ocl mod: 0.0516585
duration multTranspose ocl mod: 0.0260583
duration mult ocl mod: 0.0519419
duration multTranspose ocl mod: 0.0265497
duration mult ocl mod: 0.0521658
duration multTranspose ocl mod: 0.0259645
duration mult ocl mod: 0.0510559
duration multTranspose ocl mod: 0.0256254
duration mult ocl mod: 0.0511904
duration multTranspose ocl mod: 0.0256257
duration mult ocl mod: 0.0511282
duration multTranspose ocl mod: 0.025879
duration mult ocl mod: 0.0524163
duration multTranspose ocl mod: 0.0260859
duration mult ocl mod: 0.0509739
duration multTranspose ocl mod: 0.0257469
duration mult ocl mod: 0.0511667
duration multTranspose ocl mod: 0.0259559
duration mult ocl mod: 0.0503351
duration multTranspose ocl mod: 0.025984
duration mult ocl mod: 0.050931
duration multTranspose ocl mod: 0.0261846
duration mult ocl mod: 0.0512064
duration multTranspose ocl mod: 0.0260598
duration mult ocl mod: 0.051258
duration multTranspose ocl mod: 0.0254569
duration mult ocl mod: 0.0509266
duration multTranspose ocl mod: 0.0260265
duration mult ocl mod: 0.0544105
duration multTranspose ocl mod: 0.0278167
duration mult ocl mod: 0.0510064
duration multTranspose ocl mod: 0.0262312
duration mult ocl mod: 0.0514788
duration multTranspose ocl mod: 0.0260235
duration mult ocl mod: 0.0518286
duration multTranspose ocl mod: 0.025746
duration mult ocl mod: 0.0513302
duration multTranspose ocl mod: 0.0258447
duration mult ocl mod: 0.0523181
duration multTranspose ocl mod: 0.0256246
duration mult ocl mod: 0.0513391
duration multTranspose ocl mod: 0.0260016
duration mult ocl mod: 0.0509709
duration multTranspose ocl mod: 0.0266206
duration mult ocl mod: 0.0524167
duration multTranspose ocl mod: 0.0263121
duration mult ocl mod: 0.0527584
duration multTranspose ocl mod: 0.026186
duration mult ocl mod: 0.0525639
duration multTranspose ocl mod: 0.0258038
duration mult ocl mod: 0.0507164
duration multTranspose ocl mod: 0.0261686
duration mult ocl mod: 0.0509912
duration multTranspose ocl mod: 0.0260132
duration mult ocl mod: 0.0518675
duration multTranspose ocl mod: 0.0258479
duration mult ocl mod: 0.0511994
duration multTranspose ocl mod: 0.0268706
duration mult ocl mod: 0.0522576
duration multTranspose ocl mod: 0.0258397
duration mult ocl mod: 0.0516763
duration multTranspose ocl mod: 0.025739
duration mult ocl mod: 0.0529895
duration multTranspose ocl mod: 0.0264893
duration mult ocl mod: 0.0509551
duration multTranspose ocl mod: 0.0260058
duration mult ocl mod: 0.0512902
duration multTranspose ocl mod: 0.0262716
duration mult ocl mod: 0.0511997
duration multTranspose ocl mod: 0.0264304
duration mult ocl mod: 0.0521591
duration multTranspose ocl mod: 0.0262887
duration mult ocl mod: 0.0523463
duration multTranspose ocl mod: 0.0258301
duration mult ocl mod: 0.0504006
duration multTranspose ocl mod: 0.025918
duration mult ocl mod: 0.0512094
duration multTranspose ocl mod: 0.0260386
duration mult ocl mod: 0.0505377
duration multTranspose ocl mod: 0.0255502
duration mult ocl mod: 0.0516254
duration multTranspose ocl mod: 0.0262847
duration mult ocl mod: 0.0517511
duration multTranspose ocl mod: 0.0263211
duration mult ocl mod: 0.0513021
duration multTranspose ocl mod: 0.0255331
duration mult ocl mod: 0.0507155
duration multTranspose ocl mod: 0.0253922
duration mult ocl mod: 0.0512693
duration multTranspose ocl mod: 0.0259726
duration mult ocl mod: 0.0512201
duration multTranspose ocl mod: 0.025865
duration mult ocl mod: 0.0502435
duration multTranspose ocl mod: 0.026487
duration mult ocl mod: 0.0522206
duration multTranspose ocl mod: 0.0259003
duration mult ocl mod: 0.0525014
duration multTranspose ocl mod: 0.0255717
duration mult ocl mod: 0.0524173
duration multTranspose ocl mod: 0.0259802
duration mult ocl mod: 0.0513502
duration multTranspose ocl mod: 0.0261629
duration mult ocl mod: 0.0528354
duration multTranspose ocl mod: 0.0262631
duration mult ocl mod: 0.0526207
duration multTranspose ocl mod: 0.0259621
duration mult ocl mod: 0.0541102
duration multTranspose ocl mod: 0.025951
duration mult ocl mod: 0.0504128
duration multTranspose ocl mod: 0.0259282
duration mult ocl mod: 0.0534247
duration multTranspose ocl mod: 0.0269456
duration mult ocl mod: 0.0545551
duration multTranspose ocl mod: 0.0263283
duration mult ocl mod: 0.0513173
duration multTranspose ocl mod: 0.0261994
duration mult ocl mod: 0.051794
duration multTranspose ocl mod: 0.025727
duration mult ocl mod: 0.0525279
duration multTranspose ocl mod: 0.0259463
duration mult ocl mod: 0.0515186
duration multTranspose ocl mod: 0.0253924
duration mult ocl mod: 0.0545961
duration multTranspose ocl mod: 0.0263047
duration mult ocl mod: 0.0512928
duration multTranspose ocl mod: 0.0267422
duration mult ocl mod: 0.0516138
duration multTranspose ocl mod: 0.0263495
duration mult ocl mod: 0.0509405
duration multTranspose ocl mod: 0.0259669
duration mult ocl mod: 0.0511994
duration multTranspose ocl mod: 0.0254951
duration mult ocl mod: 0.0503704
duration multTranspose ocl mod: 0.0263169
duration mult ocl mod: 0.0523676
duration multTranspose ocl mod: 0.0264702
duration mult ocl mod: 0.0517441
duration multTranspose ocl mod: 0.0260469
duration mult ocl mod: 0.0504256
duration multTranspose ocl mod: 0.0265644
duration mult ocl mod: 0.0510243
duration multTranspose ocl mod: 0.0260842
duration mult ocl mod: 0.0525141
duration multTranspose ocl mod: 0.0261972
duration mult ocl mod: 0.0526132
duration multTranspose ocl mod: 0.0259056
duration mult ocl mod: 0.0504955
duration multTranspose ocl mod: 0.0253619
duration mult ocl mod: 0.0508957
duration multTranspose ocl mod: 0.025899
duration mult ocl mod: 0.0516815
duration multTranspose ocl mod: 0.0262527
duration mult ocl mod: 0.0508768
duration multTranspose ocl mod: 0.026515
duration mult ocl mod: 0.0516515
duration multTranspose ocl mod: 0.0257246
duration mult ocl mod: 0.0499643
duration multTranspose ocl mod: 0.0259704
duration mult ocl mod: 0.0523939
duration multTranspose ocl mod: 0.0261287
duration mult ocl mod: 0.0515327
duration multTranspose ocl mod: 0.0257798
duration mult ocl mod: 0.0521666
duration multTranspose ocl mod: 0.0253149
duration mult ocl mod: 0.0511257
duration multTranspose ocl mod: 0.0264764
duration mult ocl mod: 0.0525886
duration multTranspose ocl mod: 0.0259536
duration mult ocl mod: 0.0515456
duration multTranspose ocl mod: 0.0256822
duration mult ocl mod: 0.0522507
duration multTranspose ocl mod: 0.0260561
duration mult ocl mod: 0.0512799
duration multTranspose ocl mod: 0.0260047
duration mult ocl mod: 0.0517072
duration multTranspose ocl mod: 0.0258392
duration mult ocl mod: 0.0543905
duration multTranspose ocl mod: 0.0256087
duration mult ocl mod: 0.053413
duration multTranspose ocl mod: 0.0258365
duration mult ocl mod: 0.0508641
duration multTranspose ocl mod: 0.0258721
duration mult ocl mod: 0.0502453
duration multTranspose ocl mod: 0.0261539
duration mult ocl mod: 0.0515961
duration multTranspose ocl mod: 0.0260106
duration mult ocl mod: 0.0519145
duration multTranspose ocl mod: 0.0266702
duration mult ocl mod: 0.0518223
duration multTranspose ocl mod: 0.0257474
duration mult ocl mod: 0.0516882
duration multTranspose ocl mod: 0.0259925
duration mult ocl mod: 0.0521161
duration multTranspose ocl mod: 0.0254888
duration mult ocl mod: 0.05278
duration multTranspose ocl mod: 0.0264542
duration mult ocl mod: 0.0519746
duration multTranspose ocl mod: 0.0265154
duration mult ocl mod: 0.0518152
duration multTranspose ocl mod: 0.026223
duration mult ocl mod: 0.0520351
duration multTranspose ocl mod: 0.025828
duration mult ocl mod: 0.0518341
duration multTranspose ocl mod: 0.0262942
duration mult ocl mod: 0.0516011
duration multTranspose ocl mod: 0.0260127
duration mult ocl mod: 0.0519451
duration multTranspose ocl mod: 0.0257292
duration mult ocl mod: 0.0517612
duration multTranspose ocl mod: 0.0261073
duration mult ocl mod: 0.0521458
duration multTranspose ocl mod: 0.0264764
duration mult ocl mod: 0.051166
duration multTranspose ocl mod: 0.0255688
duration mult ocl mod: 0.0515105
duration multTranspose ocl mod: 0.025757
duration mult ocl mod: 0.0515023
duration multTranspose ocl mod: 0.0263491
duration mult ocl mod: 0.0518601
duration multTranspose ocl mod: 0.0264191
duration mult ocl mod: 0.0505511
duration multTranspose ocl mod: 0.026127
duration mult ocl mod: 0.050502
duration multTranspose ocl mod: 0.0263013
duration mult ocl mod: 0.0522654
duration multTranspose ocl mod: 0.0266489
duration mult ocl mod: 0.0522265
duration multTranspose ocl mod: 0.0271624
duration mult ocl mod: 0.0516711
duration multTranspose ocl mod: 0.0264586
duration mult ocl mod: 0.0514648
duration multTranspose ocl mod: 0.0262685
duration mult ocl mod: 0.0513964
duration multTranspose ocl mod: 0.0261572
duration mult ocl mod: 0.0516084
duration multTranspose ocl mod: 0.0265603
duration mult ocl mod: 0.053134
duration multTranspose ocl mod: 0.0259587
duration mult ocl mod: 0.0541761
duration multTranspose ocl mod: 0.0260094
duration mult ocl mod: 0.0553615
duration multTranspose ocl mod: 0.0259168
duration mult ocl mod: 0.0503492
duration multTranspose ocl mod: 0.0265301
duration mult ocl mod: 0.0502213
duration multTranspose ocl mod: 0.0258562
duration mult ocl mod: 0.0501998
duration multTranspose ocl mod: 0.0259923
duration mult ocl mod: 0.0524968
duration multTranspose ocl mod: 0.0257526
duration mult ocl mod: 0.053279
duration multTranspose ocl mod: 0.0261148
duration mult ocl mod: 0.0512764
duration multTranspose ocl mod: 0.0263118
duration mult ocl mod: 0.0515851
duration multTranspose ocl mod: 0.0261149
duration mult ocl mod: 0.0504098
duration multTranspose ocl mod: 0.0264852
duration mult ocl mod: 0.0511862
duration multTranspose ocl mod: 0.0261391
duration mult ocl mod: 0.0515789
duration multTranspose ocl mod: 0.0262245
duration mult ocl mod: 0.0504977
duration multTranspose ocl mod: 0.0254537
duration mult ocl mod: 0.0512782
duration multTranspose ocl mod: 0.0254542
duration mult ocl mod: 0.0510742
duration multTranspose ocl mod: 0.026066
duration mult ocl mod: 0.050487
duration multTranspose ocl mod: 0.0258344
duration mult ocl mod: 0.0524073
duration multTranspose ocl mod: 0.0259051
duration mult ocl mod: 0.0512878
duration multTranspose ocl mod: 0.0264264
duration mult ocl mod: 0.0517541
duration multTranspose ocl mod: 0.0256779
duration mult ocl mod: 0.0530178
duration multTranspose ocl mod: 0.0258072
duration mult ocl mod: 0.0516981
duration multTranspose ocl mod: 0.0258862
duration mult ocl mod: 0.0513949
duration multTranspose ocl mod: 0.0259674
duration mult ocl mod: 0.0531295
duration multTranspose ocl mod: 0.0312745
duration mult ocl mod: 0.0518358
duration multTranspose ocl mod: 0.0265311
duration mult ocl mod: 0.0519193
duration multTranspose ocl mod: 0.0260829
duration mult ocl mod: 0.0517454
duration multTranspose ocl mod: 0.025748
duration mult ocl mod: 0.050874
duration multTranspose ocl mod: 0.025478
duration mult ocl mod: 0.0521586
duration multTranspose ocl mod: 0.0262424
duration mult ocl mod: 0.0516811
duration multTranspose ocl mod: 0.0262014
duration mult ocl mod: 0.0518033
duration multTranspose ocl mod: 0.0265542
duration mult ocl mod: 0.0517685
duration multTranspose ocl mod: 0.0262671
duration mult ocl mod: 0.0507313
duration multTranspose ocl mod: 0.0263787
duration mult ocl mod: 0.0519775
duration multTranspose ocl mod: 0.0265321
duration mult ocl mod: 0.0506659
duration multTranspose ocl mod: 0.0260989
duration mult ocl mod: 0.0518195
duration multTranspose ocl mod: 0.0266576
duration mult ocl mod: 0.0521366
duration multTranspose ocl mod: 0.0261572
duration mult ocl mod: 0.0520457
duration multTranspose ocl mod: 0.0268114
duration mult ocl mod: 0.051736
duration multTranspose ocl mod: 0.0259115
duration mult ocl mod: 0.0507137
duration multTranspose ocl mod: 0.0262042
duration mult ocl mod: 0.0517604
duration multTranspose ocl mod: 0.026196
duration mult ocl mod: 0.0519028
duration multTranspose ocl mod: 0.0264471
duration mult ocl mod: 0.0516879
duration multTranspose ocl mod: 0.0259784
duration mult ocl mod: 0.0508037
duration multTranspose ocl mod: 0.0260415
duration mult ocl mod: 0.0542862
duration multTranspose ocl mod: 0.0261172
duration mult ocl mod: 0.051687
duration multTranspose ocl mod: 0.0269666
duration mult ocl mod: 0.0516267
duration multTranspose ocl mod: 0.0262181
duration mult ocl mod: 0.0526888
duration multTranspose ocl mod: 0.0266166
duration mult ocl mod: 0.0521996
duration multTranspose ocl mod: 0.026914
duration mult ocl mod: 0.0509592
duration multTranspose ocl mod: 0.0261825
duration mult ocl mod: 0.0518107
duration multTranspose ocl mod: 0.0261989
duration mult ocl mod: 0.0517513
duration multTranspose ocl mod: 0.0260635
duration mult ocl mod: 0.0519999
duration multTranspose ocl mod: 0.0268181
duration mult ocl mod: 0.0529791
duration multTranspose ocl mod: 0.0266064
duration mult ocl mod: 0.0508162
duration multTranspose ocl mod: 0.0260812
duration mult ocl mod: 0.0529858
duration multTranspose ocl mod: 0.0260207
duration mult ocl mod: 0.0510441
duration multTranspose ocl mod: 0.0268066
duration mult ocl mod: 0.0516821
duration multTranspose ocl mod: 0.0269468
duration mult ocl mod: 0.0517058
duration multTranspose ocl mod: 0.0269269
duration mult ocl mod: 0.0517674
duration multTranspose ocl mod: 0.0263339
duration mult ocl mod: 0.0520954
duration multTranspose ocl mod: 0.0269162
duration mult ocl mod: 0.0530322
duration multTranspose ocl mod: 0.0265595
duration mult ocl mod: 0.051836
duration multTranspose ocl mod: 0.0263988
duration mult ocl mod: 0.0530018
duration multTranspose ocl mod: 0.0256824
duration mult ocl mod: 0.0523308
duration multTranspose ocl mod: 0.0263175
duration mult ocl mod: 0.0521039
duration multTranspose ocl mod: 0.0262799
duration mult ocl mod: 0.0541034
duration multTranspose ocl mod: 0.0256825
duration mult ocl mod: 0.0528484
duration multTranspose ocl mod: 0.0260491
duration mult ocl mod: 0.0520892
duration multTranspose ocl mod: 0.0269156
duration mult ocl mod: 0.0515744
duration multTranspose ocl mod: 0.0258673
duration mult ocl mod: 0.0517143
duration multTranspose ocl mod: 0.025838
duration mult ocl mod: 0.0516453
duration multTranspose ocl mod: 0.0257397
duration mult ocl mod: 0.0529445
duration multTranspose ocl mod: 0.0258973
duration mult ocl mod: 0.0519186
duration multTranspose ocl mod: 0.0262079
duration mult ocl mod: 0.0511167
duration multTranspose ocl mod: 0.0261631
duration mult ocl mod: 0.054695
duration multTranspose ocl mod: 0.0260192
duration mult ocl mod: 0.0516632
duration multTranspose ocl mod: 0.0267442
duration mult ocl mod: 0.0518818
duration multTranspose ocl mod: 0.0264366
duration mult ocl mod: 0.0528669
duration multTranspose ocl mod: 0.0259561
duration mult ocl mod: 0.050879
duration multTranspose ocl mod: 0.0259928
duration mult ocl mod: 0.0522151
duration multTranspose ocl mod: 0.0260018
duration mult ocl mod: 0.0526743
duration multTranspose ocl mod: 0.0264414
duration mult ocl mod: 0.0518487
duration multTranspose ocl mod: 0.0261956
duration mult ocl mod: 0.0520128
duration multTranspose ocl mod: 0.0262551
duration mult ocl mod: 0.0517258
duration multTranspose ocl mod: 0.0262536
duration mult ocl mod: 0.0528947
duration multTranspose ocl mod: 0.026599
duration mult ocl mod: 0.0537205
duration multTranspose ocl mod: 0.026507
duration mult ocl mod: 0.0523573
duration multTranspose ocl mod: 0.0268579
duration mult ocl mod: 0.0518323
duration multTranspose ocl mod: 0.0265918
duration mult ocl mod: 0.0516994
duration multTranspose ocl mod: 0.0259966
duration mult ocl mod: 0.0520161
duration multTranspose ocl mod: 0.0261702
duration mult ocl mod: 0.0529849
duration multTranspose ocl mod: 0.0260414
duration mult ocl mod: 0.0518546
duration multTranspose ocl mod: 0.0259914
duration mult ocl mod: 0.0519565
duration multTranspose ocl mod: 0.0258267
duration mult ocl mod: 0.0517308
duration multTranspose ocl mod: 0.0257993
duration mult ocl mod: 0.051875
duration multTranspose ocl mod: 0.0258586
duration mult ocl mod: 0.0514749
duration multTranspose ocl mod: 0.0257965
duration mult ocl mod: 0.0530293
duration multTranspose ocl mod: 0.0257542
duration mult ocl mod: 0.0514983
duration multTranspose ocl mod: 0.0264506
duration mult ocl mod: 0.0522034
duration multTranspose ocl mod: 0.0264712
duration mult ocl mod: 0.0515753
duration multTranspose ocl mod: 0.0266194
duration mult ocl mod: 0.0529976
duration multTranspose ocl mod: 0.0264978
duration mult ocl mod: 0.0519995
duration multTranspose ocl mod: 0.0262673
duration mult ocl mod: 0.0523192
duration multTranspose ocl mod: 0.0269524
duration mult ocl mod: 0.0530085
duration multTranspose ocl mod: 0.026709
duration mult ocl mod: 0.0519206
duration multTranspose ocl mod: 0.0263239
duration mult ocl mod: 0.0530647
duration multTranspose ocl mod: 0.026885
duration mult ocl mod: 0.0517586
duration multTranspose ocl mod: 0.0266113
duration mult ocl mod: 0.0519543
duration multTranspose ocl mod: 0.0261207
duration mult ocl mod: 0.0519339
duration multTranspose ocl mod: 0.0263678
duration mult ocl mod: 0.0534212
duration multTranspose ocl mod: 0.0264692
duration mult ocl mod: 0.0519487
duration multTranspose ocl mod: 0.0264407
duration mult ocl mod: 0.0520163
duration multTranspose ocl mod: 0.0261469
duration mult ocl mod: 0.0517211
duration multTranspose ocl mod: 0.0262145
duration mult ocl mod: 0.0514534
duration multTranspose ocl mod: 0.0262269
duration mult ocl mod: 0.0506499
duration multTranspose ocl mod: 0.0268538
duration mult ocl mod: 0.051803
duration multTranspose ocl mod: 0.0260749
duration mult ocl mod: 0.051102
duration multTranspose ocl mod: 0.0259894
duration mult ocl mod: 0.0545068
duration multTranspose ocl mod: 0.0260953
duration mult ocl mod: 0.0518205
duration multTranspose ocl mod: 0.0275822
duration mult ocl mod: 0.052376
duration multTranspose ocl mod: 0.0264533
duration mult ocl mod: 0.0530685
duration multTranspose ocl mod: 0.0263462
duration mult ocl mod: 0.0521633
duration multTranspose ocl mod: 0.0267772
duration mult ocl mod: 0.0522296
duration multTranspose ocl mod: 0.026276
duration mult ocl mod: 0.0517794
duration multTranspose ocl mod: 0.0259377
duration mult ocl mod: 0.0531446
duration multTranspose ocl mod: 0.0258917
duration mult ocl mod: 0.0519744
duration multTranspose ocl mod: 0.0260252
duration mult ocl mod: 0.0523356
duration multTranspose ocl mod: 0.0264807
duration mult ocl mod: 0.0517497
duration multTranspose ocl mod: 0.0267014
duration mult ocl mod: 0.0523756
duration multTranspose ocl mod: 0.0263032
duration mult ocl mod: 0.05191
duration multTranspose ocl mod: 0.0260834
duration mult ocl mod: 0.0519985
duration multTranspose ocl mod: 0.0260654
duration mult ocl mod: 0.0524424
duration multTranspose ocl mod: 0.0267024
duration mult ocl mod: 0.0518792
duration multTranspose ocl mod: 0.026521
duration mult ocl mod: 0.0528078
duration multTranspose ocl mod: 0.0262457
duration mult ocl mod: 0.0516877
duration multTranspose ocl mod: 0.0268414
duration mult ocl mod: 0.0542859
duration multTranspose ocl mod: 0.0261566
duration mult ocl mod: 0.0518468
duration multTranspose ocl mod: 0.0267094
duration mult ocl mod: 0.0532147
duration multTranspose ocl mod: 0.026128
duration mult ocl mod: 0.0545219
duration multTranspose ocl mod: 0.0264912
duration mult ocl mod: 0.0523136
duration multTranspose ocl mod: 0.0263749
duration mult ocl mod: 0.053529
duration multTranspose ocl mod: 0.026848
duration mult ocl mod: 0.0520011
duration multTranspose ocl mod: 0.026303
duration mult ocl mod: 0.0516413
duration multTranspose ocl mod: 0.0262888
duration mult ocl mod: 0.0528312
duration multTranspose ocl mod: 0.0261813
duration mult ocl mod: 0.0520157
duration multTranspose ocl mod: 0.0261638
duration mult ocl mod: 0.0519697
duration multTranspose ocl mod: 0.0267125
duration mult ocl mod: 0.0516175
duration multTranspose ocl mod: 0.0261857
duration mult ocl mod: 0.0518861
duration multTranspose ocl mod: 0.0266794
duration mult ocl mod: 0.0520005
duration multTranspose ocl mod: 0.0267717
duration mult ocl mod: 0.0524086
duration multTranspose ocl mod: 0.0263489
duration mult ocl mod: 0.0518251
duration multTranspose ocl mod: 0.0262956
duration mult ocl mod: 0.0516696
duration multTranspose ocl mod: 0.0261228
duration mult ocl mod: 0.0520875
duration multTranspose ocl mod: 0.0262826
duration mult ocl mod: 0.0517658
duration multTranspose ocl mod: 0.0262997
duration mult ocl mod: 0.0517811
duration multTranspose ocl mod: 0.0266804
duration mult ocl mod: 0.0519912
duration multTranspose ocl mod: 0.0266114
duration mult ocl mod: 0.051886
duration multTranspose ocl mod: 0.026289
duration mult ocl mod: 0.0523471
duration multTranspose ocl mod: 0.0261889
duration mult ocl mod: 0.0518648
duration multTranspose ocl mod: 0.0262373
duration mult ocl mod: 0.0517556
duration multTranspose ocl mod: 0.0260979
duration mult ocl mod: 0.0521009
duration multTranspose ocl mod: 0.0266355
duration mult ocl mod: 0.0516147
duration multTranspose ocl mod: 0.0266252
duration mult ocl mod: 0.0506718
duration multTranspose ocl mod: 0.0259592
duration mult ocl mod: 0.0518796
duration multTranspose ocl mod: 0.0262634
duration mult ocl mod: 0.0555318
duration multTranspose ocl mod: 0.0265057
duration mult ocl mod: 0.0516448
duration multTranspose ocl mod: 0.026083
duration mult ocl mod: 0.0506331
duration multTranspose ocl mod: 0.0266151
duration mult ocl mod: 0.0519715
duration multTranspose ocl mod: 0.0265494
duration mult ocl mod: 0.0515776
duration multTranspose ocl mod: 0.025921
duration mult ocl mod: 0.0507037
duration multTranspose ocl mod: 0.0257636
duration mult ocl mod: 0.0507557
duration multTranspose ocl mod: 0.0258672
duration mult ocl mod: 0.0519514
duration multTranspose ocl mod: 0.0257202
duration mult ocl mod: 0.0509241
duration multTranspose ocl mod: 0.0261188
duration mult ocl mod: 0.0519554
duration multTranspose ocl mod: 0.0262084
duration mult ocl mod: 0.0507082
duration multTranspose ocl mod: 0.0260056
duration mult ocl mod: 0.0534361
duration multTranspose ocl mod: 0.0259868
duration mult ocl mod: 0.05198
duration multTranspose ocl mod: 0.0258947
duration mult ocl mod: 0.0520931
duration multTranspose ocl mod: 0.0258957
duration mult ocl mod: 0.0519423
duration multTranspose ocl mod: 0.0257674
duration mult ocl mod: 0.0536453
duration multTranspose ocl mod: 0.0260744
duration mult ocl mod: 0.0518987
duration multTranspose ocl mod: 0.0260656
duration mult ocl mod: 0.053442
duration multTranspose ocl mod: 0.0259552
duration mult ocl mod: 0.0532479
duration multTranspose ocl mod: 0.0259102
duration mult ocl mod: 0.0518543
duration multTranspose ocl mod: 0.0264112
duration mult ocl mod: 0.0518418
duration multTranspose ocl mod: 0.025804
duration mult ocl mod: 0.0528819
duration multTranspose ocl mod: 0.0258625
duration mult ocl mod: 0.0529711
duration multTranspose ocl mod: 0.0258624
duration mult ocl mod: 0.0520801
duration multTranspose ocl mod: 0.025425
duration mult ocl mod: 0.0523024
duration multTranspose ocl mod: 0.0264146
duration mult ocl mod: 0.0531762
duration multTranspose ocl mod: 0.0262037
duration mult ocl mod: 0.0520881
duration multTranspose ocl mod: 0.0258534
duration mult ocl mod: 0.051967
duration multTranspose ocl mod: 0.0263768
duration mult ocl mod: 0.0516568
duration multTranspose ocl mod: 0.0263013
duration mult ocl mod: 0.0517932
duration multTranspose ocl mod: 0.0258253
duration mult ocl mod: 0.0518544
duration multTranspose ocl mod: 0.0257167
duration mult ocl mod: 0.0517342
duration multTranspose ocl mod: 0.0259303
duration mult ocl mod: 0.0530991
duration multTranspose ocl mod: 0.026145
duration mult ocl mod: 0.0530473
duration multTranspose ocl mod: 0.0267042
duration mult ocl mod: 0.0517557
duration multTranspose ocl mod: 0.0265047
duration mult ocl mod: 0.0517781
duration multTranspose ocl mod: 0.0258698
duration mult ocl mod: 0.0531094
duration multTranspose ocl mod: 0.0260488
duration mult ocl mod: 0.0520063
duration multTranspose ocl mod: 0.0263389
duration mult ocl mod: 0.0519544
duration multTranspose ocl mod: 0.0265924
duration mult ocl mod: 0.0530412
duration multTranspose ocl mod: 0.0260058
duration mult ocl mod: 0.0519315
duration multTranspose ocl mod: 0.0267189
duration mult ocl mod: 0.0506732
duration multTranspose ocl mod: 0.0261874
duration mult ocl mod: 0.0519782
duration multTranspose ocl mod: 0.0267257
duration mult ocl mod: 0.0520264
duration multTranspose ocl mod: 0.0262773
duration mult ocl mod: 0.0529078
duration multTranspose ocl mod: 0.0260812
duration mult ocl mod: 0.0518968
duration multTranspose ocl mod: 0.0267336
duration mult ocl mod: 0.0519396
duration multTranspose ocl mod: 0.0261452
duration mult ocl mod: 0.0518369
duration multTranspose ocl mod: 0.026539
duration mult ocl mod: 0.0519813
duration multTranspose ocl mod: 0.0267014
duration mult ocl mod: 0.0537462
duration multTranspose ocl mod: 0.0263592
duration mult ocl mod: 0.0533559
duration multTranspose ocl mod: 0.0263434
duration mult ocl mod: 0.0530991
duration multTranspose ocl mod: 0.0264295
duration mult ocl mod: 0.0520239
duration multTranspose ocl mod: 0.0262939
duration mult ocl mod: 0.0509494
duration multTranspose ocl mod: 0.0265485
duration mult ocl mod: 0.0517212
duration multTranspose ocl mod: 0.0267601
duration mult ocl mod: 0.0517906
duration multTranspose ocl mod: 0.026183
duration mult ocl mod: 0.0506494
duration multTranspose ocl mod: 0.0274681
duration mult ocl mod: 0.051927
duration multTranspose ocl mod: 0.0261553
duration mult ocl mod: 0.0509482
duration multTranspose ocl mod: 0.0263167
duration mult ocl mod: 0.0519389
duration multTranspose ocl mod: 0.0266326
duration mult ocl mod: 0.0519939
duration multTranspose ocl mod: 0.0260341
duration mult ocl mod: 0.0521469
duration multTranspose ocl mod: 0.0266213
duration mult ocl mod: 0.051866
duration multTranspose ocl mod: 0.0256842
duration mult ocl mod: 0.0522492
duration multTranspose ocl mod: 0.0260345
duration mult ocl mod: 0.0521056
duration multTranspose ocl mod: 0.0261065
duration mult ocl mod: 0.0520526
duration multTranspose ocl mod: 0.0264113
duration mult ocl mod: 0.0520037
duration multTranspose ocl mod: 0.0262945
duration mult ocl mod: 0.0517762
duration multTranspose ocl mod: 0.0257931
duration mult ocl mod: 0.0511341
duration multTranspose ocl mod: 0.0260949
duration mult ocl mod: 0.0520376
duration multTranspose ocl mod: 0.0260306
duration mult ocl mod: 0.0521103
duration multTranspose ocl mod: 0.0269442
duration mult ocl mod: 0.0506672
duration multTranspose ocl mod: 0.0268067
duration mult ocl mod: 0.0516618
duration multTranspose ocl mod: 0.0269397
duration mult ocl mod: 0.052187
duration multTranspose ocl mod: 0.0262305
duration mult ocl mod: 0.0520894
duration multTranspose ocl mod: 0.0266454
duration mult ocl mod: 0.0519623
duration multTranspose ocl mod: 0.0261601
duration mult ocl mod: 0.051966
duration multTranspose ocl mod: 0.0267934
duration mult ocl mod: 0.0523326
duration multTranspose ocl mod: 0.0269431
duration mult ocl mod: 0.052082
duration multTranspose ocl mod: 0.0268114
duration mult ocl mod: 0.0520385
duration multTranspose ocl mod: 0.0268036
duration mult ocl mod: 0.0519523
duration multTranspose ocl mod: 0.0261755
duration mult ocl mod: 0.0517075
duration multTranspose ocl mod: 0.0265584
duration mult ocl mod: 0.0519675
duration multTranspose ocl mod: 0.0264166
duration mult ocl mod: 0.052978
duration multTranspose ocl mod: 0.0264191
duration mult ocl mod: 0.0520226
duration multTranspose ocl mod: 0.0262402
duration mult ocl mod: 0.0520074
duration multTranspose ocl mod: 0.0257688
duration mult ocl mod: 0.0519592
duration multTranspose ocl mod: 0.0261046
duration mult ocl mod: 0.0519135
duration multTranspose ocl mod: 0.0263103
duration mult ocl mod: 0.0517376
duration multTranspose ocl mod: 0.0266377
duration mult ocl mod: 0.0520871
duration multTranspose ocl mod: 0.0262429
duration mult ocl mod: 0.0520669
duration multTranspose ocl mod: 0.0263357
duration mult ocl mod: 0.0530382
duration multTranspose ocl mod: 0.0263034
duration mult ocl mod: 0.0521105
duration multTranspose ocl mod: 0.0264123
duration mult ocl mod: 0.0521158
duration multTranspose ocl mod: 0.0259215
duration mult ocl mod: 0.0508159
duration multTranspose ocl mod: 0.0264401
duration mult ocl mod: 0.0522549
duration multTranspose ocl mod: 0.0263166
duration mult ocl mod: 0.0517121
duration multTranspose ocl mod: 0.0261304
duration mult ocl mod: 0.0521789
duration multTranspose ocl mod: 0.0268043
duration mult ocl mod: 0.0530836
duration multTranspose ocl mod: 0.0263532
duration mult ocl mod: 0.0518214
duration multTranspose ocl mod: 0.0269324
duration mult ocl mod: 0.0520745
duration multTranspose ocl mod: 0.0261718
duration mult ocl mod: 0.052997
duration multTranspose ocl mod: 0.0266575
duration mult ocl mod: 0.051763
duration multTranspose ocl mod: 0.0269316
duration mult ocl mod: 0.0522905
duration multTranspose ocl mod: 0.026447
duration mult ocl mod: 0.0514582
duration multTranspose ocl mod: 0.0264725
duration mult ocl mod: 0.0510185
duration multTranspose ocl mod: 0.0264457
duration mult ocl mod: 0.0522531
duration multTranspose ocl mod: 0.026239
duration mult ocl mod: 0.0521756
duration multTranspose ocl mod: 0.0259904
duration mult ocl mod: 0.0518393
duration multTranspose ocl mod: 0.0262633
duration mult ocl mod: 0.0519593
duration multTranspose ocl mod: 0.0259991
duration mult ocl mod: 0.0518894
duration multTranspose ocl mod: 0.026155
duration mult ocl mod: 0.0523909
duration multTranspose ocl mod: 0.0261993
duration mult ocl mod: 0.0516245
duration multTranspose ocl mod: 0.0262972
duration mult ocl mod: 0.0508795
duration multTranspose ocl mod: 0.0267852
duration mult ocl mod: 0.0532581
duration multTranspose ocl mod: 0.0263238
duration mult ocl mod: 0.0519156
duration multTranspose ocl mod: 0.0261386
duration mult ocl mod: 0.0509326
duration multTranspose ocl mod: 0.0260933
duration mult ocl mod: 0.0532397
duration multTranspose ocl mod: 0.0266855
duration mult ocl mod: 0.0522108
duration multTranspose ocl mod: 0.0266851
duration mult ocl mod: 0.0530502
duration multTranspose ocl mod: 0.0262213
duration mult ocl mod: 0.0507056
duration multTranspose ocl mod: 0.0267167
duration mult ocl mod: 0.0516564
duration multTranspose ocl mod: 0.0262701
duration mult ocl mod: 0.0520236
duration multTranspose ocl mod: 0.0259196
duration mult ocl mod: 0.0520624
duration multTranspose ocl mod: 0.0259692
duration mult ocl mod: 0.0521906
duration multTranspose ocl mod: 0.0262144
duration mult ocl mod: 0.0522006
duration multTranspose ocl mod: 0.0267543
duration mult ocl mod: 0.0527962
duration multTranspose ocl mod: 0.0261952
duration mult ocl mod: 0.0533534
duration multTranspose ocl mod: 0.026877
duration mult ocl mod: 0.0515282
duration multTranspose ocl mod: 0.0268122
duration mult ocl mod: 0.0521611
duration multTranspose ocl mod: 0.0257489
duration mult ocl mod: 0.0517882
duration multTranspose ocl mod: 0.0263285
duration mult ocl mod: 0.0517344
duration multTranspose ocl mod: 0.0258086
duration mult ocl mod: 0.0518001
duration multTranspose ocl mod: 0.025979
duration mult ocl mod: 0.053891
duration multTranspose ocl mod: 0.0266965
duration mult ocl mod: 0.0505617
duration multTranspose ocl mod: 0.026826
duration mult ocl mod: 0.0517086
duration multTranspose ocl mod: 0.0263913
duration mult ocl mod: 0.0520863
duration multTranspose ocl mod: 0.0264461
duration mult ocl mod: 0.0508089
duration multTranspose ocl mod: 0.0270535
duration mult ocl mod: 0.0522351
duration multTranspose ocl mod: 0.026865
duration mult ocl mod: 0.0520969
duration multTranspose ocl mod: 0.0268358
duration mult ocl mod: 0.0536553
duration multTranspose ocl mod: 0.0269209
duration mult ocl mod: 0.0518
duration multTranspose ocl mod: 0.0270844
duration mult ocl mod: 0.0519105
duration multTranspose ocl mod: 0.0263213
duration mult ocl mod: 0.0529846
duration multTranspose ocl mod: 0.0262326
duration mult ocl mod: 0.0507566
duration multTranspose ocl mod: 0.0263374
duration mult ocl mod: 0.0517225
duration multTranspose ocl mod: 0.0261304
duration mult ocl mod: 0.0519877
duration multTranspose ocl mod: 0.0261144
duration mult ocl mod: 0.0521704
duration multTranspose ocl mod: 0.0260083
duration mult ocl mod: 0.0521509
duration multTranspose ocl mod: 0.0259387
duration mult ocl mod: 0.0522543
duration multTranspose ocl mod: 0.026101
duration mult ocl mod: 0.05204
duration multTranspose ocl mod: 0.0260959
duration mult ocl mod: 0.0520493
duration multTranspose ocl mod: 0.0262683
duration mult ocl mod: 0.0507253
duration multTranspose ocl mod: 0.026255
duration mult ocl mod: 0.0509437
duration multTranspose ocl mod: 0.0263106
duration mult ocl mod: 0.0532498
duration multTranspose ocl mod: 0.0267208
duration mult ocl mod: 0.0519949
duration multTranspose ocl mod: 0.0266843
duration mult ocl mod: 0.0517399
duration multTranspose ocl mod: 0.026137
duration mult ocl mod: 0.0519605
duration multTranspose ocl mod: 0.0261485
duration mult ocl mod: 0.0516921
duration multTranspose ocl mod: 0.0261418
duration mult ocl mod: 0.0509771
duration multTranspose ocl mod: 0.0267335
duration mult ocl mod: 0.0530565
duration multTranspose ocl mod: 0.0263649
duration mult ocl mod: 0.0508178
duration multTranspose ocl mod: 0.026234
duration mult ocl mod: 0.0507131
duration multTranspose ocl mod: 0.0265626
duration mult ocl mod: 0.0509783
duration multTranspose ocl mod: 0.0263102
duration mult ocl mod: 0.0519494
duration multTranspose ocl mod: 0.0262298
duration mult ocl mod: 0.0544254
duration multTranspose ocl mod: 0.0263083
duration mult ocl mod: 0.051578
duration multTranspose ocl mod: 0.0258481
duration mult ocl mod: 0.0520172
duration multTranspose ocl mod: 0.0262237
duration mult ocl mod: 0.0521585
duration multTranspose ocl mod: 0.0263789
duration mult ocl mod: 0.0508665
duration multTranspose ocl mod: 0.0261718
duration mult ocl mod: 0.0509664
duration multTranspose ocl mod: 0.0268495
duration mult ocl mod: 0.0510541
duration multTranspose ocl mod: 0.0261226
duration mult ocl mod: 0.0519606
duration multTranspose ocl mod: 0.0261513
duration mult ocl mod: 0.051849
duration multTranspose ocl mod: 0.0265291
duration mult ocl mod: 0.0519365
duration multTranspose ocl mod: 0.0266829
duration mult ocl mod: 0.0522538
duration multTranspose ocl mod: 0.0265956
duration mult ocl mod: 0.0517348
duration multTranspose ocl mod: 0.0264161
duration mult ocl mod: 0.0519843
duration multTranspose ocl mod: 0.0260943
duration mult ocl mod: 0.0507545
duration multTranspose ocl mod: 0.0265451
duration mult ocl mod: 0.0517582
duration multTranspose ocl mod: 0.026875
duration mult ocl mod: 0.0517442
duration multTranspose ocl mod: 0.0265151
duration mult ocl mod: 0.0522168
duration multTranspose ocl mod: 0.026199
duration mult ocl mod: 0.0515158
duration multTranspose ocl mod: 0.0266216
duration mult ocl mod: 0.052064
duration multTranspose ocl mod: 0.0260788
duration mult ocl mod: 0.0519416
duration multTranspose ocl mod: 0.0267287
duration mult ocl mod: 0.0557313
duration multTranspose ocl mod: 0.0266347
duration mult ocl mod: 0.0530968
duration multTranspose ocl mod: 0.0262577
duration mult ocl mod: 0.054608
duration multTranspose ocl mod: 0.0262514
duration mult ocl mod: 0.0508506
duration multTranspose ocl mod: 0.0264892
duration mult ocl mod: 0.0546925
duration multTranspose ocl mod: 0.0268198
duration mult ocl mod: 0.0520138
duration multTranspose ocl mod: 0.0262235
duration mult ocl mod: 0.0520147
duration multTranspose ocl mod: 0.0263647
duration mult ocl mod: 0.0518027
duration multTranspose ocl mod: 0.026232
duration mult ocl mod: 0.052012
duration multTranspose ocl mod: 0.0263163
duration mult ocl mod: 0.051762
duration multTranspose ocl mod: 0.0264749
duration mult ocl mod: 0.0519659
duration multTranspose ocl mod: 0.0259816
duration mult ocl mod: 0.0515066
duration multTranspose ocl mod: 0.0258736
duration mult ocl mod: 0.0517503
duration multTranspose ocl mod: 0.0258723
duration mult ocl mod: 0.051688
duration multTranspose ocl mod: 0.0262884
duration mult ocl mod: 0.052977
duration multTranspose ocl mod: 0.0265293
duration mult ocl mod: 0.052077
duration multTranspose ocl mod: 0.0258374
duration mult ocl mod: 0.0524423
duration multTranspose ocl mod: 0.0255993
duration mult ocl mod: 0.0534124
duration multTranspose ocl mod: 0.0262822
duration mult ocl mod: 0.0510444
duration multTranspose ocl mod: 0.0266506
duration mult ocl mod: 0.0514527
duration multTranspose ocl mod: 0.0267015
duration mult ocl mod: 0.051872
duration multTranspose ocl mod: 0.0261693
duration mult ocl mod: 0.0519383
duration multTranspose ocl mod: 0.0269505
duration mult ocl mod: 0.0511072
duration multTranspose ocl mod: 0.0263792
duration mult ocl mod: 0.0520031
duration multTranspose ocl mod: 0.0259984
duration mult ocl mod: 0.0519443
duration multTranspose ocl mod: 0.0261706
duration mult ocl mod: 0.0519644
duration multTranspose ocl mod: 0.0261779
duration mult ocl mod: 0.0507374
duration multTranspose ocl mod: 0.0261174
duration mult ocl mod: 0.0519686
duration multTranspose ocl mod: 0.026304
duration mult ocl mod: 0.0519851
duration multTranspose ocl mod: 0.0264964
duration mult ocl mod: 0.0530088
duration multTranspose ocl mod: 0.026351

Needed Iterations: 500
Final residuum: 22611.2
note: performance calculation: coefficients are reused
note: performance calculation: iterations for calculation : 511.5
note: performance calculation: additional iteration for residual recalculation : 10

Current Duration:: 42.22
Current GFlop/s: 13866.7

Finished Training!

Training took: 42.22 seconds

computing MSE of test dataset
creating createOperationMultipleEval grid: Linear type: STREAMING==DEFAULT subType: OCLUNIFIED
OCL Info: 2 OpenCL platforms have been found
OCL Info: detected platform, name: "Intel(R) OpenCL"
OCL Info: detected platform vendor name: "Intel(R) Corporation"
OCL Info: detected platform, name: "NVIDIA CUDA"
OCL Info: detected platform vendor name: "NVIDIA Corporation"
OCL Info: using platform, name: "NVIDIA CUDA"
OCL Info: detected device, name: "GeForce GTX 1080 Ti"
OCL Info: using device, name: "GeForce GTX 1080 Ti"
OCL Info: detected device, name: "GeForce GTX 1080 Ti"
OCL Info: using device, name: "GeForce GTX 1080 Ti"
OCL Info: detected device, name: "GeForce GTX 1080 Ti"
OCL Info: using device, name: "GeForce GTX 1080 Ti"
OCL Info: detected device, name: "GeForce GTX 1080 Ti"
OCL Info: detected device, name: "GeForce GTX 1080 Ti"
OCL Info: detected device, name: "GeForce GTX 1080 Ti"
OCL Info: detected device, name: "GeForce GTX 1080 Ti"
OCL Info: detected device, name: "GeForce GTX 1080 Ti"
building with optimization flags: 
building with optimization flags: 
building with optimization flags: 
--- Begin Build Log ---


--- End Build Log ---
--- Begin Build Log ---


--- End Build Log ---
--- Begin Build Log ---


--- End Build Log ---
duration mult ocl mod: 0.122012
classes computed/predicted
mse: 0.000489682
total_duration: 50.4474
