training dataset: ../datasets/DR5/DR5_nowarnings_less05_train.arff
instances: 371908
support_refinement_min_support: 500
num_candidates: 1
candidates with support: 1
num_candidates: 10
candidates with support: 10
num_candidates: 60
candidates with support: 52
num_candidates: 236
candidates with support: 181
num_candidates: 706
candidates with support: 503
num_candidates: 1786
candidates with support: 1241
num_candidates: 4140
candidates with support: 2886
num_candidates: 9216
candidates with support: 6397
num_candidates: 19682
candidates with support: 13464
num_candidates: 40066
candidates with support: 26558
datadriven refinement done, grid size: 51293
creating createOperationMultipleEval type: DEFAULT, using base operator factory
creating createOperationMultipleEval grid: Linear type: SUBSPACE subType: AutoTuneTMP
Starting Learning....

Doing refinement: 0
Grid Size: 51293
padding for: 512
creating per-kernel header
compile_cmd: g++ -o ./cppjit_tmp/KernelMultTransposeSubspace_126696/KernelMultTransposeSubspace.o -c -Wall -Wextra -Wno-unused-parameter -std=c++17 -march=native -mtune=native -O3 -g -fopenmp -fPIC -fno-gnu-unique -I/data/argon-fs/sgs/pfandedd/DissertationCodeEpyc/SGpp/base/src -I/data/argon-fs/sgs/pfandedd/DissertationCodeEpyc/MatrixMultiplicationHPX/AutoTuneTMP/boost_install/include -I/data/argon-fs/sgs/pfandedd/DissertationCodeEpyc/MatrixMultiplicationHPX/AutoTuneTMP/AutoTuneTMP_install/include -I/data/argon-fs/sgs/pfandedd/DissertationCodeEpyc/MatrixMultiplicationHPX/AutoTuneTMP/Vc_install/include  -I./cppjit_tmp/KernelMultTransposeSubspace_126696/ SubspaceAutoTuneTMPKernels/MultTranspose/KernelMultTransposeSubspace.cpp  > ./cppjit_tmp/KernelMultTransposeSubspace_126696/KernelMultTransposeSubspace_compile.log 2>&1
compile log:
compile duration: 1.97879
link_cmd: g++ -shared -fno-gnu-unique -fopenmp -o ./cppjit_tmp/KernelMultTransposeSubspace_126696/libKernelMultTransposeSubspace.so ./cppjit_tmp/KernelMultTransposeSubspace_126696/KernelMultTransposeSubspace.o   > ./cppjit_tmp/KernelMultTransposeSubspace_126696/KernelMultTransposeSubspace_link.log 2>&1
link log:
link duration: 0.107257
Starting Conjugated Gradients
All temp variables used in CG have been initialized
creating per-kernel header
compile_cmd: g++ -o ./cppjit_tmp/KernelMultSubspace_709905/KernelMultSubspace.o -c -Wall -Wextra -Wno-unused-parameter -std=c++17 -march=native -mtune=native -O3 -g -fopenmp -fPIC -fno-gnu-unique -I/data/argon-fs/sgs/pfandedd/DissertationCodeEpyc/SGpp/base/src -I/data/argon-fs/sgs/pfandedd/DissertationCodeEpyc/MatrixMultiplicationHPX/AutoTuneTMP/boost_install/include -I/data/argon-fs/sgs/pfandedd/DissertationCodeEpyc/MatrixMultiplicationHPX/AutoTuneTMP/AutoTuneTMP_install/include -I/data/argon-fs/sgs/pfandedd/DissertationCodeEpyc/MatrixMultiplicationHPX/AutoTuneTMP/Vc_install/include  -I./cppjit_tmp/KernelMultSubspace_709905/ SubspaceAutoTuneTMPKernels/Mult/KernelMultSubspace.cpp  > ./cppjit_tmp/KernelMultSubspace_709905/KernelMultSubspace_compile.log 2>&1
compile log:
compile duration: 1.56762
link_cmd: g++ -shared -fno-gnu-unique -fopenmp -o ./cppjit_tmp/KernelMultSubspace_709905/libKernelMultSubspace.so ./cppjit_tmp/KernelMultSubspace_709905/KernelMultSubspace.o   > ./cppjit_tmp/KernelMultSubspace_709905/KernelMultSubspace_link.log 2>&1
link log:
link duration: 0.108095
Starting norm of residuum: -nan
Target norm:               0
.delta: 2.57808e+08
.delta: 1.0887e+08
.delta: 1.22866e+08
.delta: 3.58211e+07
.delta: 2.7514e+07
.delta: 1.78054e+07
.delta: 9.65269e+06
.delta: 3.83548e+06
.delta: 3.59447e+06
.delta: 3.79182e+06
.delta: 2.14609e+06
.delta: 3.09073e+06
.delta: 3.66101e+06
.delta: 1.1345e+06
.delta: 1.10873e+06
.delta: 916823
.delta: 611793
.delta: 2.66002e+06
.delta: 611045
.delta: 329246
.delta: 356680
.delta: 262003
.delta: 5.51791e+06
.delta: 150033
.delta: 360562
.delta: 302146
.delta: 198365
.delta: 500372
.delta: 153637
.delta: 143674
.delta: 100839
.delta: 587314
.delta: 106560
.delta: 568400
.delta: 80442.4
.delta: 78386.6
.delta: 203160
.delta: 64982.3
.delta: 90992.6
.delta: 99912
.delta: 59908.2
.delta: 48033.6
.delta: 1.24092e+06
.delta: 43143.2
.delta: 635470
.delta: 98809
.delta: 49668.2
.delta: 75414.6
.delta: 57205.1
.delta: 90432.4
.delta: 32990.7
.delta: 28904.6
.delta: 373823
.delta: 25283.6
.delta: 104286
.delta: 20748
.delta: 52415.1
.delta: 50294
.delta: 73965.6
.delta: 18504.6
.delta: 20396.2
.delta: 146001
.delta: 109016
.delta: 20042.2
.delta: 99851.8
.delta: 39859.1
.delta: 29714.1
.delta: 40951.5
.delta: 17237.6
.delta: 39185.4
.delta: 16405.4
.delta: 75121.2
.delta: 42693.6
.delta: 269855
.delta: 12122
.delta: 12216
.delta: 22262.1
.delta: 11731.2
.delta: 12296.7
.delta: 25451.8
.delta: 18324.1
.delta: 73618.8
.delta: 26753.2
.delta: 80858.1
.delta: 11520.6
.delta: 32398.9
.delta: 9575.87
.delta: 49534.4
.delta: 23479.3
.delta: 12401.8
.delta: 28792.5
.delta: 46309.4
.delta: 75887.7
.delta: 7450.94
.delta: 10239.2
.delta: 31539.3
.delta: 13871.8
.delta: 10747.1
.delta: 51314.1
.delta: 6446
.delta: 18170.2
.delta: 56562.4
.delta: 15112.4
.delta: 7708.37
.delta: 34974.7
.delta: 4834.22
.delta: 7485.25
.delta: 32221.1
.delta: 9343.6
.delta: 5114.06
.delta: 37062.1
.delta: 35781.7
.delta: 53976.6
.delta: 5277.7
.delta: 8422.45
.delta: 11003
.delta: 5508.13
.delta: 25281.5
.delta: 3950.72
.delta: 8088.54
.delta: 85328.7
.delta: 18670.4
.delta: 6272.94
.delta: 16263.1
.delta: 11178.5
.delta: 30796.3
.delta: 3397.82
.delta: 14095.7
.delta: 5430.89
.delta: 8674.02
.delta: 4637.2
.delta: 69498.3
.delta: 3790.57
.delta: 8156.54
.delta: 3188.24
.delta: 2937.16
.delta: 10656.6
.delta: 45266
.delta: 4209.63
.delta: 3687.52
.delta: 115317
.delta: 4612.18
.delta: 19369.2
.delta: 2618.05
.delta: 5057.09
.delta: 3023.77
.delta: 7061.11
.delta: 2357.53
.delta: 3970.83
.delta: 11469.7
.delta: 22783.8
.delta: 10101.4
.delta: 5633.74
.delta: 4447.63
.delta: 1323.64
.delta: 6370.72
.delta: 2336.01
.delta: 2591.92
.delta: 4273.41
.delta: 4801
.delta: 3017.02
.delta: 2896.21
.delta: 19763.7
.delta: 3436.04
.delta: 4940.38
.delta: 2771.11
.delta: 5226.76
.delta: 1610.7
.delta: 4798.38
.delta: 16453
.delta: 1147.1
.delta: 1452.39
.delta: 3935.37
.delta: 5739.18
.delta: 2060.22
.delta: 4430.71
.delta: 8090.64
.delta: 2774.95
.delta: 16596
.delta: 2862.3
.delta: 1026.31
.delta: 1720.46
.delta: 1258.3
.delta: 4359.45
.delta: 3883.48
.delta: 4238.78
.delta: 3894.52
.delta: 12581.5
.delta: 1036.25
.delta: 3154.69
.delta: 7931.88
.delta: 1332.07
.delta: 780.158
.delta: 751.658
.delta: 2228.23
.delta: 2543.19
.delta: 10252.9
.delta: 1080.94
.delta: 914.472
.delta: 4793.95
.delta: 1616.55
.delta: 878.86
.delta: 3615.08
.delta: 3076.76
.delta: 5716.2
.delta: 998.387
.delta: 3310.07
.delta: 2313.3
.delta: 6578.73
.delta: 667.306
.delta: 1024.96
.delta: 429.092
.delta: 1845.02
.delta: 1334.96
.delta: 9215.32
.delta: 472.37
.delta: 4115.68
.delta: 847.593
.delta: 1329.71
.delta: 924.374
.delta: 909.282
.delta: 3075.71
.delta: 1193.74
.delta: 2057.89
.delta: 7073.64
.delta: 827.411
.delta: 3765.64
.delta: 336.981
.delta: 1791.73
.delta: 3583.77
.delta: 731.155
.delta: 1377.71
.delta: 630.143
.delta: 2226
.delta: 1303.54
.delta: 794.39
.delta: 498.501
.delta: 966.518
.delta: 319.231
.delta: 649.508
.delta: 1706.55
.delta: 398.887
.delta: 5284.18
.delta: 5622.52
.delta: 732.618
.delta: 2102.12
.delta: 986.343
.delta: 358.229
.delta: 527.689
.delta: 1947.13
.delta: 255.06
.delta: 843.014
.delta: 5916.74
.delta: 404.656
.delta: 772.68
.delta: 432.599
.delta: 3620.03
.delta: 662.419
.delta: 669.369
.delta: 205.937
.delta: 1206.93
.delta: 1179.16
.delta: 200.589
.delta: 1929.17
.delta: 787.188
.delta: 406.482
.delta: 638.958
.delta: 415.618
.delta: 326.768
.delta: 754.017
.delta: 164.125
.delta: 4921.77
.delta: 417.987
.delta: 239.6
.delta: 325.856
.delta: 127.965
.delta: 304.749
.delta: 387.301
.delta: 571.593
.delta: 810.193
.delta: 638.978
.delta: 278.994
.delta: 984.322
.delta: 3693.4
.delta: 123.576
.delta: 645.519
.delta: 281.877
.delta: 170.727
.delta: 593.195
.delta: 1513.02
.delta: 322.094
.delta: 286.835
.delta: 308.242
.delta: 460.073
.delta: 172.833
.delta: 1133.32
.delta: 1851.55
.delta: 97.7838
.delta: 1451.85
.delta: 531.968

Number of iterations: 300 (max. 300)
Final norm of residuum: 531.968
counted_mult_calls: 306

Needed Iterations: 300
Final residuum: 531.968
note: performance calculation: coefficients are reused
note: performance calculation: iterations for calculation : 307.5
note: performance calculation: additional iteration for residual recalculation : 6
warning: cannot calculate GFLOPS for operation type

Current Duration:: 174.839
Current GFlop/s: 0

Finished Training!

Training took: 174.839 seconds

computing MSE of test dataset
creating createOperationMultipleEval grid: Linear type: SUBSPACE subType: AutoTuneTMP
creating per-kernel header
compile_cmd: g++ -o ./cppjit_tmp/KernelMultSubspace_225583/KernelMultSubspace.o -c -Wall -Wextra -Wno-unused-parameter -std=c++17 -march=native -mtune=native -O3 -g -fopenmp -fPIC -fno-gnu-unique -I/data/argon-fs/sgs/pfandedd/DissertationCodeEpyc/SGpp/base/src -I/data/argon-fs/sgs/pfandedd/DissertationCodeEpyc/MatrixMultiplicationHPX/AutoTuneTMP/boost_install/include -I/data/argon-fs/sgs/pfandedd/DissertationCodeEpyc/MatrixMultiplicationHPX/AutoTuneTMP/AutoTuneTMP_install/include -I/data/argon-fs/sgs/pfandedd/DissertationCodeEpyc/MatrixMultiplicationHPX/AutoTuneTMP/Vc_install/include  -I./cppjit_tmp/KernelMultSubspace_225583/ SubspaceAutoTuneTMPKernels/Mult/KernelMultSubspace.cpp  > ./cppjit_tmp/KernelMultSubspace_225583/KernelMultSubspace_compile.log 2>&1
compile log:
compile duration: 1.6107
link_cmd: g++ -shared -fno-gnu-unique -fopenmp -o ./cppjit_tmp/KernelMultSubspace_225583/libKernelMultSubspace.so ./cppjit_tmp/KernelMultSubspace_225583/KernelMultSubspace.o   > ./cppjit_tmp/KernelMultSubspace_225583/KernelMultSubspace_link.log 2>&1
link log:
link duration: 0.10882
classes computed/predicted
mse: 0.000582228
total_duration: 183.045
