./datadriven/examplesOCL/regression_cmd --trainingFileName ../../DissertationCodeGTX/datasets/DR5/DR5_nowarnings_less05_train.arff --testFileName ../../DissertationCodeGTX/datasets/DR5/DR5_nowarnings_less05_test.arff --learnerMode LEARNTEST --grid.level 10 --lambda 1E-5 --grid.type ModLinear --verbose true --additionalConfig results_diss/DR5_scaling_ocl_float_gtx1080ti_2.cfg --operation.type STREAMING --operation.subType OCLUNIFIED --solverFinal.maxIterations 500 --solverFinal.eps 0 --isRegression true --adaptConfig.support_refinement_min_support 500 --adaptConfig.support_refinement_ocl_config results_diss/DR5_scaling_ocl_float_gtx1080ti_2.cfg --adaptConfig.use_support_refinement --do_dummy_ocl_init
OCL Info: 2 OpenCL platforms have been found
OCL Info: detected platform, name: "Intel(R) OpenCL"
OCL Info: detected platform vendor name: "Intel(R) Corporation"
OCL Info: platform not configured, skipping...
OCL Info: detected platform, name: "NVIDIA CUDA"
OCL Info: detected platform vendor name: "NVIDIA Corporation"
OCL Info: using platform, name: "NVIDIA CUDA"
OCL Info: platform device count: 8
OCL Info: detected device, name: "GeForce GTX 1080 Ti"
OCL Info: using device, name: "GeForce GTX 1080 Ti"
OCL Info: detected device, name: "GeForce GTX 1080 Ti"
OCL Info: using device, name: "GeForce GTX 1080 Ti"
OCL Info: detected device, name: "GeForce GTX 1080 Ti"
OCL Info: detected device, name: "GeForce GTX 1080 Ti"
OCL Info: detected device, name: "GeForce GTX 1080 Ti"
OCL Info: detected device, name: "GeForce GTX 1080 Ti"
OCL Info: detected device, name: "GeForce GTX 1080 Ti"
OCL Info: detected device, name: "GeForce GTX 1080 Ti"
ocl dummy initalization duration: 6.83257
instances: 371908
support_refinement_min_support: 500
OCL Info: 2 OpenCL platforms have been found
OCL Info: detected platform, name: "Intel(R) OpenCL"
OCL Info: detected platform vendor name: "Intel(R) Corporation"
OCL Info: platform not configured, skipping...
OCL Info: detected platform, name: "NVIDIA CUDA"
OCL Info: detected platform vendor name: "NVIDIA Corporation"
OCL Info: using platform, name: "NVIDIA CUDA"
OCL Info: platform device count: 8
OCL Info: detected device, name: "GeForce GTX 1080 Ti"
OCL Info: using device, name: "GeForce GTX 1080 Ti"
OCL Info: detected device, name: "GeForce GTX 1080 Ti"
OCL Info: using device, name: "GeForce GTX 1080 Ti"
OCL Info: detected device, name: "GeForce GTX 1080 Ti"
OCL Info: detected device, name: "GeForce GTX 1080 Ti"
OCL Info: detected device, name: "GeForce GTX 1080 Ti"
OCL Info: detected device, name: "GeForce GTX 1080 Ti"
OCL Info: detected device, name: "GeForce GTX 1080 Ti"
OCL Info: detected device, name: "GeForce GTX 1080 Ti"
ocl_init_duration: 0.622465
building kernel: verify_support
building with optimization flags: 
--- Build Log ---


building with optimization flags: 
--- Build Log ---


num_candidates: 1
num_candidates: 1 block_size: 128 num_candidates_per_device: 0
device: 1 range_padded: 128 range_start: 0 range_end: 1
duration (s): 0.294176
candidates with support: 1
num_candidates: 10
num_candidates: 10 block_size: 128 num_candidates_per_device: 5
device: 1 range_padded: 128 range_start: 0 range_end: 10
duration (s): 0.258341
candidates with support: 10
num_candidates: 60
num_candidates: 60 block_size: 128 num_candidates_per_device: 30
device: 1 range_padded: 128 range_start: 0 range_end: 60
duration (s): 0.265595
candidates with support: 52
num_candidates: 236
num_candidates: 236 block_size: 128 num_candidates_per_device: 118
device: 1 range_padded: 256 range_start: 0 range_end: 236
duration (s): 0.266735
candidates with support: 181
num_candidates: 706
num_candidates: 706 block_size: 128 num_candidates_per_device: 353
device: 1 range_padded: 768 range_start: 0 range_end: 706
duration (s): 0.270225
candidates with support: 503
num_candidates: 1786
num_candidates: 1786 block_size: 128 num_candidates_per_device: 893
device: 1 range_padded: 1792 range_start: 0 range_end: 1786
duration (s): 0.271164
candidates with support: 1241
num_candidates: 4140
num_candidates: 4140 block_size: 128 num_candidates_per_device: 2070
device: 0 range_padded: 2176 range_start: 0 range_end: 2070
device: 1 range_padded: 2176 range_start: 2070 range_end: 4140
duration (s): 0.268655
duration (s): 0.329016
candidates with support: 2886
num_candidates: 9216
num_candidates: 9216 block_size: 128 num_candidates_per_device: 4608
device: 0 range_padded: 4608 range_start: 0 range_end: 4608
device: 1 range_padded: 4608 range_start: 4608 range_end: 9216
duration (s): 0.275154
duration (s): 0.283291
candidates with support: 6397
num_candidates: 19682
num_candidates: 19682 block_size: 128 num_candidates_per_device: 9841
device: 0 range_padded: 9856 range_start: 0device:  range_end: 1 range_padded: 9856 range_start: 9841 range_end: 19682
9841
duration (s): 0.300636
duration (s): 0.302994
candidates with support: 13464
num_candidates: 40066
num_candidates: 40066 block_size: 128 num_candidates_per_device: 20033
device: 1 range_padded: 20096 range_start: device: 200330 range_end:  range_padded: 4006620096
 range_start: 0 range_end: 20033
duration (s): 0.416989
duration (s): 0.411324
candidates with support: 26558
datadriven refinement done, grid size: 51293
creating createOperationMultipleEval type: DEFAULT, using base operator factory
creating createOperationMultipleEval grid: Linear type: STREAMING==DEFAULT subType: OCLUNIFIED
OCL Info: 2 OpenCL platforms have been found
OCL Info: detected platform, name: "Intel(R) OpenCL"
OCL Info: detected platform vendor name: "Intel(R) Corporation"
OCL Info: detected platform, name: "NVIDIA CUDA"
OCL Info: detected platform vendor name: "NVIDIA Corporation"
OCL Info: using platform, name: "NVIDIA CUDA"
OCL Info: detected device, name: "GeForce GTX 1080 Ti"
OCL Info: using device, name: "GeForce GTX 1080 Ti"
OCL Info: detected device, name: "GeForce GTX 1080 Ti"
OCL Info: using device, name: "GeForce GTX 1080 Ti"
OCL Info: detected device, name: "GeForce GTX 1080 Ti"
OCL Info: detected device, name: "GeForce GTX 1080 Ti"
OCL Info: detected device, name: "GeForce GTX 1080 Ti"
OCL Info: detected device, name: "GeForce GTX 1080 Ti"
OCL Info: detected device, name: "GeForce GTX 1080 Ti"
OCL Info: detected device, name: "GeForce GTX 1080 Ti"
Starting Learning....

Doing refinement: 0
Grid Size: 51293
building with optimization flags: 
building with optimization flags: 
--- Begin Build Log ---


--- End Build Log ---
--- Begin Build Log ---


--- End Build Log ---
duration multTranspose ocl mod: 0.0769282
building with optimization flags: 
building with optimization flags: 
--- Begin Build Log ---


--- End Build Log ---
--- Begin Build Log ---


--- End Build Log ---
duration mult ocl mod: 0.108024
duration multTranspose ocl mod: 0.0429
duration mult ocl mod: 0.0780918
duration multTranspose ocl mod: 0.0422339
duration mult ocl mod: 0.0781385
duration multTranspose ocl mod: 0.0412631
duration mult ocl mod: 0.0780963
duration multTranspose ocl mod: 0.0417246
duration mult ocl mod: 0.0786742
duration multTranspose ocl mod: 0.041026
duration mult ocl mod: 0.0776524
duration multTranspose ocl mod: 0.0411495
duration mult ocl mod: 0.0770564
duration multTranspose ocl mod: 0.0419989
duration mult ocl mod: 0.0763174
duration multTranspose ocl mod: 0.0413694
duration mult ocl mod: 0.0785945
duration multTranspose ocl mod: 0.041253
duration mult ocl mod: 0.0775749
duration multTranspose ocl mod: 0.0411489
duration mult ocl mod: 0.0773563
duration multTranspose ocl mod: 0.040521
duration mult ocl mod: 0.0794615
duration multTranspose ocl mod: 0.0550985
duration mult ocl mod: 0.0834734
duration multTranspose ocl mod: 0.0415222
duration mult ocl mod: 0.07733
duration multTranspose ocl mod: 0.0418808
duration mult ocl mod: 0.0791778
duration multTranspose ocl mod: 0.0412769
duration mult ocl mod: 0.0775746
duration multTranspose ocl mod: 0.0411608
duration mult ocl mod: 0.0780844
duration multTranspose ocl mod: 0.0408715
duration mult ocl mod: 0.0772006
duration multTranspose ocl mod: 0.0409221
duration mult ocl mod: 0.0771581
duration multTranspose ocl mod: 0.0415561
duration mult ocl mod: 0.0774177
duration multTranspose ocl mod: 0.0410077
duration mult ocl mod: 0.0787913
duration multTranspose ocl mod: 0.0411314
duration mult ocl mod: 0.0780889
duration multTranspose ocl mod: 0.0409985
duration mult ocl mod: 0.0769438
duration multTranspose ocl mod: 0.0413474
duration mult ocl mod: 0.0758506
duration multTranspose ocl mod: 0.0413173
duration mult ocl mod: 0.0770937
duration multTranspose ocl mod: 0.0409584
duration mult ocl mod: 0.0795775
duration multTranspose ocl mod: 0.0406904
duration mult ocl mod: 0.0786903
duration multTranspose ocl mod: 0.0414753
duration mult ocl mod: 0.0771589
duration multTranspose ocl mod: 0.0407095
duration mult ocl mod: 0.077035
duration multTranspose ocl mod: 0.0410995
duration mult ocl mod: 0.0776605
duration multTranspose ocl mod: 0.0410165
duration mult ocl mod: 0.0780128
duration multTranspose ocl mod: 0.0414256
duration mult ocl mod: 0.0772851
duration multTranspose ocl mod: 0.0417544
duration mult ocl mod: 0.0759232
duration multTranspose ocl mod: 0.0410617
duration mult ocl mod: 0.0773377
duration multTranspose ocl mod: 0.0412835
duration mult ocl mod: 0.0778324
duration multTranspose ocl mod: 0.0406929
duration mult ocl mod: 0.0788069
duration multTranspose ocl mod: 0.0405216
duration mult ocl mod: 0.0788921
duration multTranspose ocl mod: 0.0466104
duration mult ocl mod: 0.0802811
duration multTranspose ocl mod: 0.0418032
duration mult ocl mod: 0.0767912
duration multTranspose ocl mod: 0.041907
duration mult ocl mod: 0.0773522
duration multTranspose ocl mod: 0.0409763
duration mult ocl mod: 0.077936
duration multTranspose ocl mod: 0.041039
duration mult ocl mod: 0.0778659
duration multTranspose ocl mod: 0.0411929
duration mult ocl mod: 0.0777249
duration multTranspose ocl mod: 0.0407111
duration mult ocl mod: 0.0815759
duration multTranspose ocl mod: 0.0409418
duration mult ocl mod: 0.0793245
duration multTranspose ocl mod: 0.041066
duration mult ocl mod: 0.0760501
duration multTranspose ocl mod: 0.0414034
duration mult ocl mod: 0.0807892
duration multTranspose ocl mod: 0.040795
duration mult ocl mod: 0.0770648
duration multTranspose ocl mod: 0.0415308
duration mult ocl mod: 0.0779521
duration multTranspose ocl mod: 0.0412129
duration mult ocl mod: 0.0776247
duration multTranspose ocl mod: 0.0412479
duration mult ocl mod: 0.0781752
duration multTranspose ocl mod: 0.0410434
duration mult ocl mod: 0.0778398
duration multTranspose ocl mod: 0.0413484
duration mult ocl mod: 0.0768666
duration multTranspose ocl mod: 0.0414008
duration mult ocl mod: 0.0772923
duration multTranspose ocl mod: 0.0429265
duration mult ocl mod: 0.076757
duration multTranspose ocl mod: 0.0422437
duration mult ocl mod: 0.0784635
duration multTranspose ocl mod: 0.0422793
duration mult ocl mod: 0.0780538
duration multTranspose ocl mod: 0.0411844
duration mult ocl mod: 0.077769
duration multTranspose ocl mod: 0.0409333
duration mult ocl mod: 0.0781742
duration multTranspose ocl mod: 0.0410838
duration mult ocl mod: 0.0770944
duration multTranspose ocl mod: 0.0409652
duration mult ocl mod: 0.0771801
duration multTranspose ocl mod: 0.0412965
duration mult ocl mod: 0.0760393
duration multTranspose ocl mod: 0.0416922
duration mult ocl mod: 0.078716
duration multTranspose ocl mod: 0.041519
duration mult ocl mod: 0.0774822
duration multTranspose ocl mod: 0.0408975
duration mult ocl mod: 0.0779259
duration multTranspose ocl mod: 0.0400047
duration mult ocl mod: 0.0769792
duration multTranspose ocl mod: 0.0410593
duration mult ocl mod: 0.0778376
duration multTranspose ocl mod: 0.0410646
duration mult ocl mod: 0.0773698
duration multTranspose ocl mod: 0.0411836
duration mult ocl mod: 0.0773557
duration multTranspose ocl mod: 0.0409165
duration mult ocl mod: 0.0768426
duration multTranspose ocl mod: 0.0457451
duration mult ocl mod: 0.0786235
duration multTranspose ocl mod: 0.0410155
duration mult ocl mod: 0.0783074
duration multTranspose ocl mod: 0.0418758
duration mult ocl mod: 0.0762555
duration multTranspose ocl mod: 0.040999
duration mult ocl mod: 0.0777198
duration multTranspose ocl mod: 0.0409374
duration mult ocl mod: 0.077502
duration multTranspose ocl mod: 0.041067
duration mult ocl mod: 0.0761068
duration multTranspose ocl mod: 0.0411799
duration mult ocl mod: 0.0772796
duration multTranspose ocl mod: 0.041653
duration mult ocl mod: 0.0771276
duration multTranspose ocl mod: 0.0415743
duration mult ocl mod: 0.077931
duration multTranspose ocl mod: 0.0409254
duration mult ocl mod: 0.0768718
duration multTranspose ocl mod: 0.0409588
duration mult ocl mod: 0.0776124
duration multTranspose ocl mod: 0.0415043
duration mult ocl mod: 0.0768479
duration multTranspose ocl mod: 0.040357
duration mult ocl mod: 0.0764246
duration multTranspose ocl mod: 0.0406104
duration mult ocl mod: 0.0777082
duration multTranspose ocl mod: 0.0411653
duration mult ocl mod: 0.0789125
duration multTranspose ocl mod: 0.0406822
duration mult ocl mod: 0.077392
duration multTranspose ocl mod: 0.0410718
duration mult ocl mod: 0.0766675
duration multTranspose ocl mod: 0.0414672
duration mult ocl mod: 0.0758639
duration multTranspose ocl mod: 0.0405187
duration mult ocl mod: 0.078038
duration multTranspose ocl mod: 0.041136
duration mult ocl mod: 0.0775786
duration multTranspose ocl mod: 0.0421324
duration mult ocl mod: 0.0784131
duration multTranspose ocl mod: 0.0412184
duration mult ocl mod: 0.0784181
duration multTranspose ocl mod: 0.0416057
duration mult ocl mod: 0.0811636
duration multTranspose ocl mod: 0.0404619
duration mult ocl mod: 0.0771365
duration multTranspose ocl mod: 0.0410105
duration mult ocl mod: 0.0771798
duration multTranspose ocl mod: 0.0409162
duration mult ocl mod: 0.0784373
duration multTranspose ocl mod: 0.0404578
duration mult ocl mod: 0.0773128
duration multTranspose ocl mod: 0.0410336
duration mult ocl mod: 0.0773394
duration multTranspose ocl mod: 0.0409419
duration mult ocl mod: 0.0774801
duration multTranspose ocl mod: 0.0408191
duration mult ocl mod: 0.0786202
duration multTranspose ocl mod: 0.0410799
duration mult ocl mod: 0.0786275
duration multTranspose ocl mod: 0.0409366
duration mult ocl mod: 0.0773459
duration multTranspose ocl mod: 0.0409983
duration mult ocl mod: 0.077628
duration multTranspose ocl mod: 0.0409868
duration mult ocl mod: 0.0765132
duration multTranspose ocl mod: 0.0409086
duration mult ocl mod: 0.0789841
duration multTranspose ocl mod: 0.0414719
duration mult ocl mod: 0.0769652
duration multTranspose ocl mod: 0.0402224
duration mult ocl mod: 0.0775937
duration multTranspose ocl mod: 0.0408985
duration mult ocl mod: 0.0771976
duration multTranspose ocl mod: 0.0404182
duration mult ocl mod: 0.0779458
duration multTranspose ocl mod: 0.0409878
duration mult ocl mod: 0.0775928
duration multTranspose ocl mod: 0.0410583
duration mult ocl mod: 0.0782549
duration multTranspose ocl mod: 0.041046
duration mult ocl mod: 0.0783828
duration multTranspose ocl mod: 0.0409149
duration mult ocl mod: 0.0771851
duration multTranspose ocl mod: 0.0411554
duration mult ocl mod: 0.0779955
duration multTranspose ocl mod: 0.0418056
duration mult ocl mod: 0.0781208
duration multTranspose ocl mod: 0.0407997
duration mult ocl mod: 0.0767174
duration multTranspose ocl mod: 0.0412004
duration mult ocl mod: 0.0790539
duration multTranspose ocl mod: 0.041508
duration mult ocl mod: 0.0784677
duration multTranspose ocl mod: 0.0405779
duration mult ocl mod: 0.0760517
duration multTranspose ocl mod: 0.0409298
duration mult ocl mod: 0.0777494
duration multTranspose ocl mod: 0.0417377
duration mult ocl mod: 0.0769743
duration multTranspose ocl mod: 0.0409706
duration mult ocl mod: 0.0798828
duration multTranspose ocl mod: 0.0408776
duration mult ocl mod: 0.0774433
duration multTranspose ocl mod: 0.04101
duration mult ocl mod: 0.0786287
duration multTranspose ocl mod: 0.0409929
duration mult ocl mod: 0.0779245
duration multTranspose ocl mod: 0.0410301
duration mult ocl mod: 0.0776045
duration multTranspose ocl mod: 0.04096
duration mult ocl mod: 0.0787756
duration multTranspose ocl mod: 0.0404646
duration mult ocl mod: 0.0775801
duration multTranspose ocl mod: 0.0408814
duration mult ocl mod: 0.0768125
duration multTranspose ocl mod: 0.0414809
duration mult ocl mod: 0.0771946
duration multTranspose ocl mod: 0.0413868
duration mult ocl mod: 0.0771262
duration multTranspose ocl mod: 0.0407735
duration mult ocl mod: 0.0772852
duration multTranspose ocl mod: 0.0414042
duration mult ocl mod: 0.0771315
duration multTranspose ocl mod: 0.0411611
duration mult ocl mod: 0.0783836
duration multTranspose ocl mod: 0.0409541
duration mult ocl mod: 0.078736
duration multTranspose ocl mod: 0.0414556
duration mult ocl mod: 0.0789427
duration multTranspose ocl mod: 0.0413158
duration mult ocl mod: 0.0766419
duration multTranspose ocl mod: 0.0468195
duration mult ocl mod: 0.0794472
duration multTranspose ocl mod: 0.0410779
duration mult ocl mod: 0.0771689
duration multTranspose ocl mod: 0.0421906
duration mult ocl mod: 0.0761412
duration multTranspose ocl mod: 0.0409511
duration mult ocl mod: 0.0780604
duration multTranspose ocl mod: 0.0413087
duration mult ocl mod: 0.0777293
duration multTranspose ocl mod: 0.0409385
duration mult ocl mod: 0.078284
duration multTranspose ocl mod: 0.0418873
duration mult ocl mod: 0.0771434
duration multTranspose ocl mod: 0.0410105
duration mult ocl mod: 0.07873
duration multTranspose ocl mod: 0.0404025
duration mult ocl mod: 0.07729
duration multTranspose ocl mod: 0.041048
duration mult ocl mod: 0.0762717
duration multTranspose ocl mod: 0.0409026
duration mult ocl mod: 0.077271
duration multTranspose ocl mod: 0.0403982
duration mult ocl mod: 0.0776132
duration multTranspose ocl mod: 0.0412744
duration mult ocl mod: 0.0772985
duration multTranspose ocl mod: 0.0417509
duration mult ocl mod: 0.077626
duration multTranspose ocl mod: 0.0409576
duration mult ocl mod: 0.0799281
duration multTranspose ocl mod: 0.041011
duration mult ocl mod: 0.0780024
duration multTranspose ocl mod: 0.0406501
duration mult ocl mod: 0.0771292
duration multTranspose ocl mod: 0.0408766
duration mult ocl mod: 0.0785256
duration multTranspose ocl mod: 0.0406657
duration mult ocl mod: 0.0783565
duration multTranspose ocl mod: 0.0412139
duration mult ocl mod: 0.0779928
duration multTranspose ocl mod: 0.0424883
duration mult ocl mod: 0.0784637
duration multTranspose ocl mod: 0.0405959
duration mult ocl mod: 0.0770227
duration multTranspose ocl mod: 0.0404489
duration mult ocl mod: 0.0757861
duration multTranspose ocl mod: 0.040353
duration mult ocl mod: 0.0771439
duration multTranspose ocl mod: 0.0405901
duration mult ocl mod: 0.0770812
duration multTranspose ocl mod: 0.0408971
duration mult ocl mod: 0.0770548
duration multTranspose ocl mod: 0.0404052
duration mult ocl mod: 0.0770495
duration multTranspose ocl mod: 0.0403387
duration mult ocl mod: 0.0767751
duration multTranspose ocl mod: 0.0403994
duration mult ocl mod: 0.0771319
duration multTranspose ocl mod: 0.0406226
duration mult ocl mod: 0.0770337
duration multTranspose ocl mod: 0.0403034
duration mult ocl mod: 0.0770401
duration multTranspose ocl mod: 0.0404351
duration mult ocl mod: 0.0771144
duration multTranspose ocl mod: 0.0403672
duration mult ocl mod: 0.077113
duration multTranspose ocl mod: 0.0403831
duration mult ocl mod: 0.0782409
duration multTranspose ocl mod: 0.040366
duration mult ocl mod: 0.0770654
duration multTranspose ocl mod: 0.0405059
duration mult ocl mod: 0.0782031
duration multTranspose ocl mod: 0.0405844
duration mult ocl mod: 0.0769249
duration multTranspose ocl mod: 0.0399752
duration mult ocl mod: 0.0789928
duration multTranspose ocl mod: 0.041449
duration mult ocl mod: 0.078389
duration multTranspose ocl mod: 0.0413814
duration mult ocl mod: 0.0775757
duration multTranspose ocl mod: 0.0412144
duration mult ocl mod: 0.0774031
duration multTranspose ocl mod: 0.0412912
duration mult ocl mod: 0.0774772
duration multTranspose ocl mod: 0.0412927
duration mult ocl mod: 0.0781643
duration multTranspose ocl mod: 0.0418485
duration mult ocl mod: 0.0765646
duration multTranspose ocl mod: 0.0412923
duration mult ocl mod: 0.0763862
duration multTranspose ocl mod: 0.041252
duration mult ocl mod: 0.0776226
duration multTranspose ocl mod: 0.0417441
duration mult ocl mod: 0.0786681
duration multTranspose ocl mod: 0.0412221
duration mult ocl mod: 0.0780065
duration multTranspose ocl mod: 0.0416802
duration mult ocl mod: 0.0797009
duration multTranspose ocl mod: 0.0425825
duration mult ocl mod: 0.0782084
duration multTranspose ocl mod: 0.0413802
duration mult ocl mod: 0.0782558
duration multTranspose ocl mod: 0.0416891
duration mult ocl mod: 0.0790679
duration multTranspose ocl mod: 0.0422586
duration mult ocl mod: 0.0779266
duration multTranspose ocl mod: 0.0409126
duration mult ocl mod: 0.0780732
duration multTranspose ocl mod: 0.0417109
duration mult ocl mod: 0.0783092
duration multTranspose ocl mod: 0.0413134
duration mult ocl mod: 0.078007
duration multTranspose ocl mod: 0.0411317
duration mult ocl mod: 0.0782444
duration multTranspose ocl mod: 0.0421958
duration mult ocl mod: 0.0766785
duration multTranspose ocl mod: 0.0409544
duration mult ocl mod: 0.076469
duration multTranspose ocl mod: 0.0409684
duration mult ocl mod: 0.0792951
duration multTranspose ocl mod: 0.0418373
duration mult ocl mod: 0.0778545
duration multTranspose ocl mod: 0.0412246
duration mult ocl mod: 0.0784695
duration multTranspose ocl mod: 0.0411284
duration mult ocl mod: 0.0794744
duration multTranspose ocl mod: 0.0413402
duration mult ocl mod: 0.0775298
duration multTranspose ocl mod: 0.0416851
duration mult ocl mod: 0.0775006
duration multTranspose ocl mod: 0.0414507
duration mult ocl mod: 0.0778972
duration multTranspose ocl mod: 0.0408388
duration mult ocl mod: 0.0778448
duration multTranspose ocl mod: 0.0415902
duration mult ocl mod: 0.0791252
duration multTranspose ocl mod: 0.0412653
duration mult ocl mod: 0.0765118
duration multTranspose ocl mod: 0.0412279
duration mult ocl mod: 0.07856
duration multTranspose ocl mod: 0.0415105
duration mult ocl mod: 0.0772262
duration multTranspose ocl mod: 0.0410438
duration mult ocl mod: 0.0775037
duration multTranspose ocl mod: 0.041999
duration mult ocl mod: 0.0787775
duration multTranspose ocl mod: 0.0415087
duration mult ocl mod: 0.078964
duration multTranspose ocl mod: 0.0411765
duration mult ocl mod: 0.0775386
duration multTranspose ocl mod: 0.0411277
duration mult ocl mod: 0.078487
duration multTranspose ocl mod: 0.0411047
duration mult ocl mod: 0.077864
duration multTranspose ocl mod: 0.0413209
duration mult ocl mod: 0.0774725
duration multTranspose ocl mod: 0.0405248
duration mult ocl mod: 0.0773458
duration multTranspose ocl mod: 0.041825
duration mult ocl mod: 0.077553
duration multTranspose ocl mod: 0.0411934
duration mult ocl mod: 0.0785131
duration multTranspose ocl mod: 0.0413036
duration mult ocl mod: 0.0778763
duration multTranspose ocl mod: 0.0408268
duration mult ocl mod: 0.0775087
duration multTranspose ocl mod: 0.0413239
duration mult ocl mod: 0.0790772
duration multTranspose ocl mod: 0.0412466
duration mult ocl mod: 0.0779385
duration multTranspose ocl mod: 0.0418647
duration mult ocl mod: 0.0784132
duration multTranspose ocl mod: 0.0422382
duration mult ocl mod: 0.0780609
duration multTranspose ocl mod: 0.0407352
duration mult ocl mod: 0.0776449
duration multTranspose ocl mod: 0.041698
duration mult ocl mod: 0.0768243
duration multTranspose ocl mod: 0.0418235
duration mult ocl mod: 0.0781406
duration multTranspose ocl mod: 0.0414079
duration mult ocl mod: 0.0781169
duration multTranspose ocl mod: 0.040921
duration mult ocl mod: 0.0784227
duration multTranspose ocl mod: 0.0418136
duration mult ocl mod: 0.0778978
duration multTranspose ocl mod: 0.0418203
duration mult ocl mod: 0.0796702
duration multTranspose ocl mod: 0.0412274
duration mult ocl mod: 0.079167
duration multTranspose ocl mod: 0.0410979
duration mult ocl mod: 0.0765103
duration multTranspose ocl mod: 0.0415933
duration mult ocl mod: 0.0774024
duration multTranspose ocl mod: 0.0421785
duration mult ocl mod: 0.0778609
duration multTranspose ocl mod: 0.0417401
duration mult ocl mod: 0.0774568
duration multTranspose ocl mod: 0.0407924
duration mult ocl mod: 0.0783197
duration multTranspose ocl mod: 0.0409801
duration mult ocl mod: 0.0777897
duration multTranspose ocl mod: 0.0417882
duration mult ocl mod: 0.0789503
duration multTranspose ocl mod: 0.0421679
duration mult ocl mod: 0.0775367
duration multTranspose ocl mod: 0.040702
duration mult ocl mod: 0.0785397
duration multTranspose ocl mod: 0.0412242
duration mult ocl mod: 0.0791511
duration multTranspose ocl mod: 0.0412667
duration mult ocl mod: 0.077867
duration multTranspose ocl mod: 0.0409548
duration mult ocl mod: 0.0791541
duration multTranspose ocl mod: 0.0411997
duration mult ocl mod: 0.0785364
duration multTranspose ocl mod: 0.0419185
duration mult ocl mod: 0.0765885
duration multTranspose ocl mod: 0.0411662
duration mult ocl mod: 0.0789058
duration multTranspose ocl mod: 0.041931
duration mult ocl mod: 0.0775291
duration multTranspose ocl mod: 0.0411896
duration mult ocl mod: 0.0779159
duration multTranspose ocl mod: 0.0421813
duration mult ocl mod: 0.0777833
duration multTranspose ocl mod: 0.0416488
duration mult ocl mod: 0.0781733
duration multTranspose ocl mod: 0.0415341
duration mult ocl mod: 0.0775864
duration multTranspose ocl mod: 0.0412798
duration mult ocl mod: 0.0782048
duration multTranspose ocl mod: 0.0413539
duration mult ocl mod: 0.076536
duration multTranspose ocl mod: 0.0411488
duration mult ocl mod: 0.0784051
duration multTranspose ocl mod: 0.0409996
duration mult ocl mod: 0.0774628
duration multTranspose ocl mod: 0.0413366
duration mult ocl mod: 0.0789836
duration multTranspose ocl mod: 0.0416716
duration mult ocl mod: 0.0794192
duration multTranspose ocl mod: 0.0414917
duration mult ocl mod: 0.0765808
duration multTranspose ocl mod: 0.0411074
duration mult ocl mod: 0.0778666
duration multTranspose ocl mod: 0.0413943
duration mult ocl mod: 0.0784522
duration multTranspose ocl mod: 0.041698
duration mult ocl mod: 0.0775954
duration multTranspose ocl mod: 0.0409675
duration mult ocl mod: 0.0769434
duration multTranspose ocl mod: 0.0420957
duration mult ocl mod: 0.076611
duration multTranspose ocl mod: 0.0411296
duration mult ocl mod: 0.0764568
duration multTranspose ocl mod: 0.0413715
duration mult ocl mod: 0.0775747
duration multTranspose ocl mod: 0.0415942
duration mult ocl mod: 0.078586
duration multTranspose ocl mod: 0.0412073
duration mult ocl mod: 0.0784431
duration multTranspose ocl mod: 0.0418838
duration mult ocl mod: 0.0771377
duration multTranspose ocl mod: 0.0415899
duration mult ocl mod: 0.0824041
duration multTranspose ocl mod: 0.0452498
duration mult ocl mod: 0.0766986
duration multTranspose ocl mod: 0.0418805
duration mult ocl mod: 0.0772746
duration multTranspose ocl mod: 0.0410865
duration mult ocl mod: 0.0765637
duration multTranspose ocl mod: 0.0413073
duration mult ocl mod: 0.0789324
duration multTranspose ocl mod: 0.0418356
duration mult ocl mod: 0.0783491
duration multTranspose ocl mod: 0.0414442
duration mult ocl mod: 0.0808684
duration multTranspose ocl mod: 0.0416819
duration mult ocl mod: 0.0782669
duration multTranspose ocl mod: 0.0416095
duration mult ocl mod: 0.0779725
duration multTranspose ocl mod: 0.0419095
duration mult ocl mod: 0.0775829
duration multTranspose ocl mod: 0.041464
duration mult ocl mod: 0.0776169
duration multTranspose ocl mod: 0.0414736
duration mult ocl mod: 0.078008
duration multTranspose ocl mod: 0.0420199
duration mult ocl mod: 0.0802769
duration multTranspose ocl mod: 0.0418613
duration mult ocl mod: 0.0776812
duration multTranspose ocl mod: 0.0411362
duration mult ocl mod: 0.0782006
duration multTranspose ocl mod: 0.0410048
duration mult ocl mod: 0.0791442
duration multTranspose ocl mod: 0.0411849
duration mult ocl mod: 0.0784534
duration multTranspose ocl mod: 0.0413348
duration mult ocl mod: 0.0780224
duration multTranspose ocl mod: 0.0408853
duration mult ocl mod: 0.0776244
duration multTranspose ocl mod: 0.0409048
duration mult ocl mod: 0.0781394
duration multTranspose ocl mod: 0.0412349
duration mult ocl mod: 0.0778314
duration multTranspose ocl mod: 0.0418696
duration mult ocl mod: 0.0793146
duration multTranspose ocl mod: 0.0427035
duration mult ocl mod: 0.0787851
duration multTranspose ocl mod: 0.0419299
duration mult ocl mod: 0.0788903
duration multTranspose ocl mod: 0.0412488
duration mult ocl mod: 0.0785423
duration multTranspose ocl mod: 0.0415684
duration mult ocl mod: 0.0771118
duration multTranspose ocl mod: 0.0416682
duration mult ocl mod: 0.0762662
duration multTranspose ocl mod: 0.0418746
duration mult ocl mod: 0.0778602
duration multTranspose ocl mod: 0.0412146
duration mult ocl mod: 0.077836
duration multTranspose ocl mod: 0.0419676
duration mult ocl mod: 0.0778622
duration multTranspose ocl mod: 0.0418831
duration mult ocl mod: 0.0765779
duration multTranspose ocl mod: 0.0411043
duration mult ocl mod: 0.0784284
duration multTranspose ocl mod: 0.0416083
duration mult ocl mod: 0.0781762
duration multTranspose ocl mod: 0.0414134
duration mult ocl mod: 0.0761857
duration multTranspose ocl mod: 0.0417299
duration mult ocl mod: 0.0771701
duration multTranspose ocl mod: 0.0412983
duration mult ocl mod: 0.0791067
duration multTranspose ocl mod: 0.0411755
duration mult ocl mod: 0.07936
duration multTranspose ocl mod: 0.040861
duration mult ocl mod: 0.0790167
duration multTranspose ocl mod: 0.0412419
duration mult ocl mod: 0.0766407
duration multTranspose ocl mod: 0.0414741
duration mult ocl mod: 0.0791344
duration multTranspose ocl mod: 0.0415575
duration mult ocl mod: 0.0781048
duration multTranspose ocl mod: 0.0413647
duration mult ocl mod: 0.076828
duration multTranspose ocl mod: 0.0407899
duration mult ocl mod: 0.0790122
duration multTranspose ocl mod: 0.0424492
duration mult ocl mod: 0.0765634
duration multTranspose ocl mod: 0.0411636
duration mult ocl mod: 0.077872
duration multTranspose ocl mod: 0.0417412
duration mult ocl mod: 0.0781234
duration multTranspose ocl mod: 0.042076
duration mult ocl mod: 0.0790661
duration multTranspose ocl mod: 0.0409864
duration mult ocl mod: 0.077252
duration multTranspose ocl mod: 0.0410704
duration mult ocl mod: 0.0783958
duration multTranspose ocl mod: 0.0415738
duration mult ocl mod: 0.0779114
duration multTranspose ocl mod: 0.0416963
duration mult ocl mod: 0.0777114
duration multTranspose ocl mod: 0.0413718
duration mult ocl mod: 0.0772502
duration multTranspose ocl mod: 0.0412906
duration mult ocl mod: 0.078544
duration multTranspose ocl mod: 0.0410396
duration mult ocl mod: 0.0777999
duration multTranspose ocl mod: 0.0414078
duration mult ocl mod: 0.0761705
duration multTranspose ocl mod: 0.0413131
duration mult ocl mod: 0.0774614
duration multTranspose ocl mod: 0.0412552
duration mult ocl mod: 0.0771937
duration multTranspose ocl mod: 0.0410629
duration mult ocl mod: 0.077589
duration multTranspose ocl mod: 0.0410477
duration mult ocl mod: 0.0777527
duration multTranspose ocl mod: 0.041219
duration mult ocl mod: 0.0765307
duration multTranspose ocl mod: 0.0420374
duration mult ocl mod: 0.0776504
duration multTranspose ocl mod: 0.04177
duration mult ocl mod: 0.0784258
duration multTranspose ocl mod: 0.0405732
duration mult ocl mod: 0.0779571
duration multTranspose ocl mod: 0.0412886
duration mult ocl mod: 0.0781917
duration multTranspose ocl mod: 0.0413829
duration mult ocl mod: 0.0791698
duration multTranspose ocl mod: 0.0411274
duration mult ocl mod: 0.0778579
duration multTranspose ocl mod: 0.0410747
duration mult ocl mod: 0.076658
duration multTranspose ocl mod: 0.041008
duration mult ocl mod: 0.0761518
duration multTranspose ocl mod: 0.04126
duration mult ocl mod: 0.078118
duration multTranspose ocl mod: 0.041708
duration mult ocl mod: 0.0783246
duration multTranspose ocl mod: 0.0413169
duration mult ocl mod: 0.0774606
duration multTranspose ocl mod: 0.0421276
duration mult ocl mod: 0.0784994
duration multTranspose ocl mod: 0.041853
duration mult ocl mod: 0.0780566
duration multTranspose ocl mod: 0.0416919
duration mult ocl mod: 0.0766207
duration multTranspose ocl mod: 0.0412474
duration mult ocl mod: 0.077142
duration multTranspose ocl mod: 0.0414242
duration mult ocl mod: 0.0797386
duration multTranspose ocl mod: 0.0413906
duration mult ocl mod: 0.0769538
duration multTranspose ocl mod: 0.041418
duration mult ocl mod: 0.0781006
duration multTranspose ocl mod: 0.0414542
duration mult ocl mod: 0.0781655
duration multTranspose ocl mod: 0.042086
duration mult ocl mod: 0.076711
duration multTranspose ocl mod: 0.0410893
duration mult ocl mod: 0.0775407
duration multTranspose ocl mod: 0.0408455
duration mult ocl mod: 0.0798884
duration multTranspose ocl mod: 0.0412303
duration mult ocl mod: 0.0791742
duration multTranspose ocl mod: 0.0412101
duration mult ocl mod: 0.0774895
duration multTranspose ocl mod: 0.0409915
duration mult ocl mod: 0.0778818
duration multTranspose ocl mod: 0.0420829
duration mult ocl mod: 0.0780705
duration multTranspose ocl mod: 0.0412662
duration mult ocl mod: 0.0778417
duration multTranspose ocl mod: 0.0411811
duration mult ocl mod: 0.0792971
duration multTranspose ocl mod: 0.0412525
duration mult ocl mod: 0.0784878
duration multTranspose ocl mod: 0.0414052
duration mult ocl mod: 0.0788195
duration multTranspose ocl mod: 0.041307
duration mult ocl mod: 0.0785044
duration multTranspose ocl mod: 0.0414173
duration mult ocl mod: 0.0784043
duration multTranspose ocl mod: 0.0413537
duration mult ocl mod: 0.0789383
duration multTranspose ocl mod: 0.0412625
duration mult ocl mod: 0.078156
duration multTranspose ocl mod: 0.042111
duration mult ocl mod: 0.0768523
duration multTranspose ocl mod: 0.0407209
duration mult ocl mod: 0.0776427
duration multTranspose ocl mod: 0.0416104
duration mult ocl mod: 0.0778253
duration multTranspose ocl mod: 0.0411929
duration mult ocl mod: 0.0787778
duration multTranspose ocl mod: 0.0414676
duration mult ocl mod: 0.0780892
duration multTranspose ocl mod: 0.0415348
duration mult ocl mod: 0.0784748
duration multTranspose ocl mod: 0.0414249
duration mult ocl mod: 0.0777788
duration multTranspose ocl mod: 0.0414962
duration mult ocl mod: 0.0777898
duration multTranspose ocl mod: 0.0418048
duration mult ocl mod: 0.0765493
duration multTranspose ocl mod: 0.0407107
duration mult ocl mod: 0.0783044
duration multTranspose ocl mod: 0.041672
duration mult ocl mod: 0.0785509
duration multTranspose ocl mod: 0.0411613
duration mult ocl mod: 0.0784612
duration multTranspose ocl mod: 0.0411449
duration mult ocl mod: 0.0765389
duration multTranspose ocl mod: 0.0410899
duration mult ocl mod: 0.076766
duration multTranspose ocl mod: 0.0412954
duration mult ocl mod: 0.0780758
duration multTranspose ocl mod: 0.0417297
duration mult ocl mod: 0.0784661
duration multTranspose ocl mod: 0.0412089
duration mult ocl mod: 0.0775498
duration multTranspose ocl mod: 0.0413318
duration mult ocl mod: 0.0782407
duration multTranspose ocl mod: 0.0418326
duration mult ocl mod: 0.0780053
duration multTranspose ocl mod: 0.0418325
duration mult ocl mod: 0.0783249
duration multTranspose ocl mod: 0.0418452
duration mult ocl mod: 0.0778347
duration multTranspose ocl mod: 0.0414577
duration mult ocl mod: 0.0778633
duration multTranspose ocl mod: 0.0411733
duration mult ocl mod: 0.0791435
duration multTranspose ocl mod: 0.0413346
duration mult ocl mod: 0.0784499
duration multTranspose ocl mod: 0.041319
duration mult ocl mod: 0.0782157
duration multTranspose ocl mod: 0.0413416
duration mult ocl mod: 0.0782086
duration multTranspose ocl mod: 0.0418575
duration mult ocl mod: 0.077908
duration multTranspose ocl mod: 0.0416574
duration mult ocl mod: 0.0788959
duration multTranspose ocl mod: 0.0412273
duration mult ocl mod: 0.0774904
duration multTranspose ocl mod: 0.0414574
duration mult ocl mod: 0.0785143
duration multTranspose ocl mod: 0.041505
duration mult ocl mod: 0.0763825
duration multTranspose ocl mod: 0.0408719
duration mult ocl mod: 0.0778246
duration multTranspose ocl mod: 0.0413616
duration mult ocl mod: 0.0766722
duration multTranspose ocl mod: 0.0413924
duration mult ocl mod: 0.078403
duration multTranspose ocl mod: 0.0406618
duration mult ocl mod: 0.0761948
duration multTranspose ocl mod: 0.0416537
duration mult ocl mod: 0.0779798
duration multTranspose ocl mod: 0.0411274
duration mult ocl mod: 0.0776491
duration multTranspose ocl mod: 0.0411008
duration mult ocl mod: 0.0778254
duration multTranspose ocl mod: 0.0414686
duration mult ocl mod: 0.0762808
duration multTranspose ocl mod: 0.0418362
duration mult ocl mod: 0.076416
duration multTranspose ocl mod: 0.0412894
duration mult ocl mod: 0.0784838
duration multTranspose ocl mod: 0.0413683
duration mult ocl mod: 0.0777054
duration multTranspose ocl mod: 0.0419987
duration mult ocl mod: 0.0774769
duration multTranspose ocl mod: 0.0408456
duration mult ocl mod: 0.0763661
duration multTranspose ocl mod: 0.0416988
duration mult ocl mod: 0.0806279
duration multTranspose ocl mod: 0.0419362
duration mult ocl mod: 0.0780951
duration multTranspose ocl mod: 0.0411834
duration mult ocl mod: 0.0778063
duration multTranspose ocl mod: 0.0412957
duration mult ocl mod: 0.0789316
duration multTranspose ocl mod: 0.0412737
duration mult ocl mod: 0.0779527
duration multTranspose ocl mod: 0.0414106
duration mult ocl mod: 0.0775178
duration multTranspose ocl mod: 0.041564
duration mult ocl mod: 0.0778564
duration multTranspose ocl mod: 0.041134
duration mult ocl mod: 0.0766332
duration multTranspose ocl mod: 0.0414307
duration mult ocl mod: 0.078098
duration multTranspose ocl mod: 0.0410084
duration mult ocl mod: 0.0781805
duration multTranspose ocl mod: 0.0411607
duration mult ocl mod: 0.0780732
duration multTranspose ocl mod: 0.0422322
duration mult ocl mod: 0.0783111
duration multTranspose ocl mod: 0.0414773
duration mult ocl mod: 0.0771316
duration multTranspose ocl mod: 0.0409844
duration mult ocl mod: 0.0776065
duration multTranspose ocl mod: 0.0412063
duration mult ocl mod: 0.079088
duration multTranspose ocl mod: 0.0416607
duration mult ocl mod: 0.0781578
duration multTranspose ocl mod: 0.0408659
duration mult ocl mod: 0.0795291
duration multTranspose ocl mod: 0.0412351
duration mult ocl mod: 0.0784699
duration multTranspose ocl mod: 0.0416723
duration mult ocl mod: 0.0776156
duration multTranspose ocl mod: 0.0418545
duration mult ocl mod: 0.079199
duration multTranspose ocl mod: 0.0406887
duration mult ocl mod: 0.0783116
duration multTranspose ocl mod: 0.0422208
duration mult ocl mod: 0.0778847
duration multTranspose ocl mod: 0.041168
duration mult ocl mod: 0.0777152
duration multTranspose ocl mod: 0.0418562
duration mult ocl mod: 0.0783123
duration multTranspose ocl mod: 0.0413094
duration mult ocl mod: 0.0770377
duration multTranspose ocl mod: 0.0420805
duration mult ocl mod: 0.077873
duration multTranspose ocl mod: 0.0416789
duration mult ocl mod: 0.0769047
duration multTranspose ocl mod: 0.0412099
duration mult ocl mod: 0.0784474
duration multTranspose ocl mod: 0.0414625
duration mult ocl mod: 0.0775932
duration multTranspose ocl mod: 0.0409324
duration mult ocl mod: 0.0782399
duration multTranspose ocl mod: 0.0413352
duration mult ocl mod: 0.0797358
duration multTranspose ocl mod: 0.0412301
duration mult ocl mod: 0.0778715
duration multTranspose ocl mod: 0.0418215
duration mult ocl mod: 0.077714
duration multTranspose ocl mod: 0.0412729
duration mult ocl mod: 0.0778769
duration multTranspose ocl mod: 0.0417845
duration mult ocl mod: 0.0799288
duration multTranspose ocl mod: 0.0409072
duration mult ocl mod: 0.0778051
duration multTranspose ocl mod: 0.0413529
duration mult ocl mod: 0.0781071
duration multTranspose ocl mod: 0.0409223
duration mult ocl mod: 0.0806128
duration multTranspose ocl mod: 0.0413368
duration mult ocl mod: 0.0793142
duration multTranspose ocl mod: 0.0418426
duration mult ocl mod: 0.078923
duration multTranspose ocl mod: 0.0413162
duration mult ocl mod: 0.0781843
duration multTranspose ocl mod: 0.0414147
duration mult ocl mod: 0.0779028
duration multTranspose ocl mod: 0.0415325
duration mult ocl mod: 0.0791396
duration multTranspose ocl mod: 0.0413761
duration mult ocl mod: 0.0775719
duration multTranspose ocl mod: 0.04193
duration mult ocl mod: 0.0791275
duration multTranspose ocl mod: 0.0422345
duration mult ocl mod: 0.077711
duration multTranspose ocl mod: 0.0409498
duration mult ocl mod: 0.0781778
duration multTranspose ocl mod: 0.0416823
duration mult ocl mod: 0.0777533
duration multTranspose ocl mod: 0.042047
duration mult ocl mod: 0.0775873
duration multTranspose ocl mod: 0.0414569
duration mult ocl mod: 0.0804547
duration multTranspose ocl mod: 0.0416904
duration mult ocl mod: 0.0766613
duration multTranspose ocl mod: 0.0412728
duration mult ocl mod: 0.077862
duration multTranspose ocl mod: 0.0413549
duration mult ocl mod: 0.07798
duration multTranspose ocl mod: 0.04088
duration mult ocl mod: 0.0784052
duration multTranspose ocl mod: 0.0412523
duration mult ocl mod: 0.078117
duration multTranspose ocl mod: 0.0413804
duration mult ocl mod: 0.0774678
duration multTranspose ocl mod: 0.0411091
duration mult ocl mod: 0.0792148
duration multTranspose ocl mod: 0.0414722
duration mult ocl mod: 0.0785172
duration multTranspose ocl mod: 0.0414833
duration mult ocl mod: 0.0773426
duration multTranspose ocl mod: 0.0408921
duration mult ocl mod: 0.0777831
duration multTranspose ocl mod: 0.0412415
duration mult ocl mod: 0.0777595
duration multTranspose ocl mod: 0.0412325
duration mult ocl mod: 0.0772492
duration multTranspose ocl mod: 0.0419343
duration mult ocl mod: 0.0782319
duration multTranspose ocl mod: 0.0406265
duration mult ocl mod: 0.0781639
duration multTranspose ocl mod: 0.0412625
duration mult ocl mod: 0.0774648
duration multTranspose ocl mod: 0.040679
duration mult ocl mod: 0.0786602
duration multTranspose ocl mod: 0.0410695
duration mult ocl mod: 0.0780651
duration multTranspose ocl mod: 0.0412357
duration mult ocl mod: 0.0777743
duration multTranspose ocl mod: 0.0415303
duration mult ocl mod: 0.0773692
duration multTranspose ocl mod: 0.041427
duration mult ocl mod: 0.0791323
duration multTranspose ocl mod: 0.041078
duration mult ocl mod: 0.0774839
duration multTranspose ocl mod: 0.0414041
duration mult ocl mod: 0.076175
duration multTranspose ocl mod: 0.0409953
duration mult ocl mod: 0.077933
duration multTranspose ocl mod: 0.0418869
duration mult ocl mod: 0.0776329
duration multTranspose ocl mod: 0.0414198
duration mult ocl mod: 0.078726
duration multTranspose ocl mod: 0.0411761
duration mult ocl mod: 0.0790226
duration multTranspose ocl mod: 0.041113
duration mult ocl mod: 0.0777015
duration multTranspose ocl mod: 0.0412624
duration mult ocl mod: 0.0772244
duration multTranspose ocl mod: 0.041296
duration mult ocl mod: 0.077556
duration multTranspose ocl mod: 0.042071
duration mult ocl mod: 0.0791475
duration multTranspose ocl mod: 0.0417469
duration mult ocl mod: 0.0806403
duration multTranspose ocl mod: 0.0412528
duration mult ocl mod: 0.0766435
duration multTranspose ocl mod: 0.0411247
duration mult ocl mod: 0.0767765
duration multTranspose ocl mod: 0.0411156
duration mult ocl mod: 0.0777852
duration multTranspose ocl mod: 0.0416572
duration mult ocl mod: 0.0790697
duration multTranspose ocl mod: 0.0412582
duration mult ocl mod: 0.0776021
duration multTranspose ocl mod: 0.0418257
duration mult ocl mod: 0.0788004
duration multTranspose ocl mod: 0.0413481
duration mult ocl mod: 0.0783963
duration multTranspose ocl mod: 0.0416449
duration mult ocl mod: 0.080725
duration multTranspose ocl mod: 0.0408349
duration mult ocl mod: 0.0777441
duration multTranspose ocl mod: 0.0411428
duration mult ocl mod: 0.0769222
duration multTranspose ocl mod: 0.0412477
duration mult ocl mod: 0.0768372
duration multTranspose ocl mod: 0.0409649
duration mult ocl mod: 0.079277
duration multTranspose ocl mod: 0.0415378
duration mult ocl mod: 0.0788376
duration multTranspose ocl mod: 0.0411288
duration mult ocl mod: 0.0780817
duration multTranspose ocl mod: 0.0408696
duration mult ocl mod: 0.0790129
duration multTranspose ocl mod: 0.0411669
duration mult ocl mod: 0.078585
duration multTranspose ocl mod: 0.0410563
duration mult ocl mod: 0.0772018
duration multTranspose ocl mod: 0.042347
duration mult ocl mod: 0.0778549
duration multTranspose ocl mod: 0.0411423
duration mult ocl mod: 0.0780048
duration multTranspose ocl mod: 0.0412215
duration mult ocl mod: 0.0783678
duration multTranspose ocl mod: 0.0411361
duration mult ocl mod: 0.0776551
duration multTranspose ocl mod: 0.0412548
duration mult ocl mod: 0.0779495
duration multTranspose ocl mod: 0.0418346

Needed Iterations: 500
Final residuum: 65436.8
note: performance calculation: coefficients are reused
note: performance calculation: iterations for calculation : 511.5
note: performance calculation: additional iteration for residual recalculation : 10

Current Duration:: 63.1913
Current GFlop/s: 9264.74

Finished Training!

Training took: 63.1913 seconds

computing MSE of test dataset
creating createOperationMultipleEval grid: Linear type: STREAMING==DEFAULT subType: OCLUNIFIED
OCL Info: 2 OpenCL platforms have been found
OCL Info: detected platform, name: "Intel(R) OpenCL"
OCL Info: detected platform vendor name: "Intel(R) Corporation"
OCL Info: detected platform, name: "NVIDIA CUDA"
OCL Info: detected platform vendor name: "NVIDIA Corporation"
OCL Info: using platform, name: "NVIDIA CUDA"
OCL Info: detected device, name: "GeForce GTX 1080 Ti"
OCL Info: using device, name: "GeForce GTX 1080 Ti"
OCL Info: detected device, name: "GeForce GTX 1080 Ti"
OCL Info: using device, name: "GeForce GTX 1080 Ti"
OCL Info: detected device, name: "GeForce GTX 1080 Ti"
OCL Info: detected device, name: "GeForce GTX 1080 Ti"
OCL Info: detected device, name: "GeForce GTX 1080 Ti"
OCL Info: detected device, name: "GeForce GTX 1080 Ti"
OCL Info: detected device, name: "GeForce GTX 1080 Ti"
OCL Info: detected device, name: "GeForce GTX 1080 Ti"
building with optimization flags: 
building with optimization flags: 
--- Begin Build Log ---


--- End Build Log ---
--- Begin Build Log ---


--- End Build Log ---
duration mult ocl mod: 0.110734
classes computed/predicted
mse: 0.000490238
total_duration: 70.3579
