training dataset: ../datasets/DR5/DR5_nowarnings_less05_train.arff
instances: 371908
support_refinement_min_support: 500
num_candidates: 1
candidates with support: 1
num_candidates: 10
candidates with support: 10
num_candidates: 60
candidates with support: 52
num_candidates: 236
candidates with support: 181
num_candidates: 706
candidates with support: 503
num_candidates: 1786
candidates with support: 1241
num_candidates: 4140
candidates with support: 2886
num_candidates: 9216
candidates with support: 6397
num_candidates: 19682
candidates with support: 13464
num_candidates: 40066
candidates with support: 26558
datadriven refinement done, grid size: 51293
creating createOperationMultipleEval type: DEFAULT, using base operator factory
creating createOperationMultipleEval type: DEFAULT, using base operator factory
Starting Learning....

Doing refinement: 0
Grid Size: 51293
Starting Conjugated Gradients
All temp variables used in CG have been initialized
Starting norm of residuum: -nan
Target norm:               0
.delta: 2.48387e+09
.delta: 2.08737e+08
.delta: 2.5682e+08
.delta: 1.26015e+08
.delta: 5.29509e+07
.delta: 4.9246e+07
.delta: 2.58437e+07
.delta: 1.90104e+07
.delta: 9.75989e+06
.delta: 5.87204e+06
.delta: 3.45669e+07
.delta: 7.42365e+06
.delta: 4.03077e+06
.delta: 4.36691e+06
.delta: 3.19895e+06
.delta: 1.53341e+06
.delta: 1.14858e+06
.delta: 1.24714e+06
.delta: 2.13524e+06
.delta: 1.07247e+06
.delta: 4.43158e+06
.delta: 2.76196e+06
.delta: 752396
.delta: 742729
.delta: 482877
.delta: 454429
.delta: 328235
.delta: 1.47608e+06
.delta: 310330
.delta: 8.50148e+06
.delta: 275992
.delta: 206407
.delta: 251209
.delta: 609878
.delta: 2.0692e+06
.delta: 209887
.delta: 561023
.delta: 222147
.delta: 683054
.delta: 619867
.delta: 345034
.delta: 196772
.delta: 104928
.delta: 161931
.delta: 364170
.delta: 133826
.delta: 369552
.delta: 1.33409e+06
.delta: 322906
.delta: 234505
.delta: 1.09575e+06
.delta: 166213
.delta: 104444
.delta: 871358
.delta: 96510.1
.delta: 90375.4
.delta: 234278
.delta: 1.70979e+06
.delta: 82562.5
.delta: 155567
.delta: 114056
.delta: 71288.6
.delta: 53712.9
.delta: 711337
.delta: 192840
.delta: 65570.7
.delta: 1.34987e+06
.delta: 292868
.delta: 131304
.delta: 133760
.delta: 272158
.delta: 164767
.delta: 64168.6
.delta: 57680.9
.delta: 71437.8
.delta: 91243.4
.delta: 1.14147e+06
.delta: 178013
.delta: 47422.5
.delta: 763168
.delta: 46246.3
.delta: 167484
.delta: 48352.5
.delta: 52468.6
.delta: 129985
.delta: 145207
.delta: 159524
.delta: 341369
.delta: 32417.3
.delta: 338356
.delta: 32387.9
.delta: 34998
.delta: 49592.2
.delta: 59674.8
.delta: 69355.9
.delta: 77597.2
.delta: 75043.3
.delta: 129943
.delta: 57669.7
.delta: 46959.3
.delta: 282437
.delta: 24380.9
.delta: 22864.6
.delta: 22636.3
.delta: 1.21848e+06
.delta: 138342
.delta: 35512.4
.delta: 78091.5
.delta: 178408
.delta: 142577
.delta: 33306.4
.delta: 58602.6
.delta: 37186.6
.delta: 55669.3
.delta: 45016.8
.delta: 360793
.delta: 33467.4
.delta: 96507.7
.delta: 39392.8
.delta: 20460.8
.delta: 32378.9
.delta: 18155.7
.delta: 218627
.delta: 31349.1
.delta: 687679
.delta: 26617.8
.delta: 69190.7
.delta: 25102.6
.delta: 63100.6
.delta: 51485.4
.delta: 16788.1
.delta: 31002.9
.delta: 218917
.delta: 42560.6
.delta: 48499.3
.delta: 32780.2
.delta: 66921.9
.delta: 15948.3
.delta: 232363
.delta: 18092.9
.delta: 22331.3
.delta: 31528.3
.delta: 23816.4
.delta: 217451
.delta: 57858.5
.delta: 9321.12
.delta: 92943.4
.delta: 61647
.delta: 14973.4
.delta: 86301.4
.delta: 16031.6
.delta: 12005.7
.delta: 616388
.delta: 217652
.delta: 17634.2
.delta: 49746.9
.delta: 19251.4
.delta: 19848.8
.delta: 13391.8
.delta: 21906.6
.delta: 15375.7
.delta: 587157
.delta: 20026.3
.delta: 20344.6
.delta: 72762.5
.delta: 16130.9
.delta: 12443.3
.delta: 57666.6
.delta: 43625.7
.delta: 48094.4
.delta: 9454.04
.delta: 178023
.delta: 19099.6
.delta: 30807.2
.delta: 13099.5
.delta: 48976.8
.delta: 6919.88
.delta: 55120.1
.delta: 26400.4
.delta: 33244.1
.delta: 258944
.delta: 13775.1
.delta: 55023.9
.delta: 51187.6
.delta: 36630.8
.delta: 8365.41
.delta: 38027.6
.delta: 15439.3
.delta: 8084.98
.delta: 76806.8
.delta: 247551
.delta: 24320.1
.delta: 7373.45
.delta: 8084.07
.delta: 23031.2
.delta: 35751.2
.delta: 18808.7
.delta: 14701.1
.delta: 11576.1
.delta: 170711
.delta: 11894.2
.delta: 10072
.delta: 21592.3
.delta: 6880.85
.delta: 28990.9
.delta: 10309.8
.delta: 30839.6
.delta: 55698.8
.delta: 7786
.delta: 32532.4
.delta: 33295.2
.delta: 29361.9
.delta: 11133.1
.delta: 33683.8
.delta: 50774.2
.delta: 43350.4
.delta: 8614.47
.delta: 13708.1
.delta: 124437
.delta: 21289.7
.delta: 4346.77
.delta: 4686.85
.delta: 13746.8
.delta: 4948
.delta: 26415.2
.delta: 13329
.delta: 56967.2
.delta: 153406
.delta: 4676.27
.delta: 20877.4
.delta: 19186.3
.delta: 11483.3
.delta: 5224.04
.delta: 11010
.delta: 9859.4
.delta: 32614.9
.delta: 20590.3
.delta: 9606.7
.delta: 16395.8
.delta: 3782.63
.delta: 71195.9
.delta: 37371.9
.delta: 21565.7
.delta: 7922.3
.delta: 15846.2
.delta: 103863
.delta: 8133.71
.delta: 8493.34
.delta: 9433.32
.delta: 4565.16
.delta: 27323
.delta: 6396.61
.delta: 6593.34
.delta: 40358.2
.delta: 33246.4
.delta: 8043.86
.delta: 84647.4
.delta: 3625.92
.delta: 79817.9
.delta: 11287.1
.delta: 6131.06
.delta: 6310.66
.delta: 14804.5
.delta: 46564.4
.delta: 9925.69
.delta: 6165.77
.delta: 7829.93
.delta: 11139.7
.delta: 2646.7
.delta: 24523.5
.delta: 113465
.delta: 3167.77
.delta: 61506.1
.delta: 7118.79
.delta: 25611.3
.delta: 24182.4
.delta: 4041.59
.delta: 12065.2
.delta: 4938.35
.delta: 6102.26
.delta: 5923.3
.delta: 8427.48
.delta: 13947.4
.delta: 3128.42
.delta: 32124.5
.delta: 5782.29
.delta: 5365.17
.delta: 26433.6
.delta: 6372.5
.delta: 8039.51
.delta: 70451
.delta: 11210.4
.delta: 16979.7
.delta: 6738.62
.delta: 3723.61
.delta: 8034.6
.delta: 13611.6
.delta: 4427.61
.delta: 3913.29
.delta: 6525.74

Number of iterations: 300 (max. 300)
Final norm of residuum: 6525.74
counted_mult_calls: 306

Needed Iterations: 300
Final residuum: 6525.74
note: performance calculation: coefficients are reused
note: performance calculation: iterations for calculation : 307.5
note: performance calculation: additional iteration for residual recalculation : 6
warning: cannot calculate GFLOPS for operation subtype

Current Duration:: 58128.5
Current GFlop/s: 0

Finished Training!

Training took: 58128.5 seconds

computing MSE of test dataset
creating createOperationMultipleEval type: DEFAULT, using base operator factory
classes computed/predicted
mse: 0.000489964
total_duration: 58311.6
