./datadriven/examplesOCL/regression_cmd --trainingFileName ../../DissertationCodeGTX/datasets/DR5/DR5_nowarnings_less05_train.arff --testFileName ../../DissertationCodeGTX/datasets/DR5/DR5_nowarnings_less05_test.arff --learnerMode LEARNTEST --grid.level 10 --lambda 1E-5 --grid.type ModLinear --verbose true --additionalConfig results_diss/DR5_scaling_ocl_float_gtx1080ti_8.cfg --operation.type STREAMING --operation.subType OCLUNIFIED --solverFinal.maxIterations 500 --solverFinal.eps 0 --isRegression true --adaptConfig.support_refinement_min_support 500 --adaptConfig.support_refinement_ocl_config results_diss/DR5_scaling_ocl_float_gtx1080ti_8.cfg --adaptConfig.use_support_refinement --do_dummy_ocl_init
OCL Info: 2 OpenCL platforms have been found
OCL Info: detected platform, name: "Intel(R) OpenCL"
OCL Info: detected platform vendor name: "Intel(R) Corporation"
OCL Info: platform not configured, skipping...
OCL Info: detected platform, name: "NVIDIA CUDA"
OCL Info: detected platform vendor name: "NVIDIA Corporation"
OCL Info: using platform, name: "NVIDIA CUDA"
OCL Info: platform device count: 8
OCL Info: detected device, name: "GeForce GTX 1080 Ti"
OCL Info: using device, name: "GeForce GTX 1080 Ti"
OCL Info: detected device, name: "GeForce GTX 1080 Ti"
OCL Info: using device, name: "GeForce GTX 1080 Ti"
OCL Info: detected device, name: "GeForce GTX 1080 Ti"
OCL Info: using device, name: "GeForce GTX 1080 Ti"
OCL Info: detected device, name: "GeForce GTX 1080 Ti"
OCL Info: using device, name: "GeForce GTX 1080 Ti"
OCL Info: detected device, name: "GeForce GTX 1080 Ti"
OCL Info: using device, name: "GeForce GTX 1080 Ti"
OCL Info: detected device, name: "GeForce GTX 1080 Ti"
OCL Info: using device, name: "GeForce GTX 1080 Ti"
OCL Info: detected device, name: "GeForce GTX 1080 Ti"
OCL Info: using device, name: "GeForce GTX 1080 Ti"
OCL Info: detected device, name: "GeForce GTX 1080 Ti"
OCL Info: using device, name: "GeForce GTX 1080 Ti"
ocl dummy initalization duration: 8.84946
instances: 371908
support_refinement_min_support: 500
OCL Info: 2 OpenCL platforms have been found
OCL Info: detected platform, name: "Intel(R) OpenCL"
OCL Info: detected platform vendor name: "Intel(R) Corporation"
OCL Info: platform not configured, skipping...
OCL Info: detected platform, name: "NVIDIA CUDA"
OCL Info: detected platform vendor name: "NVIDIA Corporation"
OCL Info: using platform, name: "NVIDIA CUDA"
OCL Info: platform device count: 8
OCL Info: detected device, name: "GeForce GTX 1080 Ti"
OCL Info: using device, name: "GeForce GTX 1080 Ti"
OCL Info: detected device, name: "GeForce GTX 1080 Ti"
OCL Info: using device, name: "GeForce GTX 1080 Ti"
OCL Info: detected device, name: "GeForce GTX 1080 Ti"
OCL Info: using device, name: "GeForce GTX 1080 Ti"
OCL Info: detected device, name: "GeForce GTX 1080 Ti"
OCL Info: using device, name: "GeForce GTX 1080 Ti"
OCL Info: detected device, name: "GeForce GTX 1080 Ti"
OCL Info: using device, name: "GeForce GTX 1080 Ti"
OCL Info: detected device, name: "GeForce GTX 1080 Ti"
OCL Info: using device, name: "GeForce GTX 1080 Ti"
OCL Info: detected device, name: "GeForce GTX 1080 Ti"
OCL Info: using device, name: "GeForce GTX 1080 Ti"
OCL Info: detected device, name: "GeForce GTX 1080 Ti"
OCL Info: using device, name: "GeForce GTX 1080 Ti"
ocl_init_duration: 2.65527
building kernel: verify_support
building with optimization flags: 
--- Build Log ---


building with optimization flags: 
--- Build Log ---


building with optimization flags: 
--- Build Log ---


building with optimization flags: 
--- Build Log ---


building with optimization flags: 
--- Build Log ---


building with optimization flags: 
--- Build Log ---


building with optimization flags: 
--- Build Log ---


building with optimization flags: 
--- Build Log ---


num_candidates: 1
num_candidates: 1 block_size: 128 num_candidates_per_device: 0
device: 7 range_padded: 128 range_start: 0 range_end: 1
duration (s): 0.30402
candidates with support: 1
num_candidates: 10
num_candidates: 10 block_size: 128 num_candidates_per_device: 1
device: 7 range_padded: 128 range_start: 0 range_end: 10
duration (s): 0.26502
candidates with support: 10
num_candidates: 60
num_candidates: 60 block_size: 128 num_candidates_per_device: 7
device: 7 range_padded: 128 range_start: 0 range_end: 60
duration (s): 0.265571
candidates with support: 52
num_candidates: 236
num_candidates: 236 block_size: 128 num_candidates_per_device: 29
device: 7 range_padded: 256 range_start: 0 range_end: 236
duration (s): 0.266639
candidates with support: 181
num_candidates: 706
num_candidates: 706 block_size: 128 num_candidates_per_device: 88
device: 7 range_padded: 768 range_start: 0 range_end: 706
duration (s): 0.270258
candidates with support: 503
num_candidates: 1786
num_candidates: 1786 block_size: 128 num_candidates_per_device: 223
device: 7 range_padded: 1792 range_start: 0 range_end: 1786
duration (s): 0.271203
candidates with support: 1241
num_candidates: 4140
num_candidates: 4140 block_size: 128 num_candidates_per_device: 517
device: device: device: device: device: device: 02 range_padded: 4 range_padded:  range_padded: 640 range_start: 36640 range_start: 1034 range_end: 1551
5 range_padded: 640 range_start: 2585 range_end: 3102
 range_padded: 640 range_start: 3102 range_end: 3619
device: 7 range_padded: 640 range_start: 3619 range_end: 4140
6400 range_end: device: 5171 range_padded:  range_start: 
640 range_start: 517 range_end: 1034
 range_padded: 640 range_start: 1551 range_end: 2068
2068 range_end: 2585
duration (s): 0.267006
duration (s): 0.29068
duration (s): 0.305718
duration (s): 0.319562
duration (s): 0.323753
duration (s): 0.322222
duration (s): 0.326126
duration (s): 0.324578
candidates with support: 2886
num_candidates: 9216
num_candidates: 9216 block_size: 128 num_candidates_per_device: 1152
device: 0 range_padded: 1152 range_start: device: device: 7 range_padded: device: 1152 range_start: 8064 range_end: 9216
device: 0 range_end: 1152
device: device: 3 range_padded: 1152 range_start: 34566 range_end: 46084
 range_padded:  range_padded: 1152 range_start: 6912 range_end: 8064
5 range_padded: 1152 range_start: 5760 range_end: 6912
1152 range_start: 4608 range_end: 5760
device: 1 range_padded: 1152 range_start: 1152 range_end: 2304
2 range_padded: 1152 range_start: 2304 range_end: 3456
duration (s): 0.265778
duration (s): 0.261979
duration (s): 0.266821
duration (s): 0.274601
duration (s): 0.273209
duration (s): 0.27005
duration (s): 0.271047
duration (s): 0.274872
candidates with support: 6397
num_candidates: 19682
num_candidates: 19682 block_size: 128 num_candidates_per_device: 2460
device: 0 range_padded: device: device: device: device: 2560device: device: 1 range_padded:  range_start: 507 range_end: 2560 range_padded: 62560 range_start: 17220 range_end:  range_padded: 2560 range_start: 1968214760 range_end: 
172202 range_padded: 2560 range_start: 4920 range_end: 7380
 range_start: 2460 range_end: 4920
2460 range_padded: 2560 range_start: 12300 range_end: 14760

device: 4 range_padded: 32560 range_padded: 
2560 range_start: 7380 range_end: 9840
 range_start: 9840 range_end: 12300
duration (s): 0.260116
duration (s): 0.26594
duration (s): 0.261386
duration (s): 0.263433
duration (s): 0.26696
duration (s): 0.279004
duration (s): 0.272167
duration (s): 0.283148
candidates with support: 13464
num_candidates: 40066
num_candidates: 40066 block_size: 128 num_candidates_per_device: 5008
device: 2 range_padded: 5120 range_start: 10016device: device: 7 range_end: 15024
3device: 1 range_padded: 5120 range_start: 5008 range_end: 10016
device: 6device:  range_padded: 5120 range_start: 30048 range_end: 35056
 range_padded: 5120 range_start: device: 1502440 range_padded: 5120 range_padded: 5120 range_start: 20032 range_end: 25040
 range_padded:  range_start: 51200 range_start:  range_end: 35056 range_end: 40066
 range_end: 5008
20032
device: 5 range_padded: 5120 range_start: 25040 range_end: 30048
duration (s): 0.271446
duration (s): 0.2737
duration (s): 0.277391
duration (s): 0.275649
duration (s): 0.282439
duration (s): 0.281636
duration (s): 0.285643
duration (s): 0.289964
candidates with support: 26558
datadriven refinement done, grid size: 51293
creating createOperationMultipleEval type: DEFAULT, using base operator factory
creating createOperationMultipleEval grid: Linear type: STREAMING==DEFAULT subType: OCLUNIFIED
OCL Info: 2 OpenCL platforms have been found
OCL Info: detected platform, name: "Intel(R) OpenCL"
OCL Info: detected platform vendor name: "Intel(R) Corporation"
OCL Info: detected platform, name: "NVIDIA CUDA"
OCL Info: detected platform vendor name: "NVIDIA Corporation"
OCL Info: using platform, name: "NVIDIA CUDA"
OCL Info: detected device, name: "GeForce GTX 1080 Ti"
OCL Info: using device, name: "GeForce GTX 1080 Ti"
OCL Info: detected device, name: "GeForce GTX 1080 Ti"
OCL Info: using device, name: "GeForce GTX 1080 Ti"
OCL Info: detected device, name: "GeForce GTX 1080 Ti"
OCL Info: using device, name: "GeForce GTX 1080 Ti"
OCL Info: detected device, name: "GeForce GTX 1080 Ti"
OCL Info: using device, name: "GeForce GTX 1080 Ti"
OCL Info: detected device, name: "GeForce GTX 1080 Ti"
OCL Info: using device, name: "GeForce GTX 1080 Ti"
OCL Info: detected device, name: "GeForce GTX 1080 Ti"
OCL Info: using device, name: "GeForce GTX 1080 Ti"
OCL Info: detected device, name: "GeForce GTX 1080 Ti"
OCL Info: using device, name: "GeForce GTX 1080 Ti"
OCL Info: detected device, name: "GeForce GTX 1080 Ti"
OCL Info: using device, name: "GeForce GTX 1080 Ti"
Starting Learning....

Doing refinement: 0
Grid Size: 51293
building with optimization flags: 
building with optimization flags: 
building with optimization flags: 
building with optimization flags: 
building with optimization flags: 
building with optimization flags: 
building with optimization flags: 
building with optimization flags: 
--- Begin Build Log ---


--- End Build Log ---
--- Begin Build Log ---


--- End Build Log ---
--- Begin Build Log ---


--- End Build Log ---
--- Begin Build Log ---


--- End Build Log ---
--- Begin Build Log ---


--- End Build Log ---
--- Begin Build Log ---


--- End Build Log ---
--- Begin Build Log ---


--- End Build Log ---
--- Begin Build Log ---


--- End Build Log ---
duration multTranspose ocl mod: 0.40245
building with optimization flags: 
building with optimization flags: 
building with optimization flags: 
building with optimization flags: 
building with optimization flags: 
building with optimization flags: 
building with optimization flags: 
building with optimization flags: 
--- Begin Build Log ---


--- End Build Log ---
--- Begin Build Log ---


--- End Build Log ---
--- Begin Build Log ---


--- End Build Log ---
--- Begin Build Log ---


--- End Build Log ---
--- Begin Build Log ---


--- End Build Log ---
--- Begin Build Log ---


--- End Build Log ---
--- Begin Build Log ---


--- End Build Log ---
--- Begin Build Log ---


--- End Build Log ---
duration mult ocl mod: 0.322215
duration multTranspose ocl mod: 0.0331347
duration mult ocl mod: 0.0303001
duration multTranspose ocl mod: 0.0352325
duration mult ocl mod: 0.0287305
duration multTranspose ocl mod: 0.0356573
duration mult ocl mod: 0.028971
duration multTranspose ocl mod: 0.0304625
duration mult ocl mod: 0.026735
duration multTranspose ocl mod: 0.0343251
duration mult ocl mod: 0.0287732
duration multTranspose ocl mod: 0.0323017
duration mult ocl mod: 0.0261367
duration multTranspose ocl mod: 0.0311341
duration mult ocl mod: 0.0253593
duration multTranspose ocl mod: 0.0355552
duration mult ocl mod: 0.0240758
duration multTranspose ocl mod: 0.037844
duration mult ocl mod: 0.026549
duration multTranspose ocl mod: 0.0364254
duration mult ocl mod: 0.0293981
duration multTranspose ocl mod: 0.0315993
duration mult ocl mod: 0.0248935
duration multTranspose ocl mod: 0.0384699
duration mult ocl mod: 0.0269133
duration multTranspose ocl mod: 0.0360847
duration mult ocl mod: 0.0265533
duration multTranspose ocl mod: 0.0361645
duration mult ocl mod: 0.0265039
duration multTranspose ocl mod: 0.0313442
duration mult ocl mod: 0.0259976
duration multTranspose ocl mod: 0.0345318
duration mult ocl mod: 0.0263215
duration multTranspose ocl mod: 0.0371131
duration mult ocl mod: 0.0267689
duration multTranspose ocl mod: 0.0309691
duration mult ocl mod: 0.0254982
duration multTranspose ocl mod: 0.0338903
duration mult ocl mod: 0.0257459
duration multTranspose ocl mod: 0.0344378
duration mult ocl mod: 0.025408
duration multTranspose ocl mod: 0.0292302
duration mult ocl mod: 0.0252638
duration multTranspose ocl mod: 0.0341915
duration mult ocl mod: 0.0254285
duration multTranspose ocl mod: 0.0354887
duration mult ocl mod: 0.0256959
duration multTranspose ocl mod: 0.0343699
duration mult ocl mod: 0.026359
duration multTranspose ocl mod: 0.0352325
duration mult ocl mod: 0.0257616
duration multTranspose ocl mod: 0.0355746
duration mult ocl mod: 0.0266349
duration multTranspose ocl mod: 0.0371879
duration mult ocl mod: 0.0259668
duration multTranspose ocl mod: 0.0299585
duration mult ocl mod: 0.0247838
duration multTranspose ocl mod: 0.0290041
duration mult ocl mod: 0.025108
duration multTranspose ocl mod: 0.0335889
duration mult ocl mod: 0.0255931
duration multTranspose ocl mod: 0.0342605
duration mult ocl mod: 0.0248788
duration multTranspose ocl mod: 0.0357164
duration mult ocl mod: 0.02685
duration multTranspose ocl mod: 0.0365109
duration mult ocl mod: 0.026921
duration multTranspose ocl mod: 0.0304527
duration mult ocl mod: 0.0253396
duration multTranspose ocl mod: 0.029228
duration mult ocl mod: 0.0252887
duration multTranspose ocl mod: 0.0333956
duration mult ocl mod: 0.0258109
duration multTranspose ocl mod: 0.0342405
duration mult ocl mod: 0.0258228
duration multTranspose ocl mod: 0.0338769
duration mult ocl mod: 0.0260456
duration multTranspose ocl mod: 0.0347364
duration mult ocl mod: 0.024745
duration multTranspose ocl mod: 0.0330998
duration mult ocl mod: 0.0256827
duration multTranspose ocl mod: 0.0333936
duration mult ocl mod: 0.0251106
duration multTranspose ocl mod: 0.0341635
duration mult ocl mod: 0.0249734
duration multTranspose ocl mod: 0.0315972
duration mult ocl mod: 0.0251739
duration multTranspose ocl mod: 0.0320958
duration mult ocl mod: 0.0251168
duration multTranspose ocl mod: 0.033418
duration mult ocl mod: 0.0238513
duration multTranspose ocl mod: 0.0277034
duration mult ocl mod: 0.024368
duration multTranspose ocl mod: 0.0338617
duration mult ocl mod: 0.0241844
duration multTranspose ocl mod: 0.0322843
duration mult ocl mod: 0.024818
duration multTranspose ocl mod: 0.0313758
duration mult ocl mod: 0.0247035
duration multTranspose ocl mod: 0.0263421
duration mult ocl mod: 0.0241438
duration multTranspose ocl mod: 0.0304632
duration mult ocl mod: 0.0243114
duration multTranspose ocl mod: 0.0314479
duration mult ocl mod: 0.0243787
duration multTranspose ocl mod: 0.0311208
duration mult ocl mod: 0.0241728
duration multTranspose ocl mod: 0.0304983
duration mult ocl mod: 0.0240667
duration multTranspose ocl mod: 0.034243
duration mult ocl mod: 0.0248284
duration multTranspose ocl mod: 0.0328092
duration mult ocl mod: 0.0244132
duration multTranspose ocl mod: 0.0293799
duration mult ocl mod: 0.0238429
duration multTranspose ocl mod: 0.031242
duration mult ocl mod: 0.0247757
duration multTranspose ocl mod: 0.0321988
duration mult ocl mod: 0.0243082
duration multTranspose ocl mod: 0.0323243
duration mult ocl mod: 0.0239172
duration multTranspose ocl mod: 0.0320213
duration mult ocl mod: 0.0242348
duration multTranspose ocl mod: 0.0314211
duration mult ocl mod: 0.0243792
duration multTranspose ocl mod: 0.0297926
duration mult ocl mod: 0.0239057
duration multTranspose ocl mod: 0.0303213
duration mult ocl mod: 0.024169
duration multTranspose ocl mod: 0.0260795
duration mult ocl mod: 0.0245603
duration multTranspose ocl mod: 0.03251
duration mult ocl mod: 0.0243749
duration multTranspose ocl mod: 0.0303577
duration mult ocl mod: 0.0236585
duration multTranspose ocl mod: 0.0313537
duration mult ocl mod: 0.0241125
duration multTranspose ocl mod: 0.0249136
duration mult ocl mod: 0.0242694
duration multTranspose ocl mod: 0.0324107
duration mult ocl mod: 0.0255443
duration multTranspose ocl mod: 0.0262468
duration mult ocl mod: 0.0240198
duration multTranspose ocl mod: 0.0328902
duration mult ocl mod: 0.0241817
duration multTranspose ocl mod: 0.0294197
duration mult ocl mod: 0.0242464
duration multTranspose ocl mod: 0.0317561
duration mult ocl mod: 0.0242768
duration multTranspose ocl mod: 0.0296754
duration mult ocl mod: 0.0238007
duration multTranspose ocl mod: 0.0312887
duration mult ocl mod: 0.0264593
duration multTranspose ocl mod: 0.0262457
duration mult ocl mod: 0.0238336
duration multTranspose ocl mod: 0.0293964
duration mult ocl mod: 0.024883
duration multTranspose ocl mod: 0.0292728
duration mult ocl mod: 0.0253017
duration multTranspose ocl mod: 0.0348603
duration mult ocl mod: 0.0269517
duration multTranspose ocl mod: 0.0358841
duration mult ocl mod: 0.0257949
duration multTranspose ocl mod: 0.0366862
duration mult ocl mod: 0.0253386
duration multTranspose ocl mod: 0.0325225
duration mult ocl mod: 0.0249791
duration multTranspose ocl mod: 0.0326837
duration mult ocl mod: 0.0249955
duration multTranspose ocl mod: 0.0317204
duration mult ocl mod: 0.0251591
duration multTranspose ocl mod: 0.0333683
duration mult ocl mod: 0.0256986
duration multTranspose ocl mod: 0.0343938
duration mult ocl mod: 0.024893
duration multTranspose ocl mod: 0.033371
duration mult ocl mod: 0.0254312
duration multTranspose ocl mod: 0.0351763
duration mult ocl mod: 0.025061
duration multTranspose ocl mod: 0.0333943
duration mult ocl mod: 0.0256604
duration multTranspose ocl mod: 0.0330144
duration mult ocl mod: 0.0258516
duration multTranspose ocl mod: 0.0351952
duration mult ocl mod: 0.0253736
duration multTranspose ocl mod: 0.0332039
duration mult ocl mod: 0.0252358
duration multTranspose ocl mod: 0.0339269
duration mult ocl mod: 0.025705
duration multTranspose ocl mod: 0.0351045
duration mult ocl mod: 0.0262825
duration multTranspose ocl mod: 0.0333044
duration mult ocl mod: 0.0257954
duration multTranspose ocl mod: 0.0347342
duration mult ocl mod: 0.025502
duration multTranspose ocl mod: 0.02862
duration mult ocl mod: 0.0254733
duration multTranspose ocl mod: 0.0296784
duration mult ocl mod: 0.0253699
duration multTranspose ocl mod: 0.0325631
duration mult ocl mod: 0.0250781
duration multTranspose ocl mod: 0.0272738
duration mult ocl mod: 0.024326
duration multTranspose ocl mod: 0.0315295
duration mult ocl mod: 0.0244467
duration multTranspose ocl mod: 0.0281769
duration mult ocl mod: 0.0245312
duration multTranspose ocl mod: 0.0354695
duration mult ocl mod: 0.0263353
duration multTranspose ocl mod: 0.0352654
duration mult ocl mod: 0.0259552
duration multTranspose ocl mod: 0.035958
duration mult ocl mod: 0.0256354
duration multTranspose ocl mod: 0.0320073
duration mult ocl mod: 0.0248777
duration multTranspose ocl mod: 0.0317045
duration mult ocl mod: 0.0251228
duration multTranspose ocl mod: 0.040656
duration mult ocl mod: 0.0247338
duration multTranspose ocl mod: 0.0312723
duration mult ocl mod: 0.0242405
duration multTranspose ocl mod: 0.0316589
duration mult ocl mod: 0.0246404
duration multTranspose ocl mod: 0.0308465
duration mult ocl mod: 0.0246241
duration multTranspose ocl mod: 0.03087
duration mult ocl mod: 0.024154
duration multTranspose ocl mod: 0.0299627
duration mult ocl mod: 0.0248946
duration multTranspose ocl mod: 0.0277139
duration mult ocl mod: 0.0250786
duration multTranspose ocl mod: 0.0352006
duration mult ocl mod: 0.0255194
duration multTranspose ocl mod: 0.0331307
duration mult ocl mod: 0.025013
duration multTranspose ocl mod: 0.0315342
duration mult ocl mod: 0.0249713
duration multTranspose ocl mod: 0.0333162
duration mult ocl mod: 0.0244506
duration multTranspose ocl mod: 0.0302662
duration mult ocl mod: 0.0253029
duration multTranspose ocl mod: 0.0310904
duration mult ocl mod: 0.0248874
duration multTranspose ocl mod: 0.0311401
duration mult ocl mod: 0.0241323
duration multTranspose ocl mod: 0.0309004
duration mult ocl mod: 0.0244876
duration multTranspose ocl mod: 0.0310175
duration mult ocl mod: 0.0267329
duration multTranspose ocl mod: 0.0318519
duration mult ocl mod: 0.0248664
duration multTranspose ocl mod: 0.0340949
duration mult ocl mod: 0.0257157
duration multTranspose ocl mod: 0.032496
duration mult ocl mod: 0.025625
duration multTranspose ocl mod: 0.0338839
duration mult ocl mod: 0.0263502
duration multTranspose ocl mod: 0.0271676
duration mult ocl mod: 0.0259106
duration multTranspose ocl mod: 0.0354192
duration mult ocl mod: 0.0273871
duration multTranspose ocl mod: 0.0303265
duration mult ocl mod: 0.0246513
duration multTranspose ocl mod: 0.0323135
duration mult ocl mod: 0.0244777
duration multTranspose ocl mod: 0.0336344
duration mult ocl mod: 0.0263853
duration multTranspose ocl mod: 0.0315946
duration mult ocl mod: 0.0241192
duration multTranspose ocl mod: 0.0321418
duration mult ocl mod: 0.0247522
duration multTranspose ocl mod: 0.0311034
duration mult ocl mod: 0.0242547
duration multTranspose ocl mod: 0.0333078
duration mult ocl mod: 0.0232905
duration multTranspose ocl mod: 0.0318007
duration mult ocl mod: 0.0239951
duration multTranspose ocl mod: 0.0295575
duration mult ocl mod: 0.0238802
duration multTranspose ocl mod: 0.0305251
duration mult ocl mod: 0.0235198
duration multTranspose ocl mod: 0.0300301
duration mult ocl mod: 0.0259145
duration multTranspose ocl mod: 0.0327398
duration mult ocl mod: 0.02604
duration multTranspose ocl mod: 0.0331379
duration mult ocl mod: 0.026884
duration multTranspose ocl mod: 0.0327528
duration mult ocl mod: 0.0255122
duration multTranspose ocl mod: 0.031134
duration mult ocl mod: 0.0242607
duration multTranspose ocl mod: 0.0269692
duration mult ocl mod: 0.0245173
duration multTranspose ocl mod: 0.0309421
duration mult ocl mod: 0.024747
duration multTranspose ocl mod: 0.031088
duration mult ocl mod: 0.024301
duration multTranspose ocl mod: 0.0319108
duration mult ocl mod: 0.0239864
duration multTranspose ocl mod: 0.0266261
duration mult ocl mod: 0.0241812
duration multTranspose ocl mod: 0.0318071
duration mult ocl mod: 0.0245817
duration multTranspose ocl mod: 0.0313649
duration mult ocl mod: 0.0244486
duration multTranspose ocl mod: 0.0307677
duration mult ocl mod: 0.0243277
duration multTranspose ocl mod: 0.0308514
duration mult ocl mod: 0.0247212
duration multTranspose ocl mod: 0.0264929
duration mult ocl mod: 0.0240197
duration multTranspose ocl mod: 0.0297238
duration mult ocl mod: 0.0246419
duration multTranspose ocl mod: 0.0309734
duration mult ocl mod: 0.0244125
duration multTranspose ocl mod: 0.0311515
duration mult ocl mod: 0.0245744
duration multTranspose ocl mod: 0.0323269
duration mult ocl mod: 0.0248173
duration multTranspose ocl mod: 0.0331217
duration mult ocl mod: 0.0241947
duration multTranspose ocl mod: 0.0352981
duration mult ocl mod: 0.0251361
duration multTranspose ocl mod: 0.0302235
duration mult ocl mod: 0.024282
duration multTranspose ocl mod: 0.0315472
duration mult ocl mod: 0.0241976
duration multTranspose ocl mod: 0.0302709
duration mult ocl mod: 0.0237293
duration multTranspose ocl mod: 0.0308408
duration mult ocl mod: 0.0243455
duration multTranspose ocl mod: 0.031894
duration mult ocl mod: 0.0243143
duration multTranspose ocl mod: 0.0305447
duration mult ocl mod: 0.0250326
duration multTranspose ocl mod: 0.0323069
duration mult ocl mod: 0.0256699
duration multTranspose ocl mod: 0.0353491
duration mult ocl mod: 0.0252877
duration multTranspose ocl mod: 0.0326433
duration mult ocl mod: 0.0248124
duration multTranspose ocl mod: 0.034182
duration mult ocl mod: 0.0255147
duration multTranspose ocl mod: 0.0283486
duration mult ocl mod: 0.0257546
duration multTranspose ocl mod: 0.0339533
duration mult ocl mod: 0.0250696
duration multTranspose ocl mod: 0.0347727
duration mult ocl mod: 0.0262319
duration multTranspose ocl mod: 0.0330245
duration mult ocl mod: 0.02475
duration multTranspose ocl mod: 0.0330152
duration mult ocl mod: 0.0252644
duration multTranspose ocl mod: 0.0329875
duration mult ocl mod: 0.0246153
duration multTranspose ocl mod: 0.0330076
duration mult ocl mod: 0.0250655
duration multTranspose ocl mod: 0.0338328
duration mult ocl mod: 0.0253717
duration multTranspose ocl mod: 0.0339359
duration mult ocl mod: 0.0248554
duration multTranspose ocl mod: 0.0285599
duration mult ocl mod: 0.0249796
duration multTranspose ocl mod: 0.0316393
duration mult ocl mod: 0.0257151
duration multTranspose ocl mod: 0.0330478
duration mult ocl mod: 0.0259668
duration multTranspose ocl mod: 0.0340628
duration mult ocl mod: 0.0257433
duration multTranspose ocl mod: 0.0333239
duration mult ocl mod: 0.0261227
duration multTranspose ocl mod: 0.0339104
duration mult ocl mod: 0.0251997
duration multTranspose ocl mod: 0.0329104
duration mult ocl mod: 0.0257116
duration multTranspose ocl mod: 0.0338843
duration mult ocl mod: 0.0254263
duration multTranspose ocl mod: 0.0371232
duration mult ocl mod: 0.0254804
duration multTranspose ocl mod: 0.0323807
duration mult ocl mod: 0.0249729
duration multTranspose ocl mod: 0.0332154
duration mult ocl mod: 0.0258015
duration multTranspose ocl mod: 0.0287034
duration mult ocl mod: 0.0256143
duration multTranspose ocl mod: 0.0284846
duration mult ocl mod: 0.0250626
duration multTranspose ocl mod: 0.0289148
duration mult ocl mod: 0.0248807
duration multTranspose ocl mod: 0.0329047
duration mult ocl mod: 0.0252268
duration multTranspose ocl mod: 0.0321049
duration mult ocl mod: 0.0252714
duration multTranspose ocl mod: 0.0322523
duration mult ocl mod: 0.0248799
duration multTranspose ocl mod: 0.0282601
duration mult ocl mod: 0.0251188
duration multTranspose ocl mod: 0.0331781
duration mult ocl mod: 0.0253816
duration multTranspose ocl mod: 0.0337048
duration mult ocl mod: 0.025049
duration multTranspose ocl mod: 0.0332255
duration mult ocl mod: 0.0256721
duration multTranspose ocl mod: 0.0279953
duration mult ocl mod: 0.0255182
duration multTranspose ocl mod: 0.0284347
duration mult ocl mod: 0.0253621
duration multTranspose ocl mod: 0.0351766
duration mult ocl mod: 0.0237294
duration multTranspose ocl mod: 0.0359042
duration mult ocl mod: 0.0250406
duration multTranspose ocl mod: 0.0302475
duration mult ocl mod: 0.0232716
duration multTranspose ocl mod: 0.0312173
duration mult ocl mod: 0.0235741
duration multTranspose ocl mod: 0.0309179
duration mult ocl mod: 0.0232994
duration multTranspose ocl mod: 0.0294791
duration mult ocl mod: 0.0246154
duration multTranspose ocl mod: 0.0321968
duration mult ocl mod: 0.0250986
duration multTranspose ocl mod: 0.0352218
duration mult ocl mod: 0.0247699
duration multTranspose ocl mod: 0.0316682
duration mult ocl mod: 0.0260032
duration multTranspose ocl mod: 0.0456278
duration mult ocl mod: 0.0256385
duration multTranspose ocl mod: 0.0338229
duration mult ocl mod: 0.0252389
duration multTranspose ocl mod: 0.0329213
duration mult ocl mod: 0.0252706
duration multTranspose ocl mod: 0.0335997
duration mult ocl mod: 0.025421
duration multTranspose ocl mod: 0.0330723
duration mult ocl mod: 0.025225
duration multTranspose ocl mod: 0.0328281
duration mult ocl mod: 0.0315618
duration multTranspose ocl mod: 0.0337934
duration mult ocl mod: 0.0262614
duration multTranspose ocl mod: 0.0335486
duration mult ocl mod: 0.0250992
duration multTranspose ocl mod: 0.0267726
duration mult ocl mod: 0.0240095
duration multTranspose ocl mod: 0.0318715
duration mult ocl mod: 0.0252244
duration multTranspose ocl mod: 0.0315323
duration mult ocl mod: 0.0247623
duration multTranspose ocl mod: 0.0313484
duration mult ocl mod: 0.0249481
duration multTranspose ocl mod: 0.0309636
duration mult ocl mod: 0.0247701
duration multTranspose ocl mod: 0.0330022
duration mult ocl mod: 0.0249645
duration multTranspose ocl mod: 0.0316793
duration mult ocl mod: 0.0242455
duration multTranspose ocl mod: 0.0265951
duration mult ocl mod: 0.0266211
duration multTranspose ocl mod: 0.0310604
duration mult ocl mod: 0.0258326
duration multTranspose ocl mod: 0.0339931
duration mult ocl mod: 0.0252547
duration multTranspose ocl mod: 0.0332839
duration mult ocl mod: 0.0243491
duration multTranspose ocl mod: 0.0304097
duration mult ocl mod: 0.0266986
duration multTranspose ocl mod: 0.032192
duration mult ocl mod: 0.024111
duration multTranspose ocl mod: 0.0265382
duration mult ocl mod: 0.0241708
duration multTranspose ocl mod: 0.0302722
duration mult ocl mod: 0.0239795
duration multTranspose ocl mod: 0.0259647
duration mult ocl mod: 0.0237433
duration multTranspose ocl mod: 0.0313406
duration mult ocl mod: 0.0243618
duration multTranspose ocl mod: 0.0307777
duration mult ocl mod: 0.0257484
duration multTranspose ocl mod: 0.0313789
duration mult ocl mod: 0.0242438
duration multTranspose ocl mod: 0.0366776
duration mult ocl mod: 0.0242054
duration multTranspose ocl mod: 0.0307933
duration mult ocl mod: 0.0254779
duration multTranspose ocl mod: 0.0366348
duration mult ocl mod: 0.024282
duration multTranspose ocl mod: 0.0274124
duration mult ocl mod: 0.026066
duration multTranspose ocl mod: 0.0320673
duration mult ocl mod: 0.0289947
duration multTranspose ocl mod: 0.0370191
duration mult ocl mod: 0.0290611
duration multTranspose ocl mod: 0.0285306
duration mult ocl mod: 0.0248097
duration multTranspose ocl mod: 0.0278699
duration mult ocl mod: 0.024839
duration multTranspose ocl mod: 0.0313269
duration mult ocl mod: 0.0254775
duration multTranspose ocl mod: 0.0341288
duration mult ocl mod: 0.0258471
duration multTranspose ocl mod: 0.0318731
duration mult ocl mod: 0.025348
duration multTranspose ocl mod: 0.0333375
duration mult ocl mod: 0.0252703
duration multTranspose ocl mod: 0.0347027
duration mult ocl mod: 0.0238068
duration multTranspose ocl mod: 0.0302261
duration mult ocl mod: 0.0249166
duration multTranspose ocl mod: 0.0314586
duration mult ocl mod: 0.0236617
duration multTranspose ocl mod: 0.0310713
duration mult ocl mod: 0.0239774
duration multTranspose ocl mod: 0.0316499
duration mult ocl mod: 0.0284917
duration multTranspose ocl mod: 0.0331361
duration mult ocl mod: 0.0246571
duration multTranspose ocl mod: 0.0322034
duration mult ocl mod: 0.0238922
duration multTranspose ocl mod: 0.0299315
duration mult ocl mod: 0.023838
duration multTranspose ocl mod: 0.0302822
duration mult ocl mod: 0.0242462
duration multTranspose ocl mod: 0.0293573
duration mult ocl mod: 0.0239463
duration multTranspose ocl mod: 0.0329217
duration mult ocl mod: 0.0252554
duration multTranspose ocl mod: 0.0335812
duration mult ocl mod: 0.0259492
duration multTranspose ocl mod: 0.0328048
duration mult ocl mod: 0.0250174
duration multTranspose ocl mod: 0.0314182
duration mult ocl mod: 0.0253797
duration multTranspose ocl mod: 0.0280312
duration mult ocl mod: 0.0252038
duration multTranspose ocl mod: 0.032018
duration mult ocl mod: 0.0247178
duration multTranspose ocl mod: 0.0309003
duration mult ocl mod: 0.0248244
duration multTranspose ocl mod: 0.0261369
duration mult ocl mod: 0.024591
duration multTranspose ocl mod: 0.0327165
duration mult ocl mod: 0.0289815
duration multTranspose ocl mod: 0.0346762
duration mult ocl mod: 0.0254745
duration multTranspose ocl mod: 0.0328755
duration mult ocl mod: 0.0255343
duration multTranspose ocl mod: 0.0349288
duration mult ocl mod: 0.0251078
duration multTranspose ocl mod: 0.0324593
duration mult ocl mod: 0.0250128
duration multTranspose ocl mod: 0.034973
duration mult ocl mod: 0.0252162
duration multTranspose ocl mod: 0.0323375
duration mult ocl mod: 0.0258365
duration multTranspose ocl mod: 0.0328086
duration mult ocl mod: 0.0255255
duration multTranspose ocl mod: 0.0285294
duration mult ocl mod: 0.024794
duration multTranspose ocl mod: 0.0342534
duration mult ocl mod: 0.0250445
duration multTranspose ocl mod: 0.0327778
duration mult ocl mod: 0.0274107
duration multTranspose ocl mod: 0.0323016
duration mult ocl mod: 0.0249881
duration multTranspose ocl mod: 0.0277148
duration mult ocl mod: 0.024705
duration multTranspose ocl mod: 0.0323638
duration mult ocl mod: 0.0243065
duration multTranspose ocl mod: 0.0281379
duration mult ocl mod: 0.0253055
duration multTranspose ocl mod: 0.0325424
duration mult ocl mod: 0.0248898
duration multTranspose ocl mod: 0.0339553
duration mult ocl mod: 0.026852
duration multTranspose ocl mod: 0.0359548
duration mult ocl mod: 0.0261237
duration multTranspose ocl mod: 0.0335907
duration mult ocl mod: 0.0266038
duration multTranspose ocl mod: 0.0374641
duration mult ocl mod: 0.0274812
duration multTranspose ocl mod: 0.032821
duration mult ocl mod: 0.0246232
duration multTranspose ocl mod: 0.0344886
duration mult ocl mod: 0.0255417
duration multTranspose ocl mod: 0.0320711
duration mult ocl mod: 0.025774
duration multTranspose ocl mod: 0.0278697
duration mult ocl mod: 0.0241059
duration multTranspose ocl mod: 0.0334743
duration mult ocl mod: 0.0247628
duration multTranspose ocl mod: 0.0329312
duration mult ocl mod: 0.0254688
duration multTranspose ocl mod: 0.0336818
duration mult ocl mod: 0.0242512
duration multTranspose ocl mod: 0.0268541
duration mult ocl mod: 0.0241498
duration multTranspose ocl mod: 0.0313022
duration mult ocl mod: 0.0241063
duration multTranspose ocl mod: 0.026521
duration mult ocl mod: 0.0239947
duration multTranspose ocl mod: 0.0317466
duration mult ocl mod: 0.0241587
duration multTranspose ocl mod: 0.0317272
duration mult ocl mod: 0.0242581
duration multTranspose ocl mod: 0.0301223
duration mult ocl mod: 0.0250244
duration multTranspose ocl mod: 0.0314138
duration mult ocl mod: 0.0242501
duration multTranspose ocl mod: 0.0302187
duration mult ocl mod: 0.0250327
duration multTranspose ocl mod: 0.0303213
duration mult ocl mod: 0.024006
duration multTranspose ocl mod: 0.0310266
duration mult ocl mod: 0.0238913
duration multTranspose ocl mod: 0.0269168
duration mult ocl mod: 0.0244553
duration multTranspose ocl mod: 0.0308777
duration mult ocl mod: 0.0250331
duration multTranspose ocl mod: 0.0263781
duration mult ocl mod: 0.0238606
duration multTranspose ocl mod: 0.0303031
duration mult ocl mod: 0.0243828
duration multTranspose ocl mod: 0.0372937
duration mult ocl mod: 0.0290579
duration multTranspose ocl mod: 0.0311399
duration mult ocl mod: 0.0242764
duration multTranspose ocl mod: 0.0306556
duration mult ocl mod: 0.0233483
duration multTranspose ocl mod: 0.0329102
duration mult ocl mod: 0.0249588
duration multTranspose ocl mod: 0.0324378
duration mult ocl mod: 0.0245904
duration multTranspose ocl mod: 0.032048
duration mult ocl mod: 0.0246462
duration multTranspose ocl mod: 0.0332931
duration mult ocl mod: 0.0254451
duration multTranspose ocl mod: 0.0326824
duration mult ocl mod: 0.0246573
duration multTranspose ocl mod: 0.0328803
duration mult ocl mod: 0.026281
duration multTranspose ocl mod: 0.0313842
duration mult ocl mod: 0.0255019
duration multTranspose ocl mod: 0.0334082
duration mult ocl mod: 0.0251145
duration multTranspose ocl mod: 0.0283748
duration mult ocl mod: 0.02511
duration multTranspose ocl mod: 0.0335405
duration mult ocl mod: 0.0256548
duration multTranspose ocl mod: 0.0341099
duration mult ocl mod: 0.0252223
duration multTranspose ocl mod: 0.0328361
duration mult ocl mod: 0.025384
duration multTranspose ocl mod: 0.033124
duration mult ocl mod: 0.0249437
duration multTranspose ocl mod: 0.0336268
duration mult ocl mod: 0.0255854
duration multTranspose ocl mod: 0.0333083
duration mult ocl mod: 0.02515
duration multTranspose ocl mod: 0.0334702
duration mult ocl mod: 0.0253479
duration multTranspose ocl mod: 0.0331427
duration mult ocl mod: 0.0250752
duration multTranspose ocl mod: 0.0328477
duration mult ocl mod: 0.0255154
duration multTranspose ocl mod: 0.0331141
duration mult ocl mod: 0.02474
duration multTranspose ocl mod: 0.0323474
duration mult ocl mod: 0.0251892
duration multTranspose ocl mod: 0.0324675
duration mult ocl mod: 0.0250271
duration multTranspose ocl mod: 0.0322865
duration mult ocl mod: 0.0249422
duration multTranspose ocl mod: 0.0308439
duration mult ocl mod: 0.0240699
duration multTranspose ocl mod: 0.0536769
duration mult ocl mod: 0.0246708
duration multTranspose ocl mod: 0.0309372
duration mult ocl mod: 0.0243588
duration multTranspose ocl mod: 0.0306821
duration mult ocl mod: 0.0243136
duration multTranspose ocl mod: 0.031221
duration mult ocl mod: 0.0245462
duration multTranspose ocl mod: 0.0314356
duration mult ocl mod: 0.0241832
duration multTranspose ocl mod: 0.0307706
duration mult ocl mod: 0.0239551
duration multTranspose ocl mod: 0.0299939
duration mult ocl mod: 0.0261804
duration multTranspose ocl mod: 0.0347367
duration mult ocl mod: 0.0251571
duration multTranspose ocl mod: 0.0315065
duration mult ocl mod: 0.0246487
duration multTranspose ocl mod: 0.0271504
duration mult ocl mod: 0.0238783
duration multTranspose ocl mod: 0.0316895
duration mult ocl mod: 0.0249056
duration multTranspose ocl mod: 0.030749
duration mult ocl mod: 0.0244834
duration multTranspose ocl mod: 0.0309444
duration mult ocl mod: 0.023951
duration multTranspose ocl mod: 0.0311715
duration mult ocl mod: 0.0241617
duration multTranspose ocl mod: 0.0313373
duration mult ocl mod: 0.0249524
duration multTranspose ocl mod: 0.0262168
duration mult ocl mod: 0.0244208
duration multTranspose ocl mod: 0.0315383
duration mult ocl mod: 0.0236965
duration multTranspose ocl mod: 0.0316223
duration mult ocl mod: 0.0242968
duration multTranspose ocl mod: 0.0261988
duration mult ocl mod: 0.023634
duration multTranspose ocl mod: 0.0267745
duration mult ocl mod: 0.0242219
duration multTranspose ocl mod: 0.032636
duration mult ocl mod: 0.0244875
duration multTranspose ocl mod: 0.02923
duration mult ocl mod: 0.0232352
duration multTranspose ocl mod: 0.0309081
duration mult ocl mod: 0.0239292
duration multTranspose ocl mod: 0.0313865
duration mult ocl mod: 0.0252012
duration multTranspose ocl mod: 0.0281457
duration mult ocl mod: 0.0250275
duration multTranspose ocl mod: 0.0321287
duration mult ocl mod: 0.0255023
duration multTranspose ocl mod: 0.0288943
duration mult ocl mod: 0.0256404
duration multTranspose ocl mod: 0.0343468
duration mult ocl mod: 0.0296097
duration multTranspose ocl mod: 0.0361094
duration mult ocl mod: 0.0257843
duration multTranspose ocl mod: 0.0315928
duration mult ocl mod: 0.0252223
duration multTranspose ocl mod: 0.0278813
duration mult ocl mod: 0.0256014
duration multTranspose ocl mod: 0.0331886
duration mult ocl mod: 0.024478
duration multTranspose ocl mod: 0.0335907
duration mult ocl mod: 0.0247629
duration multTranspose ocl mod: 0.0320296
duration mult ocl mod: 0.0250643
duration multTranspose ocl mod: 0.0312658
duration mult ocl mod: 0.0242214
duration multTranspose ocl mod: 0.0326077
duration mult ocl mod: 0.0241478
duration multTranspose ocl mod: 0.0307534
duration mult ocl mod: 0.025266
duration multTranspose ocl mod: 0.0325288
duration mult ocl mod: 0.0279517
duration multTranspose ocl mod: 0.0357633
duration mult ocl mod: 0.0260959
duration multTranspose ocl mod: 0.0326852
duration mult ocl mod: 0.0248323
duration multTranspose ocl mod: 0.0342627
duration mult ocl mod: 0.0251357
duration multTranspose ocl mod: 0.0319127
duration mult ocl mod: 0.0261251
duration multTranspose ocl mod: 0.0308454
duration mult ocl mod: 0.0254208
duration multTranspose ocl mod: 0.0311189
duration mult ocl mod: 0.0249094
duration multTranspose ocl mod: 0.0318776
duration mult ocl mod: 0.0239185
duration multTranspose ocl mod: 0.0319065
duration mult ocl mod: 0.0244912
duration multTranspose ocl mod: 0.0315713
duration mult ocl mod: 0.0245746
duration multTranspose ocl mod: 0.0310688
duration mult ocl mod: 0.0254257
duration multTranspose ocl mod: 0.033161
duration mult ocl mod: 0.0251549
duration multTranspose ocl mod: 0.0285799
duration mult ocl mod: 0.0249726
duration multTranspose ocl mod: 0.0335751
duration mult ocl mod: 0.0264166
duration multTranspose ocl mod: 0.0355997
duration mult ocl mod: 0.0256704
duration multTranspose ocl mod: 0.0360339
duration mult ocl mod: 0.0270601
duration multTranspose ocl mod: 0.03497
duration mult ocl mod: 0.0257313
duration multTranspose ocl mod: 0.0334548
duration mult ocl mod: 0.0256048
duration multTranspose ocl mod: 0.033506
duration mult ocl mod: 0.0253381
duration multTranspose ocl mod: 0.0326652
duration mult ocl mod: 0.0256902
duration multTranspose ocl mod: 0.0348531
duration mult ocl mod: 0.026165
duration multTranspose ocl mod: 0.028128
duration mult ocl mod: 0.0263931
duration multTranspose ocl mod: 0.0356605
duration mult ocl mod: 0.0253256
duration multTranspose ocl mod: 0.0329406
duration mult ocl mod: 0.0253753
duration multTranspose ocl mod: 0.0342266
duration mult ocl mod: 0.0248838
duration multTranspose ocl mod: 0.0286012
duration mult ocl mod: 0.025451
duration multTranspose ocl mod: 0.0325372
duration mult ocl mod: 0.0252399
duration multTranspose ocl mod: 0.0277751
duration mult ocl mod: 0.0250472
duration multTranspose ocl mod: 0.0319783
duration mult ocl mod: 0.0257402
duration multTranspose ocl mod: 0.0328715
duration mult ocl mod: 0.0255222
duration multTranspose ocl mod: 0.0329716
duration mult ocl mod: 0.0249001
duration multTranspose ocl mod: 0.0339148
duration mult ocl mod: 0.0257645
duration multTranspose ocl mod: 0.0341058
duration mult ocl mod: 0.0247131
duration multTranspose ocl mod: 0.0323273
duration mult ocl mod: 0.0260439
duration multTranspose ocl mod: 0.0364228
duration mult ocl mod: 0.0264909
duration multTranspose ocl mod: 0.0348492
duration mult ocl mod: 0.026723
duration multTranspose ocl mod: 0.0342008
duration mult ocl mod: 0.0262147
duration multTranspose ocl mod: 0.0354836
duration mult ocl mod: 0.0256943
duration multTranspose ocl mod: 0.0370502
duration mult ocl mod: 0.025818
duration multTranspose ocl mod: 0.0323963
duration mult ocl mod: 0.025965
duration multTranspose ocl mod: 0.0342192
duration mult ocl mod: 0.0246064
duration multTranspose ocl mod: 0.0339441
duration mult ocl mod: 0.0262849
duration multTranspose ocl mod: 0.0326479
duration mult ocl mod: 0.0248114
duration multTranspose ocl mod: 0.0326976
duration mult ocl mod: 0.0252155
duration multTranspose ocl mod: 0.0334206
duration mult ocl mod: 0.0254653
duration multTranspose ocl mod: 0.0329234
duration mult ocl mod: 0.0248813
duration multTranspose ocl mod: 0.0272567
duration mult ocl mod: 0.0239767
duration multTranspose ocl mod: 0.0311106
duration mult ocl mod: 0.0241317
duration multTranspose ocl mod: 0.0311302
duration mult ocl mod: 0.0239833
duration multTranspose ocl mod: 0.0304601
duration mult ocl mod: 0.0244044
duration multTranspose ocl mod: 0.0310536
duration mult ocl mod: 0.0240217
duration multTranspose ocl mod: 0.034007
duration mult ocl mod: 0.026119
duration multTranspose ocl mod: 0.0339731
duration mult ocl mod: 0.0248329
duration multTranspose ocl mod: 0.0329541
duration mult ocl mod: 0.0240015
duration multTranspose ocl mod: 0.031118
duration mult ocl mod: 0.0241902
duration multTranspose ocl mod: 0.0326363
duration mult ocl mod: 0.0242536
duration multTranspose ocl mod: 0.0265635
duration mult ocl mod: 0.025444
duration multTranspose ocl mod: 0.0317081
duration mult ocl mod: 0.0235916
duration multTranspose ocl mod: 0.0311208
duration mult ocl mod: 0.0266294
duration multTranspose ocl mod: 0.0312216
duration mult ocl mod: 0.0257476
duration multTranspose ocl mod: 0.0312819
duration mult ocl mod: 0.0242979
duration multTranspose ocl mod: 0.0303553
duration mult ocl mod: 0.024314
duration multTranspose ocl mod: 0.035908
duration mult ocl mod: 0.0237994
duration multTranspose ocl mod: 0.0272882
duration mult ocl mod: 0.0259389
duration multTranspose ocl mod: 0.0316438
duration mult ocl mod: 0.024051
duration multTranspose ocl mod: 0.0312062
duration mult ocl mod: 0.0239248
duration multTranspose ocl mod: 0.0309025
duration mult ocl mod: 0.0245527
duration multTranspose ocl mod: 0.030681
duration mult ocl mod: 0.0242937
duration multTranspose ocl mod: 0.0307798
duration mult ocl mod: 0.0242334
duration multTranspose ocl mod: 0.0299465
duration mult ocl mod: 0.024407
duration multTranspose ocl mod: 0.0309567
duration mult ocl mod: 0.0241845
duration multTranspose ocl mod: 0.0263823
duration mult ocl mod: 0.0244032
duration multTranspose ocl mod: 0.0325568
duration mult ocl mod: 0.0244563
duration multTranspose ocl mod: 0.0306731
duration mult ocl mod: 0.0241891
duration multTranspose ocl mod: 0.0313207
duration mult ocl mod: 0.0247872
duration multTranspose ocl mod: 0.0309373
duration mult ocl mod: 0.0237317
duration multTranspose ocl mod: 0.0308314
duration mult ocl mod: 0.023899
duration multTranspose ocl mod: 0.0309036
duration mult ocl mod: 0.0239787
duration multTranspose ocl mod: 0.0312026
duration mult ocl mod: 0.0238359
duration multTranspose ocl mod: 0.0308092
duration mult ocl mod: 0.0237737
duration multTranspose ocl mod: 0.0311532
duration mult ocl mod: 0.0243511
duration multTranspose ocl mod: 0.0305514
duration mult ocl mod: 0.0239149
duration multTranspose ocl mod: 0.0300153
duration mult ocl mod: 0.0239369
duration multTranspose ocl mod: 0.0329463
duration mult ocl mod: 0.0238516
duration multTranspose ocl mod: 0.0304615
duration mult ocl mod: 0.0246175
duration multTranspose ocl mod: 0.0305626
duration mult ocl mod: 0.0236367
duration multTranspose ocl mod: 0.0310741
duration mult ocl mod: 0.0240634
duration multTranspose ocl mod: 0.0309262
duration mult ocl mod: 0.0240916
duration multTranspose ocl mod: 0.0310224
duration mult ocl mod: 0.0245528
duration multTranspose ocl mod: 0.0332217
duration mult ocl mod: 0.02585
duration multTranspose ocl mod: 0.0330115
duration mult ocl mod: 0.0273459
duration multTranspose ocl mod: 0.0321227
duration mult ocl mod: 0.0252375
duration multTranspose ocl mod: 0.0339428
duration mult ocl mod: 0.0254968
duration multTranspose ocl mod: 0.0287425
duration mult ocl mod: 0.0252938
duration multTranspose ocl mod: 0.0325115
duration mult ocl mod: 0.0257173
duration multTranspose ocl mod: 0.0338813
duration mult ocl mod: 0.0248499
duration multTranspose ocl mod: 0.0331812
duration mult ocl mod: 0.0254694
duration multTranspose ocl mod: 0.0331804
duration mult ocl mod: 0.0251381
duration multTranspose ocl mod: 0.0335879
duration mult ocl mod: 0.0254864
duration multTranspose ocl mod: 0.0326705
duration mult ocl mod: 0.0253319
duration multTranspose ocl mod: 0.0348314
duration mult ocl mod: 0.0254225
duration multTranspose ocl mod: 0.0322416
duration mult ocl mod: 0.0279386
duration multTranspose ocl mod: 0.0338412
duration mult ocl mod: 0.0256758
duration multTranspose ocl mod: 0.0286602
duration mult ocl mod: 0.0253842
duration multTranspose ocl mod: 0.032105
duration mult ocl mod: 0.0252615
duration multTranspose ocl mod: 0.0333597
duration mult ocl mod: 0.0253414
duration multTranspose ocl mod: 0.028022
duration mult ocl mod: 0.0254138
duration multTranspose ocl mod: 0.0365203
duration mult ocl mod: 0.0251335
duration multTranspose ocl mod: 0.044263
duration mult ocl mod: 0.0258277
duration multTranspose ocl mod: 0.0330056
duration mult ocl mod: 0.0256713
duration multTranspose ocl mod: 0.0325604
duration mult ocl mod: 0.0282776
duration multTranspose ocl mod: 0.0342069
duration mult ocl mod: 0.0251479
duration multTranspose ocl mod: 0.0319777
duration mult ocl mod: 0.0255044
duration multTranspose ocl mod: 0.0282604
duration mult ocl mod: 0.0255783
duration multTranspose ocl mod: 0.0332163
duration mult ocl mod: 0.0252389
duration multTranspose ocl mod: 0.0319978
duration mult ocl mod: 0.0250934
duration multTranspose ocl mod: 0.0340167
duration mult ocl mod: 0.0281768
duration multTranspose ocl mod: 0.0311167
duration mult ocl mod: 0.0248156
duration multTranspose ocl mod: 0.032002
duration mult ocl mod: 0.0258931
duration multTranspose ocl mod: 0.0343077
duration mult ocl mod: 0.0245812
duration multTranspose ocl mod: 0.0358855
duration mult ocl mod: 0.0262362
duration multTranspose ocl mod: 0.0303929
duration mult ocl mod: 0.0239593
duration multTranspose ocl mod: 0.0319065
duration mult ocl mod: 0.0240992
duration multTranspose ocl mod: 0.0300683
duration mult ocl mod: 0.023834
duration multTranspose ocl mod: 0.030094
duration mult ocl mod: 0.0237405
duration multTranspose ocl mod: 0.0312657
duration mult ocl mod: 0.0239016
duration multTranspose ocl mod: 0.0257104
duration mult ocl mod: 0.0239247
duration multTranspose ocl mod: 0.0328544
duration mult ocl mod: 0.0242794
duration multTranspose ocl mod: 0.0320092
duration mult ocl mod: 0.0247955
duration multTranspose ocl mod: 0.031708
duration mult ocl mod: 0.0284857
duration multTranspose ocl mod: 0.0318138
duration mult ocl mod: 0.0235673
duration multTranspose ocl mod: 0.0310027
duration mult ocl mod: 0.0242565
duration multTranspose ocl mod: 0.0316186
duration mult ocl mod: 0.0247373
duration multTranspose ocl mod: 0.0309771
duration mult ocl mod: 0.0243997
duration multTranspose ocl mod: 0.0312744
duration mult ocl mod: 0.0239152
duration multTranspose ocl mod: 0.0311269
duration mult ocl mod: 0.0246967
duration multTranspose ocl mod: 0.0321145

Needed Iterations: 500
Final residuum: 13123.4
note: performance calculation: coefficients are reused
note: performance calculation: iterations for calculation : 511.5
note: performance calculation: additional iteration for residual recalculation : 10

Current Duration:: 32.9874
Current GFlop/s: 17747.7

Finished Training!

Training took: 32.9874 seconds

computing MSE of test dataset
creating createOperationMultipleEval grid: Linear type: STREAMING==DEFAULT subType: OCLUNIFIED
OCL Info: 2 OpenCL platforms have been found
OCL Info: detected platform, name: "Intel(R) OpenCL"
OCL Info: detected platform vendor name: "Intel(R) Corporation"
OCL Info: detected platform, name: "NVIDIA CUDA"
OCL Info: detected platform vendor name: "NVIDIA Corporation"
OCL Info: using platform, name: "NVIDIA CUDA"
OCL Info: detected device, name: "GeForce GTX 1080 Ti"
OCL Info: using device, name: "GeForce GTX 1080 Ti"
OCL Info: detected device, name: "GeForce GTX 1080 Ti"
OCL Info: using device, name: "GeForce GTX 1080 Ti"
OCL Info: detected device, name: "GeForce GTX 1080 Ti"
OCL Info: using device, name: "GeForce GTX 1080 Ti"
OCL Info: detected device, name: "GeForce GTX 1080 Ti"
OCL Info: using device, name: "GeForce GTX 1080 Ti"
OCL Info: detected device, name: "GeForce GTX 1080 Ti"
OCL Info: using device, name: "GeForce GTX 1080 Ti"
OCL Info: detected device, name: "GeForce GTX 1080 Ti"
OCL Info: using device, name: "GeForce GTX 1080 Ti"
OCL Info: detected device, name: "GeForce GTX 1080 Ti"
OCL Info: using device, name: "GeForce GTX 1080 Ti"
OCL Info: detected device, name: "GeForce GTX 1080 Ti"
OCL Info: using device, name: "GeForce GTX 1080 Ti"
building with optimization flags: 
building with optimization flags: 
building with optimization flags: 
building with optimization flags: 
building with optimization flags: 
building with optimization flags: 
building with optimization flags: 
building with optimization flags: 
--- Begin Build Log ---


--- End Build Log ---
--- Begin Build Log ---


--- End Build Log ---
--- Begin Build Log ---


--- End Build Log ---
--- Begin Build Log ---


--- End Build Log ---
--- Begin Build Log ---


--- End Build Log ---
--- Begin Build Log ---


--- End Build Log ---
--- Begin Build Log ---


--- End Build Log ---
--- Begin Build Log ---


--- End Build Log ---
duration mult ocl mod: 0.373052
classes computed/predicted
mse: 0.000489269
total_duration: 48.161
