training dataset: ../datasets/DR5/DR5_nowarnings_less05_train.arff
pci id for fd 5: 1002:66af, driver (null)
pci id for fd 5: 1002:66af, driver (null)
ocl dummy initalization duration: 0.444003
instances: 371908
support_refinement_min_support: 500
ocl_init_duration: 0.00564089
num_candidates: 1
num_candidates: 1 block_size: 128 num_candidates_per_device: 1
device: 0 range_padded: 128 range_start: 0 range_end: 1
candidates with support: 1
num_candidates: 10
num_candidates: 10 block_size: 128 num_candidates_per_device: 10
device: 0 range_padded: 128 range_start: 0 range_end: 10
candidates with support: 10
num_candidates: 60
num_candidates: 60 block_size: 128 num_candidates_per_device: 60
device: 0 range_padded: 128 range_start: 0 range_end: 60
candidates with support: 52
num_candidates: 236
num_candidates: 236 block_size: 128 num_candidates_per_device: 236
device: 0 range_padded: 256 range_start: 0 range_end: 236
candidates with support: 181
num_candidates: 706
num_candidates: 706 block_size: 128 num_candidates_per_device: 706
device: 0 range_padded: 768 range_start: 0 range_end: 706
candidates with support: 503
num_candidates: 1786
num_candidates: 1786 block_size: 128 num_candidates_per_device: 1786
device: 0 range_padded: 1792 range_start: 0 range_end: 1786
candidates with support: 1241
num_candidates: 4140
num_candidates: 4140 block_size: 128 num_candidates_per_device: 4140
device: 0 range_padded: 4224 range_start: 0 range_end: 4140
candidates with support: 2886
num_candidates: 9216
num_candidates: 9216 block_size: 128 num_candidates_per_device: 9216
device: 0 range_padded: 9216 range_start: 0 range_end: 9216
candidates with support: 6397
num_candidates: 19682
num_candidates: 19682 block_size: 128 num_candidates_per_device: 19682
device: 0 range_padded: 19712 range_start: 0 range_end: 19682
candidates with support: 13464
num_candidates: 40066
num_candidates: 40066 block_size: 128 num_candidates_per_device: 40066
device: 0 range_padded: 40192 range_start: 0 range_end: 40066
candidates with support: 26558
datadriven refinement done, grid size: 51293
creating createOperationMultipleEval type: DEFAULT, using base operator factory
creating createOperationMultipleEval grid: ModLinear type: STREAMING==DEFAULT subType: OCLUNIFIED
Starting Learning....

Doing refinement: 0
Grid Size: 51293
device: gfx906 (0x1fc6980)  kernel from: 0 to: 51456 -> range: 51456 (with blocking: 51456)
device: 0x1fc6980 duration: 0.207857
Starting Conjugated Gradients
All temp variables used in CG have been initialized
device: 0x1fc6980 kernel from: 0 to: 372736 -> range: 372736
device: 0x1fc6980 duration: 0.155448
device: gfx906 (0x1fc6980)  kernel from: 0 to: 51456 -> range: 51456 (with blocking: 51456)
device: 0x1fc6980 duration: 0.207179
Starting norm of residuum: -nan
Target norm:               0
.device: 0x1fc6980 kernel from: 0 to: 372736 -> range: 372736
device: 0x1fc6980 duration: 0.15521
device: gfx906 (0x1fc6980)  kernel from: 0 to: 51456 -> range: 51456 (with blocking: 51456)
device: 0x1fc6980 duration: 0.207323
delta: 2.48387e+09
.device: 0x1fc6980 kernel from: 0 to: 372736 -> range: 372736
device: 0x1fc6980 duration: 0.155598
device: gfx906 (0x1fc6980)  kernel from: 0 to: 51456 -> range: 51456 (with blocking: 51456)
device: 0x1fc6980 duration: 0.207099
delta: 2.08737e+08
.device: 0x1fc6980 kernel from: 0 to: 372736 -> range: 372736
device: 0x1fc6980 duration: 0.155438
device: gfx906 (0x1fc6980)  kernel from: 0 to: 51456 -> range: 51456 (with blocking: 51456)
device: 0x1fc6980 duration: 0.207213
delta: 2.5682e+08
.device: 0x1fc6980 kernel from: 0 to: 372736 -> range: 372736
device: 0x1fc6980 duration: 0.155556
device: gfx906 (0x1fc6980)  kernel from: 0 to: 51456 -> range: 51456 (with blocking: 51456)
device: 0x1fc6980 duration: 0.207338
delta: 1.26015e+08
.device: 0x1fc6980 kernel from: 0 to: 372736 -> range: 372736
device: 0x1fc6980 duration: 0.155533
device: gfx906 (0x1fc6980)  kernel from: 0 to: 51456 -> range: 51456 (with blocking: 51456)
device: 0x1fc6980 duration: 0.207313
delta: 5.29509e+07
.device: 0x1fc6980 kernel from: 0 to: 372736 -> range: 372736
device: 0x1fc6980 duration: 0.155469
device: gfx906 (0x1fc6980)  kernel from: 0 to: 51456 -> range: 51456 (with blocking: 51456)
device: 0x1fc6980 duration: 0.207337
delta: 4.9246e+07
.device: 0x1fc6980 kernel from: 0 to: 372736 -> range: 372736
device: 0x1fc6980 duration: 0.15548
device: gfx906 (0x1fc6980)  kernel from: 0 to: 51456 -> range: 51456 (with blocking: 51456)
device: 0x1fc6980 duration: 0.207274
delta: 2.58437e+07
.device: 0x1fc6980 kernel from: 0 to: 372736 -> range: 372736
device: 0x1fc6980 duration: 0.155447
device: gfx906 (0x1fc6980)  kernel from: 0 to: 51456 -> range: 51456 (with blocking: 51456)
device: 0x1fc6980 duration: 0.207323
delta: 1.90104e+07
.device: 0x1fc6980 kernel from: 0 to: 372736 -> range: 372736
device: 0x1fc6980 duration: 0.155507
device: gfx906 (0x1fc6980)  kernel from: 0 to: 51456 -> range: 51456 (with blocking: 51456)
device: 0x1fc6980 duration: 0.207292
delta: 9.75989e+06
.device: 0x1fc6980 kernel from: 0 to: 372736 -> range: 372736
device: 0x1fc6980 duration: 0.155479
device: gfx906 (0x1fc6980)  kernel from: 0 to: 51456 -> range: 51456 (with blocking: 51456)
device: 0x1fc6980 duration: 0.207304
delta: 5.8704e+06
.device: 0x1fc6980 kernel from: 0 to: 372736 -> range: 372736
device: 0x1fc6980 duration: 0.155522
device: gfx906 (0x1fc6980)  kernel from: 0 to: 51456 -> range: 51456 (with blocking: 51456)
device: 0x1fc6980 duration: 0.207365
delta: 3.22855e+07
.device: 0x1fc6980 kernel from: 0 to: 372736 -> range: 372736
device: 0x1fc6980 duration: 0.15552
device: gfx906 (0x1fc6980)  kernel from: 0 to: 51456 -> range: 51456 (with blocking: 51456)
device: 0x1fc6980 duration: 0.207352
delta: 7.54067e+06
.device: 0x1fc6980 kernel from: 0 to: 372736 -> range: 372736
device: 0x1fc6980 duration: 0.155432
device: gfx906 (0x1fc6980)  kernel from: 0 to: 51456 -> range: 51456 (with blocking: 51456)
device: 0x1fc6980 duration: 0.207219
delta: 4.03079e+06
.device: 0x1fc6980 kernel from: 0 to: 372736 -> range: 372736
device: 0x1fc6980 duration: 0.15554
device: gfx906 (0x1fc6980)  kernel from: 0 to: 51456 -> range: 51456 (with blocking: 51456)
device: 0x1fc6980 duration: 0.207341
delta: 4.36691e+06
.device: 0x1fc6980 kernel from: 0 to: 372736 -> range: 372736
device: 0x1fc6980 duration: 0.155368
device: gfx906 (0x1fc6980)  kernel from: 0 to: 51456 -> range: 51456 (with blocking: 51456)
device: 0x1fc6980 duration: 0.207197
delta: 3.19895e+06
.device: 0x1fc6980 kernel from: 0 to: 372736 -> range: 372736
device: 0x1fc6980 duration: 0.155473
device: gfx906 (0x1fc6980)  kernel from: 0 to: 51456 -> range: 51456 (with blocking: 51456)
device: 0x1fc6980 duration: 0.207195
delta: 1.53341e+06
.device: 0x1fc6980 kernel from: 0 to: 372736 -> range: 372736
device: 0x1fc6980 duration: 0.155515
device: gfx906 (0x1fc6980)  kernel from: 0 to: 51456 -> range: 51456 (with blocking: 51456)
device: 0x1fc6980 duration: 0.207164
delta: 1.14861e+06
.device: 0x1fc6980 kernel from: 0 to: 372736 -> range: 372736
device: 0x1fc6980 duration: 0.155441
device: gfx906 (0x1fc6980)  kernel from: 0 to: 51456 -> range: 51456 (with blocking: 51456)
device: 0x1fc6980 duration: 0.207281
delta: 1.26109e+06
.device: 0x1fc6980 kernel from: 0 to: 372736 -> range: 372736
device: 0x1fc6980 duration: 0.155548
device: gfx906 (0x1fc6980)  kernel from: 0 to: 51456 -> range: 51456 (with blocking: 51456)
device: 0x1fc6980 duration: 0.207122
delta: 4.83658e+06
.device: 0x1fc6980 kernel from: 0 to: 372736 -> range: 372736
device: 0x1fc6980 duration: 0.155348
device: gfx906 (0x1fc6980)  kernel from: 0 to: 51456 -> range: 51456 (with blocking: 51456)
device: 0x1fc6980 duration: 0.207262
delta: 996230
.device: 0x1fc6980 kernel from: 0 to: 372736 -> range: 372736
device: 0x1fc6980 duration: 0.15553
device: gfx906 (0x1fc6980)  kernel from: 0 to: 51456 -> range: 51456 (with blocking: 51456)
device: 0x1fc6980 duration: 0.207253
delta: 2.36795e+06
.device: 0x1fc6980 kernel from: 0 to: 372736 -> range: 372736
device: 0x1fc6980 duration: 0.155411
device: gfx906 (0x1fc6980)  kernel from: 0 to: 51456 -> range: 51456 (with blocking: 51456)
device: 0x1fc6980 duration: 0.207183
delta: 2.62151e+06
.device: 0x1fc6980 kernel from: 0 to: 372736 -> range: 372736
device: 0x1fc6980 duration: 0.155489
device: gfx906 (0x1fc6980)  kernel from: 0 to: 51456 -> range: 51456 (with blocking: 51456)
device: 0x1fc6980 duration: 0.207256
delta: 762029
.device: 0x1fc6980 kernel from: 0 to: 372736 -> range: 372736
device: 0x1fc6980 duration: 0.155403
device: gfx906 (0x1fc6980)  kernel from: 0 to: 51456 -> range: 51456 (with blocking: 51456)
device: 0x1fc6980 duration: 0.207185
delta: 742812
.device: 0x1fc6980 kernel from: 0 to: 372736 -> range: 372736
device: 0x1fc6980 duration: 0.155407
device: gfx906 (0x1fc6980)  kernel from: 0 to: 51456 -> range: 51456 (with blocking: 51456)
device: 0x1fc6980 duration: 0.207291
delta: 482877
.device: 0x1fc6980 kernel from: 0 to: 372736 -> range: 372736
device: 0x1fc6980 duration: 0.155571
device: gfx906 (0x1fc6980)  kernel from: 0 to: 51456 -> range: 51456 (with blocking: 51456)
device: 0x1fc6980 duration: 0.20718
delta: 454341
.device: 0x1fc6980 kernel from: 0 to: 372736 -> range: 372736
device: 0x1fc6980 duration: 0.155523
device: gfx906 (0x1fc6980)  kernel from: 0 to: 51456 -> range: 51456 (with blocking: 51456)
device: 0x1fc6980 duration: 0.207192
delta: 305889
.device: 0x1fc6980 kernel from: 0 to: 372736 -> range: 372736
device: 0x1fc6980 duration: 0.155449
device: gfx906 (0x1fc6980)  kernel from: 0 to: 51456 -> range: 51456 (with blocking: 51456)
device: 0x1fc6980 duration: 0.207238
delta: 1.44167e+06
.device: 0x1fc6980 kernel from: 0 to: 372736 -> range: 372736
device: 0x1fc6980 duration: 0.155401
device: gfx906 (0x1fc6980)  kernel from: 0 to: 51456 -> range: 51456 (with blocking: 51456)
device: 0x1fc6980 duration: 0.207278
delta: 435168
.device: 0x1fc6980 kernel from: 0 to: 372736 -> range: 372736
device: 0x1fc6980 duration: 0.155508
device: gfx906 (0x1fc6980)  kernel from: 0 to: 51456 -> range: 51456 (with blocking: 51456)
device: 0x1fc6980 duration: 0.207303
delta: 1.25435e+06
.device: 0x1fc6980 kernel from: 0 to: 372736 -> range: 372736
device: 0x1fc6980 duration: 0.155489
device: gfx906 (0x1fc6980)  kernel from: 0 to: 51456 -> range: 51456 (with blocking: 51456)
device: 0x1fc6980 duration: 0.207219
delta: 275576
.device: 0x1fc6980 kernel from: 0 to: 372736 -> range: 372736
device: 0x1fc6980 duration: 0.15555
device: gfx906 (0x1fc6980)  kernel from: 0 to: 51456 -> range: 51456 (with blocking: 51456)
device: 0x1fc6980 duration: 0.207398
delta: 208177
.device: 0x1fc6980 kernel from: 0 to: 372736 -> range: 372736
device: 0x1fc6980 duration: 0.155618
device: gfx906 (0x1fc6980)  kernel from: 0 to: 51456 -> range: 51456 (with blocking: 51456)
device: 0x1fc6980 duration: 0.207309
delta: 667047
.device: 0x1fc6980 kernel from: 0 to: 372736 -> range: 372736
device: 0x1fc6980 duration: 0.155369
device: gfx906 (0x1fc6980)  kernel from: 0 to: 51456 -> range: 51456 (with blocking: 51456)
device: 0x1fc6980 duration: 0.207221
delta: 585931
.device: 0x1fc6980 kernel from: 0 to: 372736 -> range: 372736
device: 0x1fc6980 duration: 0.155463
device: gfx906 (0x1fc6980)  kernel from: 0 to: 51456 -> range: 51456 (with blocking: 51456)
device: 0x1fc6980 duration: 0.207301
delta: 368614
.device: 0x1fc6980 kernel from: 0 to: 372736 -> range: 372736
device: 0x1fc6980 duration: 0.155451
device: gfx906 (0x1fc6980)  kernel from: 0 to: 51456 -> range: 51456 (with blocking: 51456)
device: 0x1fc6980 duration: 0.207233
delta: 199694
.device: 0x1fc6980 kernel from: 0 to: 372736 -> range: 372736
device: 0x1fc6980 duration: 0.155486
device: gfx906 (0x1fc6980)  kernel from: 0 to: 51456 -> range: 51456 (with blocking: 51456)
device: 0x1fc6980 duration: 0.20722
delta: 189923
.device: 0x1fc6980 kernel from: 0 to: 372736 -> range: 372736
device: 0x1fc6980 duration: 0.155429
device: gfx906 (0x1fc6980)  kernel from: 0 to: 51456 -> range: 51456 (with blocking: 51456)
device: 0x1fc6980 duration: 0.207164
delta: 1.12145e+06
.device: 0x1fc6980 kernel from: 0 to: 372736 -> range: 372736
device: 0x1fc6980 duration: 0.155459
device: gfx906 (0x1fc6980)  kernel from: 0 to: 51456 -> range: 51456 (with blocking: 51456)
device: 0x1fc6980 duration: 0.207259
delta: 3.33467e+06
.device: 0x1fc6980 kernel from: 0 to: 372736 -> range: 372736
device: 0x1fc6980 duration: 0.155391
device: gfx906 (0x1fc6980)  kernel from: 0 to: 51456 -> range: 51456 (with blocking: 51456)
device: 0x1fc6980 duration: 0.207254
delta: 537362
.device: 0x1fc6980 kernel from: 0 to: 372736 -> range: 372736
device: 0x1fc6980 duration: 0.155368
device: gfx906 (0x1fc6980)  kernel from: 0 to: 51456 -> range: 51456 (with blocking: 51456)
device: 0x1fc6980 duration: 0.207231
delta: 258950
.device: 0x1fc6980 kernel from: 0 to: 372736 -> range: 372736
device: 0x1fc6980 duration: 0.155407
device: gfx906 (0x1fc6980)  kernel from: 0 to: 51456 -> range: 51456 (with blocking: 51456)
device: 0x1fc6980 duration: 0.207201
delta: 194387
.device: 0x1fc6980 kernel from: 0 to: 372736 -> range: 372736
device: 0x1fc6980 duration: 0.155369
device: gfx906 (0x1fc6980)  kernel from: 0 to: 51456 -> range: 51456 (with blocking: 51456)
device: 0x1fc6980 duration: 0.207256
delta: 104866
.device: 0x1fc6980 kernel from: 0 to: 372736 -> range: 372736
device: 0x1fc6980 duration: 0.155457
device: gfx906 (0x1fc6980)  kernel from: 0 to: 51456 -> range: 51456 (with blocking: 51456)
device: 0x1fc6980 duration: 0.207225
delta: 144369
.device: 0x1fc6980 kernel from: 0 to: 372736 -> range: 372736
device: 0x1fc6980 duration: 0.155359
device: gfx906 (0x1fc6980)  kernel from: 0 to: 51456 -> range: 51456 (with blocking: 51456)
device: 0x1fc6980 duration: 0.207214
delta: 401015
.device: 0x1fc6980 kernel from: 0 to: 372736 -> range: 372736
device: 0x1fc6980 duration: 0.155248
device: gfx906 (0x1fc6980)  kernel from: 0 to: 51456 -> range: 51456 (with blocking: 51456)
device: 0x1fc6980 duration: 0.207062
delta: 143936
.device: 0x1fc6980 kernel from: 0 to: 372736 -> range: 372736
device: 0x1fc6980 duration: 0.155313
device: gfx906 (0x1fc6980)  kernel from: 0 to: 51456 -> range: 51456 (with blocking: 51456)
device: 0x1fc6980 duration: 0.207239
delta: 1.80555e+06
.device: 0x1fc6980 kernel from: 0 to: 372736 -> range: 372736
device: 0x1fc6980 duration: 0.155399
device: gfx906 (0x1fc6980)  kernel from: 0 to: 51456 -> range: 51456 (with blocking: 51456)
device: 0x1fc6980 duration: 0.207168
delta: 512563
.device: 0x1fc6980 kernel from: 0 to: 372736 -> range: 372736
device: 0x1fc6980 duration: 0.155334
device: gfx906 (0x1fc6980)  kernel from: 0 to: 51456 -> range: 51456 (with blocking: 51456)
device: 0x1fc6980 duration: 0.207049
delta: 727711
.device: 0x1fc6980 kernel from: 0 to: 372736 -> range: 372736
device: 0x1fc6980 duration: 0.155368
device: gfx906 (0x1fc6980)  kernel from: 0 to: 51456 -> range: 51456 (with blocking: 51456)
device: 0x1fc6980 duration: 0.207189
delta: 153133
.device: 0x1fc6980 kernel from: 0 to: 372736 -> range: 372736
device: 0x1fc6980 duration: 0.155349
device: gfx906 (0x1fc6980)  kernel from: 0 to: 51456 -> range: 51456 (with blocking: 51456)
device: 0x1fc6980 duration: 0.206973
device: 0x1fc6980 kernel from: 0 to: 372736 -> range: 372736
device: 0x1fc6980 duration: 0.155139
device: gfx906 (0x1fc6980)  kernel from: 0 to: 51456 -> range: 51456 (with blocking: 51456)
device: 0x1fc6980 duration: 0.207111
delta: 794269
.device: 0x1fc6980 kernel from: 0 to: 372736 -> range: 372736
device: 0x1fc6980 duration: 0.155331
device: gfx906 (0x1fc6980)  kernel from: 0 to: 51456 -> range: 51456 (with blocking: 51456)
device: 0x1fc6980 duration: 0.207201
delta: 163977
.device: 0x1fc6980 kernel from: 0 to: 372736 -> range: 372736
device: 0x1fc6980 duration: 0.155209
device: gfx906 (0x1fc6980)  kernel from: 0 to: 51456 -> range: 51456 (with blocking: 51456)
device: 0x1fc6980 duration: 0.207144
delta: 104203
.device: 0x1fc6980 kernel from: 0 to: 372736 -> range: 372736
device: 0x1fc6980 duration: 0.155413
device: gfx906 (0x1fc6980)  kernel from: 0 to: 51456 -> range: 51456 (with blocking: 51456)
device: 0x1fc6980 duration: 0.207308
delta: 117832
.device: 0x1fc6980 kernel from: 0 to: 372736 -> range: 372736
device: 0x1fc6980 duration: 0.15544
device: gfx906 (0x1fc6980)  kernel from: 0 to: 51456 -> range: 51456 (with blocking: 51456)
device: 0x1fc6980 duration: 0.207235
delta: 194418
.device: 0x1fc6980 kernel from: 0 to: 372736 -> range: 372736
device: 0x1fc6980 duration: 0.155392
device: gfx906 (0x1fc6980)  kernel from: 0 to: 51456 -> range: 51456 (with blocking: 51456)
device: 0x1fc6980 duration: 0.207149
delta: 276702
.device: 0x1fc6980 kernel from: 0 to: 372736 -> range: 372736
device: 0x1fc6980 duration: 0.155356
device: gfx906 (0x1fc6980)  kernel from: 0 to: 51456 -> range: 51456 (with blocking: 51456)
device: 0x1fc6980 duration: 0.207165
delta: 206862
.device: 0x1fc6980 kernel from: 0 to: 372736 -> range: 372736
device: 0x1fc6980 duration: 0.15524
device: gfx906 (0x1fc6980)  kernel from: 0 to: 51456 -> range: 51456 (with blocking: 51456)
device: 0x1fc6980 duration: 0.207041
delta: 231635
.device: 0x1fc6980 kernel from: 0 to: 372736 -> range: 372736
device: 0x1fc6980 duration: 0.155351
device: gfx906 (0x1fc6980)  kernel from: 0 to: 51456 -> range: 51456 (with blocking: 51456)
device: 0x1fc6980 duration: 0.207168
delta: 77288.5
.device: 0x1fc6980 kernel from: 0 to: 372736 -> range: 372736
device: 0x1fc6980 duration: 0.155174
device: gfx906 (0x1fc6980)  kernel from: 0 to: 51456 -> range: 51456 (with blocking: 51456)
device: 0x1fc6980 duration: 0.207014
delta: 360805
.device: 0x1fc6980 kernel from: 0 to: 372736 -> range: 372736
device: 0x1fc6980 duration: 0.155249
device: gfx906 (0x1fc6980)  kernel from: 0 to: 51456 -> range: 51456 (with blocking: 51456)
device: 0x1fc6980 duration: 0.206934
delta: 79420.9
.device: 0x1fc6980 kernel from: 0 to: 372736 -> range: 372736
device: 0x1fc6980 duration: 0.155221
device: gfx906 (0x1fc6980)  kernel from: 0 to: 51456 -> range: 51456 (with blocking: 51456)
device: 0x1fc6980 duration: 0.207045
delta: 130209
.device: 0x1fc6980 kernel from: 0 to: 372736 -> range: 372736
device: 0x1fc6980 duration: 0.155239
device: gfx906 (0x1fc6980)  kernel from: 0 to: 51456 -> range: 51456 (with blocking: 51456)
device: 0x1fc6980 duration: 0.207034
delta: 146166
.device: 0x1fc6980 kernel from: 0 to: 372736 -> range: 372736
device: 0x1fc6980 duration: 0.155383
device: gfx906 (0x1fc6980)  kernel from: 0 to: 51456 -> range: 51456 (with blocking: 51456)
device: 0x1fc6980 duration: 0.207155
delta: 57723.9
.device: 0x1fc6980 kernel from: 0 to: 372736 -> range: 372736
device: 0x1fc6980 duration: 0.155276
device: gfx906 (0x1fc6980)  kernel from: 0 to: 51456 -> range: 51456 (with blocking: 51456)
device: 0x1fc6980 duration: 0.207316
delta: 183358
.device: 0x1fc6980 kernel from: 0 to: 372736 -> range: 372736
device: 0x1fc6980 duration: 0.155226
device: gfx906 (0x1fc6980)  kernel from: 0 to: 51456 -> range: 51456 (with blocking: 51456)
device: 0x1fc6980 duration: 0.207264
delta: 1.17217e+06
.device: 0x1fc6980 kernel from: 0 to: 372736 -> range: 372736
device: 0x1fc6980 duration: 0.155197
device: gfx906 (0x1fc6980)  kernel from: 0 to: 51456 -> range: 51456 (with blocking: 51456)
device: 0x1fc6980 duration: 0.207138
delta: 73589.1
.device: 0x1fc6980 kernel from: 0 to: 372736 -> range: 372736
device: 0x1fc6980 duration: 0.155275
device: gfx906 (0x1fc6980)  kernel from: 0 to: 51456 -> range: 51456 (with blocking: 51456)
device: 0x1fc6980 duration: 0.206958
delta: 162472
.device: 0x1fc6980 kernel from: 0 to: 372736 -> range: 372736
device: 0x1fc6980 duration: 0.155299
device: gfx906 (0x1fc6980)  kernel from: 0 to: 51456 -> range: 51456 (with blocking: 51456)
device: 0x1fc6980 duration: 0.207238
delta: 59375.5
.device: 0x1fc6980 kernel from: 0 to: 372736 -> range: 372736
device: 0x1fc6980 duration: 0.155256
device: gfx906 (0x1fc6980)  kernel from: 0 to: 51456 -> range: 51456 (with blocking: 51456)
device: 0x1fc6980 duration: 0.207132
delta: 336824
.device: 0x1fc6980 kernel from: 0 to: 372736 -> range: 372736
device: 0x1fc6980 duration: 0.155227
device: gfx906 (0x1fc6980)  kernel from: 0 to: 51456 -> range: 51456 (with blocking: 51456)
device: 0x1fc6980 duration: 0.206991
delta: 141734
.device: 0x1fc6980 kernel from: 0 to: 372736 -> range: 372736
device: 0x1fc6980 duration: 0.155305
device: gfx906 (0x1fc6980)  kernel from: 0 to: 51456 -> range: 51456 (with blocking: 51456)
device: 0x1fc6980 duration: 0.207187
delta: 72985.2
.device: 0x1fc6980 kernel from: 0 to: 372736 -> range: 372736
device: 0x1fc6980 duration: 0.155219
device: gfx906 (0x1fc6980)  kernel from: 0 to: 51456 -> range: 51456 (with blocking: 51456)
device: 0x1fc6980 duration: 0.206961
delta: 67277.1
.device: 0x1fc6980 kernel from: 0 to: 372736 -> range: 372736
device: 0x1fc6980 duration: 0.155284
device: gfx906 (0x1fc6980)  kernel from: 0 to: 51456 -> range: 51456 (with blocking: 51456)
device: 0x1fc6980 duration: 0.207266
delta: 314094
.device: 0x1fc6980 kernel from: 0 to: 372736 -> range: 372736
device: 0x1fc6980 duration: 0.155284
device: gfx906 (0x1fc6980)  kernel from: 0 to: 51456 -> range: 51456 (with blocking: 51456)
device: 0x1fc6980 duration: 0.207131
delta: 115649
.device: 0x1fc6980 kernel from: 0 to: 372736 -> range: 372736
device: 0x1fc6980 duration: 0.155224
device: gfx906 (0x1fc6980)  kernel from: 0 to: 51456 -> range: 51456 (with blocking: 51456)
device: 0x1fc6980 duration: 0.207001
delta: 302431
.device: 0x1fc6980 kernel from: 0 to: 372736 -> range: 372736
device: 0x1fc6980 duration: 0.155185
device: gfx906 (0x1fc6980)  kernel from: 0 to: 51456 -> range: 51456 (with blocking: 51456)
device: 0x1fc6980 duration: 0.206931
delta: 79894.9
.device: 0x1fc6980 kernel from: 0 to: 372736 -> range: 372736
device: 0x1fc6980 duration: 0.155277
device: gfx906 (0x1fc6980)  kernel from: 0 to: 51456 -> range: 51456 (with blocking: 51456)
device: 0x1fc6980 duration: 0.206987
delta: 437639
.device: 0x1fc6980 kernel from: 0 to: 372736 -> range: 372736
device: 0x1fc6980 duration: 0.155275
device: gfx906 (0x1fc6980)  kernel from: 0 to: 51456 -> range: 51456 (with blocking: 51456)
device: 0x1fc6980 duration: 0.20717
delta: 42505.9
.device: 0x1fc6980 kernel from: 0 to: 372736 -> range: 372736
device: 0x1fc6980 duration: 0.155219
device: gfx906 (0x1fc6980)  kernel from: 0 to: 51456 -> range: 51456 (with blocking: 51456)
device: 0x1fc6980 duration: 0.20692
delta: 166356
.device: 0x1fc6980 kernel from: 0 to: 372736 -> range: 372736
device: 0x1fc6980 duration: 0.155256
device: gfx906 (0x1fc6980)  kernel from: 0 to: 51456 -> range: 51456 (with blocking: 51456)
device: 0x1fc6980 duration: 0.207125
delta: 53881.5
.device: 0x1fc6980 kernel from: 0 to: 372736 -> range: 372736
device: 0x1fc6980 duration: 0.155207
device: gfx906 (0x1fc6980)  kernel from: 0 to: 51456 -> range: 51456 (with blocking: 51456)
device: 0x1fc6980 duration: 0.206897
delta: 222019
.device: 0x1fc6980 kernel from: 0 to: 372736 -> range: 372736
device: 0x1fc6980 duration: 0.15513
device: gfx906 (0x1fc6980)  kernel from: 0 to: 51456 -> range: 51456 (with blocking: 51456)
device: 0x1fc6980 duration: 0.207054
delta: 45941.2
.device: 0x1fc6980 kernel from: 0 to: 372736 -> range: 372736
device: 0x1fc6980 duration: 0.155332
device: gfx906 (0x1fc6980)  kernel from: 0 to: 51456 -> range: 51456 (with blocking: 51456)
device: 0x1fc6980 duration: 0.207254
delta: 2.32125e+06
.device: 0x1fc6980 kernel from: 0 to: 372736 -> range: 372736
device: 0x1fc6980 duration: 0.155237
device: gfx906 (0x1fc6980)  kernel from: 0 to: 51456 -> range: 51456 (with blocking: 51456)
device: 0x1fc6980 duration: 0.207165
delta: 89337.2
.device: 0x1fc6980 kernel from: 0 to: 372736 -> range: 372736
device: 0x1fc6980 duration: 0.155237
device: gfx906 (0x1fc6980)  kernel from: 0 to: 51456 -> range: 51456 (with blocking: 51456)
device: 0x1fc6980 duration: 0.206898
delta: 66815
.device: 0x1fc6980 kernel from: 0 to: 372736 -> range: 372736
device: 0x1fc6980 duration: 0.155214
device: gfx906 (0x1fc6980)  kernel from: 0 to: 51456 -> range: 51456 (with blocking: 51456)
device: 0x1fc6980 duration: 0.206882
delta: 63751.3
.device: 0x1fc6980 kernel from: 0 to: 372736 -> range: 372736
device: 0x1fc6980 duration: 0.155196
device: gfx906 (0x1fc6980)  kernel from: 0 to: 51456 -> range: 51456 (with blocking: 51456)
device: 0x1fc6980 duration: 0.206921
delta: 31457.2
.device: 0x1fc6980 kernel from: 0 to: 372736 -> range: 372736
device: 0x1fc6980 duration: 0.155252
device: gfx906 (0x1fc6980)  kernel from: 0 to: 51456 -> range: 51456 (with blocking: 51456)
device: 0x1fc6980 duration: 0.20691
delta: 40952.9
.device: 0x1fc6980 kernel from: 0 to: 372736 -> range: 372736
device: 0x1fc6980 duration: 0.155192
device: gfx906 (0x1fc6980)  kernel from: 0 to: 51456 -> range: 51456 (with blocking: 51456)
device: 0x1fc6980 duration: 0.20688
delta: 136002
.device: 0x1fc6980 kernel from: 0 to: 372736 -> range: 372736
device: 0x1fc6980 duration: 0.155205
device: gfx906 (0x1fc6980)  kernel from: 0 to: 51456 -> range: 51456 (with blocking: 51456)
device: 0x1fc6980 duration: 0.206934
delta: 333146
.device: 0x1fc6980 kernel from: 0 to: 372736 -> range: 372736
device: 0x1fc6980 duration: 0.155193
device: gfx906 (0x1fc6980)  kernel from: 0 to: 51456 -> range: 51456 (with blocking: 51456)
device: 0x1fc6980 duration: 0.206905
delta: 37084.4
.device: 0x1fc6980 kernel from: 0 to: 372736 -> range: 372736
device: 0x1fc6980 duration: 0.15527
device: gfx906 (0x1fc6980)  kernel from: 0 to: 51456 -> range: 51456 (with blocking: 51456)
device: 0x1fc6980 duration: 0.206945
delta: 1.26729e+06
.device: 0x1fc6980 kernel from: 0 to: 372736 -> range: 372736
device: 0x1fc6980 duration: 0.155259
device: gfx906 (0x1fc6980)  kernel from: 0 to: 51456 -> range: 51456 (with blocking: 51456)
device: 0x1fc6980 duration: 0.207167
delta: 379333
.device: 0x1fc6980 kernel from: 0 to: 372736 -> range: 372736
device: 0x1fc6980 duration: 0.155176
device: gfx906 (0x1fc6980)  kernel from: 0 to: 51456 -> range: 51456 (with blocking: 51456)
device: 0x1fc6980 duration: 0.206903
delta: 66537.9
.device: 0x1fc6980 kernel from: 0 to: 372736 -> range: 372736
device: 0x1fc6980 duration: 0.155204
device: gfx906 (0x1fc6980)  kernel from: 0 to: 51456 -> range: 51456 (with blocking: 51456)
device: 0x1fc6980 duration: 0.206928
delta: 39979.2
.device: 0x1fc6980 kernel from: 0 to: 372736 -> range: 372736
device: 0x1fc6980 duration: 0.155275
device: gfx906 (0x1fc6980)  kernel from: 0 to: 51456 -> range: 51456 (with blocking: 51456)
device: 0x1fc6980 duration: 0.206921
delta: 92287.7
.device: 0x1fc6980 kernel from: 0 to: 372736 -> range: 372736
device: 0x1fc6980 duration: 0.155259
device: gfx906 (0x1fc6980)  kernel from: 0 to: 51456 -> range: 51456 (with blocking: 51456)
device: 0x1fc6980 duration: 0.207173
delta: 36276.5
.device: 0x1fc6980 kernel from: 0 to: 372736 -> range: 372736
device: 0x1fc6980 duration: 0.155351
device: gfx906 (0x1fc6980)  kernel from: 0 to: 51456 -> range: 51456 (with blocking: 51456)
device: 0x1fc6980 duration: 0.20693
delta: 47108.1
.device: 0x1fc6980 kernel from: 0 to: 372736 -> range: 372736
device: 0x1fc6980 duration: 0.155241
device: gfx906 (0x1fc6980)  kernel from: 0 to: 51456 -> range: 51456 (with blocking: 51456)
device: 0x1fc6980 duration: 0.207153
delta: 45409.8
.device: 0x1fc6980 kernel from: 0 to: 372736 -> range: 372736
device: 0x1fc6980 duration: 0.155149
device: gfx906 (0x1fc6980)  kernel from: 0 to: 51456 -> range: 51456 (with blocking: 51456)
device: 0x1fc6980 duration: 0.206926
device: 0x1fc6980 kernel from: 0 to: 372736 -> range: 372736
device: 0x1fc6980 duration: 0.155051
device: gfx906 (0x1fc6980)  kernel from: 0 to: 51456 -> range: 51456 (with blocking: 51456)
device: 0x1fc6980 duration: 0.206939
delta: 64397.9
.device: 0x1fc6980 kernel from: 0 to: 372736 -> range: 372736
device: 0x1fc6980 duration: 0.15519
device: gfx906 (0x1fc6980)  kernel from: 0 to: 51456 -> range: 51456 (with blocking: 51456)
device: 0x1fc6980 duration: 0.206986
delta: 36358.1
.device: 0x1fc6980 kernel from: 0 to: 372736 -> range: 372736
device: 0x1fc6980 duration: 0.155303
device: gfx906 (0x1fc6980)  kernel from: 0 to: 51456 -> range: 51456 (with blocking: 51456)
device: 0x1fc6980 duration: 0.206921
delta: 33049.8
.device: 0x1fc6980 kernel from: 0 to: 372736 -> range: 372736
device: 0x1fc6980 duration: 0.155223
device: gfx906 (0x1fc6980)  kernel from: 0 to: 51456 -> range: 51456 (with blocking: 51456)
device: 0x1fc6980 duration: 0.206965
delta: 176036
.device: 0x1fc6980 kernel from: 0 to: 372736 -> range: 372736
device: 0x1fc6980 duration: 0.155187
device: gfx906 (0x1fc6980)  kernel from: 0 to: 51456 -> range: 51456 (with blocking: 51456)
device: 0x1fc6980 duration: 0.206928
delta: 51215.8
.device: 0x1fc6980 kernel from: 0 to: 372736 -> range: 372736
device: 0x1fc6980 duration: 0.155139
device: gfx906 (0x1fc6980)  kernel from: 0 to: 51456 -> range: 51456 (with blocking: 51456)
device: 0x1fc6980 duration: 0.20708
delta: 22913.7
.device: 0x1fc6980 kernel from: 0 to: 372736 -> range: 372736
device: 0x1fc6980 duration: 0.155225
device: gfx906 (0x1fc6980)  kernel from: 0 to: 51456 -> range: 51456 (with blocking: 51456)
device: 0x1fc6980 duration: 0.206863
delta: 60866.4
.device: 0x1fc6980 kernel from: 0 to: 372736 -> range: 372736
device: 0x1fc6980 duration: 0.155244
device: gfx906 (0x1fc6980)  kernel from: 0 to: 51456 -> range: 51456 (with blocking: 51456)
device: 0x1fc6980 duration: 0.206936
delta: 58360.5
.device: 0x1fc6980 kernel from: 0 to: 372736 -> range: 372736
device: 0x1fc6980 duration: 0.155144
device: gfx906 (0x1fc6980)  kernel from: 0 to: 51456 -> range: 51456 (with blocking: 51456)
device: 0x1fc6980 duration: 0.206833
delta: 82944.7
.device: 0x1fc6980 kernel from: 0 to: 372736 -> range: 372736
device: 0x1fc6980 duration: 0.155165
device: gfx906 (0x1fc6980)  kernel from: 0 to: 51456 -> range: 51456 (with blocking: 51456)
device: 0x1fc6980 duration: 0.206946
delta: 84589.8
.device: 0x1fc6980 kernel from: 0 to: 372736 -> range: 372736
device: 0x1fc6980 duration: 0.155188
device: gfx906 (0x1fc6980)  kernel from: 0 to: 51456 -> range: 51456 (with blocking: 51456)
device: 0x1fc6980 duration: 0.206853
delta: 761745
.device: 0x1fc6980 kernel from: 0 to: 372736 -> range: 372736
device: 0x1fc6980 duration: 0.155273
device: gfx906 (0x1fc6980)  kernel from: 0 to: 51456 -> range: 51456 (with blocking: 51456)
device: 0x1fc6980 duration: 0.207139
delta: 92754.1
.device: 0x1fc6980 kernel from: 0 to: 372736 -> range: 372736
device: 0x1fc6980 duration: 0.155163
device: gfx906 (0x1fc6980)  kernel from: 0 to: 51456 -> range: 51456 (with blocking: 51456)
device: 0x1fc6980 duration: 0.206929
delta: 32879.3
.device: 0x1fc6980 kernel from: 0 to: 372736 -> range: 372736
device: 0x1fc6980 duration: 0.155156
device: gfx906 (0x1fc6980)  kernel from: 0 to: 51456 -> range: 51456 (with blocking: 51456)
device: 0x1fc6980 duration: 0.206885
delta: 71923.9
.device: 0x1fc6980 kernel from: 0 to: 372736 -> range: 372736
device: 0x1fc6980 duration: 0.155111
device: gfx906 (0x1fc6980)  kernel from: 0 to: 51456 -> range: 51456 (with blocking: 51456)
device: 0x1fc6980 duration: 0.206881
delta: 31206.3
.device: 0x1fc6980 kernel from: 0 to: 372736 -> range: 372736
device: 0x1fc6980 duration: 0.155156
device: gfx906 (0x1fc6980)  kernel from: 0 to: 51456 -> range: 51456 (with blocking: 51456)
device: 0x1fc6980 duration: 0.206844
delta: 55916.9
.device: 0x1fc6980 kernel from: 0 to: 372736 -> range: 372736
device: 0x1fc6980 duration: 0.155059
device: gfx906 (0x1fc6980)  kernel from: 0 to: 51456 -> range: 51456 (with blocking: 51456)
device: 0x1fc6980 duration: 0.206791
delta: 45870.5
.device: 0x1fc6980 kernel from: 0 to: 372736 -> range: 372736
device: 0x1fc6980 duration: 0.154958
device: gfx906 (0x1fc6980)  kernel from: 0 to: 51456 -> range: 51456 (with blocking: 51456)
device: 0x1fc6980 duration: 0.20698
delta: 19802.1
.device: 0x1fc6980 kernel from: 0 to: 372736 -> range: 372736
device: 0x1fc6980 duration: 0.155144
device: gfx906 (0x1fc6980)  kernel from: 0 to: 51456 -> range: 51456 (with blocking: 51456)
device: 0x1fc6980 duration: 0.206877
delta: 467700
.device: 0x1fc6980 kernel from: 0 to: 372736 -> range: 372736
device: 0x1fc6980 duration: 0.155162
device: gfx906 (0x1fc6980)  kernel from: 0 to: 51456 -> range: 51456 (with blocking: 51456)
device: 0x1fc6980 duration: 0.206834
delta: 299777
.device: 0x1fc6980 kernel from: 0 to: 372736 -> range: 372736
device: 0x1fc6980 duration: 0.155092
device: gfx906 (0x1fc6980)  kernel from: 0 to: 51456 -> range: 51456 (with blocking: 51456)
device: 0x1fc6980 duration: 0.206854
delta: 17879.5
.device: 0x1fc6980 kernel from: 0 to: 372736 -> range: 372736
device: 0x1fc6980 duration: 0.155154
device: gfx906 (0x1fc6980)  kernel from: 0 to: 51456 -> range: 51456 (with blocking: 51456)
device: 0x1fc6980 duration: 0.206932
delta: 57446.1
.device: 0x1fc6980 kernel from: 0 to: 372736 -> range: 372736
device: 0x1fc6980 duration: 0.15514
device: gfx906 (0x1fc6980)  kernel from: 0 to: 51456 -> range: 51456 (with blocking: 51456)
device: 0x1fc6980 duration: 0.206873
delta: 20220.7
.device: 0x1fc6980 kernel from: 0 to: 372736 -> range: 372736
device: 0x1fc6980 duration: 0.155183
device: gfx906 (0x1fc6980)  kernel from: 0 to: 51456 -> range: 51456 (with blocking: 51456)
device: 0x1fc6980 duration: 0.206882
delta: 76888.1
.device: 0x1fc6980 kernel from: 0 to: 372736 -> range: 372736
device: 0x1fc6980 duration: 0.155164
device: gfx906 (0x1fc6980)  kernel from: 0 to: 51456 -> range: 51456 (with blocking: 51456)
device: 0x1fc6980 duration: 0.206821
delta: 33862.4
.device: 0x1fc6980 kernel from: 0 to: 372736 -> range: 372736
device: 0x1fc6980 duration: 0.155126
device: gfx906 (0x1fc6980)  kernel from: 0 to: 51456 -> range: 51456 (with blocking: 51456)
device: 0x1fc6980 duration: 0.206873
delta: 51706.8
.device: 0x1fc6980 kernel from: 0 to: 372736 -> range: 372736
device: 0x1fc6980 duration: 0.155132
device: gfx906 (0x1fc6980)  kernel from: 0 to: 51456 -> range: 51456 (with blocking: 51456)
device: 0x1fc6980 duration: 0.206925
delta: 52098.6
.device: 0x1fc6980 kernel from: 0 to: 372736 -> range: 372736
device: 0x1fc6980 duration: 0.155191
device: gfx906 (0x1fc6980)  kernel from: 0 to: 51456 -> range: 51456 (with blocking: 51456)
device: 0x1fc6980 duration: 0.206867
delta: 35415.1
.device: 0x1fc6980 kernel from: 0 to: 372736 -> range: 372736
device: 0x1fc6980 duration: 0.155217
device: gfx906 (0x1fc6980)  kernel from: 0 to: 51456 -> range: 51456 (with blocking: 51456)
device: 0x1fc6980 duration: 0.206851
delta: 819864
.device: 0x1fc6980 kernel from: 0 to: 372736 -> range: 372736
device: 0x1fc6980 duration: 0.155034
device: gfx906 (0x1fc6980)  kernel from: 0 to: 51456 -> range: 51456 (with blocking: 51456)
device: 0x1fc6980 duration: 0.206913
delta: 18610.3
.device: 0x1fc6980 kernel from: 0 to: 372736 -> range: 372736
device: 0x1fc6980 duration: 0.155168
device: gfx906 (0x1fc6980)  kernel from: 0 to: 51456 -> range: 51456 (with blocking: 51456)
device: 0x1fc6980 duration: 0.206818
delta: 29873.8
.device: 0x1fc6980 kernel from: 0 to: 372736 -> range: 372736
device: 0x1fc6980 duration: 0.155188
device: gfx906 (0x1fc6980)  kernel from: 0 to: 51456 -> range: 51456 (with blocking: 51456)
device: 0x1fc6980 duration: 0.206901
delta: 33715.3
.device: 0x1fc6980 kernel from: 0 to: 372736 -> range: 372736
device: 0x1fc6980 duration: 0.155254
device: gfx906 (0x1fc6980)  kernel from: 0 to: 51456 -> range: 51456 (with blocking: 51456)
device: 0x1fc6980 duration: 0.206903
delta: 28914
.device: 0x1fc6980 kernel from: 0 to: 372736 -> range: 372736
device: 0x1fc6980 duration: 0.155178
device: gfx906 (0x1fc6980)  kernel from: 0 to: 51456 -> range: 51456 (with blocking: 51456)
device: 0x1fc6980 duration: 0.206899
delta: 308256
.device: 0x1fc6980 kernel from: 0 to: 372736 -> range: 372736
device: 0x1fc6980 duration: 0.155169
device: gfx906 (0x1fc6980)  kernel from: 0 to: 51456 -> range: 51456 (with blocking: 51456)
device: 0x1fc6980 duration: 0.206903
delta: 32486.4
.device: 0x1fc6980 kernel from: 0 to: 372736 -> range: 372736
device: 0x1fc6980 duration: 0.155289
device: gfx906 (0x1fc6980)  kernel from: 0 to: 51456 -> range: 51456 (with blocking: 51456)
device: 0x1fc6980 duration: 0.206987
delta: 20072.1
.device: 0x1fc6980 kernel from: 0 to: 372736 -> range: 372736
device: 0x1fc6980 duration: 0.15529
device: gfx906 (0x1fc6980)  kernel from: 0 to: 51456 -> range: 51456 (with blocking: 51456)
device: 0x1fc6980 duration: 0.207121
delta: 58250.6
.device: 0x1fc6980 kernel from: 0 to: 372736 -> range: 372736
device: 0x1fc6980 duration: 0.155314
device: gfx906 (0x1fc6980)  kernel from: 0 to: 51456 -> range: 51456 (with blocking: 51456)
device: 0x1fc6980 duration: 0.2069
delta: 123389
.device: 0x1fc6980 kernel from: 0 to: 372736 -> range: 372736
device: 0x1fc6980 duration: 0.155178
device: gfx906 (0x1fc6980)  kernel from: 0 to: 51456 -> range: 51456 (with blocking: 51456)
device: 0x1fc6980 duration: 0.206998
delta: 21596.8
.device: 0x1fc6980 kernel from: 0 to: 372736 -> range: 372736
device: 0x1fc6980 duration: 0.155024
device: gfx906 (0x1fc6980)  kernel from: 0 to: 51456 -> range: 51456 (with blocking: 51456)
device: 0x1fc6980 duration: 0.206864
delta: 21078.3
.device: 0x1fc6980 kernel from: 0 to: 372736 -> range: 372736
device: 0x1fc6980 duration: 0.155156
device: gfx906 (0x1fc6980)  kernel from: 0 to: 51456 -> range: 51456 (with blocking: 51456)
device: 0x1fc6980 duration: 0.206851
delta: 17202.2
.device: 0x1fc6980 kernel from: 0 to: 372736 -> range: 372736
device: 0x1fc6980 duration: 0.155166
device: gfx906 (0x1fc6980)  kernel from: 0 to: 51456 -> range: 51456 (with blocking: 51456)
device: 0x1fc6980 duration: 0.207104
delta: 46495.6
.device: 0x1fc6980 kernel from: 0 to: 372736 -> range: 372736
device: 0x1fc6980 duration: 0.15494
device: gfx906 (0x1fc6980)  kernel from: 0 to: 51456 -> range: 51456 (with blocking: 51456)
device: 0x1fc6980 duration: 0.206937
delta: 51792.1
.device: 0x1fc6980 kernel from: 0 to: 372736 -> range: 372736
device: 0x1fc6980 duration: 0.155011
device: gfx906 (0x1fc6980)  kernel from: 0 to: 51456 -> range: 51456 (with blocking: 51456)
device: 0x1fc6980 duration: 0.206882
delta: 21070.2
.device: 0x1fc6980 kernel from: 0 to: 372736 -> range: 372736
device: 0x1fc6980 duration: 0.154986
device: gfx906 (0x1fc6980)  kernel from: 0 to: 51456 -> range: 51456 (with blocking: 51456)
device: 0x1fc6980 duration: 0.206978
delta: 55649.3
.device: 0x1fc6980 kernel from: 0 to: 372736 -> range: 372736
device: 0x1fc6980 duration: 0.155098
device: gfx906 (0x1fc6980)  kernel from: 0 to: 51456 -> range: 51456 (with blocking: 51456)
device: 0x1fc6980 duration: 0.206829
delta: 18501
.device: 0x1fc6980 kernel from: 0 to: 372736 -> range: 372736
device: 0x1fc6980 duration: 0.155032
device: gfx906 (0x1fc6980)  kernel from: 0 to: 51456 -> range: 51456 (with blocking: 51456)
device: 0x1fc6980 duration: 0.206772
delta: 77267.5
.device: 0x1fc6980 kernel from: 0 to: 372736 -> range: 372736
device: 0x1fc6980 duration: 0.154913
device: gfx906 (0x1fc6980)  kernel from: 0 to: 51456 -> range: 51456 (with blocking: 51456)
device: 0x1fc6980 duration: 0.206984
delta: 25196.4
.device: 0x1fc6980 kernel from: 0 to: 372736 -> range: 372736
device: 0x1fc6980 duration: 0.155101
device: gfx906 (0x1fc6980)  kernel from: 0 to: 51456 -> range: 51456 (with blocking: 51456)
device: 0x1fc6980 duration: 0.206849
delta: 99504.6
.device: 0x1fc6980 kernel from: 0 to: 372736 -> range: 372736
device: 0x1fc6980 duration: 0.155188
device: gfx906 (0x1fc6980)  kernel from: 0 to: 51456 -> range: 51456 (with blocking: 51456)
device: 0x1fc6980 duration: 0.206858
delta: 58371
.device: 0x1fc6980 kernel from: 0 to: 372736 -> range: 372736
device: 0x1fc6980 duration: 0.155154
device: gfx906 (0x1fc6980)  kernel from: 0 to: 51456 -> range: 51456 (with blocking: 51456)
device: 0x1fc6980 duration: 0.20683
device: 0x1fc6980 kernel from: 0 to: 372736 -> range: 372736
device: 0x1fc6980 duration: 0.155083
device: gfx906 (0x1fc6980)  kernel from: 0 to: 51456 -> range: 51456 (with blocking: 51456)
device: 0x1fc6980 duration: 0.207008
delta: 8086.26
.device: 0x1fc6980 kernel from: 0 to: 372736 -> range: 372736
device: 0x1fc6980 duration: 0.155011
device: gfx906 (0x1fc6980)  kernel from: 0 to: 51456 -> range: 51456 (with blocking: 51456)
device: 0x1fc6980 duration: 0.206877
delta: 83992.2
.device: 0x1fc6980 kernel from: 0 to: 372736 -> range: 372736
device: 0x1fc6980 duration: 0.15514
device: gfx906 (0x1fc6980)  kernel from: 0 to: 51456 -> range: 51456 (with blocking: 51456)
device: 0x1fc6980 duration: 0.206863
delta: 22630.6
.device: 0x1fc6980 kernel from: 0 to: 372736 -> range: 372736
device: 0x1fc6980 duration: 0.155108
device: gfx906 (0x1fc6980)  kernel from: 0 to: 51456 -> range: 51456 (with blocking: 51456)
device: 0x1fc6980 duration: 0.206893
delta: 23649.9
.device: 0x1fc6980 kernel from: 0 to: 372736 -> range: 372736
device: 0x1fc6980 duration: 0.155175
device: gfx906 (0x1fc6980)  kernel from: 0 to: 51456 -> range: 51456 (with blocking: 51456)
device: 0x1fc6980 duration: 0.206875
delta: 12297.6
.device: 0x1fc6980 kernel from: 0 to: 372736 -> range: 372736
device: 0x1fc6980 duration: 0.155132
device: gfx906 (0x1fc6980)  kernel from: 0 to: 51456 -> range: 51456 (with blocking: 51456)
device: 0x1fc6980 duration: 0.206942
delta: 207202
.device: 0x1fc6980 kernel from: 0 to: 372736 -> range: 372736
device: 0x1fc6980 duration: 0.155158
device: gfx906 (0x1fc6980)  kernel from: 0 to: 51456 -> range: 51456 (with blocking: 51456)
device: 0x1fc6980 duration: 0.206925
delta: 47220
.device: 0x1fc6980 kernel from: 0 to: 372736 -> range: 372736
device: 0x1fc6980 duration: 0.155179
device: gfx906 (0x1fc6980)  kernel from: 0 to: 51456 -> range: 51456 (with blocking: 51456)
device: 0x1fc6980 duration: 0.206979
delta: 15213.2
.device: 0x1fc6980 kernel from: 0 to: 372736 -> range: 372736
device: 0x1fc6980 duration: 0.155176
device: gfx906 (0x1fc6980)  kernel from: 0 to: 51456 -> range: 51456 (with blocking: 51456)
device: 0x1fc6980 duration: 0.20691
delta: 36443
.device: 0x1fc6980 kernel from: 0 to: 372736 -> range: 372736
device: 0x1fc6980 duration: 0.155006
device: gfx906 (0x1fc6980)  kernel from: 0 to: 51456 -> range: 51456 (with blocking: 51456)
device: 0x1fc6980 duration: 0.207041
delta: 18565.9
.device: 0x1fc6980 kernel from: 0 to: 372736 -> range: 372736
device: 0x1fc6980 duration: 0.155187
device: gfx906 (0x1fc6980)  kernel from: 0 to: 51456 -> range: 51456 (with blocking: 51456)
device: 0x1fc6980 duration: 0.206825
delta: 10655.1
.device: 0x1fc6980 kernel from: 0 to: 372736 -> range: 372736
device: 0x1fc6980 duration: 0.155094
device: gfx906 (0x1fc6980)  kernel from: 0 to: 51456 -> range: 51456 (with blocking: 51456)
device: 0x1fc6980 duration: 0.206829
delta: 55716.1
.device: 0x1fc6980 kernel from: 0 to: 372736 -> range: 372736
device: 0x1fc6980 duration: 0.15511
device: gfx906 (0x1fc6980)  kernel from: 0 to: 51456 -> range: 51456 (with blocking: 51456)
device: 0x1fc6980 duration: 0.206826
delta: 23926.2
.device: 0x1fc6980 kernel from: 0 to: 372736 -> range: 372736
device: 0x1fc6980 duration: 0.155066
device: gfx906 (0x1fc6980)  kernel from: 0 to: 51456 -> range: 51456 (with blocking: 51456)
device: 0x1fc6980 duration: 0.206874
delta: 24712.7
.device: 0x1fc6980 kernel from: 0 to: 372736 -> range: 372736
device: 0x1fc6980 duration: 0.155102
device: gfx906 (0x1fc6980)  kernel from: 0 to: 51456 -> range: 51456 (with blocking: 51456)
device: 0x1fc6980 duration: 0.206821
delta: 219985
.device: 0x1fc6980 kernel from: 0 to: 372736 -> range: 372736
device: 0x1fc6980 duration: 0.155014
device: gfx906 (0x1fc6980)  kernel from: 0 to: 51456 -> range: 51456 (with blocking: 51456)
device: 0x1fc6980 duration: 0.206965
delta: 15175.6
.device: 0x1fc6980 kernel from: 0 to: 372736 -> range: 372736
device: 0x1fc6980 duration: 0.155091
device: gfx906 (0x1fc6980)  kernel from: 0 to: 51456 -> range: 51456 (with blocking: 51456)
device: 0x1fc6980 duration: 0.206768
delta: 25873.9
.device: 0x1fc6980 kernel from: 0 to: 372736 -> range: 372736
device: 0x1fc6980 duration: 0.15509
device: gfx906 (0x1fc6980)  kernel from: 0 to: 51456 -> range: 51456 (with blocking: 51456)
device: 0x1fc6980 duration: 0.206894
delta: 10356.3
.device: 0x1fc6980 kernel from: 0 to: 372736 -> range: 372736
device: 0x1fc6980 duration: 0.155142
device: gfx906 (0x1fc6980)  kernel from: 0 to: 51456 -> range: 51456 (with blocking: 51456)
device: 0x1fc6980 duration: 0.206786
delta: 39463.5
.device: 0x1fc6980 kernel from: 0 to: 372736 -> range: 372736
device: 0x1fc6980 duration: 0.155
device: gfx906 (0x1fc6980)  kernel from: 0 to: 51456 -> range: 51456 (with blocking: 51456)
device: 0x1fc6980 duration: 0.206946
delta: 10853.5
.device: 0x1fc6980 kernel from: 0 to: 372736 -> range: 372736
device: 0x1fc6980 duration: 0.155113
device: gfx906 (0x1fc6980)  kernel from: 0 to: 51456 -> range: 51456 (with blocking: 51456)
device: 0x1fc6980 duration: 0.206865
delta: 34938.7
.device: 0x1fc6980 kernel from: 0 to: 372736 -> range: 372736
device: 0x1fc6980 duration: 0.155029
device: gfx906 (0x1fc6980)  kernel from: 0 to: 51456 -> range: 51456 (with blocking: 51456)
device: 0x1fc6980 duration: 0.206905
delta: 45896.8
.device: 0x1fc6980 kernel from: 0 to: 372736 -> range: 372736
device: 0x1fc6980 duration: 0.155038
device: gfx906 (0x1fc6980)  kernel from: 0 to: 51456 -> range: 51456 (with blocking: 51456)
device: 0x1fc6980 duration: 0.206727
delta: 59269
.device: 0x1fc6980 kernel from: 0 to: 372736 -> range: 372736
device: 0x1fc6980 duration: 0.154999
device: gfx906 (0x1fc6980)  kernel from: 0 to: 51456 -> range: 51456 (with blocking: 51456)
device: 0x1fc6980 duration: 0.206833
delta: 53739.4
.device: 0x1fc6980 kernel from: 0 to: 372736 -> range: 372736
device: 0x1fc6980 duration: 0.155049
device: gfx906 (0x1fc6980)  kernel from: 0 to: 51456 -> range: 51456 (with blocking: 51456)
device: 0x1fc6980 duration: 0.206786
delta: 25913.9
.device: 0x1fc6980 kernel from: 0 to: 372736 -> range: 372736
device: 0x1fc6980 duration: 0.154995
device: gfx906 (0x1fc6980)  kernel from: 0 to: 51456 -> range: 51456 (with blocking: 51456)
device: 0x1fc6980 duration: 0.206809
delta: 32987
.device: 0x1fc6980 kernel from: 0 to: 372736 -> range: 372736
device: 0x1fc6980 duration: 0.154983
device: gfx906 (0x1fc6980)  kernel from: 0 to: 51456 -> range: 51456 (with blocking: 51456)
device: 0x1fc6980 duration: 0.206836
delta: 18499.6
.device: 0x1fc6980 kernel from: 0 to: 372736 -> range: 372736
device: 0x1fc6980 duration: 0.155026
device: gfx906 (0x1fc6980)  kernel from: 0 to: 51456 -> range: 51456 (with blocking: 51456)
device: 0x1fc6980 duration: 0.206792
delta: 59539.5
.device: 0x1fc6980 kernel from: 0 to: 372736 -> range: 372736
device: 0x1fc6980 duration: 0.154953
device: gfx906 (0x1fc6980)  kernel from: 0 to: 51456 -> range: 51456 (with blocking: 51456)
device: 0x1fc6980 duration: 0.206781
delta: 77064.5
.device: 0x1fc6980 kernel from: 0 to: 372736 -> range: 372736
device: 0x1fc6980 duration: 0.154846
device: gfx906 (0x1fc6980)  kernel from: 0 to: 51456 -> range: 51456 (with blocking: 51456)
device: 0x1fc6980 duration: 0.206891
delta: 14790.2
.device: 0x1fc6980 kernel from: 0 to: 372736 -> range: 372736
device: 0x1fc6980 duration: 0.154908
device: gfx906 (0x1fc6980)  kernel from: 0 to: 51456 -> range: 51456 (with blocking: 51456)
device: 0x1fc6980 duration: 0.206886
delta: 16869.5
.device: 0x1fc6980 kernel from: 0 to: 372736 -> range: 372736
device: 0x1fc6980 duration: 0.154912
device: gfx906 (0x1fc6980)  kernel from: 0 to: 51456 -> range: 51456 (with blocking: 51456)
device: 0x1fc6980 duration: 0.206908
delta: 42847.8
.device: 0x1fc6980 kernel from: 0 to: 372736 -> range: 372736
device: 0x1fc6980 duration: 0.155054
device: gfx906 (0x1fc6980)  kernel from: 0 to: 51456 -> range: 51456 (with blocking: 51456)
device: 0x1fc6980 duration: 0.206859
delta: 29079.8
.device: 0x1fc6980 kernel from: 0 to: 372736 -> range: 372736
device: 0x1fc6980 duration: 0.15502
device: gfx906 (0x1fc6980)  kernel from: 0 to: 51456 -> range: 51456 (with blocking: 51456)
device: 0x1fc6980 duration: 0.206706
delta: 240668
.device: 0x1fc6980 kernel from: 0 to: 372736 -> range: 372736
device: 0x1fc6980 duration: 0.154972
device: gfx906 (0x1fc6980)  kernel from: 0 to: 51456 -> range: 51456 (with blocking: 51456)
device: 0x1fc6980 duration: 0.206853
delta: 34620
.device: 0x1fc6980 kernel from: 0 to: 372736 -> range: 372736
device: 0x1fc6980 duration: 0.155018
device: gfx906 (0x1fc6980)  kernel from: 0 to: 51456 -> range: 51456 (with blocking: 51456)
device: 0x1fc6980 duration: 0.206845
delta: 10494.3
.device: 0x1fc6980 kernel from: 0 to: 372736 -> range: 372736
device: 0x1fc6980 duration: 0.155022
device: gfx906 (0x1fc6980)  kernel from: 0 to: 51456 -> range: 51456 (with blocking: 51456)
device: 0x1fc6980 duration: 0.206862
delta: 6958.69
.device: 0x1fc6980 kernel from: 0 to: 372736 -> range: 372736
device: 0x1fc6980 duration: 0.155019
device: gfx906 (0x1fc6980)  kernel from: 0 to: 51456 -> range: 51456 (with blocking: 51456)
device: 0x1fc6980 duration: 0.206859
delta: 44777.4
.device: 0x1fc6980 kernel from: 0 to: 372736 -> range: 372736
device: 0x1fc6980 duration: 0.15501
device: gfx906 (0x1fc6980)  kernel from: 0 to: 51456 -> range: 51456 (with blocking: 51456)
device: 0x1fc6980 duration: 0.20683
delta: 14612.7
.device: 0x1fc6980 kernel from: 0 to: 372736 -> range: 372736
device: 0x1fc6980 duration: 0.154988
device: gfx906 (0x1fc6980)  kernel from: 0 to: 51456 -> range: 51456 (with blocking: 51456)
device: 0x1fc6980 duration: 0.20686
delta: 6565.45
.device: 0x1fc6980 kernel from: 0 to: 372736 -> range: 372736
device: 0x1fc6980 duration: 0.155048
device: gfx906 (0x1fc6980)  kernel from: 0 to: 51456 -> range: 51456 (with blocking: 51456)
device: 0x1fc6980 duration: 0.206837
delta: 183825
.device: 0x1fc6980 kernel from: 0 to: 372736 -> range: 372736
device: 0x1fc6980 duration: 0.154991
device: gfx906 (0x1fc6980)  kernel from: 0 to: 51456 -> range: 51456 (with blocking: 51456)
device: 0x1fc6980 duration: 0.206903
delta: 227351
.device: 0x1fc6980 kernel from: 0 to: 372736 -> range: 372736
device: 0x1fc6980 duration: 0.15492
device: gfx906 (0x1fc6980)  kernel from: 0 to: 51456 -> range: 51456 (with blocking: 51456)
device: 0x1fc6980 duration: 0.206688
delta: 7369.99
.device: 0x1fc6980 kernel from: 0 to: 372736 -> range: 372736
device: 0x1fc6980 duration: 0.155009
device: gfx906 (0x1fc6980)  kernel from: 0 to: 51456 -> range: 51456 (with blocking: 51456)
device: 0x1fc6980 duration: 0.206904
delta: 57853.8
.device: 0x1fc6980 kernel from: 0 to: 372736 -> range: 372736
device: 0x1fc6980 duration: 0.154974
device: gfx906 (0x1fc6980)  kernel from: 0 to: 51456 -> range: 51456 (with blocking: 51456)
device: 0x1fc6980 duration: 0.206785
delta: 9171.35
.device: 0x1fc6980 kernel from: 0 to: 372736 -> range: 372736
device: 0x1fc6980 duration: 0.154952
device: gfx906 (0x1fc6980)  kernel from: 0 to: 51456 -> range: 51456 (with blocking: 51456)
device: 0x1fc6980 duration: 0.206817
delta: 21364.9
.device: 0x1fc6980 kernel from: 0 to: 372736 -> range: 372736
device: 0x1fc6980 duration: 0.154942
device: gfx906 (0x1fc6980)  kernel from: 0 to: 51456 -> range: 51456 (with blocking: 51456)
device: 0x1fc6980 duration: 0.206815
delta: 14216.2
.device: 0x1fc6980 kernel from: 0 to: 372736 -> range: 372736
device: 0x1fc6980 duration: 0.15483
device: gfx906 (0x1fc6980)  kernel from: 0 to: 51456 -> range: 51456 (with blocking: 51456)
device: 0x1fc6980 duration: 0.206884
delta: 11590.6
.device: 0x1fc6980 kernel from: 0 to: 372736 -> range: 372736
device: 0x1fc6980 duration: 0.154964
device: gfx906 (0x1fc6980)  kernel from: 0 to: 51456 -> range: 51456 (with blocking: 51456)
device: 0x1fc6980 duration: 0.206825
delta: 14761.6
.device: 0x1fc6980 kernel from: 0 to: 372736 -> range: 372736
device: 0x1fc6980 duration: 0.154933
device: gfx906 (0x1fc6980)  kernel from: 0 to: 51456 -> range: 51456 (with blocking: 51456)
device: 0x1fc6980 duration: 0.206799
delta: 18967.4
.device: 0x1fc6980 kernel from: 0 to: 372736 -> range: 372736
device: 0x1fc6980 duration: 0.154894
device: gfx906 (0x1fc6980)  kernel from: 0 to: 51456 -> range: 51456 (with blocking: 51456)
device: 0x1fc6980 duration: 0.206814
device: 0x1fc6980 kernel from: 0 to: 372736 -> range: 372736
device: 0x1fc6980 duration: 0.154834
device: gfx906 (0x1fc6980)  kernel from: 0 to: 51456 -> range: 51456 (with blocking: 51456)
device: 0x1fc6980 duration: 0.206828
delta: 407260
.device: 0x1fc6980 kernel from: 0 to: 372736 -> range: 372736
device: 0x1fc6980 duration: 0.15483
device: gfx906 (0x1fc6980)  kernel from: 0 to: 51456 -> range: 51456 (with blocking: 51456)
device: 0x1fc6980 duration: 0.20682
delta: 13796.1
.device: 0x1fc6980 kernel from: 0 to: 372736 -> range: 372736
device: 0x1fc6980 duration: 0.154885
device: gfx906 (0x1fc6980)  kernel from: 0 to: 51456 -> range: 51456 (with blocking: 51456)
device: 0x1fc6980 duration: 0.206817
delta: 7818.33
.device: 0x1fc6980 kernel from: 0 to: 372736 -> range: 372736
device: 0x1fc6980 duration: 0.154844
device: gfx906 (0x1fc6980)  kernel from: 0 to: 51456 -> range: 51456 (with blocking: 51456)
device: 0x1fc6980 duration: 0.206696
delta: 10354.7
.device: 0x1fc6980 kernel from: 0 to: 372736 -> range: 372736
device: 0x1fc6980 duration: 0.154913
device: gfx906 (0x1fc6980)  kernel from: 0 to: 51456 -> range: 51456 (with blocking: 51456)
device: 0x1fc6980 duration: 0.20646
delta: 10833.9
.device: 0x1fc6980 kernel from: 0 to: 372736 -> range: 372736
device: 0x1fc6980 duration: 0.154863
device: gfx906 (0x1fc6980)  kernel from: 0 to: 51456 -> range: 51456 (with blocking: 51456)
device: 0x1fc6980 duration: 0.206739
delta: 120388
.device: 0x1fc6980 kernel from: 0 to: 372736 -> range: 372736
device: 0x1fc6980 duration: 0.154928
device: gfx906 (0x1fc6980)  kernel from: 0 to: 51456 -> range: 51456 (with blocking: 51456)
device: 0x1fc6980 duration: 0.206739
delta: 12522.8
.device: 0x1fc6980 kernel from: 0 to: 372736 -> range: 372736
device: 0x1fc6980 duration: 0.15491
device: gfx906 (0x1fc6980)  kernel from: 0 to: 51456 -> range: 51456 (with blocking: 51456)
device: 0x1fc6980 duration: 0.206719
delta: 70810.4
.device: 0x1fc6980 kernel from: 0 to: 372736 -> range: 372736
device: 0x1fc6980 duration: 0.154745
device: gfx906 (0x1fc6980)  kernel from: 0 to: 51456 -> range: 51456 (with blocking: 51456)
device: 0x1fc6980 duration: 0.206748
delta: 18043.5
.device: 0x1fc6980 kernel from: 0 to: 372736 -> range: 372736
device: 0x1fc6980 duration: 0.154789
device: gfx906 (0x1fc6980)  kernel from: 0 to: 51456 -> range: 51456 (with blocking: 51456)
device: 0x1fc6980 duration: 0.206743
delta: 24020.2
.device: 0x1fc6980 kernel from: 0 to: 372736 -> range: 372736
device: 0x1fc6980 duration: 0.154882
device: gfx906 (0x1fc6980)  kernel from: 0 to: 51456 -> range: 51456 (with blocking: 51456)
device: 0x1fc6980 duration: 0.206797
delta: 10234.4
.device: 0x1fc6980 kernel from: 0 to: 372736 -> range: 372736
device: 0x1fc6980 duration: 0.154869
device: gfx906 (0x1fc6980)  kernel from: 0 to: 51456 -> range: 51456 (with blocking: 51456)
device: 0x1fc6980 duration: 0.206593
delta: 48682.3
.device: 0x1fc6980 kernel from: 0 to: 372736 -> range: 372736
device: 0x1fc6980 duration: 0.154803
device: gfx906 (0x1fc6980)  kernel from: 0 to: 51456 -> range: 51456 (with blocking: 51456)
device: 0x1fc6980 duration: 0.206627
delta: 9493.67
.device: 0x1fc6980 kernel from: 0 to: 372736 -> range: 372736
device: 0x1fc6980 duration: 0.154818
device: gfx906 (0x1fc6980)  kernel from: 0 to: 51456 -> range: 51456 (with blocking: 51456)
device: 0x1fc6980 duration: 0.206592
delta: 15462.8
.device: 0x1fc6980 kernel from: 0 to: 372736 -> range: 372736
device: 0x1fc6980 duration: 0.154878
device: gfx906 (0x1fc6980)  kernel from: 0 to: 51456 -> range: 51456 (with blocking: 51456)
device: 0x1fc6980 duration: 0.206733
delta: 12987.1
.device: 0x1fc6980 kernel from: 0 to: 372736 -> range: 372736
device: 0x1fc6980 duration: 0.154878
device: gfx906 (0x1fc6980)  kernel from: 0 to: 51456 -> range: 51456 (with blocking: 51456)
device: 0x1fc6980 duration: 0.206776
delta: 25357.1
.device: 0x1fc6980 kernel from: 0 to: 372736 -> range: 372736
device: 0x1fc6980 duration: 0.154851
device: gfx906 (0x1fc6980)  kernel from: 0 to: 51456 -> range: 51456 (with blocking: 51456)
device: 0x1fc6980 duration: 0.206639
delta: 11551.5
.device: 0x1fc6980 kernel from: 0 to: 372736 -> range: 372736
device: 0x1fc6980 duration: 0.154857
device: gfx906 (0x1fc6980)  kernel from: 0 to: 51456 -> range: 51456 (with blocking: 51456)
device: 0x1fc6980 duration: 0.206736
delta: 19452.6
.device: 0x1fc6980 kernel from: 0 to: 372736 -> range: 372736
device: 0x1fc6980 duration: 0.154698
device: gfx906 (0x1fc6980)  kernel from: 0 to: 51456 -> range: 51456 (with blocking: 51456)
device: 0x1fc6980 duration: 0.206552
delta: 107357
.device: 0x1fc6980 kernel from: 0 to: 372736 -> range: 372736
device: 0x1fc6980 duration: 0.154832
device: gfx906 (0x1fc6980)  kernel from: 0 to: 51456 -> range: 51456 (with blocking: 51456)
device: 0x1fc6980 duration: 0.206685
delta: 5128.98
.device: 0x1fc6980 kernel from: 0 to: 372736 -> range: 372736
device: 0x1fc6980 duration: 0.15485
device: gfx906 (0x1fc6980)  kernel from: 0 to: 51456 -> range: 51456 (with blocking: 51456)
device: 0x1fc6980 duration: 0.20671
delta: 17976.3
.device: 0x1fc6980 kernel from: 0 to: 372736 -> range: 372736
device: 0x1fc6980 duration: 0.154679
device: gfx906 (0x1fc6980)  kernel from: 0 to: 51456 -> range: 51456 (with blocking: 51456)
device: 0x1fc6980 duration: 0.206654
delta: 76079.1
.device: 0x1fc6980 kernel from: 0 to: 372736 -> range: 372736
device: 0x1fc6980 duration: 0.154836
device: gfx906 (0x1fc6980)  kernel from: 0 to: 51456 -> range: 51456 (with blocking: 51456)
device: 0x1fc6980 duration: 0.206604
delta: 14732.3
.device: 0x1fc6980 kernel from: 0 to: 372736 -> range: 372736
device: 0x1fc6980 duration: 0.154751
device: gfx906 (0x1fc6980)  kernel from: 0 to: 51456 -> range: 51456 (with blocking: 51456)
device: 0x1fc6980 duration: 0.206699
delta: 4732.72
.device: 0x1fc6980 kernel from: 0 to: 372736 -> range: 372736
device: 0x1fc6980 duration: 0.154911
device: gfx906 (0x1fc6980)  kernel from: 0 to: 51456 -> range: 51456 (with blocking: 51456)
device: 0x1fc6980 duration: 0.206661
delta: 136502
.device: 0x1fc6980 kernel from: 0 to: 372736 -> range: 372736
device: 0x1fc6980 duration: 0.154894
device: gfx906 (0x1fc6980)  kernel from: 0 to: 51456 -> range: 51456 (with blocking: 51456)
device: 0x1fc6980 duration: 0.20682
delta: 6939.21
.device: 0x1fc6980 kernel from: 0 to: 372736 -> range: 372736
device: 0x1fc6980 duration: 0.154935
device: gfx906 (0x1fc6980)  kernel from: 0 to: 51456 -> range: 51456 (with blocking: 51456)
device: 0x1fc6980 duration: 0.206824
delta: 7758.66
.device: 0x1fc6980 kernel from: 0 to: 372736 -> range: 372736
device: 0x1fc6980 duration: 0.154968
device: gfx906 (0x1fc6980)  kernel from: 0 to: 51456 -> range: 51456 (with blocking: 51456)
device: 0x1fc6980 duration: 0.206767
delta: 225367
.device: 0x1fc6980 kernel from: 0 to: 372736 -> range: 372736
device: 0x1fc6980 duration: 0.154901
device: gfx906 (0x1fc6980)  kernel from: 0 to: 51456 -> range: 51456 (with blocking: 51456)
device: 0x1fc6980 duration: 0.206823
delta: 16254.2
.device: 0x1fc6980 kernel from: 0 to: 372736 -> range: 372736
device: 0x1fc6980 duration: 0.15492
device: gfx906 (0x1fc6980)  kernel from: 0 to: 51456 -> range: 51456 (with blocking: 51456)
device: 0x1fc6980 duration: 0.206737
delta: 3913.01
.device: 0x1fc6980 kernel from: 0 to: 372736 -> range: 372736
device: 0x1fc6980 duration: 0.154808
device: gfx906 (0x1fc6980)  kernel from: 0 to: 51456 -> range: 51456 (with blocking: 51456)
device: 0x1fc6980 duration: 0.206718
delta: 8412.65
.device: 0x1fc6980 kernel from: 0 to: 372736 -> range: 372736
device: 0x1fc6980 duration: 0.154754
device: gfx906 (0x1fc6980)  kernel from: 0 to: 51456 -> range: 51456 (with blocking: 51456)
device: 0x1fc6980 duration: 0.206621
delta: 16462.1
.device: 0x1fc6980 kernel from: 0 to: 372736 -> range: 372736
device: 0x1fc6980 duration: 0.154786
device: gfx906 (0x1fc6980)  kernel from: 0 to: 51456 -> range: 51456 (with blocking: 51456)
device: 0x1fc6980 duration: 0.206748
delta: 13832.1
.device: 0x1fc6980 kernel from: 0 to: 372736 -> range: 372736
device: 0x1fc6980 duration: 0.154792
device: gfx906 (0x1fc6980)  kernel from: 0 to: 51456 -> range: 51456 (with blocking: 51456)
device: 0x1fc6980 duration: 0.20673
delta: 22642.8
.device: 0x1fc6980 kernel from: 0 to: 372736 -> range: 372736
device: 0x1fc6980 duration: 0.154833
device: gfx906 (0x1fc6980)  kernel from: 0 to: 51456 -> range: 51456 (with blocking: 51456)
device: 0x1fc6980 duration: 0.206755
delta: 19671.2
.device: 0x1fc6980 kernel from: 0 to: 372736 -> range: 372736
device: 0x1fc6980 duration: 0.154834
device: gfx906 (0x1fc6980)  kernel from: 0 to: 51456 -> range: 51456 (with blocking: 51456)
device: 0x1fc6980 duration: 0.206674
delta: 17948.9
.device: 0x1fc6980 kernel from: 0 to: 372736 -> range: 372736
device: 0x1fc6980 duration: 0.154833
device: gfx906 (0x1fc6980)  kernel from: 0 to: 51456 -> range: 51456 (with blocking: 51456)
device: 0x1fc6980 duration: 0.206627
delta: 280030
.device: 0x1fc6980 kernel from: 0 to: 372736 -> range: 372736
device: 0x1fc6980 duration: 0.154648
device: gfx906 (0x1fc6980)  kernel from: 0 to: 51456 -> range: 51456 (with blocking: 51456)
device: 0x1fc6980 duration: 0.20673
delta: 33785.2
.device: 0x1fc6980 kernel from: 0 to: 372736 -> range: 372736
device: 0x1fc6980 duration: 0.154796
device: gfx906 (0x1fc6980)  kernel from: 0 to: 51456 -> range: 51456 (with blocking: 51456)
device: 0x1fc6980 duration: 0.206625
delta: 8765.29
.device: 0x1fc6980 kernel from: 0 to: 372736 -> range: 372736
device: 0x1fc6980 duration: 0.155929
device: gfx906 (0x1fc6980)  kernel from: 0 to: 51456 -> range: 51456 (with blocking: 51456)
device: 0x1fc6980 duration: 0.206712
delta: 5723.58
.device: 0x1fc6980 kernel from: 0 to: 372736 -> range: 372736
device: 0x1fc6980 duration: 0.154816
device: gfx906 (0x1fc6980)  kernel from: 0 to: 51456 -> range: 51456 (with blocking: 51456)
device: 0x1fc6980 duration: 0.206665
delta: 14861.7
.device: 0x1fc6980 kernel from: 0 to: 372736 -> range: 372736
device: 0x1fc6980 duration: 0.154819
device: gfx906 (0x1fc6980)  kernel from: 0 to: 51456 -> range: 51456 (with blocking: 51456)
device: 0x1fc6980 duration: 0.206573
delta: 19215
.device: 0x1fc6980 kernel from: 0 to: 372736 -> range: 372736
device: 0x1fc6980 duration: 0.154749
device: gfx906 (0x1fc6980)  kernel from: 0 to: 51456 -> range: 51456 (with blocking: 51456)
device: 0x1fc6980 duration: 0.206618
delta: 12683.2
.device: 0x1fc6980 kernel from: 0 to: 372736 -> range: 372736
device: 0x1fc6980 duration: 0.154847
device: gfx906 (0x1fc6980)  kernel from: 0 to: 51456 -> range: 51456 (with blocking: 51456)
device: 0x1fc6980 duration: 0.20666
delta: 6545.01
.device: 0x1fc6980 kernel from: 0 to: 372736 -> range: 372736
device: 0x1fc6980 duration: 0.154768
device: gfx906 (0x1fc6980)  kernel from: 0 to: 51456 -> range: 51456 (with blocking: 51456)
device: 0x1fc6980 duration: 0.206664
delta: 12271.2
.device: 0x1fc6980 kernel from: 0 to: 372736 -> range: 372736
device: 0x1fc6980 duration: 0.154796
device: gfx906 (0x1fc6980)  kernel from: 0 to: 51456 -> range: 51456 (with blocking: 51456)
device: 0x1fc6980 duration: 0.206679
delta: 145799
.device: 0x1fc6980 kernel from: 0 to: 372736 -> range: 372736
device: 0x1fc6980 duration: 0.154739
device: gfx906 (0x1fc6980)  kernel from: 0 to: 51456 -> range: 51456 (with blocking: 51456)
device: 0x1fc6980 duration: 0.206542
delta: 14625.4
.device: 0x1fc6980 kernel from: 0 to: 372736 -> range: 372736
device: 0x1fc6980 duration: 0.15481
device: gfx906 (0x1fc6980)  kernel from: 0 to: 51456 -> range: 51456 (with blocking: 51456)
device: 0x1fc6980 duration: 0.206612
delta: 7408.72
.device: 0x1fc6980 kernel from: 0 to: 372736 -> range: 372736
device: 0x1fc6980 duration: 0.154675
device: gfx906 (0x1fc6980)  kernel from: 0 to: 51456 -> range: 51456 (with blocking: 51456)
device: 0x1fc6980 duration: 0.206716
delta: 11677.5
.device: 0x1fc6980 kernel from: 0 to: 372736 -> range: 372736
device: 0x1fc6980 duration: 0.154814
device: gfx906 (0x1fc6980)  kernel from: 0 to: 51456 -> range: 51456 (with blocking: 51456)
device: 0x1fc6980 duration: 0.206607
delta: 8385.47
.device: 0x1fc6980 kernel from: 0 to: 372736 -> range: 372736
device: 0x1fc6980 duration: 0.154835
device: gfx906 (0x1fc6980)  kernel from: 0 to: 51456 -> range: 51456 (with blocking: 51456)
device: 0x1fc6980 duration: 0.206586
device: 0x1fc6980 kernel from: 0 to: 372736 -> range: 372736
device: 0x1fc6980 duration: 0.154674
device: gfx906 (0x1fc6980)  kernel from: 0 to: 51456 -> range: 51456 (with blocking: 51456)
device: 0x1fc6980 duration: 0.206559
delta: 109802
.device: 0x1fc6980 kernel from: 0 to: 372736 -> range: 372736
device: 0x1fc6980 duration: 0.154609
device: gfx906 (0x1fc6980)  kernel from: 0 to: 51456 -> range: 51456 (with blocking: 51456)
device: 0x1fc6980 duration: 0.206591
delta: 3054.19
.device: 0x1fc6980 kernel from: 0 to: 372736 -> range: 372736
device: 0x1fc6980 duration: 0.154795
device: gfx906 (0x1fc6980)  kernel from: 0 to: 51456 -> range: 51456 (with blocking: 51456)
device: 0x1fc6980 duration: 0.206603
delta: 3275.72
.device: 0x1fc6980 kernel from: 0 to: 372736 -> range: 372736
device: 0x1fc6980 duration: 0.154772
device: gfx906 (0x1fc6980)  kernel from: 0 to: 51456 -> range: 51456 (with blocking: 51456)
device: 0x1fc6980 duration: 0.206585
delta: 224044
.device: 0x1fc6980 kernel from: 0 to: 372736 -> range: 372736
device: 0x1fc6980 duration: 0.154775
device: gfx906 (0x1fc6980)  kernel from: 0 to: 51456 -> range: 51456 (with blocking: 51456)
device: 0x1fc6980 duration: 0.206637
delta: 51182.7
.device: 0x1fc6980 kernel from: 0 to: 372736 -> range: 372736
device: 0x1fc6980 duration: 0.154637
device: gfx906 (0x1fc6980)  kernel from: 0 to: 51456 -> range: 51456 (with blocking: 51456)
device: 0x1fc6980 duration: 0.206638
delta: 10007.9
.device: 0x1fc6980 kernel from: 0 to: 372736 -> range: 372736
device: 0x1fc6980 duration: 0.154739
device: gfx906 (0x1fc6980)  kernel from: 0 to: 51456 -> range: 51456 (with blocking: 51456)
device: 0x1fc6980 duration: 0.206749
delta: 15190.2
.device: 0x1fc6980 kernel from: 0 to: 372736 -> range: 372736
device: 0x1fc6980 duration: 0.154787
device: gfx906 (0x1fc6980)  kernel from: 0 to: 51456 -> range: 51456 (with blocking: 51456)
device: 0x1fc6980 duration: 0.206506
delta: 13597.1
.device: 0x1fc6980 kernel from: 0 to: 372736 -> range: 372736
device: 0x1fc6980 duration: 0.154769
device: gfx906 (0x1fc6980)  kernel from: 0 to: 51456 -> range: 51456 (with blocking: 51456)
device: 0x1fc6980 duration: 0.206648
delta: 7447.28
.device: 0x1fc6980 kernel from: 0 to: 372736 -> range: 372736
device: 0x1fc6980 duration: 0.15483
device: gfx906 (0x1fc6980)  kernel from: 0 to: 51456 -> range: 51456 (with blocking: 51456)
device: 0x1fc6980 duration: 0.206636
delta: 7910.6
.device: 0x1fc6980 kernel from: 0 to: 372736 -> range: 372736
device: 0x1fc6980 duration: 0.154697
device: gfx906 (0x1fc6980)  kernel from: 0 to: 51456 -> range: 51456 (with blocking: 51456)
device: 0x1fc6980 duration: 0.206677
delta: 3155.38
.device: 0x1fc6980 kernel from: 0 to: 372736 -> range: 372736
device: 0x1fc6980 duration: 0.154838
device: gfx906 (0x1fc6980)  kernel from: 0 to: 51456 -> range: 51456 (with blocking: 51456)
device: 0x1fc6980 duration: 0.206597
delta: 34609
.device: 0x1fc6980 kernel from: 0 to: 372736 -> range: 372736
device: 0x1fc6980 duration: 0.154725
device: gfx906 (0x1fc6980)  kernel from: 0 to: 51456 -> range: 51456 (with blocking: 51456)
device: 0x1fc6980 duration: 0.206553
delta: 224049
.device: 0x1fc6980 kernel from: 0 to: 372736 -> range: 372736
device: 0x1fc6980 duration: 0.154765
device: gfx906 (0x1fc6980)  kernel from: 0 to: 51456 -> range: 51456 (with blocking: 51456)
device: 0x1fc6980 duration: 0.206537
delta: 6788.27
.device: 0x1fc6980 kernel from: 0 to: 372736 -> range: 372736
device: 0x1fc6980 duration: 0.154699
device: gfx906 (0x1fc6980)  kernel from: 0 to: 51456 -> range: 51456 (with blocking: 51456)
device: 0x1fc6980 duration: 0.206659
delta: 26676.7
.device: 0x1fc6980 kernel from: 0 to: 372736 -> range: 372736
device: 0x1fc6980 duration: 0.154719
device: gfx906 (0x1fc6980)  kernel from: 0 to: 51456 -> range: 51456 (with blocking: 51456)
device: 0x1fc6980 duration: 0.206452
delta: 26457.2
.device: 0x1fc6980 kernel from: 0 to: 372736 -> range: 372736
device: 0x1fc6980 duration: 0.154656
device: gfx906 (0x1fc6980)  kernel from: 0 to: 51456 -> range: 51456 (with blocking: 51456)
device: 0x1fc6980 duration: 0.206539
delta: 3687.71
.device: 0x1fc6980 kernel from: 0 to: 372736 -> range: 372736
device: 0x1fc6980 duration: 0.154833
device: gfx906 (0x1fc6980)  kernel from: 0 to: 51456 -> range: 51456 (with blocking: 51456)
device: 0x1fc6980 duration: 0.206676
delta: 9106.21
.device: 0x1fc6980 kernel from: 0 to: 372736 -> range: 372736
device: 0x1fc6980 duration: 0.154875
device: gfx906 (0x1fc6980)  kernel from: 0 to: 51456 -> range: 51456 (with blocking: 51456)
device: 0x1fc6980 duration: 0.2066
delta: 4707.16
.device: 0x1fc6980 kernel from: 0 to: 372736 -> range: 372736
device: 0x1fc6980 duration: 0.154785
device: gfx906 (0x1fc6980)  kernel from: 0 to: 51456 -> range: 51456 (with blocking: 51456)
device: 0x1fc6980 duration: 0.206609
delta: 5379.63
.device: 0x1fc6980 kernel from: 0 to: 372736 -> range: 372736
device: 0x1fc6980 duration: 0.154782
device: gfx906 (0x1fc6980)  kernel from: 0 to: 51456 -> range: 51456 (with blocking: 51456)
device: 0x1fc6980 duration: 0.206609
delta: 33467.7
.device: 0x1fc6980 kernel from: 0 to: 372736 -> range: 372736
device: 0x1fc6980 duration: 0.154787
device: gfx906 (0x1fc6980)  kernel from: 0 to: 51456 -> range: 51456 (with blocking: 51456)
device: 0x1fc6980 duration: 0.206736
delta: 191006
.device: 0x1fc6980 kernel from: 0 to: 372736 -> range: 372736
device: 0x1fc6980 duration: 0.154768
device: gfx906 (0x1fc6980)  kernel from: 0 to: 51456 -> range: 51456 (with blocking: 51456)
device: 0x1fc6980 duration: 0.206577
delta: 3456.73
.device: 0x1fc6980 kernel from: 0 to: 372736 -> range: 372736
device: 0x1fc6980 duration: 0.15483
device: gfx906 (0x1fc6980)  kernel from: 0 to: 51456 -> range: 51456 (with blocking: 51456)
device: 0x1fc6980 duration: 0.206684
delta: 35306.4
.device: 0x1fc6980 kernel from: 0 to: 372736 -> range: 372736
device: 0x1fc6980 duration: 0.15465
device: gfx906 (0x1fc6980)  kernel from: 0 to: 51456 -> range: 51456 (with blocking: 51456)
device: 0x1fc6980 duration: 0.206555
delta: 5653.98
.device: 0x1fc6980 kernel from: 0 to: 372736 -> range: 372736
device: 0x1fc6980 duration: 0.154809
device: gfx906 (0x1fc6980)  kernel from: 0 to: 51456 -> range: 51456 (with blocking: 51456)
device: 0x1fc6980 duration: 0.206753
delta: 18117.1
.device: 0x1fc6980 kernel from: 0 to: 372736 -> range: 372736
device: 0x1fc6980 duration: 0.154797
device: gfx906 (0x1fc6980)  kernel from: 0 to: 51456 -> range: 51456 (with blocking: 51456)
device: 0x1fc6980 duration: 0.206603
delta: 7712.43
.device: 0x1fc6980 kernel from: 0 to: 372736 -> range: 372736
device: 0x1fc6980 duration: 0.154792
device: gfx906 (0x1fc6980)  kernel from: 0 to: 51456 -> range: 51456 (with blocking: 51456)
device: 0x1fc6980 duration: 0.206661
delta: 12045.1
.device: 0x1fc6980 kernel from: 0 to: 372736 -> range: 372736
device: 0x1fc6980 duration: 0.154667
device: gfx906 (0x1fc6980)  kernel from: 0 to: 51456 -> range: 51456 (with blocking: 51456)
device: 0x1fc6980 duration: 0.206661
delta: 32639.4
.device: 0x1fc6980 kernel from: 0 to: 372736 -> range: 372736
device: 0x1fc6980 duration: 0.154863
device: gfx906 (0x1fc6980)  kernel from: 0 to: 51456 -> range: 51456 (with blocking: 51456)
device: 0x1fc6980 duration: 0.206695
delta: 5551.78
.device: 0x1fc6980 kernel from: 0 to: 372736 -> range: 372736
device: 0x1fc6980 duration: 0.154899
device: gfx906 (0x1fc6980)  kernel from: 0 to: 51456 -> range: 51456 (with blocking: 51456)
device: 0x1fc6980 duration: 0.206669
delta: 8303.15
.device: 0x1fc6980 kernel from: 0 to: 372736 -> range: 372736
device: 0x1fc6980 duration: 0.154879
device: gfx906 (0x1fc6980)  kernel from: 0 to: 51456 -> range: 51456 (with blocking: 51456)
device: 0x1fc6980 duration: 0.206564
delta: 56760.9
.device: 0x1fc6980 kernel from: 0 to: 372736 -> range: 372736
device: 0x1fc6980 duration: 0.154774
device: gfx906 (0x1fc6980)  kernel from: 0 to: 51456 -> range: 51456 (with blocking: 51456)
device: 0x1fc6980 duration: 0.206639
delta: 5266.54
.device: 0x1fc6980 kernel from: 0 to: 372736 -> range: 372736
device: 0x1fc6980 duration: 0.154682
device: gfx906 (0x1fc6980)  kernel from: 0 to: 51456 -> range: 51456 (with blocking: 51456)
device: 0x1fc6980 duration: 0.206611
delta: 3530.32
.device: 0x1fc6980 kernel from: 0 to: 372736 -> range: 372736
device: 0x1fc6980 duration: 0.154798
device: gfx906 (0x1fc6980)  kernel from: 0 to: 51456 -> range: 51456 (with blocking: 51456)
device: 0x1fc6980 duration: 0.206555
delta: 2532.29
.device: 0x1fc6980 kernel from: 0 to: 372736 -> range: 372736
device: 0x1fc6980 duration: 0.154779
device: gfx906 (0x1fc6980)  kernel from: 0 to: 51456 -> range: 51456 (with blocking: 51456)
device: 0x1fc6980 duration: 0.206542
delta: 15490.2
.device: 0x1fc6980 kernel from: 0 to: 372736 -> range: 372736
device: 0x1fc6980 duration: 0.154728
device: gfx906 (0x1fc6980)  kernel from: 0 to: 51456 -> range: 51456 (with blocking: 51456)
device: 0x1fc6980 duration: 0.206441
delta: 8309.38
.device: 0x1fc6980 kernel from: 0 to: 372736 -> range: 372736
device: 0x1fc6980 duration: 0.154667
device: gfx906 (0x1fc6980)  kernel from: 0 to: 51456 -> range: 51456 (with blocking: 51456)
device: 0x1fc6980 duration: 0.206537
delta: 9999.06
.device: 0x1fc6980 kernel from: 0 to: 372736 -> range: 372736
device: 0x1fc6980 duration: 0.154655
device: gfx906 (0x1fc6980)  kernel from: 0 to: 51456 -> range: 51456 (with blocking: 51456)
device: 0x1fc6980 duration: 0.206148
delta: 27706.7
.device: 0x1fc6980 kernel from: 0 to: 372736 -> range: 372736
device: 0x1fc6980 duration: 0.154698
device: gfx906 (0x1fc6980)  kernel from: 0 to: 51456 -> range: 51456 (with blocking: 51456)
device: 0x1fc6980 duration: 0.206478
delta: 5260.9
.device: 0x1fc6980 kernel from: 0 to: 372736 -> range: 372736
device: 0x1fc6980 duration: 0.154743
device: gfx906 (0x1fc6980)  kernel from: 0 to: 51456 -> range: 51456 (with blocking: 51456)
device: 0x1fc6980 duration: 0.206591
delta: 12789.9
.device: 0x1fc6980 kernel from: 0 to: 372736 -> range: 372736
device: 0x1fc6980 duration: 0.154782
device: gfx906 (0x1fc6980)  kernel from: 0 to: 51456 -> range: 51456 (with blocking: 51456)
device: 0x1fc6980 duration: 0.2066
delta: 5476.57
.device: 0x1fc6980 kernel from: 0 to: 372736 -> range: 372736
device: 0x1fc6980 duration: 0.15477
device: gfx906 (0x1fc6980)  kernel from: 0 to: 51456 -> range: 51456 (with blocking: 51456)
device: 0x1fc6980 duration: 0.20662
delta: 29513.5
.device: 0x1fc6980 kernel from: 0 to: 372736 -> range: 372736
device: 0x1fc6980 duration: 0.154763
device: gfx906 (0x1fc6980)  kernel from: 0 to: 51456 -> range: 51456 (with blocking: 51456)
device: 0x1fc6980 duration: 0.206601
delta: 26536.7
.device: 0x1fc6980 kernel from: 0 to: 372736 -> range: 372736
device: 0x1fc6980 duration: 0.154667
device: gfx906 (0x1fc6980)  kernel from: 0 to: 51456 -> range: 51456 (with blocking: 51456)
device: 0x1fc6980 duration: 0.206463
delta: 2473.95
.device: 0x1fc6980 kernel from: 0 to: 372736 -> range: 372736
device: 0x1fc6980 duration: 0.154608
device: gfx906 (0x1fc6980)  kernel from: 0 to: 51456 -> range: 51456 (with blocking: 51456)
device: 0x1fc6980 duration: 0.206669
delta: 5938.03
.device: 0x1fc6980 kernel from: 0 to: 372736 -> range: 372736
device: 0x1fc6980 duration: 0.154726
device: gfx906 (0x1fc6980)  kernel from: 0 to: 51456 -> range: 51456 (with blocking: 51456)
device: 0x1fc6980 duration: 0.206562
delta: 9429.02
.device: 0x1fc6980 kernel from: 0 to: 372736 -> range: 372736
device: 0x1fc6980 duration: 0.154708
device: gfx906 (0x1fc6980)  kernel from: 0 to: 51456 -> range: 51456 (with blocking: 51456)
device: 0x1fc6980 duration: 0.206422
delta: 17798.9
.device: 0x1fc6980 kernel from: 0 to: 372736 -> range: 372736
device: 0x1fc6980 duration: 0.154651
device: gfx906 (0x1fc6980)  kernel from: 0 to: 51456 -> range: 51456 (with blocking: 51456)
device: 0x1fc6980 duration: 0.20639
delta: 88755.8
.device: 0x1fc6980 kernel from: 0 to: 372736 -> range: 372736
device: 0x1fc6980 duration: 0.154682
device: gfx906 (0x1fc6980)  kernel from: 0 to: 51456 -> range: 51456 (with blocking: 51456)
device: 0x1fc6980 duration: 0.206434
delta: 3685.69

Number of iterations: 300 (max. 300)
Final norm of residuum: 3685.69
counted_mult_calls: 306

Needed Iterations: 300
Final residuum: 3685.69
note: performance calculation: coefficients are reused
note: performance calculation: iterations for calculation : 307.5
note: performance calculation: additional iteration for residual recalculation : 6

Current Duration:: 114.719
Current GFlop/s: 2463.37

Finished Training!

Training took: 114.719 seconds

total_duration: 120.219
