./datadriven/examplesOCL/regression_cmd --trainingFileName ../../DissertationCodeGTX/datasets/DR5/DR5_nowarnings_less05_train.arff --testFileName ../../DissertationCodeGTX/datasets/DR5/DR5_nowarnings_less05_test.arff --learnerMode LEARNTEST --grid.level 10 --lambda 1E-5 --grid.type ModLinear --verbose true --additionalConfig results_diss/DR5_scaling_ocl_float_gtx1080ti_7.cfg --operation.type STREAMING --operation.subType OCLUNIFIED --solverFinal.maxIterations 500 --solverFinal.eps 0 --isRegression true --adaptConfig.support_refinement_min_support 500 --adaptConfig.support_refinement_ocl_config results_diss/DR5_scaling_ocl_float_gtx1080ti_7.cfg --adaptConfig.use_support_refinement --do_dummy_ocl_init
training dataset: ../../DissertationCodeGTX/datasets/DR5/DR5_nowarnings_less05_train.arff
OCL Info: 2 OpenCL platforms have been found
OCL Info: detected platform, name: "Intel(R) OpenCL"
OCL Info: detected platform vendor name: "Intel(R) Corporation"
OCL Info: platform not configured, skipping...
OCL Info: detected platform, name: "NVIDIA CUDA"
OCL Info: detected platform vendor name: "NVIDIA Corporation"
OCL Info: using platform, name: "NVIDIA CUDA"
OCL Info: platform device count: 8
OCL Info: detected device, name: "GeForce GTX 1080 Ti"
OCL Info: using device, name: "GeForce GTX 1080 Ti"
OCL Info: detected device, name: "GeForce GTX 1080 Ti"
OCL Info: using device, name: "GeForce GTX 1080 Ti"
OCL Info: detected device, name: "GeForce GTX 1080 Ti"
OCL Info: using device, name: "GeForce GTX 1080 Ti"
OCL Info: detected device, name: "GeForce GTX 1080 Ti"
OCL Info: using device, name: "GeForce GTX 1080 Ti"
OCL Info: detected device, name: "GeForce GTX 1080 Ti"
OCL Info: using device, name: "GeForce GTX 1080 Ti"
OCL Info: detected device, name: "GeForce GTX 1080 Ti"
OCL Info: using device, name: "GeForce GTX 1080 Ti"
OCL Info: detected device, name: "GeForce GTX 1080 Ti"
OCL Info: using device, name: "GeForce GTX 1080 Ti"
OCL Info: detected device, name: "GeForce GTX 1080 Ti"
ocl dummy initalization duration: 8.52293
instances: 371908
support_refinement_min_support: 500
OCL Info: 2 OpenCL platforms have been found
OCL Info: detected platform, name: "Intel(R) OpenCL"
OCL Info: detected platform vendor name: "Intel(R) Corporation"
OCL Info: platform not configured, skipping...
OCL Info: detected platform, name: "NVIDIA CUDA"
OCL Info: detected platform vendor name: "NVIDIA Corporation"
OCL Info: using platform, name: "NVIDIA CUDA"
OCL Info: platform device count: 8
OCL Info: detected device, name: "GeForce GTX 1080 Ti"
OCL Info: using device, name: "GeForce GTX 1080 Ti"
OCL Info: detected device, name: "GeForce GTX 1080 Ti"
OCL Info: using device, name: "GeForce GTX 1080 Ti"
OCL Info: detected device, name: "GeForce GTX 1080 Ti"
OCL Info: using device, name: "GeForce GTX 1080 Ti"
OCL Info: detected device, name: "GeForce GTX 1080 Ti"
OCL Info: using device, name: "GeForce GTX 1080 Ti"
OCL Info: detected device, name: "GeForce GTX 1080 Ti"
OCL Info: using device, name: "GeForce GTX 1080 Ti"
OCL Info: detected device, name: "GeForce GTX 1080 Ti"
OCL Info: using device, name: "GeForce GTX 1080 Ti"
OCL Info: detected device, name: "GeForce GTX 1080 Ti"
OCL Info: using device, name: "GeForce GTX 1080 Ti"
OCL Info: detected device, name: "GeForce GTX 1080 Ti"
ocl_init_duration: 2.26757
building kernel: verify_support
building with optimization flags: 
--- Build Log ---


building with optimization flags: 
--- Build Log ---


building with optimization flags: 
--- Build Log ---


building with optimization flags: 
--- Build Log ---


building with optimization flags: 
--- Build Log ---


building with optimization flags: 
--- Build Log ---


building with optimization flags: 
--- Build Log ---


num_candidates: 1
num_candidates: 1 block_size: 128 num_candidates_per_device: 0
device: 6 range_padded: 128 range_start: 0 range_end: 1
candidates with support: 1
num_candidates: 10
num_candidates: 10 block_size: 128 num_candidates_per_device: 1
device: 6 range_padded: 128 range_start: 0 range_end: 10
candidates with support: 10
num_candidates: 60
num_candidates: 60 block_size: 128 num_candidates_per_device: 8
device: 6 range_padded: 128 range_start: 0 range_end: 60
candidates with support: 52
num_candidates: 236
num_candidates: 236 block_size: 128 num_candidates_per_device: 33
device: 6 range_padded: 256 range_start: 0 range_end: 236
candidates with support: 181
num_candidates: 706
num_candidates: 706 block_size: 128 num_candidates_per_device: 100
device: 6 range_padded: 768 range_start: 0 range_end: 706
candidates with support: 503
num_candidates: 1786
num_candidates: 1786 block_size: 128 num_candidates_per_device: 255
device: 6 range_padded: 1792 range_start: 0 range_end: 1786
candidates with support: 1241
num_candidates: 4140
num_candidates: 4140 block_size: 128 num_candidates_per_device: 591
device: 6 range_padded: 640 range_start: 3546 range_end: 4140
device: device: device: 50 range_padded: device: 640 range_start: 0 range_end: 591
 range_padded: 640 range_start: 29551 range_end:  range_padded: 35462
640 range_padded: device: 3 range_padded: 640 range_start: 1773 range_end: 2364640
 range_start: 1182 range_end: 1773
 range_start: 591 range_end: 1182
device: 4 range_padded: 640 range_start: 2364 range_end: 2955
candidates with support: 2886
num_candidates: 9216
num_candidates: 9216 block_size: 128 num_candidates_per_device: 1316
device: 0 range_padded: 1408 range_start: 0device:  range_end: device: 41316device: device: device: device: 
152 range_padded: 6 range_padded:  range_padded: 140814081408 range_start:  range_start: 7896 range_end: 9216
3 range_padded: 1408 range_start: 3948 range_end: 5264
 range_padded:  range_padded: 1408 range_start: 1316 range_end: 2632
6580 range_end: 7896
 range_start: 2632 range_end: 3948
1408 range_start: 5264 range_end: 6580
candidates with support: 6397
num_candidates: 19682
num_candidates: 19682 block_size: 128 num_candidates_per_device: 2811
device: 0 range_padded: 2816 range_start: 0 range_end: 2811
device: device: 1 range_padded: 2816 range_start: 2811 range_end: 5622
3 range_padded: 2816 range_start: 8433 range_end: 11244device: 
device: device: 5 range_padded: 2816 range_start: 14055 range_end: 16866
6 range_padded: 2816 range_start: 16866 range_end: 19682
4 range_padded: 2816 range_start: 11244 range_end: 14055
device: 2 range_padded: 2816 range_start: 5622 range_end: 8433
candidates with support: 13464
num_candidates: 40066
num_candidates: 40066 block_size: 128 num_candidates_per_device: 5723
device: 0 range_padded: 5760 range_start: device: device: device: device: device: 034device: 56 range_padded: 5760 range_start: 34338 range_end: 40066
 range_padded: 5760 range_start: 28615 range_end: 34338
2 range_end: 5723
 range_padded:  range_padded: 5760 range_start: 17169 range_end: 22892
5760 range_start: 22892 range_end: 28615
 range_padded: 5760 range_start: 11446 range_end: 17169
1 range_padded: 5760 range_start: 5723 range_end: 11446
candidates with support: 26558
datadriven refinement done, grid size: 51293
creating createOperationMultipleEval type: DEFAULT, using base operator factory
creating createOperationMultipleEval grid: Linear type: STREAMING==DEFAULT subType: OCLUNIFIED
OCL Info: 2 OpenCL platforms have been found
OCL Info: detected platform, name: "Intel(R) OpenCL"
OCL Info: detected platform vendor name: "Intel(R) Corporation"
OCL Info: detected platform, name: "NVIDIA CUDA"
OCL Info: detected platform vendor name: "NVIDIA Corporation"
OCL Info: using platform, name: "NVIDIA CUDA"
OCL Info: detected device, name: "GeForce GTX 1080 Ti"
OCL Info: using device, name: "GeForce GTX 1080 Ti"
OCL Info: detected device, name: "GeForce GTX 1080 Ti"
OCL Info: using device, name: "GeForce GTX 1080 Ti"
OCL Info: detected device, name: "GeForce GTX 1080 Ti"
OCL Info: using device, name: "GeForce GTX 1080 Ti"
OCL Info: detected device, name: "GeForce GTX 1080 Ti"
OCL Info: using device, name: "GeForce GTX 1080 Ti"
OCL Info: detected device, name: "GeForce GTX 1080 Ti"
OCL Info: using device, name: "GeForce GTX 1080 Ti"
OCL Info: detected device, name: "GeForce GTX 1080 Ti"
OCL Info: using device, name: "GeForce GTX 1080 Ti"
OCL Info: detected device, name: "GeForce GTX 1080 Ti"
OCL Info: using device, name: "GeForce GTX 1080 Ti"
OCL Info: detected device, name: "GeForce GTX 1080 Ti"
Starting Learning....

Doing refinement: 0
Grid Size: 51293
building with optimization flags: -cl-unsafe-math-optimizations -cl-denorms-are-zero
building with optimization flags: -cl-unsafe-math-optimizations -cl-denorms-are-zero
building with optimization flags: -cl-unsafe-math-optimizations -cl-denorms-are-zero
building with optimization flags: -cl-unsafe-math-optimizations -cl-denorms-are-zero
building with optimization flags: -cl-unsafe-math-optimizations -cl-denorms-are-zero
building with optimization flags: -cl-unsafe-math-optimizations -cl-denorms-are-zero
building with optimization flags: -cl-unsafe-math-optimizations -cl-denorms-are-zero
--- Begin Build Log ---


--- End Build Log ---
--- Begin Build Log ---


--- End Build Log ---
--- Begin Build Log ---


--- End Build Log ---
--- Begin Build Log ---


--- End Build Log ---
--- Begin Build Log ---


--- End Build Log ---
--- Begin Build Log ---


--- End Build Log ---
--- Begin Build Log ---


--- End Build Log ---
duration multTranspose ocl mod: 0.305608
building with optimization flags: -cl-unsafe-math-optimizations -cl-denorms-are-zero
building with optimization flags: -cl-unsafe-math-optimizations -cl-denorms-are-zero
building with optimization flags: -cl-unsafe-math-optimizations -cl-denorms-are-zero
building with optimization flags: -cl-unsafe-math-optimizations -cl-denorms-are-zero
building with optimization flags: -cl-unsafe-math-optimizations -cl-denorms-are-zero
building with optimization flags: -cl-unsafe-math-optimizations -cl-denorms-are-zero
building with optimization flags: -cl-unsafe-math-optimizations -cl-denorms-are-zero
--- Begin Build Log ---


--- End Build Log ---
--- Begin Build Log ---


--- End Build Log ---
--- Begin Build Log ---


--- End Build Log ---
--- Begin Build Log ---


--- End Build Log ---
--- Begin Build Log ---


--- End Build Log ---
--- Begin Build Log ---


--- End Build Log ---
--- Begin Build Log ---


--- End Build Log ---
duration mult ocl mod: 0.304271
duration multTranspose ocl mod: 0.0206832
duration mult ocl mod: 0.0144815
duration multTranspose ocl mod: 0.0201201
duration mult ocl mod: 0.0148662
duration multTranspose ocl mod: 0.0218512
duration mult ocl mod: 0.0150051
duration multTranspose ocl mod: 0.0170844
duration mult ocl mod: 0.0147221
duration multTranspose ocl mod: 0.0218437
duration mult ocl mod: 0.0147944
duration multTranspose ocl mod: 0.0193108
duration mult ocl mod: 0.0145794
duration multTranspose ocl mod: 0.0170701
duration mult ocl mod: 0.0138592
duration multTranspose ocl mod: 0.020402
duration mult ocl mod: 0.0133392
duration multTranspose ocl mod: 0.0156131
duration mult ocl mod: 0.0133977
duration multTranspose ocl mod: 0.0197276
duration mult ocl mod: 0.0136793
duration multTranspose ocl mod: 0.0188336
duration mult ocl mod: 0.0133318
duration multTranspose ocl mod: 0.0269265
duration mult ocl mod: 0.0125117
duration multTranspose ocl mod: 0.0173111
duration mult ocl mod: 0.0122753
duration multTranspose ocl mod: 0.0202945
duration mult ocl mod: 0.0125238
duration multTranspose ocl mod: 0.0167895
duration mult ocl mod: 0.0122001
duration multTranspose ocl mod: 0.0238774
duration mult ocl mod: 0.0120769
duration multTranspose ocl mod: 0.0178865
duration mult ocl mod: 0.0122582
duration multTranspose ocl mod: 0.0184388
duration mult ocl mod: 0.0122327
duration multTranspose ocl mod: 0.0169876
duration mult ocl mod: 0.0121025
duration multTranspose ocl mod: 0.0159305
duration mult ocl mod: 0.0123747
duration multTranspose ocl mod: 0.0144384
duration mult ocl mod: 0.0120591
duration multTranspose ocl mod: 0.0171268
duration mult ocl mod: 0.0121752
duration multTranspose ocl mod: 0.018653
duration mult ocl mod: 0.0121826
duration multTranspose ocl mod: 0.0168185
duration mult ocl mod: 0.0121644
duration multTranspose ocl mod: 0.0171022
duration mult ocl mod: 0.012087
duration multTranspose ocl mod: 0.0165933
duration mult ocl mod: 0.011946
duration multTranspose ocl mod: 0.0170347
duration mult ocl mod: 0.012215
duration multTranspose ocl mod: 0.0173092
duration mult ocl mod: 0.012274
duration multTranspose ocl mod: 0.0169525
duration mult ocl mod: 0.012047
duration multTranspose ocl mod: 0.0172729
duration mult ocl mod: 0.0120976
duration multTranspose ocl mod: 0.0187953
duration mult ocl mod: 0.0120748
duration multTranspose ocl mod: 0.0140793
duration mult ocl mod: 0.0120828
duration multTranspose ocl mod: 0.0171577
duration mult ocl mod: 0.0121188
duration multTranspose ocl mod: 0.0157863
duration mult ocl mod: 0.0120909
duration multTranspose ocl mod: 0.019614
duration mult ocl mod: 0.0120871
duration multTranspose ocl mod: 0.018889
duration mult ocl mod: 0.0122642
duration multTranspose ocl mod: 0.017274
duration mult ocl mod: 0.0119237
duration multTranspose ocl mod: 0.0200408
duration mult ocl mod: 0.0120524
duration multTranspose ocl mod: 0.0174993
duration mult ocl mod: 0.0121796
duration multTranspose ocl mod: 0.0190003
duration mult ocl mod: 0.0122099
duration multTranspose ocl mod: 0.0167105
duration mult ocl mod: 0.0121862
duration multTranspose ocl mod: 0.0176491
duration mult ocl mod: 0.0123552
duration multTranspose ocl mod: 0.0183952
duration mult ocl mod: 0.0121236
duration multTranspose ocl mod: 0.0189873
duration mult ocl mod: 0.0119799
duration multTranspose ocl mod: 0.0174753
duration mult ocl mod: 0.0123341
duration multTranspose ocl mod: 0.0173187
duration mult ocl mod: 0.0120798
duration multTranspose ocl mod: 0.0182177
duration mult ocl mod: 0.012028
duration multTranspose ocl mod: 0.0174809
duration mult ocl mod: 0.0120073
duration multTranspose ocl mod: 0.0185985
duration mult ocl mod: 0.0119781
duration multTranspose ocl mod: 0.0171805
duration mult ocl mod: 0.0122052
duration multTranspose ocl mod: 0.0142153
duration mult ocl mod: 0.0119638
duration multTranspose ocl mod: 0.0170039
duration mult ocl mod: 0.0122218
duration multTranspose ocl mod: 0.0194435
duration mult ocl mod: 0.0119387
duration multTranspose ocl mod: 0.014259
duration mult ocl mod: 0.0121253
duration multTranspose ocl mod: 0.0175635
duration mult ocl mod: 0.0120169
duration multTranspose ocl mod: 0.0198505
duration mult ocl mod: 0.0122797
duration multTranspose ocl mod: 0.0144208
duration mult ocl mod: 0.0121517
duration multTranspose ocl mod: 0.0177568
duration mult ocl mod: 0.0122883
duration multTranspose ocl mod: 0.0167848
duration mult ocl mod: 0.0120513
duration multTranspose ocl mod: 0.0186152
duration mult ocl mod: 0.0119449
duration multTranspose ocl mod: 0.0190428
duration mult ocl mod: 0.011981
duration multTranspose ocl mod: 0.0175064
duration mult ocl mod: 0.0126065
duration multTranspose ocl mod: 0.0180251
duration mult ocl mod: 0.0119788
duration multTranspose ocl mod: 0.0190686
duration mult ocl mod: 0.0120639
duration multTranspose ocl mod: 0.017024
duration mult ocl mod: 0.0122347
duration multTranspose ocl mod: 0.014549
duration mult ocl mod: 0.01229
duration multTranspose ocl mod: 0.0176691
duration mult ocl mod: 0.0118519
duration multTranspose ocl mod: 0.0140198
duration mult ocl mod: 0.0120813
duration multTranspose ocl mod: 0.0180875
duration mult ocl mod: 0.0122887
duration multTranspose ocl mod: 0.01683
duration mult ocl mod: 0.0123849
duration multTranspose ocl mod: 0.0144569
duration mult ocl mod: 0.01209
duration multTranspose ocl mod: 0.0140571
duration mult ocl mod: 0.0126534
duration multTranspose ocl mod: 0.0173047
duration mult ocl mod: 0.0119499
duration multTranspose ocl mod: 0.0166106
duration mult ocl mod: 0.0120906
duration multTranspose ocl mod: 0.018614
duration mult ocl mod: 0.0120902
duration multTranspose ocl mod: 0.0148769
duration mult ocl mod: 0.012153
duration multTranspose ocl mod: 0.0144946
duration mult ocl mod: 0.0119473
duration multTranspose ocl mod: 0.0194435
duration mult ocl mod: 0.0120173
duration multTranspose ocl mod: 0.016393
duration mult ocl mod: 0.0121092
duration multTranspose ocl mod: 0.0142528
duration mult ocl mod: 0.0120209
duration multTranspose ocl mod: 0.0146066
duration mult ocl mod: 0.0122457
duration multTranspose ocl mod: 0.0171393
duration mult ocl mod: 0.0121295
duration multTranspose ocl mod: 0.0185034
duration mult ocl mod: 0.0123698
duration multTranspose ocl mod: 0.0169192
duration mult ocl mod: 0.0124302
duration multTranspose ocl mod: 0.0208744
duration mult ocl mod: 0.0119875
duration multTranspose ocl mod: 0.0170001
duration mult ocl mod: 0.0119152
duration multTranspose ocl mod: 0.0139289
duration mult ocl mod: 0.0120596
duration multTranspose ocl mod: 0.0138776
duration mult ocl mod: 0.0120881
duration multTranspose ocl mod: 0.0183844
duration mult ocl mod: 0.0122601
duration multTranspose ocl mod: 0.0137804
duration mult ocl mod: 0.0119218
duration multTranspose ocl mod: 0.0174589
duration mult ocl mod: 0.0122166
duration multTranspose ocl mod: 0.0143558
duration mult ocl mod: 0.0122017
duration multTranspose ocl mod: 0.0172996
duration mult ocl mod: 0.012045
duration multTranspose ocl mod: 0.0190007
duration mult ocl mod: 0.012096
duration multTranspose ocl mod: 0.017952
duration mult ocl mod: 0.0118519
duration multTranspose ocl mod: 0.0170527
duration mult ocl mod: 0.0120851
duration multTranspose ocl mod: 0.0172588
duration mult ocl mod: 0.0123122
duration multTranspose ocl mod: 0.018251
duration mult ocl mod: 0.0118545
duration multTranspose ocl mod: 0.0176898
duration mult ocl mod: 0.0121453
duration multTranspose ocl mod: 0.0172598
duration mult ocl mod: 0.0122602
duration multTranspose ocl mod: 0.0137186
duration mult ocl mod: 0.012024
duration multTranspose ocl mod: 0.0178194
duration mult ocl mod: 0.0120654
duration multTranspose ocl mod: 0.0197728
duration mult ocl mod: 0.0122893
duration multTranspose ocl mod: 0.0174324
duration mult ocl mod: 0.0122192
duration multTranspose ocl mod: 0.0157213
duration mult ocl mod: 0.0119897
duration multTranspose ocl mod: 0.0139805
duration mult ocl mod: 0.0126792
duration multTranspose ocl mod: 0.019782
duration mult ocl mod: 0.0120529
duration multTranspose ocl mod: 0.0167179
duration mult ocl mod: 0.0119858
duration multTranspose ocl mod: 0.0169685
duration mult ocl mod: 0.0138105
duration multTranspose ocl mod: 0.0192861
duration mult ocl mod: 0.0119677
duration multTranspose ocl mod: 0.0135424
duration mult ocl mod: 0.0117321
duration multTranspose ocl mod: 0.0133139
duration mult ocl mod: 0.011724
duration multTranspose ocl mod: 0.0156264
duration mult ocl mod: 0.0117809
duration multTranspose ocl mod: 0.0168582
duration mult ocl mod: 0.011731
duration multTranspose ocl mod: 0.0167093
duration mult ocl mod: 0.0117459
duration multTranspose ocl mod: 0.0135228
duration mult ocl mod: 0.0117196
duration multTranspose ocl mod: 0.0133694
duration mult ocl mod: 0.0116972
duration multTranspose ocl mod: 0.0133999
duration mult ocl mod: 0.0116613
duration multTranspose ocl mod: 0.0169359
duration mult ocl mod: 0.0117148
duration multTranspose ocl mod: 0.0133691
duration mult ocl mod: 0.0117349
duration multTranspose ocl mod: 0.0134261
duration mult ocl mod: 0.0116793
duration multTranspose ocl mod: 0.0168892
duration mult ocl mod: 0.0124961
duration multTranspose ocl mod: 0.0141295
duration mult ocl mod: 0.0119871
duration multTranspose ocl mod: 0.0197745
duration mult ocl mod: 0.0120923
duration multTranspose ocl mod: 0.0186135
duration mult ocl mod: 0.0121073
duration multTranspose ocl mod: 0.0177207
duration mult ocl mod: 0.0120499
duration multTranspose ocl mod: 0.0193036
duration mult ocl mod: 0.0120798
duration multTranspose ocl mod: 0.0171836
duration mult ocl mod: 0.0119524
duration multTranspose ocl mod: 0.0170219
duration mult ocl mod: 0.0121236
duration multTranspose ocl mod: 0.0158513
duration mult ocl mod: 0.0120597
duration multTranspose ocl mod: 0.0139129
duration mult ocl mod: 0.0120087
duration multTranspose ocl mod: 0.0179744
duration mult ocl mod: 0.0123055
duration multTranspose ocl mod: 0.0157004
duration mult ocl mod: 0.012136
duration multTranspose ocl mod: 0.0173202
duration mult ocl mod: 0.0120694
duration multTranspose ocl mod: 0.0186246
duration mult ocl mod: 0.0121101
duration multTranspose ocl mod: 0.0176057
duration mult ocl mod: 0.0120316
duration multTranspose ocl mod: 0.0168751
duration mult ocl mod: 0.0123971
duration multTranspose ocl mod: 0.0198382
duration mult ocl mod: 0.0119895
duration multTranspose ocl mod: 0.0186015
duration mult ocl mod: 0.012046
duration multTranspose ocl mod: 0.0139006
duration mult ocl mod: 0.011911
duration multTranspose ocl mod: 0.0168464
duration mult ocl mod: 0.0118639
duration multTranspose ocl mod: 0.0160535
duration mult ocl mod: 0.0120929
duration multTranspose ocl mod: 0.0161984
duration mult ocl mod: 0.0118724
duration multTranspose ocl mod: 0.0175628
duration mult ocl mod: 0.0119621
duration multTranspose ocl mod: 0.017921
duration mult ocl mod: 0.0120568
duration multTranspose ocl mod: 0.0188125
duration mult ocl mod: 0.0122256
duration multTranspose ocl mod: 0.0192361
duration mult ocl mod: 0.0124176
duration multTranspose ocl mod: 0.0172076
duration mult ocl mod: 0.0120269
duration multTranspose ocl mod: 0.0178689
duration mult ocl mod: 0.0119322
duration multTranspose ocl mod: 0.0178418
duration mult ocl mod: 0.0118713
duration multTranspose ocl mod: 0.0169521
duration mult ocl mod: 0.0119649
duration multTranspose ocl mod: 0.0167475
duration mult ocl mod: 0.0119092
duration multTranspose ocl mod: 0.0155548
duration mult ocl mod: 0.0117507
duration multTranspose ocl mod: 0.0181184
duration mult ocl mod: 0.0118147
duration multTranspose ocl mod: 0.0170415
duration mult ocl mod: 0.0117987
duration multTranspose ocl mod: 0.0139958
duration mult ocl mod: 0.011919
duration multTranspose ocl mod: 0.0143383
duration mult ocl mod: 0.0119704
duration multTranspose ocl mod: 0.013947
duration mult ocl mod: 0.0122273
duration multTranspose ocl mod: 0.0136086
duration mult ocl mod: 0.0118399
duration multTranspose ocl mod: 0.0158738
duration mult ocl mod: 0.012224
duration multTranspose ocl mod: 0.0173451
duration mult ocl mod: 0.0119821
duration multTranspose ocl mod: 0.0138616
duration mult ocl mod: 0.0119944
duration multTranspose ocl mod: 0.0172998
duration mult ocl mod: 0.0119193
duration multTranspose ocl mod: 0.0168522
duration mult ocl mod: 0.0118192
duration multTranspose ocl mod: 0.0156187
duration mult ocl mod: 0.0119898
duration multTranspose ocl mod: 0.0173188
duration mult ocl mod: 0.0122124
duration multTranspose ocl mod: 0.0178786
duration mult ocl mod: 0.0121081
duration multTranspose ocl mod: 0.0168389
duration mult ocl mod: 0.0121847
duration multTranspose ocl mod: 0.0174603
duration mult ocl mod: 0.0119183
duration multTranspose ocl mod: 0.0189129
duration mult ocl mod: 0.0119629
duration multTranspose ocl mod: 0.0233801
duration mult ocl mod: 0.0120653
duration multTranspose ocl mod: 0.0134497
duration mult ocl mod: 0.0122112
duration multTranspose ocl mod: 0.0178699
duration mult ocl mod: 0.0124736
duration multTranspose ocl mod: 0.0185808
duration mult ocl mod: 0.0119455
duration multTranspose ocl mod: 0.0143055
duration mult ocl mod: 0.0118172
duration multTranspose ocl mod: 0.0174618
duration mult ocl mod: 0.011706
duration multTranspose ocl mod: 0.0180566
duration mult ocl mod: 0.0117328
duration multTranspose ocl mod: 0.0166999
duration mult ocl mod: 0.0116953
duration multTranspose ocl mod: 0.0135626
duration mult ocl mod: 0.0116557
duration multTranspose ocl mod: 0.013385
duration mult ocl mod: 0.0116615
duration multTranspose ocl mod: 0.017001
duration mult ocl mod: 0.0117933
duration multTranspose ocl mod: 0.0163922
duration mult ocl mod: 0.0117781
duration multTranspose ocl mod: 0.0166197
duration mult ocl mod: 0.0117608
duration multTranspose ocl mod: 0.0188394
duration mult ocl mod: 0.012331
duration multTranspose ocl mod: 0.0168189
duration mult ocl mod: 0.0121806
duration multTranspose ocl mod: 0.0141067
duration mult ocl mod: 0.0120264
duration multTranspose ocl mod: 0.0143715
duration mult ocl mod: 0.0120023
duration multTranspose ocl mod: 0.0135693
duration mult ocl mod: 0.011768
duration multTranspose ocl mod: 0.0169414
duration mult ocl mod: 0.0119766
duration multTranspose ocl mod: 0.0169201
duration mult ocl mod: 0.0120352
duration multTranspose ocl mod: 0.016956
duration mult ocl mod: 0.0118244
duration multTranspose ocl mod: 0.0170253
duration mult ocl mod: 0.0118543
duration multTranspose ocl mod: 0.0169476
duration mult ocl mod: 0.0119347
duration multTranspose ocl mod: 0.0169342
duration mult ocl mod: 0.0121035
duration multTranspose ocl mod: 0.0175698
duration mult ocl mod: 0.0120467
duration multTranspose ocl mod: 0.0142622
duration mult ocl mod: 0.0124351
duration multTranspose ocl mod: 0.0175342
duration mult ocl mod: 0.0121513
duration multTranspose ocl mod: 0.0188198
duration mult ocl mod: 0.0121507
duration multTranspose ocl mod: 0.0182029
duration mult ocl mod: 0.0121032
duration multTranspose ocl mod: 0.0183612
duration mult ocl mod: 0.0119572
duration multTranspose ocl mod: 0.0157774
duration mult ocl mod: 0.0122597
duration multTranspose ocl mod: 0.0184496
duration mult ocl mod: 0.0121192
duration multTranspose ocl mod: 0.0204137
duration mult ocl mod: 0.0118998
duration multTranspose ocl mod: 0.0168914
duration mult ocl mod: 0.0118431
duration multTranspose ocl mod: 0.0172245
duration mult ocl mod: 0.0121404
duration multTranspose ocl mod: 0.0178097
duration mult ocl mod: 0.0118632
duration multTranspose ocl mod: 0.0137961
duration mult ocl mod: 0.0118834
duration multTranspose ocl mod: 0.0168229
duration mult ocl mod: 0.0123741
duration multTranspose ocl mod: 0.0171313
duration mult ocl mod: 0.0122125
duration multTranspose ocl mod: 0.0181797
duration mult ocl mod: 0.0120409
duration multTranspose ocl mod: 0.0174754
duration mult ocl mod: 0.0120906
duration multTranspose ocl mod: 0.0168628
duration mult ocl mod: 0.012099
duration multTranspose ocl mod: 0.0200414
duration mult ocl mod: 0.0121779
duration multTranspose ocl mod: 0.0174027
duration mult ocl mod: 0.0120465
duration multTranspose ocl mod: 0.0172485
duration mult ocl mod: 0.0120947
duration multTranspose ocl mod: 0.0172527
duration mult ocl mod: 0.0119183
duration multTranspose ocl mod: 0.0189056
duration mult ocl mod: 0.0120572
duration multTranspose ocl mod: 0.0171923
duration mult ocl mod: 0.0119013
duration multTranspose ocl mod: 0.0182841
duration mult ocl mod: 0.011779
duration multTranspose ocl mod: 0.0168066
duration mult ocl mod: 0.0117281
duration multTranspose ocl mod: 0.0166192
duration mult ocl mod: 0.0118919
duration multTranspose ocl mod: 0.0165331
duration mult ocl mod: 0.0119801
duration multTranspose ocl mod: 0.0162396
duration mult ocl mod: 0.0118815
duration multTranspose ocl mod: 0.0170073
duration mult ocl mod: 0.0117731
duration multTranspose ocl mod: 0.0165819
duration mult ocl mod: 0.0116746
duration multTranspose ocl mod: 0.0164626
duration mult ocl mod: 0.0117188
duration multTranspose ocl mod: 0.0134569
duration mult ocl mod: 0.0117165
duration multTranspose ocl mod: 0.0134177
duration mult ocl mod: 0.0116895
duration multTranspose ocl mod: 0.0167722
duration mult ocl mod: 0.0117851
duration multTranspose ocl mod: 0.0167955
duration mult ocl mod: 0.0118076
duration multTranspose ocl mod: 0.0168609
duration mult ocl mod: 0.0117143
duration multTranspose ocl mod: 0.0168369
duration mult ocl mod: 0.0118214
duration multTranspose ocl mod: 0.016597
duration mult ocl mod: 0.0117263
duration multTranspose ocl mod: 0.0166695
duration mult ocl mod: 0.011745
duration multTranspose ocl mod: 0.0133609
duration mult ocl mod: 0.0116722
duration multTranspose ocl mod: 0.0166051
duration mult ocl mod: 0.0122495
duration multTranspose ocl mod: 0.0140041
duration mult ocl mod: 0.0117208
duration multTranspose ocl mod: 0.0133952
duration mult ocl mod: 0.0116878
duration multTranspose ocl mod: 0.0166982
duration mult ocl mod: 0.0118071
duration multTranspose ocl mod: 0.0134596
duration mult ocl mod: 0.0116947
duration multTranspose ocl mod: 0.0154263
duration mult ocl mod: 0.0117564
duration multTranspose ocl mod: 0.0134944
duration mult ocl mod: 0.0117036
duration multTranspose ocl mod: 0.0134321
duration mult ocl mod: 0.0117528
duration multTranspose ocl mod: 0.0165504
duration mult ocl mod: 0.0117026
duration multTranspose ocl mod: 0.0190978
duration mult ocl mod: 0.0121561
duration multTranspose ocl mod: 0.0160919
duration mult ocl mod: 0.0123585
duration multTranspose ocl mod: 0.0179042
duration mult ocl mod: 0.0122347
duration multTranspose ocl mod: 0.0177543
duration mult ocl mod: 0.0120639
duration multTranspose ocl mod: 0.013291
duration mult ocl mod: 0.0119115
duration multTranspose ocl mod: 0.017852
duration mult ocl mod: 0.0118158
duration multTranspose ocl mod: 0.0172504
duration mult ocl mod: 0.0118969
duration multTranspose ocl mod: 0.0167154
duration mult ocl mod: 0.0120497
duration multTranspose ocl mod: 0.0152149
duration mult ocl mod: 0.0116965
duration multTranspose ocl mod: 0.0170951
duration mult ocl mod: 0.0118335
duration multTranspose ocl mod: 0.0163067
duration mult ocl mod: 0.0118489
duration multTranspose ocl mod: 0.0169309
duration mult ocl mod: 0.0117247
duration multTranspose ocl mod: 0.0136864
duration mult ocl mod: 0.0117431
duration multTranspose ocl mod: 0.0173009
duration mult ocl mod: 0.012468
duration multTranspose ocl mod: 0.0186616
duration mult ocl mod: 0.0122044
duration multTranspose ocl mod: 0.0175456
duration mult ocl mod: 0.012365
duration multTranspose ocl mod: 0.0185643
duration mult ocl mod: 0.0121509
duration multTranspose ocl mod: 0.0174693
duration mult ocl mod: 0.0122863
duration multTranspose ocl mod: 0.0158499
duration mult ocl mod: 0.0121357
duration multTranspose ocl mod: 0.0177797
duration mult ocl mod: 0.0120576
duration multTranspose ocl mod: 0.0140523
duration mult ocl mod: 0.0118837
duration multTranspose ocl mod: 0.0137003
duration mult ocl mod: 0.0120277
duration multTranspose ocl mod: 0.0175365
duration mult ocl mod: 0.0121622
duration multTranspose ocl mod: 0.0193049
duration mult ocl mod: 0.0123391
duration multTranspose ocl mod: 0.0140232
duration mult ocl mod: 0.0119118
duration multTranspose ocl mod: 0.0161748
duration mult ocl mod: 0.0118126
duration multTranspose ocl mod: 0.0142942
duration mult ocl mod: 0.0119159
duration multTranspose ocl mod: 0.0173886
duration mult ocl mod: 0.0120552
duration multTranspose ocl mod: 0.0189899
duration mult ocl mod: 0.0125079
duration multTranspose ocl mod: 0.0183955
duration mult ocl mod: 0.0122196
duration multTranspose ocl mod: 0.0176947
duration mult ocl mod: 0.0119563
duration multTranspose ocl mod: 0.0190859
duration mult ocl mod: 0.0120932
duration multTranspose ocl mod: 0.017893
duration mult ocl mod: 0.0122774
duration multTranspose ocl mod: 0.0189469
duration mult ocl mod: 0.0118011
duration multTranspose ocl mod: 0.0169384
duration mult ocl mod: 0.0127071
duration multTranspose ocl mod: 0.0173041
duration mult ocl mod: 0.0125235
duration multTranspose ocl mod: 0.0166422
duration mult ocl mod: 0.0118845
duration multTranspose ocl mod: 0.0175524
duration mult ocl mod: 0.012153
duration multTranspose ocl mod: 0.0151409
duration mult ocl mod: 0.0120981
duration multTranspose ocl mod: 0.018314
duration mult ocl mod: 0.0118249
duration multTranspose ocl mod: 0.0156711
duration mult ocl mod: 0.0117864
duration multTranspose ocl mod: 0.0192196
duration mult ocl mod: 0.0121306
duration multTranspose ocl mod: 0.0164686
duration mult ocl mod: 0.0119264
duration multTranspose ocl mod: 0.016988
duration mult ocl mod: 0.0118096
duration multTranspose ocl mod: 0.0134713
duration mult ocl mod: 0.0120227
duration multTranspose ocl mod: 0.0174421
duration mult ocl mod: 0.0120496
duration multTranspose ocl mod: 0.0173343
duration mult ocl mod: 0.0120141
duration multTranspose ocl mod: 0.0194111
duration mult ocl mod: 0.0121572
duration multTranspose ocl mod: 0.0182445
duration mult ocl mod: 0.0120877
duration multTranspose ocl mod: 0.0171511
duration mult ocl mod: 0.0122969
duration multTranspose ocl mod: 0.0168365
duration mult ocl mod: 0.0121684
duration multTranspose ocl mod: 0.0178516
duration mult ocl mod: 0.0123436
duration multTranspose ocl mod: 0.0173263
duration mult ocl mod: 0.0118105
duration multTranspose ocl mod: 0.0146038
duration mult ocl mod: 0.0122294
duration multTranspose ocl mod: 0.0168867
duration mult ocl mod: 0.0119437
duration multTranspose ocl mod: 0.0174381
duration mult ocl mod: 0.0118592
duration multTranspose ocl mod: 0.0136911
duration mult ocl mod: 0.0122306
duration multTranspose ocl mod: 0.0158416
duration mult ocl mod: 0.0117847
duration multTranspose ocl mod: 0.0169373
duration mult ocl mod: 0.0119105
duration multTranspose ocl mod: 0.0179695
duration mult ocl mod: 0.0119094
duration multTranspose ocl mod: 0.0156349
duration mult ocl mod: 0.0119118
duration multTranspose ocl mod: 0.0171935
duration mult ocl mod: 0.0117901
duration multTranspose ocl mod: 0.017181
duration mult ocl mod: 0.0118491
duration multTranspose ocl mod: 0.0179804
duration mult ocl mod: 0.0117301
duration multTranspose ocl mod: 0.0137475
duration mult ocl mod: 0.011915
duration multTranspose ocl mod: 0.0191117
duration mult ocl mod: 0.011794
duration multTranspose ocl mod: 0.0175537
duration mult ocl mod: 0.0124302
duration multTranspose ocl mod: 0.0176852
duration mult ocl mod: 0.0117985
duration multTranspose ocl mod: 0.0136556
duration mult ocl mod: 0.0119077
duration multTranspose ocl mod: 0.015961
duration mult ocl mod: 0.011819
duration multTranspose ocl mod: 0.0155313
duration mult ocl mod: 0.012028
duration multTranspose ocl mod: 0.0170863
duration mult ocl mod: 0.0117026
duration multTranspose ocl mod: 0.0165211
duration mult ocl mod: 0.0120674
duration multTranspose ocl mod: 0.0187929
duration mult ocl mod: 0.0116978
duration multTranspose ocl mod: 0.0166116
duration mult ocl mod: 0.0116935
duration multTranspose ocl mod: 0.0135444
duration mult ocl mod: 0.0118391
duration multTranspose ocl mod: 0.0189039
duration mult ocl mod: 0.0121093
duration multTranspose ocl mod: 0.0168481
duration mult ocl mod: 0.0121082
duration multTranspose ocl mod: 0.0172289
duration mult ocl mod: 0.0119582
duration multTranspose ocl mod: 0.0198122
duration mult ocl mod: 0.01243
duration multTranspose ocl mod: 0.0197224
duration mult ocl mod: 0.0122904
duration multTranspose ocl mod: 0.0192179
duration mult ocl mod: 0.0120355
duration multTranspose ocl mod: 0.0138655
duration mult ocl mod: 0.0120072
duration multTranspose ocl mod: 0.0137386
duration mult ocl mod: 0.0119892
duration multTranspose ocl mod: 0.0219716
duration mult ocl mod: 0.0120186
duration multTranspose ocl mod: 0.0172647
duration mult ocl mod: 0.0119042
duration multTranspose ocl mod: 0.0184509
duration mult ocl mod: 0.0121477
duration multTranspose ocl mod: 0.0161095
duration mult ocl mod: 0.0118014
duration multTranspose ocl mod: 0.0185743
duration mult ocl mod: 0.0121367
duration multTranspose ocl mod: 0.0187263
duration mult ocl mod: 0.0119001
duration multTranspose ocl mod: 0.0142533
duration mult ocl mod: 0.0119247
duration multTranspose ocl mod: 0.0171935
duration mult ocl mod: 0.0119369
duration multTranspose ocl mod: 0.0180722
duration mult ocl mod: 0.0120607
duration multTranspose ocl mod: 0.0136603
duration mult ocl mod: 0.0119838
duration multTranspose ocl mod: 0.0155866
duration mult ocl mod: 0.0118946
duration multTranspose ocl mod: 0.017682
duration mult ocl mod: 0.0122284
duration multTranspose ocl mod: 0.0163301
duration mult ocl mod: 0.0119941
duration multTranspose ocl mod: 0.0177072
duration mult ocl mod: 0.0118044
duration multTranspose ocl mod: 0.0136322
duration mult ocl mod: 0.0121631
duration multTranspose ocl mod: 0.0135578
duration mult ocl mod: 0.0117617
duration multTranspose ocl mod: 0.0186312
duration mult ocl mod: 0.0120184
duration multTranspose ocl mod: 0.0175734
duration mult ocl mod: 0.0118021
duration multTranspose ocl mod: 0.0171451
duration mult ocl mod: 0.0120433
duration multTranspose ocl mod: 0.0139328
duration mult ocl mod: 0.0117671
duration multTranspose ocl mod: 0.0178451
duration mult ocl mod: 0.0118816
duration multTranspose ocl mod: 0.0173615
duration mult ocl mod: 0.011775
duration multTranspose ocl mod: 0.0185036
duration mult ocl mod: 0.0119302
duration multTranspose ocl mod: 0.0170861
duration mult ocl mod: 0.0121294
duration multTranspose ocl mod: 0.0173626
duration mult ocl mod: 0.0120987
duration multTranspose ocl mod: 0.0171137
duration mult ocl mod: 0.0117975
duration multTranspose ocl mod: 0.0166107
duration mult ocl mod: 0.011844
duration multTranspose ocl mod: 0.0172665
duration mult ocl mod: 0.0119559
duration multTranspose ocl mod: 0.0153308
duration mult ocl mod: 0.0117575
duration multTranspose ocl mod: 0.0171958
duration mult ocl mod: 0.0117758
duration multTranspose ocl mod: 0.0172681
duration mult ocl mod: 0.0117061
duration multTranspose ocl mod: 0.0163126
duration mult ocl mod: 0.0117197
duration multTranspose ocl mod: 0.016764
duration mult ocl mod: 0.0118048
duration multTranspose ocl mod: 0.0167922
duration mult ocl mod: 0.0118025
duration multTranspose ocl mod: 0.0153704
duration mult ocl mod: 0.0118072
duration multTranspose ocl mod: 0.0154925
duration mult ocl mod: 0.0116956
duration multTranspose ocl mod: 0.0157132
duration mult ocl mod: 0.0117452
duration multTranspose ocl mod: 0.0163118
duration mult ocl mod: 0.0117746
duration multTranspose ocl mod: 0.0163958
duration mult ocl mod: 0.0117232
duration multTranspose ocl mod: 0.0153287
duration mult ocl mod: 0.011704
duration multTranspose ocl mod: 0.0163693
duration mult ocl mod: 0.0118974
duration multTranspose ocl mod: 0.0179254
duration mult ocl mod: 0.0117265
duration multTranspose ocl mod: 0.0134071
duration mult ocl mod: 0.0116535
duration multTranspose ocl mod: 0.0135793
duration mult ocl mod: 0.0117181
duration multTranspose ocl mod: 0.0132862
duration mult ocl mod: 0.0118372
duration multTranspose ocl mod: 0.0135671
duration mult ocl mod: 0.0118707
duration multTranspose ocl mod: 0.0179211
duration mult ocl mod: 0.0118271
duration multTranspose ocl mod: 0.016552
duration mult ocl mod: 0.0119036
duration multTranspose ocl mod: 0.0178614
duration mult ocl mod: 0.0120044
duration multTranspose ocl mod: 0.01379
duration mult ocl mod: 0.0121253
duration multTranspose ocl mod: 0.0136625
duration mult ocl mod: 0.0120559
duration multTranspose ocl mod: 0.0136079
duration mult ocl mod: 0.0118223
duration multTranspose ocl mod: 0.0135729
duration mult ocl mod: 0.0119257
duration multTranspose ocl mod: 0.0157894
duration mult ocl mod: 0.0120294
duration multTranspose ocl mod: 0.0171163
duration mult ocl mod: 0.01206
duration multTranspose ocl mod: 0.0133663
duration mult ocl mod: 0.0119668
duration multTranspose ocl mod: 0.0154127
duration mult ocl mod: 0.0118795
duration multTranspose ocl mod: 0.0170875
duration mult ocl mod: 0.0119565
duration multTranspose ocl mod: 0.0169694
duration mult ocl mod: 0.0119697
duration multTranspose ocl mod: 0.0169961
duration mult ocl mod: 0.0121438
duration multTranspose ocl mod: 0.0172607
duration mult ocl mod: 0.0121684
duration multTranspose ocl mod: 0.0135524
duration mult ocl mod: 0.0118947
duration multTranspose ocl mod: 0.0154786
duration mult ocl mod: 0.0119666
duration multTranspose ocl mod: 0.0175351
duration mult ocl mod: 0.0120515
duration multTranspose ocl mod: 0.017918
duration mult ocl mod: 0.0120565
duration multTranspose ocl mod: 0.0140817
duration mult ocl mod: 0.011918
duration multTranspose ocl mod: 0.0187246
duration mult ocl mod: 0.0121945
duration multTranspose ocl mod: 0.0173544
duration mult ocl mod: 0.0119149
duration multTranspose ocl mod: 0.01861
duration mult ocl mod: 0.0122434
duration multTranspose ocl mod: 0.0144438
duration mult ocl mod: 0.0119055
duration multTranspose ocl mod: 0.0177781
duration mult ocl mod: 0.012015
duration multTranspose ocl mod: 0.0183468
duration mult ocl mod: 0.0122049
duration multTranspose ocl mod: 0.0143311
duration mult ocl mod: 0.0119052
duration multTranspose ocl mod: 0.014471
duration mult ocl mod: 0.01174
duration multTranspose ocl mod: 0.0133902
duration mult ocl mod: 0.0116563
duration multTranspose ocl mod: 0.0163452
duration mult ocl mod: 0.0117413
duration multTranspose ocl mod: 0.0154204
duration mult ocl mod: 0.0117698
duration multTranspose ocl mod: 0.0167035
duration mult ocl mod: 0.0117299
duration multTranspose ocl mod: 0.0164834
duration mult ocl mod: 0.0117441
duration multTranspose ocl mod: 0.0151515
duration mult ocl mod: 0.0117372
duration multTranspose ocl mod: 0.0165114
duration mult ocl mod: 0.0117619
duration multTranspose ocl mod: 0.0166116
duration mult ocl mod: 0.011728
duration multTranspose ocl mod: 0.0167561
duration mult ocl mod: 0.0117528
duration multTranspose ocl mod: 0.0165201
duration mult ocl mod: 0.0120029
duration multTranspose ocl mod: 0.0171426
duration mult ocl mod: 0.0122911
duration multTranspose ocl mod: 0.0173661
duration mult ocl mod: 0.0119474
duration multTranspose ocl mod: 0.0175067
duration mult ocl mod: 0.0121059
duration multTranspose ocl mod: 0.0169361
duration mult ocl mod: 0.0120377
duration multTranspose ocl mod: 0.0136805
duration mult ocl mod: 0.0118593
duration multTranspose ocl mod: 0.0139323
duration mult ocl mod: 0.0119801
duration multTranspose ocl mod: 0.0138441
duration mult ocl mod: 0.012393
duration multTranspose ocl mod: 0.0179295
duration mult ocl mod: 0.012302
duration multTranspose ocl mod: 0.0174262
duration mult ocl mod: 0.0119214
duration multTranspose ocl mod: 0.0176457
duration mult ocl mod: 0.0120759
duration multTranspose ocl mod: 0.016571
duration mult ocl mod: 0.0120227
duration multTranspose ocl mod: 0.0154696
duration mult ocl mod: 0.0118359
duration multTranspose ocl mod: 0.0195418
duration mult ocl mod: 0.0120098
duration multTranspose ocl mod: 0.0136362
duration mult ocl mod: 0.0120132
duration multTranspose ocl mod: 0.0136855
duration mult ocl mod: 0.0118436
duration multTranspose ocl mod: 0.0167335
duration mult ocl mod: 0.0119785
duration multTranspose ocl mod: 0.0165112
duration mult ocl mod: 0.0121629
duration multTranspose ocl mod: 0.0199014
duration mult ocl mod: 0.0121023
duration multTranspose ocl mod: 0.016713
duration mult ocl mod: 0.0121605
duration multTranspose ocl mod: 0.0170557
duration mult ocl mod: 0.0118768
duration multTranspose ocl mod: 0.0138646
duration mult ocl mod: 0.0119836
duration multTranspose ocl mod: 0.0135713
duration mult ocl mod: 0.0120123
duration multTranspose ocl mod: 0.0139823
duration mult ocl mod: 0.0118448
duration multTranspose ocl mod: 0.0167965
duration mult ocl mod: 0.0119085
duration multTranspose ocl mod: 0.0179102
duration mult ocl mod: 0.011947
duration multTranspose ocl mod: 0.0183794
duration mult ocl mod: 0.0120166
duration multTranspose ocl mod: 0.0150625
duration mult ocl mod: 0.0117864
duration multTranspose ocl mod: 0.016435
duration mult ocl mod: 0.0117259
duration multTranspose ocl mod: 0.0165894
duration mult ocl mod: 0.0120001
duration multTranspose ocl mod: 0.0159755
duration mult ocl mod: 0.0118478
duration multTranspose ocl mod: 0.0172055
duration mult ocl mod: 0.0119035
duration multTranspose ocl mod: 0.0159464
duration mult ocl mod: 0.0117889
duration multTranspose ocl mod: 0.0135151
duration mult ocl mod: 0.0118992
duration multTranspose ocl mod: 0.0167248
duration mult ocl mod: 0.0118476
duration multTranspose ocl mod: 0.0168329
duration mult ocl mod: 0.0120125
duration multTranspose ocl mod: 0.0179843
duration mult ocl mod: 0.0120957
duration multTranspose ocl mod: 0.0179899
duration mult ocl mod: 0.0120996
duration multTranspose ocl mod: 0.0179331
duration mult ocl mod: 0.011837
duration multTranspose ocl mod: 0.0178463
duration mult ocl mod: 0.0118956
duration multTranspose ocl mod: 0.0157749
duration mult ocl mod: 0.0120346
duration multTranspose ocl mod: 0.0177918
duration mult ocl mod: 0.0118527
duration multTranspose ocl mod: 0.0185358
duration mult ocl mod: 0.0121466
duration multTranspose ocl mod: 0.0174998
duration mult ocl mod: 0.011927
duration multTranspose ocl mod: 0.017354
duration mult ocl mod: 0.0119003
duration multTranspose ocl mod: 0.0169507
duration mult ocl mod: 0.0129956
duration multTranspose ocl mod: 0.0185653
duration mult ocl mod: 0.0121982
duration multTranspose ocl mod: 0.0176968
duration mult ocl mod: 0.0122007
duration multTranspose ocl mod: 0.0189062
duration mult ocl mod: 0.0121638
duration multTranspose ocl mod: 0.0185523
duration mult ocl mod: 0.0124837
duration multTranspose ocl mod: 0.0168259
duration mult ocl mod: 0.0120124
duration multTranspose ocl mod: 0.0169432
duration mult ocl mod: 0.0118294
duration multTranspose ocl mod: 0.019637
duration mult ocl mod: 0.0119189
duration multTranspose ocl mod: 0.0154267
duration mult ocl mod: 0.0120463
duration multTranspose ocl mod: 0.0138943
duration mult ocl mod: 0.0118886
duration multTranspose ocl mod: 0.0172146
duration mult ocl mod: 0.0118584
duration multTranspose ocl mod: 0.0154747
duration mult ocl mod: 0.0119739
duration multTranspose ocl mod: 0.0178725
duration mult ocl mod: 0.012082
duration multTranspose ocl mod: 0.0189776
duration mult ocl mod: 0.0120167
duration multTranspose ocl mod: 0.0173106
duration mult ocl mod: 0.0138866
duration multTranspose ocl mod: 0.0170859
duration mult ocl mod: 0.0118371
duration multTranspose ocl mod: 0.0168338
duration mult ocl mod: 0.0117558
duration multTranspose ocl mod: 0.0190679
duration mult ocl mod: 0.0117267
duration multTranspose ocl mod: 0.0152997
duration mult ocl mod: 0.0116932
duration multTranspose ocl mod: 0.0155118
duration mult ocl mod: 0.0119044
duration multTranspose ocl mod: 0.0163881
duration mult ocl mod: 0.0119203
duration multTranspose ocl mod: 0.0132179
duration mult ocl mod: 0.0124958
duration multTranspose ocl mod: 0.0138352
duration mult ocl mod: 0.0118945
duration multTranspose ocl mod: 0.0132936
duration mult ocl mod: 0.0118767
duration multTranspose ocl mod: 0.0173326
duration mult ocl mod: 0.0117793
duration multTranspose ocl mod: 0.0151122
duration mult ocl mod: 0.0117278
duration multTranspose ocl mod: 0.0164805
duration mult ocl mod: 0.0117949
duration multTranspose ocl mod: 0.0167392
duration mult ocl mod: 0.0117756
duration multTranspose ocl mod: 0.0135521
duration mult ocl mod: 0.0118589
duration multTranspose ocl mod: 0.0172811
duration mult ocl mod: 0.0118539
duration multTranspose ocl mod: 0.0133973
duration mult ocl mod: 0.0116928
duration multTranspose ocl mod: 0.0171431
duration mult ocl mod: 0.0118362
duration multTranspose ocl mod: 0.0170541
duration mult ocl mod: 0.0119129
duration multTranspose ocl mod: 0.0168443
duration mult ocl mod: 0.0118993
duration multTranspose ocl mod: 0.0175135
duration mult ocl mod: 0.0117396
duration multTranspose ocl mod: 0.0250872
duration mult ocl mod: 0.0117468
duration multTranspose ocl mod: 0.0166934
duration mult ocl mod: 0.0118051
duration multTranspose ocl mod: 0.0165999
duration mult ocl mod: 0.0118214
duration multTranspose ocl mod: 0.0166492
duration mult ocl mod: 0.0117621
duration multTranspose ocl mod: 0.0167722
duration mult ocl mod: 0.011761
duration multTranspose ocl mod: 0.0167237
duration mult ocl mod: 0.0118337
duration multTranspose ocl mod: 0.0165546
duration mult ocl mod: 0.0118402
duration multTranspose ocl mod: 0.0167398
duration mult ocl mod: 0.0117133
duration multTranspose ocl mod: 0.0133298
duration mult ocl mod: 0.011793
duration multTranspose ocl mod: 0.0167072
duration mult ocl mod: 0.0117267
duration multTranspose ocl mod: 0.0184726
duration mult ocl mod: 0.0121361
duration multTranspose ocl mod: 0.0164585
duration mult ocl mod: 0.0119793
duration multTranspose ocl mod: 0.0167455
duration mult ocl mod: 0.0120026
duration multTranspose ocl mod: 0.018919
duration mult ocl mod: 0.0119556
duration multTranspose ocl mod: 0.0167805
duration mult ocl mod: 0.0120917
duration multTranspose ocl mod: 0.0142607
duration mult ocl mod: 0.0121355
duration multTranspose ocl mod: 0.0157542
duration mult ocl mod: 0.0119653
duration multTranspose ocl mod: 0.0191993
duration mult ocl mod: 0.012016
duration multTranspose ocl mod: 0.0137445

Needed Iterations: 500
Final residuum: 14602.5
note: performance calculation: coefficients are reused
note: performance calculation: iterations for calculation : 511.5
note: performance calculation: additional iteration for residual recalculation : 10

Current Duration:: 17.6257
Current GFlop/s: 26665.5

Finished Training!

Training took: 17.6257 seconds

computing MSE of test dataset
creating createOperationMultipleEval grid: Linear type: STREAMING==DEFAULT subType: OCLUNIFIED
OCL Info: 2 OpenCL platforms have been found
OCL Info: detected platform, name: "Intel(R) OpenCL"
OCL Info: detected platform vendor name: "Intel(R) Corporation"
OCL Info: detected platform, name: "NVIDIA CUDA"
OCL Info: detected platform vendor name: "NVIDIA Corporation"
OCL Info: using platform, name: "NVIDIA CUDA"
OCL Info: detected device, name: "GeForce GTX 1080 Ti"
OCL Info: using device, name: "GeForce GTX 1080 Ti"
OCL Info: detected device, name: "GeForce GTX 1080 Ti"
OCL Info: using device, name: "GeForce GTX 1080 Ti"
OCL Info: detected device, name: "GeForce GTX 1080 Ti"
OCL Info: using device, name: "GeForce GTX 1080 Ti"
OCL Info: detected device, name: "GeForce GTX 1080 Ti"
OCL Info: using device, name: "GeForce GTX 1080 Ti"
OCL Info: detected device, name: "GeForce GTX 1080 Ti"
OCL Info: using device, name: "GeForce GTX 1080 Ti"
OCL Info: detected device, name: "GeForce GTX 1080 Ti"
OCL Info: using device, name: "GeForce GTX 1080 Ti"
OCL Info: detected device, name: "GeForce GTX 1080 Ti"
OCL Info: using device, name: "GeForce GTX 1080 Ti"
OCL Info: detected device, name: "GeForce GTX 1080 Ti"
building with optimization flags: -cl-unsafe-math-optimizations -cl-denorms-are-zero
building with optimization flags: -cl-unsafe-math-optimizations -cl-denorms-are-zero
building with optimization flags: -cl-unsafe-math-optimizations -cl-denorms-are-zero
building with optimization flags: -cl-unsafe-math-optimizations -cl-denorms-are-zero
building with optimization flags: -cl-unsafe-math-optimizations -cl-denorms-are-zero
building with optimization flags: -cl-unsafe-math-optimizations -cl-denorms-are-zero
building with optimization flags: -cl-unsafe-math-optimizations -cl-denorms-are-zero
--- Begin Build Log ---


--- End Build Log ---
--- Begin Build Log ---


--- End Build Log ---
--- Begin Build Log ---


--- End Build Log ---
--- Begin Build Log ---


--- End Build Log ---
--- Begin Build Log ---


--- End Build Log ---
--- Begin Build Log ---


--- End Build Log ---
--- Begin Build Log ---


--- End Build Log ---
duration mult ocl mod: 0.295863
classes computed/predicted
mse: 0.000491334
total_duration: 31.0531
