training dataset: ../datasets/DR5/DR5_nowarnings_less05_train.arff
instances: 371908
support_refinement_min_support: 500
num_candidates: 1
candidates with support: 1
num_candidates: 10
candidates with support: 10
num_candidates: 60
candidates with support: 52
num_candidates: 236
candidates with support: 181
num_candidates: 706
candidates with support: 503
num_candidates: 1786
candidates with support: 1241
num_candidates: 4140
candidates with support: 2886
num_candidates: 9216
candidates with support: 6397
num_candidates: 19682
candidates with support: 13464
num_candidates: 40066
candidates with support: 26558
datadriven refinement done, grid size: 51293
creating createOperationMultipleEval type: DEFAULT, using base operator factory
creating createOperationMultipleEval grid: ModLinear type: SUBSPACE subType: AutoTuneTMP
Starting Learning....

Doing refinement: 0
Grid Size: 51293
creating per-kernel header
compile_cmd: g++ -o ./cppjit_tmp/KernelMultTransposeSubspace_947324/KernelMultTransposeSubspace.o -c -Wall -Wextra -Wno-unused-parameter -std=c++17 -march=native -mtune=native -O3 -g -fopenmp -fPIC -fno-gnu-unique -I/data/argon-fs/sgs/pfandedd/DissertationCodeEpyc/SGpp/base/src -I/data/argon-fs/sgs/pfandedd/DissertationCodeEpyc/MatrixMultiplicationHPX/AutoTuneTMP/boost_install/include -I/data/argon-fs/sgs/pfandedd/DissertationCodeEpyc/MatrixMultiplicationHPX/AutoTuneTMP/AutoTuneTMP_install/include -I/data/argon-fs/sgs/pfandedd/DissertationCodeEpyc/MatrixMultiplicationHPX/AutoTuneTMP/Vc_install/include  -I./cppjit_tmp/KernelMultTransposeSubspace_947324/ SubspaceAutoTuneTMPKernels/MultTranspose/KernelMultTransposeSubspace.cpp  > ./cppjit_tmp/KernelMultTransposeSubspace_947324/KernelMultTransposeSubspace_compile.log 2>&1
compile log:
compile duration: 2.21005
link_cmd: g++ -shared -fno-gnu-unique -fopenmp -o ./cppjit_tmp/KernelMultTransposeSubspace_947324/libKernelMultTransposeSubspace.so ./cppjit_tmp/KernelMultTransposeSubspace_947324/KernelMultTransposeSubspace.o   > ./cppjit_tmp/KernelMultTransposeSubspace_947324/KernelMultTransposeSubspace_link.log 2>&1
link log:
link duration: 0.177418
Starting Conjugated Gradients
All temp variables used in CG have been initialized
creating per-kernel header
compile_cmd: g++ -o ./cppjit_tmp/KernelMultSubspace_980017/KernelMultSubspace.o -c -Wall -Wextra -Wno-unused-parameter -std=c++17 -march=native -mtune=native -O3 -g -fopenmp -fPIC -fno-gnu-unique -I/data/argon-fs/sgs/pfandedd/DissertationCodeEpyc/SGpp/base/src -I/data/argon-fs/sgs/pfandedd/DissertationCodeEpyc/MatrixMultiplicationHPX/AutoTuneTMP/boost_install/include -I/data/argon-fs/sgs/pfandedd/DissertationCodeEpyc/MatrixMultiplicationHPX/AutoTuneTMP/AutoTuneTMP_install/include -I/data/argon-fs/sgs/pfandedd/DissertationCodeEpyc/MatrixMultiplicationHPX/AutoTuneTMP/Vc_install/include  -I./cppjit_tmp/KernelMultSubspace_980017/ SubspaceAutoTuneTMPKernels/Mult/KernelMultSubspace.cpp  > ./cppjit_tmp/KernelMultSubspace_980017/KernelMultSubspace_compile.log 2>&1
compile log:
compile duration: 1.55918
link_cmd: g++ -shared -fno-gnu-unique -fopenmp -o ./cppjit_tmp/KernelMultSubspace_980017/libKernelMultSubspace.so ./cppjit_tmp/KernelMultSubspace_980017/KernelMultSubspace.o   > ./cppjit_tmp/KernelMultSubspace_980017/KernelMultSubspace_link.log 2>&1
link log:
link duration: 0.11453
Starting norm of residuum: -nan
Target norm:               0
.delta: 2.48387e+09
.delta: 2.08737e+08
.delta: 2.5682e+08
.delta: 1.26015e+08
.delta: 5.29509e+07
.delta: 4.9246e+07
.delta: 2.58437e+07
.delta: 1.90104e+07
.delta: 9.7599e+06
.delta: 5.87268e+06
.delta: 3.54224e+07
.delta: 7.38437e+06
.delta: 4.03076e+06
.delta: 4.36691e+06
.delta: 3.19895e+06
.delta: 1.53341e+06
.delta: 1.14872e+06
.delta: 1.32267e+06
.delta: 6.36071e+06
.delta: 890577
.delta: 2.58399e+06
.delta: 2.86075e+06
.delta: 742557
.delta: 742667
.delta: 482876
.delta: 454354
.delta: 309077
.delta: 1.59489e+06
.delta: 345661
.delta: 3.29511e+06
.delta: 275654
.delta: 209548
.delta: 783037
.delta: 586727
.delta: 337395
.delta: 199617
.delta: 309917
.delta: 325329
.delta: 2.14233e+06
.delta: 275144
.delta: 470512
.delta: 208149
.delta: 104926
.delta: 149167
.delta: 413338
.delta: 149082
.delta: 351366
.delta: 2.8911e+06
.delta: 330407
.delta: 223638
.delta: 875952
.delta: 154510
.delta: 104006
.delta: 117143
.delta: 450191
.delta: 242790
.delta: 90250.6
.delta: 2.30603e+06
.delta: 76405.7
.delta: 175711
.delta: 105019
.delta: 77717
.delta: 586072
.delta: 51832.1
.delta: 171248
.delta: 64479.1
.delta: 960036
.delta: 111061
.delta: 111853
.delta: 236654
.delta: 119917
.delta: 108491
.delta: 235020
.delta: 61752.4
.delta: 90138.3
.delta: 73706.5
.delta: 866622
.delta: 887802
.delta: 43727.1
.delta: 192143
.delta: 52757.7
.delta: 200193
.delta: 53906.2
.delta: 92240.8
.delta: 30780.7
.delta: 416965
.delta: 1.15338e+06
.delta: 32789
.delta: 511502
.delta: 48029.8
.delta: 85333.2
.delta: 569239
.delta: 35699.1
.delta: 28987.4
.delta: 110454
.delta: 35024.2
.delta: 202058
.delta: 58424.3
.delta: 71779.2
.delta: 66916.7
.delta: 24224.2
.delta: 47285.7
.delta: 236060
.delta: 32439.6
.delta: 406855
.delta: 99572.8
.delta: 29661.1
.delta: 25932.6
.delta: 98368.3
.delta: 151006
.delta: 43571.9
.delta: 69059.8
.delta: 37711.9
.delta: 103122
.delta: 24668.8
.delta: 489535
.delta: 41520.6
.delta: 29930.3
.delta: 161779
.delta: 29482.2
.delta: 23905.1
.delta: 55458.6
.delta: 206703
.delta: 16622
.delta: 206917
.delta: 50566.5
.delta: 22498
.delta: 41382.3
.delta: 26315.9
.delta: 79213.9
.delta: 26647.1
.delta: 38575.1
.delta: 40897.1
.delta: 16653.6
.delta: 236498
.delta: 51960.5
.delta: 35623.3
.delta: 25239.2
.delta: 28464.6
.delta: 126311
.delta: 17366.9
.delta: 37027.8
.delta: 15691.1
.delta: 92614.3
.delta: 405701
.delta: 11734.2
.delta: 73986.2
.delta: 64792.6
.delta: 25643.3
.delta: 8685.72
.delta: 35119
.delta: 16226.4
.delta: 15570.8
.delta: 328298
.delta: 16985.7
.delta: 193959
.delta: 28412.6
.delta: 12442.5
.delta: 35143.1
.delta: 15157
.delta: 75685
.delta: 70126.4
.delta: 25992.6
.delta: 470743
.delta: 15450.8
.delta: 12979.5
.delta: 9293.34
.delta: 28638.1
.delta: 31158.1
.delta: 21303.4
.delta: 21553.7
.delta: 65275
.delta: 69174.6
.delta: 70688
.delta: 28776.3
.delta: 26248.2
.delta: 56814.4
.delta: 21294.3
.delta: 12439
.delta: 15644.8
.delta: 32341.1
.delta: 28319.2
.delta: 491998
.delta: 10046.4
.delta: 15595.9
.delta: 25065.5
.delta: 8040.84
.delta: 71352.9
.delta: 6665.44
.delta: 60880.6
.delta: 133926
.delta: 136444
.delta: 16028.7
.delta: 14490
.delta: 11755
.delta: 7688.14
.delta: 18328.9
.delta: 7426.11
.delta: 20299
.delta: 11854.3
.delta: 12036.9
.delta: 32454.8
.delta: 14548.9
.delta: 11633.8
.delta: 72658
.delta: 11117.3
.delta: 58786.9
.delta: 15817.3
.delta: 47874.2
.delta: 90259.4
.delta: 6931.68
.delta: 36809.1
.delta: 7607.9
.delta: 31823.1
.delta: 35299.2
.delta: 6269.38
.delta: 36814.4
.delta: 35988.7
.delta: 6631.41
.delta: 8049.6
.delta: 141351
.delta: 13460.6
.delta: 7565.82
.delta: 12733.1
.delta: 64045.8
.delta: 4766.18
.delta: 39520.8
.delta: 17126.6
.delta: 72132.8
.delta: 5338.23
.delta: 10087.4
.delta: 9617.12
.delta: 8936.86
.delta: 15487.3
.delta: 148598
.delta: 35930
.delta: 9683.68
.delta: 6239.22
.delta: 10497.2
.delta: 13075.5
.delta: 5417.74
.delta: 15627.3
.delta: 10424.7
.delta: 24296
.delta: 26649.3
.delta: 5574.08
.delta: 12795.4
.delta: 20017.6
.delta: 31455.3
.delta: 10883.6
.delta: 21715.2
.delta: 4564.69
.delta: 283174
.delta: 3126.41
.delta: 9991.1
.delta: 9069.8
.delta: 9566.96
.delta: 9180
.delta: 12240.9
.delta: 12474.7
.delta: 6146
.delta: 6622.66
.delta: 43710.4
.delta: 54528.1
.delta: 7466.92
.delta: 9183.99
.delta: 4501.63
.delta: 55641.2
.delta: 15095.7
.delta: 3677.1
.delta: 6139.88
.delta: 7820.68
.delta: 9445.63
.delta: 8956.46
.delta: 8216.97
.delta: 8764.19
.delta: 58803.1
.delta: 30497.6
.delta: 11812.3
.delta: 5846.02
.delta: 5493.63
.delta: 14153.5
.delta: 3229.78
.delta: 5805.56
.delta: 6083.38
.delta: 37903.1
.delta: 25244.1
.delta: 4598.34
.delta: 7424.74
.delta: 28084
.delta: 34167.1
.delta: 2865.56
.delta: 5832.62
.delta: 42924.1
.delta: 22808
.delta: 10874.2
.delta: 9434.46
.delta: 3839.51
.delta: 5558.72
.delta: 4485.33

Number of iterations: 300 (max. 300)
Final norm of residuum: 4485.33
counted_mult_calls: 306

Needed Iterations: 300
Final residuum: 4485.33
note: performance calculation: coefficients are reused
note: performance calculation: iterations for calculation : 307.5
note: performance calculation: additional iteration for residual recalculation : 6
warning: cannot calculate GFLOPS for operation type

Current Duration:: 192.188
Current GFlop/s: 0

Finished Training!

Training took: 192.188 seconds

computing MSE of test dataset
creating createOperationMultipleEval grid: ModLinear type: SUBSPACE subType: AutoTuneTMP
classes computed/predicted
mse: 0.000490052
total_duration: 198.572
