datasetFileName: ../datasets/friedman/weakscaling_regression/friedman1_10d_200000.arff
OpenCLConfigFile: results_diss/friedman1_Vega7_weakscaling_parameters_mult_host_argon-epyc_tuner_line_search_t_float_10r_optimal.cfg
hostname: argon-epyc
dimensionality: 10
number of grid points: 397825
number of data points: 200000
grid points with level > 1: 1550100
num_ops: 18601.2
creating createOperationMultipleEval grid: Linear type: STREAMING==DEFAULT subType: OCLUNIFIED
pci id for fd 4: 1002:66af, driver (null)
pci id for fd 4: 1002:66af, driver (null)
starting performance test...
algorithm: mult
device: 0x13b8c0e0 kernel from: 0 to: 200704 -> range: 200704
device: 0x13b8c0e0 duration: 0.40999
info: first mult not considered
device: 0x13b8c0e0 kernel from: 0 to: 200704 -> range: 200704
device: 0x13b8c0e0 duration: 0.409661
device: 0x13b8c0e0 kernel from: 0 to: 200704 -> range: 200704
device: 0x13b8c0e0 duration: 0.409031
device: 0x13b8c0e0 kernel from: 0 to: 200704 -> range: 200704
device: 0x13b8c0e0 duration: 0.409057
device: 0x13b8c0e0 kernel from: 0 to: 200704 -> range: 200704
device: 0x13b8c0e0 duration: 0.408999
device: 0x13b8c0e0 kernel from: 0 to: 200704 -> range: 200704
device: 0x13b8c0e0 duration: 0.40913
device: 0x13b8c0e0 kernel from: 0 to: 200704 -> range: 200704
device: 0x13b8c0e0 duration: 0.408962
device: 0x13b8c0e0 kernel from: 0 to: 200704 -> range: 200704
device: 0x13b8c0e0 duration: 0.408997
device: 0x13b8c0e0 kernel from: 0 to: 200704 -> range: 200704
device: 0x13b8c0e0 duration: 0.408984
device: 0x13b8c0e0 kernel from: 0 to: 200704 -> range: 200704
device: 0x13b8c0e0 duration: 0.408998
device: 0x13b8c0e0 kernel from: 0 to: 200704 -> range: 200704
device: 0x13b8c0e0 duration: 0.408887
duration mult: 4.14232, repetitions: 10
GFLOPS: 4490.53
