training dataset: ../datasets/friedman/weakscaling_regression/friedman1_10d_200000.arff
instances: 200000
regular grid size: 397825
creating createOperationMultipleEval type: DEFAULT, using base operator factory
creating createOperationMultipleEval grid: ModLinear type: SUBSPACE subType: AutoTuneTMP
Starting Learning....

Doing refinement: 0
Grid Size: 397825
creating per-kernel header
compile_cmd: g++ -o ./cppjit_tmp/KernelMultTransposeSubspace_757/KernelMultTransposeSubspace.o -c -Wall -Wextra -Wno-unused-parameter -std=c++17 -march=native -mtune=native -O3 -g -fopenmp -fPIC -fno-gnu-unique -I/home/pfandedd/git/DissertationCode/SGpp/base/src -I/home/pfandedd/git/DissertationCode/MatrixMultiplicationHPX/AutoTuneTMP/boost_install/include -I/home/pfandedd/git/DissertationCode/MatrixMultiplicationHPX/AutoTuneTMP/AutoTuneTMP_install/include -I/home/pfandedd/git/DissertationCode/MatrixMultiplicationHPX/AutoTuneTMP/Vc_install/include  -I./cppjit_tmp/KernelMultTransposeSubspace_757/ SubspaceAutoTuneTMPKernels/MultTranspose/KernelMultTransposeSubspace.cpp  > ./cppjit_tmp/KernelMultTransposeSubspace_757/KernelMultTransposeSubspace_compile.log 2>&1
compile log:
compile duration: 1.70833
link_cmd: g++ -shared -fno-gnu-unique -fopenmp -o ./cppjit_tmp/KernelMultTransposeSubspace_757/libKernelMultTransposeSubspace.so ./cppjit_tmp/KernelMultTransposeSubspace_757/KernelMultTransposeSubspace.o   > ./cppjit_tmp/KernelMultTransposeSubspace_757/KernelMultTransposeSubspace_link.log 2>&1
link log:
link duration: 0.111377
Starting Conjugated Gradients
All temp variables used in CG have been initialized
creating per-kernel header
compile_cmd: g++ -o ./cppjit_tmp/KernelMultSubspace_155140/KernelMultSubspace.o -c -Wall -Wextra -Wno-unused-parameter -std=c++17 -march=native -mtune=native -O3 -g -fopenmp -fPIC -fno-gnu-unique -I/home/pfandedd/git/DissertationCode/SGpp/base/src -I/home/pfandedd/git/DissertationCode/MatrixMultiplicationHPX/AutoTuneTMP/boost_install/include -I/home/pfandedd/git/DissertationCode/MatrixMultiplicationHPX/AutoTuneTMP/AutoTuneTMP_install/include -I/home/pfandedd/git/DissertationCode/MatrixMultiplicationHPX/AutoTuneTMP/Vc_install/include  -I./cppjit_tmp/KernelMultSubspace_155140/ SubspaceAutoTuneTMPKernels/Mult/KernelMultSubspace.cpp  > ./cppjit_tmp/KernelMultSubspace_155140/KernelMultSubspace_compile.log 2>&1
compile log:
compile duration: 1.26874
link_cmd: g++ -shared -fno-gnu-unique -fopenmp -o ./cppjit_tmp/KernelMultSubspace_155140/libKernelMultSubspace.so ./cppjit_tmp/KernelMultSubspace_155140/KernelMultSubspace.o   > ./cppjit_tmp/KernelMultSubspace_155140/KernelMultSubspace_link.log 2>&1
link log:
link duration: 0.114411
Starting norm of residuum: -nan
Target norm:               0
.delta: 6.48417e+13
.delta: 5.03406e+13
.delta: 2.15341e+12
.delta: 2.93576e+12
.delta: 2.20097e+12
.delta: 7.77042e+11
.delta: 1.30202e+12
.delta: 1.16094e+12
.delta: 3.47423e+11
.delta: 8.23794e+11
.delta: 2.3831e+11
.delta: 9.96894e+10
.delta: 4.19e+11
.delta: 8.18434e+10
.delta: 2.99682e+11
.delta: 7.97272e+10
.delta: 9.73583e+10
.delta: 6.15882e+10
.delta: 7.93578e+10
.delta: 5.6194e+10
.delta: 4.0039e+10
.delta: 7.05875e+10
.delta: 5.08605e+10
.delta: 5.67623e+10
.delta: 1.1417e+10
.delta: 3.14392e+10
.delta: 6.69003e+10
.delta: 1.59124e+10
.delta: 2.85908e+10
.delta: 7.78473e+10
.delta: 2.77712e+10
.delta: 3.5604e+10
.delta: 2.20468e+10
.delta: 1.00465e+10
.delta: 1.23195e+10
.delta: 1.6878e+10
.delta: 9.50454e+09
.delta: 1.99085e+10
.delta: 6.2044e+09
.delta: 1.00279e+10
.delta: 9.63163e+09
.delta: 2.44394e+10
.delta: 8.1978e+09
.delta: 4.22445e+09
.delta: 8.15291e+09
.delta: 1.04473e+10
.delta: 6.80112e+09
.delta: 5.52653e+09
.delta: 7.33367e+09
.delta: 8.0034e+09
.delta: 2.962e+09
.delta: 5.91147e+09
.delta: 7.60845e+09
.delta: 4.65242e+09
.delta: 3.14039e+10
.delta: 3.79974e+09
.delta: 5.95606e+09
.delta: 7.63593e+09
.delta: 4.13421e+09
.delta: 1.02778e+10
.delta: 3.68646e+09
.delta: 3.39822e+09
.delta: 1.33459e+10
.delta: 5.16671e+09
.delta: 3.77137e+09
.delta: 1.15475e+10
.delta: 3.33069e+09
.delta: 4.31332e+09
.delta: 9.75457e+09
.delta: 2.58259e+09
.delta: 1.33643e+10
.delta: 2.55552e+09
.delta: 4.1204e+09
.delta: 5.10056e+09
.delta: 6.48475e+09
.delta: 4.18512e+09
.delta: 1.56207e+09
.delta: 8.59807e+09
.delta: 5.68414e+09
.delta: 2.75692e+09
.delta: 2.07548e+09
.delta: 1.04664e+10
.delta: 5.74262e+09
.delta: 1.47176e+09
.delta: 2.63415e+09
.delta: 2.18108e+09
.delta: 3.34433e+09
.delta: 1.64739e+09
.delta: 7.32175e+09
.delta: 2.87253e+09
.delta: 2.50548e+09
.delta: 6.04953e+09
.delta: 1.39517e+09
.delta: 6.08411e+09
.delta: 6.54397e+09
.delta: 1.50532e+09
.delta: 2.38891e+09
.delta: 4.23971e+09
.delta: 3.14144e+09
.delta: 1.52339e+09

Number of iterations: 100 (max. 100)
Final norm of residuum: 1.52339e+09
counted_mult_calls: 102

Needed Iterations: 100
Final residuum: 1.52339e+09
note: performance calculation: coefficients are reused
note: performance calculation: iterations for calculation : 103.5
note: performance calculation: additional iteration for residual recalculation : 2
warning: cannot calculate GFLOPS for operation type

Current Duration:: 2018.84
Current GFlop/s: 0

Finished Training!

Training took: 2018.84 seconds

total_duration: 2021.44
