training dataset: ../datasets/friedman/weakscaling_regression/friedman1_10d_200000.arff
instances: 200000
regular grid size: 397825
creating createOperationMultipleEval type: DEFAULT, using base operator factory
creating createOperationMultipleEval grid: ModLinear type: STREAMING subType: DEFAULT
Starting Learning....

Doing refinement: 0
Grid Size: 397825
Starting Conjugated Gradients
All temp variables used in CG have been initialized
Starting norm of residuum: -nan
Target norm:               0
.delta: 6.48417e+13
.delta: 5.03406e+13
.delta: 2.15341e+12
.delta: 2.93576e+12
.delta: 2.20097e+12
.delta: 7.77042e+11
.delta: 1.30202e+12
.delta: 1.16094e+12
.delta: 3.47423e+11
.delta: 8.23794e+11
.delta: 2.3831e+11
.delta: 9.96894e+10
.delta: 4.18976e+11
.delta: 8.16378e+10
.delta: 2.97552e+11
.delta: 8.00747e+10
.delta: 9.73614e+10
.delta: 6.15883e+10
.delta: 7.93578e+10
.delta: 5.6194e+10
.delta: 4.0039e+10
.delta: 7.05875e+10
.delta: 5.08605e+10
.delta: 5.67623e+10
.delta: 1.1417e+10
.delta: 3.14392e+10
.delta: 6.69e+10
.delta: 1.59047e+10
.delta: 2.40627e+10
.delta: 4.23093e+10
.delta: 4.30667e+10
.delta: 4.25555e+10
.delta: 2.20591e+10
.delta: 1.00465e+10
.delta: 1.23195e+10
.delta: 1.6878e+10
.delta: 9.50454e+09
.delta: 1.99085e+10
.delta: 6.20439e+09
.delta: 1.00205e+10
.delta: 7.419e+09
.delta: 9.16356e+09
.delta: 1.44141e+10
.delta: 5.83306e+09
.delta: 2.38465e+10
.delta: 5.28425e+09
.delta: 6.76689e+09
.delta: 9.59706e+09
.delta: 4.59475e+09
.delta: 8.00533e+09
.delta: 3.47318e+09
.delta: 8.07657e+09
.delta: 4.55743e+09
.delta: 4.42856e+09
.delta: 6.26108e+09
.delta: 3.76426e+09
.delta: 1.13587e+10
.delta: 1.28695e+10
.delta: 3.78421e+09
.delta: 1.14752e+10
.delta: 3.86745e+09
.delta: 3.35298e+09
.delta: 1.14221e+10
.delta: 5.60434e+09
.delta: 3.75421e+09
.delta: 6.46912e+09
.delta: 4.31219e+09
.delta: 4.27608e+09
.delta: 2.06673e+09
.delta: 1.34191e+10
.delta: 4.48829e+09
.delta: 5.76773e+09
.delta: 4.15727e+09
.delta: 4.10248e+09
.delta: 8.94922e+09
.delta: 4.29575e+09
.delta: 1.64124e+09
.delta: 7.47141e+09
.delta: 5.30753e+09
.delta: 2.75016e+09
.delta: 2.04759e+09
.delta: 4.09772e+09
.delta: 1.57305e+09
.delta: 1.14756e+10
.delta: 2.81408e+09
.delta: 2.19501e+09
.delta: 5.73938e+09
.delta: 3.64224e+09
.delta: 1.7329e+09
.delta: 3.15854e+09
.delta: 4.19707e+09
.delta: 2.75011e+09
.delta: 1.36794e+09
.delta: 3.77676e+09
.delta: 1.68381e+09
.delta: 5.92948e+09
.delta: 8.30202e+09
.delta: 2.19832e+09
.delta: 2.85712e+09
.delta: 1.53451e+09

Number of iterations: 100 (max. 100)
Final norm of residuum: 1.53451e+09
counted_mult_calls: 102

Needed Iterations: 100
Final residuum: 1.53451e+09
note: performance calculation: coefficients are reused
note: performance calculation: iterations for calculation : 103.5
note: performance calculation: additional iteration for residual recalculation : 2
warning: cannot calculate GFLOPS for operation subtype

Current Duration:: 2580.61
Current GFlop/s: 0

Finished Training!

Training took: 2580.61 seconds

total_duration: 2583
