./datadriven/examplesOCL/regression_cmd --trainingFileName ../datasets/friedman/weakscaling_regression/friedman1_10d_200000.arff --learnerMode LEARN --grid.level 7 --lambda 1E-5 --grid.type ModLinear --verbose true --operation.type SUBSPACE --operation.subType AUTOTUNETMP --solverFinal.maxIterations 100 --solverFinal.eps 0 --isRegression true
training dataset: ../datasets/friedman/weakscaling_regression/friedman1_10d_200000.arff
instances: 200000
regular grid size: 397825
creating createOperationMultipleEval type: DEFAULT, using base operator factory
creating createOperationMultipleEval grid: ModLinear type: SUBSPACE subType: AutoTuneTMP
Starting Learning....

Doing refinement: 0
Grid Size: 397825
CREATING PARAMETER FILE
creating per-kernel header
compile_cmd: g++ -o ./cppjit_tmp/KernelMultTransposeSubspace_218312/KernelMultTransposeSubspace.o -c -Wall -Wextra -Wno-unused-parameter -std=c++17 -march=native -mtune=native -O3 -g -fopenmp -fPIC -fno-gnu-unique -I/data/argon-fs/sgs/pfandedd/DissertationCodeGTX/SGpp/base/src -I/data/argon-fs/sgs/pfandedd/DissertationCodeGTX/MatrixMultiplicationHPX/AutoTuneTMP/boost_install/include -I/data/argon-fs/sgs/pfandedd/DissertationCodeGTX/MatrixMultiplicationHPX/AutoTuneTMP/AutoTuneTMP_install/include -I/data/argon-fs/sgs/pfandedd/DissertationCodeGTX/MatrixMultiplicationHPX/AutoTuneTMP/Vc_install/include  -I./cppjit_tmp/KernelMultTransposeSubspace_218312/ SubspaceAutoTuneTMPKernels/MultTranspose/KernelMultTransposeSubspace.cpp  > ./cppjit_tmp/KernelMultTransposeSubspace_218312/KernelMultTransposeSubspace_compile.log 2>&1
compile log:
compile duration: 2.10962
link_cmd: g++ -shared -fno-gnu-unique -fopenmp -o ./cppjit_tmp/KernelMultTransposeSubspace_218312/libKernelMultTransposeSubspace.so ./cppjit_tmp/KernelMultTransposeSubspace_218312/KernelMultTransposeSubspace.o   > ./cppjit_tmp/KernelMultTransposeSubspace_218312/KernelMultTransposeSubspace_link.log 2>&1
link log:
link duration: 0.292167
Starting Conjugated Gradients
All temp variables used in CG have been initialized
CREATING PARAMETER FILE
creating per-kernel header
compile_cmd: g++ -o ./cppjit_tmp/KernelMultSubspace_85007/KernelMultSubspace.o -c -Wall -Wextra -Wno-unused-parameter -std=c++17 -march=native -mtune=native -O3 -g -fopenmp -fPIC -fno-gnu-unique -I/data/argon-fs/sgs/pfandedd/DissertationCodeGTX/SGpp/base/src -I/data/argon-fs/sgs/pfandedd/DissertationCodeGTX/MatrixMultiplicationHPX/AutoTuneTMP/boost_install/include -I/data/argon-fs/sgs/pfandedd/DissertationCodeGTX/MatrixMultiplicationHPX/AutoTuneTMP/AutoTuneTMP_install/include -I/data/argon-fs/sgs/pfandedd/DissertationCodeGTX/MatrixMultiplicationHPX/AutoTuneTMP/Vc_install/include  -I./cppjit_tmp/KernelMultSubspace_85007/ SubspaceAutoTuneTMPKernels/Mult/KernelMultSubspace.cpp  > ./cppjit_tmp/KernelMultSubspace_85007/KernelMultSubspace_compile.log 2>&1
compile log:
compile duration: 1.44195
link_cmd: g++ -shared -fno-gnu-unique -fopenmp -o ./cppjit_tmp/KernelMultSubspace_85007/libKernelMultSubspace.so ./cppjit_tmp/KernelMultSubspace_85007/KernelMultSubspace.o   > ./cppjit_tmp/KernelMultSubspace_85007/KernelMultSubspace_link.log 2>&1
link log:
link duration: 0.119278
Starting norm of residuum: -nan
Target norm:               0
.delta: 6.48417e+13
.delta: 5.03406e+13
.delta: 2.15341e+12
.delta: 2.93576e+12
.delta: 2.20097e+12
.delta: 7.77042e+11
.delta: 1.30202e+12
.delta: 1.16094e+12
.delta: 3.47423e+11
.delta: 8.23794e+11
.delta: 2.3831e+11
.delta: 9.96894e+10
.delta: 4.19018e+11
.delta: 8.19992e+10
.delta: 3.00998e+11
.delta: 7.94885e+10
.delta: 9.73561e+10
.delta: 6.15881e+10
.delta: 7.93578e+10
.delta: 5.6194e+10
.delta: 4.0039e+10
.delta: 7.05875e+10
.delta: 5.08605e+10
.delta: 5.67623e+10
.delta: 1.1417e+10
.delta: 3.14393e+10
.delta: 6.69011e+10
.delta: 1.5934e+10
.delta: 4.00126e+10
.delta: 4.4674e+10
.delta: 2.73927e+10
.delta: 3.55622e+10
.delta: 2.20467e+10
.delta: 1.00465e+10
.delta: 1.23195e+10
.delta: 1.6878e+10
.delta: 9.50454e+09
.delta: 1.99085e+10
.delta: 6.20446e+09
.delta: 1.00838e+10
.delta: 2.28897e+10
.delta: 9.88333e+09
.delta: 8.16921e+09
.delta: 4.22282e+09
.delta: 7.23516e+09
.delta: 1.11344e+10
.delta: 7.04538e+09
.delta: 3.55233e+09
.delta: 2.07626e+10
.delta: 9.15598e+09
.delta: 2.97218e+09
.delta: 5.85726e+09
.delta: 7.65472e+09
.delta: 5.12419e+09
.delta: 2.54572e+10
.delta: 3.41579e+09
.delta: 6.54811e+09
.delta: 7.7944e+09
.delta: 3.78454e+09
.delta: 1.1405e+10
.delta: 3.85973e+09
.delta: 3.32842e+09
.delta: 9.06053e+09
.delta: 6.4315e+09
.delta: 3.78651e+09
.delta: 4.85178e+09
.delta: 5.46588e+09
.delta: 4.4346e+09
.delta: 1.13144e+10
.delta: 2.36468e+09
.delta: 1.03704e+10
.delta: 2.85864e+09
.delta: 4.12676e+09
.delta: 4.38746e+09
.delta: 7.99821e+09
.delta: 4.23784e+09
.delta: 1.54177e+09
.delta: 8.47792e+09
.delta: 6.00595e+09
.delta: 2.76336e+09
.delta: 2.04906e+09
.delta: 4.65233e+09
.delta: 1.96742e+10
.delta: 1.47679e+09
.delta: 2.63417e+09
.delta: 2.18107e+09
.delta: 3.34165e+09
.delta: 1.59912e+09
.delta: 7.56938e+09
.delta: 2.94825e+09
.delta: 2.17581e+09
.delta: 4.23254e+09
.delta: 1.71988e+09
.delta: 3.77148e+09
.delta: 1.79208e+09
.delta: 6.34223e+09
.delta: 2.84281e+09
.delta: 3.52671e+09
.delta: 2.97396e+09
.delta: 1.52568e+09

Number of iterations: 100 (max. 100)
Final norm of residuum: 1.52568e+09
counted_mult_calls: 102

Needed Iterations: 100
Final residuum: 1.52568e+09
note: performance calculation: coefficients are reused
note: performance calculation: iterations for calculation : 103.5
note: performance calculation: additional iteration for residual recalculation : 2
warning: cannot calculate GFLOPS for operation type

Current Duration:: 245.179
Current GFlop/s: 0

Finished Training!

Training took: 245.179 seconds

total_duration: 247.328
