datasetFileName: ../datasets/friedman/weakscaling_regression/friedman1_10d_200000.arff
OpenCLConfigFile: results_diss/friedman1_Gold5120_weakscaling_parameters_mult_host_argon-gtx_tuner_line_search_t_float_10r_optimal.cfg
hostname: argon-gtx
dimensionality: 10
number of grid points: 397825
number of data points: 200000
grid points with level > 1: 1550100
num_ops: 18601.2
creating createOperationMultipleEval grid: Linear type: STREAMING==DEFAULT subType: OCLUNIFIED
starting performance test...
algorithm: mult
device: 0xb06a388 kernel from: 0 to: 200192 -> range: 200192
device: 0xb06a388 duration: 2.75778
info: first mult not considered
device: 0xb06a388 kernel from: 0 to: 200192 -> range: 200192
device: 0xb06a388 duration: 2.75982
device: 0xb06a388 kernel from: 0 to: 200192 -> range: 200192
device: 0xb06a388 duration: 2.77666
device: 0xb06a388 kernel from: 0 to: 200192 -> range: 200192
device: 0xb06a388 duration: 2.74545
device: 0xb06a388 kernel from: 0 to: 200192 -> range: 200192
device: 0xb06a388 duration: 2.76346
device: 0xb06a388 kernel from: 0 to: 200192 -> range: 200192
device: 0xb06a388 duration: 2.74206
device: 0xb06a388 kernel from: 0 to: 200192 -> range: 200192
device: 0xb06a388 duration: 2.73897
device: 0xb06a388 kernel from: 0 to: 200192 -> range: 200192
device: 0xb06a388 duration: 2.73766
device: 0xb06a388 kernel from: 0 to: 200192 -> range: 200192
device: 0xb06a388 duration: 2.76935
device: 0xb06a388 kernel from: 0 to: 200192 -> range: 200192
device: 0xb06a388 duration: 2.74157
device: 0xb06a388 kernel from: 0 to: 200192 -> range: 200192
device: 0xb06a388 duration: 2.77156
duration mult: 27.6094, repetitions: 10
GFLOPS: 673.728
