datasetFileName: ../datasets/friedman/weakscaling_regression/friedman1_10d_200000.arff
OpenCLConfigFile: results_diss/friedman1_w8100_weakscaling_parameters_multTrans_host_pcsgs07_tuner_line_search_t_float_10r_optimal.cfg
hostname: pcsgs07
dimensionality: 10
number of grid points: 397825
number of data points: 200000
num_ops: 47739
creating createOperationMultipleEval grid: Linear type: STREAMING==DEFAULT subType: OCLUNIFIED
starting performance test...
algorithm: multTrans
device: Hawaii (0x133761d0)  kernel from: 0 to: 398080 -> range: 398080 (with blocking: 398080)
device: 0x133761d0 duration: 1.60295
info: first multTranspose not considered
device: Hawaii (0x133761d0)  kernel from: 0 to: 398080 -> range: 398080 (with blocking: 398080)
device: 0x133761d0 duration: 1.60246
device: Hawaii (0x133761d0)  kernel from: 0 to: 398080 -> range: 398080 (with blocking: 398080)
device: 0x133761d0 duration: 1.60245
device: Hawaii (0x133761d0)  kernel from: 0 to: 398080 -> range: 398080 (with blocking: 398080)
device: 0x133761d0 duration: 1.60289
device: Hawaii (0x133761d0)  kernel from: 0 to: 398080 -> range: 398080 (with blocking: 398080)
device: 0x133761d0 duration: 1.60272
device: Hawaii (0x133761d0)  kernel from: 0 to: 398080 -> range: 398080 (with blocking: 398080)
device: 0x133761d0 duration: 1.60247
device: Hawaii (0x133761d0)  kernel from: 0 to: 398080 -> range: 398080 (with blocking: 398080)
device: 0x133761d0 duration: 1.60244
device: Hawaii (0x133761d0)  kernel from: 0 to: 398080 -> range: 398080 (with blocking: 398080)
device: 0x133761d0 duration: 1.60257
device: Hawaii (0x133761d0)  kernel from: 0 to: 398080 -> range: 398080 (with blocking: 398080)
device: 0x133761d0 duration: 1.6024
device: Hawaii (0x133761d0)  kernel from: 0 to: 398080 -> range: 398080 (with blocking: 398080)
device: 0x133761d0 duration: 1.6024
device: Hawaii (0x133761d0)  kernel from: 0 to: 398080 -> range: 398080 (with blocking: 398080)
device: 0x133761d0 duration: 1.60233
duration multTranspose: 16.1024, repetitions: 10
GFLOPS: 2964.72
