./datadriven/examplesOCL/regression_cmd --trainingFileName ../datasets/friedman/weakscaling_regression/friedman1_10d_400000.arff --learnerMode LEARN --grid.level 7 --lambda 1E-5 --grid.type ModLinear --verbose true --additionalConfig results_diss/friedman1_ocl_float_gtx1080ti.cfg --operation.type STREAMING --operation.subType OCLUNIFIED --solverFinal.maxIterations 100 --solverFinal.eps 0 --isRegression true --do_dummy_ocl_init
OCL Info: 2 OpenCL platforms have been found
OCL Info: detected platform, name: "Intel(R) OpenCL"
OCL Info: detected platform vendor name: "Intel(R) Corporation"
OCL Info: platform not configured, skipping...
OCL Info: detected platform, name: "NVIDIA CUDA"
OCL Info: detected platform vendor name: "NVIDIA Corporation"
OCL Info: using platform, name: "NVIDIA CUDA"
OCL Info: platform device count: 8
OCL Info: detected device, name: "GeForce GTX 1080 Ti"
OCL Info: using device, name: "GeForce GTX 1080 Ti"
OCL Info: detected device, name: "GeForce GTX 1080 Ti"
OCL Info: using device, name: "GeForce GTX 1080 Ti"
OCL Info: detected device, name: "GeForce GTX 1080 Ti"
OCL Info: using device, name: "GeForce GTX 1080 Ti"
OCL Info: detected device, name: "GeForce GTX 1080 Ti"
OCL Info: using device, name: "GeForce GTX 1080 Ti"
OCL Info: detected device, name: "GeForce GTX 1080 Ti"
OCL Info: using device, name: "GeForce GTX 1080 Ti"
OCL Info: detected device, name: "GeForce GTX 1080 Ti"
OCL Info: using device, name: "GeForce GTX 1080 Ti"
OCL Info: detected device, name: "GeForce GTX 1080 Ti"
OCL Info: using device, name: "GeForce GTX 1080 Ti"
OCL Info: detected device, name: "GeForce GTX 1080 Ti"
OCL Info: using device, name: "GeForce GTX 1080 Ti"
ocl dummy initalization duration: 8.98002
instances: 400000
regular grid size: 397825
creating createOperationMultipleEval type: DEFAULT, using base operator factory
creating createOperationMultipleEval grid: Linear type: STREAMING==DEFAULT subType: OCLUNIFIED
OCL Info: 2 OpenCL platforms have been found
OCL Info: detected platform, name: "Intel(R) OpenCL"
OCL Info: detected platform vendor name: "Intel(R) Corporation"
OCL Info: detected platform, name: "NVIDIA CUDA"
OCL Info: detected platform vendor name: "NVIDIA Corporation"
OCL Info: using platform, name: "NVIDIA CUDA"
OCL Info: detected device, name: "GeForce GTX 1080 Ti"
OCL Info: using device, name: "GeForce GTX 1080 Ti"
OCL Info: detected device, name: "GeForce GTX 1080 Ti"
OCL Info: using device, name: "GeForce GTX 1080 Ti"
OCL Info: detected device, name: "GeForce GTX 1080 Ti"
OCL Info: using device, name: "GeForce GTX 1080 Ti"
OCL Info: detected device, name: "GeForce GTX 1080 Ti"
OCL Info: using device, name: "GeForce GTX 1080 Ti"
OCL Info: detected device, name: "GeForce GTX 1080 Ti"
OCL Info: using device, name: "GeForce GTX 1080 Ti"
OCL Info: detected device, name: "GeForce GTX 1080 Ti"
OCL Info: using device, name: "GeForce GTX 1080 Ti"
OCL Info: detected device, name: "GeForce GTX 1080 Ti"
OCL Info: using device, name: "GeForce GTX 1080 Ti"
OCL Info: detected device, name: "GeForce GTX 1080 Ti"
OCL Info: using device, name: "GeForce GTX 1080 Ti"
Starting Learning....

Doing refinement: 0
Grid Size: 397825
building with optimization flags: 
building with optimization flags: 
building with optimization flags: 
building with optimization flags: 
building with optimization flags: 
building with optimization flags: 
building with optimization flags: 
building with optimization flags: 
--- Begin Build Log ---


--- End Build Log ---
--- Begin Build Log ---


--- End Build Log ---
--- Begin Build Log ---


--- End Build Log ---
--- Begin Build Log ---


--- End Build Log ---
--- Begin Build Log ---


--- End Build Log ---
--- Begin Build Log ---


--- End Build Log ---
--- Begin Build Log ---


--- End Build Log ---
--- Begin Build Log ---


--- End Build Log ---
duration multTranspose ocl mod: 0.670544
building with optimization flags: 
building with optimization flags: 
building with optimization flags: 
building with optimization flags: 
building with optimization flags: 
building with optimization flags: 
building with optimization flags: 
building with optimization flags: 
--- Begin Build Log ---


--- End Build Log ---
--- Begin Build Log ---


--- End Build Log ---
--- Begin Build Log ---


--- End Build Log ---
--- Begin Build Log ---


--- End Build Log ---
--- Begin Build Log ---


--- End Build Log ---
--- Begin Build Log ---


--- End Build Log ---
--- Begin Build Log ---


--- End Build Log ---
--- Begin Build Log ---


--- End Build Log ---
duration mult ocl mod: 0.728167
duration multTranspose ocl mod: 0.189558
duration mult ocl mod: 0.257773
duration multTranspose ocl mod: 0.174614
duration mult ocl mod: 0.259592
duration multTranspose ocl mod: 0.181871
duration mult ocl mod: 0.259306
duration multTranspose ocl mod: 0.183384
duration mult ocl mod: 0.257209
duration multTranspose ocl mod: 0.178465
duration mult ocl mod: 0.259474
duration multTranspose ocl mod: 0.173079
duration mult ocl mod: 0.25949
duration multTranspose ocl mod: 0.178747
duration mult ocl mod: 0.256157
duration multTranspose ocl mod: 0.174303
duration mult ocl mod: 0.255694
duration multTranspose ocl mod: 0.182814
duration mult ocl mod: 0.259902
duration multTranspose ocl mod: 0.178629
duration mult ocl mod: 0.259086
duration multTranspose ocl mod: 0.178232
duration mult ocl mod: 0.256518
duration multTranspose ocl mod: 0.178786
duration mult ocl mod: 0.259441
duration multTranspose ocl mod: 0.181484
duration mult ocl mod: 0.258658
duration multTranspose ocl mod: 0.178925
duration mult ocl mod: 0.257257
duration multTranspose ocl mod: 0.17537
duration mult ocl mod: 0.255242
duration multTranspose ocl mod: 0.176639
duration mult ocl mod: 0.255393
duration multTranspose ocl mod: 0.181202
duration mult ocl mod: 0.258438
duration multTranspose ocl mod: 0.179702
duration mult ocl mod: 0.258693
duration multTranspose ocl mod: 0.172047
duration mult ocl mod: 0.258963
duration multTranspose ocl mod: 0.180724
duration mult ocl mod: 0.256002
duration multTranspose ocl mod: 0.178499
duration mult ocl mod: 0.256921
duration multTranspose ocl mod: 0.176555
duration mult ocl mod: 0.255819
duration multTranspose ocl mod: 0.179722
duration mult ocl mod: 0.25592
duration multTranspose ocl mod: 0.178638
duration mult ocl mod: 0.256344
duration multTranspose ocl mod: 0.17676
duration mult ocl mod: 0.255939
duration multTranspose ocl mod: 0.176647
duration mult ocl mod: 0.259597
duration multTranspose ocl mod: 0.178144
duration mult ocl mod: 0.255619
duration multTranspose ocl mod: 0.177191
duration mult ocl mod: 0.255843
duration multTranspose ocl mod: 0.179884
duration mult ocl mod: 0.258708
duration multTranspose ocl mod: 0.176222
duration mult ocl mod: 0.258364
duration multTranspose ocl mod: 0.17822
duration mult ocl mod: 0.259439
duration multTranspose ocl mod: 0.176619
duration mult ocl mod: 0.255872
duration multTranspose ocl mod: 0.176599
duration mult ocl mod: 0.259956
duration multTranspose ocl mod: 0.180202
duration mult ocl mod: 0.259092
duration multTranspose ocl mod: 0.178819
duration mult ocl mod: 0.258726
duration multTranspose ocl mod: 0.176236
duration mult ocl mod: 0.25938
duration multTranspose ocl mod: 0.176646
duration mult ocl mod: 0.256501
duration multTranspose ocl mod: 0.177292
duration mult ocl mod: 0.256259
duration multTranspose ocl mod: 0.177021
duration mult ocl mod: 0.256249
duration multTranspose ocl mod: 0.17773
duration mult ocl mod: 0.258632
duration multTranspose ocl mod: 0.180129
duration mult ocl mod: 0.259462
duration multTranspose ocl mod: 0.179712
duration mult ocl mod: 0.258795
duration multTranspose ocl mod: 0.180165
duration mult ocl mod: 0.258914
duration multTranspose ocl mod: 0.176487
duration mult ocl mod: 0.258476
duration multTranspose ocl mod: 0.178869
duration mult ocl mod: 0.255266
duration multTranspose ocl mod: 0.182382
duration mult ocl mod: 0.258302
duration multTranspose ocl mod: 0.176678
duration mult ocl mod: 0.256201
duration multTranspose ocl mod: 0.181648
duration mult ocl mod: 0.25564
duration multTranspose ocl mod: 0.181685
duration mult ocl mod: 0.255104
duration multTranspose ocl mod: 0.179328
duration mult ocl mod: 0.259028
duration multTranspose ocl mod: 0.176282
duration mult ocl mod: 0.259552
duration multTranspose ocl mod: 0.176832
duration mult ocl mod: 0.258866
duration multTranspose ocl mod: 0.172716
duration mult ocl mod: 0.255638
duration multTranspose ocl mod: 0.176144
duration mult ocl mod: 0.256851
duration multTranspose ocl mod: 0.174087
duration mult ocl mod: 0.256175
duration multTranspose ocl mod: 0.180155
duration mult ocl mod: 0.258831
duration multTranspose ocl mod: 0.175946
duration mult ocl mod: 0.25875
duration multTranspose ocl mod: 0.179419
duration mult ocl mod: 0.255679
duration multTranspose ocl mod: 0.173084
duration mult ocl mod: 0.255731
duration multTranspose ocl mod: 0.176698
duration mult ocl mod: 0.255675
duration multTranspose ocl mod: 0.176193
duration mult ocl mod: 0.259146
duration multTranspose ocl mod: 0.177381
duration mult ocl mod: 0.259011
duration multTranspose ocl mod: 0.179961
duration mult ocl mod: 0.258873
duration multTranspose ocl mod: 0.17353
duration mult ocl mod: 0.255472
duration multTranspose ocl mod: 0.176259
duration mult ocl mod: 0.255329
duration multTranspose ocl mod: 0.179768
duration mult ocl mod: 0.25547
duration multTranspose ocl mod: 0.179442
duration mult ocl mod: 0.255358
duration multTranspose ocl mod: 0.173289
duration mult ocl mod: 0.256748
duration multTranspose ocl mod: 0.178874
duration mult ocl mod: 0.258768
duration multTranspose ocl mod: 0.173952
duration mult ocl mod: 0.255538
duration multTranspose ocl mod: 0.173784
duration mult ocl mod: 0.256795
duration multTranspose ocl mod: 0.174136
duration mult ocl mod: 0.25648
duration multTranspose ocl mod: 0.17502
duration mult ocl mod: 0.25945
duration multTranspose ocl mod: 0.180584
duration mult ocl mod: 0.256867
duration multTranspose ocl mod: 0.177665
duration mult ocl mod: 0.258717
duration multTranspose ocl mod: 0.170956
duration mult ocl mod: 0.259713
duration multTranspose ocl mod: 0.181303
duration mult ocl mod: 0.259222
duration multTranspose ocl mod: 0.182481
duration mult ocl mod: 0.259073
duration multTranspose ocl mod: 0.17368
duration mult ocl mod: 0.255747
duration multTranspose ocl mod: 0.182512
duration mult ocl mod: 0.25554
duration multTranspose ocl mod: 0.175063
duration mult ocl mod: 0.255678
duration multTranspose ocl mod: 0.175894
duration mult ocl mod: 0.259004
duration multTranspose ocl mod: 0.17315
duration mult ocl mod: 0.259171
duration multTranspose ocl mod: 0.173652
duration mult ocl mod: 0.255154
duration multTranspose ocl mod: 0.176918
duration mult ocl mod: 0.258622
duration multTranspose ocl mod: 0.172024
duration mult ocl mod: 0.258937
duration multTranspose ocl mod: 0.180571
duration mult ocl mod: 0.255902
duration multTranspose ocl mod: 0.179079
duration mult ocl mod: 0.255598
duration multTranspose ocl mod: 0.174026
duration mult ocl mod: 0.258602
duration multTranspose ocl mod: 0.177474
duration mult ocl mod: 0.260438
duration multTranspose ocl mod: 0.171088
duration mult ocl mod: 0.259006
duration multTranspose ocl mod: 0.17517
duration mult ocl mod: 0.258596
duration multTranspose ocl mod: 0.171836
duration mult ocl mod: 0.258506
duration multTranspose ocl mod: 0.169049
duration mult ocl mod: 0.258378
duration multTranspose ocl mod: 0.17045
duration mult ocl mod: 0.256061
duration multTranspose ocl mod: 0.171345
duration mult ocl mod: 0.258805
duration multTranspose ocl mod: 0.178
duration mult ocl mod: 0.25888
duration multTranspose ocl mod: 0.174918
duration mult ocl mod: 0.258715
duration multTranspose ocl mod: 0.176083
duration mult ocl mod: 0.258978
duration multTranspose ocl mod: 0.176428
duration mult ocl mod: 0.258812
duration multTranspose ocl mod: 0.170777
duration mult ocl mod: 0.258615
duration multTranspose ocl mod: 0.172983

Needed Iterations: 100
Final residuum: 7.7071e+09
note: performance calculation: coefficients are reused
note: performance calculation: iterations for calculation : 103.5
note: performance calculation: additional iteration for residual recalculation : 2

Current Duration:: 47.031
Current GFlop/s: 42023.2

Finished Training!

Training took: 47.031 seconds

total_duration: 53.544
