training dataset: ../datasets/friedman/weakscaling_regression/friedman1_10d_200000.arff
instances: 200000
regular grid size: 397825
creating createOperationMultipleEval type: DEFAULT, using base operator factory
creating createOperationMultipleEval type: DEFAULT, using base operator factory
Starting Learning....

Doing refinement: 0
Grid Size: 397825
Starting Conjugated Gradients
All temp variables used in CG have been initialized
Starting norm of residuum: -nan
Target norm:               0
.delta: 6.48417e+13
.delta: 5.03406e+13
.delta: 2.15341e+12
.delta: 2.93576e+12
.delta: 2.20097e+12
.delta: 7.77042e+11
.delta: 1.30202e+12
.delta: 1.16094e+12
.delta: 3.47423e+11
.delta: 8.23794e+11
.delta: 2.3831e+11
.delta: 9.96894e+10
.delta: 4.18983e+11
.delta: 8.1696e+10
.delta: 2.98202e+11
.delta: 7.99723e+10
.delta: 9.73605e+10
.delta: 6.15883e+10
.delta: 7.93578e+10
.delta: 5.6194e+10
.delta: 4.0039e+10
.delta: 7.05875e+10
.delta: 5.08605e+10
.delta: 5.67623e+10
.delta: 1.1417e+10
.delta: 3.14393e+10
.delta: 6.69011e+10
.delta: 1.59344e+10
.delta: 4.02049e+10
.delta: 4.44386e+10
.delta: 2.73909e+10
.delta: 3.5562e+10
.delta: 2.20467e+10
.delta: 1.00465e+10
.delta: 1.23195e+10
.delta: 1.6878e+10
.delta: 9.50454e+09
.delta: 1.99085e+10
.delta: 6.2044e+09
.delta: 1.00335e+10
.delta: 1.12276e+10
.delta: 1.80134e+10
.delta: 8.23927e+09
.delta: 4.82995e+09
.delta: 1.91398e+10
.delta: 5.23366e+09
.delta: 6.39848e+09
.delta: 4.02175e+09
.delta: 1.49444e+10
.delta: 8.12386e+09
.delta: 2.99032e+09
.delta: 7.24548e+09
.delta: 6.1999e+09
.delta: 4.50953e+09
.delta: 1.72585e+10
.delta: 4.57484e+09
.delta: 5.48511e+09
.delta: 7.53114e+09
.delta: 4.13595e+09
.delta: 1.02856e+10
.delta: 3.68292e+09
.delta: 3.40017e+09
.delta: 1.34262e+10
.delta: 5.16212e+09
.delta: 3.73344e+09
.delta: 6.55588e+09
.delta: 4.28645e+09
.delta: 4.28872e+09
.delta: 3.4897e+09
.delta: 4.65151e+09
.delta: 1.34511e+10
.delta: 2.65029e+09
.delta: 4.11447e+09
.delta: 4.43091e+09
.delta: 7.89086e+09
.delta: 4.23543e+09
.delta: 1.5861e+09
.delta: 8.34161e+09
.delta: 5.50111e+09
.delta: 2.75357e+09
.delta: 2.04821e+09
.delta: 4.33855e+09
.delta: 2.60784e+10
.delta: 1.48395e+09
.delta: 2.63701e+09
.delta: 2.24792e+09
.delta: 9.37577e+09
.delta: 2.90508e+09
.delta: 1.70565e+09
.delta: 3.04111e+09
.delta: 4.19071e+09
.delta: 2.84807e+09
.delta: 1.3683e+09
.delta: 3.79e+09
.delta: 4.49057e+09
.delta: 2.02937e+09
.delta: 3.47956e+09
.delta: 2.91477e+09
.delta: 2.91506e+09
.delta: 1.52974e+09

Number of iterations: 100 (max. 100)
Final norm of residuum: 1.52974e+09
counted_mult_calls: 102

Needed Iterations: 100
Final residuum: 1.52974e+09
note: performance calculation: coefficients are reused
note: performance calculation: iterations for calculation : 103.5
note: performance calculation: additional iteration for residual recalculation : 2
warning: cannot calculate GFLOPS for operation subtype

Current Duration:: 9793.05
Current GFlop/s: 0

Finished Training!

Training took: 9793.05 seconds

total_duration: 9795.3
