datasetFileName: ../datasets/friedman/weakscaling_regression/friedman1_10d_200000.arff
OpenCLConfigFile: results_diss/friedman1_P100_weakscaling_parameters_multTrans_host_argon-tesla1_tuner_line_search_t_float_10r_optimal.cfg
hostname: argon-tesla1
dimensionality: 10
number of grid points: 397825
number of data points: 200000
num_ops: 47739
creating createOperationMultipleEval grid: Linear type: STREAMING==DEFAULT subType: OCLUNIFIED
starting performance test...
algorithm: multTrans
device: Tesla P100-PCIE-16GB (0x86b970)  kernel from: 0 to: 399360 -> range: 399360 (with blocking: 49920)
device: 0x86b970 duration: 0.751435
info: first multTranspose not considered
device: Tesla P100-PCIE-16GB (0x86b970)  kernel from: 0 to: 399360 -> range: 399360 (with blocking: 49920)
device: 0x86b970 duration: 0.736011
device: Tesla P100-PCIE-16GB (0x86b970)  kernel from: 0 to: 399360 -> range: 399360 (with blocking: 49920)
device: 0x86b970 duration: 0.736004
device: Tesla P100-PCIE-16GB (0x86b970)  kernel from: 0 to: 399360 -> range: 399360 (with blocking: 49920)
device: 0x86b970 duration: 0.736016
device: Tesla P100-PCIE-16GB (0x86b970)  kernel from: 0 to: 399360 -> range: 399360 (with blocking: 49920)
device: 0x86b970 duration: 0.736022
device: Tesla P100-PCIE-16GB (0x86b970)  kernel from: 0 to: 399360 -> range: 399360 (with blocking: 49920)
device: 0x86b970 duration: 0.736008
device: Tesla P100-PCIE-16GB (0x86b970)  kernel from: 0 to: 399360 -> range: 399360 (with blocking: 49920)
device: 0x86b970 duration: 0.736004
device: Tesla P100-PCIE-16GB (0x86b970)  kernel from: 0 to: 399360 -> range: 399360 (with blocking: 49920)
device: 0x86b970 duration: 0.736033
device: Tesla P100-PCIE-16GB (0x86b970)  kernel from: 0 to: 399360 -> range: 399360 (with blocking: 49920)
device: 0x86b970 duration: 0.735999
device: Tesla P100-PCIE-16GB (0x86b970)  kernel from: 0 to: 399360 -> range: 399360 (with blocking: 49920)
device: 0x86b970 duration: 0.736027
device: Tesla P100-PCIE-16GB (0x86b970)  kernel from: 0 to: 399360 -> range: 399360 (with blocking: 49920)
device: 0x86b970 duration: 0.736014
duration multTranspose: 7.4052, repetitions: 10
GFLOPS: 6446.69
