datasetFileName: ../datasets/friedman/weakscaling_regression/friedman1_10d_200000.arff
OpenCLConfigFile: results_diss/friedman1_Gold5120_weakscaling_parameters_multTrans_host_argon-gtx_tuner_line_search_t_float_10r_optimal.cfg
hostname: argon-gtx
dimensionality: 10
number of grid points: 397825
number of data points: 200000
num_ops: 47739
creating createOperationMultipleEval grid: Linear type: STREAMING==DEFAULT subType: OCLUNIFIED
starting performance test...
algorithm: multTrans
device: Intel(R) Xeon(R) Gold 5120 CPU @ 2.20GHz (0x116c9b48)  kernel from: 0 to: 398080 -> range: 398080 (with blocking: 199040)
device: 0x116c9b48 duration: 5.22764
info: first multTranspose not considered
device: Intel(R) Xeon(R) Gold 5120 CPU @ 2.20GHz (0x116c9b48)  kernel from: 0 to: 398080 -> range: 398080 (with blocking: 199040)
device: 0x116c9b48 duration: 5.22628
device: Intel(R) Xeon(R) Gold 5120 CPU @ 2.20GHz (0x116c9b48)  kernel from: 0 to: 398080 -> range: 398080 (with blocking: 199040)
device: 0x116c9b48 duration: 5.22497
device: Intel(R) Xeon(R) Gold 5120 CPU @ 2.20GHz (0x116c9b48)  kernel from: 0 to: 398080 -> range: 398080 (with blocking: 199040)
device: 0x116c9b48 duration: 5.2278
device: Intel(R) Xeon(R) Gold 5120 CPU @ 2.20GHz (0x116c9b48)  kernel from: 0 to: 398080 -> range: 398080 (with blocking: 199040)
device: 0x116c9b48 duration: 5.22974
device: Intel(R) Xeon(R) Gold 5120 CPU @ 2.20GHz (0x116c9b48)  kernel from: 0 to: 398080 -> range: 398080 (with blocking: 199040)
device: 0x116c9b48 duration: 5.22209
device: Intel(R) Xeon(R) Gold 5120 CPU @ 2.20GHz (0x116c9b48)  kernel from: 0 to: 398080 -> range: 398080 (with blocking: 199040)
device: 0x116c9b48 duration: 5.22926
device: Intel(R) Xeon(R) Gold 5120 CPU @ 2.20GHz (0x116c9b48)  kernel from: 0 to: 398080 -> range: 398080 (with blocking: 199040)
device: 0x116c9b48 duration: 5.21883
device: Intel(R) Xeon(R) Gold 5120 CPU @ 2.20GHz (0x116c9b48)  kernel from: 0 to: 398080 -> range: 398080 (with blocking: 199040)
device: 0x116c9b48 duration: 5.21676
device: Intel(R) Xeon(R) Gold 5120 CPU @ 2.20GHz (0x116c9b48)  kernel from: 0 to: 398080 -> range: 398080 (with blocking: 199040)
device: 0x116c9b48 duration: 5.23034
device: Intel(R) Xeon(R) Gold 5120 CPU @ 2.20GHz (0x116c9b48)  kernel from: 0 to: 398080 -> range: 398080 (with blocking: 199040)
device: 0x116c9b48 duration: 5.26516
duration multTranspose: 52.3722, repetitions: 10
GFLOPS: 911.534
