./datadriven/examplesOCL/regression_cmd --trainingFileName ../datasets/friedman/weakscaling_regression/friedman1_10d_600000.arff --learnerMode LEARN --grid.level 7 --lambda 1E-5 --grid.type ModLinear --verbose true --additionalConfig results_diss/friedman1_ocl_float_gtx1080ti_3.cfg --operation.type STREAMING --operation.subType OCLUNIFIED --solverFinal.maxIterations 100 --solverFinal.eps 0 --isRegression true --do_dummy_ocl_init
training dataset: ../datasets/friedman/weakscaling_regression/friedman1_10d_600000.arff
OCL Info: 2 OpenCL platforms have been found
OCL Info: detected platform, name: "Intel(R) OpenCL"
OCL Info: detected platform vendor name: "Intel(R) Corporation"
OCL Info: platform not configured, skipping...
OCL Info: detected platform, name: "NVIDIA CUDA"
OCL Info: detected platform vendor name: "NVIDIA Corporation"
OCL Info: using platform, name: "NVIDIA CUDA"
OCL Info: platform device count: 8
OCL Info: detected device, name: "GeForce GTX 1080 Ti"
OCL Info: using device, name: "GeForce GTX 1080 Ti"
OCL Info: detected device, name: "GeForce GTX 1080 Ti"
OCL Info: using device, name: "GeForce GTX 1080 Ti"
OCL Info: detected device, name: "GeForce GTX 1080 Ti"
OCL Info: using device, name: "GeForce GTX 1080 Ti"
OCL Info: detected device, name: "GeForce GTX 1080 Ti"
OCL Info: detected device, name: "GeForce GTX 1080 Ti"
OCL Info: detected device, name: "GeForce GTX 1080 Ti"
OCL Info: detected device, name: "GeForce GTX 1080 Ti"
OCL Info: detected device, name: "GeForce GTX 1080 Ti"
ocl dummy initalization duration: 7.20708
instances: 600000
regular grid size: 397825
creating createOperationMultipleEval type: DEFAULT, using base operator factory
creating createOperationMultipleEval grid: ModLinear type: STREAMING==DEFAULT subType: OCLUNIFIED
OCL Info: 2 OpenCL platforms have been found
OCL Info: detected platform, name: "Intel(R) OpenCL"
OCL Info: detected platform vendor name: "Intel(R) Corporation"
OCL Info: detected platform, name: "NVIDIA CUDA"
OCL Info: detected platform vendor name: "NVIDIA Corporation"
OCL Info: using platform, name: "NVIDIA CUDA"
OCL Info: detected device, name: "GeForce GTX 1080 Ti"
OCL Info: using device, name: "GeForce GTX 1080 Ti"
OCL Info: detected device, name: "GeForce GTX 1080 Ti"
OCL Info: using device, name: "GeForce GTX 1080 Ti"
OCL Info: detected device, name: "GeForce GTX 1080 Ti"
OCL Info: using device, name: "GeForce GTX 1080 Ti"
OCL Info: detected device, name: "GeForce GTX 1080 Ti"
OCL Info: detected device, name: "GeForce GTX 1080 Ti"
OCL Info: detected device, name: "GeForce GTX 1080 Ti"
OCL Info: detected device, name: "GeForce GTX 1080 Ti"
OCL Info: detected device, name: "GeForce GTX 1080 Ti"
Starting Learning....

Doing refinement: 0
Grid Size: 397825
building with optimization flags: -cl-unsafe-math-optimizations -cl-denorms-are-zero
building with optimization flags: -cl-unsafe-math-optimizations -cl-denorms-are-zero
building with optimization flags: -cl-unsafe-math-optimizations -cl-denorms-are-zero
--- Begin Build Log ---


--- End Build Log ---
--- Begin Build Log ---


--- End Build Log ---
--- Begin Build Log ---


--- End Build Log ---
device: GeForce GTX 1080 Ti (0xdcafb0)  kernel from: 0 to: 132864 -> range: 132864 (with blocking: 132864)
device: GeForce GTX 1080 Ti (0xdd0870)  kernel from: 132864 to: 265728 -> range: 132864 (with blocking: 132864)
device: GeForce GTX 1080 Ti (0xdc9970)  kernel from: 265728 to: 398080 -> range: 132352 (with blocking: 132352)
device: 0xdc9970 duration: 0.591949
device: 0xdd0870 duration: 0.599433
device: 0xdcafb0 duration: 0.607126
duration multTranspose ocl mod: 0.724043
Starting Conjugated Gradients
All temp variables used in CG have been initialized
building with optimization flags: -cl-unsafe-math-optimizations -cl-denorms-are-zero
building with optimization flags: -cl-unsafe-math-optimizations -cl-denorms-are-zero
building with optimization flags: -cl-unsafe-math-optimizations -cl-denorms-are-zero
--- Begin Build Log ---


--- End Build Log ---
--- Begin Build Log ---


--- End Build Log ---
--- Begin Build Log ---


--- End Build Log ---
device: 0xdc9970 kernel from: 0 to: 200704 -> range: 200704
device: 0xdd0870 kernel from: 200704 to: 401408 -> range: 200704
device: 0xdcafb0 kernel from: 401408 to: 600064 -> range: 198656
device: 0xdc9970 duration: 0.436144
device: 0xdd0870 duration: 0.434483
device: 0xdcafb0 duration: 0.437635
duration mult ocl mod: 0.610348
device: GeForce GTX 1080 Ti (0xdd0870)  kernel from: 0 to: 132864 -> range: 132864 (with blocking: 132864)
device: GeForce GTX 1080 Ti (0xdcafb0)  kernel from: 132864 to: 265728 -> range: 132864 (with blocking: 132864)
device: GeForce GTX 1080 Ti (0xdc9970)  kernel from: 265728 to: 398080 -> range: 132352 (with blocking: 132352)
device: 0xdc9970 duration: 0.530101
device: 0xdd0870 duration: 0.539278
device: 0xdcafb0 duration: 0.54377
duration multTranspose ocl mod: 0.547511
Starting norm of residuum: -nan
Target norm:               0
.device: 0xdc9970 kernel from: 0 to: 200704 -> range: 200704
device: 0xdd0870 kernel from: 200704 to: 401408 -> range: 200704
device: 0xdcafb0 kernel from: 401408 to: 600064 -> range: 198656
device: 0xdd0870 duration: 0.434834
device: 0xdc9970 duration: 0.436043
device: 0xdcafb0 duration: 0.437718
duration mult ocl mod: 0.44029
device: GeForce GTX 1080 Ti (0xdcafb0)  kernel from: 0 to: 132864 -> range: 132864 (with blocking: 132864)
device: GeForce GTX 1080 Ti (0xdd0870)  kernel from: 132864 to: 265728 -> range: 132864 (with blocking: 132864)
device: GeForce GTX 1080 Ti (0xdc9970)  kernel from: 265728 to: 398080 -> range: 132352 (with blocking: 132352)
device: 0xdc9970 duration: 0.530205
device: 0xdd0870 duration: 0.536197
device: 0xdcafb0 duration: 0.540313
duration multTranspose ocl mod: 0.542898
delta: 5.74576e+14
.device: 0xdcafb0 kernel from: 0 to: 200704 -> range: 200704
device: 0xdc9970 kernel from: 200704 to: 401408 -> range: 200704
device: 0xdd0870 kernel from: 401408 to: 600064 -> range: 198656
device: 0xdd0870 duration: 0.434507
device: 0xdc9970 duration: 0.43657
device: 0xdcafb0 duration: 0.437906
duration mult ocl mod: 0.441506
device: GeForce GTX 1080 Ti (0xdcafb0)  kernel from: 0 to: 132864 -> range: 132864 (with blocking: 132864)
device: GeForce GTX 1080 Ti (0xdd0870)  kernel from: 132864 to: 265728 -> range: 132864 (with blocking: 132864)
device: GeForce GTX 1080 Ti (0xdc9970)  kernel from: 265728 to: 398080 -> range: 132352 (with blocking: 132352)
device: 0xdc9970 duration: 0.530462
device: 0xdd0870 duration: 0.535692
device: 0xdcafb0 duration: 0.538252
duration multTranspose ocl mod: 0.540821
delta: 4.66645e+14
.device: 0xdd0870 kernel from: 0 to: 200704 -> range: 200704
device: 0xdcafb0 kernel from: 200704 to: 401408 -> range: 200704
device: 0xdc9970 kernel from: 401408 to: 600064 -> range: 198656
device: 0xdd0870 duration: 0.434763
device: 0xdc9970 duration: 0.436269
device: 0xdcafb0 duration: 0.43822
duration mult ocl mod: 0.440694
device: GeForce GTX 1080 Ti (0xdcafb0)  kernel from: 0 to: 132864 -> range: 132864 (with blocking: 132864)
device: GeForce GTX 1080 Ti (0xdc9970)  kernel from: 132864 to: 265728 -> range: 132864 (with blocking: 132864)
device: GeForce GTX 1080 Ti (0xdd0870)  kernel from: 265728 to: 398080 -> range: 132352 (with blocking: 132352)
device: 0xdd0870 duration: 0.52859
device: 0xdcafb0 duration: 0.536962
device: 0xdc9970 duration: 0.53793
duration multTranspose ocl mod: 0.541045
delta: 1.7211e+13
.device: 0xdcafb0 kernel from: 0 to: 200704 -> range: 200704
device: 0xdd0870 kernel from: 200704 to: 401408 -> range: 200704
device: 0xdc9970 kernel from: 401408 to: 600064 -> range: 198656
device: 0xdd0870 duration: 0.434613
device: 0xdc9970 duration: 0.435739
device: 0xdcafb0 duration: 0.438538
duration mult ocl mod: 0.441976
device: GeForce GTX 1080 Ti (0xdc9970)  kernel from: 0 to: 132864 -> range: 132864 (with blocking: 132864)
device: GeForce GTX 1080 Ti (0xdcafb0device: ) GeForce GTX 1080 Ti (0xdd0870 kernel from: ) 132864 kernel from: 265728 to: 398080 -> range: 132352 (with blocking:  to: 132352)
265728 -> range: 132864 (with blocking: 132864)
device: 0xdd0870 duration: 0.528656
device: 0xdcafb0 duration: 0.537906
device: 0xdc9970 duration: 0.5416
duration multTranspose ocl mod: 0.544409
delta: 2.29913e+13
.device: 0xdc9970 kernel from: 0 to: 200704 -> range: 200704
device: 0xdd0870 kernel from: 200704 to: 401408 -> range: 200704
device: 0xdcafb0 kernel from: 401408 to: 600064 -> range: 198656
device: 0xdd0870 duration: 0.434666
device: 0xdc9970 duration: 0.436204
device: 0xdcafb0 duration: 0.43767
duration mult ocl mod: 0.440703
device: GeForce GTX 1080 Ti (0xdcafb0)  kernel from: 0 to: 132864 -> range: 132864 (with blocking: 132864)
device: GeForce GTX 1080 Ti (0xdc9970)  kernel from: 132864 to: 265728 -> range: 132864 (with blocking: 132864)
device: GeForce GTX 1080 Ti (0xdd0870)  kernel from: 265728 to: 398080 -> range: 132352 (with blocking: 132352)
device: 0xdd0870 duration: 0.528666
device: 0xdcafb0 duration: 0.540169
device: 0xdc9970 duration: 0.541608
duration multTranspose ocl mod: 0.544481
delta: 2.09543e+13
.device: 0xdcafb0 kernel from: 0 to: 200704 -> range: 200704
device: 0xdc9970 kernel from: 200704 to: 401408 -> range: 200704
device: 0xdd0870 kernel from: 401408 to: 600064 -> range: 198656
device: 0xdd0870 duration: 0.434291
device: 0xdc9970 duration: 0.436111
device: 0xdcafb0 duration: 0.437801
duration mult ocl mod: 0.440279
device: GeForce GTX 1080 Ti (0xdcafb0)  kernel from: 0 to: 132864 -> range: 132864 (with blocking: 132864)
device: GeForce GTX 1080 Ti (0xdc9970)  kernel from: 132864 to: 265728 -> range: 132864 (with blocking: 132864)
device: GeForce GTX 1080 Ti (0xdd0870)  kernel from: 265728 to: 398080 -> range: 132352 (with blocking: 132352)
device: 0xdd0870 duration: 0.52879
device: 0xdcafb0 duration: 0.540265
device: 0xdc9970 duration: 0.541722
duration multTranspose ocl mod: 0.544732
delta: 6.21261e+12
.device: 0xdd0870 kernel from: 0 to: 200704 -> range: 200704
device: 0xdcafb0 kernel from: 200704 to: 401408 -> range: 200704
device: 0xdc9970 kernel from: 401408 to: 600064 -> range: 198656
device: 0xdd0870 duration: 0.434633
device: 0xdc9970 duration: 0.435753
device: 0xdcafb0 duration: 0.437768
duration mult ocl mod: 0.440474
device: GeForce GTX 1080 Ti (0xdcafb0)  kernel from: 0 to: 132864 -> range: 132864 (with blocking: 132864)
device: GeForce GTX 1080 Ti (0xdc9970)  kernel from: 132864 to: 265728 -> range: 132864 (with blocking: 132864)
device: GeForce GTX 1080 Ti (0xdd0870)  kernel from: 265728 to: 398080 -> range: 132352 (with blocking: 132352)
device: 0xdd0870 duration: 0.528944
device: 0xdcafb0 duration: 0.537914
device: 0xdc9970 duration: 0.538123
duration multTranspose ocl mod: 0.540812
delta: 1.02081e+13
.device: 0xdcafb0 kernel from: 0 to: 200704 -> range: 200704
device: 0xdd0870 kernel from: 200704 to: 401408 -> range: 200704
device: 0xdc9970 kernel from: 401408 to: 600064 -> range: 198656
device: 0xdd0870 duration: 0.434715
device: 0xdc9970 duration: 0.435569
device: 0xdcafb0 duration: 0.437804
duration mult ocl mod: 0.439818
device: GeForce GTX 1080 Ti (0xdcafb0)  kernel from: 0 to: 132864 -> range: 132864 (with blocking: 132864)
device: GeForce GTX 1080 Ti (0xdd0870)  kernel from: 132864 to: 265728 -> range: 132864 (with blocking: 132864)
device: GeForce GTX 1080 Ti (0xdc9970)  kernel from: 265728 to: 398080 -> range: 132352 (with blocking: 132352)
device: 0xdc9970 duration: 0.530264
device: 0xdd0870 duration: 0.534291
device: 0xdcafb0 duration: 0.536974
duration multTranspose ocl mod: 0.539722
delta: 1.67762e+13
.device: 0xdd0870 kernel from: 0 to: 200704 -> range: 200704
device: 0xdc9970 kernel from: 200704 to: 401408 -> range: 200704
device: 0xdcafb0 kernel from: 401408 to: 600064 -> range: 198656
device: 0xdd0870 duration: 0.434722
device: 0xdc9970 duration: 0.436412
device: 0xdcafb0 duration: 0.437649
duration mult ocl mod: 0.440905
device: GeForce GTX 1080 Ti (0xdcafb0)  kernel from: 0 to: 132864 -> range: 132864 (with blocking: 132864)
device: GeForce GTX 1080 Ti (0xdd0870)  kernel from: 132864 to: 265728 -> range: 132864 (with blocking: 132864)
device: GeForce GTX 1080 Ti (0xdc9970)  kernel from: 265728 to: 398080 -> range: 132352 (with blocking: 132352)
device: 0xdc9970 duration: 0.530659
device: 0xdd0870 duration: 0.534453
device: 0xdcafb0 duration: 0.538433
duration multTranspose ocl mod: 0.541119
delta: 1.40444e+13
.device: 0xdc9970 kernel from: 0 to: 200704 -> range: 200704
device: 0xdcafb0 kernel from: 200704 to: 401408 -> range: 200704
device: 0xdd0870 kernel from: 401408 to: 600064 -> range: 198656
device: 0xdc9970 duration: 0.436024
device: 0xdd0870 duration: 0.434498
device: 0xdcafb0 duration: 0.437736
duration mult ocl mod: 0.442075
device: GeForce GTX 1080 Ti (0xdc9970)  kernel from: 0 to: 132864 -> range: 132864 (with blocking: 132864)
device: GeForce GTX 1080 Ti (0xdd0870)  kernel from: 132864 to: 265728 -> range: 132864 (with blocking: 132864)
device: GeForce GTX 1080 Ti (0xdcafb0)  kernel from: 265728 to: 398080 -> range: 132352 (with blocking: 132352)
device: 0xdcafb0 duration: 0.532147
device: 0xdc9970 duration: 0.538108
device: 0xdd0870 duration: 0.54153
duration multTranspose ocl mod: 0.544859
delta: 2.87417e+12
.device: 0xdcafb0 kernel from: 0 to: 200704 -> range: 200704
device: 0xdc9970 kernel from: 200704 to: 401408 -> range: 200704
device: 0xdd0870 kernel from: 401408 to: 600064 -> range: 198656
device: 0xdc9970 duration: 0.436209
device: 0xdd0870 duration: 0.438135
device: 0xdcafb0 duration: 0.437814
duration mult ocl mod: 0.44114
device: GeForce GTX 1080 Ti (0xdc9970)  kernel from: 0 to: 132864 -> range: 132864 (with blocking: 132864)
device: GeForce GTX 1080 Ti (0xdd0870)  kernel from: 132864 to: 265728 -> range: 132864 (with blocking: 132864)
device: GeForce GTX 1080 Ti (0xdcafb0)  kernel from: 265728 to: 398080 -> range: 132352 (with blocking: 132352)
device: 0xdcafb0 duration: 0.532424
device: 0xdc9970 duration: 0.535494
device: 0xdd0870 duration: 0.543745
duration multTranspose ocl mod: 0.547057
delta: 1.48183e+12
.device: 0xdc9970 kernel from: 0 to: 200704 -> range: 200704
device: 0xdd0870 kernel from: 200704 to: 401408 -> range: 200704
device: 0xdcafb0 kernel from: 401408 to: 600064 -> range: 198656
device: 0xdc9970 duration: 0.436449
device: 0xdcafb0 duration: 0.437802
device: 0xdd0870 duration: 0.439198
duration mult ocl mod: 0.442358
device: GeForce GTX 1080 Ti (0xdcafb0)  kernel from: 0 to: 132864 -> range: 132864 (with blocking: 132864)
device: GeForce GTX 1080 Ti (0xdc9970)  kernel from: 132864 to: 265728 -> range: 132864 (with blocking: 132864)
device: GeForce GTX 1080 Ti (0xdd0870)  kernel from: 265728 to: 398080 -> range: 132352 (with blocking: 132352)
device: 0xdd0870 duration: 0.533866
device: 0xdcafb0 duration: 0.537388
device: 0xdc9970 duration: 0.538575
duration multTranspose ocl mod: 0.541669
delta: 1.59858e+12
.device: 0xdc9970 kernel from: 0 to: 200704 -> range: 200704
device: 0xdcafb0 kernel from: 200704 to: 401408 -> range: 200704
device: 0xdd0870 kernel from: 401408 to: 600064 -> range: 198656
device: 0xdc9970 duration: 0.436387
device: 0xdd0870 duration: 0.4382
device: 0xdcafb0 duration: 0.437785
duration mult ocl mod: 0.442505
device: GeForce GTX 1080 Ti (0xdcafb0)  kernel from: 0 to: 132864 -> range: 132864 (with blocking: 132864)
device: GeForce GTX 1080 Ti (0xdc9970)  kernel from: 132864 to: 265728 -> range: 132864 (with blocking: 132864)
device: GeForce GTX 1080 Ti (0xdd0870)  kernel from: 265728 to: 398080 -> range: 132352 (with blocking: 132352)
device: 0xdcafb0 duration: 0.537275
device: 0xdd0870 duration: 0.533445
device: 0xdc9970 duration: 0.538274
duration multTranspose ocl mod: 0.543251
delta: 1.44726e+12
.device: 0xdcafb0 kernel from: 0 to: 200704 -> range: 200704
device: 0xdd0870 kernel from: 200704 to: 401408 -> range: 200704
device: 0xdc9970 kernel from: 401408 to: 600064 -> range: 198656
device: 0xdc9970 duration: 0.435878
device: 0xdcafb0 duration: 0.437914
device: 0xdd0870 duration: 0.439164
duration mult ocl mod: 0.442736
device: GeForce GTX 1080 Ti (0xdc9970)  kernel from: 0 to: 132864 -> range: 132864 (with blocking: 132864)
device: GeForce GTX 1080 Ti (0xdcafb0)  kernel from: 132864 to: 265728 -> range: 132864 (with blocking: 132864)
device: GeForce GTX 1080 Ti (0xdd0870)  kernel from: 265728 to: 398080 -> range: 132352 (with blocking: 132352)
device: 0xdd0870 duration: 0.533321
device: 0xdcafb0 duration: 0.536984
device: 0xdc9970 duration: 0.541731
duration multTranspose ocl mod: 0.543955
delta: 4.96834e+11
.device: 0xdcafb0 kernel from: 0 to: 200704 -> range: 200704
device: 0xdc9970 kernel from: 200704 to: 401408 -> range: 200704
device: 0xdd0870 kernel from: 401408 to: 600064 -> range: 198656
device: 0xdc9970 duration: 0.436249
device: 0xdcafb0 duration: 0.437796
device: 0xdd0870 duration: 0.438894
duration mult ocl mod: 0.442053
device: GeForce GTX 1080 Ti (0xdd0870)  kernel from: 0 to: 132864 -> range: 132864 (with blocking: 132864)
device: GeForce GTX 1080 Ti (0xdc9970)  kernel from: 132864 to: 265728 -> range: 132864 (with blocking: 132864)
device: GeForce GTX 1080 Ti (0xdcafb0)  kernel from: 265728 to: 398080 -> range: 132352 (with blocking: 132352)
device: 0xdcafb0 duration: 0.531877
device: 0xdd0870 duration: 0.536842
device: 0xdc9970 duration: 0.542272
duration multTranspose ocl mod: 0.544872
delta: 1.35078e+12
.device: 0xdcafb0 kernel from: 0 to: 200704 -> range: 200704
device: 0xdc9970 kernel from: 200704 to: 401408 -> range: 200704
device: 0xdd0870 kernel from: 401408 to: 600064 -> range: 198656
device: 0xdcafb0 duration: 0.437872
device: 0xdc9970 duration: 0.438179
device: 0xdd0870 duration: 0.438967
duration mult ocl mod: 0.44154
device: GeForce GTX 1080 Ti (0xdc9970)  kernel from: 0 to: 132864 -> range: 132864 (with blocking: 132864)
device: GeForce GTX 1080 Ti (0xdd0870)  kernel from: 132864 to: 265728 -> range: 132864 (with blocking: 132864)
device: GeForce GTX 1080 Ti (0xdcafb0)  kernel from: 265728 to: 398080 -> range: 132352 (with blocking: 132352)
device: 0xdcafb0 duration: 0.532254
device: 0xdc9970 duration: 0.539647
device: 0xdd0870 duration: 0.5402
duration multTranspose ocl mod: 0.542821
delta: 6.02701e+11
.device: 0xdd0870 kernel from: 0 to: 200704 -> range: 200704
device: 0xdc9970 kernel from: 200704 to: 401408 -> range: 200704
device: 0xdcafb0 kernel from: 401408 to: 600064 -> range: 198656
device: 0xdcafb0 duration: 0.437648
device: 0xdc9970 duration: 0.438767
device: 0xdd0870 duration: 0.439123
duration mult ocl mod: 0.441402
device: GeForce GTX 1080 Ti (0xdd0870)  kernel from: 0 to: 132864 -> range: 132864 (with blocking: 132864)
device: GeForce GTX 1080 Ti (0xdcafb0)  kernel from: 132864 to: 265728 -> range: 132864 (with blocking: 132864)
device: GeForce GTX 1080 Ti (0xdc9970)  kernel from: 265728 to: 398080 -> range: 132352 (with blocking: 132352)
device: 0xdc9970 duration: 0.532444
device: 0xdd0870 duration: 0.538891
device: 0xdcafb0 duration: 0.543796
duration multTranspose ocl mod: 0.54686
delta: 2.08317e+12
.device: 0xdcafb0 kernel from: 0 to: 200704 -> range: 200704
device: 0xdc9970 kernel from: 200704 to: 401408 -> range: 200704
device: 0xdd0870 kernel from: 401408 to: 600064 -> range: 198656
device: 0xdcafb0 duration: 0.437822
device: 0xdd0870 duration: 0.438034
device: 0xdc9970 duration: 0.438618
duration mult ocl mod: 0.440705
device: GeForce GTX 1080 Ti (0xdcafb0)  kernel from: 0 to: 132864 -> range: 132864 (with blocking: 132864)
device: GeForce GTX 1080 Ti (0xdc9970)  kernel from: 132864 to: 265728 -> range: 132864 (with blocking: 132864)
device: GeForce GTX 1080 Ti (0xdd0870)  kernel from: 265728 to: 398080 -> range: 132352 (with blocking: 132352)
device: 0xdd0870 duration: 0.533442
device: 0xdcafb0 duration: 0.538153
device: 0xdc9970 duration: 0.540237
duration multTranspose ocl mod: 0.542743
delta: 4.99944e+11
.device: 0xdd0870 kernel from: 0 to: 200704 -> range: 200704
device: 0xdc9970 kernel from: 200704 to: 401408 -> range: 200704
device: 0xdcafb0 kernel from: 401408 to: 600064 -> range: 198656
device: 0xdcafb0 duration: 0.437714
device: 0xdc9970 duration: 0.438281
device: 0xdd0870 duration: 0.439306
duration mult ocl mod: 0.441951
device: GeForce GTX 1080 Ti (0xdd0870)  kernel from: 0 to: 132864 -> range: 132864 (with blocking: 132864)
device: GeForce GTX 1080 Ti (0xdc9970)  kernel from: 132864 to: 265728 -> range: 132864 (with blocking: 132864)device: 
GeForce GTX 1080 Ti (0xdcafb0)  kernel from: 265728 to: 398080 -> range: 132352 (with blocking: 132352)
device: 0xdcafb0 duration: 0.532322
device: 0xdd0870 duration: 0.540293
device: 0xdc9970 duration: 0.540634
duration multTranspose ocl mod: 0.543309
delta: 8.00209e+11
.device: 0xdd0870 kernel from: 0 to: 200704 -> range: 200704
device: 0xdcafb0 kernel from: 200704 to: 401408 -> range: 200704
device: 0xdc9970 kernel from: 401408 to: 600064 -> range: 198656
device: 0xdc9970 duration: 0.437845
device: 0xdcafb0 duration: 0.437913
device: 0xdd0870 duration: 0.439055
duration mult ocl mod: 0.441232
device: GeForce GTX 1080 Ti (0xdc9970)  kernel from: 0 to: 132864 -> range: 132864 (with blocking: 132864)
device: GeForce GTX 1080 Ti (0xdd0870)  kernel from: 132864 to: 265728 -> range: 132864 (with blocking: 132864)
device: GeForce GTX 1080 Ti (0xdcafb0)  kernel from: 265728 to: 398080 -> range: 132352 (with blocking: 132352)
device: 0xdcafb0 duration: 0.531836
device: 0xdd0870 duration: 0.540452
device: 0xdc9970 duration: 0.543924
duration multTranspose ocl mod: 0.545997
delta: 5.76784e+11
.device: 0xdcafb0 kernel from: 0 to: 200704 -> range: 200704
device: 0xdd0870 kernel from: 200704 to: 401408 -> range: 200704
device: 0xdc9970 kernel from: 401408 to: 600064 -> range: 198656
device: 0xdcafb0 duration: 0.437915
device: 0xdd0870 duration: 0.438087
device: 0xdc9970 duration: 0.437772
duration mult ocl mod: 0.440925
device: GeForce GTX 1080 Ti (0xdd0870)  kernel from: 0 to: 132864 -> range: 132864 (with blocking: 132864)
device: GeForce GTX 1080 Ti (0xdcafb0)  kernel from: 132864 to: 265728 -> range: 132864 (with blocking: 132864)
device: GeForce GTX 1080 Ti (0xdc9970)  kernel from: 265728 to: 398080 -> range: 132352 (with blocking: 132352)
device: 0xdc9970 duration: 0.532636
device: 0xdcafb0 duration: 0.537004
device: 0xdd0870 duration: 0.54093
duration multTranspose ocl mod: 0.543103
delta: 2.8381e+11
.device: 0xdd0870 kernel from: 0 to: 200704 -> range: 200704
device: 0xdcafb0 kernel from: 200704 to: 401408 -> range: 200704
device: 0xdc9970 kernel from: 401408 to: 600064 -> range: 198656
device: 0xdcafb0 duration: device: 0xdd0870 duration: 0.438394
0.438112
device: 0xdc9970 duration: 0.437861
duration mult ocl mod: 0.441118
device: GeForce GTX 1080 Ti (0xdcafb0)  kernel from: 0 to: 132864 -> range: 132864 (with blocking: 132864)
device: GeForce GTX 1080 Ti (0xdd0870)  kernel from: 132864 to: 265728 -> range: 132864 (with blocking: 132864)
device: GeForce GTX 1080 Ti (0xdc9970)  kernel from: 265728 to: 398080 -> range: 132352 (with blocking: 132352)
device: 0xdc9970 duration: 0.532809
device: 0xdcafb0 duration: 0.540995
device: 0xdd0870 duration: 0.541098
duration multTranspose ocl mod: 0.544
delta: 6.35171e+11
.device: 0xdcafb0 kernel from: 0 to: 200704 -> range: 200704
device: 0xdc9970 kernel from: 200704 to: 401408 -> range: 200704
device: 0xdd0870 kernel from: 401408 to: 600064 -> range: 198656
device: 0xdcafb0 duration: 0.437933
device: 0xdd0870 duration: 0.437505
device: 0xdc9970 duration: 0.438256
duration mult ocl mod: 0.441062
device: GeForce GTX 1080 Ti (0xdcafb0)  kernel from: 0 to: 132864 -> range: 132864 (with blocking: 132864)
device: GeForce GTX 1080 Ti (0xdd0870)  kernel from: 132864 to: 265728 -> range: 132864 (with blocking: 132864)
device: GeForce GTX 1080 Ti (0xdc9970)  kernel from: 265728 to: 398080 -> range: 132352 (with blocking: 132352)
device: 0xdc9970 duration: 0.53256
device: 0xdcafb0 duration: 0.540385
device: 0xdd0870 duration: 0.541364
duration multTranspose ocl mod: 0.544999
delta: 3.2328e+11
.device: 0xdd0870 kernel from: 0 to: 200704 -> range: 200704
device: 0xdcafb0 kernel from: 200704 to: 401408 -> range: 200704
device: 0xdc9970 kernel from: 401408 to: 600064 -> range: 198656
device: 0xdc9970 duration: 0.437833
device: 0xdd0870 duration: 0.438147
device: 0xdcafb0 duration: 0.438508
duration mult ocl mod: 0.44259
device: GeForce GTX 1080 Ti (0xdd0870)  kernel from: 0 to: 132864 -> range: 132864 (with blocking: 132864)
device: GeForce GTX 1080 Ti (0xdcafb0)  kernel from: 132864 to: 265728 -> range: 132864 (with blocking: 132864)
device: GeForce GTX 1080 Ti (0xdc9970)  kernel from: 265728 to: 398080 -> range: 132352 (with blocking: 132352)
device: 0xdc9970 duration: 0.532633
device: 0xdcafb0 duration: 0.539079
device: 0xdd0870 duration: 0.54461
duration multTranspose ocl mod: 0.547823
delta: 2.1539e+11
.device: 0xdcafb0 kernel from: 0 to: 200704 -> range: 200704
device: 0xdc9970 kernel from: 200704 to: 401408 -> range: 200704
device: 0xdd0870 kernel from: 401408 to: 600064 -> range: 198656
device: 0xdcafb0 duration: 0.437962
device: 0xdc9970 duration: 0.438852
device: 0xdd0870 duration: 0.437717
duration mult ocl mod: 0.442181
device: GeForce GTX 1080 Ti (0xdcafb0)  kernel from: 0 to: 132864 -> range: 132864 (with blocking: 132864)
device: GeForce GTX 1080 Ti (0xdc9970)  kernel from: 132864 to: 265728 -> range: 132864 (with blocking: 132864)
device: GeForce GTX 1080 Ti (0xdd0870)  kernel from: 265728 to: 398080 -> range: 132352 (with blocking: 132352)
device: 0xdd0870 duration: 0.532913
device: 0xdcafb0 duration: 0.540324
device: 0xdc9970 duration: 0.543931
duration multTranspose ocl mod: 0.546532
delta: 7.3491e+11
.device: 0xdc9970 kernel from: 0 to: 200704 -> range: 200704
device: 0xdcafb0 kernel from: 200704 to: 401408 -> range: 200704
device: 0xdd0870 kernel from: 401408 to: 600064 -> range: 198656
device: 0xdc9970 duration: device: 0xdd0870 duration: 0.437744
0.438246
device: 0xdcafb0 duration: 0.438327
duration mult ocl mod: 0.44066
device: GeForce GTX 1080 Ti (0xdc9970)  kernel from: 0 to: 132864 -> range: 132864 (with blocking: 132864)
device: GeForce GTX 1080 Ti (0xdcafb0)  kernel from: 132864 to: 265728 -> range: 132864 (with blocking: 132864)
device: GeForce GTX 1080 Ti (0xdd0870)  kernel from: 265728 to: 398080 -> range: 132352 (with blocking: 132352)
device: 0xdd0870 duration: 0.533202
device: 0xdcafb0 duration: 0.539018
device: 0xdc9970 duration: 0.541173
duration multTranspose ocl mod: 0.543738
delta: 8.40106e+10
.device: 0xdcafb0 kernel from: 0 to: 200704 -> range: 200704
device: 0xdc9970 kernel from: 200704 to: 401408 -> range: 200704
device: 0xdd0870 kernel from: 401408 to: 600064 -> range: 198656
device: 0xdcafb0 duration: 0.437907
device: 0xdd0870 duration: 0.437729
device: 0xdc9970 duration: 0.438252
duration mult ocl mod: 0.440864
device: GeForce GTX 1080 Ti (0xdc9970)  kernel from: 0 to: 132864 -> range: 132864 (with blocking: 132864)
device: GeForce GTX 1080 Ti (0xdcafb0)  kernel from: 132864 to: 265728 -> range: 132864 (with blocking: 132864)
device: GeForce GTX 1080 Ti (0xdd0870)  kernel from: 265728 to: 398080 -> range: 132352 (with blocking: 132352)
device: 0xdd0870 duration: 0.53386
device: 0xdcafb0 duration: 0.539721
device: 0xdc9970 duration: 0.544015
duration multTranspose ocl mod: 0.546638
delta: 2.99549e+11
.device: 0xdcafb0 kernel from: 0 to: 200704 -> range: 200704
device: 0xdd0870 kernel from: 200704 to: 401408 -> range: 200704
device: 0xdc9970 kernel from: 401408 to: 600064 -> range: 198656
device: 0xdcafb0 duration: 0.438001
device: 0xdc9970 duration: 0.437878
device: 0xdd0870 duration: 0.438409
duration mult ocl mod: 0.441897
device: GeForce GTX 1080 Ti (0xdc9970)  kernel from: 0 to: 132864 -> range: 132864 (with blocking: 132864)
device: GeForce GTX 1080 Ti (0xdcafb0)  kernel from: 132864 to: 265728 -> range: 132864 (with blocking: 132864)
device: GeForce GTX 1080 Ti (0xdd0870)  kernel from: 265728 to: 398080 -> range: 132352 (with blocking: 132352)
device: 0xdd0870 duration: 0.53325
device: 0xdcafb0 duration: 0.538722
device: 0xdc9970 duration: 0.544006
duration multTranspose ocl mod: 0.546443
delta: 2.23061e+11
.device: 0xdcafb0 kernel from: 0 to: 200704 -> range: 200704
device: 0xdd0870 kernel from: 200704 to: 401408 -> range: 200704
device: 0xdc9970 kernel from: 401408 to: 600064 -> range: 198656
device: 0xdcafb0 duration: 0.437935
device: 0xdc9970 duration: 0.437805
device: 0xdd0870 duration: 0.439014
duration mult ocl mod: 0.441538
device: GeForce GTX 1080 Ti (0xdcafb0)  kernel from: 0 to: 132864 -> range: 132864 (with blocking: 132864)
device: GeForce GTX 1080 Ti (0xdc9970)  kernel from: 132864 to: 265728 -> range: 132864 (with blocking: 132864)
device: GeForce GTX 1080 Ti (0xdd0870)  kernel from: 265728 to: 398080 -> range: 132352 (with blocking: 132352)
device: 0xdd0870 duration: 0.533291
device: 0xdcafb0 duration: 0.539781
device: 0xdc9970 duration: 0.544066
duration multTranspose ocl mod: 0.546184
delta: 1.65792e+11
.device: 0xdd0870 kernel from: 0 to: 200704 -> range: 200704
device: 0xdcafb0 kernel from: 200704 to: 401408 -> range: 200704
device: 0xdc9970 kernel from: 401408 to: 600064 -> range: 198656
device: 0xdd0870 duration: 0.438301
device: 0xdcafb0 duration: 0.438238
device: 0xdc9970 duration: 0.437835
duration mult ocl mod: 0.441279
device: GeForce GTX 1080 Ti (0xdd0870)  kernel from: 0 to: 132864 -> range: 132864 (with blocking: 132864)
device: GeForce GTX 1080 Ti (0xdc9970)  kernel from: 132864 to: 265728 -> range: 132864 (with blocking: 132864)
device: GeForce GTX 1080 Ti (0xdcafb0)  kernel from: 265728 to: 398080 -> range: 132352 (with blocking: 132352)
device: 0xdcafb0 duration: 0.531883
device: 0xdd0870 duration: 0.538725
device: 0xdc9970 duration: 0.539226
duration multTranspose ocl mod: 0.542322
delta: 1.66672e+11
.device: 0xdcafb0 kernel from: 0 to: 200704 -> range: 200704
device: 0xdc9970 kernel from: 200704 to: 401408 -> range: 200704
device: 0xdd0870 kernel from: 401408 to: 600064 -> range: 198656
device: 0xdcafb0 duration: 0.438186
device: 0xdd0870 duration: 0.437733
device: 0xdc9970 duration: 0.438215
duration mult ocl mod: 0.440923
device: GeForce GTX 1080 Ti (0xdc9970)  kernel from: 0 to: 132864 -> range: 132864 (with blocking: 132864)
device: GeForce GTX 1080 Ti (0xdcafb0)  kernel from: 132864 to: 265728 -> range: 132864 (with blocking: 132864)
device: GeForce GTX 1080 Ti (0xdd0870)  kernel from: 265728 to: 398080 -> range: 132352 (with blocking: 132352)
device: 0xdd0870 duration: 0.53313
device: 0xdcafb0 duration: 0.538241
device: 0xdc9970 duration: 0.538968
duration multTranspose ocl mod: 0.541407
delta: 3.06971e+11
.device: 0xdcafb0 kernel from: 0 to: 200704 -> range: 200704
device: 0xdd0870 kernel from: 200704 to: 401408 -> range: 200704
device: 0xdc9970 kernel from: 401408 to: 600064 -> range: 198656
device: 0xdcafb0 duration: 0.437956
device: 0xdc9970 duration: 0.437932
device: 0xdd0870 duration: 0.43807
duration mult ocl mod: 0.441315
device: GeForce GTX 1080 Ti (0xdcafb0)  kernel from: 0 to: 132864 -> range: 132864 (with blocking: 132864)
device: GeForce GTX 1080 Ti (0xdd0870)  kernel from: 132864 to: 265728 -> range: 132864 (with blocking: 132864)
device: GeForce GTX 1080 Ti (0xdc9970)  kernel from: 265728 to: 398080 -> range: 132352 (with blocking: 132352)
device: 0xdc9970 duration: 0.532761
device: 0xdcafb0 duration: 0.539791
device: 0xdd0870 duration: 0.541415
duration multTranspose ocl mod: 0.544446
delta: 4.97665e+11
.device: 0xdcafb0 kernel from: 0 to: 200704 -> range: 200704
device: 0xdd0870 kernel from: 200704 to: 401408 -> range: 200704
device: 0xdc9970 kernel from: 401408 to: 600064 -> range: 198656
device: 0xdcafb0 duration: 0.438072
device: 0xdc9970 duration: 0.437851
device: 0xdd0870 duration: 0.438183
duration mult ocl mod: 0.440886
device: GeForce GTX 1080 Ti (0xdcafb0)  kernel from: 0 to: 132864 -> range: 132864 (with blocking: 132864)
device: GeForce GTX 1080 Ti (0xdd0870)  kernel from: 132864 to: 265728 -> range: 132864 (with blocking: 132864)
device: GeForce GTX 1080 Ti (0xdc9970)  kernel from: 265728 to: 398080 -> range: 132352 (with blocking: 132352)
device: 0xdc9970 duration: 0.533259
device: 0xdcafb0 duration: 0.539851
device: 0xdd0870 duration: 0.544978
duration multTranspose ocl mod: 0.548073
delta: 4.75191e+11
.device: 0xdd0870 kernel from: 0 to: 200704 -> range: 200704
device: 0xdcafb0 kernel from: 200704 to: 401408 -> range: 200704
device: 0xdc9970 kernel from: 401408 to: 600064 -> range: 198656
device: 0xdc9970 duration: 0.437904
device: 0xdcafb0 duration: 0.437972
device: 0xdd0870 duration: 0.438288
duration mult ocl mod: 0.441444
device: GeForce GTX 1080 Ti (0xdcafb0)  kernel from: 0 to: 132864 -> range: 132864 (with blocking: 132864)
device: GeForce GTX 1080 Ti (0xdc9970)  kernel from: 132864 to: 265728 -> range: 132864 (with blocking: 132864)
device: GeForce GTX 1080 Ti (0xdd0870)  kernel from: 265728 to: 398080 -> range: 132352 (with blocking: 132352)
device: 0xdd0870 duration: 0.53345
device: 0xdc9970 duration: 0.539027
device: 0xdcafb0 duration: 0.540505
duration multTranspose ocl mod: 0.542656
delta: 9.24699e+10
.device: 0xdcafb0 kernel from: 0 to: 200704 -> range: 200704
device: 0xdc9970 kernel from: 200704 to: 401408 -> range: 200704
device: 0xdd0870 kernel from: 401408 to: 600064 -> range: 198656
device: 0xdc9970 duration: 0.438211
device: 0xdd0870 duration: 0.437786
device: 0xdcafb0 duration: 0.438119
duration mult ocl mod: 0.440905
device: GeForce GTX 1080 Ti (0xdd0870)  kernel from: 0 to: 132864 -> range: 132864 (with blocking: 132864)
device: GeForce GTX 1080 Ti (0xdcafb0)  kernel from: 132864 to: 265728 -> range: 132864 (with blocking: 132864)
device: GeForce GTX 1080 Ti (0xdc9970)  kernel from: 265728 to: 398080 -> range: 132352 (with blocking: 132352)
device: 0xdc9970 duration: 0.532948
device: 0xdcafb0 duration: 0.539939
device: 0xdd0870 duration: 0.541404
duration multTranspose ocl mod: 0.544201
delta: 1.83185e+11
.device: 0xdcafb0 kernel from: 0 to: 200704 -> range: 200704
device: 0xdd0870 kernel from: 200704 to: 401408 -> range: 200704
device: 0xdc9970 kernel from: 401408 to: 600064 -> range: 198656
device: 0xdc9970 duration: device: 0xdcafb0 duration: 0.437874
0.438388
device: 0xdd0870 duration: 0.438691
duration mult ocl mod: 0.441794
device: GeForce GTX 1080 Ti (0xdc9970)  kernel from: 0 to: 132864 -> range: 132864 (with blocking: 132864)
device: GeForce GTX 1080 Ti (0xdd0870)  kernel from: 132864 to: 265728 -> range: 132864 (with blocking: 132864)
device: GeForce GTX 1080 Ti (0xdcafb0)  kernel from: 265728 to: 398080 -> range: 132352 (with blocking: 132352)
device: 0xdcafb0 duration: 0.532487
device: 0xdc9970 duration: 0.538551
device: 0xdd0870 duration: 0.542474
duration multTranspose ocl mod: 0.545578
delta: 7.56607e+10
.device: 0xdc9970 kernel from: 0 to: 200704 -> range: 200704
device: 0xdd0870 kernel from: 200704 to: 401408 -> range: 200704
device: 0xdcafb0 kernel from: 401408 to: 600064 -> range: 198656
device: 0xdcafb0 duration: 0.438204
device: 0xdc9970 duration: 0.438295
device: 0xdd0870 duration: 0.438838
duration mult ocl mod: 0.443408
device: GeForce GTX 1080 Ti (0xdc9970)  kernel from: 0 to: 132864 -> range: 132864 (with blocking: 132864)
device: GeForce GTX 1080 Ti (0xdd0870)  kernel from: 132864 to: 265728 -> range: 132864 (with blocking: 132864)
device: GeForce GTX 1080 Ti (0xdcafb0)  kernel from: 265728 to: 398080 -> range: 132352 (with blocking: 132352)
device: 0xdcafb0 duration: 0.53213
device: 0xdc9970 duration: 0.540942
device: 0xdd0870 duration: 0.542109
duration multTranspose ocl mod: 0.545342
delta: 2.25787e+11
.device: 0xdc9970 kernel from: 0 to: 200704 -> range: 200704
device: 0xdcafb0 kernel from: 200704 to: 401408 -> range: 200704
device: 0xdd0870 kernel from: 401408 to: 600064 -> range: 198656
device: 0xdc9970 duration: 0.438316
device: 0xdcafb0 duration: 0.438397
device: 0xdd0870 duration: 0.438097
duration mult ocl mod: 0.442774
device: GeForce GTX 1080 Ti (0xdc9970)  kernel from: 0 to: 132864 -> range: 132864device: GeForce GTX 1080 Ti ( (with blocking: 0xdd08700x20700) ) kernel from: 
132864 to: 265728 -> range: 132864 (with blocking: 132864)
device: GeForce GTX 1080 Ti (0xdcafb0)  kernel from: 265728 to: 398080 -> range: 132352 (with blocking: 132352)
device: 0xdcafb0 duration: 0.532149
device: 0xdd0870 duration: 0.541714
device: 0xdc9970 duration: 0.543948
duration multTranspose ocl mod: 0.547246
delta: 1.13349e+11
.device: 0xdc9970 kernel from: 0 to: 200704 -> range: 200704
device: 0xdd0870 kernel from: 200704 to: 401408 -> range: 200704
device: 0xdcafb0 kernel from: 401408 to: 600064 -> range: 198656
device: 0xdc9970 duration: device: 0xdcafb0 duration: 0.438204
0.437821
device: 0xdd0870 duration: 0.43871
duration mult ocl mod: 0.441263
device: GeForce GTX 1080 Ti (0xdcafb0)  kernel from: 0 to: 132864 -> range: 132864 (with blocking: 132864)
device: GeForce GTX 1080 Ti (0xdc9970)  kernel from: 132864 to: 265728 -> range: 132864 (with blocking: 132864)
device: GeForce GTX 1080 Ti (0xdd0870)  kernel from: 265728 to: 398080 -> range: 132352 (with blocking: 132352)
device: 0xdd0870 duration: 0.533398
device: 0xdcafb0 duration: 0.540175
device: 0xdc9970 duration: 0.540311
duration multTranspose ocl mod: 0.54353
delta: 1.62068e+11
.device: 0xdd0870 kernel from: 0 to: 200704 -> range: 200704
device: 0xdc9970 kernel from: 200704 to: 401408 -> range: 200704
device: 0xdcafb0 kernel from: 401408 to: 600064 -> range: 198656
device: 0xdc9970 duration: 0.438206
device: 0xdd0870 duration: 0.438795
device: 0xdcafb0 duration: 0.437927
duration mult ocl mod: 0.441597
device: GeForce GTX 1080 Ti (0xdc9970)  kernel from: 0 to: 132864 -> range: 132864 (with blocking: 132864)
device: GeForce GTX 1080 Ti (0xdd0870)  kernel from: 132864 to: 265728 -> range: 132864 (with blocking: 132864)
device: GeForce GTX 1080 Ti (0xdcafb0)  kernel from: 265728 to: 398080 -> range: 132352 (with blocking: 132352)
device: 0xdcafb0 duration: 0.532081
device: 0xdd0870 duration: 0.541471
device: 0xdc9970 duration: 0.54403
duration multTranspose ocl mod: 0.546666
delta: 2.10861e+11
.device: 0xdcafb0 kernel from: 0 to: 200704 -> range: 200704
device: 0xdc9970 kernel from: 200704 to: 401408 -> range: 200704
device: 0xdd0870 kernel from: 401408 to: 600064 -> range: 198656
device: 0xdcafb0 duration: 0.437994
device: 0xdc9970 duration: 0.438271
device: 0xdd0870 duration: 0.438161
duration mult ocl mod: 0.441414
device: GeForce GTX 1080 Ti (0xdcafb0)  kernel from: 0 to: 132864 -> range: 132864 (with blocking: 132864)
device: GeForce GTX 1080 Ti (0xdc9970)  kernel from: 132864 to: 265728 -> range: 132864 (with blocking: 132864)
device: GeForce GTX 1080 Ti (0xdd0870)  kernel from: 265728 to: 398080 -> range: 132352 (with blocking: 132352)
device: 0xdd0870 duration: 0.533411
device: 0xdcafb0 duration: 0.540443
device: 0xdc9970 duration: 0.54155
duration multTranspose ocl mod: 0.543998
delta: 7.14633e+10
.device: 0xdc9970 kernel from: 0 to: 200704 -> range: 200704
device: 0xdcafb0 kernel from: 200704 to: 401408 -> range: 200704
device: 0xdd0870 kernel from: 401408 to: 600064 -> range: 198656
device: 0xdc9970 duration: 0.438144
device: 0xdd0870 duration: 0.438241
device: 0xdcafb0 duration: 0.441245
duration mult ocl mod: 0.443256
device: GeForce GTX 1080 Ti (0xdcafb0)  kernel from: 0 to: 132864 -> range: 132864 (with blocking: 132864)
device: GeForce GTX 1080 Ti (0xdc9970)  kernel from: 132864 to: 265728 -> range: 132864 (with blocking: 132864)
device: GeForce GTX 1080 Ti (0xdd0870)  kernel from: 265728 to: 398080 -> range: 132352 (with blocking: 132352)
device: 0xdd0870 duration: 0.533584
device: 0xdcafb0 duration: 0.54128
device: 0xdc9970 duration: 0.543932
duration multTranspose ocl mod: 0.546314
delta: 7.05362e+10
.device: 0xdc9970 kernel from: 0 to: 200704 -> range: 200704
device: 0xdcafb0 kernel from: 200704 to: 401408 -> range: 200704
device: 0xdd0870 kernel from: 401408 to: 600064 -> range: 198656
device: 0xdc9970 duration: 0.438766
device: 0xdd0870 duration: 0.438273
device: 0xdcafb0 duration: 0.441309
duration mult ocl mod: 0.444189
device: GeForce GTX 1080 Ti (0xdd0870)  kernel from: 0 to: 132864 -> range: 132864 (with blocking: 132864)
device: GeForce GTX 1080 Ti (0xdcafb0)  kernel from: 132864 to: 265728 -> range: 132864 (with blocking: 132864)
device: GeForce GTX 1080 Ti (0xdc9970)  kernel from: 265728 to: 398080 -> range: 132352 (with blocking: 132352)
device: 0xdc9970 duration: 0.532551
device: 0xdd0870 duration: 0.543128
device: 0xdcafb0 duration: 0.543165
duration multTranspose ocl mod: 0.547249
delta: 1.137e+11
.device: 0xdcafb0 kernel from: 0 to: 200704 -> range: 200704
device: 0xdc9970 kernel from: 200704 to: 401408 -> range: 200704
device: 0xdd0870 kernel from: 401408 to: 600064 -> range: 198656
device: 0xdd0870 duration: 0.438393
device: 0xdc9970 duration: 0.438594
device: 0xdcafb0 duration: 0.441272
duration mult ocl mod: 0.443134
device: GeForce GTX 1080 Ti (0xdc9970)  kernel from: 0 to: 132864 -> range: 132864 (with blocking: 132864)
device: GeForce GTX 1080 Ti (0xdcafb0)  kernel from: 132864 to: 265728 -> range: 132864 (with blocking: 132864)
device: GeForce GTX 1080 Ti (0xdd0870)  kernel from: 265728 to: 398080 -> range: 132352 (with blocking: 132352)
device: 0xdd0870 duration: 0.533623
device: 0xdc9970 duration: 0.540311
device: 0xdcafb0 duration: 0.544231
duration multTranspose ocl mod: 0.547185
delta: 3.40517e+10
.device: 0xdcafb0 kernel from: 0 to: 200704 -> range: 200704
device: 0xdc9970 kernel from: 200704 to: 401408 -> range: 200704
device: 0xdd0870 kernel from: 401408 to: 600064 -> range: 198656
device: 0xdc9970 duration: 0.438306
device: 0xdd0870 duration: 0.43829
device: 0xdcafb0 duration: 0.441911
duration mult ocl mod: 0.444213
device: GeForce GTX 1080 Ti (0xdcafb0)  kernel from: 0 to: 132864 -> range: 132864 (with blocking: 132864)
device: GeForce GTX 1080 Ti (0xdc9970)  kernel from: 132864 to: 265728 -> range: 132864 (with blocking: 132864)
device: GeForce GTX 1080 Ti (0xdd0870)  kernel from: 265728 to: 398080 -> range: 132352 (with blocking: 132352)
device: 0xdd0870 duration: 0.533542
device: 0xdc9970 duration: 0.539936
device: 0xdcafb0 duration: 0.544666
duration multTranspose ocl mod: 0.547408
delta: 6.99633e+10
.device: 0xdc9970 kernel from: 0 to: 200704 -> range: 200704
device: 0xdcafb0 kernel from: 200704 to: 401408 -> range: 200704
device: 0xdd0870 kernel from: 401408 to: 600064 -> range: 198656
device: 0xdc9970 duration: 0.438171
device: 0xdd0870 duration: 0.438276
device: 0xdcafb0 duration: 0.441391
duration mult ocl mod: 0.444278
device: GeForce GTX 1080 Ti (0xdd0870)  kernel from: 0 to: 132864 -> range: 132864 (with blocking: 132864)
device: GeForce GTX 1080 Ti (0xdcafb0)  kernel from: 132864 to: 265728 -> range: device: 132864GeForce GTX 1080 Ti ( (with blocking: 0xdc99700x20700)  kernel from: )265728
 to: 398080 -> range: 132352 (with blocking: 132352)
device: 0xdc9970 duration: 0.532683
device: 0xdd0870 duration: 0.539154
device: 0xdcafb0 duration: 0.541749
duration multTranspose ocl mod: 0.544988
delta: 8.53459e+10
.device: 0xdc9970 kernel from: 0 to: 200704 -> range: 200704
device: 0xdd0870 kernel from: 200704 to: 401408 -> range: 200704
device: 0xdcafb0 kernel from: 401408 to: 600064 -> range: 198656
device: 0xdc9970 duration: 0.438275
device: 0xdd0870 duration: 0.438683
device: 0xdcafb0 duration: 0.440809
duration mult ocl mod: 0.44395
device: GeForce GTX 1080 Ti (0xdc9970)  kernel from: 0 to: 132864 -> range: 132864 (with blocking: 132864)
device: GeForce GTX 1080 Ti (0xdcafb0)  kernel from: 132864 to: 265728 -> range: 132864 (with blocking: 132864)
device: GeForce GTX 1080 Ti (0xdd0870)  kernel from: 265728 to: 398080 -> range: 132352 (with blocking: 132352)
device: 0xdd0870 duration: 0.53353
device: 0xdc9970 duration: 0.540436
device: 0xdcafb0 duration: 0.542861
duration multTranspose ocl mod: 0.546173
delta: 9.09207e+10
.device: 0xdcafb0 kernel from: 0 to: 200704 -> range: 200704
device: 0xdc9970 kernel from: 200704 to: 401408 -> range: 200704
device: 0xdd0870 kernel from: 401408 to: 600064 -> range: 198656
device: 0xdc9970 duration: 0.438275
device: 0xdd0870 duration: 0.43839
device: 0xdcafb0 duration: 0.441094
duration mult ocl mod: 0.443851
device: GeForce GTX 1080 Ti (0xdcafb0)  kernel from: 0 to: 132864 -> range: 132864 (with blocking: 132864)
device: GeForce GTX 1080 Ti (0xdc9970)  kernel from: 132864 to: 265728 -> range: 132864 (with blocking: 132864)
device: GeForce GTX 1080 Ti (0xdd0870)  kernel from: 265728 to: 398080 -> range: 132352 (with blocking: 132352)
device: 0xdd0870 duration: 0.533587
device: 0xdc9970 duration: 0.540472
device: 0xdcafb0 duration: 0.544458
duration multTranspose ocl mod: 0.546911
delta: 6.05383e+10
.device: 0xdcafb0 kernel from: 0 to: 200704 -> range: 200704
device: 0xdc9970 kernel from: 200704 to: 401408 -> range: 200704
device: 0xdd0870 kernel from: 401408 to: 600064 -> range: 198656
device: 0xdc9970 duration: 0.438277
device: 0xdd0870 duration: 0.438295
device: 0xdcafb0 duration: 0.442313
duration mult ocl mod: 0.44414
device: GeForce GTX 1080 Ti (0xdcafb0)  kernel from: 0 to: 132864 -> range: 132864 (with blocking: 132864)
device: GeForce GTX 1080 Ti (0xdc9970)  kernel from: 132864 to: 265728 -> range: 132864 (with blocking: 132864)
device: GeForce GTX 1080 Ti (0xdd0870)  kernel from: 265728 to: 398080 -> range: 132352 (with blocking: 132352)
device: 0xdd0870 duration: 0.533679
device: 0xdc9970 duration: 0.538112
device: 0xdcafb0 duration: 0.547821
duration multTranspose ocl mod: 0.550261
delta: 2.15461e+10
.device: 0xdcafb0 kernel from: 0 to: 200704 -> range: 200704
device: 0xdd0870 kernel from: 200704 to: 401408 -> range: 200704
device: 0xdc9970 kernel from: 401408 to: 600064 -> range: 198656
device: 0xdc9970 duration: 0.437933
device: 0xdd0870 duration: 0.438746
device: 0xdcafb0 duration: 0.441183
duration mult ocl mod: 0.443396
device: GeForce GTX 1080 Ti (0xdd0870)  kernel from: 0 to: 132864 -> range: 132864 (with blocking: 132864)
device: GeForce GTX 1080 Ti (0xdc9970)  kernel from: 132864 to: 265728 -> range: 132864 (with blocking: 132864)
device: GeForce GTX 1080 Ti (0xdcafb0)  kernel from: 265728 to: 398080 -> range: 132352 (with blocking: 132352)
device: 0xdcafb0 duration: 0.535839
device: 0xdd0870 duration: 0.540985
device: 0xdc9970 duration: 0.544173
duration multTranspose ocl mod: 0.546753
delta: 5.72152e+10
.device: device: 0xdd0870 kernel from: 0xdc99700 to: 200704 -> range: 200704 kernel from: 0x31000 to: 0x62000
 -> range: 0x31000
device: 0xdcafb0 kernel from: 0x62000 to: 0x92800 -> range: 0x30800
device: 0xdc9970 duration: 0.438324
device: 0xdd0870 duration: 0.438771
device: 0xdcafb0 duration: 0.440868
duration mult ocl mod: 0.443633
device: GeForce GTX 1080 Ti (0xdc9970)  kernel from: 0 to: 0x20700 -> range: 0x20700 (with blocking: 0x20700)
device: GeForce GTX 1080 Ti (0xdd0870)  kernel from: 0x20700 to: 0x40e00 -> range: 0x20700 (with blocking: 0x20700)
device: GeForce GTX 1080 Ti (0xdcafb0)  kernel from: 0x40e00 to: 0x61300 -> range: 0x20500 (with blocking: 0x20500)
device: 0xdcafb0 duration: 0.535886
device: 0xdc9970 duration: 0.540528
device: 0xdd0870 duration: 0.540495
duration multTranspose ocl mod: 0.543137
device: 0xdcafb0 kernel from: 0 to: 0x31000 -> range: 0x31000
device: 0xdc9970 kernel from: 0x31000 to: 0x62000 -> range: 0x31000
device: 0xdd0870 kernel from: 0x62000 to: 0x92800 -> range: 0x30800
device: 0xdc9970 duration: 0.438187
device: 0xdd0870 duration: 0.438393
device: 0xdcafb0 duration: 0.441266
duration mult ocl mod: 0.44379
device: GeForce GTX 1080 Ti (0xdcafb0)  kernel from: 0 to: 0x20700 -> range: 0x20700 (with blocking: 0x20700)
device: GeForce GTX 1080 Ti (0xdc9970)  kernel from: 0x20700 to: 0x40e00 -> range: 0x20700 (with blocking: 0x20700)
device: GeForce GTX 1080 Ti (0xdd0870)  kernel from: 0x40e00 to: 0x61300 -> range: 0x20500 (with blocking: 0x20500)
device: 0xdd0870 duration: 0.53333
device: 0xdc9970 duration: 0.538503
device: 0xdcafb0 duration: 0.544177
duration multTranspose ocl mod: 0.547462
delta: 1.38404e+11
.device: 0xdcafb0 kernel from: 0 to: 0x31000 -> range: 0x31000
device: 0xdc9970 kernel from: 0x31000 to: 0x62000 -> range: 0x31000
device: 0xdd0870 kernel from: 0x62000 to: 0x92800 -> range: 0x30800
device: 0xdc9970 duration: 0.438257
device: 0xdd0870 duration: 0.438319
device: 0xdcafb0 duration: 0.441166
duration mult ocl mod: 0.443284
device: GeForce GTX 1080 Ti (0xdc9970)  kernel from: 0 to: 0x20700 -> range: 0x20700 (with blocking: 0x20700)
device: GeForce GTX 1080 Ti (0xdcafb0)  kernel from: 0x20700 to: 0x40e00 -> range: 0x20700 (with blocking: 0x20700)
device: GeForce GTX 1080 Ti (0xdd0870)  kernel from: 0x40e00 to: 0x61300 -> range: 0x20500 (with blocking: 0x20500)
device: 0xdd0870 duration: 0.533592
device: 0xdc9970 duration: 0.539217
device: 0xdcafb0 duration: 0.541552
duration multTranspose ocl mod: 0.544833
delta: 2.93006e+10
.device: 0xdc9970 kernel from: 0 to: 0x31000 -> range: 0x31000
device: 0xdd0870 kernel from: 0x31000 to: 0x62000 -> range: 0x31000
device: 0xdcafb0 kernel from: 0x62000 to: 0x92800 -> range: 0x30800
device: 0xdc9970 duration: 0.438079
device: 0xdd0870 duration: 0.439032
device: 0xdcafb0 duration: 0.440572
duration mult ocl mod: 0.44453
device: GeForce GTX 1080 Ti (0xdd0870)  kernel from: 0 to: 0x20700 -> range: 0x20700 (with blocking: 0x20700)
device: GeForce GTX 1080 Ti (0xdcafb0)  kernel from: 0x20700 to: 0x40e00 -> range: 0x20700 (with blocking: 0x20700)
device: GeForce GTX 1080 Ti (0xdc9970)  kernel from: 0x40e00 to: 0x61300 -> range: 0x20500 (with blocking: 0x20500)
device: 0xdc9970 duration: 0.53268
device: 0xdd0870 duration: 0.538602
device: 0xdcafb0 duration: 0.540961
duration multTranspose ocl mod: 0.543418
delta: 1.6464e+10
.device: 0xdc9970 kernel from: 0 to: 0x31000 -> range: 0x31000
device: 0xdcafb0 kernel from: 0x31000 to: 0x62000 -> range: 0x31000
device: 0xdd0870 kernel from: 0x62000 to: 0x92800 -> range: 0x30800
device: 0xdc9970 duration: 0.438408
device: 0xdd0870 duration: 0.43826
device: 0xdcafb0 duration: 0.441224
duration mult ocl mod: 0.443745
device: GeForce GTX 1080 Ti (0xdc9970)  kernel from: 0 to: 0x20700 -> range: 0x20700 (with blocking: 0x20700)
device: GeForce GTX 1080 Ti (0xdcafb0)  kernel from: 0x20700 to: device: 0x40e00 -> range: GeForce GTX 1080 Ti (0x207000xdd0870)  kernel from:  (with blocking: 0x40e000x20700 to: )0x61300 -> range: 0x20500
 (with blocking: 0x20500)
device: 0xdd0870 duration: 0.533712
device: 0xdc9970 duration: 0.540242
device: 0xdcafb0 duration: 0.544263
duration multTranspose ocl mod: 0.546844
delta: 4.13011e+10
.device: 0xdcafb0 kernel from: 0 to: 0x31000 -> range: 0x31000
device: 0xdd0870 kernel from: 0x31000 to: 0x62000 -> range: 0x31000
device: 0xdc9970 kernel from: 0x62000 to: 0x92800 -> range: 0x30800
device: 0xdc9970 duration: 0.437871
device: 0xdd0870 duration: 0.438798
device: 0xdcafb0 duration: 0.441262
duration mult ocl mod: 0.444108
device: GeForce GTX 1080 Ti (0xdd0870)  kernel from: 0 to: 0x20700 -> range: 0x20700 (with blocking: 0x20700)
device: GeForce GTX 1080 Ti (device: GeForce GTX 1080 Ti (0xdc99700xdcafb0) )  kernel from: 0x40e00 to: 0x61300 -> range:  kernel from: 0x20500 (with blocking: 0x20500)0x20700
 to: 0x40e00 -> range: 0x20700 (with blocking: 0x20700)
device: 0xdcafb0 duration: 0.535774
device: 0xdc9970 duration: 0.539257
device: 0xdd0870 duration: 0.542254
duration multTranspose ocl mod: 0.544827
delta: 7.14783e+10
.device: 0xdcafb0 kernel from: 0 to: 0x31000 -> range: 0x31000
device: 0xdd0870 kernel from: 0x31000 to: 0x62000 -> range: 0x31000
device: 0xdc9970 kernel from: 0x62000 to: 0x92800 -> range: 0x30800
device: 0xdc9970 duration: 0.437871
device: 0xdd0870 duration: 0.438702
device: 0xdcafb0 duration: 0.441231
duration mult ocl mod: 0.443178
device: GeForce GTX 1080 Ti (0xdd0870)  kernel from: 0 to: 0x20700 -> range: 0x20700 (with blocking: 0x20700)
device: GeForce GTX 1080 Ti (0xdc9970)  kernel from: 0x20700 to: 0x40e00 -> range: 0x20700 (with blocking: 0x20700)
device: GeForce GTX 1080 Ti (0xdcafb0)  kernel from: 0x40e00 to: 0x61300 -> range: 0x20500 (with blocking: 0x20500)
device: 0xdcafb0 duration: 0.535842
device: 0xdc9970 duration: 0.540561
device: 0xdd0870 duration: 0.54251
duration multTranspose ocl mod: 0.544672
delta: 5.70056e+10
.device: 0xdd0870 kernel from: 0 to: 0x31000 -> range: 0x31000
device: 0xdcafb0 kernel from: 0x31000 to: 0x62000 -> range: 0x31000
device: 0xdc9970 kernel from: 0x62000 to: 0x92800 -> range: 0x30800
device: 0xdc9970 duration: 0.437742
device: 0xdd0870 duration: 0.438671
device: 0xdcafb0 duration: 0.441747
duration mult ocl mod: 0.444216
device: GeForce GTX 1080 Ti (0xdcafb0)  kernel from: 0 to: 0x20700 -> range: 0x20700 (with blocking: 0x20700)
device: GeForce GTX 1080 Ti (0xdd0870)  kernel from: 0x20700 to: 0x40e00 -> range: 0x20700 (with blocking: 0x20700)
device: GeForce GTX 1080 Ti (0xdc9970)  kernel from: 0x40e00 to: 0x61300 -> range: 0x20500 (with blocking: 0x20500)
device: 0xdc9970 duration: 0.532794
device: 0xdd0870 duration: 0.541727
device: 0xdcafb0 duration: 0.547711
duration multTranspose ocl mod: 0.550738
delta: 2.22092e+10
.device: 0xdd0870 kernel from: 0 to: 0x31000 -> range: 0x31000
device: 0xdcafb0 kernel from: 0x31000 to: 0x62000 -> range: 0x31000
device: 0xdc9970 kernel from: 0x62000 to: 0x92800 -> range: 0x30800
device: 0xdc9970 duration: 0.43788
device: 0xdd0870 duration: 0.438622
device: 0xdcafb0 duration: 0.441683
duration mult ocl mod: 0.444317
device: GeForce GTX 1080 Ti (0xdd0870)  kernel from: 0 to: 0x20700 -> range: 0x20700 (with blocking: 0x20700)
device: GeForce GTX 1080 Ti (0xdcafb0)  kernel from: 0x20700 to: 0x40e00 -> range: 0x20700 (with blocking: 0x20700)
device: GeForce GTX 1080 Ti (0xdc9970)  kernel from: 0x40e00 to: 0x61300 -> range: 0x20500 (with blocking: 0x20500)
device: 0xdc9970 duration: 0.532815
device: 0xdd0870 duration: 0.541108
device: 0xdcafb0 duration: 0.540801
duration multTranspose ocl mod: 0.543408
delta: 4.5128e+10
.device: 0xdd0870 kernel from: 0 to: 0x31000 -> range: 0x31000
device: 0xdc9970 kernel from: 0x31000 to: 0x62000 -> range: 0x31000
device: 0xdcafb0 kernel from: 0x62000 to: 0x92800 -> range: 0x30800
device: 0xdd0870 duration: 0.438864
device: 0xdc9970 duration: 0.438335
device: 0xdcafb0 duration: 0.440808
duration mult ocl mod: 0.4433
device: GeForce GTX 1080 Ti (0xdd0870)  kernel from: 0 to: 0x20700 -> range: 0x20700 (with blocking: 0x20700)
device: GeForce GTX 1080 Ti (0xdc9970)  kernel from: 0x20700 to: 0x40e00 -> range: 0x20700 (with blocking: 0x20700)
device: GeForce GTX 1080 Ti (0xdcafb0)  kernel from: 0x40e00 to: 0x61300 -> range: 0x20500 (with blocking: 0x20500)
device: 0xdcafb0 duration: 0.536069
device: 0xdd0870 duration: 0.539952
device: 0xdc9970 duration: 0.540694
duration multTranspose ocl mod: 0.543406
delta: 4.96146e+10
.device: 0xdcafb0 kernel from: 0 to: 0x31000 -> range: 0x31000
device: 0xdc9970 kernel from: 0x31000 to: 0x62000 -> range: 0x31000
device: 0xdd0870 kernel from: 0x62000 to: 0x92800 -> range: 0x30800
device: 0xdd0870 duration: device: 0xdc9970 duration: 0.438375
0.438405
device: 0xdcafb0 duration: 0.441142
duration mult ocl mod: 0.443491
device: GeForce GTX 1080 Ti (0xdd0870)  kernel from: 0 to: 0x20700 -> range: 0x20700 (with blocking: 0x20700)
device: GeForce GTX 1080 Ti (0xdc9970)  kernel from: 0x20700 to: 0x40e00 -> range: 0x20700 (with blocking: 0x20700)
device: GeForce GTX 1080 Ti (0xdcafb0)  kernel from: 0x40e00 to: 0x61300 -> range: 0x20500 (with blocking: 0x20500)
device: 0xdcafb0 duration: 0.535879
device: 0xdd0870 duration: 0.540439
device: 0xdc9970 duration: 0.540497
duration multTranspose ocl mod: 0.543011
delta: 2.78521e+10
.device: 0xdd0870 kernel from: 0 to: 0x31000 -> range: 0x31000
device: 0xdc9970 kernel from: 0x31000 to: 0x62000 -> range: 0x31000
device: 0xdcafb0 kernel from: 0x62000 to: 0x92800 -> range: 0x30800
device: 0xdc9970 duration: 0.438406
device: 0xdd0870 duration: 0.438816
device: 0xdcafb0 duration: 0.44078
duration mult ocl mod: 0.443369
device: GeForce GTX 1080 Ti (0xdc9970)  kernel from: 0 to: 0x20700 -> range: 0x20700 (with blocking: 0x20700)
device: GeForce GTX 1080 Ti (0xdd0870)  kernel from: 0x20700 to: 0x40e00 -> range: 0x20700 (with blocking: 0x20700)
device: GeForce GTX 1080 Ti (0xdcafb0)  kernel from: 0x40e00 to: 0x61300 -> range: 0x20500 (with blocking: 0x20500)
device: 0xdcafb0 duration: 0.536067
device: 0xdd0870 duration: 0.541114
device: 0xdc9970 duration: 0.543999
duration multTranspose ocl mod: 0.546088
delta: 3.33768e+10
.device: 0xdcafb0 kernel from: 0 to: 0x31000 -> range: 0x31000
device: 0xdc9970 kernel from: 0x31000 to: 0x62000 -> range: 0x31000
device: 0xdd0870 kernel from: 0x62000 to: 0x92800 -> range: 0x30800
device: 0xdc9970 duration: 0.438345
device: 0xdd0870 duration: 0.438482
device: 0xdcafb0 duration: 0.441457
duration mult ocl mod: 0.444
device: GeForce GTX 1080 Ti (0xdcafb0)  kernel from: 0 to: 0x20700 -> range: 0x20700 (with blocking: 0x20700)
device: GeForce GTX 1080 Ti (0xdd0870)  kernel from: device: 0x20700GeForce GTX 1080 Ti ( to: 0xdc99700x40e00)  -> range:  kernel from: 0x40e00 to: 0x613000x20700 -> range:  (with blocking: 0x20700)0x20500
 (with blocking: 0x20500)
device: 0xdc9970 duration: 0.532541
device: 0xdcafb0 duration: 0.541409
device: 0xdd0870 duration: 0.542844
duration multTranspose ocl mod: 0.546053
delta: 3.33208e+10
.device: 0xdcafb0 kernel from: 0 to: 0x31000 -> range: 0x31000
device: 0xdc9970 kernel from: 0x31000 to: 0x62000 -> range: 0x31000
device: 0xdd0870 kernel from: 0x62000 to: 0x92800 -> range: 0x30800
device: 0xdd0870 duration: 0.438476
device: 0xdc9970 duration: 0.438712
device: 0xdcafb0 duration: 0.441193
duration mult ocl mod: 0.443636
device: GeForce GTX 1080 Ti (0xdcafb0)  kernel from: 0 to: 0x20700 -> range: 0x20700 (with blocking: 0x20700)
device: GeForce GTX 1080 Ti (0xdd0870)  kernel from: 0x20700 to: 0x40e00 -> range: 0x20700 (with blocking: 0x20700)
device: GeForce GTX 1080 Ti (0xdc9970)  kernel from: 0x40e00 to: 0x61300 -> range: 0x20500 (with blocking: 0x20500)
device: 0xdc9970 duration: 0.532576
device: 0xdd0870 duration: 0.540029
device: 0xdcafb0 duration: 0.542976
duration multTranspose ocl mod: 0.545522
delta: 4.35406e+10
.device: 0xdcafb0 kernel from: 0 to: 0x31000 -> range: 0x31000
device: 0xdc9970 kernel from: 0x31000 to: 0x62000 -> range: 0x31000
device: 0xdd0870 kernel from: 0x62000 to: 0x92800 -> range: 0x30800
device: 0xdc9970 duration: 0.438392
device: 0xdd0870 duration: 0.438582
device: 0xdcafb0 duration: 0.441306
duration mult ocl mod: 0.44358
device: GeForce GTX 1080 Ti (0xdcafb0)  kernel from: 0 to: 0x20700 -> range: 0x20700 (with blocking: 0x20700)
device: GeForce GTX 1080 Ti (0xdd0870)  kernel from: 0x20700 to: 0x40e00 -> range: 0x20700 (with blocking: 0x20700)
device: GeForce GTX 1080 Ti (0xdc9970)  kernel from: 0x40e00 to: 0x61300 -> range: 0x20500 (with blocking: 0x20500)
device: 0xdc9970 duration: 0.53382
device: 0xdd0870 duration: 0.542013
device: 0xdcafb0 duration: 0.545234
duration multTranspose ocl mod: 0.547672
delta: 5.56882e+10
.device: 0xdd0870 kernel from: 0 to: 0x31000 -> range: 0x31000
device: 0xdc9970 kernel from: 0x31000 to: 0x62000 -> range: 0x31000
device: 0xdcafb0 kernel from: 0x62000 to: 0x92800 -> range: 0x30800
device: 0xdc9970 duration: 0.438462
device: 0xdd0870 duration: 0.438794
device: 0xdcafb0 duration: 0.440825
duration mult ocl mod: 0.443754
device: GeForce GTX 1080 Ti (0xdcafb0)  kernel from: 0 to: 0x20700 -> range: 0x20700 (with blocking: 0x20700)
device: GeForce GTX 1080 Ti (0xdd0870)  kernel from: 0x20700 to: 0x40e00 -> range: 0x20700 (with blocking: 0x20700)
device: GeForce GTX 1080 Ti (0xdc9970)  kernel from: 0x40e00 to: 0x61300 -> range: 0x20500 (with blocking: 0x20500)
device: 0xdc9970 duration: 0.532911
device: 0xdd0870 duration: 0.539567
device: 0xdcafb0 duration: 0.544206
duration multTranspose ocl mod: 0.547735
delta: 2.37048e+10
.device: 0xdc9970 kernel from: 0 to: 0x31000 -> range: 0x31000
device: 0xdcafb0 kernel from: 0x31000 to: 0x62000 -> range: 0x31000
device: 0xdd0870 kernel from: 0x62000 to: 0x92800 -> range: 0x30800
device: 0xdc9970 duration: 0.438392
device: 0xdd0870 duration: 0.438525
device: 0xdcafb0 duration: 0.441118
duration mult ocl mod: 0.446727
device: GeForce GTX 1080 Ti (0xdc9970)  kernel from: 0 to: 0x20700 -> range: 0x20700 (with blocking: 0x20700)
device: GeForce GTX 1080 Ti (0xdcafb0)  kernel from: 0x20700 to: 0x40e00 -> range: 0x20700 (with blocking: 0x20700)
device: GeForce GTX 1080 Ti (0xdd0870)  kernel from: 0x40e00 to: 0x61300 -> range: 0x20500 (with blocking: 0x20500)
device: 0xdd0870 duration: 0.533712
device: 0xdc9970 duration: 0.540557
device: 0xdcafb0 duration: 0.544246
duration multTranspose ocl mod: 0.551817
delta: 2.74595e+10
.device: 0xdd0870 kernel from: 0 to: 0x31000 -> range: 0x31000
device: 0xdc9970 kernel from: 0x31000 to: 0x62000 -> range: 0x31000
device: 0xdcafb0 kernel from: 0x62000 to: 0x92800 -> range: 0x30800
device: 0xdc9970 duration: 0.438384
device: 0xdd0870 duration: 0.438846
device: 0xdcafb0 duration: 0.440691
duration mult ocl mod: 0.443372
device: GeForce GTX 1080 Ti (0xdd0870)  kernel from: 0 to: 0x20700 -> range: 0x20700 (with blocking: 0x20700)
device: GeForce GTX 1080 Ti (0xdcafb0)  kernel from: 0x20700 to: 0x40e00 -> range: 0x20700 (with blocking: 0x20700)
device: GeForce GTX 1080 Ti (0xdc9970)  kernel from: 0x40e00 to: 0x61300 -> range: 0x20500 (with blocking: 0x20500)
device: 0xdc9970 duration: 0.532865
device: 0xdcafb0 duration: 0.54169
device: 0xdd0870 duration: 0.541866
duration multTranspose ocl mod: 0.545433
delta: 7.13715e+10
.device: 0xdc9970 kernel from: 0 to: 0x31000 -> range: 0x31000
device: 0xdd0870 kernel from: 0x31000 to: 0x62000 -> range: 0x31000
device: 0xdcafb0 kernel from: 0x62000 to: 0x92800 -> range: 0x30800
device: 0xdc9970 duration: 0.438352
device: 0xdd0870 duration: 0.438928
device: 0xdcafb0 duration: 0.440753
duration mult ocl mod: 0.443783
device: GeForce GTX 1080 Ti (0xdc9970)  kernel from: 0 to: 0x20700 -> range: 0x20700 (with blocking: 0x20700)
device: GeForce GTX 1080 Ti (0xdcafb0)  kernel from: 0x20700 to: 0x40e00 -> range: 0x20700 (with blocking: 0x20700)
device: GeForce GTX 1080 Ti (0xdd0870)  kernel from: 0x40e00 to: 0x61300 -> range: 0x20500 (with blocking: 0x20500)
device: 0xdd0870 duration: 0.534971
device: 0xdc9970 duration: 0.541787
device: 0xdcafb0 duration: 0.54437
duration multTranspose ocl mod: 0.547183
delta: 4.26616e+10
.device: 0xdcafb0 kernel from: 0 to: 0x31000 -> range: 0x31000
device: 0xdd0870 kernel from: 0x31000 to: 0x62000 -> range: 0x31000
device: 0xdc9970 kernel from: 0x62000 to: 0x92800 -> range: 0x30800
device: 0xdc9970 duration: 0.437972
device: 0xdd0870 duration: 0.441501
device: 0xdcafb0 duration: 0.441263
duration mult ocl mod: 0.444751
device: GeForce GTX 1080 Ti (0xdc9970)  kernel from: 0 to: 0x20700 -> range: 0x20700 (with blocking: 0x20700)
device: GeForce GTX 1080 Ti (0xdd0870)  kernel from: 0x20700 to: 0x40e00 -> range: 0x20700 (with blocking: 0x20700)
device: GeForce GTX 1080 Ti (0xdcafb0)  kernel from: 0x40e00 to: 0x61300 -> range: 0x20500 (with blocking: 0x20500)
device: 0xdcafb0 duration: 0.536157
device: 0xdc9970 duration: 0.539501
device: 0xdd0870 duration: 0.545612
duration multTranspose ocl mod: 0.548277
delta: 1.46702e+10
.device: 0xdd0870 kernel from: 0 to: 0x31000 -> range: 0x31000
device: 0xdcafb0 kernel from: 0x31000 to: 0x62000 -> range: 0x31000
device: 0xdc9970 kernel from: 0x62000 to: 0x92800 -> range: 0x30800
device: 0xdc9970 duration: 0.437794
device: 0xdcafb0 duration: 0.441326
device: 0xdd0870 duration: 0.441434
duration mult ocl mod: 0.443947
device: GeForce GTX 1080 Ti (0xdd0870)  kernel from: 0 to: 0x20700 -> range: 0x20700 (with blocking: 0x20700)
device: GeForce GTX 1080 Ti (0xdcafb0)  kernel from: 0x20700 to: 0x40e00 -> range: 0x20700 (with blocking: 0x20700)
device: GeForce GTX 1080 Ti (0xdc9970)  kernel from: 0x40e00 to: 0x61300 -> range: 0x20500 (with blocking: 0x20500)
device: 0xdc9970 duration: 0.532856
device: 0xdcafb0 duration: 0.543129
device: 0xdd0870 duration: 0.544122
duration multTranspose ocl mod: 0.546292
delta: 3.67587e+10
.device: 0xdcafb0 kernel from: 0 to: 0x31000 -> range: 0x31000
device: 0xdc9970 kernel from: 0x31000 to: 0x62000 -> range: 0x31000
device: 0xdd0870 kernel from: 0x62000 to: 0x92800 -> range: 0x30800
device: 0xdc9970 duration: 0.438311
device: 0xdcafb0 duration: 0.441106
device: 0xdd0870 duration: 0.441088
duration mult ocl mod: 0.44352
device: GeForce GTX 1080 Ti (0xdd0870)  kernel from: 0 to: 0x20700 -> range: 0x20700 (with blocking: 0x20700)
device: GeForce GTX 1080 Ti (0xdc9970)  kernel from: 0x20700 to: 0x40e00 -> range: 0x20700 (with blocking: 0x20700)
device: GeForce GTX 1080 Ti (0xdcafb0)  kernel from: 0x40e00 to: 0x61300 -> range: 0x20500 (with blocking: 0x20500)
device: 0xdcafb0 duration: 0.535785
device: 0xdc9970 duration: 0.540984
device: 0xdd0870 duration: 0.542642
duration multTranspose ocl mod: 0.545074
delta: 2.05463e+10
.device: 0xdcafb0 kernel from: 0 to: 0x31000 -> range: 0x31000
device: 0xdd0870 kernel from: 0x31000 to: 0x62000 -> range: 0x31000
device: 0xdc9970 kernel from: 0x62000 to: 0x92800 -> range: 0x30800
device: 0xdc9970 duration: 0.437924
device: 0xdcafb0 duration: 0.441543
device: 0xdd0870 duration: 0.441482
duration mult ocl mod: 0.444351
device: GeForce GTX 1080 Ti (0xdd0870)  kernel from: 0 to: 0x20700 -> range: 0x20700 (with blocking: 0x20700)
device: GeForce GTX 1080 Ti (0xdcafb0)  kernel from: 0x20700 to: 0x40e00 -> range: 0x20700 (with blocking: 0x20700)
device: GeForce GTX 1080 Ti (0xdc9970)  kernel from: 0x40e00 to: 0x61300 -> range: 0x20500 (with blocking: 0x20500)
device: 0xdc9970 duration: 0.533198
device: 0xdcafb0 duration: 0.544046
device: 0xdd0870 duration: 0.546307
duration multTranspose ocl mod: 0.548925
delta: 8.42904e+10
.device: 0xdcafb0 kernel from: 0 to: 0x31000 -> range: 0x31000
device: 0xdc9970 kernel from: 0x31000 to: 0x62000 -> range: 0x31000
device: 0xdd0870 kernel from: 0x62000 to: 0x92800 -> range: 0x30800
device: 0xdc9970 duration: 0.438229
device: 0xdcafb0 duration: 0.441188
device: 0xdd0870 duration: 0.441069
duration mult ocl mod: 0.443866
device: GeForce GTX 1080 Ti (0xdc9970)  kernel from: 0 to: 0x20700 -> range: 0x20700 (with blocking: 0x20700)
device: GeForce GTX 1080 Ti (0xdcafb0)  kernel from: 0x20700 to: 0x40e00 -> range: 0x20700 (with blocking: 0x20700)
device: GeForce GTX 1080 Ti (0xdd0870)  kernel from: 0x40e00 to: 0x61300 -> range: 0x20500 (with blocking: 0x20500)
device: 0xdd0870 duration: 0.536826
device: 0xdc9970 duration: 0.540715
device: 0xdcafb0 duration: 0.542577
duration multTranspose ocl mod: 0.545108
delta: 2.20805e+10
.device: 0xdcafb0 kernel from: 0 to: 0x31000 -> range: 0x31000
device: 0xdc9970 kernel from: 0x31000 to: 0x62000 -> range: 0x31000
device: 0xdd0870 kernel from: 0x62000 to: 0x92800 -> range: 0x30800
device: 0xdc9970 duration: 0.438236
device: 0xdd0870 duration: 0.440966
device: 0xdcafb0 duration: 0.441128
duration mult ocl mod: 0.443594
device: GeForce GTX 1080 Ti (0xdcafb0)  kernel from: 0 to: 0x20700 -> range: 0x20700 (with blocking: 0x20700)
device: GeForce GTX 1080 Ti (0xdc9970)  kernel from: 0x20700 to: 0x40e00 -> range: 0x20700 (with blocking: 0x20700)
device: GeForce GTX 1080 Ti (0xdd0870)  kernel from: 0x40e00 to: 0x61300 -> range: 0x20500 (with blocking: 0x20500)
device: 0xdd0870 duration: 0.53682
device: 0xdc9970 duration: 0.540597
device: 0xdcafb0 duration: 0.544005
duration multTranspose ocl mod: 0.546607
delta: 2.30154e+10
.device: 0xdcafb0 kernel from: 0 to: 0x31000 -> range: 0x31000
device: 0xdc9970 kernel from: 0x31000 to: 0x62000 -> range: 0x31000
device: 0xdd0870 kernel from: 0x62000 to: 0x92800 -> range: 0x30800
device: 0xdc9970 duration: 0.438404
device: 0xdd0870 duration: 0.441028
device: 0xdcafb0 duration: 0.441434
duration mult ocl mod: 0.443534
device: GeForce GTX 1080 Ti (0xdcafb0)  kernel from: 0 to: 0x20700 -> range: 0x20700 (with blocking: 0x20700)
device: GeForce GTX 1080 Ti (0xdc9970)  kernel from: 0x20700 to: 0x40e00 -> range: 0x20700 (with blocking: 0x20700)
device: GeForce GTX 1080 Ti (0xdd0870)  kernel from: 0x40e00 to: 0x61300 -> range: 0x20500 (with blocking: 0x20500)
device: 0xdd0870 duration: 0.537468
device: 0xdc9970 duration: 0.539853
device: 0xdcafb0 duration: 0.547701
duration multTranspose ocl mod: 0.550713
delta: 2.85685e+10
.device: 0xdc9970 kernel from: 0 to: 0x31000 -> range: 0x31000
device: 0xdd0870 kernel from: 0x31000 to: 0x62000 -> range: 0x31000
device: 0xdcafb0 kernel from: 0x62000 to: 0x92800 -> range: 0x30800
device: 0xdc9970 duration: 0.438622
device: 0xdcafb0 duration: 0.440647
device: 0xdd0870 duration: 0.441953
duration mult ocl mod: 0.444763
device: GeForce GTX 1080 Ti (0xdcafb0)  kernel from: 0 to: 0x20700 -> range: 0x20700 (with blocking: 0x20700)
device: GeForce GTX 1080 Ti (0xdd0870)  kernel from: 0x20700 to: 0x40e00 -> range: 0x20700 (with blocking: 0x20700)
device: GeForce GTX 1080 Ti (0xdc9970)  kernel from: 0x40e00 to: 0x61300 -> range: 0x20500 (with blocking: 0x20500)
device: 0xdc9970 duration: 0.53268
device: 0xdcafb0 duration: 0.547721
device: 0xdd0870 duration: 0.548342
duration multTranspose ocl mod: 0.550849
delta: 3.03896e+10
.device: 0xdcafb0 kernel from: 0 to: 0x31000 -> range: 0x31000
device: 0xdd0870 kernel from: 0x31000 to: 0x62000 -> range: 0x31000
device: 0xdc9970 kernel from: 0x62000 to: 0x92800 -> range: 0x30800
device: 0xdc9970 duration: 0.437995
device: 0xdd0870 duration: 0.441452
device: 0xdcafb0 duration: 0.441312
duration mult ocl mod: 0.443953
device: GeForce GTX 1080 Ti (0xdcafb0)  kernel from: 0 to: 0x20700 -> range: 0x20700 (with blocking: 0x20700)
device: GeForce GTX 1080 Ti (0xdc9970)  kernel from: 0x20700 to: 0x40e00 -> range: 0x20700 (with blocking: 0x20700)
device: GeForce GTX 1080 Ti (0xdd0870)  kernel from: 0x40e00 to: 0x61300 -> range: 0x20500 (with blocking: 0x20500)
device: 0xdd0870 duration: 0.537117
device: 0xdc9970 duration: 0.540607
device: 0xdcafb0 duration: 0.541817
duration multTranspose ocl mod: 0.543969
delta: 1.91223e+10
.device: 0xdcafb0 kernel from: 0 to: 0x31000 -> range: 0x31000
device: 0xdc9970 kernel from: 0x31000 to: 0x62000 -> range: 0x31000
device: 0xdd0870 kernel from: 0x62000 to: 0x92800 -> range: 0x30800
device: 0xdc9970 duration: 0.438426
device: 0xdcafb0 duration: 0.441154
device: 0xdd0870 duration: 0.441016
duration mult ocl mod: 0.443626
device: GeForce GTX 1080 Ti (0xdcafb0)  kernel from: 0 to: 0x20700 -> range: 0x20700 (with blocking: 0x20700)
device: GeForce GTX 1080 Ti (0xdc9970)  kernel from: 0x20700 to: 0x40e00 -> range: 0x20700 (with blocking: 0x20700)
device: GeForce GTX 1080 Ti (0xdd0870)  kernel from: 0x40e00 to: 0x61300 -> range: 0x20500 (with blocking: 0x20500)
device: 0xdd0870 duration: 0.53758
device: 0xdc9970 duration: 0.539484
device: 0xdcafb0 duration: 0.54769
duration multTranspose ocl mod: 0.550108
delta: 5.84472e+10
.device: 0xdcafb0 kernel from: 0 to: 0x31000 -> range: 0x31000
device: 0xdc9970 kernel from: 0x31000 to: 0x62000 -> range: 0x31000
device: 0xdd0870 kernel from: 0x62000 to: 0x92800 -> range: 0x30800
device: 0xdc9970 duration: 0.438219
device: 0xdcafb0 duration: 0.441337
device: 0xdd0870 duration: 0.441166
duration mult ocl mod: 0.443905
device: GeForce GTX 1080 Ti (0xdcafb0)  kernel from: 0 to: 0x20700 -> range: 0x20700 (with blocking: 0x20700)
device: GeForce GTX 1080 Ti (0xdd0870)  kernel from: 0x20700 to: 0x40e00 -> range: 0x20700 (with blocking: 0x20700)
device: GeForce GTX 1080 Ti (0xdc9970)  kernel from: 0x40e00 to: 0x61300 -> range: 0x20500 (with blocking: 0x20500)
device: 0xdc9970 duration: 0.532883
device: 0xdcafb0 duration: 0.5439
device: 0xdd0870 duration: 0.546339
duration multTranspose ocl mod: 0.550089
delta: 9.4134e+09
.device: 0xdcafb0 kernel from: 0 to: 0x31000 -> range: 0x31000
device: 0xdc9970 kernel from: 0x31000 to: 0x62000 -> range: 0x31000
device: 0xdd0870 kernel from: 0x62000 to: 0x92800 -> range: 0x30800
device: 0xdc9970 duration: 0.438287
device: 0xdcafb0 duration: 0.44129
device: 0xdd0870 duration: 0.441135
duration mult ocl mod: 0.443649
device: GeForce GTX 1080 Ti (0xdcafb0)  kernel from: 0 to: 0x20700 -> range: 0x20700 (with blocking: 0x20700)
device: GeForce GTX 1080 Ti (0xdc9970)  kernel from: 0x20700 to: 0x40e00 -> range: 0x20700 (with blocking: 0x20700)
device: GeForce GTX 1080 Ti (0xdd0870)  kernel from: 0x40e00 to: 0x61300 -> range: 0x20500 (with blocking: 0x20500)
device: 0xdd0870 duration: 0.537204
device: 0xdc9970 duration: 0.540865
device: 0xdcafb0 duration: 0.541407
duration multTranspose ocl mod: 0.543888
delta: 4.69209e+10
.device: 0xdcafb0 kernel from: 0 to: 0x31000 -> range: 0x31000
device: 0xdc9970 kernel from: 0x31000 to: 0x62000 -> range: 0x31000
device: 0xdd0870 kernel from: 0x62000 to: 0x92800 -> range: 0x30800
device: 0xdc9970 duration: 0.438341
device: 0xdd0870 duration: 0.440875
device: 0xdcafb0 duration: 0.441235
duration mult ocl mod: 0.443494
device: GeForce GTX 1080 Ti (0xdcafb0)  kernel from: 0 to: 0x20700 -> range: 0x20700 (with blocking: 0x20700)
device: GeForce GTX 1080 Ti (0xdc9970)  kernel from: 0x20700 to: 0x40e00 -> range: 0x20700 (with blocking: 0x20700)
device: GeForce GTX 1080 Ti (0xdd0870)  kernel from: 0x40e00 to: 0x61300 -> range: 0x20500 (with blocking: 0x20500)
device: 0xdd0870 duration: 0.537507
device: 0xdc9970 duration: 0.539462
device: 0xdcafb0 duration: 0.544222
duration multTranspose ocl mod: 0.5471
delta: 2.90156e+10
.device: 0xdc9970 kernel from: 0 to: 0x31000 -> range: 0x31000
device: 0xdcafb0 kernel from: 0x31000 to: 0x62000 -> range: 0x31000
device: 0xdd0870 kernel from: 0x62000 to: 0x92800 -> range: 0x30800
device: 0xdc9970 duration: 0.438291
device: 0xdd0870 duration: 0.441057
device: 0xdcafb0 duration: 0.441351
duration mult ocl mod: 0.444004
device: GeForce GTX 1080 Ti (0xdc9970)  kernel from: 0 to: 0x20700 -> range: 0x20700 (with blocking: 0x20700)
device: GeForce GTX 1080 Ti (0xdcafb0)  kernel from: 0x20700 to: 0x40e00 -> range: 0x20700 (with blocking: 0x20700)
device: GeForce GTX 1080 Ti (0xdd0870)  kernel from: 0x40e00 to: 0x61300 -> range: 0x20500 (with blocking: 0x20500)
device: 0xdd0870 duration: 0.537199
device: 0xdc9970 duration: 0.540285
device: 0xdcafb0 duration: 0.544879
duration multTranspose ocl mod: 0.548493
delta: 1.4124e+10
.device: 0xdcafb0 kernel from: 0 to: 0x31000 -> range: 0x31000
device: 0xdc9970 kernel from: 0x31000 to: 0x62000 -> range: 0x31000
device: 0xdd0870 kernel from: 0x62000 to: 0x92800 -> range: 0x30800
device: 0xdc9970 duration: 0.438279
device: 0xdd0870 duration: 0.441027
device: 0xdcafb0 duration: 0.44121
duration mult ocl mod: 0.443693
device: GeForce GTX 1080 Ti (0xdcafb0)  kernel from: 0 to: 0x20700 -> range: 0x20700 (with blocking: 0x20700)
device: GeForce GTX 1080 Ti (0xdc9970)  kernel from: 0x20700 to: 0x40e00 -> range: 0x20700 (with blocking: 0x20700)
device: GeForce GTX 1080 Ti (0xdd0870)  kernel from: 0x40e00 to: 0x61300 -> range: 0x20500 (with blocking: 0x20500)
device: 0xdd0870 duration: 0.537155
device: 0xdc9970 duration: 0.539219
device: 0xdcafb0 duration: 0.544045
duration multTranspose ocl mod: 0.546404
delta: 4.65996e+10
.device: 0xdc9970 kernel from: 0 to: 0x31000 -> range: 0x31000
device: 0xdd0870 kernel from: 0x31000 to: 0x62000 -> range: 0x31000
device: 0xdcafb0 kernel from: 0x62000 to: 0x92800 -> range: 0x30800
device: 0xdc9970 duration: 0.43826
device: 0xdcafb0 duration: 0.440787
device: 0xdd0870 duration: 0.441952
duration mult ocl mod: 0.445125
device: GeForce GTX 1080 Ti (0xdc9970)  kernel from: 0 to: 0x20700 -> range: 0x20700 (with blocking: 0x20700)
device: GeForce GTX 1080 Ti (0xdd0870)  kernel from: 0x20700 to: 0x40e00 -> range: 0x20700 (with blocking: 0x20700)
device: GeForce GTX 1080 Ti (0xdcafb0)  kernel from: 0x40e00 to: 0x61300 -> range: 0x20500 (with blocking: 0x20500)
device: 0xdcafb0 duration: 0.535861
device: 0xdc9970 duration: 0.539482
device: 0xdd0870 duration: 0.542697
duration multTranspose ocl mod: 0.545407
delta: 1.87022e+10
.device: 0xdcafb0 kernel from: 0 to: 0x31000 -> range: 0x31000
device: 0xdc9970 kernel from: 0x31000 to: 0x62000 -> range: 0x31000
device: 0xdd0870 kernel from: 0x62000 to: 0x92800 -> range: 0x30800
device: 0xdc9970 duration: 0.438361
device: 0xdcafb0 duration: 0.441173
device: 0xdd0870 duration: 0.441131
duration mult ocl mod: 0.4446
device: GeForce GTX 1080 Ti (0xdcafb0)  kernel from: 0 to: 0x20700 -> range: 0x20700 (with blocking: 0x20700)
device: GeForce GTX 1080 Ti (0xdc9970)  kernel from: 0x20700 to: 0x40e00 -> range: 0x20700 (with blocking: 0x20700)
device: GeForce GTX 1080 Ti (0xdd0870)  kernel from: 0x40e00 to: 0x61300 -> range: 0x20500 (with blocking: 0x20500)
device: 0xdd0870 duration: 0.537526
device: 0xdc9970 duration: 0.540939
device: 0xdcafb0 duration: 0.542515
duration multTranspose ocl mod: 0.545897
delta: 1.70625e+10
.device: 0xdcafb0 kernel from: 0 to: 0x31000 -> range: 0x31000
device: 0xdc9970 kernel from: 0x31000 to: 0x62000 -> range: 0x31000
device: 0xdd0870 kernel from: 0x62000 to: 0x92800 -> range: 0x30800
device: 0xdc9970 duration: 0.438243
device: 0xdcafb0 duration: 0.441235
device: 0xdd0870 duration: 0.441251
duration mult ocl mod: 0.443829
device: GeForce GTX 1080 Ti (0xdd0870)  kernel from: 0 to: 0x20700 -> range: 0x20700 (with blocking: 0x20700)
device: GeForce GTX 1080 Ti (0xdc9970)  kernel from: 0x20700 to: 0x40e00 -> range: 0x20700 (with blocking: 0x20700)
device: GeForce GTX 1080 Ti (0xdcafb0)  kernel from: 0x40e00 to: 0x61300 -> range: 0x20500 (with blocking: 0x20500)
device: 0xdcafb0 duration: 0.535887
device: 0xdd0870 duration: 0.544396
device: 0xdc9970 duration: 0.544259
duration multTranspose ocl mod: 0.547321
delta: 3.71003e+10
.device: 0xdcafb0 kernel from: 0 to: 0x31000 -> range: 0x31000
device: 0xdd0870 kernel from: 0x31000 to: 0x62000 -> range: 0x31000
device: 0xdc9970 kernel from: 0x62000 to: 0x92800 -> range: 0x30800
device: 0xdc9970 duration: 0.438039
device: 0xdcafb0 duration: 0.441376
device: 0xdd0870 duration: 0.441612
duration mult ocl mod: 0.444364
device: GeForce GTX 1080 Ti (0xdd0870)  kernel from: 0 to: 0x20700 -> range: 0x20700 (with blocking: 0x20700)
device: GeForce GTX 1080 Ti (0xdcafb0)  kernel from: 0x20700 to: 0x40e00 -> range: 0x20700 (with blocking: 0x20700)
device: GeForce GTX 1080 Ti (0xdc9970)  kernel from: 0x40e00 to: 0x61300 -> range: 0x20500 (with blocking: 0x20500)
device: 0xdc9970 duration: 0.532855
device: 0xdcafb0 duration: 0.543315
device: 0xdd0870 duration: 0.544821
duration multTranspose ocl mod: 0.547123
delta: 2.38069e+10
.device: 0xdd0870 kernel from: 0 to: 0x31000 -> range: 0x31000
device: 0xdc9970 kernel from: 0x31000 to: 0x62000 -> range: 0x31000
device: 0xdcafb0 kernel from: 0x62000 to: 0x92800 -> range: 0x30800
device: 0xdc9970 duration: 0.438444
device: 0xdcafb0 duration: 0.440833
device: 0xdd0870 duration: 0.441543
duration mult ocl mod: 0.443605
device: GeForce GTX 1080 Ti (0xdcafb0)  kernel from: 0 to: 0x20700 -> range: 0x20700 (with blocking: 0x20700)
device: GeForce GTX 1080 Ti (0xdc9970)  kernel from: 0x20700 to: 0x40e00 -> range: 0x20700 (with blocking: 0x20700)
device: GeForce GTX 1080 Ti (0xdd0870)  kernel from: 0x40e00 to: 0x61300 -> range: 0x20500 (with blocking: 0x20500)
device: 0xdd0870 duration: 0.537029
device: 0xdc9970 duration: 0.54041
device: 0xdcafb0 duration: 0.541402
duration multTranspose ocl mod: 0.543273
delta: 4.09086e+10
.device: 0xdcafb0 kernel from: 0 to: 0x31000 -> range: 0x31000
device: 0xdc9970 kernel from: 0x31000 to: 0x62000 -> range: 0x31000
device: 0xdd0870 kernel from: 0x62000 to: 0x92800 -> range: 0x30800
device: 0xdc9970 duration: 0.438261
device: 0xdd0870 duration: 0.441114
device: 0xdcafb0 duration: 0.44119
duration mult ocl mod: 0.444034
device: GeForce GTX 1080 Ti (0xdc9970)  kernel from: 0 to: 0x20700 -> range: 0x20700 (with blocking: 0x20700)
device: GeForce GTX 1080 Ti (0xdd0870)  kernel from: 0x20700 to: 0x40e00 -> range: 0x20700 (with blocking: 0x20700)
device: GeForce GTX 1080 Ti (0xdcafb0)  kernel from: 0x40e00 to: 0x61300 -> range: 0x20500 (with blocking: 0x20500)
device: 0xdcafb0 duration: 0.535731
device: 0xdc9970 duration: 0.540774
device: 0xdd0870 duration: 0.549158
duration multTranspose ocl mod: 0.551796
delta: 1.36814e+10
.device: 0xdc9970 kernel from: 0 to: 0x31000 -> range: 0x31000
device: 0xdd0870 kernel from: 0x31000 to: 0x62000 -> range: 0x31000
device: 0xdcafb0 kernel from: 0x62000 to: 0x92800 -> range: 0x30800
device: 0xdc9970 duration: 0.43862
device: 0xdcafb0 duration: 0.440698
device: 0xdd0870 duration: 0.442065
duration mult ocl mod: 0.445301
device: GeForce GTX 1080 Ti (0xdc9970)  kernel from: 0 to: 0x20700 -> range: 0x20700 (with blocking: 0x20700)
device: GeForce GTX 1080 Ti (0xdcafb0)  kernel from: 0x20700 to: 0x40e00 -> range: 0x20700 (with blocking: 0x20700)
device: GeForce GTX 1080 Ti (0xdd0870)  kernel from: 0x40e00 to: 0x61300 -> range: 0x20500 (with blocking: 0x20500)
device: 0xdd0870 duration: 0.536887
device: 0xdc9970 duration: 0.540717
device: 0xdcafb0 duration: 0.54407
duration multTranspose ocl mod: 0.547169
delta: 1.27247e+10
.device: 0xdcafb0 kernel from: 0 to: 0x31000 -> range: 0x31000
device: 0xdc9970 kernel from: 0x31000 to: 0x62000 -> range: 0x31000
device: 0xdd0870 kernel from: 0x62000 to: 0x92800 -> range: 0x30800
device: 0xdc9970 duration: 0.438238
device: 0xdd0870 duration: 0.441066
device: 0xdcafb0 duration: 0.44118
duration mult ocl mod: 0.444237
device: GeForce GTX 1080 Ti (0xdcafb0)  kernel from: 0 to: 0x20700 -> range: 0x20700 (with blocking: 0x20700)
device: GeForce GTX 1080 Ti (0xdc9970)  kernel from: 0x20700 to: 0x40e00 -> range: 0x20700 (with blocking: 0x20700)
device: GeForce GTX 1080 Ti (0xdd0870)  kernel from: 0x40e00 to: 0x61300 -> range: 0x20500 (with blocking: 0x20500)
device: 0xdd0870 duration: 0.537411
device: 0xdc9970 duration: 0.541027
device: 0xdcafb0 duration: 0.542053
duration multTranspose ocl mod: 0.544788
delta: 3.00289e+10
.device: 0xdcafb0 kernel from: 0 to: 0x31000 -> range: 0x31000
device: 0xdd0870 kernel from: 0x31000 to: 0x62000 -> range: 0x31000
device: 0xdc9970 kernel from: 0x62000 to: 0x92800 -> range: 0x30800
device: 0xdc9970 duration: 0.437938
device: 0xdcafb0 duration: 0.441401
device: 0xdd0870 duration: 0.441607
duration mult ocl mod: 0.444264
device: GeForce GTX 1080 Ti (0xdd0870)  kernel from: 0 to: 0x20700 -> range: 0x20700 (with blocking: 0x20700)
device: GeForce GTX 1080 Ti (0xdcafb0)  kernel from: 0x20700 to: 0x40e00 -> range: 0x20700 (with blocking: 0x20700)
device: GeForce GTX 1080 Ti (0xdc9970)  kernel from: 0x40e00 to: 0x61300 -> range: 0x20500 (with blocking: 0x20500)
device: 0xdc9970 duration: 0.532745
device: 0xdcafb0 duration: 0.544158
device: 0xdd0870 duration: 0.545587
duration multTranspose ocl mod: 0.548942
delta: 1.25087e+10
.device: 0xdcafb0 kernel from: 0 to: 0x31000 -> range: 0x31000
device: 0xdc9970 kernel from: 0x31000 to: 0x62000 -> range: 0x31000
device: 0xdd0870 kernel from: 0x62000 to: 0x92800 -> range: 0x30800
device: 0xdc9970 duration: 0.438245
device: 0xdd0870 duration: 0.441136
device: 0xdcafb0 duration: 0.441448
duration mult ocl mod: 0.445145
device: GeForce GTX 1080 Ti (0xdcafb0)  kernel from: 0 to: 0x20700 -> range: 0x20700 (with blocking: 0x20700)
device: GeForce GTX 1080 Ti (0xdd0870)  kernel from: 0x20700 to: 0x40e00 -> range: 0x20700 (with blocking: 0x20700)
device: GeForce GTX 1080 Ti (0xdc9970)  kernel from: 0x40e00 to: 0x61300 -> range: 0x20500 (with blocking: 0x20500)
device: 0xdc9970 duration: 0.532555
device: 0xdcafb0 duration: 0.543028
device: 0xdd0870 duration: 0.549155
duration multTranspose ocl mod: 0.551858
delta: 1.17372e+10
.device: 0xdd0870 kernel from: 0 to: 0x31000 -> range: 0x31000
device: 0xdcafb0 kernel from: 0x31000 to: 0x62000 -> range: 0x31000
device: 0xdc9970 kernel from: 0x62000 to: 0x92800 -> range: 0x30800
device: 0xdc9970 duration: 0.438015
device: 0xdcafb0 duration: 0.441299
device: 0xdd0870 duration: 0.441483
duration mult ocl mod: 0.444006
device: GeForce GTX 1080 Ti (0xdd0870)  kernel from: 0 to: 0x20700 -> range: 0x20700 (with blocking: 0x20700)
device: GeForce GTX 1080 Ti (0xdc9970)  kernel from: 0x20700 to: 0x40e00 -> range: 0x20700 (with blocking: 0x20700)
device: GeForce GTX 1080 Ti (0xdcafb0)  kernel from: 0x40e00 to: 0x61300 -> range: 0x20500 (with blocking: 0x20500)
device: 0xdcafb0 duration: 0.536377
device: 0xdc9970 duration: 0.543064
device: 0xdd0870 duration: 0.548354
duration multTranspose ocl mod: 0.550683
delta: 1.59409e+10
.device: 0xdcafb0 kernel from: 0 to: 0x31000 -> range: 0x31000
device: 0xdd0870 kernel from: 0x31000 to: 0x62000 -> range: 0x31000
device: 0xdc9970 kernel from: 0x62000 to: 0x92800 -> range: 0x30800
device: 0xdc9970 duration: 0.437977
device: 0xdcafb0 duration: 0.441336
device: 0xdd0870 duration: 0.441427
duration mult ocl mod: 0.443753
device: GeForce GTX 1080 Ti (0xdd0870)  kernel from: 0 to: 0x20700 -> range: 0x20700 (with blocking: 0x20700)
device: GeForce GTX 1080 Ti (0xdc9970)  kernel from: 0x20700 to: 0x40e00 -> range: 0x20700 (with blocking: 0x20700)
device: GeForce GTX 1080 Ti (0xdcafb0)  kernel from: 0x40e00 to: 0x61300 -> range: 0x20500 (with blocking: 0x20500)
device: 0xdcafb0 duration: 0.536463
device: 0xdc9970 duration: 0.541669
device: 0xdd0870 duration: 0.545707
duration multTranspose ocl mod: 0.547998
delta: 2.23954e+10
.device: 0xdd0870 kernel from: 0 to: 0x31000 -> range: 0x31000
device: 0xdc9970 kernel from: 0x31000 to: 0x62000 -> range: 0x31000
device: 0xdcafb0 kernel from: 0x62000 to: 0x92800 -> range: 0x30800
device: 0xdc9970 duration: 0.438428
device: 0xdcafb0 duration: 0.440615
device: 0xdd0870 duration: 0.441468
duration mult ocl mod: 0.444082
device: GeForce GTX 1080 Ti (0xdd0870)  kernel from: 0 to: 0x20700 -> range: 0x20700 (with blocking: 0x20700)
device: GeForce GTX 1080 Ti (0xdcafb0)  kernel from: 0x20700 to: 0x40e00 -> range: 0x20700 (with blocking: 0x20700)
device: GeForce GTX 1080 Ti (0xdc9970)  kernel from: 0x40e00 to: 0x61300 -> range: 0x20500 (with blocking: 0x20500)
device: 0xdc9970 duration: 0.533007
device: 0xdd0870 duration: 0.543688
device: 0xdcafb0 duration: 0.544164
duration multTranspose ocl mod: 0.546484
delta: 3.7883e+10
.device: 0xdcafb0 kernel from: 0 to: 0x31000 -> range: 0x31000
device: 0xdc9970 kernel from: 0x31000 to: 0x62000 -> range: 0x31000
device: 0xdd0870 kernel from: 0x62000 to: 0x92800 -> range: 0x30800
device: 0xdc9970 duration: 0.438306
device: 0xdd0870 duration: 0.441163
device: 0xdcafb0 duration: 0.441357
duration mult ocl mod: 0.444047
device: GeForce GTX 1080 Ti (0xdc9970)  kernel from: 0 to: 0x20700 -> range: 0x20700 (with blocking: 0x20700)
device: GeForce GTX 1080 Ti (0xdd0870)  kernel from: 0x20700 to: 0x40e00 -> range: 0x20700 (with blocking: 0x20700)
device: GeForce GTX 1080 Ti (0xdcafb0)  kernel from: 0x40e00 to: 0x61300 -> range: 0x20500 (with blocking: 0x20500)
device: 0xdcafb0 duration: 0.535613
device: 0xdc9970 duration: 0.540892
device: 0xdd0870 duration: 0.545869
duration multTranspose ocl mod: 0.548753
delta: 1.46468e+10
.device: 0xdd0870 kernel from: 0 to: 0x31000 -> range: 0x31000
device: 0xdcafb0 kernel from: 0x31000 to: 0x62000 -> range: 0x31000
device: 0xdc9970 kernel from: 0x62000 to: 0x92800 -> range: 0x30800
device: 0xdc9970 duration: 0.438053
device: 0xdcafb0 duration: 0.441244
device: 0xdd0870 duration: 0.441449
duration mult ocl mod: 0.444379
device: GeForce GTX 1080 Ti (0xdd0870)  kernel from: 0 to: 0x20700 -> range: 0x20700 (with blocking: 0x20700)
device: GeForce GTX 1080 Ti (0xdcafb0)  kernel from: 0x20700 to: 0x40e00 -> range: 0x20700 (with blocking: 0x20700)
device: GeForce GTX 1080 Ti (0xdc9970)  kernel from: 0x40e00 to: 0x61300 -> range: 0x20500 (with blocking: 0x20500)
device: 0xdc9970 duration: 0.533059
device: 0xdd0870 duration: 0.543401
device: 0xdcafb0 duration: 0.544196
duration multTranspose ocl mod: 0.54682
delta: 1.23661e+10
.device: 0xdd0870 kernel from: 0 to: 0x31000 -> range: 0x31000
device: 0xdc9970 kernel from: 0x31000 to: 0x62000 -> range: 0x31000
device: 0xdcafb0 kernel from: 0x62000 to: 0x92800 -> range: 0x30800
device: 0xdc9970 duration: 0.438394
device: 0xdcafb0 duration: 0.440657
device: 0xdd0870 duration: 0.441485
duration mult ocl mod: 0.443688
device: GeForce GTX 1080 Ti (0xdd0870)  kernel from: 0 to: 0x20700 -> range: 0x20700 (with blocking: 0x20700)
device: GeForce GTX 1080 Ti (0xdcafb0)  kernel from: 0x20700 to: 0x40e00 -> range: 0x20700 (with blocking: 0x20700)
device: GeForce GTX 1080 Ti (0xdc9970)  kernel from: 0x40e00 to: 0x61300 -> range: 0x20500 (with blocking: 0x20500)
device: 0xdc9970 duration: 0.532891
device: 0xdcafb0 duration: 0.542897
device: 0xdd0870 duration: 0.545764
duration multTranspose ocl mod: 0.547745
delta: 4.20294e+10
.device: 0xdcafb0 kernel from: 0 to: 0x31000 -> range: 0x31000
device: 0xdc9970 kernel from: 0x31000 to: 0x62000 -> range: 0x31000
device: 0xdd0870 kernel from: 0x62000 to: 0x92800 -> range: 0x30800
device: 0xdc9970 duration: 0.438271
device: 0xdd0870 duration: 0.441261
device: 0xdcafb0 duration: 0.441601
duration mult ocl mod: 0.444329
device: GeForce GTX 1080 Ti (0xdcafb0)  kernel from: 0 to: 0x20700 -> range: 0x20700 (with blocking: 0x20700)
device: GeForce GTX 1080 Ti (0xdc9970)  kernel from: 0x20700 to: 0x40e00 -> range: 0x20700 (with blocking: 0x20700)
device: GeForce GTX 1080 Ti (0xdd0870)  kernel from: 0x40e00 to: 0x61300 -> range: 0x20500 (with blocking: 0x20500)
device: 0xdd0870 duration: 0.537489
device: 0xdc9970 duration: 0.540487
device: 0xdcafb0 duration: 0.54113
duration multTranspose ocl mod: 0.543729
delta: 9.37537e+09

Number of iterations: 0x64 (max. 0x64)
Final norm of residuum: 9.37537e+09
counted_mult_calls: 0x66

Needed Iterations: 0x64
Final residuum: 9.37537e+09
note: performance calculation: coefficients are reused
note: performance calculation: iterations for calculation : 103.5
note: performance calculation: additional iteration for residual recalculation : 0x2

Current Duration:: 103.208
Current GFlop/s: 20000.8

Finished Training!

Training took: 103.208 seconds

total_duration: 108.164
