training dataset: ../datasets/friedman/weakscaling_regression/friedman1_10d_200000.arff
instances: 200000
regular grid size: 397825
creating createOperationMultipleEval type: DEFAULT, using base operator factory
creating createOperationMultipleEval grid: ModLinear type: STREAMING==DEFAULT subType: OCLUNIFIED
ctor done!!!!!!!!!!!!!!!!
Starting Learning....

Doing refinement: 0
Grid Size: 397825
device: Intel(R) Xeon(R) Gold 5120 CPU @ 2.20GHz (0x7732fc8)  kernel from: 0 to: 398080 -> range: 398080 (with blocking: 199040)
device: 0x7732fc8 duration: 5.25031
Starting Conjugated Gradients
All temp variables used in CG have been initialized
device: 0x7732fc8 kernel from: 0 to: 200192 -> range: 200192
device: 0x7732fc8 duration: 2.56924
device: Intel(R) Xeon(R) Gold 5120 CPU @ 2.20GHz (0x7732fc8)  kernel from: 0 to: 398080 -> range: 398080 (with blocking: 199040)
device: 0x7732fc8 duration: 5.28152
Starting norm of residuum: -nan
Target norm:               0
.device: 0x7732fc8 kernel from: 0 to: 200192 -> range: 200192
device: 0x7732fc8 duration: 2.58883
device: Intel(R) Xeon(R) Gold 5120 CPU @ 2.20GHz (0x7732fc8)  kernel from: 0 to: 398080 -> range: 398080 (with blocking: 199040)
device: 0x7732fc8 duration: 5.23472
delta: 6.48417e+13
.device: 0x7732fc8 kernel from: 0 to: 200192 -> range: 200192
device: 0x7732fc8 duration: 2.54281
device: Intel(R) Xeon(R) Gold 5120 CPU @ 2.20GHz (0x7732fc8)  kernel from: 0 to: 398080 -> range: 398080 (with blocking: 199040)
device: 0x7732fc8 duration: 5.23907
delta: 5.03406e+13
.device: 0x7732fc8 kernel from: 0 to: 200192 -> range: 200192
device: 0x7732fc8 duration: 2.55496
device: Intel(R) Xeon(R) Gold 5120 CPU @ 2.20GHz (0x7732fc8)  kernel from: 0 to: 398080 -> range: 398080 (with blocking: 199040)
device: 0x7732fc8 duration: 5.23687
delta: 2.15341e+12
.device: 0x7732fc8 kernel from: 0 to: 200192 -> range: 200192
device: 0x7732fc8 duration: 2.57901
device: Intel(R) Xeon(R) Gold 5120 CPU @ 2.20GHz (0x7732fc8)  kernel from: 0 to: 398080 -> range: 398080 (with blocking: 199040)
device: 0x7732fc8 duration: 5.25045
delta: 2.93576e+12
.device: 0x7732fc8 kernel from: 0 to: 200192 -> range: 200192
device: 0x7732fc8 duration: 2.55112
device: Intel(R) Xeon(R) Gold 5120 CPU @ 2.20GHz (0x7732fc8)  kernel from: 0 to: 398080 -> range: 398080 (with blocking: 199040)
device: 0x7732fc8 duration: 5.23966
delta: 2.20097e+12
.device: 0x7732fc8 kernel from: 0 to: 200192 -> range: 200192
device: 0x7732fc8 duration: 2.54623
device: Intel(R) Xeon(R) Gold 5120 CPU @ 2.20GHz (0x7732fc8)  kernel from: 0 to: 398080 -> range: 398080 (with blocking: 199040)
device: 0x7732fc8 duration: 5.23816
delta: 7.77044e+11
.device: 0x7732fc8 kernel from: 0 to: 200192 -> range: 200192
device: 0x7732fc8 duration: 2.55538
device: Intel(R) Xeon(R) Gold 5120 CPU @ 2.20GHz (0x7732fc8)  kernel from: 0 to: 398080 -> range: 398080 (with blocking: 199040)
device: 0x7732fc8 duration: 5.23716
delta: 1.30206e+12
.device: 0x7732fc8 kernel from: 0 to: 200192 -> range: 200192
device: 0x7732fc8 duration: 2.55146
device: Intel(R) Xeon(R) Gold 5120 CPU @ 2.20GHz (0x7732fc8)  kernel from: 0 to: 398080 -> range: 398080 (with blocking: 199040)
device: 0x7732fc8 duration: 5.24337
delta: 1.16167e+12
.device: 0x7732fc8 kernel from: 0 to: 200192 -> range: 200192
device: 0x7732fc8 duration: 2.54694
device: Intel(R) Xeon(R) Gold 5120 CPU @ 2.20GHz (0x7732fc8)  kernel from: 0 to: 398080 -> range: 398080 (with blocking: 199040)
device: 0x7732fc8 duration: 5.23546
delta: 4.5664e+11
.device: 0x7732fc8 kernel from: 0 to: 200192 -> range: 200192
device: 0x7732fc8 duration: 2.55579
device: Intel(R) Xeon(R) Gold 5120 CPU @ 2.20GHz (0x7732fc8)  kernel from: 0 to: 398080 -> range: 398080 (with blocking: 199040)
device: 0x7732fc8 duration: 5.28468
delta: 9.55346e+11
.device: 0x7732fc8 kernel from: 0 to: 200192 -> range: 200192
device: 0x7732fc8 duration: 2.55833
device: Intel(R) Xeon(R) Gold 5120 CPU @ 2.20GHz (0x7732fc8)  kernel from: 0 to: 398080 -> range: 398080 (with blocking: 199040)
device: 0x7732fc8 duration: 5.24038
delta: 6.06256e+11
.device: 0x7732fc8 kernel from: 0 to: 200192 -> range: 200192
device: 0x7732fc8 duration: 2.56154
device: Intel(R) Xeon(R) Gold 5120 CPU @ 2.20GHz (0x7732fc8)  kernel from: 0 to: 398080 -> range: 398080 (with blocking: 199040)
device: 0x7732fc8 duration: 5.26749
delta: 2.24784e+11
.device: 0x7732fc8 kernel from: 0 to: 200192 -> range: 200192
device: 0x7732fc8 duration: 2.54904
device: Intel(R) Xeon(R) Gold 5120 CPU @ 2.20GHz (0x7732fc8)  kernel from: 0 to: 398080 -> range: 398080 (with blocking: 199040)
device: 0x7732fc8 duration: 5.237
delta: 1.03475e+11
.device: 0x7732fc8 kernel from: 0 to: 200192 -> range: 200192
device: 0x7732fc8 duration: 2.55478
device: Intel(R) Xeon(R) Gold 5120 CPU @ 2.20GHz (0x7732fc8)  kernel from: 0 to: 398080 -> range: 398080 (with blocking: 199040)
device: 0x7732fc8 duration: 5.23702
delta: 2.86648e+11
.device: 0x7732fc8 kernel from: 0 to: 200192 -> range: 200192
device: 0x7732fc8 duration: 2.55436
device: Intel(R) Xeon(R) Gold 5120 CPU @ 2.20GHz (0x7732fc8)  kernel from: 0 to: 398080 -> range: 398080 (with blocking: 199040)
device: 0x7732fc8 duration: 5.23627
delta: 7.83079e+10
.device: 0x7732fc8 kernel from: 0 to: 200192 -> range: 200192
device: 0x7732fc8 duration: 2.56036
device: Intel(R) Xeon(R) Gold 5120 CPU @ 2.20GHz (0x7732fc8)  kernel from: 0 to: 398080 -> range: 398080 (with blocking: 199040)
device: 0x7732fc8 duration: 5.2368
delta: 7.38708e+10
.device: 0x7732fc8 kernel from: 0 to: 200192 -> range: 200192
device: 0x7732fc8 duration: 2.55538
device: Intel(R) Xeon(R) Gold 5120 CPU @ 2.20GHz (0x7732fc8)  kernel from: 0 to: 398080 -> range: 398080 (with blocking: 199040)
device: 0x7732fc8 duration: 5.23915
delta: 1.00895e+11
.device: 0x7732fc8 kernel from: 0 to: 200192 -> range: 200192
device: 0x7732fc8 duration: 2.56645
device: Intel(R) Xeon(R) Gold 5120 CPU @ 2.20GHz (0x7732fc8)  kernel from: 0 to: 398080 -> range: 398080 (with blocking: 199040)
device: 0x7732fc8 duration: 5.23918
delta: 8.43225e+10
.device: 0x7732fc8 kernel from: 0 to: 200192 -> range: 200192
device: 0x7732fc8 duration: 2.55085
device: Intel(R) Xeon(R) Gold 5120 CPU @ 2.20GHz (0x7732fc8)  kernel from: 0 to: 398080 -> range: 398080 (with blocking: 199040)
device: 0x7732fc8 duration: 5.23505
delta: 1.6121e+11
.device: 0x7732fc8 kernel from: 0 to: 200192 -> range: 200192
device: 0x7732fc8 duration: 2.55368
device: Intel(R) Xeon(R) Gold 5120 CPU @ 2.20GHz (0x7732fc8)  kernel from: 0 to: 398080 -> range: 398080 (with blocking: 199040)
device: 0x7732fc8 duration: 5.23577
delta: 7.62354e+10
.device: 0x7732fc8 kernel from: 0 to: 200192 -> range: 200192
device: 0x7732fc8 duration: 2.55686
device: Intel(R) Xeon(R) Gold 5120 CPU @ 2.20GHz (0x7732fc8)  kernel from: 0 to: 398080 -> range: 398080 (with blocking: 199040)
device: 0x7732fc8 duration: 5.24338
delta: 3.8746e+10
.device: 0x7732fc8 kernel from: 0 to: 200192 -> range: 200192
device: 0x7732fc8 duration: 2.54891
device: Intel(R) Xeon(R) Gold 5120 CPU @ 2.20GHz (0x7732fc8)  kernel from: 0 to: 398080 -> range: 398080 (with blocking: 199040)
device: 0x7732fc8 duration: 5.26856
delta: 5.97496e+10
.device: 0x7732fc8 kernel from: 0 to: 200192 -> range: 200192
device: 0x7732fc8 duration: 2.54805
device: Intel(R) Xeon(R) Gold 5120 CPU @ 2.20GHz (0x7732fc8)  kernel from: 0 to: 398080 -> range: 398080 (with blocking: 199040)
device: 0x7732fc8 duration: 5.2385
delta: 6.75171e+10
.device: 0x7732fc8 kernel from: 0 to: 200192 -> range: 200192
device: 0x7732fc8 duration: 2.55773
device: Intel(R) Xeon(R) Gold 5120 CPU @ 2.20GHz (0x7732fc8)  kernel from: 0 to: 398080 -> range: 398080 (with blocking: 199040)
device: 0x7732fc8 duration: 5.25928
delta: 4.04884e+10
.device: 0x7732fc8 kernel from: 0 to: 200192 -> range: 200192
device: 0x7732fc8 duration: 2.55286
device: Intel(R) Xeon(R) Gold 5120 CPU @ 2.20GHz (0x7732fc8)  kernel from: 0 to: 398080 -> range: 398080 (with blocking: 199040)
device: 0x7732fc8 duration: 5.25488
delta: 7.22425e+10
.device: 0x7732fc8 kernel from: 0 to: 200192 -> range: 200192
device: 0x7732fc8 duration: 2.55793
device: Intel(R) Xeon(R) Gold 5120 CPU @ 2.20GHz (0x7732fc8)  kernel from: 0 to: 398080 -> range: 398080 (with blocking: 199040)
device: 0x7732fc8 duration: 5.283
delta: 1.22437e+10
.device: 0x7732fc8 kernel from: 0 to: 200192 -> range: 200192
device: 0x7732fc8 duration: 2.56232
device: Intel(R) Xeon(R) Gold 5120 CPU @ 2.20GHz (0x7732fc8)  kernel from: 0 to: 398080 -> range: 398080 (with blocking: 199040)
device: 0x7732fc8 duration: 5.27576
delta: 6.45511e+10
.device: 0x7732fc8 kernel from: 0 to: 200192 -> range: 200192
device: 0x7732fc8 duration: 2.5597
device: Intel(R) Xeon(R) Gold 5120 CPU @ 2.20GHz (0x7732fc8)  kernel from: 0 to: 398080 -> range: 398080 (with blocking: 199040)
device: 0x7732fc8 duration: 5.239
delta: 3.46673e+10
.device: 0x7732fc8 kernel from: 0 to: 200192 -> range: 200192
device: 0x7732fc8 duration: 2.55703
device: Intel(R) Xeon(R) Gold 5120 CPU @ 2.20GHz (0x7732fc8)  kernel from: 0 to: 398080 -> range: 398080 (with blocking: 199040)
device: 0x7732fc8 duration: 5.2527
delta: 4.75038e+10
.device: 0x7732fc8 kernel from: 0 to: 200192 -> range: 200192
device: 0x7732fc8 duration: 2.57738
device: Intel(R) Xeon(R) Gold 5120 CPU @ 2.20GHz (0x7732fc8)  kernel from: 0 to: 398080 -> range: 398080 (with blocking: 199040)
device: 0x7732fc8 duration: 5.2369
delta: 1.78934e+10
.device: 0x7732fc8 kernel from: 0 to: 200192 -> range: 200192
device: 0x7732fc8 duration: 2.55191
device: Intel(R) Xeon(R) Gold 5120 CPU @ 2.20GHz (0x7732fc8)  kernel from: 0 to: 398080 -> range: 398080 (with blocking: 199040)
device: 0x7732fc8 duration: 5.23738
delta: 2.33395e+10
.device: 0x7732fc8 kernel from: 0 to: 200192 -> range: 200192
device: 0x7732fc8 duration: 2.54381
device: Intel(R) Xeon(R) Gold 5120 CPU @ 2.20GHz (0x7732fc8)  kernel from: 0 to: 398080 -> range: 398080 (with blocking: 199040)
device: 0x7732fc8 duration: 5.24432
delta: 2.25865e+10
.device: 0x7732fc8 kernel from: 0 to: 200192 -> range: 200192
device: 0x7732fc8 duration: 2.5476
device: Intel(R) Xeon(R) Gold 5120 CPU @ 2.20GHz (0x7732fc8)  kernel from: 0 to: 398080 -> range: 398080 (with blocking: 199040)
device: 0x7732fc8 duration: 5.23532
delta: 5.21558e+10
.device: 0x7732fc8 kernel from: 0 to: 200192 -> range: 200192
device: 0x7732fc8 duration: 2.54543
device: Intel(R) Xeon(R) Gold 5120 CPU @ 2.20GHz (0x7732fc8)  kernel from: 0 to: 398080 -> range: 398080 (with blocking: 199040)
device: 0x7732fc8 duration: 5.23573
delta: 2.01427e+10
.device: 0x7732fc8 kernel from: 0 to: 200192 -> range: 200192
device: 0x7732fc8 duration: 2.54677
device: Intel(R) Xeon(R) Gold 5120 CPU @ 2.20GHz (0x7732fc8)  kernel from: 0 to: 398080 -> range: 398080 (with blocking: 199040)
device: 0x7732fc8 duration: 5.23711
delta: 2.92494e+10
.device: 0x7732fc8 kernel from: 0 to: 200192 -> range: 200192
device: 0x7732fc8 duration: 2.56275
device: Intel(R) Xeon(R) Gold 5120 CPU @ 2.20GHz (0x7732fc8)  kernel from: 0 to: 398080 -> range: 398080 (with blocking: 199040)
device: 0x7732fc8 duration: 5.25595
delta: 1.50022e+10
.device: 0x7732fc8 kernel from: 0 to: 200192 -> range: 200192
device: 0x7732fc8 duration: 2.54941
device: Intel(R) Xeon(R) Gold 5120 CPU @ 2.20GHz (0x7732fc8)  kernel from: 0 to: 398080 -> range: 398080 (with blocking: 199040)
device: 0x7732fc8 duration: 5.23703
delta: 1.12197e+10
.device: 0x7732fc8 kernel from: 0 to: 200192 -> range: 200192
device: 0x7732fc8 duration: 2.55137
device: Intel(R) Xeon(R) Gold 5120 CPU @ 2.20GHz (0x7732fc8)  kernel from: 0 to: 398080 -> range: 398080 (with blocking: 199040)
device: 0x7732fc8 duration: 5.23894
delta: 1.91895e+10
.device: 0x7732fc8 kernel from: 0 to: 200192 -> range: 200192
device: 0x7732fc8 duration: 2.55477
device: Intel(R) Xeon(R) Gold 5120 CPU @ 2.20GHz (0x7732fc8)  kernel from: 0 to: 398080 -> range: 398080 (with blocking: 199040)
device: 0x7732fc8 duration: 5.24208
delta: 9.49978e+09
.device: 0x7732fc8 kernel from: 0 to: 200192 -> range: 200192
device: 0x7732fc8 duration: 2.53979
device: Intel(R) Xeon(R) Gold 5120 CPU @ 2.20GHz (0x7732fc8)  kernel from: 0 to: 398080 -> range: 398080 (with blocking: 199040)
device: 0x7732fc8 duration: 5.25064
delta: 2.28996e+10
.device: 0x7732fc8 kernel from: 0 to: 200192 -> range: 200192
device: 0x7732fc8 duration: 2.55943
device: Intel(R) Xeon(R) Gold 5120 CPU @ 2.20GHz (0x7732fc8)  kernel from: 0 to: 398080 -> range: 398080 (with blocking: 199040)
device: 0x7732fc8 duration: 5.23715
delta: 1.73504e+10
.device: 0x7732fc8 kernel from: 0 to: 200192 -> range: 200192
device: 0x7732fc8 duration: 2.55855
device: Intel(R) Xeon(R) Gold 5120 CPU @ 2.20GHz (0x7732fc8)  kernel from: 0 to: 398080 -> range: 398080 (with blocking: 199040)
device: 0x7732fc8 duration: 5.23768
delta: 7.11789e+09
.device: 0x7732fc8 kernel from: 0 to: 200192 -> range: 200192
device: 0x7732fc8 duration: 2.55426
device: Intel(R) Xeon(R) Gold 5120 CPU @ 2.20GHz (0x7732fc8)  kernel from: 0 to: 398080 -> range: 398080 (with blocking: 199040)
device: 0x7732fc8 duration: 5.2387
delta: 5.72324e+10
.device: 0x7732fc8 kernel from: 0 to: 200192 -> range: 200192
device: 0x7732fc8 duration: 2.54753
device: Intel(R) Xeon(R) Gold 5120 CPU @ 2.20GHz (0x7732fc8)  kernel from: 0 to: 398080 -> range: 398080 (with blocking: 199040)
device: 0x7732fc8 duration: 5.2369
delta: 9.64645e+09
.device: 0x7732fc8 kernel from: 0 to: 200192 -> range: 200192
device: 0x7732fc8 duration: 2.54556
device: Intel(R) Xeon(R) Gold 5120 CPU @ 2.20GHz (0x7732fc8)  kernel from: 0 to: 398080 -> range: 398080 (with blocking: 199040)
device: 0x7732fc8 duration: 5.2374
delta: 1.59883e+10
.device: 0x7732fc8 kernel from: 0 to: 200192 -> range: 200192
device: 0x7732fc8 duration: 2.55109
device: Intel(R) Xeon(R) Gold 5120 CPU @ 2.20GHz (0x7732fc8)  kernel from: 0 to: 398080 -> range: 398080 (with blocking: 199040)
device: 0x7732fc8 duration: 5.23792
delta: 1.13688e+10
.device: 0x7732fc8 kernel from: 0 to: 200192 -> range: 200192
device: 0x7732fc8 duration: 2.57114
device: Intel(R) Xeon(R) Gold 5120 CPU @ 2.20GHz (0x7732fc8)  kernel from: 0 to: 398080 -> range: 398080 (with blocking: 199040)
device: 0x7732fc8 duration: 5.25656
delta: 4.49345e+09
.device: 0x7732fc8 kernel from: 0 to: 200192 -> range: 200192
device: 0x7732fc8 duration: 2.54284
device: Intel(R) Xeon(R) Gold 5120 CPU @ 2.20GHz (0x7732fc8)  kernel from: 0 to: 398080 -> range: 398080 (with blocking: 199040)
device: 0x7732fc8 duration: 5.26591
delta: 1.18893e+10
.device: 0x7732fc8 kernel from: 0 to: 200192 -> range: 200192
device: 0x7732fc8 duration: 2.54454
device: Intel(R) Xeon(R) Gold 5120 CPU @ 2.20GHz (0x7732fc8)  kernel from: 0 to: 398080 -> range: 398080 (with blocking: 199040)
device: 0x7732fc8 duration: 5.23543
delta: 1.59845e+10
.device: 0x7732fc8 kernel from: 0 to: 200192 -> range: 200192
device: 0x7732fc8 duration: 2.54294
device: Intel(R) Xeon(R) Gold 5120 CPU @ 2.20GHz (0x7732fc8)  kernel from: 0 to: 398080 -> range: 398080 (with blocking: 199040)
device: 0x7732fc8 duration: 5.24187
delta: 4.13785e+09
.device: 0x7732fc8 kernel from: 0 to: 200192 -> range: 200192
device: 0x7732fc8 duration: 2.54092
device: Intel(R) Xeon(R) Gold 5120 CPU @ 2.20GHz (0x7732fc8)  kernel from: 0 to: 398080 -> range: 398080 (with blocking: 199040)
device: 0x7732fc8 duration: 5.23542
device: 0x7732fc8 kernel from: 0 to: 200192 -> range: 200192
device: 0x7732fc8 duration: 2.54771
device: Intel(R) Xeon(R) Gold 5120 CPU @ 2.20GHz (0x7732fc8)  kernel from: 0 to: 398080 -> range: 398080 (with blocking: 199040)
device: 0x7732fc8 duration: 5.24998
delta: 1.45711e+10
.device: 0x7732fc8 kernel from: 0 to: 200192 -> range: 200192
device: 0x7732fc8 duration: 2.55209
device: Intel(R) Xeon(R) Gold 5120 CPU @ 2.20GHz (0x7732fc8)  kernel from: 0 to: 398080 -> range: 398080 (with blocking: 199040)
device: 0x7732fc8 duration: 5.24668
delta: 5.61704e+09
.device: 0x7732fc8 kernel from: 0 to: 200192 -> range: 200192
device: 0x7732fc8 duration: 2.54383
device: Intel(R) Xeon(R) Gold 5120 CPU @ 2.20GHz (0x7732fc8)  kernel from: 0 to: 398080 -> range: 398080 (with blocking: 199040)
device: 0x7732fc8 duration: 5.2549
delta: 1.56003e+10
.device: 0x7732fc8 kernel from: 0 to: 200192 -> range: 200192
device: 0x7732fc8 duration: 2.55179
device: Intel(R) Xeon(R) Gold 5120 CPU @ 2.20GHz (0x7732fc8)  kernel from: 0 to: 398080 -> range: 398080 (with blocking: 199040)
device: 0x7732fc8 duration: 5.23818
delta: 8.15332e+09
.device: 0x7732fc8 kernel from: 0 to: 200192 -> range: 200192
device: 0x7732fc8 duration: 2.56698
device: Intel(R) Xeon(R) Gold 5120 CPU @ 2.20GHz (0x7732fc8)  kernel from: 0 to: 398080 -> range: 398080 (with blocking: 199040)
device: 0x7732fc8 duration: 5.23877
delta: 3.83564e+09
.device: 0x7732fc8 kernel from: 0 to: 200192 -> range: 200192
device: 0x7732fc8 duration: 2.54505
device: Intel(R) Xeon(R) Gold 5120 CPU @ 2.20GHz (0x7732fc8)  kernel from: 0 to: 398080 -> range: 398080 (with blocking: 199040)
device: 0x7732fc8 duration: 5.24602
delta: 6.86797e+09
.device: 0x7732fc8 kernel from: 0 to: 200192 -> range: 200192
device: 0x7732fc8 duration: 2.5481
device: Intel(R) Xeon(R) Gold 5120 CPU @ 2.20GHz (0x7732fc8)  kernel from: 0 to: 398080 -> range: 398080 (with blocking: 199040)
device: 0x7732fc8 duration: 5.23585
delta: 4.68161e+09
.device: 0x7732fc8 kernel from: 0 to: 200192 -> range: 200192
device: 0x7732fc8 duration: 2.55326
device: Intel(R) Xeon(R) Gold 5120 CPU @ 2.20GHz (0x7732fc8)  kernel from: 0 to: 398080 -> range: 398080 (with blocking: 199040)
device: 0x7732fc8 duration: 5.23788
delta: 3.93241e+09
.device: 0x7732fc8 kernel from: 0 to: 200192 -> range: 200192
device: 0x7732fc8 duration: 2.54754
device: Intel(R) Xeon(R) Gold 5120 CPU @ 2.20GHz (0x7732fc8)  kernel from: 0 to: 398080 -> range: 398080 (with blocking: 199040)
device: 0x7732fc8 duration: 5.23635
delta: 9.93833e+09
.device: 0x7732fc8 kernel from: 0 to: 200192 -> range: 200192
device: 0x7732fc8 duration: 2.5531
device: Intel(R) Xeon(R) Gold 5120 CPU @ 2.20GHz (0x7732fc8)  kernel from: 0 to: 398080 -> range: 398080 (with blocking: 199040)
device: 0x7732fc8 duration: 5.23924
delta: 1.33225e+10
.device: 0x7732fc8 kernel from: 0 to: 200192 -> range: 200192
device: 0x7732fc8 duration: 2.54236
device: Intel(R) Xeon(R) Gold 5120 CPU @ 2.20GHz (0x7732fc8)  kernel from: 0 to: 398080 -> range: 398080 (with blocking: 199040)
device: 0x7732fc8 duration: 5.22794
delta: 9.60377e+09
.device: 0x7732fc8 kernel from: 0 to: 200192 -> range: 200192
device: 0x7732fc8 duration: 2.53848
device: Intel(R) Xeon(R) Gold 5120 CPU @ 2.20GHz (0x7732fc8)  kernel from: 0 to: 398080 -> range: 398080 (with blocking: 199040)
device: 0x7732fc8 duration: 5.23592
delta: 2.94368e+09
.device: 0x7732fc8 kernel from: 0 to: 200192 -> range: 200192
device: 0x7732fc8 duration: 2.5479
device: Intel(R) Xeon(R) Gold 5120 CPU @ 2.20GHz (0x7732fc8)  kernel from: 0 to: 398080 -> range: 398080 (with blocking: 199040)
device: 0x7732fc8 duration: 5.23418
delta: 9.06331e+09
.device: 0x7732fc8 kernel from: 0 to: 200192 -> range: 200192
device: 0x7732fc8 duration: 2.55611
device: Intel(R) Xeon(R) Gold 5120 CPU @ 2.20GHz (0x7732fc8)  kernel from: 0 to: 398080 -> range: 398080 (with blocking: 199040)
device: 0x7732fc8 duration: 5.23655
delta: 7.00025e+09
.device: 0x7732fc8 kernel from: 0 to: 200192 -> range: 200192
device: 0x7732fc8 duration: 2.54541
device: Intel(R) Xeon(R) Gold 5120 CPU @ 2.20GHz (0x7732fc8)  kernel from: 0 to: 398080 -> range: 398080 (with blocking: 199040)
device: 0x7732fc8 duration: 5.23567
delta: 4.21452e+09
.device: 0x7732fc8 kernel from: 0 to: 200192 -> range: 200192
device: 0x7732fc8 duration: 2.5547
device: Intel(R) Xeon(R) Gold 5120 CPU @ 2.20GHz (0x7732fc8)  kernel from: 0 to: 398080 -> range: 398080 (with blocking: 199040)
device: 0x7732fc8 duration: 5.23787
delta: 2.70988e+09
.device: 0x7732fc8 kernel from: 0 to: 200192 -> range: 200192
device: 0x7732fc8 duration: 2.54888
device: Intel(R) Xeon(R) Gold 5120 CPU @ 2.20GHz (0x7732fc8)  kernel from: 0 to: 398080 -> range: 398080 (with blocking: 199040)
device: 0x7732fc8 duration: 5.24618
delta: 1.44081e+10
.device: 0x7732fc8 kernel from: 0 to: 200192 -> range: 200192
device: 0x7732fc8 duration: 2.55899
device: Intel(R) Xeon(R) Gold 5120 CPU @ 2.20GHz (0x7732fc8)  kernel from: 0 to: 398080 -> range: 398080 (with blocking: 199040)
device: 0x7732fc8 duration: 5.23479
delta: 1.3426e+10
.device: 0x7732fc8 kernel from: 0 to: 200192 -> range: 200192
device: 0x7732fc8 duration: 2.55148
device: Intel(R) Xeon(R) Gold 5120 CPU @ 2.20GHz (0x7732fc8)  kernel from: 0 to: 398080 -> range: 398080 (with blocking: 199040)
device: 0x7732fc8 duration: 5.2524
delta: 8.62152e+09
.device: 0x7732fc8 kernel from: 0 to: 200192 -> range: 200192
device: 0x7732fc8 duration: 2.57856
device: Intel(R) Xeon(R) Gold 5120 CPU @ 2.20GHz (0x7732fc8)  kernel from: 0 to: 398080 -> range: 398080 (with blocking: 199040)
device: 0x7732fc8 duration: 5.24579
delta: 3.26036e+09
.device: 0x7732fc8 kernel from: 0 to: 200192 -> range: 200192
device: 0x7732fc8 duration: 2.54796
device: Intel(R) Xeon(R) Gold 5120 CPU @ 2.20GHz (0x7732fc8)  kernel from: 0 to: 398080 -> range: 398080 (with blocking: 199040)
device: 0x7732fc8 duration: 5.23563
delta: 6.47769e+09
.device: 0x7732fc8 kernel from: 0 to: 200192 -> range: 200192
device: 0x7732fc8 duration: 2.55359
device: Intel(R) Xeon(R) Gold 5120 CPU @ 2.20GHz (0x7732fc8)  kernel from: 0 to: 398080 -> range: 398080 (with blocking: 199040)
device: 0x7732fc8 duration: 5.2407
delta: 6.0982e+09
.device: 0x7732fc8 kernel from: 0 to: 200192 -> range: 200192
device: 0x7732fc8 duration: 2.55644
device: Intel(R) Xeon(R) Gold 5120 CPU @ 2.20GHz (0x7732fc8)  kernel from: 0 to: 398080 -> range: 398080 (with blocking: 199040)
device: 0x7732fc8 duration: 5.23369
delta: 3.27882e+09
.device: 0x7732fc8 kernel from: 0 to: 200192 -> range: 200192
device: 0x7732fc8 duration: 2.54227
device: Intel(R) Xeon(R) Gold 5120 CPU @ 2.20GHz (0x7732fc8)  kernel from: 0 to: 398080 -> range: 398080 (with blocking: 199040)
device: 0x7732fc8 duration: 5.23624
delta: 2.777e+09
.device: 0x7732fc8 kernel from: 0 to: 200192 -> range: 200192
device: 0x7732fc8 duration: 2.5614
device: Intel(R) Xeon(R) Gold 5120 CPU @ 2.20GHz (0x7732fc8)  kernel from: 0 to: 398080 -> range: 398080 (with blocking: 199040)
device: 0x7732fc8 duration: 5.23535
delta: 1.04434e+10
.device: 0x7732fc8 kernel from: 0 to: 200192 -> range: 200192
device: 0x7732fc8 duration: 2.55749
device: Intel(R) Xeon(R) Gold 5120 CPU @ 2.20GHz (0x7732fc8)  kernel from: 0 to: 398080 -> range: 398080 (with blocking: 199040)
device: 0x7732fc8 duration: 5.23471
delta: 5.67948e+09
.device: 0x7732fc8 kernel from: 0 to: 200192 -> range: 200192
device: 0x7732fc8 duration: 2.54824
device: Intel(R) Xeon(R) Gold 5120 CPU @ 2.20GHz (0x7732fc8)  kernel from: 0 to: 398080 -> range: 398080 (with blocking: 199040)
device: 0x7732fc8 duration: 5.24162
delta: 9.92766e+09
.device: 0x7732fc8 kernel from: 0 to: 200192 -> range: 200192
device: 0x7732fc8 duration: 2.54712
device: Intel(R) Xeon(R) Gold 5120 CPU @ 2.20GHz (0x7732fc8)  kernel from: 0 to: 398080 -> range: 398080 (with blocking: 199040)
device: 0x7732fc8 duration: 5.24488
delta: 2.20284e+09
.device: 0x7732fc8 kernel from: 0 to: 200192 -> range: 200192
device: 0x7732fc8 duration: 2.5611
device: Intel(R) Xeon(R) Gold 5120 CPU @ 2.20GHz (0x7732fc8)  kernel from: 0 to: 398080 -> range: 398080 (with blocking: 199040)
device: 0x7732fc8 duration: 5.24523
delta: 1.14612e+10
.device: 0x7732fc8 kernel from: 0 to: 200192 -> range: 200192
device: 0x7732fc8 duration: 2.55344
device: Intel(R) Xeon(R) Gold 5120 CPU @ 2.20GHz (0x7732fc8)  kernel from: 0 to: 398080 -> range: 398080 (with blocking: 199040)
device: 0x7732fc8 duration: 5.23833
delta: 4.46216e+09
.device: 0x7732fc8 kernel from: 0 to: 200192 -> range: 200192
device: 0x7732fc8 duration: 2.55111
device: Intel(R) Xeon(R) Gold 5120 CPU @ 2.20GHz (0x7732fc8)  kernel from: 0 to: 398080 -> range: 398080 (with blocking: 199040)
device: 0x7732fc8 duration: 5.24509
delta: 4.38614e+09
.device: 0x7732fc8 kernel from: 0 to: 200192 -> range: 200192
device: 0x7732fc8 duration: 2.54358
device: Intel(R) Xeon(R) Gold 5120 CPU @ 2.20GHz (0x7732fc8)  kernel from: 0 to: 398080 -> range: 398080 (with blocking: 199040)
device: 0x7732fc8 duration: 5.23666
delta: 4.29037e+09
.device: 0x7732fc8 kernel from: 0 to: 200192 -> range: 200192
device: 0x7732fc8 duration: 2.54534
device: Intel(R) Xeon(R) Gold 5120 CPU @ 2.20GHz (0x7732fc8)  kernel from: 0 to: 398080 -> range: 398080 (with blocking: 199040)
device: 0x7732fc8 duration: 5.24266
delta: 4.16574e+09
.device: 0x7732fc8 kernel from: 0 to: 200192 -> range: 200192
device: 0x7732fc8 duration: 2.54898
device: Intel(R) Xeon(R) Gold 5120 CPU @ 2.20GHz (0x7732fc8)  kernel from: 0 to: 398080 -> range: 398080 (with blocking: 199040)
device: 0x7732fc8 duration: 5.23681
delta: 5.29447e+09
.device: 0x7732fc8 kernel from: 0 to: 200192 -> range: 200192
device: 0x7732fc8 duration: 2.58489
device: Intel(R) Xeon(R) Gold 5120 CPU @ 2.20GHz (0x7732fc8)  kernel from: 0 to: 398080 -> range: 398080 (with blocking: 199040)
device: 0x7732fc8 duration: 5.24404
delta: 3.36887e+09
.device: 0x7732fc8 kernel from: 0 to: 200192 -> range: 200192
device: 0x7732fc8 duration: 2.54878
device: Intel(R) Xeon(R) Gold 5120 CPU @ 2.20GHz (0x7732fc8)  kernel from: 0 to: 398080 -> range: 398080 (with blocking: 199040)
device: 0x7732fc8 duration: 5.23274
delta: 4.12465e+09
.device: 0x7732fc8 kernel from: 0 to: 200192 -> range: 200192
device: 0x7732fc8 duration: 2.55558
device: Intel(R) Xeon(R) Gold 5120 CPU @ 2.20GHz (0x7732fc8)  kernel from: 0 to: 398080 -> range: 398080 (with blocking: 199040)
device: 0x7732fc8 duration: 5.24257
delta: 9.70995e+09
.device: 0x7732fc8 kernel from: 0 to: 200192 -> range: 200192
device: 0x7732fc8 duration: 2.56472
device: Intel(R) Xeon(R) Gold 5120 CPU @ 2.20GHz (0x7732fc8)  kernel from: 0 to: 398080 -> range: 398080 (with blocking: 199040)
device: 0x7732fc8 duration: 5.25886
delta: 2.28494e+09
.device: 0x7732fc8 kernel from: 0 to: 200192 -> range: 200192
device: 0x7732fc8 duration: 2.57508
device: Intel(R) Xeon(R) Gold 5120 CPU @ 2.20GHz (0x7732fc8)  kernel from: 0 to: 398080 -> range: 398080 (with blocking: 199040)
device: 0x7732fc8 duration: 5.23845
delta: 3.41832e+09
.device: 0x7732fc8 kernel from: 0 to: 200192 -> range: 200192
device: 0x7732fc8 duration: 2.55647
device: Intel(R) Xeon(R) Gold 5120 CPU @ 2.20GHz (0x7732fc8)  kernel from: 0 to: 398080 -> range: 398080 (with blocking: 199040)
device: 0x7732fc8 duration: 5.23819
delta: 1.16393e+10
.device: 0x7732fc8 kernel from: 0 to: 200192 -> range: 200192
device: 0x7732fc8 duration: 2.54343
device: Intel(R) Xeon(R) Gold 5120 CPU @ 2.20GHz (0x7732fc8)  kernel from: 0 to: 398080 -> range: 398080 (with blocking: 199040)
device: 0x7732fc8 duration: 5.23912
delta: 6.24318e+09
.device: 0x7732fc8 kernel from: 0 to: 200192 -> range: 200192
device: 0x7732fc8 duration: 2.54786
device: Intel(R) Xeon(R) Gold 5120 CPU @ 2.20GHz (0x7732fc8)  kernel from: 0 to: 398080 -> range: 398080 (with blocking: 199040)
device: 0x7732fc8 duration: 5.25158
delta: 3.26955e+09
.device: 0x7732fc8 kernel from: 0 to: 200192 -> range: 200192
device: 0x7732fc8 duration: 2.5717
device: Intel(R) Xeon(R) Gold 5120 CPU @ 2.20GHz (0x7732fc8)  kernel from: 0 to: 398080 -> range: 398080 (with blocking: 199040)
device: 0x7732fc8 duration: 5.2372
delta: 1.88066e+09
.device: 0x7732fc8 kernel from: 0 to: 200192 -> range: 200192
device: 0x7732fc8 duration: 2.54945
device: Intel(R) Xeon(R) Gold 5120 CPU @ 2.20GHz (0x7732fc8)  kernel from: 0 to: 398080 -> range: 398080 (with blocking: 199040)
device: 0x7732fc8 duration: 5.23705
delta: 1.99111e+09
.device: 0x7732fc8 kernel from: 0 to: 200192 -> range: 200192
device: 0x7732fc8 duration: 2.54876
device: Intel(R) Xeon(R) Gold 5120 CPU @ 2.20GHz (0x7732fc8)  kernel from: 0 to: 398080 -> range: 398080 (with blocking: 199040)
device: 0x7732fc8 duration: 5.23561
delta: 2.2171e+09
.device: 0x7732fc8 kernel from: 0 to: 200192 -> range: 200192
device: 0x7732fc8 duration: 2.53993
device: Intel(R) Xeon(R) Gold 5120 CPU @ 2.20GHz (0x7732fc8)  kernel from: 0 to: 398080 -> range: 398080 (with blocking: 199040)
device: 0x7732fc8 duration: 5.23478
delta: 3.40946e+09
.device: 0x7732fc8 kernel from: 0 to: 200192 -> range: 200192
device: 0x7732fc8 duration: 2.55178
device: Intel(R) Xeon(R) Gold 5120 CPU @ 2.20GHz (0x7732fc8)  kernel from: 0 to: 398080 -> range: 398080 (with blocking: 199040)
device: 0x7732fc8 duration: 5.25585
delta: 7.005e+09
.device: 0x7732fc8 kernel from: 0 to: 200192 -> range: 200192
device: 0x7732fc8 duration: 2.56053
device: Intel(R) Xeon(R) Gold 5120 CPU @ 2.20GHz (0x7732fc8)  kernel from: 0 to: 398080 -> range: 398080 (with blocking: 199040)
device: 0x7732fc8 duration: 5.23748
delta: 6.74741e+09
.device: 0x7732fc8 kernel from: 0 to: 200192 -> range: 200192
device: 0x7732fc8 duration: 2.55519
device: Intel(R) Xeon(R) Gold 5120 CPU @ 2.20GHz (0x7732fc8)  kernel from: 0 to: 398080 -> range: 398080 (with blocking: 199040)
device: 0x7732fc8 duration: 5.24379
delta: 2.12395e+09
.device: 0x7732fc8 kernel from: 0 to: 200192 -> range: 200192
device: 0x7732fc8 duration: 2.55313
device: Intel(R) Xeon(R) Gold 5120 CPU @ 2.20GHz (0x7732fc8)  kernel from: 0 to: 398080 -> range: 398080 (with blocking: 199040)
device: 0x7732fc8 duration: 5.23699
delta: 3.08364e+09

Number of iterations: 100 (max. 100)
Final norm of residuum: 3.08364e+09
counted_mult_calls: 102

Needed Iterations: 100
Final residuum: 3.08364e+09
note: performance calculation: coefficients are reused
note: performance calculation: iterations for calculation : 103.5
note: performance calculation: additional iteration for residual recalculation : 2

Current Duration:: 803.489
Current GFlop/s: 856.363

Finished Training!

Training took: 803.489 seconds

total_duration: 812.263
