./datadriven/examplesOCL/regression_cmd --trainingFileName ../datasets/friedman/weakscaling_regression/friedman1_10d_700000.arff --learnerMode LEARN --grid.level 7 --lambda 1E-5 --grid.type ModLinear --verbose true --additionalConfig results_diss/friedman1_ocl_float_gtx1080ti_7.cfg --operation.type STREAMING --operation.subType OCLUNIFIED --solverFinal.maxIterations 100 --solverFinal.eps 0 --isRegression true --do_dummy_ocl_init
training dataset: ../datasets/friedman/weakscaling_regression/friedman1_10d_700000.arff
OCL Info: 2 OpenCL platforms have been found
OCL Info: detected platform, name: "Intel(R) OpenCL"
OCL Info: detected platform vendor name: "Intel(R) Corporation"
OCL Info: platform not configured, skipping...
OCL Info: detected platform, name: "NVIDIA CUDA"
OCL Info: detected platform vendor name: "NVIDIA Corporation"
OCL Info: using platform, name: "NVIDIA CUDA"
OCL Info: platform device count: 8
OCL Info: detected device, name: "GeForce GTX 1080 Ti"
OCL Info: using device, name: "GeForce GTX 1080 Ti"
OCL Info: detected device, name: "GeForce GTX 1080 Ti"
OCL Info: using device, name: "GeForce GTX 1080 Ti"
OCL Info: detected device, name: "GeForce GTX 1080 Ti"
OCL Info: using device, name: "GeForce GTX 1080 Ti"
OCL Info: detected device, name: "GeForce GTX 1080 Ti"
OCL Info: using device, name: "GeForce GTX 1080 Ti"
OCL Info: detected device, name: "GeForce GTX 1080 Ti"
OCL Info: using device, name: "GeForce GTX 1080 Ti"
OCL Info: detected device, name: "GeForce GTX 1080 Ti"
OCL Info: using device, name: "GeForce GTX 1080 Ti"
OCL Info: detected device, name: "GeForce GTX 1080 Ti"
OCL Info: using device, name: "GeForce GTX 1080 Ti"
OCL Info: detected device, name: "GeForce GTX 1080 Ti"
ocl dummy initalization duration: 8.57852
instances: 700000
regular grid size: 397825
creating createOperationMultipleEval type: DEFAULT, using base operator factory
creating createOperationMultipleEval grid: Linear type: STREAMING==DEFAULT subType: OCLUNIFIED
OCL Info: 2 OpenCL platforms have been found
OCL Info: detected platform, name: "Intel(R) OpenCL"
OCL Info: detected platform vendor name: "Intel(R) Corporation"
OCL Info: detected platform, name: "NVIDIA CUDA"
OCL Info: detected platform vendor name: "NVIDIA Corporation"
OCL Info: using platform, name: "NVIDIA CUDA"
OCL Info: detected device, name: "GeForce GTX 1080 Ti"
OCL Info: using device, name: "GeForce GTX 1080 Ti"
OCL Info: detected device, name: "GeForce GTX 1080 Ti"
OCL Info: using device, name: "GeForce GTX 1080 Ti"
OCL Info: detected device, name: "GeForce GTX 1080 Ti"
OCL Info: using device, name: "GeForce GTX 1080 Ti"
OCL Info: detected device, name: "GeForce GTX 1080 Ti"
OCL Info: using device, name: "GeForce GTX 1080 Ti"
OCL Info: detected device, name: "GeForce GTX 1080 Ti"
OCL Info: using device, name: "GeForce GTX 1080 Ti"
OCL Info: detected device, name: "GeForce GTX 1080 Ti"
OCL Info: using device, name: "GeForce GTX 1080 Ti"
OCL Info: detected device, name: "GeForce GTX 1080 Ti"
OCL Info: using device, name: "GeForce GTX 1080 Ti"
OCL Info: detected device, name: "GeForce GTX 1080 Ti"
Starting Learning....

Doing refinement: 0
Grid Size: 397825
building with optimization flags: 
building with optimization flags: 
building with optimization flags: 
building with optimization flags: 
building with optimization flags: 
building with optimization flags: 
building with optimization flags: 
--- Begin Build Log ---


--- End Build Log ---
--- Begin Build Log ---


--- End Build Log ---
--- Begin Build Log ---


--- End Build Log ---
--- Begin Build Log ---


--- End Build Log ---
--- Begin Build Log ---


--- End Build Log ---
--- Begin Build Log ---


--- End Build Log ---
--- Begin Build Log ---


--- End Build Log ---
duration multTranspose ocl mod: 0.942591
building with optimization flags: 
building with optimization flags: 
building with optimization flags: 
building with optimization flags: building with optimization flags: 

building with optimization flags: 
building with optimization flags: 
--- Begin Build Log ---


--- End Build Log ---
--- Begin Build Log ---


--- End Build Log ---
--- Begin Build Log ---


--- End Build Log ---
--- Begin Build Log ---


--- End Build Log ---
--- Begin Build Log ---


--- End Build Log ---
--- Begin Build Log ---


--- End Build Log ---
--- Begin Build Log ---


--- End Build Log ---
duration mult ocl mod: 0.610834
duration multTranspose ocl mod: 0.508704
duration mult ocl mod: 0.260544
duration multTranspose ocl mod: 0.511269
duration mult ocl mod: 0.260569
duration multTranspose ocl mod: 0.517891
duration mult ocl mod: 0.259856
duration multTranspose ocl mod: 0.5145
duration mult ocl mod: 0.261783
duration multTranspose ocl mod: 0.515423
duration mult ocl mod: 0.259989
duration multTranspose ocl mod: 0.51207
duration mult ocl mod: 0.259889
duration multTranspose ocl mod: 0.51364
duration mult ocl mod: 0.25737
duration multTranspose ocl mod: 0.516951
duration mult ocl mod: 0.260672
duration multTranspose ocl mod: 0.514335
duration mult ocl mod: 0.260244
duration multTranspose ocl mod: 0.512791
duration mult ocl mod: 0.25936
duration multTranspose ocl mod: 0.507214
duration mult ocl mod: 0.25942
duration multTranspose ocl mod: 0.50538
duration mult ocl mod: 0.26071
duration multTranspose ocl mod: 0.512811
duration mult ocl mod: 0.259844
duration multTranspose ocl mod: 0.510065
duration mult ocl mod: 0.260106
duration multTranspose ocl mod: 0.509121
duration mult ocl mod: 0.256436
duration multTranspose ocl mod: 0.518283
duration mult ocl mod: 0.259627
duration multTranspose ocl mod: 0.51599
duration mult ocl mod: 0.259087
duration multTranspose ocl mod: 0.512853
duration mult ocl mod: 0.259243
duration multTranspose ocl mod: 0.510189
duration mult ocl mod: 0.259784
duration multTranspose ocl mod: 0.511053
duration mult ocl mod: 0.259826
duration multTranspose ocl mod: 0.511554
duration mult ocl mod: 0.259492
duration multTranspose ocl mod: 0.510694
duration mult ocl mod: 0.259094
duration multTranspose ocl mod: 0.511225
duration mult ocl mod: 0.258775
duration multTranspose ocl mod: 0.512264
duration mult ocl mod: 0.255979
duration multTranspose ocl mod: 0.511241
duration mult ocl mod: 0.258862
duration multTranspose ocl mod: 0.513059
duration mult ocl mod: 0.25963
duration multTranspose ocl mod: 0.515696
duration mult ocl mod: 0.259766
duration multTranspose ocl mod: 0.513154
duration mult ocl mod: 0.255709
duration multTranspose ocl mod: 0.514326
duration mult ocl mod: 0.259656
duration multTranspose ocl mod: 0.514229
duration mult ocl mod: 0.259444
duration multTranspose ocl mod: 0.512857
duration mult ocl mod: 0.256766
duration multTranspose ocl mod: 0.512649
duration mult ocl mod: 0.259392
duration multTranspose ocl mod: 0.517771
duration mult ocl mod: 0.260391
duration multTranspose ocl mod: 0.51275
duration mult ocl mod: 0.259712
duration multTranspose ocl mod: 0.513431
duration mult ocl mod: 0.260603
duration multTranspose ocl mod: 0.514632
duration mult ocl mod: 0.257655
duration multTranspose ocl mod: 0.512628
duration mult ocl mod: 0.259744
duration multTranspose ocl mod: 0.512523
duration mult ocl mod: 0.259604
duration multTranspose ocl mod: 0.512997
duration mult ocl mod: 0.256987
duration multTranspose ocl mod: 0.514375
duration mult ocl mod: 0.256699
duration multTranspose ocl mod: 0.516109
duration mult ocl mod: 0.258518
duration multTranspose ocl mod: 0.517301
duration mult ocl mod: 0.259436
duration multTranspose ocl mod: 0.52475
duration mult ocl mod: 0.259271
duration multTranspose ocl mod: 0.514551
duration mult ocl mod: 0.260816
duration multTranspose ocl mod: 0.521293
duration mult ocl mod: 0.259591
duration multTranspose ocl mod: 0.513826
duration mult ocl mod: 0.25936
duration multTranspose ocl mod: 0.518801
duration mult ocl mod: 0.259738
duration multTranspose ocl mod: 0.516407
duration mult ocl mod: 0.258791
duration multTranspose ocl mod: 0.520298
duration mult ocl mod: 0.26019
duration multTranspose ocl mod: 0.514618
duration mult ocl mod: 0.259062
duration multTranspose ocl mod: 0.520527
duration mult ocl mod: 0.259769
duration multTranspose ocl mod: 0.518876
duration mult ocl mod: 0.256038
duration multTranspose ocl mod: 0.514066
duration mult ocl mod: 0.259698
duration multTranspose ocl mod: 0.514548
duration mult ocl mod: 0.259933
duration multTranspose ocl mod: 0.518741
duration mult ocl mod: 0.256398
duration multTranspose ocl mod: 0.512993
duration mult ocl mod: 0.259657
duration multTranspose ocl mod: 0.515736
duration mult ocl mod: 0.259068
duration multTranspose ocl mod: 0.524595
duration mult ocl mod: 0.258331
duration multTranspose ocl mod: 0.515047
duration mult ocl mod: 0.259671
duration multTranspose ocl mod: 0.515368
duration mult ocl mod: 0.259253
duration multTranspose ocl mod: 0.517093
duration mult ocl mod: 0.259116
duration multTranspose ocl mod: 0.517606
duration mult ocl mod: 0.258138
duration multTranspose ocl mod: 0.514559
duration mult ocl mod: 0.259031
duration multTranspose ocl mod: 0.51956
duration mult ocl mod: 0.260204
duration multTranspose ocl mod: 0.514722
duration mult ocl mod: 0.25989
duration multTranspose ocl mod: 0.515082
duration mult ocl mod: 0.25997
duration multTranspose ocl mod: 0.516236
duration mult ocl mod: 0.26023
duration multTranspose ocl mod: 0.517303
duration mult ocl mod: 0.259614
duration multTranspose ocl mod: 0.513479
duration mult ocl mod: 0.260435
duration multTranspose ocl mod: 0.517211
duration mult ocl mod: 0.258139
duration multTranspose ocl mod: 0.519852
duration mult ocl mod: 0.261126
duration multTranspose ocl mod: 0.521355
duration mult ocl mod: 0.25965
duration multTranspose ocl mod: 0.521082
duration mult ocl mod: 0.259516
duration multTranspose ocl mod: 0.51631
duration mult ocl mod: 0.259029
duration multTranspose ocl mod: 0.51503
duration mult ocl mod: 0.256273
duration multTranspose ocl mod: 0.520071
duration mult ocl mod: 0.259685
duration multTranspose ocl mod: 0.510817
duration mult ocl mod: 0.25915
duration multTranspose ocl mod: 0.515
duration mult ocl mod: 0.259688
duration multTranspose ocl mod: 0.514993
duration mult ocl mod: 0.259665
duration multTranspose ocl mod: 0.522695
duration mult ocl mod: 0.256784
duration multTranspose ocl mod: 0.52474
duration mult ocl mod: 0.260351
duration multTranspose ocl mod: 0.51963
duration mult ocl mod: 0.261591
duration multTranspose ocl mod: 0.519376
duration mult ocl mod: 0.255792
duration multTranspose ocl mod: 0.516637
duration mult ocl mod: 0.256251
duration multTranspose ocl mod: 0.51602
duration mult ocl mod: 0.261941
duration multTranspose ocl mod: 0.515857
duration mult ocl mod: 0.261001
duration multTranspose ocl mod: 0.518892
duration mult ocl mod: 0.256747
duration multTranspose ocl mod: 0.517541
duration mult ocl mod: 0.260752
duration multTranspose ocl mod: 0.518447
duration mult ocl mod: 0.258943
duration multTranspose ocl mod: 0.519916
duration mult ocl mod: 0.262156
duration multTranspose ocl mod: 0.516393
duration mult ocl mod: 0.261487
duration multTranspose ocl mod: 0.51745
duration mult ocl mod: 0.261013
duration multTranspose ocl mod: 0.522448
duration mult ocl mod: 0.260887
duration multTranspose ocl mod: 0.520343
duration mult ocl mod: 0.26141
duration multTranspose ocl mod: 0.517947
duration mult ocl mod: 0.260555
duration multTranspose ocl mod: 0.520049
duration mult ocl mod: 0.260593
duration multTranspose ocl mod: 0.520882
duration mult ocl mod: 0.261554
duration multTranspose ocl mod: 0.517449
duration mult ocl mod: 0.261039
duration multTranspose ocl mod: 0.516568
duration mult ocl mod: 0.258873
duration multTranspose ocl mod: 0.519981
duration mult ocl mod: 0.262842
duration multTranspose ocl mod: 0.518435
duration mult ocl mod: 0.261553
duration multTranspose ocl mod: 0.517156

Needed Iterations: 100
Final residuum: 1.93168e+10
note: performance calculation: coefficients are reused
note: performance calculation: iterations for calculation : 103.5
note: performance calculation: additional iteration for residual recalculation : 2

Current Duration:: 82.5038
Current GFlop/s: 29268.8

Finished Training!

Training took: 82.5038 seconds

total_duration: 89.6831
