training dataset: ../datasets/friedman/weakscaling_regression/friedman1_10d_200000.arff
instances: 200000
regular grid size: 397825
creating createOperationMultipleEval type: DEFAULT, using base operator factory
creating createOperationMultipleEval grid: Linear type: SUBSPACE subType: AutoTuneTMP
Starting Learning....

Doing refinement: 0
Grid Size: 397825
padding for: 256
creating per-kernel header
compile_cmd: g++ -o ./cppjit_tmp/KernelMultTransposeSubspace_475137/KernelMultTransposeSubspace.o -c -Wall -Wextra -Wno-unused-parameter -std=c++17 -march=native -mtune=native -O3 -g -fopenmp -fPIC -fno-gnu-unique -I/home/winter/git/DissertationCode/SGpp/base/src -I/home/winter/git/DissertationCode/MatrixMultiplicationHPX/AutoTuneTMP/boost_install/include -I/home/winter/git/DissertationCode/MatrixMultiplicationHPX/AutoTuneTMP/AutoTuneTMP_install/include -I/home/winter/git/DissertationCode/MatrixMultiplicationHPX/AutoTuneTMP/Vc_install/include  -I./cppjit_tmp/KernelMultTransposeSubspace_475137/ SubspaceAutoTuneTMPKernels/MultTranspose/KernelMultTransposeSubspace.cpp  > ./cppjit_tmp/KernelMultTransposeSubspace_475137/KernelMultTransposeSubspace_compile.log 2>&1
compile log:
compile duration: 1.83624
link_cmd: g++ -shared -fno-gnu-unique -fopenmp -o ./cppjit_tmp/KernelMultTransposeSubspace_475137/libKernelMultTransposeSubspace.so ./cppjit_tmp/KernelMultTransposeSubspace_475137/KernelMultTransposeSubspace.o   > ./cppjit_tmp/KernelMultTransposeSubspace_475137/KernelMultTransposeSubspace_link.log 2>&1
link log:
link duration: 0.0861594
Starting Conjugated Gradients
All temp variables used in CG have been initialized
creating per-kernel header
compile_cmd: g++ -o ./cppjit_tmp/KernelMultSubspace_504776/KernelMultSubspace.o -c -Wall -Wextra -Wno-unused-parameter -std=c++17 -march=native -mtune=native -O3 -g -fopenmp -fPIC -fno-gnu-unique -I/home/winter/git/DissertationCode/SGpp/base/src -I/home/winter/git/DissertationCode/MatrixMultiplicationHPX/AutoTuneTMP/boost_install/include -I/home/winter/git/DissertationCode/MatrixMultiplicationHPX/AutoTuneTMP/AutoTuneTMP_install/include -I/home/winter/git/DissertationCode/MatrixMultiplicationHPX/AutoTuneTMP/Vc_install/include  -I./cppjit_tmp/KernelMultSubspace_504776/ SubspaceAutoTuneTMPKernels/Mult/KernelMultSubspace.cpp  > ./cppjit_tmp/KernelMultSubspace_504776/KernelMultSubspace_compile.log 2>&1
compile log:
compile duration: 1.3927
link_cmd: g++ -shared -fno-gnu-unique -fopenmp -o ./cppjit_tmp/KernelMultSubspace_504776/libKernelMultSubspace.so ./cppjit_tmp/KernelMultSubspace_504776/KernelMultSubspace.o   > ./cppjit_tmp/KernelMultSubspace_504776/KernelMultSubspace_link.log 2>&1
link log:
link duration: 0.101216
Starting norm of residuum: -nan
Target norm:               0
.delta: 2.73003e+08
.delta: 6.06727e+07
.delta: 4.5632e+07
.delta: 9.89261e+06
.delta: 1.15899e+07
.delta: 3.8827e+06
.delta: 1.8354e+06
.delta: 1.90123e+06
.delta: 602636
.delta: 302611
.delta: 352215
.delta: 70536.2
.delta: 51700.4
.delta: 43553.4
.delta: 33433.4
.delta: 15046.8
.delta: 5794.95
.delta: 4347.99
.delta: 1772.5
.delta: 597.235
.delta: 591.282
.delta: 268.64
.delta: 98.6371
.delta: 74.9522
.delta: 42.2038
.delta: 12.5187
.delta: 14.288
.delta: 4.42794
.delta: 2.74517
.delta: 5.20713
.delta: 1.01665
.delta: 0.813737
.delta: 0.286371
.delta: 0.0805445
.delta: 0.0500388
.delta: 0.0175685
.delta: 0.00858939
.delta: 0.00244518
.delta: 0.00121818
.delta: 0.000564349
.delta: 0.000245534
.delta: 0.000728791
.delta: 9.51064e-05
.delta: 2.79369e-05
.delta: 1.50265e-05
.delta: 5.92037e-06
.delta: 3.24105e-06
.delta: 2.16143e-06
.delta: 9.38182e-07
.delta: 2.69863e-07
.delta: 1.67849e-07
.delta: 1.71985e-07
.delta: 3.37122e-08
.delta: 2.17229e-08
.delta: 1.90726e-08
.delta: 1.13885e-08
.delta: 9.41437e-09
.delta: 2.25336e-09
.delta: 1.24655e-09
.delta: 1.21694e-09
.delta: 2.32649e-10
.delta: 2.62848e-10
.delta: 8.85815e-11
.delta: 4.05009e-11
.delta: 2.83828e-11
.delta: 1.53524e-11
.delta: 6.46279e-12
.delta: 2.82646e-12
.delta: 2.00521e-12
.delta: 4.30826e-12
.delta: 5.96486e-13
.delta: 2.44479e-13
.delta: 3.3184e-13
.delta: 5.10711e-14
.delta: 3.19253e-14
.delta: 2.72402e-14
.delta: 7.68255e-15
.delta: 4.04189e-15
.delta: 2.89409e-15
.delta: 7.19912e-16
.delta: 3.39474e-16
.delta: 9.85716e-17
.delta: 4.81807e-16
.delta: 3.9026e-17
.delta: 2.69703e-17
.delta: 2.00847e-17
.delta: 3.89458e-18
.delta: 3.75735e-18
.delta: 1.43729e-18
.delta: 5.84532e-19
.delta: 2.29554e-19
.delta: 1.35378e-19
.delta: 3.60003e-20
.delta: 1.76233e-20
.delta: 2.53859e-20
.delta: 1.21619e-20
.delta: 7.72043e-21
.delta: 1.83366e-21
.delta: 1.45218e-21
.delta: 1.33159e-21

Number of iterations: 100 (max. 100)
Final norm of residuum: 1.33159e-21
counted_mult_calls: 102

Needed Iterations: 100
Final residuum: 1.33159e-21
note: performance calculation: coefficients are reused
note: performance calculation: iterations for calculation : 103.5
note: performance calculation: additional iteration for residual recalculation : 2
warning: cannot calculate GFLOPS for operation type

Current Duration:: 292.742
Current GFlop/s: 0

Finished Training!

Training took: 292.742 seconds

total_duration: 295.143
