datasetFileName: ../datasets/friedman/weakscaling_regression/friedman1_10d_200000.arff
OpenCLConfigFile: results_diss/friedman1_w8100_weakscaling_parameters_multTrans_host_pcsgs07_tuner_line_search_t_double_10r_optimal.cfg
hostname: pcsgs07
dimensionality: 10
number of grid points: 397825
number of data points: 200000
num_ops: 47739
creating createOperationMultipleEval grid: Linear type: STREAMING==DEFAULT subType: OCLUNIFIED
starting performance test...
algorithm: multTrans
device: Hawaii (0x1340a1d0)  kernel from: 0 to: 397888 -> range: 397888 (with blocking: 397888)
device: 0x1340a1d0 duration: 3.93494
info: first multTranspose not considered
device: Hawaii (0x1340a1d0)  kernel from: 0 to: 397888 -> range: 397888 (with blocking: 397888)
device: 0x1340a1d0 duration: 3.93476
device: Hawaii (0x1340a1d0)  kernel from: 0 to: 397888 -> range: 397888 (with blocking: 397888)
device: 0x1340a1d0 duration: 3.93502
device: Hawaii (0x1340a1d0)  kernel from: 0 to: 397888 -> range: 397888 (with blocking: 397888)
device: 0x1340a1d0 duration: 3.93515
device: Hawaii (0x1340a1d0)  kernel from: 0 to: 397888 -> range: 397888 (with blocking: 397888)
device: 0x1340a1d0 duration: 3.93531
device: Hawaii (0x1340a1d0)  kernel from: 0 to: 397888 -> range: 397888 (with blocking: 397888)
device: 0x1340a1d0 duration: 3.93512
device: Hawaii (0x1340a1d0)  kernel from: 0 to: 397888 -> range: 397888 (with blocking: 397888)
device: 0x1340a1d0 duration: 3.93489
device: Hawaii (0x1340a1d0)  kernel from: 0 to: 397888 -> range: 397888 (with blocking: 397888)
device: 0x1340a1d0 duration: 3.93491
device: Hawaii (0x1340a1d0)  kernel from: 0 to: 397888 -> range: 397888 (with blocking: 397888)
device: 0x1340a1d0 duration: 3.93499
device: Hawaii (0x1340a1d0)  kernel from: 0 to: 397888 -> range: 397888 (with blocking: 397888)
device: 0x1340a1d0 duration: 3.93487
device: Hawaii (0x1340a1d0)  kernel from: 0 to: 397888 -> range: 397888 (with blocking: 397888)
device: 0x1340a1d0 duration: 3.93523
duration multTranspose: 39.4615, repetitions: 10
GFLOPS: 1209.76
