datasetFileName: ../datasets/friedman/weakscaling_regression/friedman1_10d_200000.arff
OpenCLConfigFile: results_diss/friedman1_Vega7_weakscaling_parameters_mult_host_argon-epyc_tuner_line_search_t_double_10r_optimal.cfg
hostname: argon-epyc
dimensionality: 10
number of grid points: 397825
number of data points: 200000
grid points with level > 1: 1550100
num_ops: 18601.2
creating createOperationMultipleEval grid: Linear type: STREAMING==DEFAULT subType: OCLUNIFIED
pci id for fd 4: 1002:66af, driver (null)
pci id for fd 4: 1002:66af, driver (null)
starting performance test...
algorithm: mult
device: 0x13cef910 kernel from: 0 to: 200192 -> range: 200192
device: 0x13cef910 duration: 1.28019
info: first mult not considered
device: 0x13cef910 kernel from: 0 to: 200192 -> range: 200192
device: 0x13cef910 duration: 1.27983
device: 0x13cef910 kernel from: 0 to: 200192 -> range: 200192
device: 0x13cef910 duration: 1.2784
device: 0x13cef910 kernel from: 0 to: 200192 -> range: 200192
device: 0x13cef910 duration: 1.27865
device: 0x13cef910 kernel from: 0 to: 200192 -> range: 200192
device: 0x13cef910 duration: 1.27914
device: 0x13cef910 kernel from: 0 to: 200192 -> range: 200192
device: 0x13cef910 duration: 1.27917
device: 0x13cef910 kernel from: 0 to: 200192 -> range: 200192
device: 0x13cef910 duration: 1.27876
device: 0x13cef910 kernel from: 0 to: 200192 -> range: 200192
device: 0x13cef910 duration: 1.27922
device: 0x13cef910 kernel from: 0 to: 200192 -> range: 200192
device: 0x13cef910 duration: 1.27908
device: 0x13cef910 kernel from: 0 to: 200192 -> range: 200192
device: 0x13cef910 duration: 1.27896
device: 0x13cef910 kernel from: 0 to: 200192 -> range: 200192
device: 0x13cef910 duration: 1.27911
duration mult: 12.8542, repetitions: 10
GFLOPS: 1447.09
