training dataset: ../datasets/friedman/weakscaling_regression/friedman1_10d_200000.arff
instances: 200000
regular grid size: 397825
creating createOperationMultipleEval type: DEFAULT, using base operator factory
creating createOperationMultipleEval grid: ModLinear type: SUBSPACE subType: AutoTuneTMP
Starting Learning....

Doing refinement: 0
Grid Size: 397825
creating per-kernel header
compile_cmd: g++ -o ./cppjit_tmp/KernelMultTransposeSubspace_160562/KernelMultTransposeSubspace.o -c -Wall -Wextra -Wno-unused-parameter -std=c++17 -march=native -mtune=native -O3 -g -fopenmp -fPIC -fno-gnu-unique -I/data/argon-fs/sgs/pfandedd/DissertationCodeTesla1/SGpp/base/src -I/data/argon-fs/sgs/pfandedd/DissertationCodeTesla1/MatrixMultiplicationHPX/AutoTuneTMP/boost_install/include -I/data/argon-fs/sgs/pfandedd/DissertationCodeTesla1/MatrixMultiplicationHPX/AutoTuneTMP/AutoTuneTMP_install/include -I/data/argon-fs/sgs/pfandedd/DissertationCodeTesla1/MatrixMultiplicationHPX/AutoTuneTMP/Vc_install/include  -I./cppjit_tmp/KernelMultTransposeSubspace_160562/ SubspaceAutoTuneTMPKernels/MultTranspose/KernelMultTransposeSubspace.cpp  > ./cppjit_tmp/KernelMultTransposeSubspace_160562/KernelMultTransposeSubspace_compile.log 2>&1
compile log:
compile duration: 2.13191
link_cmd: g++ -shared -fno-gnu-unique -fopenmp -o ./cppjit_tmp/KernelMultTransposeSubspace_160562/libKernelMultTransposeSubspace.so ./cppjit_tmp/KernelMultTransposeSubspace_160562/KernelMultTransposeSubspace.o   > ./cppjit_tmp/KernelMultTransposeSubspace_160562/KernelMultTransposeSubspace_link.log 2>&1
link log:
link duration: 0.166741
Starting Conjugated Gradients
All temp variables used in CG have been initialized
creating per-kernel header
compile_cmd: g++ -o ./cppjit_tmp/KernelMultSubspace_382441/KernelMultSubspace.o -c -Wall -Wextra -Wno-unused-parameter -std=c++17 -march=native -mtune=native -O3 -g -fopenmp -fPIC -fno-gnu-unique -I/data/argon-fs/sgs/pfandedd/DissertationCodeTesla1/SGpp/base/src -I/data/argon-fs/sgs/pfandedd/DissertationCodeTesla1/MatrixMultiplicationHPX/AutoTuneTMP/boost_install/include -I/data/argon-fs/sgs/pfandedd/DissertationCodeTesla1/MatrixMultiplicationHPX/AutoTuneTMP/AutoTuneTMP_install/include -I/data/argon-fs/sgs/pfandedd/DissertationCodeTesla1/MatrixMultiplicationHPX/AutoTuneTMP/Vc_install/include  -I./cppjit_tmp/KernelMultSubspace_382441/ SubspaceAutoTuneTMPKernels/Mult/KernelMultSubspace.cpp  > ./cppjit_tmp/KernelMultSubspace_382441/KernelMultSubspace_compile.log 2>&1
compile log:
compile duration: 1.51332
link_cmd: g++ -shared -fno-gnu-unique -fopenmp -o ./cppjit_tmp/KernelMultSubspace_382441/libKernelMultSubspace.so ./cppjit_tmp/KernelMultSubspace_382441/KernelMultSubspace.o   > ./cppjit_tmp/KernelMultSubspace_382441/KernelMultSubspace_link.log 2>&1
link log:
link duration: 0.125369
Starting norm of residuum: -nan
Target norm:               0
.delta: 6.48417e+13
.delta: 5.03406e+13
.delta: 2.15341e+12
.delta: 2.93576e+12
.delta: 2.20097e+12
.delta: 7.77042e+11
.delta: 1.30202e+12
.delta: 1.16094e+12
.delta: 3.47423e+11
.delta: 8.23794e+11
.delta: 2.3831e+11
.delta: 9.96893e+10
.delta: 4.18946e+11
.delta: 8.13771e+10
.delta: 2.94118e+11
.delta: 8.05787e+10
.delta: 9.7366e+10
.delta: 6.15885e+10
.delta: 7.93578e+10
.delta: 5.6194e+10
.delta: 4.0039e+10
.delta: 7.05875e+10
.delta: 5.08605e+10
.delta: 5.67623e+10
.delta: 1.1417e+10
.delta: 3.14393e+10
.delta: 6.69006e+10
.delta: 1.59209e+10
.delta: 3.32646e+10
.delta: 5.74039e+10
.delta: 2.75042e+10
.delta: 3.55744e+10
.delta: 2.20467e+10
.delta: 1.00465e+10
.delta: 1.23195e+10
.delta: 1.6878e+10
.delta: 9.50454e+09
.delta: 1.99085e+10
.delta: 6.20441e+09
.delta: 1.00369e+10
.delta: 1.21648e+10
.delta: 1.60356e+10
.delta: 8.18002e+09
.delta: 4.22368e+09
.delta: 7.82737e+09
.delta: 1.09839e+10
.delta: 6.77555e+09
.delta: 3.74272e+09
.delta: 1.86378e+10
.delta: 8.33071e+09
.delta: 3.01121e+09
.delta: 7.77009e+09
.delta: 5.8033e+09
.delta: 4.6674e+09
.delta: 3.28614e+10
.delta: 5.97355e+09
.delta: 3.7729e+09
.delta: 7.28434e+09
.delta: 3.56126e+09
.delta: 4.92696e+09
.delta: 6.48627e+09
.delta: 3.62906e+09
.delta: 5.74174e+09
.delta: 7.20168e+09
.delta: 4.64237e+09
.delta: 3.52134e+09
.delta: 7.26913e+09
.delta: 5.0761e+09
.delta: 6.87147e+09
.delta: 2.7406e+09
.delta: 5.59409e+09
.delta: 3.72477e+09
.delta: 4.19203e+09
.delta: 3.59921e+09
.delta: 9.39396e+09
.delta: 4.85786e+09
.delta: 1.51024e+09
.delta: 5.48886e+09
.delta: 7.95151e+09
.delta: 3.0943e+09
.delta: 2.0502e+09
.delta: 4.62672e+09
.delta: 2.01053e+10
.delta: 1.47706e+09
.delta: 2.63417e+09
.delta: 2.1812e+09
.delta: 3.37343e+09
.delta: 2.18931e+09
.delta: 3.71424e+09
.delta: 2.76681e+09
.delta: 2.18509e+09
.delta: 5.68442e+09
.delta: 1.52574e+09
.delta: 3.81815e+09
.delta: 5.77992e+09
.delta: 1.89089e+09
.delta: 7.50239e+09
.delta: 1.97788e+09
.delta: 2.86363e+09
.delta: 1.68253e+09

Number of iterations: 100 (max. 100)
Final norm of residuum: 1.68253e+09
counted_mult_calls: 102

Needed Iterations: 100
Final residuum: 1.68253e+09
note: performance calculation: coefficients are reused
note: performance calculation: iterations for calculation : 103.5
note: performance calculation: additional iteration for residual recalculation : 2
warning: cannot calculate GFLOPS for operation type

Current Duration:: 293.455
Current GFlop/s: 0

Finished Training!

Training took: 293.455 seconds

total_duration: 295.801
