datasetFileName: ../datasets/friedman/weakscaling_regression/friedman1_10d_200000.arff
OpenCLConfigFile: results_diss/friedman1_w8100_weakscaling_parameters_mult_host_pcsgs07_tuner_line_search_t_double_10r_optimal.cfg
hostname: pcsgs07
dimensionality: 10
number of grid points: 397825
number of data points: 200000
grid points with level > 1: 1550100
num_ops: 18601.2
creating createOperationMultipleEval grid: Linear type: STREAMING==DEFAULT subType: OCLUNIFIED
starting performance test...
algorithm: mult
device: 0x12b67d30 kernel from: 0 to: 200704 -> range: 200704
device: 0x12b67d30 duration: 2.91068
info: first mult not considered
device: 0x12b67d30 kernel from: 0 to: 200704 -> range: 200704
device: 0x12b67d30 duration: 2.91046
device: 0x12b67d30 kernel from: 0 to: 200704 -> range: 200704
device: 0x12b67d30 duration: 2.91052
device: 0x12b67d30 kernel from: 0 to: 200704 -> range: 200704
device: 0x12b67d30 duration: 2.91042
device: 0x12b67d30 kernel from: 0 to: 200704 -> range: 200704
device: 0x12b67d30 duration: 2.91046
device: 0x12b67d30 kernel from: 0 to: 200704 -> range: 200704
device: 0x12b67d30 duration: 2.91063
device: 0x12b67d30 kernel from: 0 to: 200704 -> range: 200704
device: 0x12b67d30 duration: 2.91072
device: 0x12b67d30 kernel from: 0 to: 200704 -> range: 200704
device: 0x12b67d30 duration: 2.91073
device: 0x12b67d30 kernel from: 0 to: 200704 -> range: 200704
device: 0x12b67d30 duration: 2.91046
device: 0x12b67d30 kernel from: 0 to: 200704 -> range: 200704
device: 0x12b67d30 duration: 2.91048
device: 0x12b67d30 kernel from: 0 to: 200704 -> range: 200704
device: 0x12b67d30 duration: 2.91069
duration mult: 29.202, repetitions: 10
GFLOPS: 636.983
