training dataset: ../datasets/friedman/weakscaling_regression/friedman1_10d_200000.arff
instances: 200000
regular grid size: 397825
creating createOperationMultipleEval type: DEFAULT, using base operator factory
creating createOperationMultipleEval grid: ModLinear type: SUBSPACE subType: AutoTuneTMP
Starting Learning....

Doing refinement: 0
Grid Size: 397825
creating per-kernel header
compile_cmd: g++ -o ./cppjit_tmp/KernelMultTransposeSubspace_121114/KernelMultTransposeSubspace.o -c -Wall -Wextra -Wno-unused-parameter -std=c++17 -march=native -mtune=native -O3 -g -fopenmp -fPIC -fno-gnu-unique -I/home/winter/git/DissertationCode/SGpp/base/src -I/home/winter/git/DissertationCode/MatrixMultiplicationHPX/AutoTuneTMP/boost_install/include -I/home/winter/git/DissertationCode/MatrixMultiplicationHPX/AutoTuneTMP/AutoTuneTMP_install/include -I/home/winter/git/DissertationCode/MatrixMultiplicationHPX/AutoTuneTMP/Vc_install/include  -I./cppjit_tmp/KernelMultTransposeSubspace_121114/ SubspaceAutoTuneTMPKernels/MultTranspose/KernelMultTransposeSubspace.cpp  > ./cppjit_tmp/KernelMultTransposeSubspace_121114/KernelMultTransposeSubspace_compile.log 2>&1
compile log:
compile duration: 1.81794
link_cmd: g++ -shared -fno-gnu-unique -fopenmp -o ./cppjit_tmp/KernelMultTransposeSubspace_121114/libKernelMultTransposeSubspace.so ./cppjit_tmp/KernelMultTransposeSubspace_121114/KernelMultTransposeSubspace.o   > ./cppjit_tmp/KernelMultTransposeSubspace_121114/KernelMultTransposeSubspace_link.log 2>&1
link log:
link duration: 0.0941601
Starting Conjugated Gradients
All temp variables used in CG have been initialized
creating per-kernel header
compile_cmd: g++ -o ./cppjit_tmp/KernelMultSubspace_57435/KernelMultSubspace.o -c -Wall -Wextra -Wno-unused-parameter -std=c++17 -march=native -mtune=native -O3 -g -fopenmp -fPIC -fno-gnu-unique -I/home/winter/git/DissertationCode/SGpp/base/src -I/home/winter/git/DissertationCode/MatrixMultiplicationHPX/AutoTuneTMP/boost_install/include -I/home/winter/git/DissertationCode/MatrixMultiplicationHPX/AutoTuneTMP/AutoTuneTMP_install/include -I/home/winter/git/DissertationCode/MatrixMultiplicationHPX/AutoTuneTMP/Vc_install/include  -I./cppjit_tmp/KernelMultSubspace_57435/ SubspaceAutoTuneTMPKernels/Mult/KernelMultSubspace.cpp  > ./cppjit_tmp/KernelMultSubspace_57435/KernelMultSubspace_compile.log 2>&1
compile log:
compile duration: 1.68498
link_cmd: g++ -shared -fno-gnu-unique -fopenmp -o ./cppjit_tmp/KernelMultSubspace_57435/libKernelMultSubspace.so ./cppjit_tmp/KernelMultSubspace_57435/KernelMultSubspace.o   > ./cppjit_tmp/KernelMultSubspace_57435/KernelMultSubspace_link.log 2>&1
link log:
link duration: 0.0980167
Starting norm of residuum: -nan
Target norm:               0
.delta: 6.48417e+13
.delta: 5.03406e+13
.delta: 2.15341e+12
.delta: 2.93576e+12
.delta: 2.20097e+12
.delta: 7.77042e+11
.delta: 1.30202e+12
.delta: 1.16094e+12
.delta: 3.47423e+11
.delta: 8.23794e+11
.delta: 2.3831e+11
.delta: 9.96893e+10
.delta: 4.18964e+11
.delta: 8.1533e+10
.delta: 2.96276e+11
.delta: 8.0268e+10
.delta: 9.73632e+10
.delta: 6.15884e+10
.delta: 7.93578e+10
.delta: 5.6194e+10
.delta: 4.0039e+10
.delta: 7.05875e+10
.delta: 5.08605e+10
.delta: 5.67623e+10
.delta: 1.1417e+10
.delta: 3.14393e+10
.delta: 6.69041e+10
.delta: 1.60153e+10
.delta: 7.08635e+10
.delta: 2.99055e+10
.delta: 2.72906e+10
.delta: 3.55511e+10
.delta: 2.20467e+10
.delta: 1.00465e+10
.delta: 1.23195e+10
.delta: 1.6878e+10
.delta: 9.50454e+09
.delta: 1.99085e+10
.delta: 6.20495e+09
.delta: 1.05063e+10
.delta: 4.75754e+10
.delta: 7.82487e+09
.delta: 8.17728e+09
.delta: 4.3549e+09
.delta: 2.72966e+10
.delta: 5.46115e+09
.delta: 6.92002e+09
.delta: 1.02732e+10
.delta: 4.38994e+09
.delta: 7.97549e+09
.delta: 3.07096e+09
.delta: 8.9664e+09
.delta: 5.23514e+09
.delta: 1.46869e+10
.delta: 5.70019e+09
.delta: 3.67538e+09
.delta: 5.80764e+09
.delta: 7.61161e+09
.delta: 4.24557e+09
.delta: 9.80974e+09
.delta: 3.66284e+09
.delta: 3.35394e+09
.delta: 1.1707e+10
.delta: 5.55513e+09
.delta: 3.74179e+09
.delta: 4.94335e+09
.delta: 5.51415e+09
.delta: 1.27002e+10
.delta: 5.20107e+09
.delta: 2.14474e+09
.delta: 1.29456e+10
.delta: 2.6774e+09
.delta: 4.1191e+09
.delta: 4.63401e+09
.delta: 7.38455e+09
.delta: 4.21692e+09
.delta: 1.58567e+09
.delta: 8.31963e+09
.delta: 5.505e+09
.delta: 2.75545e+09
.delta: 3.67516e+09
.delta: 3.84039e+09
.delta: 4.56384e+09
.delta: 1.47149e+09
.delta: 2.63432e+09
.delta: 2.18535e+09
.delta: 4.23131e+09
.delta: 4.30802e+09
.delta: 1.80619e+09
.delta: 4.26127e+09
.delta: 3.43053e+09
.delta: 2.54033e+09
.delta: 1.42118e+09
.delta: 1.55544e+10
.delta: 3.6056e+09
.delta: 1.5135e+09
.delta: 5.53189e+09
.delta: 2.22584e+09
.delta: 2.87173e+09
.delta: 1.51938e+09

Number of iterations: 100 (max. 100)
Final norm of residuum: 1.51938e+09
counted_mult_calls: 102

Needed Iterations: 100
Final residuum: 1.51938e+09
note: performance calculation: coefficients are reused
note: performance calculation: iterations for calculation : 103.5
note: performance calculation: additional iteration for residual recalculation : 2
warning: cannot calculate GFLOPS for operation type

Current Duration:: 354.289
Current GFlop/s: 0

Finished Training!

Training took: 354.289 seconds

total_duration: 356.69
