training dataset: ../datasets/friedman/weakscaling_regression/friedman1_10d_200000.arff
instances: 200000
regular grid size: 397825
creating createOperationMultipleEval type: DEFAULT, using base operator factory
creating createOperationMultipleEval grid: ModLinear type: STREAMING subType: DEFAULT
Starting Learning....

Doing refinement: 0
Grid Size: 397825
Starting Conjugated Gradients
All temp variables used in CG have been initialized
Starting norm of residuum: -nan
Target norm:               0
.delta: 6.48417e+13
.delta: 5.03406e+13
.delta: 2.15341e+12
.delta: 2.93576e+12
.delta: 2.20097e+12
.delta: 7.77042e+11
.delta: 1.30202e+12
.delta: 1.16094e+12
.delta: 3.47423e+11
.delta: 8.23794e+11
.delta: 2.3831e+11
.delta: 9.96893e+10
.delta: 4.18944e+11
.delta: 8.13584e+10
.delta: 2.93838e+11
.delta: 8.06178e+10
.delta: 9.73663e+10
.delta: 6.15885e+10
.delta: 7.93578e+10
.delta: 5.6194e+10
.delta: 4.0039e+10
.delta: 7.05875e+10
.delta: 5.08605e+10
.delta: 5.67623e+10
.delta: 1.1417e+10
.delta: 3.14393e+10
.delta: 6.6902e+10
.delta: 1.59575e+10
.delta: 5.07158e+10
.delta: 3.61484e+10
.delta: 2.7331e+10
.delta: 3.55555e+10
.delta: 2.20467e+10
.delta: 1.00465e+10
.delta: 1.23195e+10
.delta: 1.6878e+10
.delta: 9.50454e+09
.delta: 1.99085e+10
.delta: 6.20439e+09
.delta: 1.00211e+10
.delta: 7.62468e+09
.delta: 5.51361e+10
.delta: 8.51722e+09
.delta: 4.22631e+09
.delta: 8.57811e+09
.delta: 9.74767e+09
.delta: 6.72229e+09
.delta: 5.07442e+09
.delta: 8.47689e+09
.delta: 8.01662e+09
.delta: 2.9938e+09
.delta: 7.40166e+09
.delta: 6.07809e+09
.delta: 4.48328e+09
.delta: 5.48578e+09
.delta: 5.01944e+09
.delta: 1.24902e+10
.delta: 7.75161e+09
.delta: 3.99112e+09
.delta: 1.09843e+10
.delta: 3.72426e+09
.delta: 3.37719e+09
.delta: 1.27405e+10
.delta: 5.30349e+09
.delta: 3.7755e+09
.delta: 1.15038e+10
.delta: 3.33474e+09
.delta: 4.25912e+09
.delta: 2.53293e+09
.delta: 7.17957e+09
.delta: 2.14368e+10
.delta: 2.68965e+09
.delta: 4.22695e+09
.delta: 9.22454e+09
.delta: 4.07786e+09
.delta: 4.14052e+09
.delta: 1.69862e+09
.delta: 6.60033e+09
.delta: 5.21718e+09
.delta: 2.74864e+09
.delta: 2.04759e+09
.delta: 4.09778e+09
.delta: 1.61594e+09
.delta: 1.0852e+10
.delta: 2.72297e+09
.delta: 2.18133e+09
.delta: 3.33865e+09
.delta: 1.54732e+09
.delta: 5.45898e+09
.delta: 3.73302e+09
.delta: 2.23371e+09
.delta: 5.58e+09
.delta: 1.54055e+09
.delta: 3.76416e+09
.delta: 1.45585e+09
.delta: 4.61312e+09
.delta: 3.38337e+09
.delta: 2.98793e+09
.delta: 5.80114e+09
.delta: 1.57683e+09

Number of iterations: 100 (max. 100)
Final norm of residuum: 1.57683e+09
counted_mult_calls: 102

Needed Iterations: 100
Final residuum: 1.57683e+09
note: performance calculation: coefficients are reused
note: performance calculation: iterations for calculation : 103.5
note: performance calculation: additional iteration for residual recalculation : 2
warning: cannot calculate GFLOPS for operation subtype

Current Duration:: 1637.19
Current GFlop/s: 0

Finished Training!

Training took: 1637.19 seconds

total_duration: 1639.38
