training dataset: ../datasets/friedman/weakscaling_regression/friedman1_10d_200000.arff
instances: 200000
regular grid size: 397825
creating createOperationMultipleEval type: DEFAULT, using base operator factory
creating createOperationMultipleEval grid: Linear type: SUBSPACE subType: AutoTuneTMP
Starting Learning....

Doing refinement: 0
Grid Size: 397825
creating per-kernel header
compile_cmd: g++ -o ./cppjit_tmp/KernelMultTransposeSubspace_225670/KernelMultTransposeSubspace.o -c -Wall -Wextra -Wno-unused-parameter -std=c++17 -march=native -mtune=native -O3 -g -fopenmp -fPIC -fno-gnu-unique -I/data/argon-fs/sgs/pfandedd/DissertationCodeTesla1/SGpp/base/src -I/data/argon-fs/sgs/pfandedd/DissertationCodeTesla1/MatrixMultiplicationHPX/AutoTuneTMP/boost_install/include -I/data/argon-fs/sgs/pfandedd/DissertationCodeTesla1/MatrixMultiplicationHPX/AutoTuneTMP/AutoTuneTMP_install/include -I/data/argon-fs/sgs/pfandedd/DissertationCodeTesla1/MatrixMultiplicationHPX/AutoTuneTMP/Vc_install/include  -I./cppjit_tmp/KernelMultTransposeSubspace_225670/ SubspaceAutoTuneTMPKernels/MultTranspose/KernelMultTransposeSubspace.cpp  > ./cppjit_tmp/KernelMultTransposeSubspace_225670/KernelMultTransposeSubspace_compile.log 2>&1
compile log:
compile duration: 2.15752
link_cmd: g++ -shared -fno-gnu-unique -fopenmp -o ./cppjit_tmp/KernelMultTransposeSubspace_225670/libKernelMultTransposeSubspace.so ./cppjit_tmp/KernelMultTransposeSubspace_225670/KernelMultTransposeSubspace.o   > ./cppjit_tmp/KernelMultTransposeSubspace_225670/KernelMultTransposeSubspace_link.log 2>&1
link log:
link duration: 0.158052
Starting Conjugated Gradients
All temp variables used in CG have been initialized
creating per-kernel header
compile_cmd: g++ -o ./cppjit_tmp/KernelMultSubspace_640403/KernelMultSubspace.o -c -Wall -Wextra -Wno-unused-parameter -std=c++17 -march=native -mtune=native -O3 -g -fopenmp -fPIC -fno-gnu-unique -I/data/argon-fs/sgs/pfandedd/DissertationCodeTesla1/SGpp/base/src -I/data/argon-fs/sgs/pfandedd/DissertationCodeTesla1/MatrixMultiplicationHPX/AutoTuneTMP/boost_install/include -I/data/argon-fs/sgs/pfandedd/DissertationCodeTesla1/MatrixMultiplicationHPX/AutoTuneTMP/AutoTuneTMP_install/include -I/data/argon-fs/sgs/pfandedd/DissertationCodeTesla1/MatrixMultiplicationHPX/AutoTuneTMP/Vc_install/include  -I./cppjit_tmp/KernelMultSubspace_640403/ SubspaceAutoTuneTMPKernels/Mult/KernelMultSubspace.cpp  > ./cppjit_tmp/KernelMultSubspace_640403/KernelMultSubspace_compile.log 2>&1
compile log:
compile duration: 1.55944
link_cmd: g++ -shared -fno-gnu-unique -fopenmp -o ./cppjit_tmp/KernelMultSubspace_640403/libKernelMultSubspace.so ./cppjit_tmp/KernelMultSubspace_640403/KernelMultSubspace.o   > ./cppjit_tmp/KernelMultSubspace_640403/KernelMultSubspace_link.log 2>&1
link log:
link duration: 0.132232
Starting norm of residuum: -nan
Target norm:               0
.delta: 2.73003e+08
.delta: 6.06727e+07
.delta: 4.5632e+07
.delta: 9.89261e+06
.delta: 1.15899e+07
.delta: 3.8827e+06
.delta: 1.8354e+06
.delta: 1.90123e+06
.delta: 602636
.delta: 302611
.delta: 352215
.delta: 70536.2
.delta: 51703
.delta: 43652.3
.delta: 34443.6
.delta: 14842.4
.delta: 5794.45
.delta: 4347.99
.delta: 1772.5
.delta: 597.235
.delta: 591.282
.delta: 268.64
.delta: 98.6371
.delta: 74.9522
.delta: 42.2038
.delta: 12.5187
.delta: 14.2876
.delta: 4.42285
.delta: 2.32914
.delta: 6.64839
.delta: 1.04051
.delta: 0.814477
.delta: 0.286373
.delta: 0.0805445
.delta: 0.0500388
.delta: 0.0175685
.delta: 0.00858939
.delta: 0.00244518
.delta: 0.00121818
.delta: 0.000564272
.delta: 0.000233238
.delta: 0.000392423
.delta: 0.00010952
.delta: 2.79428e-05
.delta: 1.50326e-05
.delta: 5.9895e-06
.delta: 4.24088e-06
.delta: 3.41138e-06
.delta: 7.68403e-07
.delta: 2.82987e-07
.delta: 2.76045e-07
.delta: 1.30175e-07
.delta: 3.30551e-08
.delta: 2.42814e-08
.delta: 5.45947e-08
.delta: 8.68429e-09
.delta: 9.08135e-09
.delta: 2.18894e-09
.delta: 9.89351e-10
.delta: 1.26156e-09
.delta: 2.35736e-10
.delta: 1.66732e-10
.delta: 1.04173e-10
.delta: 4.01738e-11
.delta: 1.86447e-11
.delta: 1.65676e-11
.delta: 7.61098e-12
.delta: 2.10148e-11
.delta: 1.60274e-12
.delta: 2.56559e-12
.delta: 5.7585e-13
.delta: 2.33067e-13
.delta: 3.28377e-13
.delta: 5.1739e-14
.delta: 3.94406e-14
.delta: 2.45e-14
.delta: 7.50228e-15
.delta: 3.26263e-15
.delta: 3.42996e-15
.delta: 2.05042e-15
.delta: 9.33851e-16
.delta: 3.16688e-16
.delta: 8.92357e-17
.delta: 5.69207e-17
.delta: 4.52105e-17
.delta: 1.3916e-17
.delta: 3.81466e-18
.delta: 2.28163e-18
.delta: 1.76159e-18
.delta: 5.92256e-19
.delta: 4.64038e-19
.delta: 3.01021e-19
.delta: 1.29857e-19
.delta: 3.43028e-20
.delta: 1.57912e-20
.delta: 6.69682e-21
.delta: 9.00234e-21
.delta: 1.80242e-21
.delta: 1.1035e-21
.delta: 4.79454e-22

Number of iterations: 100 (max. 100)
Final norm of residuum: 4.79454e-22
counted_mult_calls: 102

Needed Iterations: 100
Final residuum: 4.79454e-22
note: performance calculation: coefficients are reused
note: performance calculation: iterations for calculation : 103.5
note: performance calculation: additional iteration for residual recalculation : 2
warning: cannot calculate GFLOPS for operation type

Current Duration:: 238.859
Current GFlop/s: 0

Finished Training!

Training took: 238.859 seconds

total_duration: 241.198
