training dataset: ../datasets/friedman/weakscaling_regression/friedman1_10d_200000.arff
instances: 200000
regular grid size: 397825
creating createOperationMultipleEval type: DEFAULT, using base operator factory
creating createOperationMultipleEval grid: Linear type: SUBSPACE subType: AutoTuneTMP
Starting Learning....

Doing refinement: 0
Grid Size: 397825
creating per-kernel header
compile_cmd: g++ -o ./cppjit_tmp/KernelMultTransposeSubspace_795801/KernelMultTransposeSubspace.o -c -Wall -Wextra -Wno-unused-parameter -std=c++17 -march=native -mtune=native -O3 -g -fopenmp -fPIC -fno-gnu-unique -I/data/argon-fs/sgs/pfandedd/DissertationCodeGTX/SGpp/base/src -I/data/argon-fs/sgs/pfandedd/DissertationCodeGTX/MatrixMultiplicationHPX/AutoTuneTMP/boost_install/include -I/data/argon-fs/sgs/pfandedd/DissertationCodeGTX/MatrixMultiplicationHPX/AutoTuneTMP/AutoTuneTMP_install/include -I/data/argon-fs/sgs/pfandedd/DissertationCodeGTX/MatrixMultiplicationHPX/AutoTuneTMP/Vc_install/include  -I./cppjit_tmp/KernelMultTransposeSubspace_795801/ SubspaceAutoTuneTMPKernels/MultTranspose/KernelMultTransposeSubspace.cpp  > ./cppjit_tmp/KernelMultTransposeSubspace_795801/KernelMultTransposeSubspace_compile.log 2>&1
compile log:
compile duration: 1.84436
link_cmd: g++ -shared -fno-gnu-unique -fopenmp -o ./cppjit_tmp/KernelMultTransposeSubspace_795801/libKernelMultTransposeSubspace.so ./cppjit_tmp/KernelMultTransposeSubspace_795801/KernelMultTransposeSubspace.o   > ./cppjit_tmp/KernelMultTransposeSubspace_795801/KernelMultTransposeSubspace_link.log 2>&1
link log:
link duration: 0.135646
Starting Conjugated Gradients
All temp variables used in CG have been initialized
creating per-kernel header
compile_cmd: g++ -o ./cppjit_tmp/KernelMultSubspace_76473/KernelMultSubspace.o -c -Wall -Wextra -Wno-unused-parameter -std=c++17 -march=native -mtune=native -O3 -g -fopenmp -fPIC -fno-gnu-unique -I/data/argon-fs/sgs/pfandedd/DissertationCodeGTX/SGpp/base/src -I/data/argon-fs/sgs/pfandedd/DissertationCodeGTX/MatrixMultiplicationHPX/AutoTuneTMP/boost_install/include -I/data/argon-fs/sgs/pfandedd/DissertationCodeGTX/MatrixMultiplicationHPX/AutoTuneTMP/AutoTuneTMP_install/include -I/data/argon-fs/sgs/pfandedd/DissertationCodeGTX/MatrixMultiplicationHPX/AutoTuneTMP/Vc_install/include  -I./cppjit_tmp/KernelMultSubspace_76473/ SubspaceAutoTuneTMPKernels/Mult/KernelMultSubspace.cpp  > ./cppjit_tmp/KernelMultSubspace_76473/KernelMultSubspace_compile.log 2>&1
compile log:
compile duration: 1.40482
link_cmd: g++ -shared -fno-gnu-unique -fopenmp -o ./cppjit_tmp/KernelMultSubspace_76473/libKernelMultSubspace.so ./cppjit_tmp/KernelMultSubspace_76473/KernelMultSubspace.o   > ./cppjit_tmp/KernelMultSubspace_76473/KernelMultSubspace_link.log 2>&1
link log:
link duration: 0.12349
Starting norm of residuum: -nan
Target norm:               0
.delta: 2.73003e+08
.delta: 6.06727e+07
.delta: 4.5632e+07
.delta: 9.89261e+06
.delta: 1.15899e+07
.delta: 3.8827e+06
.delta: 1.8354e+06
.delta: 1.90123e+06
.delta: 602636
.delta: 302611
.delta: 352215
.delta: 70536.2
.delta: 51703.1
.delta: 43655.3
.delta: 34473.5
.delta: 14836.6
.delta: 5794.43
.delta: 4347.99
.delta: 1772.5
.delta: 597.235
.delta: 591.282
.delta: 268.64
.delta: 98.6371
.delta: 74.9522
.delta: 42.2038
.delta: 12.5187
.delta: 14.2875
.delta: 4.42171
.delta: 2.23341
.delta: 5.96437
.delta: 1.07845
.delta: 0.815706
.delta: 0.286377
.delta: 0.0805445
.delta: 0.0500388
.delta: 0.0175685
.delta: 0.00858939
.delta: 0.00244518
.delta: 0.00121818
.delta: 0.000564257
.delta: 0.000230962
.delta: 0.000165746
.delta: 0.000177203
.delta: 2.79737e-05
.delta: 1.50261e-05
.delta: 5.91597e-06
.delta: 3.16843e-06
.delta: 1.49523e-06
.delta: 1.15512e-06
.delta: 2.68552e-07
.delta: 1.37505e-07
.delta: 1.32135e-07
.delta: 3.73568e-08
.delta: 2.18457e-08
.delta: 2.43616e-08
.delta: 9.56319e-09
.delta: 8.95724e-09
.delta: 2.2943e-09
.delta: 1.21436e-09
.delta: 1.23385e-09
.delta: 2.30191e-10
.delta: 2.2463e-10
.delta: 9.36072e-11
.delta: 4.00941e-11
.delta: 2.31277e-11
.delta: 1.6838e-11
.delta: 6.52585e-12
.delta: 2.61822e-12
.delta: 3.7843e-12
.delta: 2.74473e-12
.delta: 5.72039e-13
.delta: 2.50094e-13
.delta: 3.2768e-13
.delta: 5.08193e-14
.delta: 3.03971e-14
.delta: 2.79933e-14
.delta: 7.72912e-15
.delta: 3.75664e-15
.delta: 3.03542e-15
.delta: 7.22013e-16
.delta: 5.41552e-16
.delta: 6.63366e-16
.delta: 8.90323e-17
.delta: 4.18154e-17
.delta: 4.80081e-17
.delta: 1.49625e-17
.delta: 3.87666e-18
.delta: 2.0744e-18
.delta: 9.31714e-19
.delta: 7.82448e-19
.delta: 4.14539e-19
.delta: 1.20395e-19
.delta: 1.7279e-19
.delta: 3.96102e-20
.delta: 1.73193e-20
.delta: 1.69222e-20
.delta: 5.45552e-21
.delta: 1.46514e-21
.delta: 1.53625e-21
.delta: 1.06956e-21

Number of iterations: 100 (max. 100)
Final norm of residuum: 1.06956e-21
counted_mult_calls: 102

Needed Iterations: 100
Final residuum: 1.06956e-21
note: performance calculation: coefficients are reused
note: performance calculation: iterations for calculation : 103.5
note: performance calculation: additional iteration for residual recalculation : 2
warning: cannot calculate GFLOPS for operation type

Current Duration:: 203.792
Current GFlop/s: 0

Finished Training!

Training took: 203.792 seconds

total_duration: 205.931
