datasetFileName: ../datasets/friedman/weakscaling_regression/friedman1_10d_200000.arff
OpenCLConfigFile: results_diss/friedman1_Vega7_weakscaling_parameters_multTrans_host_argon-epyc_tuner_line_search_t_float_10r_optimal.cfg
hostname: argon-epyc
dimensionality: 10
number of grid points: 397825
number of data points: 200000
num_ops: 47739
creating createOperationMultipleEval grid: Linear type: STREAMING==DEFAULT subType: OCLUNIFIED
pci id for fd 4: 1002:66af, driver (null)
pci id for fd 4: 1002:66af, driver (null)
starting performance test...
algorithm: multTrans
device: gfx906 (0x12da05e0)  kernel from: 0 to: 398080 -> range: 398080 (with blocking: 99520)
device: 0x12da05e0 duration: 0.488917
info: first multTranspose not considered
device: gfx906 (0x12da05e0)  kernel from: 0 to: 398080 -> range: 398080 (with blocking: 99520)
device: 0x12da05e0 duration: 0.489204
device: gfx906 (0x12da05e0)  kernel from: 0 to: 398080 -> range: 398080 (with blocking: 99520)
device: 0x12da05e0 duration: 0.488641
device: gfx906 (0x12da05e0)  kernel from: 0 to: 398080 -> range: 398080 (with blocking: 99520)
device: 0x12da05e0 duration: 0.488561
device: gfx906 (0x12da05e0)  kernel from: 0 to: 398080 -> range: 398080 (with blocking: 99520)
device: 0x12da05e0 duration: 0.488549
device: gfx906 (0x12da05e0)  kernel from: 0 to: 398080 -> range: 398080 (with blocking: 99520)
device: 0x12da05e0 duration: 0.488595
device: gfx906 (0x12da05e0)  kernel from: 0 to: 398080 -> range: 398080 (with blocking: 99520)
device: 0x12da05e0 duration: 0.488535
device: gfx906 (0x12da05e0)  kernel from: 0 to: 398080 -> range: 398080 (with blocking: 99520)
device: 0x12da05e0 duration: 0.488738
device: gfx906 (0x12da05e0)  kernel from: 0 to: 398080 -> range: 398080 (with blocking: 99520)
device: 0x12da05e0 duration: 0.488605
device: gfx906 (0x12da05e0)  kernel from: 0 to: 398080 -> range: 398080 (with blocking: 99520)
device: 0x12da05e0 duration: 0.488689
device: gfx906 (0x12da05e0)  kernel from: 0 to: 398080 -> range: 398080 (with blocking: 99520)
device: 0x12da05e0 duration: 0.48877
duration multTranspose: 4.94358, repetitions: 10
GFLOPS: 9656.78
