training dataset: ../datasets/friedman/weakscaling_regression/friedman1_10d_200000.arff
instances: 200000
regular grid size: 397825
creating createOperationMultipleEval type: DEFAULT, using base operator factory
creating createOperationMultipleEval grid: ModLinear type: SUBSPACE subType: AutoTuneTMP
Starting Learning....

Doing refinement: 0
Grid Size: 397825
creating per-kernel header
compile_cmd: g++ -o ./cppjit_tmp/KernelMultTransposeSubspace_447779/KernelMultTransposeSubspace.o -c -Wall -Wextra -Wno-unused-parameter -std=c++17 -march=native -mtune=native -O3 -g -fopenmp -fPIC -fno-gnu-unique -I/data/argon-fs/sgs/pfandedd/DissertationCodeEpyc/SGpp/base/src -I/data/argon-fs/sgs/pfandedd/DissertationCodeEpyc/MatrixMultiplicationHPX/AutoTuneTMP/boost_install/include -I/data/argon-fs/sgs/pfandedd/DissertationCodeEpyc/MatrixMultiplicationHPX/AutoTuneTMP/AutoTuneTMP_install/include -I/data/argon-fs/sgs/pfandedd/DissertationCodeEpyc/MatrixMultiplicationHPX/AutoTuneTMP/Vc_install/include  -I./cppjit_tmp/KernelMultTransposeSubspace_447779/ SubspaceAutoTuneTMPKernels/MultTranspose/KernelMultTransposeSubspace.cpp  > ./cppjit_tmp/KernelMultTransposeSubspace_447779/KernelMultTransposeSubspace_compile.log 2>&1
compile log:
compile duration: 2.06659
link_cmd: g++ -shared -fno-gnu-unique -fopenmp -o ./cppjit_tmp/KernelMultTransposeSubspace_447779/libKernelMultTransposeSubspace.so ./cppjit_tmp/KernelMultTransposeSubspace_447779/KernelMultTransposeSubspace.o   > ./cppjit_tmp/KernelMultTransposeSubspace_447779/KernelMultTransposeSubspace_link.log 2>&1
link log:
link duration: 0.283795
Starting Conjugated Gradients
All temp variables used in CG have been initialized
creating per-kernel header
compile_cmd: g++ -o ./cppjit_tmp/KernelMultSubspace_257512/KernelMultSubspace.o -c -Wall -Wextra -Wno-unused-parameter -std=c++17 -march=native -mtune=native -O3 -g -fopenmp -fPIC -fno-gnu-unique -I/data/argon-fs/sgs/pfandedd/DissertationCodeEpyc/SGpp/base/src -I/data/argon-fs/sgs/pfandedd/DissertationCodeEpyc/MatrixMultiplicationHPX/AutoTuneTMP/boost_install/include -I/data/argon-fs/sgs/pfandedd/DissertationCodeEpyc/MatrixMultiplicationHPX/AutoTuneTMP/AutoTuneTMP_install/include -I/data/argon-fs/sgs/pfandedd/DissertationCodeEpyc/MatrixMultiplicationHPX/AutoTuneTMP/Vc_install/include  -I./cppjit_tmp/KernelMultSubspace_257512/ SubspaceAutoTuneTMPKernels/Mult/KernelMultSubspace.cpp  > ./cppjit_tmp/KernelMultSubspace_257512/KernelMultSubspace_compile.log 2>&1
compile log:
compile duration: 1.53018
link_cmd: g++ -shared -fno-gnu-unique -fopenmp -o ./cppjit_tmp/KernelMultSubspace_257512/libKernelMultSubspace.so ./cppjit_tmp/KernelMultSubspace_257512/KernelMultSubspace.o   > ./cppjit_tmp/KernelMultSubspace_257512/KernelMultSubspace_link.log 2>&1
link log:
link duration: 0.107182
Starting norm of residuum: -nan
Target norm:               0
.delta: 6.48417e+13
.delta: 5.03406e+13
.delta: 2.15341e+12
.delta: 2.93576e+12
.delta: 2.20097e+12
.delta: 7.77042e+11
.delta: 1.30202e+12
.delta: 1.16094e+12
.delta: 3.47423e+11
.delta: 8.23794e+11
.delta: 2.3831e+11
.delta: 9.96893e+10
.delta: 4.18971e+11
.delta: 8.15905e+10
.delta: 2.96992e+11
.delta: 8.01605e+10
.delta: 9.73622e+10
.delta: 6.15884e+10
.delta: 7.93578e+10
.delta: 5.6194e+10
.delta: 4.0039e+10
.delta: 7.05875e+10
.delta: 5.08605e+10
.delta: 5.67623e+10
.delta: 1.1417e+10
.delta: 3.14393e+10
.delta: 6.69012e+10
.delta: 1.59381e+10
.delta: 4.20266e+10
.delta: 4.24195e+10
.delta: 2.73755e+10
.delta: 3.55603e+10
.delta: 2.20467e+10
.delta: 1.00465e+10
.delta: 1.23195e+10
.delta: 1.6878e+10
.delta: 9.50454e+09
.delta: 1.99085e+10
.delta: 6.20444e+09
.delta: 1.00661e+10
.delta: 1.92714e+10
.delta: 1.07731e+10
.delta: 8.17636e+09
.delta: 4.28939e+09
.delta: 2.41954e+10
.delta: 5.71039e+09
.delta: 6.78443e+09
.delta: 9.55925e+09
.delta: 4.60037e+09
.delta: 7.9718e+09
.delta: 2.98515e+09
.delta: 7.12759e+09
.delta: 6.33067e+09
.delta: 5.49453e+09
.delta: 1.76845e+10
.delta: 4.90214e+09
.delta: 4.25198e+09
.delta: 7.3635e+09
.delta: 4.73342e+09
.delta: 8.10363e+09
.delta: 3.62843e+09
.delta: 3.50392e+09
.delta: 1.39396e+10
.delta: 4.87387e+09
.delta: 3.73683e+09
.delta: 8.77424e+09
.delta: 3.68144e+09
.delta: 4.48851e+09
.delta: 1.48529e+10
.delta: 2.29119e+09
.delta: 1.37904e+10
.delta: 2.5795e+09
.delta: 4.14764e+09
.delta: 6.79472e+09
.delta: 4.92448e+09
.delta: 4.15382e+09
.delta: 1.63178e+09
.delta: 7.60504e+09
.delta: 5.32751e+09
.delta: 2.75054e+09
.delta: 2.08508e+09
.delta: 1.1354e+10
.delta: 5.44075e+09
.delta: 1.47169e+09
.delta: 2.63424e+09
.delta: 2.18319e+09
.delta: 3.80186e+09
.delta: 4.28675e+09
.delta: 1.90387e+09
.delta: 4.18012e+09
.delta: 3.47167e+09
.delta: 2.54665e+09
.delta: 1.36886e+09
.delta: 7.0068e+09
.delta: 5.74951e+09
.delta: 1.50394e+09
.delta: 2.57339e+09
.delta: 3.92896e+09
.delta: 3.04013e+09
.delta: 1.63294e+09

Number of iterations: 100 (max. 100)
Final norm of residuum: 1.63294e+09
counted_mult_calls: 102

Needed Iterations: 100
Final residuum: 1.63294e+09
note: performance calculation: coefficients are reused
note: performance calculation: iterations for calculation : 103.5
note: performance calculation: additional iteration for residual recalculation : 2
warning: cannot calculate GFLOPS for operation type

Current Duration:: 210.827
Current GFlop/s: 0

Finished Training!

Training took: 210.827 seconds

total_duration: 212.936
