training dataset: ../datasets/friedman/weakscaling_regression/friedman1_10d_200000.arff
instances: 200000
regular grid size: 397825
creating createOperationMultipleEval type: DEFAULT, using base operator factory
creating createOperationMultipleEval type: DEFAULT, using base operator factory
Starting Learning....

Doing refinement: 0
Grid Size: 397825
Starting Conjugated Gradients
All temp variables used in CG have been initialized
Starting norm of residuum: -nan
Target norm:               0
.delta: 6.48417e+13
.delta: 5.03406e+13
.delta: 2.15341e+12
.delta: 2.93576e+12
.delta: 2.20097e+12
.delta: 7.77042e+11
.delta: 1.30202e+12
.delta: 1.16094e+12
.delta: 3.47423e+11
.delta: 8.23794e+11
.delta: 2.3831e+11
.delta: 9.96893e+10
.delta: 4.18973e+11
.delta: 8.16062e+10
.delta: 2.97181e+11
.delta: 8.01318e+10
.delta: 9.73619e+10
.delta: 6.15883e+10
.delta: 7.93578e+10
.delta: 5.6194e+10
.delta: 4.0039e+10
.delta: 7.05875e+10
.delta: 5.08605e+10
.delta: 5.67623e+10
.delta: 1.1417e+10
.delta: 3.14393e+10
.delta: 6.69046e+10
.delta: 1.60292e+10
.delta: 7.47001e+10
.delta: 2.92294e+10
.delta: 2.72865e+10
.delta: 3.55506e+10
.delta: 2.20467e+10
.delta: 1.00465e+10
.delta: 1.23195e+10
.delta: 1.6878e+10
.delta: 9.50454e+09
.delta: 1.99085e+10
.delta: 6.20444e+09
.delta: 1.00638e+10
.delta: 1.8762e+10
.delta: 1.09417e+10
.delta: 8.19203e+09
.delta: 4.46385e+09
.delta: 2.62285e+10
.delta: 5.32971e+09
.delta: 6.57845e+09
.delta: 7.73533e+09
.delta: 5.31209e+09
.delta: 7.9817e+09
.delta: 3.02715e+09
.delta: 8.32596e+09
.delta: 5.49265e+09
.delta: 4.52336e+09
.delta: 3.37471e+10
.delta: 3.04778e+09
.delta: 7.68303e+09
.delta: 9.3723e+09
.delta: 3.60787e+09
.delta: 7.80668e+09
.delta: 4.79447e+09
.delta: 3.3545e+09
.delta: 7.16422e+09
.delta: 7.61886e+09
.delta: 3.88026e+09
.delta: 4.56372e+09
.delta: 5.81902e+09
.delta: 4.37874e+09
.delta: 2.53406e+09
.delta: 9.45398e+09
.delta: 1.44154e+10
.delta: 2.61538e+09
.delta: 4.10795e+09
.delta: 4.07212e+09
.delta: 9.0923e+09
.delta: 4.30106e+09
.delta: 1.52137e+09
.delta: 7.46208e+09
.delta: 6.88225e+09
.delta: 2.78692e+09
.delta: 2.04773e+09
.delta: 4.09836e+09
.delta: 1.99329e+09
.delta: 5.01952e+09
.delta: 2.65232e+09
.delta: 2.2269e+09
.delta: 8.62137e+09
.delta: 3.01576e+09
.delta: 1.71022e+09
.delta: 3.43922e+09
.delta: 4.0197e+09
.delta: 2.63785e+09
.delta: 1.36749e+09
.delta: 3.77569e+09
.delta: 1.66915e+09
.delta: 5.97804e+09
.delta: 1.9322e+09
.delta: 7.54431e+09
.delta: 3.67972e+09
.delta: 1.518e+09

Number of iterations: 100 (max. 100)
Final norm of residuum: 1.518e+09
counted_mult_calls: 102

Needed Iterations: 100
Final residuum: 1.518e+09
note: performance calculation: coefficients are reused
note: performance calculation: iterations for calculation : 103.5
note: performance calculation: additional iteration for residual recalculation : 2
warning: cannot calculate GFLOPS for operation subtype

Current Duration:: 8742.66
Current GFlop/s: 0

Finished Training!

Training took: 8742.66 seconds

total_duration: 8744.62
