datasetFileName: ../datasets/friedman/weakscaling_regression/friedman1_10d_200000.arff
OpenCLConfigFile: results_diss/friedman1_gtx1080ti_weakscaling_parameters_mult_host_argon-gtx_tuner_line_search_t_float_10r_optimal.cfg
hostname: argon-gtx
dimensionality: 10
number of grid points: 397825
number of data points: 200000
grid points with level > 1: 1550100
num_ops: 18601.2
creating createOperationMultipleEval grid: Linear type: STREAMING==DEFAULT subType: OCLUNIFIED
starting performance test...
algorithm: mult
device: 0xb654f0 kernel from: 0 to: 200192 -> range: 200192
device: 0xb654f0 duration: 0.42824
info: first mult not considered
device: 0xb654f0 kernel from: 0 to: 200192 -> range: 200192
device: 0xb654f0 duration: 0.371352
device: 0xb654f0 kernel from: 0 to: 200192 -> range: 200192
device: 0xb654f0 duration: 0.36401
device: 0xb654f0 kernel from: 0 to: 200192 -> range: 200192
device: 0xb654f0 duration: 0.367499
device: 0xb654f0 kernel from: 0 to: 200192 -> range: 200192
device: 0xb654f0 duration: 0.367848
device: 0xb654f0 kernel from: 0 to: 200192 -> range: 200192
device: 0xb654f0 duration: 0.367343
device: 0xb654f0 kernel from: 0 to: 200192 -> range: 200192
device: 0xb654f0 duration: 0.367295
device: 0xb654f0 kernel from: 0 to: 200192 -> range: 200192
device: 0xb654f0 duration: 0.367099
device: 0xb654f0 kernel from: 0 to: 200192 -> range: 200192
device: 0xb654f0 duration: 0.367785
device: 0xb654f0 kernel from: 0 to: 200192 -> range: 200192
device: 0xb654f0 duration: 0.367344
device: 0xb654f0 kernel from: 0 to: 200192 -> range: 200192
device: 0xb654f0 duration: 0.36769
duration mult: 3.70653, repetitions: 10
GFLOPS: 5018.5
