training dataset: ../datasets/friedman/weakscaling_regression/friedman1_10d_200000.arff
instances: 200000
regular grid size: 397825
creating createOperationMultipleEval type: DEFAULT, using base operator factory
creating createOperationMultipleEval type: DEFAULT, using base operator factory
Starting Learning....

Doing refinement: 0
Grid Size: 397825
Starting Conjugated Gradients
All temp variables used in CG have been initialized
Starting norm of residuum: -nan
Target norm:               0
.delta: 6.48417e+13
.delta: 5.03406e+13
.delta: 2.15341e+12
.delta: 2.93576e+12
.delta: 2.20097e+12
.delta: 7.77042e+11
.delta: 1.30202e+12
.delta: 1.16094e+12
.delta: 3.47423e+11
.delta: 8.23794e+11
.delta: 2.3831e+11
.delta: 9.96894e+10
.delta: 4.18988e+11
.delta: 8.17451e+10
.delta: 2.98721e+11
.delta: 7.98885e+10
.delta: 9.73597e+10
.delta: 6.15882e+10
.delta: 7.93578e+10
.delta: 5.6194e+10
.delta: 4.0039e+10
.delta: 7.05875e+10
.delta: 5.08605e+10
.delta: 5.67623e+10
.delta: 1.1417e+10
.delta: 3.14393e+10
.delta: 6.69007e+10
.delta: 1.59243e+10
.delta: 3.50848e+10
.delta: 5.28194e+10
.delta: 2.74609e+10
.delta: 3.55697e+10
.delta: 2.20467e+10
.delta: 1.00465e+10
.delta: 1.23195e+10
.delta: 1.6878e+10
.delta: 9.50454e+09
.delta: 1.99085e+10
.delta: 6.20442e+09
.delta: 1.00483e+10
.delta: 1.5114e+10
.delta: 1.27524e+10
.delta: 8.22584e+09
.delta: 4.79367e+09
.delta: 1.96961e+10
.delta: 5.24052e+09
.delta: 6.53722e+09
.delta: 7.15881e+09
.delta: 5.65055e+09
.delta: 7.98141e+09
.delta: 2.971e+09
.delta: 6.44253e+09
.delta: 6.95744e+09
.delta: 4.59381e+09
.delta: 2.55399e+10
.delta: 5.34635e+09
.delta: 4.31639e+09
.delta: 7.35003e+09
.delta: 3.79433e+09
.delta: 1.1447e+10
.delta: 3.84939e+09
.delta: 3.35913e+09
.delta: 1.17326e+10
.delta: 5.54256e+09
.delta: 3.75981e+09
.delta: 8.44701e+09
.delta: 3.74089e+09
.delta: 4.25674e+09
.delta: 2.59206e+09
.delta: 8.2438e+09
.delta: 1.09298e+10
.delta: 2.81614e+09
.delta: 4.13685e+09
.delta: 4.7458e+09
.delta: 7.14303e+09
.delta: 4.20202e+09
.delta: 1.50478e+09
.delta: 5.23835e+09
.delta: 6.06431e+09
.delta: 3.62905e+09
.delta: 2.051e+09
.delta: 4.11726e+09
.delta: 1.17166e+10
.delta: 1.62756e+09
.delta: 2.63754e+09
.delta: 2.24773e+09
.delta: 9.37233e+09
.delta: 2.90605e+09
.delta: 1.70887e+09
.delta: 3.87091e+09
.delta: 3.68325e+09
.delta: 2.56892e+09
.delta: 1.36717e+09
.delta: 3.76007e+09
.delta: 1.46534e+09
.delta: 7.02918e+09
.delta: 4.45995e+09
.delta: 3.3631e+09
.delta: 2.94358e+09
.delta: 1.76009e+09

Number of iterations: 100 (max. 100)
Final norm of residuum: 1.76009e+09
counted_mult_calls: 102

Needed Iterations: 100
Final residuum: 1.76009e+09
note: performance calculation: coefficients are reused
note: performance calculation: iterations for calculation : 103.5
note: performance calculation: additional iteration for residual recalculation : 2
warning: cannot calculate GFLOPS for operation subtype

Current Duration:: 7694.04
Current GFlop/s: 0

Finished Training!

Training took: 7694.04 seconds

total_duration: 7696.23
