datasetFileName: ../datasets/friedman/weakscaling_regression/friedman1_10d_200000.arff
OpenCLConfigFile: results_diss/friedman1_gtx1080ti_weakscaling_parameters_multTrans_host_argon-gtx_tuner_line_search_t_float_10r_optimal.cfg
hostname: argon-gtx
dimensionality: 10
number of grid points: 397825
number of data points: 200000
num_ops: 47739
creating createOperationMultipleEval grid: Linear type: STREAMING==DEFAULT subType: OCLUNIFIED
starting performance test...
algorithm: multTrans
device: GeForce GTX 1080 Ti (0x198f970)  kernel from: 0 to: 398080 -> range: 398080 (with blocking: 398080)
device: 0x198f970 duration: 0.582532
info: first multTranspose not considered
device: GeForce GTX 1080 Ti (0x198f970)  kernel from: 0 to: 398080 -> range: 398080 (with blocking: 398080)
device: 0x198f970 duration: 0.522164
device: GeForce GTX 1080 Ti (0x198f970)  kernel from: 0 to: 398080 -> range: 398080 (with blocking: 398080)
device: 0x198f970 duration: 0.521795
device: GeForce GTX 1080 Ti (0x198f970)  kernel from: 0 to: 398080 -> range: 398080 (with blocking: 398080)
device: 0x198f970 duration: 0.521785
device: GeForce GTX 1080 Ti (0x198f970)  kernel from: 0 to: 398080 -> range: 398080 (with blocking: 398080)
device: 0x198f970 duration: 0.521749
device: GeForce GTX 1080 Ti (0x198f970)  kernel from: 0 to: 398080 -> range: 398080 (with blocking: 398080)
device: 0x198f970 duration: 0.521882
device: GeForce GTX 1080 Ti (0x198f970)  kernel from: 0 to: 398080 -> range: 398080 (with blocking: 398080)
device: 0x198f970 duration: 0.521895
device: GeForce GTX 1080 Ti (0x198f970)  kernel from: 0 to: 398080 -> range: 398080 (with blocking: 398080)
device: 0x198f970 duration: 0.522072
device: GeForce GTX 1080 Ti (0x198f970)  kernel from: 0 to: 398080 -> range: 398080 (with blocking: 398080)
device: 0x198f970 duration: 0.522043
device: GeForce GTX 1080 Ti (0x198f970)  kernel from: 0 to: 398080 -> range: 398080 (with blocking: 398080)
device: 0x198f970 duration: 0.522054
device: GeForce GTX 1080 Ti (0x198f970)  kernel from: 0 to: 398080 -> range: 398080 (with blocking: 398080)
device: 0x198f970 duration: 0.522131
duration multTranspose: 5.25659, repetitions: 10
GFLOPS: 9081.74
