training dataset: ../datasets/friedman/weakscaling_regression/friedman1_10d_200000.arff
pci id for fd 5: 1002:66af, driver (null)
pci id for fd 5: 1002:66af, driver (null)
ocl dummy initalization duration: 0.441552
instances: 200000
regular grid size: 397825
creating createOperationMultipleEval type: DEFAULT, using base operator factory
creating createOperationMultipleEval grid: Linear type: STREAMING==DEFAULT subType: OCLUNIFIED
Starting Learning....

Doing refinement: 0
Grid Size: 397825
device: gfx906 (0x7b5600)  kernel from: 0 to: 398080 -> range: 398080 (with blocking: 398080)
device: 0x7b5600 duration: 1.65813
Starting Conjugated Gradients
All temp variables used in CG have been initialized
device: 0x7b5600 kernel from: 0 to: 200192 -> range: 200192
device: 0x7b5600 duration: 1.28003
device: gfx906 (0x7b5600)  kernel from: 0 to: 398080 -> range: 398080 (with blocking: 398080)
device: 0x7b5600 duration: 1.65487
Starting norm of residuum: -nan
Target norm:               0
.device: 0x7b5600 kernel from: 0 to: 200192 -> range: 200192
device: 0x7b5600 duration: 1.28015
device: gfx906 (0x7b5600)  kernel from: 0 to: 398080 -> range: 398080 (with blocking: 398080)
device: 0x7b5600 duration: 1.65759
delta: 6.48417e+13
.device: 0x7b5600 kernel from: 0 to: 200192 -> range: 200192
device: 0x7b5600 duration: 1.28038
device: gfx906 (0x7b5600)  kernel from: 0 to: 398080 -> range: 398080 (with blocking: 398080)
device: 0x7b5600 duration: 1.65783
delta: 5.03406e+13
.device: 0x7b5600 kernel from: 0 to: 200192 -> range: 200192
device: 0x7b5600 duration: 1.28024
device: gfx906 (0x7b5600)  kernel from: 0 to: 398080 -> range: 398080 (with blocking: 398080)
device: 0x7b5600 duration: 1.65804
delta: 2.15341e+12
.device: 0x7b5600 kernel from: 0 to: 200192 -> range: 200192
device: 0x7b5600 duration: 1.28033
device: gfx906 (0x7b5600)  kernel from: 0 to: 398080 -> range: 398080 (with blocking: 398080)
device: 0x7b5600 duration: 1.65801
delta: 2.93576e+12
.device: 0x7b5600 kernel from: 0 to: 200192 -> range: 200192
device: 0x7b5600 duration: 1.28007
device: gfx906 (0x7b5600)  kernel from: 0 to: 398080 -> range: 398080 (with blocking: 398080)
device: 0x7b5600 duration: 1.6575
delta: 2.20097e+12
.device: 0x7b5600 kernel from: 0 to: 200192 -> range: 200192
device: 0x7b5600 duration: 1.28041
device: gfx906 (0x7b5600)  kernel from: 0 to: 398080 -> range: 398080 (with blocking: 398080)
device: 0x7b5600 duration: 1.65781
delta: 7.77042e+11
.device: 0x7b5600 kernel from: 0 to: 200192 -> range: 200192
device: 0x7b5600 duration: 1.28042
device: gfx906 (0x7b5600)  kernel from: 0 to: 398080 -> range: 398080 (with blocking: 398080)
device: 0x7b5600 duration: 1.65766
delta: 1.30202e+12
.device: 0x7b5600 kernel from: 0 to: 200192 -> range: 200192
device: 0x7b5600 duration: 1.28002
device: gfx906 (0x7b5600)  kernel from: 0 to: 398080 -> range: 398080 (with blocking: 398080)
device: 0x7b5600 duration: 1.65876
delta: 1.16094e+12
.device: 0x7b5600 kernel from: 0 to: 200192 -> range: 200192
device: 0x7b5600 duration: 1.28014
device: gfx906 (0x7b5600)  kernel from: 0 to: 398080 -> range: 398080 (with blocking: 398080)
device: 0x7b5600 duration: 1.65768
delta: 3.47423e+11
.device: 0x7b5600 kernel from: 0 to: 200192 -> range: 200192
device: 0x7b5600 duration: 1.28011
device: gfx906 (0x7b5600)  kernel from: 0 to: 398080 -> range: 398080 (with blocking: 398080)
device: 0x7b5600 duration: 1.65768
delta: 8.23794e+11
.device: 0x7b5600 kernel from: 0 to: 200192 -> range: 200192
device: 0x7b5600 duration: 1.28014
device: gfx906 (0x7b5600)  kernel from: 0 to: 398080 -> range: 398080 (with blocking: 398080)
device: 0x7b5600 duration: 1.65814
delta: 2.3831e+11
.device: 0x7b5600 kernel from: 0 to: 200192 -> range: 200192
device: 0x7b5600 duration: 1.27996
device: gfx906 (0x7b5600)  kernel from: 0 to: 398080 -> range: 398080 (with blocking: 398080)
device: 0x7b5600 duration: 1.6577
delta: 9.96894e+10
.device: 0x7b5600 kernel from: 0 to: 200192 -> range: 200192
device: 0x7b5600 duration: 1.28004
device: gfx906 (0x7b5600)  kernel from: 0 to: 398080 -> range: 398080 (with blocking: 398080)
device: 0x7b5600 duration: 1.65752
delta: 4.18977e+11
.device: 0x7b5600 kernel from: 0 to: 200192 -> range: 200192
device: 0x7b5600 duration: 1.27995
device: gfx906 (0x7b5600)  kernel from: 0 to: 398080 -> range: 398080 (with blocking: 398080)
device: 0x7b5600 duration: 1.65782
delta: 8.16444e+10
.device: 0x7b5600 kernel from: 0 to: 200192 -> range: 200192
device: 0x7b5600 duration: 1.28042
device: gfx906 (0x7b5600)  kernel from: 0 to: 398080 -> range: 398080 (with blocking: 398080)
device: 0x7b5600 duration: 1.65735
delta: 2.97627e+11
.device: 0x7b5600 kernel from: 0 to: 200192 -> range: 200192
device: 0x7b5600 duration: 1.28031
device: gfx906 (0x7b5600)  kernel from: 0 to: 398080 -> range: 398080 (with blocking: 398080)
device: 0x7b5600 duration: 1.65768
delta: 8.0063e+10
.device: 0x7b5600 kernel from: 0 to: 200192 -> range: 200192
device: 0x7b5600 duration: 1.28044
device: gfx906 (0x7b5600)  kernel from: 0 to: 398080 -> range: 398080 (with blocking: 398080)
device: 0x7b5600 duration: 1.65827
delta: 9.73613e+10
.device: 0x7b5600 kernel from: 0 to: 200192 -> range: 200192
device: 0x7b5600 duration: 1.28015
device: gfx906 (0x7b5600)  kernel from: 0 to: 398080 -> range: 398080 (with blocking: 398080)
device: 0x7b5600 duration: 1.6581
delta: 6.15883e+10
.device: 0x7b5600 kernel from: 0 to: 200192 -> range: 200192
device: 0x7b5600 duration: 1.28008
device: gfx906 (0x7b5600)  kernel from: 0 to: 398080 -> range: 398080 (with blocking: 398080)
device: 0x7b5600 duration: 1.65802
delta: 7.93578e+10
.device: 0x7b5600 kernel from: 0 to: 200192 -> range: 200192
device: 0x7b5600 duration: 1.28017
device: gfx906 (0x7b5600)  kernel from: 0 to: 398080 -> range: 398080 (with blocking: 398080)
device: 0x7b5600 duration: 1.65827
delta: 5.6194e+10
.device: 0x7b5600 kernel from: 0 to: 200192 -> range: 200192
device: 0x7b5600 duration: 1.28009
device: gfx906 (0x7b5600)  kernel from: 0 to: 398080 -> range: 398080 (with blocking: 398080)
device: 0x7b5600 duration: 1.65807
delta: 4.0039e+10
.device: 0x7b5600 kernel from: 0 to: 200192 -> range: 200192
device: 0x7b5600 duration: 1.28007
device: gfx906 (0x7b5600)  kernel from: 0 to: 398080 -> range: 398080 (with blocking: 398080)
device: 0x7b5600 duration: 1.65824
delta: 7.05875e+10
.device: 0x7b5600 kernel from: 0 to: 200192 -> range: 200192
device: 0x7b5600 duration: 1.28043
device: gfx906 (0x7b5600)  kernel from: 0 to: 398080 -> range: 398080 (with blocking: 398080)
device: 0x7b5600 duration: 1.65824
delta: 5.08605e+10
.device: 0x7b5600 kernel from: 0 to: 200192 -> range: 200192
device: 0x7b5600 duration: 1.28024
device: gfx906 (0x7b5600)  kernel from: 0 to: 398080 -> range: 398080 (with blocking: 398080)
device: 0x7b5600 duration: 1.65894
delta: 5.67623e+10
.device: 0x7b5600 kernel from: 0 to: 200192 -> range: 200192
device: 0x7b5600 duration: 1.2802
device: gfx906 (0x7b5600)  kernel from: 0 to: 398080 -> range: 398080 (with blocking: 398080)
device: 0x7b5600 duration: 1.65875
delta: 1.1417e+10
.device: 0x7b5600 kernel from: 0 to: 200192 -> range: 200192
device: 0x7b5600 duration: 1.27993
device: gfx906 (0x7b5600)  kernel from: 0 to: 398080 -> range: 398080 (with blocking: 398080)
device: 0x7b5600 duration: 1.65831
delta: 3.14393e+10
.device: 0x7b5600 kernel from: 0 to: 200192 -> range: 200192
device: 0x7b5600 duration: 1.28022
device: gfx906 (0x7b5600)  kernel from: 0 to: 398080 -> range: 398080 (with blocking: 398080)
device: 0x7b5600 duration: 1.65806
delta: 6.69007e+10
.device: 0x7b5600 kernel from: 0 to: 200192 -> range: 200192
device: 0x7b5600 duration: 1.28035
device: gfx906 (0x7b5600)  kernel from: 0 to: 398080 -> range: 398080 (with blocking: 398080)
device: 0x7b5600 duration: 1.65852
delta: 1.59232e+10
.device: 0x7b5600 kernel from: 0 to: 200192 -> range: 200192
device: 0x7b5600 duration: 1.28014
device: gfx906 (0x7b5600)  kernel from: 0 to: 398080 -> range: 398080 (with blocking: 398080)
device: 0x7b5600 duration: 1.65897
delta: 3.45269e+10
.device: 0x7b5600 kernel from: 0 to: 200192 -> range: 200192
device: 0x7b5600 duration: 1.27996
device: gfx906 (0x7b5600)  kernel from: 0 to: 398080 -> range: 398080 (with blocking: 398080)
device: 0x7b5600 duration: 1.65816
delta: 5.41004e+10
.device: 0x7b5600 kernel from: 0 to: 200192 -> range: 200192
device: 0x7b5600 duration: 1.28038
device: gfx906 (0x7b5600)  kernel from: 0 to: 398080 -> range: 398080 (with blocking: 398080)
device: 0x7b5600 duration: 1.65835
delta: 2.74726e+10
.device: 0x7b5600 kernel from: 0 to: 200192 -> range: 200192
device: 0x7b5600 duration: 1.28023
device: gfx906 (0x7b5600)  kernel from: 0 to: 398080 -> range: 398080 (with blocking: 398080)
device: 0x7b5600 duration: 1.65832
delta: 3.5571e+10
.device: 0x7b5600 kernel from: 0 to: 200192 -> range: 200192
device: 0x7b5600 duration: 1.28036
device: gfx906 (0x7b5600)  kernel from: 0 to: 398080 -> range: 398080 (with blocking: 398080)
device: 0x7b5600 duration: 1.65826
delta: 2.20467e+10
.device: 0x7b5600 kernel from: 0 to: 200192 -> range: 200192
device: 0x7b5600 duration: 1.28
device: gfx906 (0x7b5600)  kernel from: 0 to: 398080 -> range: 398080 (with blocking: 398080)
device: 0x7b5600 duration: 1.65905
delta: 1.00465e+10
.device: 0x7b5600 kernel from: 0 to: 200192 -> range: 200192
device: 0x7b5600 duration: 1.28017
device: gfx906 (0x7b5600)  kernel from: 0 to: 398080 -> range: 398080 (with blocking: 398080)
device: 0x7b5600 duration: 1.65843
delta: 1.23195e+10
.device: 0x7b5600 kernel from: 0 to: 200192 -> range: 200192
device: 0x7b5600 duration: 1.28008
device: gfx906 (0x7b5600)  kernel from: 0 to: 398080 -> range: 398080 (with blocking: 398080)
device: 0x7b5600 duration: 1.65899
delta: 1.6878e+10
.device: 0x7b5600 kernel from: 0 to: 200192 -> range: 200192
device: 0x7b5600 duration: 1.27998
device: gfx906 (0x7b5600)  kernel from: 0 to: 398080 -> range: 398080 (with blocking: 398080)
device: 0x7b5600 duration: 1.65892
delta: 9.50454e+09
.device: 0x7b5600 kernel from: 0 to: 200192 -> range: 200192
device: 0x7b5600 duration: 1.27981
device: gfx906 (0x7b5600)  kernel from: 0 to: 398080 -> range: 398080 (with blocking: 398080)
device: 0x7b5600 duration: 1.6587
delta: 1.99085e+10
.device: 0x7b5600 kernel from: 0 to: 200192 -> range: 200192
device: 0x7b5600 duration: 1.28025
device: gfx906 (0x7b5600)  kernel from: 0 to: 398080 -> range: 398080 (with blocking: 398080)
device: 0x7b5600 duration: 1.65892
delta: 6.20443e+09
.device: 0x7b5600 kernel from: 0 to: 200192 -> range: 200192
device: 0x7b5600 duration: 1.27988
device: gfx906 (0x7b5600)  kernel from: 0 to: 398080 -> range: 398080 (with blocking: 398080)
device: 0x7b5600 duration: 1.6588
delta: 1.00521e+10
.device: 0x7b5600 kernel from: 0 to: 200192 -> range: 200192
device: 0x7b5600 duration: 1.28047
device: gfx906 (0x7b5600)  kernel from: 0 to: 398080 -> range: 398080 (with blocking: 398080)
device: 0x7b5600 duration: 1.65923
delta: 1.60456e+10
.device: 0x7b5600 kernel from: 0 to: 200192 -> range: 200192
device: 0x7b5600 duration: 1.28047
device: gfx906 (0x7b5600)  kernel from: 0 to: 398080 -> range: 398080 (with blocking: 398080)
device: 0x7b5600 duration: 1.65976
delta: 1.21531e+10
.device: 0x7b5600 kernel from: 0 to: 200192 -> range: 200192
device: 0x7b5600 duration: 1.28064
device: gfx906 (0x7b5600)  kernel from: 0 to: 398080 -> range: 398080 (with blocking: 398080)
device: 0x7b5600 duration: 1.6596
delta: 8.20226e+09
.device: 0x7b5600 kernel from: 0 to: 200192 -> range: 200192
device: 0x7b5600 duration: 1.28006
device: gfx906 (0x7b5600)  kernel from: 0 to: 398080 -> range: 398080 (with blocking: 398080)
device: 0x7b5600 duration: 1.65978
delta: 4.55402e+09
.device: 0x7b5600 kernel from: 0 to: 200192 -> range: 200192
device: 0x7b5600 duration: 1.28029
device: gfx906 (0x7b5600)  kernel from: 0 to: 398080 -> range: 398080 (with blocking: 398080)
device: 0x7b5600 duration: 1.65909
delta: 2.42811e+10
.device: 0x7b5600 kernel from: 0 to: 200192 -> range: 200192
device: 0x7b5600 duration: 1.28053
device: gfx906 (0x7b5600)  kernel from: 0 to: 398080 -> range: 398080 (with blocking: 398080)
device: 0x7b5600 duration: 1.66009
delta: 5.28944e+09
.device: 0x7b5600 kernel from: 0 to: 200192 -> range: 200192
device: 0x7b5600 duration: 1.28
device: gfx906 (0x7b5600)  kernel from: 0 to: 398080 -> range: 398080 (with blocking: 398080)
device: 0x7b5600 duration: 1.65992
delta: 6.62474e+09
.device: 0x7b5600 kernel from: 0 to: 200192 -> range: 200192
device: 0x7b5600 duration: 1.28009
device: gfx906 (0x7b5600)  kernel from: 0 to: 398080 -> range: 398080 (with blocking: 398080)
device: 0x7b5600 duration: 1.66006
delta: 8.35073e+09
.device: 0x7b5600 kernel from: 0 to: 200192 -> range: 200192
device: 0x7b5600 duration: 1.28051
device: gfx906 (0x7b5600)  kernel from: 0 to: 398080 -> range: 398080 (with blocking: 398080)
device: 0x7b5600 duration: 1.65964
delta: 5.02858e+09
.device: 0x7b5600 kernel from: 0 to: 200192 -> range: 200192
device: 0x7b5600 duration: 1.28047
device: gfx906 (0x7b5600)  kernel from: 0 to: 398080 -> range: 398080 (with blocking: 398080)
device: 0x7b5600 duration: 1.6594
delta: 7.97402e+09
.device: 0x7b5600 kernel from: 0 to: 200192 -> range: 200192
device: 0x7b5600 duration: 1.27998
device: gfx906 (0x7b5600)  kernel from: 0 to: 398080 -> range: 398080 (with blocking: 398080)
device: 0x7b5600 duration: 1.65988
device: 0x7b5600 kernel from: 0 to: 200192 -> range: 200192
device: 0x7b5600 duration: 1.28077
device: gfx906 (0x7b5600)  kernel from: 0 to: 398080 -> range: 398080 (with blocking: 398080)
device: 0x7b5600 duration: 1.65943
delta: 2.95509e+09
.device: 0x7b5600 kernel from: 0 to: 200192 -> range: 200192
device: 0x7b5600 duration: 1.28038
device: gfx906 (0x7b5600)  kernel from: 0 to: 398080 -> range: 398080 (with blocking: 398080)
device: 0x7b5600 duration: 1.65976
delta: 5.50441e+09
.device: 0x7b5600 kernel from: 0 to: 200192 -> range: 200192
device: 0x7b5600 duration: 1.28021
device: gfx906 (0x7b5600)  kernel from: 0 to: 398080 -> range: 398080 (with blocking: 398080)
device: 0x7b5600 duration: 1.65961
delta: 8.30292e+09
.device: 0x7b5600 kernel from: 0 to: 200192 -> range: 200192
device: 0x7b5600 duration: 1.28034
device: gfx906 (0x7b5600)  kernel from: 0 to: 398080 -> range: 398080 (with blocking: 398080)
device: 0x7b5600 duration: 1.65922
delta: 5.44417e+09
.device: 0x7b5600 kernel from: 0 to: 200192 -> range: 200192
device: 0x7b5600 duration: 1.28097
device: gfx906 (0x7b5600)  kernel from: 0 to: 398080 -> range: 398080 (with blocking: 398080)
device: 0x7b5600 duration: 1.65943
delta: 2.08926e+10
.device: 0x7b5600 kernel from: 0 to: 200192 -> range: 200192
device: 0x7b5600 duration: 1.28017
device: gfx906 (0x7b5600)  kernel from: 0 to: 398080 -> range: 398080 (with blocking: 398080)
device: 0x7b5600 duration: 1.65945
delta: 3.93005e+09
.device: 0x7b5600 kernel from: 0 to: 200192 -> range: 200192
device: 0x7b5600 duration: 1.28041
device: gfx906 (0x7b5600)  kernel from: 0 to: 398080 -> range: 398080 (with blocking: 398080)
device: 0x7b5600 duration: 1.65893
delta: 5.3261e+09
.device: 0x7b5600 kernel from: 0 to: 200192 -> range: 200192
device: 0x7b5600 duration: 1.28035
device: gfx906 (0x7b5600)  kernel from: 0 to: 398080 -> range: 398080 (with blocking: 398080)
device: 0x7b5600 duration: 1.65958
delta: 7.5213e+09
.device: 0x7b5600 kernel from: 0 to: 200192 -> range: 200192
device: 0x7b5600 duration: 1.28018
device: gfx906 (0x7b5600)  kernel from: 0 to: 398080 -> range: 398080 (with blocking: 398080)
device: 0x7b5600 duration: 1.65981
delta: 3.68689e+09
.device: 0x7b5600 kernel from: 0 to: 200192 -> range: 200192
device: 0x7b5600 duration: 1.28018
device: gfx906 (0x7b5600)  kernel from: 0 to: 398080 -> range: 398080 (with blocking: 398080)
device: 0x7b5600 duration: 1.65987
delta: 1.06747e+10
.device: 0x7b5600 kernel from: 0 to: 200192 -> range: 200192
device: 0x7b5600 duration: 1.27997
device: gfx906 (0x7b5600)  kernel from: 0 to: 398080 -> range: 398080 (with blocking: 398080)
device: 0x7b5600 duration: 1.65935
delta: 4.06362e+09
.device: 0x7b5600 kernel from: 0 to: 200192 -> range: 200192
device: 0x7b5600 duration: 1.28019
device: gfx906 (0x7b5600)  kernel from: 0 to: 398080 -> range: 398080 (with blocking: 398080)
device: 0x7b5600 duration: 1.65957
delta: 3.32726e+09
.device: 0x7b5600 kernel from: 0 to: 200192 -> range: 200192
device: 0x7b5600 duration: 1.28062
device: gfx906 (0x7b5600)  kernel from: 0 to: 398080 -> range: 398080 (with blocking: 398080)
device: 0x7b5600 duration: 1.65959
delta: 8.69349e+09
.device: 0x7b5600 kernel from: 0 to: 200192 -> range: 200192
device: 0x7b5600 duration: 1.28033
device: gfx906 (0x7b5600)  kernel from: 0 to: 398080 -> range: 398080 (with blocking: 398080)
device: 0x7b5600 duration: 1.65973
delta: 6.6461e+09
.device: 0x7b5600 kernel from: 0 to: 200192 -> range: 200192
device: 0x7b5600 duration: 1.28018
device: gfx906 (0x7b5600)  kernel from: 0 to: 398080 -> range: 398080 (with blocking: 398080)
device: 0x7b5600 duration: 1.66055
delta: 3.78795e+09
.device: 0x7b5600 kernel from: 0 to: 200192 -> range: 200192
device: 0x7b5600 duration: 1.28017
device: gfx906 (0x7b5600)  kernel from: 0 to: 398080 -> range: 398080 (with blocking: 398080)
device: 0x7b5600 duration: 1.66045
delta: 5.01229e+09
.device: 0x7b5600 kernel from: 0 to: 200192 -> range: 200192
device: 0x7b5600 duration: 1.28024
device: gfx906 (0x7b5600)  kernel from: 0 to: 398080 -> range: 398080 (with blocking: 398080)
device: 0x7b5600 duration: 1.65999
delta: 5.28358e+09
.device: 0x7b5600 kernel from: 0 to: 200192 -> range: 200192
device: 0x7b5600 duration: 1.28006
device: gfx906 (0x7b5600)  kernel from: 0 to: 398080 -> range: 398080 (with blocking: 398080)
device: 0x7b5600 duration: 1.66046
delta: 4.91814e+09
.device: 0x7b5600 kernel from: 0 to: 200192 -> range: 200192
device: 0x7b5600 duration: 1.28019
device: gfx906 (0x7b5600)  kernel from: 0 to: 398080 -> range: 398080 (with blocking: 398080)
device: 0x7b5600 duration: 1.65964
delta: 1.4053e+10
.device: 0x7b5600 kernel from: 0 to: 200192 -> range: 200192
device: 0x7b5600 duration: 1.27983
device: gfx906 (0x7b5600)  kernel from: 0 to: 398080 -> range: 398080 (with blocking: 398080)
device: 0x7b5600 duration: 1.65992
delta: 2.19057e+09
.device: 0x7b5600 kernel from: 0 to: 200192 -> range: 200192
device: 0x7b5600 duration: 1.28054
device: gfx906 (0x7b5600)  kernel from: 0 to: 398080 -> range: 398080 (with blocking: 398080)
device: 0x7b5600 duration: 1.6599
delta: 1.33181e+10
.device: 0x7b5600 kernel from: 0 to: 200192 -> range: 200192
device: 0x7b5600 duration: 1.28045
device: gfx906 (0x7b5600)  kernel from: 0 to: 398080 -> range: 398080 (with blocking: 398080)
device: 0x7b5600 duration: 1.65988
delta: 2.65045e+09
.device: 0x7b5600 kernel from: 0 to: 200192 -> range: 200192
device: 0x7b5600 duration: 1.28068
device: gfx906 (0x7b5600)  kernel from: 0 to: 398080 -> range: 398080 (with blocking: 398080)
device: 0x7b5600 duration: 1.65983
delta: 4.15466e+09
.device: 0x7b5600 kernel from: 0 to: 200192 -> range: 200192
device: 0x7b5600 duration: 1.27989
device: gfx906 (0x7b5600)  kernel from: 0 to: 398080 -> range: 398080 (with blocking: 398080)
device: 0x7b5600 duration: 1.65959
delta: 6.56964e+09
.device: 0x7b5600 kernel from: 0 to: 200192 -> range: 200192
device: 0x7b5600 duration: 1.28025
device: gfx906 (0x7b5600)  kernel from: 0 to: 398080 -> range: 398080 (with blocking: 398080)
device: 0x7b5600 duration: 1.65961
delta: 5.06256e+09
.device: 0x7b5600 kernel from: 0 to: 200192 -> range: 200192
device: 0x7b5600 duration: 1.2802
device: gfx906 (0x7b5600)  kernel from: 0 to: 398080 -> range: 398080 (with blocking: 398080)
device: 0x7b5600 duration: 1.65976
delta: 4.15166e+09
.device: 0x7b5600 kernel from: 0 to: 200192 -> range: 200192
device: 0x7b5600 duration: 1.27993
device: gfx906 (0x7b5600)  kernel from: 0 to: 398080 -> range: 398080 (with blocking: 398080)
device: 0x7b5600 duration: 1.65979
delta: 1.54334e+09
.device: 0x7b5600 kernel from: 0 to: 200192 -> range: 200192
device: 0x7b5600 duration: 1.28047
device: gfx906 (0x7b5600)  kernel from: 0 to: 398080 -> range: 398080 (with blocking: 398080)
device: 0x7b5600 duration: 1.6601
delta: 8.50487e+09
.device: 0x7b5600 kernel from: 0 to: 200192 -> range: 200192
device: 0x7b5600 duration: 1.27978
device: gfx906 (0x7b5600)  kernel from: 0 to: 398080 -> range: 398080 (with blocking: 398080)
device: 0x7b5600 duration: 1.6596
delta: 5.96113e+09
.device: 0x7b5600 kernel from: 0 to: 200192 -> range: 200192
device: 0x7b5600 duration: 1.28007
device: gfx906 (0x7b5600)  kernel from: 0 to: 398080 -> range: 398080 (with blocking: 398080)
device: 0x7b5600 duration: 1.66007
delta: 2.76249e+09
.device: 0x7b5600 kernel from: 0 to: 200192 -> range: 200192
device: 0x7b5600 duration: 1.27981
device: gfx906 (0x7b5600)  kernel from: 0 to: 398080 -> range: 398080 (with blocking: 398080)
device: 0x7b5600 duration: 1.65975
delta: 2.06859e+09
.device: 0x7b5600 kernel from: 0 to: 200192 -> range: 200192
device: 0x7b5600 duration: 1.28023
device: gfx906 (0x7b5600)  kernel from: 0 to: 398080 -> range: 398080 (with blocking: 398080)
device: 0x7b5600 duration: 1.66003
delta: 9.53817e+09
.device: 0x7b5600 kernel from: 0 to: 200192 -> range: 200192
device: 0x7b5600 duration: 1.28035
device: gfx906 (0x7b5600)  kernel from: 0 to: 398080 -> range: 398080 (with blocking: 398080)
device: 0x7b5600 duration: 1.65957
delta: 6.12492e+09
.device: 0x7b5600 kernel from: 0 to: 200192 -> range: 200192
device: 0x7b5600 duration: 1.28042
device: gfx906 (0x7b5600)  kernel from: 0 to: 398080 -> range: 398080 (with blocking: 398080)
device: 0x7b5600 duration: 1.65959
delta: 1.47186e+09
.device: 0x7b5600 kernel from: 0 to: 200192 -> range: 200192
device: 0x7b5600 duration: 1.28007
device: gfx906 (0x7b5600)  kernel from: 0 to: 398080 -> range: 398080 (with blocking: 398080)
device: 0x7b5600 duration: 1.65965
delta: 2.63578e+09
.device: 0x7b5600 kernel from: 0 to: 200192 -> range: 200192
device: 0x7b5600 duration: 1.28009
device: gfx906 (0x7b5600)  kernel from: 0 to: 398080 -> range: 398080 (with blocking: 398080)
device: 0x7b5600 duration: 1.66003
delta: 2.22016e+09
.device: 0x7b5600 kernel from: 0 to: 200192 -> range: 200192
device: 0x7b5600 duration: 1.28029
device: gfx906 (0x7b5600)  kernel from: 0 to: 398080 -> range: 398080 (with blocking: 398080)
device: 0x7b5600 duration: 1.66021
delta: 8.24382e+09
.device: 0x7b5600 kernel from: 0 to: 200192 -> range: 200192
device: 0x7b5600 duration: 1.28027
device: gfx906 (0x7b5600)  kernel from: 0 to: 398080 -> range: 398080 (with blocking: 398080)
device: 0x7b5600 duration: 1.66016
delta: 3.07229e+09
.device: 0x7b5600 kernel from: 0 to: 200192 -> range: 200192
device: 0x7b5600 duration: 1.28031
device: gfx906 (0x7b5600)  kernel from: 0 to: 398080 -> range: 398080 (with blocking: 398080)
device: 0x7b5600 duration: 1.66011
delta: 1.71023e+09
.device: 0x7b5600 kernel from: 0 to: 200192 -> range: 200192
device: 0x7b5600 duration: 1.28013
device: gfx906 (0x7b5600)  kernel from: 0 to: 398080 -> range: 398080 (with blocking: 398080)
device: 0x7b5600 duration: 1.66066
delta: 2.98464e+09
.device: 0x7b5600 kernel from: 0 to: 200192 -> range: 200192
device: 0x7b5600 duration: 1.28046
device: gfx906 (0x7b5600)  kernel from: 0 to: 398080 -> range: 398080 (with blocking: 398080)
device: 0x7b5600 duration: 1.66048
delta: 4.14105e+09
.device: 0x7b5600 kernel from: 0 to: 200192 -> range: 200192
device: 0x7b5600 duration: 1.28021
device: gfx906 (0x7b5600)  kernel from: 0 to: 398080 -> range: 398080 (with blocking: 398080)
device: 0x7b5600 duration: 1.66035
delta: 2.92292e+09
.device: 0x7b5600 kernel from: 0 to: 200192 -> range: 200192
device: 0x7b5600 duration: 1.28069
device: gfx906 (0x7b5600)  kernel from: 0 to: 398080 -> range: 398080 (with blocking: 398080)
device: 0x7b5600 duration: 1.65979
delta: 1.36867e+09
.device: 0x7b5600 kernel from: 0 to: 200192 -> range: 200192
device: 0x7b5600 duration: 1.28041
device: gfx906 (0x7b5600)  kernel from: 0 to: 398080 -> range: 398080 (with blocking: 398080)
device: 0x7b5600 duration: 1.66041
delta: 3.92209e+09
.device: 0x7b5600 kernel from: 0 to: 200192 -> range: 200192
device: 0x7b5600 duration: 1.28055
device: gfx906 (0x7b5600)  kernel from: 0 to: 398080 -> range: 398080 (with blocking: 398080)
device: 0x7b5600 duration: 1.6603
delta: 1.00764e+10
.device: 0x7b5600 kernel from: 0 to: 200192 -> range: 200192
device: 0x7b5600 duration: 1.2802
device: gfx906 (0x7b5600)  kernel from: 0 to: 398080 -> range: 398080 (with blocking: 398080)
device: 0x7b5600 duration: 1.66011
delta: 1.59446e+09
.device: 0x7b5600 kernel from: 0 to: 200192 -> range: 200192
device: 0x7b5600 duration: 1.2804
device: gfx906 (0x7b5600)  kernel from: 0 to: 398080 -> range: 398080 (with blocking: 398080)
device: 0x7b5600 duration: 1.65991
delta: 2.07268e+09
.device: 0x7b5600 kernel from: 0 to: 200192 -> range: 200192
device: 0x7b5600 duration: 1.28027
device: gfx906 (0x7b5600)  kernel from: 0 to: 398080 -> range: 398080 (with blocking: 398080)
device: 0x7b5600 duration: 1.66012
delta: 2.96389e+09
.device: 0x7b5600 kernel from: 0 to: 200192 -> range: 200192
device: 0x7b5600 duration: 1.28015
device: gfx906 (0x7b5600)  kernel from: 0 to: 398080 -> range: 398080 (with blocking: 398080)
device: 0x7b5600 duration: 1.66004
delta: 5.73015e+09
.device: 0x7b5600 kernel from: 0 to: 200192 -> range: 200192
device: 0x7b5600 duration: 1.28045
device: gfx906 (0x7b5600)  kernel from: 0 to: 398080 -> range: 398080 (with blocking: 398080)
device: 0x7b5600 duration: 1.66002
delta: 1.57171e+09

Number of iterations: 100 (max. 100)
Final norm of residuum: 1.57171e+09
counted_mult_calls: 102

Needed Iterations: 100
Final residuum: 1.57171e+09
note: performance calculation: coefficients are reused
note: performance calculation: iterations for calculation : 103.5
note: performance calculation: additional iteration for residual recalculation : 2

Current Duration:: 304.534
Current GFlop/s: 2259.44

Finished Training!

Training took: 304.534 seconds

total_duration: 306.734
