./datadriven/examplesOCL/regression_cmd --trainingFileName ../datasets/friedman/weakscaling_regression/friedman1_10d_500000.arff --learnerMode LEARN --grid.level 7 --lambda 1E-5 --grid.type ModLinear --verbose true --additionalConfig results_diss/friedman1_ocl_float_gtx1080ti_5.cfg --operation.type STREAMING --operation.subType OCLUNIFIED --solverFinal.maxIterations 100 --solverFinal.eps 0 --isRegression true --do_dummy_ocl_init
training dataset: ../datasets/friedman/weakscaling_regression/friedman1_10d_500000.arff
OCL Info: 2 OpenCL platforms have been found
OCL Info: detected platform, name: "Intel(R) OpenCL"
OCL Info: detected platform vendor name: "Intel(R) Corporation"
OCL Info: platform not configured, skipping...
OCL Info: detected platform, name: "NVIDIA CUDA"
OCL Info: detected platform vendor name: "NVIDIA Corporation"
OCL Info: using platform, name: "NVIDIA CUDA"
OCL Info: platform device count: 8
OCL Info: detected device, name: "GeForce GTX 1080 Ti"
OCL Info: using device, name: "GeForce GTX 1080 Ti"
OCL Info: detected device, name: "GeForce GTX 1080 Ti"
OCL Info: using device, name: "GeForce GTX 1080 Ti"
OCL Info: detected device, name: "GeForce GTX 1080 Ti"
OCL Info: using device, name: "GeForce GTX 1080 Ti"
OCL Info: detected device, name: "GeForce GTX 1080 Ti"
OCL Info: using device, name: "GeForce GTX 1080 Ti"
OCL Info: detected device, name: "GeForce GTX 1080 Ti"
OCL Info: using device, name: "GeForce GTX 1080 Ti"
OCL Info: detected device, name: "GeForce GTX 1080 Ti"
OCL Info: detected device, name: "GeForce GTX 1080 Ti"
OCL Info: detected device, name: "GeForce GTX 1080 Ti"
ocl dummy initalization duration: 7.87941
instances: 500000
regular grid size: 397825
creating createOperationMultipleEval type: DEFAULT, using base operator factory
creating createOperationMultipleEval grid: Linear type: STREAMING==DEFAULT subType: OCLUNIFIED
OCL Info: 2 OpenCL platforms have been found
OCL Info: detected platform, name: "Intel(R) OpenCL"
OCL Info: detected platform vendor name: "Intel(R) Corporation"
OCL Info: detected platform, name: "NVIDIA CUDA"
OCL Info: detected platform vendor name: "NVIDIA Corporation"
OCL Info: using platform, name: "NVIDIA CUDA"
OCL Info: detected device, name: "GeForce GTX 1080 Ti"
OCL Info: using device, name: "GeForce GTX 1080 Ti"
OCL Info: detected device, name: "GeForce GTX 1080 Ti"
OCL Info: using device, name: "GeForce GTX 1080 Ti"
OCL Info: detected device, name: "GeForce GTX 1080 Ti"
OCL Info: using device, name: "GeForce GTX 1080 Ti"
OCL Info: detected device, name: "GeForce GTX 1080 Ti"
OCL Info: using device, name: "GeForce GTX 1080 Ti"
OCL Info: detected device, name: "GeForce GTX 1080 Ti"
OCL Info: using device, name: "GeForce GTX 1080 Ti"
OCL Info: detected device, name: "GeForce GTX 1080 Ti"
OCL Info: detected device, name: "GeForce GTX 1080 Ti"
OCL Info: detected device, name: "GeForce GTX 1080 Ti"
Starting Learning....

Doing refinement: 0
Grid Size: 397825
building with optimization flags: 
building with optimization flags: 
building with optimization flags: building with optimization flags: 

building with optimization flags: 
--- Begin Build Log ---


--- End Build Log ---
--- Begin Build Log ---


--- End Build Log ---
--- Begin Build Log ---


--- End Build Log ---
--- Begin Build Log ---


--- End Build Log ---
--- Begin Build Log ---


--- End Build Log ---
duration multTranspose ocl mod: 0.669735
building with optimization flags: 
building with optimization flags: 
building with optimization flags: 
building with optimization flags: 
building with optimization flags: 
--- Begin Build Log ---


--- End Build Log ---
--- Begin Build Log ---


--- End Build Log ---
--- Begin Build Log ---


--- End Build Log ---
--- Begin Build Log ---


--- End Build Log ---
--- Begin Build Log ---


--- End Build Log ---
duration mult ocl mod: 0.44754
duration multTranspose ocl mod: 0.415137
duration mult ocl mod: 0.255245
duration multTranspose ocl mod: 0.408375
duration mult ocl mod: 0.255138
duration multTranspose ocl mod: 0.410298
duration mult ocl mod: 0.254746
duration multTranspose ocl mod: 0.40939
duration mult ocl mod: 0.256556
duration multTranspose ocl mod: 0.414721
duration mult ocl mod: 0.258968
duration multTranspose ocl mod: 0.411352
duration mult ocl mod: 0.25475
duration multTranspose ocl mod: 0.413319
duration mult ocl mod: 0.254302
duration multTranspose ocl mod: 0.410545
duration mult ocl mod: 0.255052
duration multTranspose ocl mod: 0.412022
duration mult ocl mod: 0.25526
duration multTranspose ocl mod: 0.413192
duration mult ocl mod: 0.255365
duration multTranspose ocl mod: 0.414608
duration mult ocl mod: 0.256044
duration multTranspose ocl mod: 0.412913
duration mult ocl mod: 0.255664
duration multTranspose ocl mod: 0.414012
duration mult ocl mod: 0.25584
duration multTranspose ocl mod: 0.411511
duration mult ocl mod: 0.255185
duration multTranspose ocl mod: 0.409153
duration mult ocl mod: 0.255409
duration multTranspose ocl mod: 0.41062
duration mult ocl mod: 0.25546
duration multTranspose ocl mod: 0.413395
duration mult ocl mod: 0.255216
duration multTranspose ocl mod: 0.412854
duration mult ocl mod: 0.254618
duration multTranspose ocl mod: 0.413113
duration mult ocl mod: 0.256325
duration multTranspose ocl mod: 0.414977
duration mult ocl mod: 0.254648
duration multTranspose ocl mod: 0.41305
duration mult ocl mod: 0.255265
duration multTranspose ocl mod: 0.413933
duration mult ocl mod: 0.255014
duration multTranspose ocl mod: 0.415041
duration mult ocl mod: 0.255838
duration multTranspose ocl mod: 0.413037
duration mult ocl mod: 0.255932
duration multTranspose ocl mod: 0.416707
duration mult ocl mod: 0.259514
duration multTranspose ocl mod: 0.413761
duration mult ocl mod: 0.255285
duration multTranspose ocl mod: 0.412871
duration mult ocl mod: 0.25491
duration multTranspose ocl mod: 0.413508
duration mult ocl mod: 0.255406
duration multTranspose ocl mod: 0.41288
duration mult ocl mod: 0.255555
duration multTranspose ocl mod: 0.412037
duration mult ocl mod: 0.257107
duration multTranspose ocl mod: 0.413632
duration mult ocl mod: 0.255418
duration multTranspose ocl mod: 0.413689
duration mult ocl mod: 0.255083
duration multTranspose ocl mod: 0.411327
duration mult ocl mod: 0.25512
duration multTranspose ocl mod: 0.411923
duration mult ocl mod: 0.255458
duration multTranspose ocl mod: 0.413449
duration mult ocl mod: 0.254609
duration multTranspose ocl mod: 0.413739
duration mult ocl mod: 0.255203
duration multTranspose ocl mod: 0.416415
duration mult ocl mod: 0.255721
duration multTranspose ocl mod: 0.414425
duration mult ocl mod: 0.256122
duration multTranspose ocl mod: 0.413477
duration mult ocl mod: 0.256494
duration multTranspose ocl mod: 0.413959
duration mult ocl mod: 0.255492
duration multTranspose ocl mod: 0.413631
duration mult ocl mod: 0.255309
duration multTranspose ocl mod: 0.412528
duration mult ocl mod: 0.255708
duration multTranspose ocl mod: 0.414271
duration mult ocl mod: 0.254978
duration multTranspose ocl mod: 0.412676
duration mult ocl mod: 0.254931
duration multTranspose ocl mod: 0.413877
duration mult ocl mod: 0.25527
duration multTranspose ocl mod: 0.413192
duration mult ocl mod: 0.255436
duration multTranspose ocl mod: 0.413221
duration mult ocl mod: 0.255509
duration multTranspose ocl mod: 0.411404
duration mult ocl mod: 0.255099
duration multTranspose ocl mod: 0.41295
duration mult ocl mod: 0.259094
duration multTranspose ocl mod: 0.416949
duration mult ocl mod: 0.255871
duration multTranspose ocl mod: 0.413224
duration mult ocl mod: 0.255024
duration multTranspose ocl mod: 0.41422
duration mult ocl mod: 0.255813
duration multTranspose ocl mod: 0.413678
duration mult ocl mod: 0.256038
duration multTranspose ocl mod: 0.417019
duration mult ocl mod: 0.256179
duration multTranspose ocl mod: 0.416659
duration mult ocl mod: 0.256154
duration multTranspose ocl mod: 0.413857
duration mult ocl mod: 0.255248
duration multTranspose ocl mod: 0.412284
duration mult ocl mod: 0.25534
duration multTranspose ocl mod: 0.41522
duration mult ocl mod: 0.255007
duration multTranspose ocl mod: 0.410778
duration mult ocl mod: 0.255689
duration multTranspose ocl mod: 0.416056
duration mult ocl mod: 0.256303
duration multTranspose ocl mod: 0.415117
duration mult ocl mod: 0.257011
duration multTranspose ocl mod: 0.415812
duration mult ocl mod: 0.256682
duration multTranspose ocl mod: 0.414326
duration mult ocl mod: 0.256886
duration multTranspose ocl mod: 0.41345
duration mult ocl mod: 0.256661
duration multTranspose ocl mod: 0.415416
duration mult ocl mod: 0.256543
duration multTranspose ocl mod: 0.415399
duration mult ocl mod: 0.256456
duration multTranspose ocl mod: 0.416432
duration mult ocl mod: 0.256689
duration multTranspose ocl mod: 0.414603
duration mult ocl mod: 0.25705
duration multTranspose ocl mod: 0.418467
duration mult ocl mod: 0.257012
duration multTranspose ocl mod: 0.414745
duration mult ocl mod: 0.256536
duration multTranspose ocl mod: 0.415825
duration mult ocl mod: 0.256352
duration multTranspose ocl mod: 0.412897
duration mult ocl mod: 0.256501
duration multTranspose ocl mod: 0.413576
duration mult ocl mod: 0.25729
duration multTranspose ocl mod: 0.415342
duration mult ocl mod: 0.256474
duration multTranspose ocl mod: 0.413287
duration mult ocl mod: 0.256963
duration multTranspose ocl mod: 0.414021
duration mult ocl mod: 0.25698
duration multTranspose ocl mod: 0.416634
duration mult ocl mod: 0.256681
duration multTranspose ocl mod: 0.417007
duration mult ocl mod: 0.256965
duration multTranspose ocl mod: 0.420031
duration mult ocl mod: 0.256862
duration multTranspose ocl mod: 0.413313
duration mult ocl mod: 0.256375
duration multTranspose ocl mod: 0.41529
duration mult ocl mod: 0.256926
duration multTranspose ocl mod: 0.41537
duration mult ocl mod: 0.25713
duration multTranspose ocl mod: 0.41403
duration mult ocl mod: 0.257188
duration multTranspose ocl mod: 0.41394
duration mult ocl mod: 0.25748
duration multTranspose ocl mod: 0.415142
duration mult ocl mod: 0.25763
duration multTranspose ocl mod: 0.416638
duration mult ocl mod: 0.257562
duration multTranspose ocl mod: 0.415202
duration mult ocl mod: 0.257234
duration multTranspose ocl mod: 0.416186
duration mult ocl mod: 0.257697
duration multTranspose ocl mod: 0.422122
duration mult ocl mod: 0.257462
duration multTranspose ocl mod: 0.418357
duration mult ocl mod: 0.257536
duration multTranspose ocl mod: 0.416477
duration mult ocl mod: 0.257587
duration multTranspose ocl mod: 0.41499
duration mult ocl mod: 0.257606
duration multTranspose ocl mod: 0.41565
duration mult ocl mod: 0.257476
duration multTranspose ocl mod: 0.41743
duration mult ocl mod: 0.257957
duration multTranspose ocl mod: 0.420871
duration mult ocl mod: 0.257459
duration multTranspose ocl mod: 0.416886
duration mult ocl mod: 0.25773
duration multTranspose ocl mod: 0.419534
duration mult ocl mod: 0.257389
duration multTranspose ocl mod: 0.415873
duration mult ocl mod: 0.257335
duration multTranspose ocl mod: 0.415173
duration mult ocl mod: 0.257641
duration multTranspose ocl mod: 0.414335
duration mult ocl mod: 0.257011
duration multTranspose ocl mod: 0.415597
duration mult ocl mod: 0.256885
duration multTranspose ocl mod: 0.415748

Needed Iterations: 100
Final residuum: 1.14557e+10
note: performance calculation: coefficients are reused
note: performance calculation: iterations for calculation : 103.5
note: performance calculation: additional iteration for residual recalculation : 2

Current Duration:: 70.8231
Current GFlop/s: 24354.3

Finished Training!

Training took: 70.8231 seconds

total_duration: 76.405
