training dataset: ../datasets/friedman/weakscaling_regression/friedman1_10d_200000.arff
ocl dummy initalization duration: 2.37021
instances: 200000
regular grid size: 397825
creating createOperationMultipleEval type: DEFAULT, using base operator factory
creating createOperationMultipleEval grid: Linear type: STREAMING==DEFAULT subType: OCLUNIFIED
Starting Learning....

Doing refinement: 0
Grid Size: 397825
device: Tesla P100-PCIE-16GB (0x2079cb0)  kernel from: 0 to: 399360 -> range: 399360 (with blocking: 49920)
device: 0x2079cb0 duration: 0.751116
Starting Conjugated Gradients
All temp variables used in CG have been initialized
device: 0x2079cb0 kernel from: 0 to: 200704 -> range: 200704
device: 0x2079cb0 duration: 0.435527
device: Tesla P100-PCIE-16GB (0x2079cb0)  kernel from: 0 to: 399360 -> range: 399360 (with blocking: 49920)
device: 0x2079cb0 duration: 0.738422
Starting norm of residuum: -nan
Target norm:               0
.device: 0x2079cb0 kernel from: 0 to: 200704 -> range: 200704
device: 0x2079cb0 duration: 0.435535
device: Tesla P100-PCIE-16GB (0x2079cb0)  kernel from: 0 to: 399360 -> range: 399360 (with blocking: 49920)
device: 0x2079cb0 duration: 0.73843
delta: 6.48417e+13
.device: 0x2079cb0 kernel from: 0 to: 200704 -> range: 200704
device: 0x2079cb0 duration: 0.435956
device: Tesla P100-PCIE-16GB (0x2079cb0)  kernel from: 0 to: 399360 -> range: 399360 (with blocking: 49920)
device: 0x2079cb0 duration: 0.738418
delta: 5.03406e+13
.device: 0x2079cb0 kernel from: 0 to: 200704 -> range: 200704
device: 0x2079cb0 duration: 0.435956
device: Tesla P100-PCIE-16GB (0x2079cb0)  kernel from: 0 to: 399360 -> range: 399360 (with blocking: 49920)
device: 0x2079cb0 duration: 0.738421
delta: 2.15341e+12
.device: 0x2079cb0 kernel from: 0 to: 200704 -> range: 200704
device: 0x2079cb0 duration: 0.435979
device: Tesla P100-PCIE-16GB (0x2079cb0)  kernel from: 0 to: 399360 -> range: 399360 (with blocking: 49920)
device: 0x2079cb0 duration: 0.738421
delta: 2.93574e+12
.device: 0x2079cb0 kernel from: 0 to: 200704 -> range: 200704
device: 0x2079cb0 duration: 0.435967
device: Tesla P100-PCIE-16GB (0x2079cb0)  kernel from: 0 to: 399360 -> range: 399360 (with blocking: 49920)
device: 0x2079cb0 duration: 0.738424
delta: 2.20095e+12
.device: 0x2079cb0 kernel from: 0 to: 200704 -> range: 200704
device: 0x2079cb0 duration: 0.435959
device: Tesla P100-PCIE-16GB (0x2079cb0)  kernel from: 0 to: 399360 -> range: 399360 (with blocking: 49920)
device: 0x2079cb0 duration: 0.738413
delta: 7.77035e+11
.device: 0x2079cb0 kernel from: 0 to: 200704 -> range: 200704
device: 0x2079cb0 duration: 0.435975
device: Tesla P100-PCIE-16GB (0x2079cb0)  kernel from: 0 to: 399360 -> range: 399360 (with blocking: 49920)
device: 0x2079cb0 duration: 0.738435
delta: 1.3021e+12
.device: 0x2079cb0 kernel from: 0 to: 200704 -> range: 200704
device: 0x2079cb0 duration: 0.435983
device: Tesla P100-PCIE-16GB (0x2079cb0)  kernel from: 0 to: 399360 -> range: 399360 (with blocking: 49920)
device: 0x2079cb0 duration: 0.738424
delta: 1.16261e+12
.device: 0x2079cb0 kernel from: 0 to: 200704 -> range: 200704
device: 0x2079cb0 duration: 0.435972
device: Tesla P100-PCIE-16GB (0x2079cb0)  kernel from: 0 to: 399360 -> range: 399360 (with blocking: 49920)
device: 0x2079cb0 duration: 0.738429
delta: 5.94556e+11
.device: 0x2079cb0 kernel from: 0 to: 200704 -> range: 200704
device: 0x2079cb0 duration: 0.435987
device: Tesla P100-PCIE-16GB (0x2079cb0)  kernel from: 0 to: 399360 -> range: 399360 (with blocking: 49920)
device: 0x2079cb0 duration: 0.738435
delta: 6.48358e+11
.device: 0x2079cb0 kernel from: 0 to: 200704 -> range: 200704
device: 0x2079cb0 duration: 0.435912
device: Tesla P100-PCIE-16GB (0x2079cb0)  kernel from: 0 to: 399360 -> range: 399360 (with blocking: 49920)
device: 0x2079cb0 duration: 0.738433
delta: 6.02074e+11
.device: 0x2079cb0 kernel from: 0 to: 200704 -> range: 200704
device: 0x2079cb0 duration: 0.435529
device: Tesla P100-PCIE-16GB (0x2079cb0)  kernel from: 0 to: 399360 -> range: 399360 (with blocking: 49920)
device: 0x2079cb0 duration: 0.738417
delta: 2.24695e+11
.device: 0x2079cb0 kernel from: 0 to: 200704 -> range: 200704
device: 0x2079cb0 duration: 0.435998
device: Tesla P100-PCIE-16GB (0x2079cb0)  kernel from: 0 to: 399360 -> range: 399360 (with blocking: 49920)
device: 0x2079cb0 duration: 0.738446
delta: 1.03472e+11
.device: 0x2079cb0 kernel from: 0 to: 200704 -> range: 200704
device: 0x2079cb0 duration: 0.435956
device: Tesla P100-PCIE-16GB (0x2079cb0)  kernel from: 0 to: 399360 -> range: 399360 (with blocking: 49920)
device: 0x2079cb0 duration: 0.738424
delta: 2.86639e+11
.device: 0x2079cb0 kernel from: 0 to: 200704 -> range: 200704
device: 0x2079cb0 duration: 0.435966
device: Tesla P100-PCIE-16GB (0x2079cb0)  kernel from: 0 to: 399360 -> range: 399360 (with blocking: 49920)
device: 0x2079cb0 duration: 0.738418
delta: 7.8305e+10
.device: 0x2079cb0 kernel from: 0 to: 200704 -> range: 200704
device: 0x2079cb0 duration: 0.435983
device: Tesla P100-PCIE-16GB (0x2079cb0)  kernel from: 0 to: 399360 -> range: 399360 (with blocking: 49920)
device: 0x2079cb0 duration: 0.73843
delta: 7.38563e+10
.device: 0x2079cb0 kernel from: 0 to: 200704 -> range: 200704
device: 0x2079cb0 duration: 0.436922
device: Tesla P100-PCIE-16GB (0x2079cb0)  kernel from: 0 to: 399360 -> range: 399360 (with blocking: 49920)
device: 0x2079cb0 duration: 0.738416
delta: 9.88565e+10
.device: 0x2079cb0 kernel from: 0 to: 200704 -> range: 200704
device: 0x2079cb0 duration: 0.435994
device: Tesla P100-PCIE-16GB (0x2079cb0)  kernel from: 0 to: 399360 -> range: 399360 (with blocking: 49920)
device: 0x2079cb0 duration: 0.738426
delta: 7.32987e+10
.device: 0x2079cb0 kernel from: 0 to: 200704 -> range: 200704
device: 0x2079cb0 duration: 0.435967
device: Tesla P100-PCIE-16GB (0x2079cb0)  kernel from: 0 to: 399360 -> range: 399360 (with blocking: 49920)
device: 0x2079cb0 duration: 0.73842
delta: 2.33642e+11
.device: 0x2079cb0 kernel from: 0 to: 200704 -> range: 200704
device: 0x2079cb0 duration: 0.435962
device: Tesla P100-PCIE-16GB (0x2079cb0)  kernel from: 0 to: 399360 -> range: 399360 (with blocking: 49920)
device: 0x2079cb0 duration: 0.738421
delta: 7.6608e+10
.device: 0x2079cb0 kernel from: 0 to: 200704 -> range: 200704
device: 0x2079cb0 duration: 0.435973
device: Tesla P100-PCIE-16GB (0x2079cb0)  kernel from: 0 to: 399360 -> range: 399360 (with blocking: 49920)
device: 0x2079cb0 duration: 0.738413
delta: 3.87434e+10
.device: 0x2079cb0 kernel from: 0 to: 200704 -> range: 200704
device: 0x2079cb0 duration: 0.435973
device: Tesla P100-PCIE-16GB (0x2079cb0)  kernel from: 0 to: 399360 -> range: 399360 (with blocking: 49920)
device: 0x2079cb0 duration: 0.738409
delta: 5.97439e+10
.device: 0x2079cb0 kernel from: 0 to: 200704 -> range: 200704
device: 0x2079cb0 duration: 0.436017
device: Tesla P100-PCIE-16GB (0x2079cb0)  kernel from: 0 to: 399360 -> range: 399360 (with blocking: 49920)
device: 0x2079cb0 duration: 0.738421
delta: 6.75104e+10
.device: 0x2079cb0 kernel from: 0 to: 200704 -> range: 200704
device: 0x2079cb0 duration: 0.435982
device: Tesla P100-PCIE-16GB (0x2079cb0)  kernel from: 0 to: 399360 -> range: 399360 (with blocking: 49920)
device: 0x2079cb0 duration: 0.738441
delta: 4.04846e+10
.device: 0x2079cb0 kernel from: 0 to: 200704 -> range: 200704
device: 0x2079cb0 duration: 0.435947
device: Tesla P100-PCIE-16GB (0x2079cb0)  kernel from: 0 to: 399360 -> range: 399360 (with blocking: 49920)
device: 0x2079cb0 duration: 0.738432
delta: 7.22497e+10
.device: 0x2079cb0 kernel from: 0 to: 200704 -> range: 200704
device: 0x2079cb0 duration: 0.435974
device: Tesla P100-PCIE-16GB (0x2079cb0)  kernel from: 0 to: 399360 -> range: 399360 (with blocking: 49920)
device: 0x2079cb0 duration: 0.738429
delta: 1.27981e+10
.device: 0x2079cb0 kernel from: 0 to: 200704 -> range: 200704
device: 0x2079cb0 duration: 0.435976
device: Tesla P100-PCIE-16GB (0x2079cb0)  kernel from: 0 to: 399360 -> range: 399360 (with blocking: 49920)
device: 0x2079cb0 duration: 0.738424
delta: 5.31109e+10
.device: 0x2079cb0 kernel from: 0 to: 200704 -> range: 200704
device: 0x2079cb0 duration: 0.435999
device: Tesla P100-PCIE-16GB (0x2079cb0)  kernel from: 0 to: 399360 -> range: 399360 (with blocking: 49920)
device: 0x2079cb0 duration: 0.738421
delta: 3.44027e+10
.device: 0x2079cb0 kernel from: 0 to: 200704 -> range: 200704
device: 0x2079cb0 duration: 0.435967
device: Tesla P100-PCIE-16GB (0x2079cb0)  kernel from: 0 to: 399360 -> range: 399360 (with blocking: 49920)
device: 0x2079cb0 duration: 0.738425
delta: 4.74927e+10
.device: 0x2079cb0 kernel from: 0 to: 200704 -> range: 200704
device: 0x2079cb0 duration: 0.435565
device: Tesla P100-PCIE-16GB (0x2079cb0)  kernel from: 0 to: 399360 -> range: 399360 (with blocking: 49920)
device: 0x2079cb0 duration: 0.738427
delta: 1.78899e+10
.device: 0x2079cb0 kernel from: 0 to: 200704 -> range: 200704
device: 0x2079cb0 duration: 0.435983
device: Tesla P100-PCIE-16GB (0x2079cb0)  kernel from: 0 to: 399360 -> range: 399360 (with blocking: 49920)
device: 0x2079cb0 duration: 0.738431
delta: 2.33348e+10
.device: 0x2079cb0 kernel from: 0 to: 200704 -> range: 200704
device: 0x2079cb0 duration: 0.435987
device: Tesla P100-PCIE-16GB (0x2079cb0)  kernel from: 0 to: 399360 -> range: 399360 (with blocking: 49920)
device: 0x2079cb0 duration: 0.738411
delta: 2.25822e+10
.device: 0x2079cb0 kernel from: 0 to: 200704 -> range: 200704
device: 0x2079cb0 duration: 0.435974
device: Tesla P100-PCIE-16GB (0x2079cb0)  kernel from: 0 to: 399360 -> range: 399360 (with blocking: 49920)
device: 0x2079cb0 duration: 0.738429
delta: 5.21591e+10
.device: 0x2079cb0 kernel from: 0 to: 200704 -> range: 200704
device: 0x2079cb0 duration: 0.435949
device: Tesla P100-PCIE-16GB (0x2079cb0)  kernel from: 0 to: 399360 -> range: 399360 (with blocking: 49920)
device: 0x2079cb0 duration: 0.73842
delta: 2.1317e+10
.device: 0x2079cb0 kernel from: 0 to: 200704 -> range: 200704
device: 0x2079cb0 duration: 0.435974
device: Tesla P100-PCIE-16GB (0x2079cb0)  kernel from: 0 to: 399360 -> range: 399360 (with blocking: 49920)
device: 0x2079cb0 duration: 0.738442
delta: 5.58718e+10
.device: 0x2079cb0 kernel from: 0 to: 200704 -> range: 200704
device: 0x2079cb0 duration: 0.435949
device: Tesla P100-PCIE-16GB (0x2079cb0)  kernel from: 0 to: 399360 -> range: 399360 (with blocking: 49920)
device: 0x2079cb0 duration: 0.738414
delta: 1.16684e+10
.device: 0x2079cb0 kernel from: 0 to: 200704 -> range: 200704
device: 0x2079cb0 duration: 0.435993
device: Tesla P100-PCIE-16GB (0x2079cb0)  kernel from: 0 to: 399360 -> range: 399360 (with blocking: 49920)
device: 0x2079cb0 duration: 0.738414
delta: 1.12355e+10
.device: 0x2079cb0 kernel from: 0 to: 200704 -> range: 200704
device: 0x2079cb0 duration: 0.435998
device: Tesla P100-PCIE-16GB (0x2079cb0)  kernel from: 0 to: 399360 -> range: 399360 (with blocking: 49920)
device: 0x2079cb0 duration: 0.738429
delta: 2.00756e+10
.device: 0x2079cb0 kernel from: 0 to: 200704 -> range: 200704
device: 0x2079cb0 duration: 0.435964
device: Tesla P100-PCIE-16GB (0x2079cb0)  kernel from: 0 to: 399360 -> range: 399360 (with blocking: 49920)
device: 0x2079cb0 duration: 0.738428
delta: 3.0768e+10
.device: 0x2079cb0 kernel from: 0 to: 200704 -> range: 200704
device: 0x2079cb0 duration: 0.436007
device: Tesla P100-PCIE-16GB (0x2079cb0)  kernel from: 0 to: 399360 -> range: 399360 (with blocking: 49920)
device: 0x2079cb0 duration: 0.738424
delta: 1.13834e+10
.device: 0x2079cb0 kernel from: 0 to: 200704 -> range: 200704
device: 0x2079cb0 duration: 0.435965
device: Tesla P100-PCIE-16GB (0x2079cb0)  kernel from: 0 to: 399360 -> range: 399360 (with blocking: 49920)
device: 0x2079cb0 duration: 0.738425
delta: 1.28237e+10
.device: 0x2079cb0 kernel from: 0 to: 200704 -> range: 200704
device: 0x2079cb0 duration: 0.435969
device: Tesla P100-PCIE-16GB (0x2079cb0)  kernel from: 0 to: 399360 -> range: 399360 (with blocking: 49920)
device: 0x2079cb0 duration: 0.738422
delta: 2.56842e+10
.device: 0x2079cb0 kernel from: 0 to: 200704 -> range: 200704
device: 0x2079cb0 duration: 0.435531
device: Tesla P100-PCIE-16GB (0x2079cb0)  kernel from: 0 to: 399360 -> range: 399360 (with blocking: 49920)
device: 0x2079cb0 duration: 0.738432
delta: 9.13029e+09
.device: 0x2079cb0 kernel from: 0 to: 200704 -> range: 200704
device: 0x2079cb0 duration: 0.435998
device: Tesla P100-PCIE-16GB (0x2079cb0)  kernel from: 0 to: 399360 -> range: 399360 (with blocking: 49920)
device: 0x2079cb0 duration: 0.738422
delta: 2.50723e+10
.device: 0x2079cb0 kernel from: 0 to: 200704 -> range: 200704
device: 0x2079cb0 duration: 0.435937
device: Tesla P100-PCIE-16GB (0x2079cb0)  kernel from: 0 to: 399360 -> range: 399360 (with blocking: 49920)
device: 0x2079cb0 duration: 0.738427
delta: 8.39953e+09
.device: 0x2079cb0 kernel from: 0 to: 200704 -> range: 200704
device: 0x2079cb0 duration: 0.435984
device: Tesla P100-PCIE-16GB (0x2079cb0)  kernel from: 0 to: 399360 -> range: 399360 (with blocking: 49920)
device: 0x2079cb0 duration: 0.738422
delta: 8.70706e+09
.device: 0x2079cb0 kernel from: 0 to: 200704 -> range: 200704
device: 0x2079cb0 duration: 0.435982
device: Tesla P100-PCIE-16GB (0x2079cb0)  kernel from: 0 to: 399360 -> range: 399360 (with blocking: 49920)
device: 0x2079cb0 duration: 0.73843
delta: 4.69095e+09
.device: 0x2079cb0 kernel from: 0 to: 200704 -> range: 200704
device: 0x2079cb0 duration: 0.43601
device: Tesla P100-PCIE-16GB (0x2079cb0)  kernel from: 0 to: 399360 -> range: 399360 (with blocking: 49920)
device: 0x2079cb0 duration: 0.738426
delta: 1.23297e+10
.device: 0x2079cb0 kernel from: 0 to: 200704 -> range: 200704
device: 0x2079cb0 duration: 0.435928
device: Tesla P100-PCIE-16GB (0x2079cb0)  kernel from: 0 to: 399360 -> range: 399360 (with blocking: 49920)
device: 0x2079cb0 duration: 0.738411
delta: 1.37172e+10
.device: 0x2079cb0 kernel from: 0 to: 200704 -> range: 200704
device: 0x2079cb0 duration: 0.43597
device: Tesla P100-PCIE-16GB (0x2079cb0)  kernel from: 0 to: 399360 -> range: 399360 (with blocking: 49920)
device: 0x2079cb0 duration: 0.738412
delta: 3.79095e+10
.device: 0x2079cb0 kernel from: 0 to: 200704 -> range: 200704
device: 0x2079cb0 duration: 0.43597
device: Tesla P100-PCIE-16GB (0x2079cb0)  kernel from: 0 to: 399360 -> range: 399360 (with blocking: 49920)
device: 0x2079cb0 duration: 0.738429
device: 0x2079cb0 kernel from: 0 to: 200704 -> range: 200704
device: 0x2079cb0 duration: 0.435926
device: Tesla P100-PCIE-16GB (0x2079cb0)  kernel from: 0 to: 399360 -> range: 399360 (with blocking: 49920)
device: 0x2079cb0 duration: 0.738419
delta: 4.34284e+09
.device: 0x2079cb0 kernel from: 0 to: 200704 -> range: 200704
device: 0x2079cb0 duration: 0.435943
device: Tesla P100-PCIE-16GB (0x2079cb0)  kernel from: 0 to: 399360 -> range: 399360 (with blocking: 49920)
device: 0x2079cb0 duration: 0.738431
delta: 1.49337e+10
.device: 0x2079cb0 kernel from: 0 to: 200704 -> range: 200704
device: 0x2079cb0 duration: 0.435975
device: Tesla P100-PCIE-16GB (0x2079cb0)  kernel from: 0 to: 399360 -> range: 399360 (with blocking: 49920)
device: 0x2079cb0 duration: 0.738419
delta: 4.37015e+09
.device: 0x2079cb0 kernel from: 0 to: 200704 -> range: 200704
device: 0x2079cb0 duration: 0.435992
device: Tesla P100-PCIE-16GB (0x2079cb0)  kernel from: 0 to: 399360 -> range: 399360 (with blocking: 49920)
device: 0x2079cb0 duration: 0.738415
delta: 7.95784e+09
.device: 0x2079cb0 kernel from: 0 to: 200704 -> range: 200704
device: 0x2079cb0 duration: 0.435993
device: Tesla P100-PCIE-16GB (0x2079cb0)  kernel from: 0 to: 399360 -> range: 399360 (with blocking: 49920)
device: 0x2079cb0 duration: 0.738427
delta: 8.34722e+09
.device: 0x2079cb0 kernel from: 0 to: 200704 -> range: 200704
device: 0x2079cb0 duration: 0.435952
device: Tesla P100-PCIE-16GB (0x2079cb0)  kernel from: 0 to: 399360 -> range: 399360 (with blocking: 49920)
device: 0x2079cb0 duration: 0.738426
delta: 5.15056e+09
.device: 0x2079cb0 kernel from: 0 to: 200704 -> range: 200704
device: 0x2079cb0 duration: 0.435987
device: Tesla P100-PCIE-16GB (0x2079cb0)  kernel from: 0 to: 399360 -> range: 399360 (with blocking: 49920)
device: 0x2079cb0 duration: 0.738426
delta: 6.64836e+09
.device: 0x2079cb0 kernel from: 0 to: 200704 -> range: 200704
device: 0x2079cb0 duration: 0.436003
device: Tesla P100-PCIE-16GB (0x2079cb0)  kernel from: 0 to: 399360 -> range: 399360 (with blocking: 49920)
device: 0x2079cb0 duration: 0.738417
delta: 5.66531e+09
.device: 0x2079cb0 kernel from: 0 to: 200704 -> range: 200704
device: 0x2079cb0 duration: 0.435987
device: Tesla P100-PCIE-16GB (0x2079cb0)  kernel from: 0 to: 399360 -> range: 399360 (with blocking: 49920)
device: 0x2079cb0 duration: 0.738418
delta: 3.91847e+09
.device: 0x2079cb0 kernel from: 0 to: 200704 -> range: 200704
device: 0x2079cb0 duration: 0.435582
device: Tesla P100-PCIE-16GB (0x2079cb0)  kernel from: 0 to: 399360 -> range: 399360 (with blocking: 49920)
device: 0x2079cb0 duration: 0.738428
delta: 7.43289e+09
.device: 0x2079cb0 kernel from: 0 to: 200704 -> range: 200704
device: 0x2079cb0 duration: 0.435997
device: Tesla P100-PCIE-16GB (0x2079cb0)  kernel from: 0 to: 399360 -> range: 399360 (with blocking: 49920)
device: 0x2079cb0 duration: 0.738427
delta: 1.11943e+10
.device: 0x2079cb0 kernel from: 0 to: 200704 -> range: 200704
device: 0x2079cb0 duration: 0.435984
device: Tesla P100-PCIE-16GB (0x2079cb0)  kernel from: 0 to: 399360 -> range: 399360 (with blocking: 49920)
device: 0x2079cb0 duration: 0.738421
delta: 1.06054e+10
.device: 0x2079cb0 kernel from: 0 to: 200704 -> range: 200704
device: 0x2079cb0 duration: 0.435978
device: Tesla P100-PCIE-16GB (0x2079cb0)  kernel from: 0 to: 399360 -> range: 399360 (with blocking: 49920)
device: 0x2079cb0 duration: 0.738431
delta: 3.42422e+09
.device: 0x2079cb0 kernel from: 0 to: 200704 -> range: 200704
device: 0x2079cb0 duration: 0.436007
device: Tesla P100-PCIE-16GB (0x2079cb0)  kernel from: 0 to: 399360 -> range: 399360 (with blocking: 49920)
device: 0x2079cb0 duration: 0.738415
delta: 5.82911e+09
.device: 0x2079cb0 kernel from: 0 to: 200704 -> range: 200704
device: 0x2079cb0 duration: 0.435992
device: Tesla P100-PCIE-16GB (0x2079cb0)  kernel from: 0 to: 399360 -> range: 399360 (with blocking: 49920)
device: 0x2079cb0 duration: 0.73842
delta: 6.40835e+09
.device: 0x2079cb0 kernel from: 0 to: 200704 -> range: 200704
device: 0x2079cb0 duration: 0.435943
device: Tesla P100-PCIE-16GB (0x2079cb0)  kernel from: 0 to: 399360 -> range: 399360 (with blocking: 49920)
device: 0x2079cb0 duration: 0.738428
delta: 5.77506e+09
.device: 0x2079cb0 kernel from: 0 to: 200704 -> range: 200704
device: 0x2079cb0 duration: 0.435976
device: Tesla P100-PCIE-16GB (0x2079cb0)  kernel from: 0 to: 399360 -> range: 399360 (with blocking: 49920)
device: 0x2079cb0 duration: 0.738425
delta: 7.79101e+09
.device: 0x2079cb0 kernel from: 0 to: 200704 -> range: 200704
device: 0x2079cb0 duration: 0.435967
device: Tesla P100-PCIE-16GB (0x2079cb0)  kernel from: 0 to: 399360 -> range: 399360 (with blocking: 49920)
device: 0x2079cb0 duration: 0.73841
delta: 3.59755e+09
.device: 0x2079cb0 kernel from: 0 to: 200704 -> range: 200704
device: 0x2079cb0 duration: 0.435967
device: Tesla P100-PCIE-16GB (0x2079cb0)  kernel from: 0 to: 399360 -> range: 399360 (with blocking: 49920)
device: 0x2079cb0 duration: 0.738433
delta: 8.12415e+09
.device: 0x2079cb0 kernel from: 0 to: 200704 -> range: 200704
device: 0x2079cb0 duration: 0.435988
device: Tesla P100-PCIE-16GB (0x2079cb0)  kernel from: 0 to: 399360 -> range: 399360 (with blocking: 49920)
device: 0x2079cb0 duration: 0.738426
delta: 9.40132e+09
.device: 0x2079cb0 kernel from: 0 to: 200704 -> range: 200704
device: 0x2079cb0 duration: 0.435943
device: Tesla P100-PCIE-16GB (0x2079cb0)  kernel from: 0 to: 399360 -> range: 399360 (with blocking: 49920)
device: 0x2079cb0 duration: 0.738417
delta: 3.36934e+09
.device: 0x2079cb0 kernel from: 0 to: 200704 -> range: 200704
device: 0x2079cb0 duration: 0.435968
device: Tesla P100-PCIE-16GB (0x2079cb0)  kernel from: 0 to: 399360 -> range: 399360 (with blocking: 49920)
device: 0x2079cb0 duration: 0.738421
delta: 9.61445e+09
.device: 0x2079cb0 kernel from: 0 to: 200704 -> range: 200704
device: 0x2079cb0 duration: 0.436024
device: Tesla P100-PCIE-16GB (0x2079cb0)  kernel from: 0 to: 399360 -> range: 399360 (with blocking: 49920)
device: 0x2079cb0 duration: 0.738421
delta: 1.2108e+10
.device: 0x2079cb0 kernel from: 0 to: 200704 -> range: 200704
device: 0x2079cb0 duration: 0.435568
device: Tesla P100-PCIE-16GB (0x2079cb0)  kernel from: 0 to: 399360 -> range: 399360 (with blocking: 49920)
device: 0x2079cb0 duration: 0.738419
delta: 1.14647e+10
.device: 0x2079cb0 kernel from: 0 to: 200704 -> range: 200704
device: 0x2079cb0 duration: 0.435946
device: Tesla P100-PCIE-16GB (0x2079cb0)  kernel from: 0 to: 399360 -> range: 399360 (with blocking: 49920)
device: 0x2079cb0 duration: 0.738429
delta: 2.65894e+09
.device: 0x2079cb0 kernel from: 0 to: 200704 -> range: 200704
device: 0x2079cb0 duration: 0.43598
device: Tesla P100-PCIE-16GB (0x2079cb0)  kernel from: 0 to: 399360 -> range: 399360 (with blocking: 49920)
device: 0x2079cb0 duration: 0.738427
delta: 4.07715e+09
.device: 0x2079cb0 kernel from: 0 to: 200704 -> range: 200704
device: 0x2079cb0 duration: 0.435527
device: Tesla P100-PCIE-16GB (0x2079cb0)  kernel from: 0 to: 399360 -> range: 399360 (with blocking: 49920)
device: 0x2079cb0 duration: 0.738431
delta: 3.55952e+09
.device: 0x2079cb0 kernel from: 0 to: 200704 -> range: 200704
device: 0x2079cb0 duration: 0.435981
device: Tesla P100-PCIE-16GB (0x2079cb0)  kernel from: 0 to: 399360 -> range: 399360 (with blocking: 49920)
device: 0x2079cb0 duration: 0.738428
delta: 5.80077e+09
.device: 0x2079cb0 kernel from: 0 to: 200704 -> range: 200704
device: 0x2079cb0 duration: 0.435953
device: Tesla P100-PCIE-16GB (0x2079cb0)  kernel from: 0 to: 399360 -> range: 399360 (with blocking: 49920)
device: 0x2079cb0 duration: 0.738426
delta: 1.26055e+10
.device: 0x2079cb0 kernel from: 0 to: 200704 -> range: 200704
device: 0x2079cb0 duration: 0.435971
device: Tesla P100-PCIE-16GB (0x2079cb0)  kernel from: 0 to: 399360 -> range: 399360 (with blocking: 49920)
device: 0x2079cb0 duration: 0.738412
delta: 3.07904e+09
.device: 0x2079cb0 kernel from: 0 to: 200704 -> range: 200704
device: 0x2079cb0 duration: 0.435978
device: Tesla P100-PCIE-16GB (0x2079cb0)  kernel from: 0 to: 399360 -> range: 399360 (with blocking: 49920)
device: 0x2079cb0 duration: 0.73843
delta: 7.25413e+09
.device: 0x2079cb0 kernel from: 0 to: 200704 -> range: 200704
device: 0x2079cb0 duration: 0.435932
device: Tesla P100-PCIE-16GB (0x2079cb0)  kernel from: 0 to: 399360 -> range: 399360 (with blocking: 49920)
device: 0x2079cb0 duration: 0.738415
delta: 3.72852e+09
.device: 0x2079cb0 kernel from: 0 to: 200704 -> range: 200704
device: 0x2079cb0 duration: 0.435966
device: Tesla P100-PCIE-16GB (0x2079cb0)  kernel from: 0 to: 399360 -> range: 399360 (with blocking: 49920)
device: 0x2079cb0 duration: 0.738417
delta: 4.71462e+09
.device: 0x2079cb0 kernel from: 0 to: 200704 -> range: 200704
device: 0x2079cb0 duration: 0.436007
device: Tesla P100-PCIE-16GB (0x2079cb0)  kernel from: 0 to: 399360 -> range: 399360 (with blocking: 49920)
device: 0x2079cb0 duration: 0.738428
delta: 6.95371e+09
.device: 0x2079cb0 kernel from: 0 to: 200704 -> range: 200704
device: 0x2079cb0 duration: 0.435993
device: Tesla P100-PCIE-16GB (0x2079cb0)  kernel from: 0 to: 399360 -> range: 399360 (with blocking: 49920)
device: 0x2079cb0 duration: 0.738424
delta: 3.93129e+09
.device: 0x2079cb0 kernel from: 0 to: 200704 -> range: 200704
device: 0x2079cb0 duration: 0.435996
device: Tesla P100-PCIE-16GB (0x2079cb0)  kernel from: 0 to: 399360 -> range: 399360 (with blocking: 49920)
device: 0x2079cb0 duration: 0.738414
delta: 3.38752e+09
.device: 0x2079cb0 kernel from: 0 to: 200704 -> range: 200704
device: 0x2079cb0 duration: 0.435948
device: Tesla P100-PCIE-16GB (0x2079cb0)  kernel from: 0 to: 399360 -> range: 399360 (with blocking: 49920)
device: 0x2079cb0 duration: 0.738431
delta: 3.64976e+09
.device: 0x2079cb0 kernel from: 0 to: 200704 -> range: 200704
device: 0x2079cb0 duration: 0.435989
device: Tesla P100-PCIE-16GB (0x2079cb0)  kernel from: 0 to: 399360 -> range: 399360 (with blocking: 49920)
device: 0x2079cb0 duration: 0.738422
delta: 7.10396e+09
.device: 0x2079cb0 kernel from: 0 to: 200704 -> range: 200704
device: 0x2079cb0 duration: 0.435985
device: Tesla P100-PCIE-16GB (0x2079cb0)  kernel from: 0 to: 399360 -> range: 399360 (with blocking: 49920)
device: 0x2079cb0 duration: 0.738423
delta: 4.71173e+09
.device: 0x2079cb0 kernel from: 0 to: 200704 -> range: 200704
device: 0x2079cb0 duration: 0.435998
device: Tesla P100-PCIE-16GB (0x2079cb0)  kernel from: 0 to: 399360 -> range: 399360 (with blocking: 49920)
device: 0x2079cb0 duration: 0.738424
delta: 2.23084e+09
.device: 0x2079cb0 kernel from: 0 to: 200704 -> range: 200704
device: 0x2079cb0 duration: 0.435984
device: Tesla P100-PCIE-16GB (0x2079cb0)  kernel from: 0 to: 399360 -> range: 399360 (with blocking: 49920)
device: 0x2079cb0 duration: 0.738411
delta: 1.26464e+10
.device: 0x2079cb0 kernel from: 0 to: 200704 -> range: 200704
device: 0x2079cb0 duration: 0.435986
device: Tesla P100-PCIE-16GB (0x2079cb0)  kernel from: 0 to: 399360 -> range: 399360 (with blocking: 49920)
device: 0x2079cb0 duration: 0.738416
delta: 4.26873e+09
.device: 0x2079cb0 kernel from: 0 to: 200704 -> range: 200704
device: 0x2079cb0 duration: 0.435519
device: Tesla P100-PCIE-16GB (0x2079cb0)  kernel from: 0 to: 399360 -> range: 399360 (with blocking: 49920)
device: 0x2079cb0 duration: 0.738414
delta: 2.56611e+09
.device: 0x2079cb0 kernel from: 0 to: 200704 -> range: 200704
device: 0x2079cb0 duration: 0.435968
device: Tesla P100-PCIE-16GB (0x2079cb0)  kernel from: 0 to: 399360 -> range: 399360 (with blocking: 49920)
device: 0x2079cb0 duration: 0.738415
delta: 6.41006e+09
.device: 0x2079cb0 kernel from: 0 to: 200704 -> range: 200704
device: 0x2079cb0 duration: 0.435968
device: Tesla P100-PCIE-16GB (0x2079cb0)  kernel from: 0 to: 399360 -> range: 399360 (with blocking: 49920)
device: 0x2079cb0 duration: 0.738415
delta: 1.65831e+09
.device: 0x2079cb0 kernel from: 0 to: 200704 -> range: 200704
device: 0x2079cb0 duration: 0.435957
device: Tesla P100-PCIE-16GB (0x2079cb0)  kernel from: 0 to: 399360 -> range: 399360 (with blocking: 49920)
device: 0x2079cb0 duration: 0.738425
delta: 3.63947e+09
.device: 0x2079cb0 kernel from: 0 to: 200704 -> range: 200704
device: 0x2079cb0 duration: 0.435996
device: Tesla P100-PCIE-16GB (0x2079cb0)  kernel from: 0 to: 399360 -> range: 399360 (with blocking: 49920)
device: 0x2079cb0 duration: 0.738425
delta: 7.4199e+09
.device: 0x2079cb0 kernel from: 0 to: 200704 -> range: 200704
device: 0x2079cb0 duration: 0.435973
device: Tesla P100-PCIE-16GB (0x2079cb0)  kernel from: 0 to: 399360 -> range: 399360 (with blocking: 49920)
device: 0x2079cb0 duration: 0.73842
delta: 1.89285e+09
.device: 0x2079cb0 kernel from: 0 to: 200704 -> range: 200704
device: 0x2079cb0 duration: 0.435944
device: Tesla P100-PCIE-16GB (0x2079cb0)  kernel from: 0 to: 399360 -> range: 399360 (with blocking: 49920)
device: 0x2079cb0 duration: 0.738416
delta: 3.10144e+09
.device: 0x2079cb0 kernel from: 0 to: 200704 -> range: 200704
device: 0x2079cb0 duration: 0.43597
device: Tesla P100-PCIE-16GB (0x2079cb0)  kernel from: 0 to: 399360 -> range: 399360 (with blocking: 49920)
device: 0x2079cb0 duration: 0.738419
delta: 4.13466e+09

Number of iterations: 100 (max. 100)
Final norm of residuum: 4.13466e+09
counted_mult_calls: 102

Needed Iterations: 100
Final residuum: 4.13466e+09
note: performance calculation: coefficients are reused
note: performance calculation: iterations for calculation : 103.5
note: performance calculation: additional iteration for residual recalculation : 2

Current Duration:: 121.94
Current GFlop/s: 5642.76

Finished Training!

Training took: 121.94 seconds

total_duration: 124.826
