binary_header_filename: ../../DissertationCodeTesla1/SGpp/datasets_WPDM18/gaussian_c10_size1000000_dim10_noise
level: 6
lambda: 1.77828e-08
OpenCL configuration file: OCL_configs/config_ocl_float_gtx1080ti.cfg
k: 6
threshold: 4074.07
using naive ocl knn
reading dataset...
info: binary dataset
Dataset load duration: 0.129395
dimension: 10
data points: 1020000
printing first two datapoints:
0.455971, 0.23104, 0.415448, 0.559524, 0.392029, 0.727333, 0.26555, 0.729712, 0.177172, 0.525939
0.655281, 0.58152, 0.642507, 0.802767, 0.463711, 0.26669, 0.224731, 0.236338, 0.730016, 0.626458
initial grid created, grid points: 77505
grid create duration: 0.244363s
Using configuration file OCL_configs/config_ocl_float_gtx1080ti.cfg
device name: GeForce GTX 1080 Ti
query_size: 4
max_compute_units: 28
last_duration_generate_b: 0.899013s
ops_generate_b: 4822.36
flops_generate_b: 5364.06 GFLOPS

b-based coarsening: removed 42818 grid points, remaining: 34687
Using configuration file OCL_configs/config_ocl_float_gtx1080ti.cfg
device name: GeForce GTX 1080 Ti
query_size: 4
max_compute_units: 28
Solving density SLE
Starting Conjugated Gradients
All temp variables used in CG have been initialized
Starting norm of residuum: 0.0622584
Target norm:               6.22584e-06
delta: 0.137045
delta: 0.0668512
delta: 0.118186
delta: 0.0556235
delta: 0.104601
delta: 0.0502623
delta: 0.106683
delta: 0.0992945
delta: 0.061331
delta: 0.0517226
delta: 0.072958
delta: 0.0305454
delta: 0.0522323
delta: 0.0442248
delta: 0.138206
delta: 0.0301778
delta: 0.0427401
delta: 0.0258487
delta: 0.0403791
delta: 0.0291049
delta: 0.0324964
delta: 0.124545
delta: 0.0482681
delta: 0.0194176
delta: 0.0180771
delta: 0.0330323
delta: 0.0163183
delta: 0.0418631
delta: 0.0661165
delta: 0.0176341
delta: 0.0110794
delta: 0.0155896
delta: 0.0230135
delta: 0.00913135
delta: 0.0653084
delta: 0.0116371
delta: 0.00860722
delta: 0.0140062
delta: 0.00730878
delta: 0.00461494
delta: 0.0291251
delta: 0.00953922
delta: 0.0101123
delta: 0.00579313
delta: 0.00727845
delta: 0.00804974
delta: 0.00490277
delta: 0.0104809
delta: 0.0206031
delta: 0.00395871
Number of iterations: 50 (max. 50)
Final norm of residuum: 0.00395871
counted_mult_calls: 51
act_it: 52
acc_duration_density: 1.97134s
ops_density: 8884.34 GOps
flops_density: 4506.76 GFLOPS
density_duration_total: 10.261s
surplus min: -16875.4 max: 48689.8
Starting graph creation...
Using configuration file OCL_configs/config_ocl_float_gtx1080ti.cfg
unpadded_datasize: 1020000 adding elements: 32 (* dims)
last_duration_create_graph: 5.21049s
ops_create_graph: 31212 GOps
flops_create_graph: 5990.23 GFLOPS
Pruning graph...
Using configuration file OCL_configs/config_ocl_float_gtx1080ti.cfg
last_duration_prune_graph: 2.21674s
ops_prune_graph: 15355.2 GOps
flops_prune_graph: 6926.94 GFLOPS
Finding clusters...
find_cluster_duration_total: 0.768654s
detected clusters: 10
datapoints in clusters: 999954
write cluster map duration:0.94193s
total_duration_without_disk: 20.7197
total_duration: 20.8492

all done!
ARI: 0.9998307988018861
