binary_header_filename: ../../DissertationCodeTesla1/SGpp/datasets_WPDM18/gaussian_c100_size1000000_dim10_noise
level: 7
lambda: 3.16228e-08
OpenCL configuration file: OCL_configs/config_ocl_float_gtx1080ti.cfg
k: 6
threshold: 1419.75
using naive ocl knn
reading dataset...
info: binary dataset
Dataset load duration: 0.113608
dimension: 10
data points: 1020000
printing first two datapoints:
0.761177, 0.218928, 0.356789, 0.334628, 0.526923, 0.592047, 0.216967, 0.559013, 0.58146, 0.719555
0.854362, 0.810024, 0.555204, 0.64013, 0.263688, 0.276989, 0.211694, 0.681618, 0.832303, 0.202619
initial grid created, grid points: 397825
grid create duration: 1.32633s
Using configuration file OCL_configs/config_ocl_float_gtx1080ti.cfg
device name: GeForce GTX 1080 Ti
query_size: 4
max_compute_units: 28
last_duration_generate_b: 4.06606s
ops_generate_b: 24752.7
flops_generate_b: 6087.64 GFLOPS

b-based coarsening: removed 117719 grid points, remaining: 280106
Using configuration file OCL_configs/config_ocl_float_gtx1080ti.cfg
device name: GeForce GTX 1080 Ti
query_size: 4
max_compute_units: 28
Solving density SLE
Starting Conjugated Gradients
All temp variables used in CG have been initialized
Starting norm of residuum: 0.0440288
Target norm:               4.40288e-06
delta: 0.0207419
delta: 0.060896
delta: 0.0376602
delta: 0.0285267
delta: 0.0609743
delta: 0.0495067
delta: 0.05055
delta: 0.0439355
delta: 0.0316906
delta: 0.0461273
delta: 0.0386022
delta: 0.0198843
delta: 0.0454451
delta: 0.0539631
delta: 0.0510501
delta: 0.0267704
delta: 0.029973
delta: 0.021212
delta: 0.0236319
delta: 0.0202998
delta: 0.052951
delta: 0.0405763
delta: 0.024226
delta: 0.0162035
delta: 0.0309198
delta: 0.0224459
delta: 0.0134536
delta: 0.0822384
delta: 0.0103197
delta: 0.0297202
delta: 0.0250865
delta: 0.0173717
delta: 0.0146438
delta: 0.0169539
delta: 0.0204628
delta: 0.014425
delta: 0.00799451
delta: 0.0117999
delta: 0.019405
delta: 0.00838544
delta: 0.0116831
delta: 0.0230341
delta: 0.0074376
delta: 0.016673
delta: 0.00658121
delta: 0.00689853
delta: 0.00675019
delta: 0.0242925
delta: 0.0227303
delta: 0.00908562
Number of iterations: 50 (max. 50)
Final norm of residuum: 0.00908562
counted_mult_calls: 51
act_it: 52
acc_duration_density: 103.974s
ops_density: 579344 GOps
flops_density: 5572.02 GFLOPS
density_duration_total: 119.699s
surplus min: -3535.09 max: 9964.7
Starting graph creation...
Using configuration file OCL_configs/config_ocl_float_gtx1080ti.cfg
unpadded_datasize: 1020000 adding elements: 32 (* dims)
last_duration_create_graph: 5.31731s
ops_create_graph: 31212 GOps
flops_create_graph: 5869.89 GFLOPS
Pruning graph...
Using configuration file OCL_configs/config_ocl_float_gtx1080ti.cfg
last_duration_prune_graph: 18.1858s
ops_prune_graph: 123997 GOps
flops_prune_graph: 6818.34 GFLOPS
Finding clusters...
find_cluster_duration_total: 0.785631s
detected clusters: 95
datapoints in clusters: 988073
write cluster map duration:0.93881s
total_duration_without_disk: 147.514
total_duration: 147.628

all done!
ARI: 0.9217706105722225
