binary_header_filename: ../../DissertationCodeTesla1/SGpp/datasets_WPDM18/gaussian_c100_size10000000_dim10_noise
level: 7
lambda: 1.77828e-08
OpenCL configuration file: OCL_configs/config_ocl_float_gtx1080ti.cfg
k: 6
threshold: 3580.25
using naive ocl knn
reading dataset...
info: binary dataset
Dataset load duration: 1.09313
dimension: 10
data points: 10200000
printing first two datapoints (if available):
0.214481, 0.554334, 0.642808, 0.825717, 0.647876, 0.197221, 0.361363, 0.79707, 0.63018, 0.871278
0.298784, 0.523701, 0.316682, 0.742123, 0.456755, 0.78974, 0.5497, 0.231498, 0.7254, 0.711656
initial grid created, grid points: 397825
grid create duration: 1.38285s
Using configuration file OCL_configs/config_ocl_float_gtx1080ti.cfg
device name: GeForce GTX 1080 Ti
query_size: 4
max_compute_units: 28
last_duration_generate_b: 39.9333s
ops_generate_b: 247527
flops_generate_b: 6198.51 GFLOPS

b-based coarsening: removed 128343 grid points, remaining: 269482
Using configuration file OCL_configs/config_ocl_float_gtx1080ti.cfg
device name: GeForce GTX 1080 Ti
query_size: 4
max_compute_units: 28
Solving density SLE
Starting Conjugated Gradients
All temp variables used in CG have been initialized
Starting norm of residuum: 0.0513459
Target norm:               5.13459e-06
delta: 0.0240592
delta: 0.0593917
delta: 0.0399581
delta: 0.0306768
delta: 0.0611023
delta: 0.0596937
delta: 0.0996994
delta: 0.0308593
delta: 0.0382894
delta: 0.0471834
delta: 0.0403764
delta: 0.0278748
delta: 0.0721007
delta: 0.0759034
delta: 0.0307065
delta: 0.0270485
delta: 0.0741822
delta: 0.0239021
delta: 0.0186635
delta: 0.134801
delta: 0.0464277
delta: 0.0290554
delta: 0.0200411
delta: 0.0267733
delta: 0.0314036
delta: 0.0677127
delta: 0.0370913
delta: 0.0124479
delta: 0.017132
delta: 0.0371801
delta: 0.0196726
delta: 0.105526
delta: 0.0210551
delta: 0.02514
delta: 0.0215994
delta: 0.0102477
delta: 0.0174993
delta: 0.0750622
delta: 0.00943182
delta: 0.0158151
delta: 0.0171851
delta: 0.0168676
delta: 0.00843778
delta: 0.0428667
delta: 0.0170433
delta: 0.016014
delta: 0.00853023
delta: 0.019502
delta: 0.0103093
delta: 0.0268507
Number of iterations: 50 (max. 50)
Final norm of residuum: 0.0268507
counted_mult_calls: 51
act_it: 52
acc_duration_density: 98.3212s
ops_density: 536230 GOps
flops_density: 5453.86 GFLOPS
density_duration_total: 150.096s
surplus min: -4110.08 max: 14751.7
Starting graph creation...
Using configuration file OCL_configs/config_ocl_float_gtx1080ti.cfg
unpadded_datasize: 10200000 adding elements: 64 (* dims)
last_duration_create_graph: 521.467s
ops_create_graph: 3.1212e+06 GOps
flops_create_graph: 5985.42 GFLOPS
Pruning graph...
Using configuration file OCL_configs/config_ocl_float_gtx1080ti.cfg
last_duration_prune_graph: 167.863s
ops_prune_graph: 1.19294e+06 GOps
flops_prune_graph: 7106.65 GFLOPS
Finding clusters...
find_cluster_duration_total: 7.85377s
detected clusters: 111
datapoints in clusters: 9809021
write cluster map duration:9.41989s
total_duration_without_disk: 862.221
total_duration: 863.314

all done!
ARI: 0.9516900807783666
(106, 100)
[[  1.91176000e+05   1.00000000e+05   1.00000000e+05   1.00000000e+05
    1.00000000e+05   1.00000000e+05   9.99550000e+04   1.00000000e+05
    1.00000000e+05   1.00000000e+05   1.00000000e+05   1.00000000e+05
    1.00000000e+05   1.00000000e+05   1.00000000e+05   1.00000000e+05
    1.00000000e+05   1.00000000e+05   1.00000000e+05   9.99920000e+04
    1.00000000e+05   9.99730000e+04   9.99970000e+04   1.00000000e+05
    9.96600000e+04   1.00000000e+05   1.00000000e+05   1.00000000e+05
    1.00000000e+05   1.00000000e+05   1.00000000e+05   1.00000000e+05
    1.00000000e+05   3.00000000e+05   1.00000000e+05   9.83360000e+04
    1.00000000e+05   7.88650000e+04   1.00000000e+05   1.00000000e+05
    1.00000000e+05   9.99410000e+04   1.00000000e+05   1.00000000e+05
    1.00000000e+05   1.00000000e+05   1.00000000e+05   9.92360000e+04
    1.00000000e+05   1.00000000e+05   1.00000000e+05   1.00000000e+05
    1.00000000e+05   1.00000000e+05   9.99970000e+04   1.00000000e+05
    1.00000000e+05   1.00000000e+05   1.00000000e+05   1.00000000e+05
    1.00000000e+05   9.99320000e+04   9.99990000e+04   9.95610000e+04
    7.40120000e+04   1.00000000e+05   1.00000000e+05   1.00000000e+05
    9.98770000e+04   1.00000000e+05   1.00000000e+05   1.00000000e+05
    1.00000000e+05   1.00000000e+05   9.99760000e+04   1.00000000e+05
    8.20760000e+04   9.99600000e+04   7.76410000e+04   1.00000000e+05
    9.98290000e+04   1.00000000e+05   1.00000000e+05   1.00000000e+05
    1.00000000e+05   1.00000000e+05   1.00000000e+05   1.00000000e+05
    1.00000000e+05   9.99460000e+04   1.00000000e+05   1.00000000e+05
    1.00000000e+05   1.00000000e+05   1.00000000e+05   1.00000000e+05
    1.00000000e+05   1.00000000e+05   4.00000000e+00   4.50000000e+01
    2.00000000e+00   2.00000000e+00   2.00000000e+00   4.00000000e+00
    2.00000000e+00   2.00000000e+00]]
