binary_header_filename: ../../DissertationCodeTesla1/SGpp/datasets_WPDM18/gaussian_c10_size1000000_dim10_noise
level: 6
lambda: 3.16e-07
OpenCL configuration file: OCL_configs/config_ocl_float_gtx1080ti.cfg
k: 6
threshold: 2222
using naive ocl knn
reading dataset...
info: binary dataset
Dataset load duration: 0.123436
dimension: 10
data points: 1020000
printing first two datapoints:
0.455971, 0.23104, 0.415448, 0.559524, 0.392029, 0.727333, 0.26555, 0.729712, 0.177172, 0.525939
0.655281, 0.58152, 0.642507, 0.802767, 0.463711, 0.26669, 0.224731, 0.236338, 0.730016, 0.626458
initial grid created, grid points: 77505
grid create duration: 0.243372s
Using configuration file OCL_configs/config_ocl_float_gtx1080ti.cfg
device name: GeForce GTX 1080 Ti
query_size: 4
max_compute_units: 28
last_duration_generate_b: 0.905737s
ops_generate_b: 4822.36
flops_generate_b: 5324.24 GFLOPS
Solving density SLE
Starting Conjugated Gradients
All temp variables used in CG have been initialized
Starting norm of residuum: 0.062259
Target norm:               6.2259e-06
delta: 0.179997
delta: 0.0741086
delta: 0.142228
delta: 0.0555119
delta: 0.0702407
delta: 0.0472096
delta: 0.0740638
delta: 0.03469
delta: 0.0316776
delta: 0.0218276
delta: 0.0360693
delta: 0.0129952
delta: 0.033008
delta: 0.00812268
delta: 0.00559919
delta: 0.0162646
delta: 0.0052706
delta: 0.00850135
delta: 0.0033225
delta: 0.00897149
delta: 0.00328504
delta: 0.0124897
delta: 0.00179502
delta: 0.000869435
delta: 0.0012574
delta: 0.000492807
delta: 0.0069879
delta: 0.00032348
delta: 0.00170728
delta: 0.000291794
delta: 0.000349433
delta: 0.000368303
delta: 7.6205e-05
delta: 5.12781e-05
delta: 8.29909e-05
delta: 0.000272484
delta: 8.9636e-05
delta: 7.37651e-05
delta: 4.66459e-05
delta: 3.87728e-05
delta: 1.43324e-05
delta: 6.57601e-05
delta: 2.14473e-05
delta: 8.46106e-06
delta: 2.17945e-05
delta: 3.74959e-05
delta: 3.60528e-05
delta: 7.93005e-06
delta: 2.35745e-06
Number of iterations: 49 (max. 1000)
Final norm of residuum: 2.35745e-06
counted_mult_calls: 50
act_it: 50
acc_duration_density: 8.2907s
ops_density: 42649.9 GOps
flops_density: 5144.3 GFLOPS
density_duration_total: 15.9457s
surplus min: -5507.33 max: 19145.8
Starting graph creation...
Using configuration file OCL_configs/config_ocl_float_gtx1080ti.cfg
unpadded_datasize: 1020000 adding elements: 32 (* dims)
last_duration_create_graph: 5.25657s
ops_create_graph: 31212 GOps
flops_create_graph: 5937.71 GFLOPS
Pruning graph...
Using configuration file OCL_configs/config_ocl_float_gtx1080ti.cfg
last_duration_prune_graph: 4.83386s
ops_prune_graph: 34309.9 GOps
flops_prune_graph: 7097.84 GFLOPS
Finding clusters...
find_cluster_duration_total: 0.783754s
detected clusters: 11
datapoints in clusters: 1000052
write cluster map duration:1.01671s
total_duration_without_disk: 29.208
total_duration: 29.3315

all done!
ARI: 0.9999213144219978
