binary_header_filename: ../../DissertationCodeTesla1/SGpp/datasets_WPDM18/gaussian_c100_size1000000_dim10_noise
level: 7
lambda: 1e-07
OpenCL configuration file: OCL_configs/config_ocl_float_gtx1080ti.cfg
k: 6
threshold: 1049.38
using naive ocl knn
reading dataset...
info: binary dataset
Dataset load duration: 0.119703
dimension: 10
data points: 1020000
printing first two datapoints (if available):
0.761177, 0.218928, 0.356789, 0.334628, 0.526923, 0.592047, 0.216967, 0.559013, 0.58146, 0.719555
0.854362, 0.810024, 0.555204, 0.64013, 0.263688, 0.276989, 0.211694, 0.681618, 0.832303, 0.202619
initial grid created, grid points: 397825
grid create duration: 1.32687s
Using configuration file OCL_configs/config_ocl_float_gtx1080ti.cfg
device name: GeForce GTX 1080 Ti
query_size: 4
max_compute_units: 28
last_duration_generate_b: 4.08626s
ops_generate_b: 24752.7
flops_generate_b: 6057.54 GFLOPS

b-based coarsening: removed 117719 grid points, remaining: 280106
Using configuration file OCL_configs/config_ocl_float_gtx1080ti.cfg
device name: GeForce GTX 1080 Ti
query_size: 4
max_compute_units: 28
Solving density SLE
Starting Conjugated Gradients
All temp variables used in CG have been initialized
Starting norm of residuum: 0.0440288
Target norm:               4.40288e-06
delta: 0.0207381
delta: 0.0606503
delta: 0.0373412
delta: 0.0280365
delta: 0.0592101
delta: 0.0476455
delta: 0.0471655
delta: 0.0424893
delta: 0.0293849
delta: 0.0424085
delta: 0.0347529
delta: 0.0175091
delta: 0.0393059
delta: 0.0460246
delta: 0.043608
delta: 0.0221889
delta: 0.0238399
delta: 0.0166987
delta: 0.0183327
delta: 0.0158552
delta: 0.0340049
delta: 0.0289003
delta: 0.0170297
delta: 0.0110117
delta: 0.0202381
delta: 0.0144396
delta: 0.00929824
delta: 0.0344811
delta: 0.00621151
delta: 0.0171052
delta: 0.0141299
delta: 0.00939218
delta: 0.0086027
delta: 0.0161059
delta: 0.0061788
delta: 0.00687371
delta: 0.00375127
delta: 0.00533506
delta: 0.00858138
delta: 0.00585119
delta: 0.00794533
delta: 0.00347985
delta: 0.00326204
delta: 0.0053328
delta: 0.00244638
delta: 0.00490756
delta: 0.00406142
delta: 0.0023862
delta: 0.00442124
delta: 0.00274478
Number of iterations: 50 (max. 50)
Final norm of residuum: 0.00274478
counted_mult_calls: 51
act_it: 52
acc_duration_density: 103.684s
ops_density: 579344 GOps
flops_density: 5587.6 GFLOPS
density_duration_total: 119.147s
surplus min: -2365.7 max: 6957.24
Starting graph creation...
Using configuration file OCL_configs/config_ocl_float_gtx1080ti.cfg
unpadded_datasize: 1020000 adding elements: 32 (* dims)
last_duration_create_graph: 5.30499s
ops_create_graph: 31212 GOps
flops_create_graph: 5883.52 GFLOPS
Pruning graph...
Using configuration file OCL_configs/config_ocl_float_gtx1080ti.cfg
last_duration_prune_graph: 17.3912s
ops_prune_graph: 123997 GOps
flops_prune_graph: 7129.89 GFLOPS
Finding clusters...
find_cluster_duration_total: 0.810856s
detected clusters: 95
datapoints in clusters: 990274
write cluster map duration:0.954323s
total_duration_without_disk: 146.176
total_duration: 146.296

all done!
ARI: 0.9337518392385402
(95, 100)
[[  9877.  10000.   9904.  20000.  10000.  10000.  10000.  10000.  10000.
    9997.  10000.  10000.  10000.  10000.  10000.  10000.  10000.  10000.
   20000.  10000.  10000.  10000.  10000.  10000.  10000.  20000.  10000.
   10000.  10000.  10000.  10000.   8881.  20000.  10000.  10000.  10000.
   10000.  10000.  10000.  10000.  10000.  10000.   9268.  10000.  10000.
   10000.   8011.  10000.  20000.  10000.  10000.  10000.  10000.  10000.
   10000.  10000.  10000.  10000.  10000.  20000.  10000.  10000.  10000.
   10000.  10000.  10000.  10000.  10000.  10000.  10000.  10000.  10000.
   10000.  10000.  10000.  10000.  10000.  10000.  10000.  10000.  10000.
   10000.  10000.  10000.  10000.  10000.  10000.  10000.  10000.  10000.
    4460.  10000.   9958.   9644.  10000.]]
