binary_header_filename: ../../DissertationCodeTesla1/SGpp/datasets_WPDM18/gaussian_c100_size1000000_dim10_noise
level: 7
lambda: 1e-07
OpenCL configuration file: OCL_configs/config_ocl_float_gtx1080ti.cfg
k: 6
threshold: 1049.38
using naive ocl knn
reading dataset...
info: binary dataset
Dataset load duration: 0.118418
dimension: 10
data points: 1020000
printing first two datapoints (if available):
0.761177, 0.218928, 0.356789, 0.334628, 0.526923, 0.592047, 0.216967, 0.559013, 0.58146, 0.719555
0.854362, 0.810024, 0.555204, 0.64013, 0.263688, 0.276989, 0.211694, 0.681618, 0.832303, 0.202619
initial grid created, grid points: 397825
grid create duration: 1.32224s
Using configuration file OCL_configs/config_ocl_float_gtx1080ti.cfg
device name: GeForce GTX 1080 Ti
query_size: 4
max_compute_units: 28
last_duration_generate_b: 4.05242s
ops_generate_b: 24752.7
flops_generate_b: 6108.13 GFLOPS
Solving density SLE
Starting Conjugated Gradients
All temp variables used in CG have been initialized
Starting norm of residuum: 0.0440302
Target norm:               4.40302e-06
delta: 0.0228199
delta: 0.0544764
delta: 0.0444728
delta: 0.0319131
delta: 0.0378208
delta: 0.0605145
delta: 0.0361845
delta: 0.026919
delta: 0.0394675
delta: 0.0164576
delta: 0.079264
delta: 0.058309
delta: 0.0218162
delta: 0.00958552
delta: 0.0140642
delta: 0.0492664
delta: 0.0138616
delta: 0.0130742
delta: 0.0296211
delta: 0.0221802
delta: 0.00620545
delta: 0.0828858
delta: 0.0101582
delta: 0.0220459
delta: 0.00500067
delta: 0.0112924
delta: 0.051359
delta: 0.00444604
delta: 0.0125649
delta: 0.00325877
delta: 0.00228613
delta: 0.0187257
delta: 0.00229531
delta: 0.00448618
delta: 0.0069899
delta: 0.00225407
delta: 0.0288797
delta: 0.00237326
delta: 0.00191755
delta: 0.00114263
delta: 0.00130417
delta: 0.005553
delta: 0.00143174
delta: 0.0031418
delta: 0.000543386
delta: 0.00114738
delta: 0.00319962
delta: 0.00071799
delta: 0.0019662
delta: 0.000565262
Number of iterations: 50 (max. 50)
Final norm of residuum: 0.000565262
counted_mult_calls: 51
act_it: 52
acc_duration_density: 211.566s
ops_density: 1.16863e+06 GOps
flops_density: 5523.69 GFLOPS
density_duration_total: 222.946s
surplus min: -2627.15 max: 7452.1
Starting graph creation...
Using configuration file OCL_configs/config_ocl_float_gtx1080ti.cfg
unpadded_datasize: 1020000 adding elements: 32 (* dims)
last_duration_create_graph: 5.29804s
ops_create_graph: 31212 GOps
flops_create_graph: 5891.23 GFLOPS
Pruning graph...
Using configuration file OCL_configs/config_ocl_float_gtx1080ti.cfg
last_duration_prune_graph: 24.8972s
ops_prune_graph: 176109 GOps
flops_prune_graph: 7073.46 GFLOPS
Finding clusters...
find_cluster_duration_total: 0.742152s
detected clusters: 96
datapoints in clusters: 993809
write cluster map duration:0.947131s
total_duration_without_disk: 257.369
total_duration: 257.488

all done!
ARI: 0.9285323108531481
(96, 100)
[[  6.34100000e+03   1.00000000e+04   9.98200000e+03   2.00000000e+04
    1.00000000e+04   1.00000000e+04   1.00000000e+04   1.00000000e+04
    1.00000000e+04   1.00000000e+04   1.00000000e+04   1.00000000e+04
    1.00000000e+04   1.00000000e+04   1.00000000e+04   1.00000000e+04
    1.00000000e+04   1.00000000e+04   2.00000000e+04   1.00000000e+04
    1.00000000e+04   1.00000000e+04   1.00000000e+04   1.00000000e+04
    1.00000000e+04   2.00000000e+04   1.00000000e+04   1.00000000e+04
    1.00000000e+04   1.00000000e+04   1.00000000e+04   9.37500000e+03
    2.00000000e+04   1.00000000e+04   1.00000000e+04   1.00000000e+04
    1.00000000e+04   1.00000000e+04   1.00000000e+04   1.00000000e+04
    1.00000000e+04   1.00000000e+04   9.56600000e+03   1.00000000e+04
    1.00000000e+04   1.00000000e+04   9.25300000e+03   1.00000000e+04
    2.00000000e+04   1.00000000e+04   1.00000000e+04   1.00000000e+04
    1.00000000e+04   1.00000000e+04   1.00000000e+04   1.00000000e+04
    1.00000000e+04   1.00000000e+04   1.00000000e+04   2.00000000e+04
    1.00000000e+04   1.00000000e+04   1.00000000e+04   1.00000000e+04
    1.00000000e+04   1.00000000e+04   1.00000000e+04   1.00000000e+04
    2.00000000e+04   1.00000000e+04   1.00000000e+04   1.00000000e+04
    1.00000000e+04   1.00000000e+04   1.00000000e+04   1.00000000e+04
    1.00000000e+04   1.00000000e+04   1.00000000e+04   1.00000000e+04
    1.00000000e+04   1.00000000e+04   1.00000000e+04   1.00000000e+04
    1.00000000e+04   1.00000000e+04   1.00000000e+04   1.00000000e+04
    1.00000000e+04   5.70500000e+03   1.00000000e+04   9.99500000e+03
    9.77900000e+03   1.00000000e+04   2.00000000e+00   2.00000000e+00]]
