binary_header_filename: ../../DissertationCodeTesla1/SGpp/datasets_WPDM18/gaussian_c100_size1000000_dim10_noise
level: 7
lambda: 1.77828e-08
OpenCL configuration file: OCL_configs/config_ocl_float_gtx1080ti.cfg
k: 6
threshold: 1851.85
using naive ocl knn
reading dataset...
info: binary dataset
Dataset load duration: 0.11831
dimension: 10
data points: 1020000
printing first two datapoints (if available):
0.761177, 0.218928, 0.356789, 0.334628, 0.526923, 0.592047, 0.216967, 0.559013, 0.58146, 0.719555
0.854362, 0.810024, 0.555204, 0.64013, 0.263688, 0.276989, 0.211694, 0.681618, 0.832303, 0.202619
initial grid created, grid points: 397825
grid create duration: 1.33483s
Using configuration file OCL_configs/config_ocl_float_gtx1080ti.cfg
device name: GeForce GTX 1080 Ti
query_size: 4
max_compute_units: 28
last_duration_generate_b: 4.0299s
ops_generate_b: 24752.7
flops_generate_b: 6142.25 GFLOPS
Solving density SLE
Starting Conjugated Gradients
All temp variables used in CG have been initialized
Starting norm of residuum: 0.0440302
Target norm:               4.40302e-06
delta: 0.0228249
delta: 0.0546912
delta: 0.0448646
delta: 0.0325014
delta: 0.0391094
delta: 0.0636493
delta: 0.0380884
delta: 0.0291227
delta: 0.0435438
delta: 0.0187673
delta: 0.0925795
delta: 0.0711584
delta: 0.0255335
delta: 0.0121508
delta: 0.0188916
delta: 0.0722059
delta: 0.0194363
delta: 0.0206148
delta: 0.0434843
delta: 0.0354467
delta: 0.0099458
delta: 0.142173
delta: 0.0176983
delta: 0.0411096
delta: 0.00983149
delta: 0.0227531
delta: 0.117985
delta: 0.0128446
delta: 0.0169751
delta: 0.00793399
delta: 0.00550201
delta: 0.144813
delta: 0.0075642
delta: 0.0114043
delta: 0.0576274
delta: 0.00653592
delta: 0.048608
delta: 0.0104122
delta: 0.00758659
delta: 0.00459451
delta: 0.0043845
delta: 0.012255
delta: 0.0208356
delta: 0.0346842
delta: 0.00253808
delta: 0.00641509
delta: 0.0045199
delta: 0.023613
delta: 0.0112171
delta: 0.00396092
Number of iterations: 50 (max. 50)
Final norm of residuum: 0.00396092
counted_mult_calls: 51
act_it: 52
acc_duration_density: 211.265s
ops_density: 1.16863e+06 GOps
flops_density: 5531.56 GFLOPS
density_duration_total: 222.588s
surplus min: -4882.23 max: 12924.1
Starting graph creation...
Using configuration file OCL_configs/config_ocl_float_gtx1080ti.cfg
unpadded_datasize: 1020000 adding elements: 32 (* dims)
last_duration_create_graph: 5.35264s
ops_create_graph: 31212 GOps
flops_create_graph: 5831.14 GFLOPS
Pruning graph...
Using configuration file OCL_configs/config_ocl_float_gtx1080ti.cfg
last_duration_prune_graph: 24.9899s
ops_prune_graph: 176109 GOps
flops_prune_graph: 7047.2 GFLOPS
Finding clusters...
find_cluster_duration_total: 0.70911s
detected clusters: 99
datapoints in clusters: 986621
write cluster map duration:0.952308s
total_duration_without_disk: 257.231
total_duration: 257.349

all done!
ARI: 0.9482352378432344
(99, 100)
[[  1.34840000e+04   1.00000000e+04   9.85900000e+03   2.00000000e+04
    1.00000000e+04   1.00000000e+04   1.00000000e+04   1.00000000e+04
    1.00000000e+04   9.97500000e+03   1.00000000e+04   1.00000000e+04
    1.00000000e+04   1.00000000e+04   1.00000000e+04   1.00000000e+04
    1.00000000e+04   1.00000000e+04   2.00000000e+04   1.00000000e+04
    1.00000000e+04   1.00000000e+04   1.00000000e+04   1.00000000e+04
    1.00000000e+04   1.00000000e+04   1.00000000e+04   1.00000000e+04
    1.00000000e+04   1.00000000e+04   1.00000000e+04   8.61500000e+03
    2.00000000e+04   1.00000000e+04   1.00000000e+04   1.00000000e+04
    1.00000000e+04   1.00000000e+04   1.00000000e+04   1.00000000e+04
    1.00000000e+04   1.00000000e+04   8.79200000e+03   1.00000000e+04
    1.00000000e+04   1.00000000e+04   7.53300000e+03   1.00000000e+04
    2.00000000e+04   9.99900000e+03   1.00000000e+04   1.00000000e+04
    1.00000000e+04   1.00000000e+04   1.00000000e+04   1.00000000e+04
    1.00000000e+04   1.00000000e+04   1.00000000e+04   1.00000000e+04
    1.00000000e+04   1.00000000e+04   1.00000000e+04   1.00000000e+04
    1.00000000e+04   1.00000000e+04   1.00000000e+04   1.00000000e+04
    1.00000000e+04   1.00000000e+04   1.00000000e+04   1.00000000e+04
    1.00000000e+04   1.00000000e+04   1.00000000e+04   1.00000000e+04
    1.00000000e+04   1.00000000e+04   1.00000000e+04   1.00000000e+04
    1.00000000e+04   1.00000000e+04   1.00000000e+04   1.00000000e+04
    1.00000000e+04   1.00000000e+04   1.00000000e+04   1.00000000e+04
    1.00000000e+04   1.00000000e+04   1.00000000e+04   1.00000000e+04
    1.00000000e+04   9.90800000e+03   9.05100000e+03   1.00000000e+04
    2.77900000e+03   3.00000000e+00   2.00000000e+00]]
