binary_header_filename: ../../DissertationCodeTesla1/SGpp/datasets_WPDM18//gaussian_c100_size1000000_dim10_noise
level: 7
lambda: 1e-06
OpenCL configuration file: OCL_configs/config_ocl_float_gtx1080ti.cfg
k: 6
threshold: 556
using naive ocl knn
reading dataset...
info: binary dataset
Dataset load duration: 0.132857
dimension: 10
data points: 1020000
printing first two datapoints (if available):
0.761177, 0.218928, 0.356789, 0.334628, 0.526923, 0.592047, 0.216967, 0.559013, 0.58146, 0.719555
0.854362, 0.810024, 0.555204, 0.64013, 0.263688, 0.276989, 0.211694, 0.681618, 0.832303, 0.202619
initial grid created, grid points: 397825
grid create duration: 1.42422s
Using configuration file OCL_configs/config_ocl_float_gtx1080ti.cfg
device name: GeForce GTX 1080 Ti
query_size: 4
max_compute_units: 28
last_duration_generate_b: 4.0554s
ops_generate_b: 24752.7
flops_generate_b: 6103.63 GFLOPS
Solving density SLE
Starting Conjugated Gradients
All temp variables used in CG have been initialized
Starting norm of residuum: 0.0440302
Target norm:               4.40302e-06
delta: 0.0227662
delta: 0.0522043
delta: 0.040487
delta: 0.0263514
delta: 0.0268883
delta: 0.0354235
delta: 0.0223369
delta: 0.0128135
delta: 0.0160162
delta: 0.00527968
delta: 0.0208103
delta: 0.0150187
delta: 0.00507932
delta: 0.00148946
delta: 0.00154097
delta: 0.00386133
delta: 0.00115102
delta: 0.000766263
delta: 0.00158197
delta: 0.00097899
delta: 0.000241499
delta: 0.00347325
delta: 0.000273173
delta: 0.000440172
delta: 8.18287e-05
delta: 0.000143168
delta: 0.000696858
delta: 4.63046e-05
delta: 0.000125762
delta: 2.13767e-05
delta: 1.08221e-05
delta: 0.00014349
delta: 6.45954e-06
delta: 1.25165e-05
delta: 9.37913e-06
delta: 3.53325e-06
Number of iterations: 36 (max. 1000)
Final norm of residuum: 3.53325e-06
counted_mult_calls: 37
act_it: 37
acc_duration_density: 153.14s
ops_density: 831523 GOps
flops_density: 5429.8 GFLOPS
density_duration_total: 164.64s
surplus min: -443.468 max: 1569.38
Starting graph creation...
Using configuration file OCL_configs/config_ocl_float_gtx1080ti.cfg
unpadded_datasize: 1020000 adding elements: 32 (* dims)
last_duration_create_graph: 5.2842s
ops_create_graph: 31212 GOps
flops_create_graph: 5906.66 GFLOPS
Pruning graph...
Using configuration file OCL_configs/config_ocl_float_gtx1080ti.cfg
last_duration_prune_graph: 24.7755s
ops_prune_graph: 176109 GOps
flops_prune_graph: 7108.18 GFLOPS
Finding clusters...
find_cluster_duration_total: 0.75294s
detected clusters: 98
size cluster i: 0 -> 10001
size cluster i: 1 -> 20002
size cluster i: 2 -> 10000
size cluster i: 3 -> 10000
size cluster i: 4 -> 10001
size cluster i: 5 -> 10000
size cluster i: 6 -> 10000
size cluster i: 7 -> 9787
size cluster i: 8 -> 10002
size cluster i: 9 -> 10000
size cluster i: 10 -> 10000
size cluster i: 11 -> 10005
size cluster i: 12 -> 10002
size cluster i: 13 -> 10000
size cluster i: 14 -> 9995
size cluster i: 15 -> 10001
size cluster i: 16 -> 20004
size cluster i: 17 -> 10003
size cluster i: 18 -> 10000
size cluster i: 19 -> 10000
size cluster i: 20 -> 10001
size cluster i: 21 -> 10003
size cluster i: 22 -> 10003
size cluster i: 23 -> 20006
size cluster i: 24 -> 10006
size cluster i: 25 -> 10001
size cluster i: 26 -> 10001
size cluster i: 27 -> 10000
size cluster i: 28 -> 10001
size cluster i: 29 -> 20006
size cluster i: 30 -> 10004
size cluster i: 31 -> 10003
size cluster i: 32 -> 10000
size cluster i: 33 -> 10001
size cluster i: 34 -> 10002
size cluster i: 35 -> 10002
size cluster i: 36 -> 10001
size cluster i: 37 -> 10005
size cluster i: 38 -> 10001
size cluster i: 39 -> 10003
size cluster i: 40 -> 10002
size cluster i: 41 -> 10001
size cluster i: 42 -> 4651
size cluster i: 43 -> 10001
size cluster i: 44 -> 20004
size cluster i: 45 -> 9999
size cluster i: 46 -> 10000
size cluster i: 47 -> 10002
size cluster i: 48 -> 10001
size cluster i: 49 -> 10000
size cluster i: 50 -> 10002
size cluster i: 51 -> 10001
size cluster i: 52 -> 10004
size cluster i: 53 -> 10001
size cluster i: 54 -> 10000
size cluster i: 55 -> 20008
size cluster i: 56 -> 10000
size cluster i: 57 -> 10001
size cluster i: 58 -> 10005
size cluster i: 59 -> 10003
size cluster i: 60 -> 10000
size cluster i: 61 -> 10002
size cluster i: 62 -> 10001
size cluster i: 63 -> 10001
size cluster i: 64 -> 20010
size cluster i: 65 -> 10004
size cluster i: 66 -> 10003
size cluster i: 67 -> 10002
size cluster i: 68 -> 10002
size cluster i: 69 -> 10001
size cluster i: 70 -> 10000
size cluster i: 71 -> 10005
size cluster i: 72 -> 5147
size cluster i: 73 -> 10001
size cluster i: 74 -> 10001
size cluster i: 75 -> 10000
size cluster i: 76 -> 10000
size cluster i: 77 -> 8392
size cluster i: 78 -> 10003
size cluster i: 79 -> 10000
size cluster i: 80 -> 10000
size cluster i: 81 -> 5277
size cluster i: 82 -> 10003
size cluster i: 83 -> 10000
size cluster i: 84 -> 10001
size cluster i: 85 -> 10001
size cluster i: 86 -> 10000
size cluster i: 87 -> 10000
size cluster i: 88 -> 10002
size cluster i: 89 -> 8985
size cluster i: 90 -> 7283
size cluster i: 91 -> 10000
size cluster i: 92 -> 1213
size cluster i: 93 -> 2
size cluster i: 94 -> 2
size cluster i: 95 -> 2
size cluster i: 96 -> 3
size cluster i: 97 -> 2
datapoints in clusters: 970890
score: 93.2816
total_duration_without_disk: 198.101
total_duration: 198.234

all done!
