binary_header_filename: ../../DissertationCodeTesla1/SGpp/datasets_WPDM18//gaussian_c100_size10000000_dim10_noise
level: 7
lambda: 1e-06
OpenCL configuration file: OCL_configs/config_ocl_float_gtx1080ti.cfg
k: 6
threshold: 1000
using naive ocl knn
reading dataset...
info: binary dataset
Dataset load duration: 1.10711
dimension: 10
data points: 10200000
printing first two datapoints (if available):
0.214481, 0.554334, 0.642808, 0.825717, 0.647876, 0.197221, 0.361363, 0.79707, 0.63018, 0.871278
0.298784, 0.523701, 0.316682, 0.742123, 0.456755, 0.78974, 0.5497, 0.231498, 0.7254, 0.711656
initial grid created, grid points: 397825
grid create duration: 1.41621s
Using configuration file OCL_configs/config_ocl_float_gtx1080ti.cfg
device name: GeForce GTX 1080 Ti
query_size: 4
max_compute_units: 28
last_duration_generate_b: 40.2745s
ops_generate_b: 247527
flops_generate_b: 6145.99 GFLOPS
Solving density SLE
Starting Conjugated Gradients
All temp variables used in CG have been initialized
Starting norm of residuum: 0.0513473
Target norm:               5.13473e-06
delta: 0.0266751
delta: 0.051841
delta: 0.0426241
delta: 0.0287407
delta: 0.0294308
delta: 0.0193135
delta: 0.0590057
delta: 0.0151807
delta: 0.0153489
delta: 0.00636329
delta: 0.0200613
delta: 0.00525503
delta: 0.016061
delta: 0.00153895
delta: 0.00165647
delta: 0.000975085
delta: 0.00728952
delta: 0.00175317
delta: 0.00115522
delta: 0.00101849
delta: 0.000231792
delta: 0.000411226
delta: 0.000777672
delta: 0.000637644
delta: 0.000102563
delta: 0.000119728
delta: 0.000335731
delta: 3.82338e-05
delta: 0.000433707
delta: 2.24914e-05
delta: 1.14491e-05
delta: 1.54191e-05
delta: 9.80574e-06
delta: 2.65425e-05
delta: 4.34094e-05
delta: 3.02262e-06
Number of iterations: 36 (max. 1000)
Final norm of residuum: 3.02262e-06
counted_mult_calls: 37
act_it: 37
acc_duration_density: 153.465s
ops_density: 831523 GOps
flops_density: 5418.31 GFLOPS
density_duration_total: 201.627s
surplus min: -435.461 max: 2246.44
Starting graph creation...
Using configuration file OCL_configs/config_ocl_float_gtx1080ti.cfg
unpadded_datasize: 10200000 adding elements: 64 (* dims)
last_duration_create_graph: 521.644s
ops_create_graph: 3.1212e+06 GOps
flops_create_graph: 5983.39 GFLOPS
Pruning graph...
Using configuration file OCL_configs/config_ocl_float_gtx1080ti.cfg
last_duration_prune_graph: 248.105s
ops_prune_graph: 1.76109e+06 GOps
flops_prune_graph: 7098.18 GFLOPS
Finding clusters...
find_cluster_duration_total: 9.46986s
detected clusters: 112
size cluster i: 0 -> 100003
size cluster i: 1 -> 100003
size cluster i: 2 -> 200016
size cluster i: 3 -> 100002
size cluster i: 4 -> 100007
size cluster i: 5 -> 99962
size cluster i: 6 -> 100004
size cluster i: 7 -> 100011
size cluster i: 8 -> 100008
size cluster i: 9 -> 100005
size cluster i: 10 -> 100004
size cluster i: 11 -> 100016
size cluster i: 12 -> 100001
size cluster i: 13 -> 100001
size cluster i: 14 -> 100003
size cluster i: 15 -> 200010
size cluster i: 16 -> 100002
size cluster i: 17 -> 100005
size cluster i: 18 -> 100001
size cluster i: 19 -> 100004
size cluster i: 20 -> 99971
size cluster i: 21 -> 100001
size cluster i: 22 -> 100006
size cluster i: 23 -> 99549
size cluster i: 24 -> 100004
size cluster i: 25 -> 100004
size cluster i: 26 -> 100002
size cluster i: 27 -> 100017
size cluster i: 28 -> 100010
size cluster i: 29 -> 200014
size cluster i: 30 -> 100000
size cluster i: 31 -> 100006
size cluster i: 32 -> 300032
size cluster i: 33 -> 100002
size cluster i: 34 -> 96341
size cluster i: 35 -> 100000
size cluster i: 36 -> 90653
size cluster i: 37 -> 100002
size cluster i: 38 -> 100000
size cluster i: 39 -> 100002
size cluster i: 40 -> 99995
size cluster i: 41 -> 100000
size cluster i: 42 -> 100001
size cluster i: 43 -> 100004
size cluster i: 44 -> 100001
size cluster i: 45 -> 100004
size cluster i: 46 -> 99980
size cluster i: 47 -> 100007
size cluster i: 48 -> 100006
size cluster i: 49 -> 100001
size cluster i: 50 -> 100005
size cluster i: 51 -> 100009
size cluster i: 52 -> 100000
size cluster i: 53 -> 99996
size cluster i: 54 -> 100012
size cluster i: 55 -> 100010
size cluster i: 56 -> 100000
size cluster i: 57 -> 100003
size cluster i: 58 -> 100001
size cluster i: 59 -> 100006
size cluster i: 60 -> 99954
size cluster i: 61 -> 100000
size cluster i: 62 -> 99904
size cluster i: 63 -> 73503
size cluster i: 64 -> 100002
size cluster i: 65 -> 100002
size cluster i: 66 -> 100013
size cluster i: 67 -> 99965
size cluster i: 68 -> 100005
size cluster i: 69 -> 100005
size cluster i: 70 -> 100004
size cluster i: 71 -> 100003
size cluster i: 72 -> 100003
size cluster i: 73 -> 100001
size cluster i: 74 -> 100001
size cluster i: 75 -> 82566
size cluster i: 76 -> 100005
size cluster i: 77 -> 79804
size cluster i: 78 -> 100006
size cluster i: 79 -> 99950
size cluster i: 80 -> 100000
size cluster i: 81 -> 100005
size cluster i: 82 -> 100003
size cluster i: 83 -> 100001
size cluster i: 84 -> 100002
size cluster i: 85 -> 100003
size cluster i: 86 -> 100000
size cluster i: 87 -> 100003
size cluster i: 88 -> 100004
size cluster i: 89 -> 100005
size cluster i: 90 -> 100002
size cluster i: 91 -> 100001
size cluster i: 92 -> 100001
size cluster i: 93 -> 100004
size cluster i: 94 -> 5
size cluster i: 95 -> 3
size cluster i: 96 -> 5
size cluster i: 97 -> 2
size cluster i: 98 -> 2
size cluster i: 99 -> 3
size cluster i: 100 -> 4
size cluster i: 101 -> 3
size cluster i: 102 -> 2
size cluster i: 103 -> 4
size cluster i: 104 -> 4
size cluster i: 105 -> 3
size cluster i: 106 -> 2
size cluster i: 107 -> 2
size cluster i: 108 -> 2
size cluster i: 109 -> 2
size cluster i: 110 -> 3
size cluster i: 111 -> 2
datapoints in clusters: 9822508
score: 84.7432
total_duration_without_disk: 986.635
total_duration: 987.742

all done!
