binary_header_filename: ../../DissertationCodeTesla1/SGpp/datasets_WPDM18//gaussian_c100_size1000000_dim10_noise
level: 7
lambda: 1e-06
OpenCL configuration file: OCL_configs/config_ocl_float_Vega7.cfg
k: 6
threshold: 556
using naive ocl knn
reading dataset...
info: binary dataset
Dataset load duration: 0.0672772
dimension: 10
data points: 1020000
printing first two datapoints (if available):
0.761177, 0.218928, 0.356789, 0.334628, 0.526923, 0.592047, 0.216967, 0.559013, 0.58146, 0.719555
0.854362, 0.810024, 0.555204, 0.64013, 0.263688, 0.276989, 0.211694, 0.681618, 0.832303, 0.202619
initial grid created, grid points: 397825
grid create duration: 1.28297s
Using configuration file OCL_configs/config_ocl_float_Vega7.cfg
pci id for fd 4: 1002:66af, driver (null)
pci id for fd 4: 1002:66af, driver (null)
OCL Info: 2 OpenCL platforms have been found
OCL Info: detected platform, name: "AMD Accelerated Parallel Processing"
OCL Info: detected platform vendor name: "Advanced Micro Devices, Inc."
OCL Info: using platform, name: "AMD Accelerated Parallel Processing"
OCL Info: detected device, name: "gfx906"
OCL Info: using device, name: "gfx906"
OCL Info: detected platform, name: "Clover"
OCL Info: detected platform vendor name: "Mesa"
device name: gfx906
query_size: 4
max_compute_units: 60
building with optimization flags: -cl-mad-enable -cl-denorms-are-zero -cl-no-signed-zeros -cl-unsafe-math-optimizations -cl-finite-math-only -cl-fast-relaxed-math
--- Begin Build Log ---

--- End Build Log ---
last_duration_generate_b: 2.91529s
ops_generate_b: 24752.7
flops_generate_b: 8490.65 GFLOPS
Solving density SLE
Starting Conjugated Gradients
All temp variables used in CG have been initialized
building with optimization flags: -cl-mad-enable -cl-denorms-are-zero -cl-no-signed-zeros -cl-unsafe-math-optimizations -cl-finite-math-only -cl-fast-relaxed-math
--- Begin Build Log ---

--- End Build Log ---
Starting norm of residuum: 0.0440302
Target norm:               4.40302e-06
delta: 0.0227662
delta: 0.0522043
delta: 0.040487
delta: 0.0263514
delta: 0.0268884
delta: 0.0354381
delta: 0.022331
delta: 0.0128135
delta: 0.0160163
delta: 0.00528124
delta: 0.0208509
delta: 0.0150958
delta: 0.00506678
delta: 0.00148946
delta: 0.00154176
delta: 0.00452834
delta: 0.00110233
delta: 0.000789445
delta: 0.00159964
delta: 0.000940802
delta: 0.000252307
delta: 0.00224854
delta: 0.000273397
delta: 0.000447462
delta: 8.09016e-05
delta: 0.000180075
delta: 0.000410167
delta: 5.92997e-05
delta: 7.71412e-05
delta: 2.13464e-05
delta: 1.77394e-05
delta: 2.33309e-05
delta: 6.224e-06
delta: 1.36131e-05
delta: 2.33279e-05
delta: 4.00068e-06
Number of iterations: 36 (max. 1000)
Final norm of residuum: 4.00068e-06
counted_mult_calls: 37
act_it: 37
acc_duration_density: 127.111s
ops_density: 831523 GOps
flops_density: 6541.71 GFLOPS
density_duration_total: 131.159s
surplus min: -443.462 max: 1569.35
Starting graph creation...
Using configuration file OCL_configs/config_ocl_float_Vega7.cfg
OCL Info: 2 OpenCL platforms have been found
OCL Info: detected platform, name: "AMD Accelerated Parallel Processing"
OCL Info: detected platform vendor name: "Advanced Micro Devices, Inc."
OCL Info: using platform, name: "AMD Accelerated Parallel Processing"
OCL Info: detected device, name: "gfx906"
OCL Info: using device, name: "gfx906"
OCL Info: detected platform, name: "Clover"
OCL Info: detected platform vendor name: "Mesa"
unpadded_datasize: 1020000 adding elements: 32 (* dims)
building with optimization flags: -cl-mad-enable -cl-denorms-are-zero -cl-no-signed-zeros -cl-unsafe-math-optimizations -cl-finite-math-only -cl-fast-relaxed-math
--- Begin Build Log ---

--- End Build Log ---
last_duration_create_graph: 5.70608s
ops_create_graph: 31212 GOps
flops_create_graph: 5469.95 GFLOPS
Pruning graph...
Using configuration file OCL_configs/config_ocl_float_Vega7.cfg
OCL Info: 2 OpenCL platforms have been found
OCL Info: detected platform, name: "AMD Accelerated Parallel Processing"
OCL Info: detected platform vendor name: "Advanced Micro Devices, Inc."
OCL Info: using platform, name: "AMD Accelerated Parallel Processing"
OCL Info: detected device, name: "gfx906"
OCL Info: using device, name: "gfx906"
OCL Info: detected platform, name: "Clover"
OCL Info: detected platform vendor name: "Mesa"
building with optimization flags: -cl-mad-enable -cl-denorms-are-zero -cl-no-signed-zeros -cl-unsafe-math-optimizations -cl-finite-math-only -cl-fast-relaxed-math
--- Begin Build Log ---

--- End Build Log ---
last_duration_prune_graph: 18.8462s
ops_prune_graph: 176109 GOps
flops_prune_graph: 9344.54 GFLOPS
Finding clusters...
find_cluster_duration_total: 0.790571s
detected clusters: 98
size cluster i: 0 -> 10001
size cluster i: 1 -> 20002
size cluster i: 2 -> 10000
size cluster i: 3 -> 10000
size cluster i: 4 -> 10001
size cluster i: 5 -> 10000
size cluster i: 6 -> 10000
size cluster i: 7 -> 9788
size cluster i: 8 -> 10002
size cluster i: 9 -> 10000
size cluster i: 10 -> 10000
size cluster i: 11 -> 10005
size cluster i: 12 -> 10002
size cluster i: 13 -> 10000
size cluster i: 14 -> 9995
size cluster i: 15 -> 10001
size cluster i: 16 -> 20004
size cluster i: 17 -> 10003
size cluster i: 18 -> 10000
size cluster i: 19 -> 10000
size cluster i: 20 -> 10001
size cluster i: 21 -> 10003
size cluster i: 22 -> 10003
size cluster i: 23 -> 20006
size cluster i: 24 -> 10006
size cluster i: 25 -> 10001
size cluster i: 26 -> 10001
size cluster i: 27 -> 10000
size cluster i: 28 -> 10001
size cluster i: 29 -> 20006
size cluster i: 30 -> 10004
size cluster i: 31 -> 10003
size cluster i: 32 -> 10000
size cluster i: 33 -> 10001
size cluster i: 34 -> 10002
size cluster i: 35 -> 10002
size cluster i: 36 -> 10001
size cluster i: 37 -> 10005
size cluster i: 38 -> 10001
size cluster i: 39 -> 10003
size cluster i: 40 -> 10002
size cluster i: 41 -> 10001
size cluster i: 42 -> 4652
size cluster i: 43 -> 10001
size cluster i: 44 -> 20004
size cluster i: 45 -> 9999
size cluster i: 46 -> 10000
size cluster i: 47 -> 10002
size cluster i: 48 -> 10001
size cluster i: 49 -> 10000
size cluster i: 50 -> 10002
size cluster i: 51 -> 10001
size cluster i: 52 -> 10004
size cluster i: 53 -> 10001
size cluster i: 54 -> 10000
size cluster i: 55 -> 20008
size cluster i: 56 -> 10000
size cluster i: 57 -> 10001
size cluster i: 58 -> 10005
size cluster i: 59 -> 10003
size cluster i: 60 -> 10000
size cluster i: 61 -> 10002
size cluster i: 62 -> 10001
size cluster i: 63 -> 10001
size cluster i: 64 -> 20010
size cluster i: 65 -> 10004
size cluster i: 66 -> 10003
size cluster i: 67 -> 10002
size cluster i: 68 -> 10002
size cluster i: 69 -> 10001
size cluster i: 70 -> 10000
size cluster i: 71 -> 10005
size cluster i: 72 -> 5148
size cluster i: 73 -> 10001
size cluster i: 74 -> 10001
size cluster i: 75 -> 10000
size cluster i: 76 -> 10000
size cluster i: 77 -> 8391
size cluster i: 78 -> 10003
size cluster i: 79 -> 10000
size cluster i: 80 -> 10000
size cluster i: 81 -> 5277
size cluster i: 82 -> 10003
size cluster i: 83 -> 10000
size cluster i: 84 -> 10001
size cluster i: 85 -> 10001
size cluster i: 86 -> 10000
size cluster i: 87 -> 10000
size cluster i: 88 -> 10002
size cluster i: 89 -> 8984
size cluster i: 90 -> 7283
size cluster i: 91 -> 10000
size cluster i: 92 -> 1214
size cluster i: 93 -> 2
size cluster i: 94 -> 2
size cluster i: 95 -> 2
size cluster i: 96 -> 3
size cluster i: 97 -> 2
datapoints in clusters: 970892
score: 93.2818
total_duration_without_disk: 158.164
total_duration: 158.231

all done!
