binary_header_filename: ../../DissertationCodeTesla1/SGpp/datasets_WPDM18//gaussian_c100_size1000000_dim10_noise
level: 7
lambda: 1e-07
OpenCL configuration file: OCL_configs/config_ocl_float_Vega7.cfg
k: 6
threshold: 1056
using naive ocl knn
reading dataset...
info: binary dataset
Dataset load duration: 0.0645595
dimension: 10
data points: 1020000
printing first two datapoints (if available):
0.761177, 0.218928, 0.356789, 0.334628, 0.526923, 0.592047, 0.216967, 0.559013, 0.58146, 0.719555
0.854362, 0.810024, 0.555204, 0.64013, 0.263688, 0.276989, 0.211694, 0.681618, 0.832303, 0.202619
initial grid created, grid points: 397825
grid create duration: 1.27036s
Using configuration file OCL_configs/config_ocl_float_Vega7.cfg
pci id for fd 4: 1002:66af, driver (null)
pci id for fd 4: 1002:66af, driver (null)
OCL Info: 2 OpenCL platforms have been found
OCL Info: detected platform, name: "AMD Accelerated Parallel Processing"
OCL Info: detected platform vendor name: "Advanced Micro Devices, Inc."
OCL Info: using platform, name: "AMD Accelerated Parallel Processing"
OCL Info: detected device, name: "gfx906"
OCL Info: using device, name: "gfx906"
OCL Info: detected platform, name: "Clover"
OCL Info: detected platform vendor name: "Mesa"
device name: gfx906
query_size: 4
max_compute_units: 60
building with optimization flags: -cl-mad-enable -cl-denorms-are-zero -cl-no-signed-zeros -cl-unsafe-math-optimizations -cl-finite-math-only -cl-fast-relaxed-math
--- Begin Build Log ---

--- End Build Log ---
last_duration_generate_b: 2.92691s
ops_generate_b: 24752.7
flops_generate_b: 8456.92 GFLOPS
Solving density SLE
Starting Conjugated Gradients
All temp variables used in CG have been initialized
building with optimization flags: -cl-mad-enable -cl-denorms-are-zero -cl-no-signed-zeros -cl-unsafe-math-optimizations -cl-finite-math-only -cl-fast-relaxed-math
--- Begin Build Log ---

--- End Build Log ---
Starting norm of residuum: 0.0440302
Target norm:               4.40302e-06
delta: 0.0228199
delta: 0.0544764
delta: 0.0444728
delta: 0.0319131
delta: 0.037821
delta: 0.0605456
delta: 0.0361733
delta: 0.026919
delta: 0.0394677
delta: 0.0164648
delta: 0.080022
delta: 0.0585901
delta: 0.0217082
delta: 0.00958547
delta: 0.0140627
delta: 0.0476506
delta: 0.0139968
delta: 0.0129914
delta: 0.0294004
delta: 0.0225429
delta: 0.00607563
delta: 0.108084
delta: 0.0102306
delta: 0.0218648
delta: 0.00512437
delta: 0.0102431
delta: 0.0587401
delta: 0.00455528
delta: 0.0120823
delta: 0.00325775
delta: 0.00212362
delta: 0.0484097
delta: 0.00230267
delta: 0.0044772
delta: 0.00776589
delta: 0.00216057
delta: 0.0223454
delta: 0.00252396
delta: 0.00195277
delta: 0.00111686
delta: 0.00116953
delta: 0.0058586
delta: 0.00161707
delta: 0.00418545
delta: 0.000529452
delta: 0.00119513
delta: 0.00744881
delta: 0.000618789
delta: 0.00194182
delta: 0.000598179
delta: 0.000618513
delta: 0.00128057
delta: 0.00317459
delta: 0.000397046
delta: 0.000975368
delta: 0.000201507
delta: 0.00045573
delta: 0.000213052
delta: 0.000833875
delta: 0.000472683
delta: 0.000250119
delta: 0.000624241
delta: 0.00029324
delta: 0.00013534
delta: 0.000189881
delta: 0.000642844
delta: 0.000215248
delta: 0.000102959
delta: 7.27096e-05
delta: 0.000465993
delta: 0.00102056
delta: 4.42431e-05
delta: 6.62529e-05
delta: 0.000379641
delta: 0.000260233
delta: 0.000133289
delta: 5.48826e-05
delta: 6.80814e-05
delta: 6.12118e-05
delta: 0.000143136
delta: 4.22108e-05
delta: 4.86514e-05
delta: 7.09582e-05
delta: 4.89274e-05
delta: 5.55424e-05
delta: 3.44076e-05
delta: 3.1134e-05
delta: 1.28623e-05
delta: 0.000148284
delta: 6.09333e-05
delta: 8.20445e-06
delta: 3.58938e-05
delta: 1.20267e-05
delta: 1.8668e-05
delta: 2.25832e-05
delta: 7.05488e-06
delta: 1.56519e-05
delta: 4.89494e-05
delta: 3.02274e-05
delta: 6.57981e-06
delta: 3.74708e-06
Number of iterations: 101 (max. 1000)
Final norm of residuum: 3.74708e-06
counted_mult_calls: 104
act_it: 104
acc_duration_density: 355.367s
ops_density: 2.33725e+06 GOps
flops_density: 6577.01 GFLOPS
density_duration_total: 360.201s
surplus min: -2852.95 max: 8139.91
Starting graph creation...
Using configuration file OCL_configs/config_ocl_float_Vega7.cfg
OCL Info: 2 OpenCL platforms have been found
OCL Info: detected platform, name: "AMD Accelerated Parallel Processing"
OCL Info: detected platform vendor name: "Advanced Micro Devices, Inc."
OCL Info: using platform, name: "AMD Accelerated Parallel Processing"
OCL Info: detected device, name: "gfx906"
OCL Info: using device, name: "gfx906"
OCL Info: detected platform, name: "Clover"
OCL Info: detected platform vendor name: "Mesa"
unpadded_datasize: 1020000 adding elements: 32 (* dims)
building with optimization flags: -cl-mad-enable -cl-denorms-are-zero -cl-no-signed-zeros -cl-unsafe-math-optimizations -cl-finite-math-only -cl-fast-relaxed-math
--- Begin Build Log ---

--- End Build Log ---
last_duration_create_graph: 5.91287s
ops_create_graph: 31212 GOps
flops_create_graph: 5278.66 GFLOPS
Pruning graph...
Using configuration file OCL_configs/config_ocl_float_Vega7.cfg
OCL Info: 2 OpenCL platforms have been found
OCL Info: detected platform, name: "AMD Accelerated Parallel Processing"
OCL Info: detected platform vendor name: "Advanced Micro Devices, Inc."
OCL Info: using platform, name: "AMD Accelerated Parallel Processing"
OCL Info: detected device, name: "gfx906"
OCL Info: using device, name: "gfx906"
OCL Info: detected platform, name: "Clover"
OCL Info: detected platform vendor name: "Mesa"
building with optimization flags: -cl-mad-enable -cl-denorms-are-zero -cl-no-signed-zeros -cl-unsafe-math-optimizations -cl-finite-math-only -cl-fast-relaxed-math
--- Begin Build Log ---

--- End Build Log ---
last_duration_prune_graph: 18.839s
ops_prune_graph: 176109 GOps
flops_prune_graph: 9348.11 GFLOPS
Finding clusters...
find_cluster_duration_total: 0.774868s
detected clusters: 98
size cluster i: 0 -> 10004
size cluster i: 1 -> 9976
size cluster i: 2 -> 20003
size cluster i: 3 -> 10000
size cluster i: 4 -> 10000
size cluster i: 5 -> 10001
size cluster i: 6 -> 10000
size cluster i: 7 -> 10000
size cluster i: 8 -> 10000
size cluster i: 9 -> 10003
size cluster i: 10 -> 10000
size cluster i: 11 -> 10001
size cluster i: 12 -> 10005
size cluster i: 13 -> 10001
size cluster i: 14 -> 10000
size cluster i: 15 -> 10000
size cluster i: 16 -> 10001
size cluster i: 17 -> 20001
size cluster i: 18 -> 10002
size cluster i: 19 -> 10000
size cluster i: 20 -> 10000
size cluster i: 21 -> 10001
size cluster i: 22 -> 10002
size cluster i: 23 -> 10003
size cluster i: 24 -> 20004
size cluster i: 25 -> 10003
size cluster i: 26 -> 10001
size cluster i: 27 -> 10001
size cluster i: 28 -> 10002
size cluster i: 29 -> 10001
size cluster i: 30 -> 9362
size cluster i: 31 -> 20007
size cluster i: 32 -> 10005
size cluster i: 33 -> 10001
size cluster i: 34 -> 10000
size cluster i: 35 -> 10001
size cluster i: 36 -> 10002
size cluster i: 37 -> 10001
size cluster i: 38 -> 10001
size cluster i: 39 -> 10004
size cluster i: 40 -> 10001
size cluster i: 41 -> 9523
size cluster i: 42 -> 10003
size cluster i: 43 -> 10002
size cluster i: 44 -> 10000
size cluster i: 45 -> 9269
size cluster i: 46 -> 10001
size cluster i: 47 -> 20004
size cluster i: 48 -> 10001
size cluster i: 49 -> 10002
size cluster i: 50 -> 10001
size cluster i: 51 -> 10001
size cluster i: 52 -> 10001
size cluster i: 53 -> 10002
size cluster i: 54 -> 10001
size cluster i: 55 -> 10003
size cluster i: 56 -> 10001
size cluster i: 57 -> 10001
size cluster i: 58 -> 10001
size cluster i: 59 -> 10000
size cluster i: 60 -> 10001
size cluster i: 61 -> 10005
size cluster i: 62 -> 10003
size cluster i: 63 -> 10000
size cluster i: 64 -> 10003
size cluster i: 65 -> 10001
size cluster i: 66 -> 10001
size cluster i: 67 -> 10007
size cluster i: 68 -> 10003
size cluster i: 69 -> 10003
size cluster i: 70 -> 10001
size cluster i: 71 -> 10002
size cluster i: 72 -> 10001
size cluster i: 73 -> 10000
size cluster i: 74 -> 10002
size cluster i: 75 -> 10001
size cluster i: 76 -> 10003
size cluster i: 77 -> 10000
size cluster i: 78 -> 10000
size cluster i: 79 -> 10000
size cluster i: 80 -> 10003
size cluster i: 81 -> 10000
size cluster i: 82 -> 10003
size cluster i: 83 -> 10001
size cluster i: 84 -> 10004
size cluster i: 85 -> 10000
size cluster i: 86 -> 10000
size cluster i: 87 -> 10001
size cluster i: 88 -> 10001
size cluster i: 89 -> 10000
size cluster i: 90 -> 5794
size cluster i: 91 -> 10002
size cluster i: 92 -> 9993
size cluster i: 93 -> 9770
size cluster i: 94 -> 10000
size cluster i: 95 -> 2
size cluster i: 96 -> 2
size cluster i: 97 -> 2
datapoints in clusters: 993833
score: 95.4859
total_duration_without_disk: 387.451
total_duration: 387.516

all done!
