dataset_size: 100000000

Arguments (Scenario):
--------------------- 
datasetFileName: /scratch/snx1600/pfandedd/datasets/gaussian_c3_size100000000_dim10
OpenCL configuration file: config_ocl_float_P100.cfg
level: 8
lambda: 1e-06
k: 5
threshold: 0.7


Setup:
------ 
Using default MPI network config setting...
Network initialized and ready
Network setup duration: 0.727482
dim: 10
Dataset load (on master) duration: 22.9911
Grid creation (on master) duration: 6.05535
Grid created! Number of grid points:     1862145


Create right-hand side of density equation: 
-------------------------------------------- 
RHS operation creation (includes grid and dataset transfers) duration: 9.8415
query_size: 4
max_compute_units: 56
query_size: 4
max_compute_units: 56
query_size: 4
max_compute_units: 56
query_size: 4
max_compute_units: 56
query_size: 4
max_compute_units: 56
query_size: 4
max_compute_units: 56
query_size: 4
max_compute_units: 56
query_size: 4
max_compute_units: 56
query_size: 4
max_compute_units: 56
query_size: 4
max_compute_units: 56
query_size: 4
max_compute_units: 56
query_size: 4
max_compute_units: 56
query_size: 4
max_compute_units: 56
query_size: 4
max_compute_units: 56
query_size: 4
max_compute_units: 56
query_size: 4
max_compute_units: 56
query_size: 4
max_compute_units: 56
query_size: 4
max_compute_units: 56
query_size: 4
max_compute_units: 56
query_size: 4
max_compute_units: 56
query_size: 4
max_compute_units: 56
query_size: 4
max_compute_units: 56
query_size: 4
max_compute_units: 56
query_size: 4
max_compute_units: 56
query_size: 4
max_compute_units: 56
query_size: 4
max_compute_units: 56
query_size: 4
max_compute_units: 56
query_size: 4
max_compute_units: 56
query_size: 4
max_compute_units: 56
query_size: 4
max_compute_units: 56
query_size: 4
max_compute_units: 56
query_size: 4
max_compute_units: 56
Node 10: Created slave operation "DensityRHSWorker"
Node 11: Created slave operation "DensityRHSWorker"
Node 4: Created slave operation "DensityRHSWorker"
Node 1: Created slave operation "DensityRHSWorker"
Node 8: Created slave operation "DensityRHSWorker"
Node 13: Created slave operation "DensityRHSWorker"
Node 5: Created slave operation "DensityRHSWorker"
Node 9: Created slave operation "DensityRHSWorker"
Node 12: Created slave operation "DensityRHSWorker"
Node 21: Created slave operation "DensityRHSWorker"
Node 20: Created slave operation "DensityRHSWorker"
Node 64: Created slave operation "DensityRHSWorker"
Node 17: Created slave operation "DensityRHSWorker"
Node 48: Created slave operation "DensityRHSWorker"
Node 16: Created slave operation "DensityRHSWorker"
Node 42: Created slave operation "DensityRHSWorker"
Node 52: Created slave operation "DensityRHSWorker"
Node 49: Created slave operation "DensityRHSWorker"
Node 3: Created slave operation "DensityRHSWorker"
Node 41: Created slave operation "DensityRHSWorker"
Node 53: Created slave operation "DensityRHSWorker"
Node 44: Created slave operation "DensityRHSWorker"
Node 40: Created slave operation "DensityRHSWorker"
Node 32: Created slave operation "DensityRHSWorker"
Node 2: Created slave operation "DensityRHSWorker"
Node 33: Created slave operation "DensityRHSWorker"
Node 43: Created slave operation "DensityRHSWorker"
Node 37: Created slave operation "DensityRHSWorker"
Node 36: Created slave operation "DensityRHSWorker"
Node 45: Created slave operation "DensityRHSWorker"
Node 35: Created slave operation "DensityRHSWorker"
Node 34: Created slave operation "DensityRHSWorker"
query_size: 4
max_compute_units: 56
query_size: 4
max_compute_units: 56
query_size: 4
max_compute_units: 56
query_size: 4
max_compute_units: 56
query_size: 4
max_compute_units: 56
query_size: 4
max_compute_units: 56
query_size: 4
max_compute_units: 56
query_size: 4
max_compute_units: 56
query_size: 4
max_compute_units: 56
query_size: 4
max_compute_units: 56
query_size: 4
max_compute_units: 56
query_size: 4
max_compute_units: 56
query_size: 4
max_compute_units: 56
query_size: 4
max_compute_units: 56
query_size: 4
max_compute_units: 56
query_size: 4
max_compute_units: 56
query_size: 4
max_compute_units: 56
query_size: 4
max_compute_units: 56
query_size: 4
max_compute_units: 56
query_size: 4
max_compute_units: 56
query_size: 4
max_compute_units: 56
query_size: 4
max_compute_units: 56
query_size: 4
max_compute_units: 56
query_size: 4
max_compute_units: 56
query_size: 4
max_compute_units: 56
query_size: 4
max_compute_units: 56
query_size: 4
max_compute_units: 56
query_size: 4
max_compute_units: 56
Node 14: Created slave operation "DensityRHSWorker"
Node 54: Created slave operation "DensityRHSWorker"
Node 51: Created slave operation "DensityRHSWorker"
Node 7: Created slave operation "DensityRHSWorker"
Node 56: Created slave operation "DensityRHSWorker"
Node 55: Created slave operation "DensityRHSWorker"
Node 23: Created slave operation "DensityRHSWorker"
Node 6: Created slave operation "DensityRHSWorker"
Node 28: Created slave operation "DensityRHSWorker"
Node 50: Created slave operation "DensityRHSWorker"
Node 22: Created slave operation "DensityRHSWorker"
Node 29: Created slave operation "DensityRHSWorker"
Node 57: Created slave operation "DensityRHSWorker"
Node 25: Created slave operation "DensityRHSWorker"
Node 61: Created slave operation "DensityRHSWorker"
Node 24: Created slave operation "DensityRHSWorker"
Node 58: Created slave operation "DensityRHSWorker"
Node 39: Created slave operation "DensityRHSWorker"
Node 60: Created slave operation "DensityRHSWorker"
Node 18: Created slave operation "DensityRHSWorker"
Node 15: Created slave operation "DensityRHSWorker"
Node 19: Created slave operation "DensityRHSWorker"
Node 59: Created slave operation "DensityRHSWorker"
Node 27: Created slave operation "DensityRHSWorker"
Node 26: Created slave operation "DensityRHSWorker"
Node 47: Created slave operation "DensityRHSWorker"
Node 38: Created slave operation "DensityRHSWorker"
Node 46: Created slave operation "DensityRHSWorker"
query_size: 4
max_compute_units: 56
query_size: 4
max_compute_units: 56
query_size: 4
max_compute_units: 56
query_size: 4
max_compute_units: 56
Node 62: Created slave operation "DensityRHSWorker"
Node 63: Created slave operation "DensityRHSWorker"
Node 31: Created slave operation "DensityRHSWorker"
Node 30: Created slave operation "DensityRHSWorker"
rhs creation duration: 72.3059s
Solve for alpha: 
--------------- 
Density mult operation creation (includes grid transfer) duration: 0.415539
Starting Conjugated Gradients
All temp variables used in CG have been initialized
query_size: 4
max_compute_units: 56
query_size: 4
max_compute_units: 56
query_size: 4
max_compute_units: 56
query_size: 4
max_compute_units: 56
query_size: 4
max_compute_units: 56
query_size: 4
max_compute_units: 56
query_size: 4
max_compute_units: 56
query_size: 4
max_compute_units: 56
query_size: 4
max_compute_units: 56
query_size: 4
max_compute_units: 56
query_size: 4
max_compute_units: 56
query_size: 4
max_compute_units: 56
query_size: 4
max_compute_units: 56
query_size: 4
max_compute_units: 56
query_size: 4
max_compute_units: 56
query_size: 4
max_compute_units: 56
query_size: 4
max_compute_units: 56
query_size: 4
max_compute_units: 56
query_size: 4
max_compute_units: 56
query_size: 4
max_compute_units: 56
query_size: 4
max_compute_units: 56
query_size: 4
max_compute_units: 56
query_size: 4
max_compute_units: 56
query_size: 4
max_compute_units: 56
query_size: 4
max_compute_units: 56
query_size: 4
max_compute_units: 56
query_size: 4
max_compute_units: 56
query_size: 4
max_compute_units: 56
query_size: 4
max_compute_units: 56
query_size: 4
max_compute_units: 56
query_size: 4
max_compute_units: 56
query_size: 4
max_compute_units: 56
query_size: 4
max_compute_units: 56
query_size: 4
max_compute_units: 56
query_size: 4
max_compute_units: 56
query_size: 4
max_compute_units: 56
query_size: 4
max_compute_units: 56
query_size: 4
max_compute_units: 56
query_size: 4
max_compute_units: 56
query_size: 4
max_compute_units: 56
query_size: 4
max_compute_units: 56
query_size: 4
max_compute_units: 56
query_size: 4
max_compute_units: 56
query_size: 4
max_compute_units: 56
query_size: 4
max_compute_units: 56
query_size: 4
max_compute_units: 56
query_size: 4
max_compute_units: 56
query_size: 4
max_compute_units: 56
query_size: 4
max_compute_units: 56
query_size: 4
max_compute_units: 56
query_size: 4
max_compute_units: 56
query_size: 4
max_compute_units: 56
query_size: 4
max_compute_units: 56
query_size: 4
max_compute_units: 56
query_size: 4
max_compute_units: 56
query_size: 4
max_compute_units: 56
query_size: 4
max_compute_units: 56
query_size: 4
max_compute_units: 56
query_size: 4
max_compute_units: 56
query_size: 4
max_compute_units: 56
query_size: 4
max_compute_units: 56
query_size: 4
max_compute_units: 56
query_size: 4
max_compute_units: 56
query_size: 4
max_compute_units: 56
Node 64: Created slave operation "DensityMultiplicationWorker"
Node 33: Created slave operation "DensityMultiplicationWorker"
Node 5: Created slave operation "DensityMultiplicationWorker"
Node 37: Created slave operation "DensityMultiplicationWorker"
Node 16: Created slave operation "DensityMultiplicationWorker"
Node 42: Created slave operation "DensityMultiplicationWorker"
Node 35: Created slave operation "DensityMultiplicationWorker"
Node 52: Created slave operation "DensityMultiplicationWorker"
Node 34: Created slave operation "DensityMultiplicationWorker"
Node 3: Created slave operation "DensityMultiplicationWorker"
Node 21: Created slave operation "DensityMultiplicationWorker"
Node 1: Created slave operation "DensityMultiplicationWorker"
Node 17: Created slave operation "DensityMultiplicationWorker"
Node 13: Created slave operation "DensityMultiplicationWorker"
Node 20: Created slave operation "DensityMultiplicationWorker"
Node 11: Created slave operation "DensityMultiplicationWorker"
Node 8: Created slave operation "DensityMultiplicationWorker"
Node 43: Created slave operation "DensityMultiplicationWorker"
Node 44: Created slave operation "DensityMultiplicationWorker"
Node 45: Created slave operation "DensityMultiplicationWorker"
Node 9: Created slave operation "DensityMultiplicationWorker"
Node 41: Created slave operation "DensityMultiplicationWorker"
Node 49: Created slave operation "DensityMultiplicationWorker"
Node 14: Created slave operation "DensityMultiplicationWorker"
Node 40: Created slave operation "DensityMultiplicationWorker"
Node 12: Created slave operation "DensityMultiplicationWorker"
Node 2: Created slave operation "DensityMultiplicationWorker"
Node 10: Created slave operation "DensityMultiplicationWorker"
Node 48: Created slave operation "DensityMultiplicationWorker"
Node 18: Created slave operation "DensityMultiplicationWorker"
Node 32: Created slave operation "DensityMultiplicationWorker"
Node 29: Created slave operation "DensityMultiplicationWorker"
Node 57: Created slave operation "DensityMultiplicationWorker"
Node 47: Created slave operation "DensityMultiplicationWorker"
Node 53: Created slave operation "DensityMultiplicationWorker"
Node 4: Created slave operation "DensityMultiplicationWorker"
Node 23: Created slave operation "DensityMultiplicationWorker"
Node 27: Created slave operation "DensityMultiplicationWorker"
Node 60: Created slave operation "DensityMultiplicationWorker"
Node 36: Created slave operation "DensityMultiplicationWorker"
Node 6: Created slave operation "DensityMultiplicationWorker"
Node 7: Created slave operation "DensityMultiplicationWorker"
Node 55: Created slave operation "DensityMultiplicationWorker"
Node 22: Created slave operation "DensityMultiplicationWorker"
Node 54: Created slave operation "DensityMultiplicationWorker"
Node 59: Created slave operation "DensityMultiplicationWorker"
Node 19: Created slave operation "DensityMultiplicationWorker"
Node 39: Created slave operation "DensityMultiplicationWorker"
Node 61: Created slave operation "DensityMultiplicationWorker"
Node 25: Created slave operation "DensityMultiplicationWorker"
Node 28: Created slave operation "DensityMultiplicationWorker"
Node 38: Created slave operation "DensityMultiplicationWorker"
Node 15: Created slave operation "DensityMultiplicationWorker"
Node 46: Created slave operation "DensityMultiplicationWorker"
Node 51: Created slave operation "DensityMultiplicationWorker"
Node 50: Created slave operation "DensityMultiplicationWorker"
Node 24: Created slave operation "DensityMultiplicationWorker"
Node 56: Created slave operation "DensityMultiplicationWorker"
Node 26: Created slave operation "DensityMultiplicationWorker"
Node 58: Created slave operation "DensityMultiplicationWorker"
Node 63: Created slave operation "DensityMultiplicationWorker"
Node 30: Created slave operation "DensityMultiplicationWorker"
Node 31: Created slave operation "DensityMultiplicationWorker"
Node 62: Created slave operation "DensityMultiplicationWorker"
MPI muliplication duration: 4.45249
Starting norm of residuum: 0.686931
Target norm:               6.86931e-07
MPI muliplication duration: 4.23612
delta: 1.43904
MPI muliplication duration: 4.2356
delta: 0.60901
MPI muliplication duration: 4.24094
delta: 0.952153
MPI muliplication duration: 4.23333
delta: 0.340916
MPI muliplication duration: 4.2349
delta: 0.467407
MPI muliplication duration: 4.23396
delta: 1.58131
MPI muliplication duration: 4.23103
delta: 0.176778
MPI muliplication duration: 4.23297
delta: 0.188102
MPI muliplication duration: 4.23343
delta: 0.250116
MPI muliplication duration: 4.23286
delta: 0.589018
MPI muliplication duration: 4.23332
delta: 0.0922983
MPI muliplication duration: 4.23256
delta: 0.303793
MPI muliplication duration: 4.23296
delta: 0.084686
MPI muliplication duration: 4.23469
delta: 0.109061
MPI muliplication duration: 4.23281
delta: 0.0554764
MPI muliplication duration: 4.24208
delta: 0.0237888
MPI muliplication duration: 4.23603
delta: 0.054173
MPI muliplication duration: 4.23358
delta: 0.130488
MPI muliplication duration: 4.23205
delta: 0.0410291
MPI muliplication duration: 4.24152
delta: 0.0424309
MPI muliplication duration: 4.23627
delta: 0.0138731
MPI muliplication duration: 4.23296
delta: 0.0187538
MPI muliplication duration: 4.23376
delta: 0.15276
MPI muliplication duration: 4.23354
delta: 0.00880687
MPI muliplication duration: 4.23324
delta: 0.00519568
MPI muliplication duration: 4.23549
delta: 0.00789844
MPI muliplication duration: 4.23368
delta: 0.0298432
MPI muliplication duration: 4.23674
delta: 0.010342
MPI muliplication duration: 4.23415
delta: 0.00582916
MPI muliplication duration: 4.23284
delta: 0.00217707
MPI muliplication duration: 4.233
delta: 0.00619869
MPI muliplication duration: 4.23353
delta: 0.00100725
MPI muliplication duration: 4.2341
delta: 0.00430058
MPI muliplication duration: 4.23342
delta: 0.000891231
MPI muliplication duration: 4.23355
delta: 0.00227224
MPI muliplication duration: 4.23361
delta: 0.00590291
MPI muliplication duration: 4.23329
delta: 0.000737711
MPI muliplication duration: 4.23411
delta: 0.000463582
MPI muliplication duration: 4.23515
delta: 0.00022024
MPI muliplication duration: 4.23309
delta: 0.00107435
MPI muliplication duration: 4.23331
delta: 0.000374068
MPI muliplication duration: 4.23292
delta: 0.000226893
MPI muliplication duration: 4.23434
delta: 0.000926801
MPI muliplication duration: 4.23371
delta: 0.000423932
MPI muliplication duration: 4.23611
delta: 7.27093e-05
MPI muliplication duration: 4.23601
delta: 0.000100368
MPI muliplication duration: 4.23289
delta: 5.84309e-05
MPI muliplication duration: 4.23277
delta: 0.000108661
MPI muliplication duration: 4.23544
delta: 3.68181e-05
MPI muliplication duration: 4.23325
delta: 4.00743e-05
MPI muliplication duration: 4.23383
MPI muliplication duration: 4.23427
delta: 3.35994e-05
MPI muliplication duration: 4.23285
delta: 0.000138594
MPI muliplication duration: 4.23749
delta: 4.27052e-05
MPI muliplication duration: 4.23353
delta: 3.97053e-05
MPI muliplication duration: 4.23359
delta: 3.4555e-05
MPI muliplication duration: 4.2332
delta: 3.87654e-05
MPI muliplication duration: 4.23301
delta: 1.64261e-05
MPI muliplication duration: 4.23344
delta: 2.06422e-05
MPI muliplication duration: 4.237
delta: 1.9978e-05
MPI muliplication duration: 4.23476
delta: 2.11159e-05
MPI muliplication duration: 4.23277
delta: 1.23555e-05
MPI muliplication duration: 4.23419
delta: 5.69179e-06
MPI muliplication duration: 4.23445
delta: 4.02848e-05
MPI muliplication duration: 4.23277
delta: 6.74901e-06
MPI muliplication duration: 4.23313
delta: 8.34142e-06
MPI muliplication duration: 4.23277
delta: 1.18707e-05
MPI muliplication duration: 4.23504
delta: 6.60646e-06
MPI muliplication duration: 4.23332
delta: 2.04485e-06
MPI muliplication duration: 4.23396
delta: 5.51618e-06
MPI muliplication duration: 4.23352
delta: 7.33165e-06
MPI muliplication duration: 4.23491
delta: 7.70249e-06
MPI muliplication duration: 4.23822
delta: 1.20717e-05
MPI muliplication duration: 4.2338
delta: 1.22595e-06
MPI muliplication duration: 4.23484
delta: 4.91879e-06
MPI muliplication duration: 4.23391
delta: 2.87368e-06
MPI muliplication duration: 4.23323
delta: 1.74522e-06
MPI muliplication duration: 4.23463
delta: 2.40736e-06
MPI muliplication duration: 4.23334
delta: 1.22871e-06
MPI muliplication duration: 4.23333
delta: 1.10139e-06
MPI muliplication duration: 4.23331
delta: 2.06256e-06
MPI muliplication duration: 4.23343
delta: 2.30816e-06
MPI muliplication duration: 4.23348
delta: 4.0155e-07
Number of iterations: 82 (max. 1000)
Final norm of residuum: 4.0155e-07
counted_mult_calls: 84
solver duration: 360.233s
Number of grid points:     1862145


Create and prune graph: 
----------------------- 
Getting dataset from enviroment cache
Dataset should be cached
Getting dataset from enviroment cache
Dataset should be cached
Getting dataset from enviroment cache
Getting dataset from enviroment cache
Dataset should be cached
Getting dataset from enviroment cache
Dataset should be cached
Getting dataset from enviroment cache
Dataset should be cached
Getting dataset from enviroment cache
Dataset should be cached
Dataset should be cached
Getting dataset from enviroment cache
Dataset should be cached
Dataset should be cached
Getting dataset from enviroment cache
Getting dataset from enviroment cache
Dataset should be cached
Getting dataset from enviroment cache
Dataset should be cached
Getting dataset from enviroment cache
Dataset should be cached
Getting dataset from enviroment cache
Dataset should be cached
Getting dataset from enviroment cache
Dataset should be cached
Getting dataset from enviroment cache
Dataset should be cached
Getting dataset from enviroment cache
Getting dataset from enviroment cache
Getting dataset from enviroment cache
Dataset should be cached
Dataset should be cached
Dataset should be cached
Dataset should be cached
Getting dataset from enviroment cache
Dataset should be cached
Getting dataset from enviroment cache
Dataset should be cached
Getting dataset from enviroment cache
Getting dataset from enviroment cache
Getting dataset from enviroment cache
Getting dataset from enviroment cache
Getting dataset from enviroment cache
Dataset should be cached
Dataset should be cached
Getting dataset from enviroment cache
Dataset should be cached
Getting dataset from enviroment cache
Dataset should be cached
Dataset should be cached
Getting dataset from enviroment cache
Dataset should be cached
Dataset should be cached
Getting dataset from enviroment cache
Dataset should be cached
Getting dataset from enviroment cache
Dataset should be cached
Dataset should be cached
Getting dataset from enviroment cache
Dataset should be cached
Getting dataset from enviroment cache
Dataset should be cached
Getting dataset from enviroment cache
Dataset should be cached
Getting dataset from enviroment cache
Dataset should be cached
Getting dataset from enviroment cache
Dataset should be cached
Getting dataset from enviroment cache
Dataset should be cached
Getting dataset from enviroment cache
Dataset should be cached
Getting dataset from enviroment cache
Dataset should be cached
Getting dataset from enviroment cache
Dataset should be cached
Getting dataset from enviroment cache
Dataset should be cached
Getting dataset from enviroment cache
Dataset should be cached
Getting dataset from enviroment cache
Dataset should be cached
Getting dataset from enviroment cache
Dataset should be cached
Getting dataset from enviroment cache
Dataset should be cached
Getting dataset from enviroment cache
Dataset should be cached
Getting dataset from enviroment cache
Dataset should be cached
Getting dataset from enviroment cache
Dataset should be cached
Getting dataset from enviroment cache
Dataset should be cached
Getting dataset from enviroment cache
Dataset should be cached
Getting dataset from enviroment cache
Dataset should be cached
Getting dataset from enviroment cache
Dataset should be cached
Getting dataset from enviroment cache
Dataset should be cached
Getting dataset from enviroment cache
Dataset should be cached
Getting dataset from enviroment cache
Dataset should be cached
Getting dataset from enviroment cache
Dataset should be cached
Getting dataset from enviroment cache
Dataset should be cached
Getting dataset from enviroment cache
Dataset should be cached
Getting dataset from enviroment cache
Dataset should be cached
Getting dataset from enviroment cache
Dataset should be cached
Getting dataset from enviroment cache
Dataset should be cached
Getting dataset from enviroment cache
Dataset should be cached
Getting dataset from enviroment cache
Dataset should be cached
Getting dataset from enviroment cache
Dataset should be cached
Getting dataset from enviroment cache
Dataset should be cached
KNN (create and prune) operation creation (includes cached dataset transfer) duration: 3.78921
unpadded_datasize: 100000000 adding elements: 128 (* dims)
unpadded_datasize: 100000000 adding elements: 128 (* dims)
unpadded_datasize: 100000000 adding elements: 128 (* dims)
unpadded_datasize: 100000000 adding elements: 128 (* dims)
unpadded_datasize: 100000000 adding elements: 128 (* dims)
unpadded_datasize: 100000000 adding elements: 128 (* dims)
unpadded_datasize: 100000000 adding elements: 128 (* dims)
unpadded_datasize: 100000000 adding elements: 128 (* dims)
unpadded_datasize: 100000000 adding elements: 128 (* dims)
unpadded_datasize: 100000000 adding elements: 128 (* dims)
unpadded_datasize: 100000000 adding elements: 128 (* dims)
unpadded_datasize: 100000000 adding elements: 128 (* dims)
unpadded_datasize: 100000000 adding elements: 128 (* dims)
unpadded_datasize: 100000000 adding elements: 128 (* dims)
unpadded_datasize: 100000000 adding elements: 128 (* dims)
unpadded_datasize: 100000000 adding elements: 128 (* dims)
unpadded_datasize: 100000000 adding elements: 128 (* dims)
unpadded_datasize: 100000000 adding elements: 128 (* dims)
unpadded_datasize: 100000000 adding elements: 128 (* dims)
unpadded_datasize: 100000000 adding elements: 128 (* dims)
unpadded_datasize: 100000000 adding elements: 128 (* dims)
unpadded_datasize: 100000000 adding elements: 128 (* dims)
unpadded_datasize: 100000000 adding elements: 128 (* dims)
unpadded_datasize: 100000000 adding elements: 128 (* dims)
unpadded_datasize: 100000000 adding elements: 128 (* dims)
unpadded_datasize: 100000000 adding elements: 128 (* dims)
unpadded_datasize: 100000000 adding elements: 128 (* dims)
unpadded_datasize: 100000000 adding elements: 128 (* dims)
unpadded_datasize: 100000000 adding elements: 128 (* dims)
unpadded_datasize: 100000000 adding elements: 128 (* dims)
unpadded_datasize: 100000000 adding elements: 128 (* dims)
unpadded_datasize: 100000000 adding elements: 128 (* dims)
unpadded_datasize: 100000000 adding elements: 128 (* dims)
unpadded_datasize: 100000000 adding elements: 128 (* dims)
unpadded_datasize: 100000000 adding elements: 128 (* dims)
unpadded_datasize: 100000000 adding elements: 128 (* dims)
unpadded_datasize: 100000000 adding elements: 128 (* dims)
unpadded_datasize: 100000000 adding elements: 128 (* dims)
unpadded_datasize: 100000000 adding elements: 128 (* dims)
unpadded_datasize: 100000000 adding elements: 128 (* dims)
unpadded_datasize: 100000000 adding elements: 128 (* dims)
unpadded_datasize: 100000000 adding elements: 128 (* dims)
unpadded_datasize: 100000000 adding elements: 128 (* dims)
unpadded_datasize: 100000000 adding elements: 128 (* dims)
unpadded_datasize: 100000000 adding elements: 128 (* dims)
unpadded_datasize: 100000000 adding elements: 128 (* dims)
unpadded_datasize: 100000000 adding elements: 128 (* dims)
unpadded_datasize: 100000000 adding elements: 128 (* dims)
unpadded_datasize: 100000000 adding elements: 128 (* dims)
unpadded_datasize: 100000000 adding elements: 128 (* dims)
unpadded_datasize: 100000000 adding elements: 128 (* dims)
unpadded_datasize: 100000000 adding elements: 128 (* dims)
unpadded_datasize: 100000000 adding elements: 128 (* dims)
unpadded_datasize: 100000000 adding elements: 128 (* dims)
unpadded_datasize: 100000000 adding elements: 128 (* dims)
unpadded_datasize: 100000000 adding elements: 128 (* dims)
unpadded_datasize: 100000000 adding elements: 128 (* dims)
unpadded_datasize: 100000000 adding elements: 128 (* dims)
unpadded_datasize: 100000000 adding elements: 128 (* dims)
unpadded_datasize: 100000000 adding elements: 128 (* dims)
unpadded_datasize: 100000000 adding elements: 128 (* dims)
unpadded_datasize: 100000000 adding elements: 128 (* dims)
unpadded_datasize: 100000000 adding elements: 128 (* dims)
unpadded_datasize: 100000000 adding elements: 128 (* dims)
Node 35: Created slave operation "PrunedGraphCreationWorker"
Node 7: Created slave operation "PrunedGraphCreationWorker"
Node 34: Created slave operation "PrunedGraphCreationWorker"
Node 22: Created slave operation "PrunedGraphCreationWorker"
Node 42: Created slave operation "PrunedGraphCreationWorker"
Node 64: Created slave operation "PrunedGraphCreationWorker"
Node 21: Created slave operation "PrunedGraphCreationWorker"
Node 5: Created slave operation "PrunedGraphCreationWorker"
Node 18: Created slave operation "PrunedGraphCreationWorker"
Node 57: Created slave operation "PrunedGraphCreationWorker"
Node 17: Created slave operation "PrunedGraphCreationWorker"
Node 33: Created slave operation "PrunedGraphCreationWorker"
Node 1: Created slave operation "PrunedGraphCreationWorker"
Node 14: Created slave operation "PrunedGraphCreationWorker"
Node 47: Created slave operation "PrunedGraphCreationWorker"
Node 37: Created slave operation "PrunedGraphCreationWorker"
Node 27: Created slave operation "PrunedGraphCreationWorker"
Node 6: Created slave operation "PrunedGraphCreationWorker"
Node 29: Created slave operation "PrunedGraphCreationWorker"
Node 54: Created slave operation "PrunedGraphCreationWorker"
Node 11: Created slave operation "PrunedGraphCreationWorker"
Node 20: Created slave operation "PrunedGraphCreationWorker"
Node 16: Created slave operation "PrunedGraphCreationWorker"
Node 3: Created slave operation "PrunedGraphCreationWorker"
Node 52: Created slave operation "PrunedGraphCreationWorker"
Node 23: Created slave operation "PrunedGraphCreationWorker"
Node 30: Created slave operation "PrunedGraphCreationWorker"
Node 63: Created slave operation "PrunedGraphCreationWorker"
Node 61: Created slave operation "PrunedGraphCreationWorker"
Node 60: Created slave operation "PrunedGraphCreationWorker"
Node 45: Created slave operation "PrunedGraphCreationWorker"
Node 41: Created slave operation "PrunedGraphCreationWorker"
Node 10: Created slave operation "PrunedGraphCreationWorker"
Node 56: Created slave operation "PrunedGraphCreationWorker"
Node 43: Created slave operation "PrunedGraphCreationWorker"
Node 38: Created slave operation "PrunedGraphCreationWorker"
Node 19: Created slave operation "PrunedGraphCreationWorker"
Node 28: Created slave operation "PrunedGraphCreationWorker"
Node 58: Created slave operation "PrunedGraphCreationWorker"
Node 13: Created slave operation "PrunedGraphCreationWorker"
Node 44: Created slave operation "PrunedGraphCreationWorker"
Node 12: Created slave operation "PrunedGraphCreationWorker"
Node 51: Created slave operation "PrunedGraphCreationWorker"
Node 36: Created slave operation "PrunedGraphCreationWorker"
Node 49: Created slave operation "PrunedGraphCreationWorker"
Node 40: Created slave operation "PrunedGraphCreationWorker"
Node 15: Created slave operation "PrunedGraphCreationWorker"
Node 39: Created slave operation "PrunedGraphCreationWorker"
Node 9: Created slave operation "PrunedGraphCreationWorker"
Node 4: Created slave operation "PrunedGraphCreationWorker"
Node 2: Created slave operation "PrunedGraphCreationWorker"
Node 59: Created slave operation "PrunedGraphCreationWorker"
Node 55: Created slave operation "PrunedGraphCreationWorker"
Node 46: Created slave operation "PrunedGraphCreationWorker"
Node 26: Created slave operation "PrunedGraphCreationWorker"
Node 8: Created slave operation "PrunedGraphCreationWorker"
Node 24: Created slave operation "PrunedGraphCreationWorker"
Node 50: Created slave operation "PrunedGraphCreationWorker"
Node 32: Created slave operation "PrunedGraphCreationWorker"
Node 25: Created slave operation "PrunedGraphCreationWorker"
Node 53: Created slave operation "PrunedGraphCreationWorker"
Node 48: Created slave operation "PrunedGraphCreationWorker"
Node 31: Created slave operation "PrunedGraphCreationWorker"
Node 62: Created slave operation "PrunedGraphCreationWorker"
create knn operation duration: 1304.51s
Find clusters in pruned graph: 
------------------------------ 
find clusters duration: 201.505s
detected clusters: 118


Runtimes: 
--------- 
finished computation at Sun Sep 16 22:06:13 2018
elapsed time: 1982.38s


Finishing: 
---------- 
Node 2 received cleanup signal...
Beginning cleanup...
Node 7 received cleanup signal...
Node 15 received cleanup signal...
Node 13 received cleanup signal...
Node 12 received cleanup signal...
Node 6 received cleanup signal...
Node 14 received cleanup signal...
Node 3 received cleanup signal...
Node 11 received cleanup signal...
Node 1 received cleanup signal...
Node 9 received cleanup signal...
Node 5 received cleanup signal...
Node 4 received cleanup signal...
Node 10 received cleanup signal...
Node 8 received cleanup signal...
Node 19 received cleanup signal...
Node 25 received cleanup signal...
Node 18 received cleanup signal...
Node 22 received cleanup signal...
Node 17 received cleanup signal...
Node 21 received cleanup signal...
Node 23 received cleanup signal...
Node 26 received cleanup signal...
Node 24 received cleanup signal...
Node 20 received cleanup signal...
Node 16 received cleanup signal...
Node 39 received cleanup signal...
Node 37 received cleanup signal...
Node 29 received cleanup signal...
Node 42 received cleanup signal...
Node 28 received cleanup signal...
Node 36 received cleanup signal...
Node 40 received cleanup signal...
Node 35 received cleanup signal...
Node 33 received cleanup signal...
Node 43 received cleanup signal...
Node 31 received cleanup signal...
Node 27 received cleanup signal...
Node 44 received cleanup signal...
Node 46 received cleanup signal...
Node 34 received cleanup signal...
Node 30 received cleanup signal...
Node 32 received cleanup signal...
Node 38 received cleanup signal...
Node 41 received cleanup signal...
Node 53 received cleanup signal...
Node 45 received cleanup signal...
Node 55 received cleanup signal...
Node 59 received cleanup signal...
Node 57 received cleanup signal...
Node 61 received cleanup signal...
Node 51 received cleanup signal...
Node 60 received cleanup signal...
Node 64 received cleanup signal...
Node 62 received cleanup signal...
Node 48 received cleanup signal...
Node 52 received cleanup signal...
Node 63 received cleanup signal...
Node 47 received cleanup signal...
Node 58 received cleanup signal...
Node 54 received cleanup signal...
Node 56 received cleanup signal...
Node 49 received cleanup signal...
Node 50 received cleanup signal...
Node 1 All remaining workers are now deleted!
Node 30 All remaining workers are now deleted!
Node 20 All remaining workers are now deleted!
Node 5 All remaining workers are now deleted!
Node 14 All remaining workers are now deleted!
Node 47 All remaining workers are now deleted!
Node 61 All remaining workers are now deleted!
Node 17 All remaining workers are now deleted!
Node 33 All remaining workers are now deleted!
Node 59 All remaining workers are now deleted!
Node 51 All remaining workers are now deleted!
Node 52 All remaining workers are now deleted!
Node 39 All remaining workers are now deleted!
Node 37 All remaining workers are now deleted!
Node 12 All remaining workers are now deleted!
Node 26 All remaining workers are now deleted!
Node 56 All remaining workers are now deleted!
Node 3 All remaining workers are now deleted!
Node 53 All remaining workers are now deleted!
Node 19 All remaining workers are now deleted!
Node 23 All remaining workers are now deleted!
Node 43 All remaining workers are now deleted!
Node 10 All remaining workers are now deleted!
Node 50 All remaining workers are now deleted!
Node 9 All remaining workers are now deleted!
Node 55 All remaining workers are now deleted!
Node 22 All remaining workers are now deleted!
Node 32 All remaining workers are now deleted!
Node 44 All remaining workers are now deleted!
Node 6 All remaining workers are now deleted!
Node 48 All remaining workers are now deleted!
Node 4 All remaining workers are now deleted!
Node 42 All remaining workers are now deleted!
Node 41 All remaining workers are now deleted!
Node 64 All remaining workers are now deleted!
Node 34 All remaining workers are now deleted!
Node 63 All remaining workers are now deleted!
Node 38 All remaining workers are now deleted!
Node 36 All remaining workers are now deleted!
Node 16 All remaining workers are now deleted!
Node 60 All remaining workers are now deleted!
Node 49 All remaining workers are now deleted!
Node 57 All remaining workers are now deleted!
Node 62 All remaining workers are now deleted!
Node 2 All remaining workers are now deleted!
Node 35 All remaining workers are now deleted!
Node 28 All remaining workers are now deleted!
Node 7 All remaining workers are now deleted!
Node 21 All remaining workers are now deleted!
Node 11 All remaining workers are now deleted!
Node 54 All remaining workers are now deleted!
Node 45 All remaining workers are now deleted!
Node 27 All remaining workers are now deleted!
Node 46 All remaining workers are now deleted!
Node 15 All remaining workers are now deleted!
Node 58 All remaining workers are now deleted!
Node 25 All remaining workers are now deleted!
Node 18 All remaining workers are now deleted!
Node 8 All remaining workers are now deleted!
Node 29 All remaining workers are now deleted!
Node 40 All remaining workers are now deleted!
Node 24 All remaining workers are now deleted!
Node 31 All remaining workers are now deleted!
Node 13 All remaining workers are now deleted!
Node 28: Exiting... 
Node 29: Exiting... 
Node 34: Exiting... 
Node 5: Exiting... 
Node 51: Exiting... 
Node 46: Exiting... 
Node 31: Exiting... 
Node 61: Exiting... 
Node 1: Exiting... 
Node 17: Exiting... 
Node 26: Exiting... 
Node 12: Exiting... 
Node 27: Exiting... 
Node 56: Exiting... 
Node 19: Exiting... 
Node 11: Exiting... 
Node 44: Exiting... 
Node 58: Exiting... 
Node 33: Exiting... 
Node 37: Exiting... 
Node 54: Exiting... 
Node 14: Exiting... 
Node 4: Exiting... 
Node 39: Exiting... 
Node 16: Exiting... 
Node 30: Exiting... 
Node 52: Exiting... 
Node 40: Exiting... 
Node 24: Exiting... 
Node 21: Exiting... 
Node 64: Exiting... 
Node 41: Exiting... 
Node 7: Exiting... 
Node 9: Exiting... 
Node 47: Exiting... 
Node 25: Exiting... 
Node 63: Exiting... 
Node 42: Exiting... 
Node 59: Exiting... 
Node 2: Exiting... 
Node 3: Exiting... 
Node 53: Exiting... 
Node 6: Exiting... 
Node 55: Exiting... 
Node 48: Exiting... 
Node 20: Exiting... 
Node 60: Exiting... 
Node 43: Exiting... 
Node 18: Exiting... 
Node 38: Exiting... 
Node 49: Exiting... 
Node 62: Exiting... 
Node 36: Exiting... 
Node 10: Exiting... 
Node 57: Exiting... 
Node 32: Exiting... 
Node 35: Exiting... 
Node 13: Exiting... 
Node 15: Exiting... 
Node 45: Exiting... 
Node 23: Exiting... 
Node 22: Exiting... 
Node 50: Exiting... 
Node 8: Exiting... 
Destroying the enviroment now!
Cleanup done!
 
Batch Job Summary Report for Job "wrap" (9628822) on daint
-----------------------------------------------------------------------------------------------------
             Submit            Eligible               Start                 End    Elapsed  Timelimit 
------------------- ------------------- ------------------- ------------------- ---------- ---------- 
2018-09-16T21:31:41 2018-09-16T21:31:41 2018-09-16T21:33:01 2018-09-16T22:06:20   00:33:19   01:00:00 
-----------------------------------------------------------------------------------------------------
Username    Account     Partition   NNodes   Energy
----------  ----------  ----------  ------  --------------
pfandedd    d69         normal          65   26.79M joules
----------------------------------------------------------
gpusecs  maxgpusecs        maxmem            summem
-------  ----------  ------------  ----------------
 108152      108152   14409531392      942113030144
----------------------------------------------------------
Scratch File System        Files       Quota
--------------------  ----------  ----------
/scratch/snx3000               2     1000000
/scratch/snx1600            9967     1000000
 
