

Arguments (Scenario):
--------------------- 
datasetFileName: /scratch/snx1600/pfandedd/datasets/gaussian_c3_size10000_dim10.arff
OpenCL configuration file: config_ocl_float_P100.cfg
level: 8
lambda: 1e-06
k: 5
threshold: 0.7


Setup:
------ 
Using default MPI network config setting...
Network initialized and ready
Network setup duration: 0.0130303
dataset_size: 10000
dim: 10
Dataset load (on master) duration: 0.0945607
Grid creation (on master) duration: 6.09264
Grid created! Number of grid points:     1862145


Create right-hand side of density equation: 
-------------------------------------------- 
RHS operation creation (includes grid and dataset transfers) duration: 0.275989
query_size: 4
max_compute_units: 56
Node 1: Created slave operation "DensityRHSWorker"
rhs creation duration: 3.02808s
Solve for alpha: 
--------------- 
Density mult operation creation (includes grid transfer) duration: 0.270248
Starting Conjugated Gradients
All temp variables used in CG have been initialized
query_size: 4
max_compute_units: 56
Node 1: Created slave operation "DensityMultiplicationWorker"
 
Batch Job Summary Report for Job "wrap" (9608929) on daint
-----------------------------------------------------------------------------------------------------
             Submit            Eligible               Start                 End    Elapsed  Timelimit 
------------------- ------------------- ------------------- ------------------- ---------- ---------- 
2018-09-14T18:36:43 2018-09-14T18:36:43 2018-09-14T18:36:48 2018-09-14T18:38:59   00:02:11   00:02:00 
-----------------------------------------------------------------------------------------------------
Username    Account     Partition   NNodes   Energy
----------  ----------  ----------  ------  --------------
pfandedd    d69         normal           2   35.28K joules
----------------------------------------------------------
gpusecs  maxgpusecs        maxmem            summem
-------  ----------  ------------  ----------------
    115         115    1646264320        2256535552
----------------------------------------------------------
Scratch File System        Files       Quota
--------------------  ----------  ----------
/scratch/snx3000               2     1000000
/scratch/snx1600             219     1000000
 
