

Arguments (Scenario):
--------------------- 
datasetFileName: /scratch/snx1600/pfandedd/datasets/gaussian_c3_size10000000_dim10.arff
OpenCL configuration file: config_ocl_float_P100.cfg
level: 6
lambda: 1e-06
k: 5
threshold: 0.7


Setup:
------ 
Using default MPI network config setting...
Network initialized and ready
Network setup duration: 0.0195978
Dataset load (on master) duration: 30.5151
Grid creation (on master) duration: 0.25138


Create right-hand side of density equation: 
-------------------------------------------- 
RHS operation creation (includes grid and dataset transfers) duration: 0.345224
query_size: 4
max_compute_units: 56
Node 1: Created slave operation "DensityRHSWorker"
rhs creation duration: 16.3296s
Solve for alpha: 
--------------- 
Density mult operation creation (includes grid transfer) duration: 0.0155141
Starting Conjugated Gradients
All temp variables used in CG have been initialized
query_size: 4
max_compute_units: 56
Node 1: Created slave operation "DensityMultiplicationWorker"
MPI muliplication duration: 0.483021
Starting norm of residuum: 0.218852
Target norm:               2.18852e-09
MPI muliplication duration: 0.348489
delta: 0.249704
MPI muliplication duration: 0.348533
delta: 0.112286
MPI muliplication duration: 0.348298
delta: 0.17803
MPI muliplication duration: 0.348515
delta: 0.0626363
MPI muliplication duration: 0.348381
delta: 0.040821
MPI muliplication duration: 0.348397
delta: 0.198687
MPI muliplication duration: 0.348318
delta: 0.0293231
MPI muliplication duration: 0.348287
delta: 0.0317181
MPI muliplication duration: 0.348356
delta: 0.0116736
MPI muliplication duration: 0.348733
delta: 0.00857318
MPI muliplication duration: 0.348384
delta: 0.0707761
MPI muliplication duration: 0.348343
delta: 0.00491157
MPI muliplication duration: 0.348387
delta: 0.00471657
MPI muliplication duration: 0.348335
delta: 0.00154786
MPI muliplication duration: 0.348321
delta: 0.00144122
MPI muliplication duration: 0.348644
delta: 0.00184795
MPI muliplication duration: 0.348367
delta: 0.000816649
MPI muliplication duration: 0.348693
delta: 0.000487561
MPI muliplication duration: 0.348433
delta: 0.000243323
MPI muliplication duration: 0.348329
delta: 0.00298857
MPI muliplication duration: 0.348422
delta: 0.0010279
MPI muliplication duration: 0.348449
delta: 0.000172095
MPI muliplication duration: 0.348343
delta: 0.00022058
MPI muliplication duration: 0.348332
delta: 4.71441e-05
MPI muliplication duration: 0.348482
delta: 8.81167e-05
MPI muliplication duration: 0.348308
delta: 0.000206312
MPI muliplication duration: 0.348374
delta: 1.27024e-05
MPI muliplication duration: 0.348583
delta: 5.81937e-06
MPI muliplication duration: 0.348685
delta: 5.08301e-05
MPI muliplication duration: 0.348353
delta: 6.15965e-05
MPI muliplication duration: 0.348835
delta: 3.64831e-06
MPI muliplication duration: 0.349903
delta: 4.07423e-06
MPI muliplication duration: 0.34833
delta: 1.00013e-06
MPI muliplication duration: 0.348424
delta: 2.71939e-06
MPI muliplication duration: 0.348333
delta: 6.7114e-07
MPI muliplication duration: 0.348311
delta: 1.18934e-06
MPI muliplication duration: 0.348553
delta: 2.36639e-07
MPI muliplication duration: 0.3483
delta: 4.09635e-07
MPI muliplication duration: 0.348376
delta: 1.58423e-07
MPI muliplication duration: 0.348352
delta: 7.1335e-07
MPI muliplication duration: 0.348333
delta: 2.11488e-07
MPI muliplication duration: 0.348346
delta: 2.71828e-08
MPI muliplication duration: 0.348285
delta: 1.9398e-08
MPI muliplication duration: 0.348414
delta: 6.47177e-08
MPI muliplication duration: 0.348413
delta: 2.3441e-08
MPI muliplication duration: 0.348465
delta: 2.49287e-08
MPI muliplication duration: 0.348404
delta: 2.91044e-08
MPI muliplication duration: 0.348317
delta: 2.14905e-09
Number of iterations: 48 (max. 1000)
Final norm of residuum: 2.14905e-09
counted_mult_calls: 49
solver duration: 18.0737s


Create and prune graph: 
----------------------- 
Dataset should be cached
Getting dataset from enviroment cache
Dataset should be cached
KNN (create and prune) operation creation (includes cached dataset transfer) duration: 0.401163
unpadded_datasize: 11800000 adding elements: 64 (* dims)
Node 1: Created slave operation "PrunedGraphCreationWorker"
create knn operation duration: 1023.6s
Find clusters in pruned graph: 
------------------------------ 
find clusters duration: 19.5592s
detected clusters: 8


Runtimes: 
--------- 
finished computation at Fri Sep 14 14:02:16 2018
elapsed time: 1109.11s


Finishing: 
---------- 
Beginning cleanup...
Node 1 received cleanup signal...
Node 1 All remaining workers are now deleted!
Node 1: Exiting... 
Destroying the enviroment now!
Cleanup done!
 
Batch Job Summary Report for Job "wrap" (9605308) on daint
-----------------------------------------------------------------------------------------------------
             Submit            Eligible               Start                 End    Elapsed  Timelimit 
------------------- ------------------- ------------------- ------------------- ---------- ---------- 
2018-09-14T13:43:23 2018-09-14T13:43:23 2018-09-14T13:43:39 2018-09-14T14:02:24   00:18:45   00:30:00 
-----------------------------------------------------------------------------------------------------
Username    Account     Partition   NNodes   Energy
----------  ----------  ----------  ------  --------------
pfandedd    d69         normal           2  378.70K joules
----------------------------------------------------------
gpusecs  maxgpusecs        maxmem            summem
-------  ----------  ------------  ----------------
   1046        1046    2866806784        3477078016
----------------------------------------------------------
Scratch File System        Files       Quota
--------------------  ----------  ----------
/scratch/snx3000               2     1000000
/scratch/snx1600             211     1000000
 
