dataset_size: 100000000

Arguments (Scenario):
--------------------- 
datasetFileName: /scratch/snx1600/pfandedd/datasets/gaussian_c3_size100000000_dim10
OpenCL configuration file: config_ocl_float_P100.cfg
level: 8
lambda: 1e-06
k: 5
threshold: 0.7


Setup:
------ 
Using default MPI network config setting...
Network initialized and ready
Network setup duration: 0.44218
dim: 10
Dataset load (on master) duration: 37.2291
Grid creation (on master) duration: 6.24907
Grid created! Number of grid points:     1862145


Create right-hand side of density equation: 
-------------------------------------------- 
RHS operation creation (includes grid and dataset transfers) duration: 8.18552
query_size: 4
max_compute_units: 56
query_size: 4
max_compute_units: 56
query_size: 4
max_compute_units: 56
query_size: 4
max_compute_units: 56
query_size: 4
max_compute_units: 56
query_size: 4
max_compute_units: 56
query_size: 4
max_compute_units: 56
query_size: 4
max_compute_units: 56
Node 32: Created slave operation "DensityRHSWorker"
Node 17: Created slave operation "DensityRHSWorker"
Node 16: Created slave operation "DensityRHSWorker"
Node 1: Created slave operation "DensityRHSWorker"
Node 5: Created slave operation "DensityRHSWorker"
Node 4: Created slave operation "DensityRHSWorker"
Node 20: Created slave operation "DensityRHSWorker"
Node 21: Created slave operation "DensityRHSWorker"
query_size: 4
max_compute_units: 56
query_size: 4
max_compute_units: 56
query_size: 4
max_compute_units: 56
query_size: 4
max_compute_units: 56
query_size: 4
max_compute_units: 56
query_size: 4
max_compute_units: 56
query_size: 4
max_compute_units: 56
Node 6: Created slave operation "DensityRHSWorker"
Node 7: Created slave operation "DensityRHSWorker"
query_size: 4
max_compute_units: 56
query_size: 4
max_compute_units: 56
query_size: 4
max_compute_units: 56
query_size: 4
max_compute_units: 56
query_size: 4
max_compute_units: 56
query_size: 4
max_compute_units: 56
query_size: 4
max_compute_units: 56
query_size: 4
max_compute_units: 56
Node 19: Created slave operation "DensityRHSWorker"
query_size: 4
max_compute_units: 56
Node 18: Created slave operation "DensityRHSWorker"
Node 2: Created slave operation "DensityRHSWorker"
Node 3: Created slave operation "DensityRHSWorker"
Node 22: Created slave operation "DensityRHSWorker"
Node 23: Created slave operation "DensityRHSWorker"
Node 24: Created slave operation "DensityRHSWorker"
Node 27: Created slave operation "DensityRHSWorker"
Node 28: Created slave operation "DensityRHSWorker"
Node 26: Created slave operation "DensityRHSWorker"
Node 25: Created slave operation "DensityRHSWorker"
Node 29: Created slave operation "DensityRHSWorker"
Node 12: Created slave operation "DensityRHSWorker"
Node 13: Created slave operation "DensityRHSWorker"
query_size: 4
max_compute_units: 56
query_size: 4
max_compute_units: 56
query_size: 4
max_compute_units: 56
query_size: 4
max_compute_units: 56
Node 10: Created slave operation "DensityRHSWorker"
Node 9: Created slave operation "DensityRHSWorker"
Node 11: Created slave operation "DensityRHSWorker"
Node 8: Created slave operation "DensityRHSWorker"
query_size: 4
max_compute_units: 56
query_size: 4
max_compute_units: 56
query_size: 4
max_compute_units: 56
query_size: 4
max_compute_units: 56
Node 30: Created slave operation "DensityRHSWorker"
Node 31: Created slave operation "DensityRHSWorker"
Node 14: Created slave operation "DensityRHSWorker"
Node 15: Created slave operation "DensityRHSWorker"
rhs creation duration: 108.495s
Solve for alpha: 
--------------- 
Density mult operation creation (includes grid transfer) duration: 0.375136
Starting Conjugated Gradients
All temp variables used in CG have been initialized
query_size: 4
max_compute_units: 56
query_size: 4
max_compute_units: 56
query_size: 4
max_compute_units: 56
query_size: 4
max_compute_units: 56
query_size: 4
max_compute_units: 56
query_size: 4
max_compute_units: 56
query_size: 4
max_compute_units: 56
query_size: 4
max_compute_units: 56
query_size: 4
max_compute_units: 56
query_size: 4
max_compute_units: 56
query_size: 4
max_compute_units: 56
query_size: 4
max_compute_units: 56
query_size: 4
max_compute_units: 56
query_size: 4
max_compute_units: 56
query_size: 4
max_compute_units: 56
query_size: 4
max_compute_units: 56
query_size: 4
max_compute_units: 56
query_size: 4
max_compute_units: 56
query_size: 4
max_compute_units: 56
query_size: 4
max_compute_units: 56
query_size: 4
max_compute_units: 56
query_size: 4
max_compute_units: 56
query_size: 4
max_compute_units: 56
query_size: 4
max_compute_units: 56
query_size: 4
max_compute_units: 56
query_size: 4
max_compute_units: 56
query_size: 4
max_compute_units: 56
query_size: 4
max_compute_units: 56
query_size: 4
max_compute_units: 56
query_size: 4
max_compute_units: 56
query_size: 4
max_compute_units: 56
query_size: 4
max_compute_units: 56
Node 17: Created slave operation "DensityMultiplicationWorker"
Node 5: Created slave operation "DensityMultiplicationWorker"
Node 4: Created slave operation "DensityMultiplicationWorker"
Node 1: Created slave operation "DensityMultiplicationWorker"
Node 20: Created slave operation "DensityMultiplicationWorker"
Node 21: Created slave operation "DensityMultiplicationWorker"
Node 16: Created slave operation "DensityMultiplicationWorker"
Node 32: Created slave operation "DensityMultiplicationWorker"
Node 6: Created slave operation "DensityMultiplicationWorker"
Node 22: Created slave operation "DensityMultiplicationWorker"
Node 18: Created slave operation "DensityMultiplicationWorker"
Node 3: Created slave operation "DensityMultiplicationWorker"
Node 28: Created slave operation "DensityMultiplicationWorker"
Node 2: Created slave operation "DensityMultiplicationWorker"
Node 26: Created slave operation "DensityMultiplicationWorker"
Node 7: Created slave operation "DensityMultiplicationWorker"
Node 12: Created slave operation "DensityMultiplicationWorker"
Node 19: Created slave operation "DensityMultiplicationWorker"
Node 27: Created slave operation "DensityMultiplicationWorker"
Node 9: Created slave operation "DensityMultiplicationWorker"
Node 10: Created slave operation "DensityMultiplicationWorker"
Node 25: Created slave operation "DensityMultiplicationWorker"
Node 29: Created slave operation "DensityMultiplicationWorker"
Node 24: Created slave operation "DensityMultiplicationWorker"
Node 23: Created slave operation "DensityMultiplicationWorker"
Node 13: Created slave operation "DensityMultiplicationWorker"
Node 8: Created slave operation "DensityMultiplicationWorker"
Node 11: Created slave operation "DensityMultiplicationWorker"
Node 30: Created slave operation "DensityMultiplicationWorker"
Node 31: Created slave operation "DensityMultiplicationWorker"
Node 15: Created slave operation "DensityMultiplicationWorker"
Node 14: Created slave operation "DensityMultiplicationWorker"
MPI muliplication duration: 7.16442
Starting norm of residuum: 0.686931
Target norm:               6.86931e-07
MPI muliplication duration: 6.98688
delta: 1.43904
MPI muliplication duration: 6.99521
delta: 0.60901
MPI muliplication duration: 6.98218
delta: 0.952153
MPI muliplication duration: 6.98419
delta: 0.340916
MPI muliplication duration: 6.9827
delta: 0.467407
MPI muliplication duration: 6.98679
delta: 1.58131
MPI muliplication duration: 6.98289
delta: 0.176778
MPI muliplication duration: 6.98576
delta: 0.188102
MPI muliplication duration: 6.98236
delta: 0.250116
MPI muliplication duration: 6.98117
delta: 0.589018
MPI muliplication duration: 6.98314
delta: 0.0922983
MPI muliplication duration: 6.98313
delta: 0.303793
MPI muliplication duration: 6.98234
delta: 0.084686
MPI muliplication duration: 6.98368
delta: 0.109061
MPI muliplication duration: 6.98258
delta: 0.0554764
MPI muliplication duration: 6.98576
delta: 0.0237888
MPI muliplication duration: 6.98261
delta: 0.054173
MPI muliplication duration: 6.9826
delta: 0.130488
MPI muliplication duration: 6.9815
delta: 0.0410291
MPI muliplication duration: 6.98467
delta: 0.0424309
MPI muliplication duration: 6.98595
delta: 0.0138731
MPI muliplication duration: 6.98315
delta: 0.0187538
MPI muliplication duration: 6.98387
delta: 0.15276
MPI muliplication duration: 6.98219
delta: 0.00880687
MPI muliplication duration: 6.982
delta: 0.00519568
MPI muliplication duration: 6.98146
delta: 0.00789844
MPI muliplication duration: 6.98361
delta: 0.0298432
MPI muliplication duration: 6.98319
delta: 0.010342
MPI muliplication duration: 6.98174
delta: 0.00582916
MPI muliplication duration: 6.98626
delta: 0.00217707
MPI muliplication duration: 6.98354
delta: 0.00619869
MPI muliplication duration: 6.98221
delta: 0.00100725
MPI muliplication duration: 6.9852
delta: 0.00430058
MPI muliplication duration: 6.98311
delta: 0.000891231
MPI muliplication duration: 6.98333
delta: 0.00227224
MPI muliplication duration: 6.98425
delta: 0.00590291
MPI muliplication duration: 6.98156
delta: 0.000737711
MPI muliplication duration: 6.98124
delta: 0.000463582
MPI muliplication duration: 6.99128
delta: 0.00022024
MPI muliplication duration: 6.98146
delta: 0.00107435
MPI muliplication duration: 6.98955
delta: 0.000374068
MPI muliplication duration: 6.98474
delta: 0.000226893
MPI muliplication duration: 6.97914
delta: 0.000926801
MPI muliplication duration: 6.98306
delta: 0.000423932
MPI muliplication duration: 6.98189
delta: 7.27093e-05
MPI muliplication duration: 6.99122
delta: 0.000100368
MPI muliplication duration: 6.98321
delta: 5.84309e-05
MPI muliplication duration: 6.98149
delta: 0.000108661
MPI muliplication duration: 6.98297
delta: 3.68181e-05
MPI muliplication duration: 6.99224
delta: 4.00743e-05
MPI muliplication duration: 6.98222
MPI muliplication duration: 6.98121
delta: 3.35994e-05
MPI muliplication duration: 6.9817
delta: 0.000138594
MPI muliplication duration: 6.98312
delta: 4.27052e-05
MPI muliplication duration: 6.98469
delta: 3.97053e-05
MPI muliplication duration: 6.9801
delta: 3.4555e-05
MPI muliplication duration: 6.98145
delta: 3.87654e-05
MPI muliplication duration: 6.98103
delta: 1.64261e-05
MPI muliplication duration: 6.98182
delta: 2.06422e-05
MPI muliplication duration: 6.98333
delta: 1.9978e-05
MPI muliplication duration: 6.98346
delta: 2.11159e-05
MPI muliplication duration: 6.9816
delta: 1.23555e-05
MPI muliplication duration: 6.98091
delta: 5.69179e-06
MPI muliplication duration: 6.97682
delta: 4.02848e-05
MPI muliplication duration: 6.98145
delta: 6.74901e-06
MPI muliplication duration: 6.98504
delta: 8.34142e-06
MPI muliplication duration: 6.98705
delta: 1.18707e-05
MPI muliplication duration: 6.98344
delta: 6.60646e-06
MPI muliplication duration: 6.98683
delta: 2.04485e-06
MPI muliplication duration: 6.98242
delta: 5.51618e-06
MPI muliplication duration: 6.98475
delta: 7.33165e-06
MPI muliplication duration: 6.98238
delta: 7.70249e-06
MPI muliplication duration: 6.98657
delta: 1.20717e-05
MPI muliplication duration: 6.98324
delta: 1.22595e-06
MPI muliplication duration: 6.98529
delta: 4.91879e-06
MPI muliplication duration: 6.98155
delta: 2.87368e-06
MPI muliplication duration: 6.98163
delta: 1.74522e-06
MPI muliplication duration: 6.98319
delta: 2.40736e-06
MPI muliplication duration: 6.99212
delta: 1.22871e-06
MPI muliplication duration: 6.98185
delta: 1.10139e-06
MPI muliplication duration: 6.98224
delta: 2.06256e-06
MPI muliplication duration: 6.98369
delta: 2.30816e-06
MPI muliplication duration: 6.98199
delta: 4.0155e-07
Number of iterations: 82 (max. 1000)
Final norm of residuum: 4.0155e-07
counted_mult_calls: 84
solver duration: 591.122s
Number of grid points:     1862145


Create and prune graph: 
----------------------- 
Getting dataset from enviroment cache
Getting dataset from enviroment cache
Dataset should be cached
Getting dataset from enviroment cache
Dataset should be cached
Getting dataset from enviroment cache
Dataset should be cached
Getting dataset from enviroment cache
Dataset should be cached
Getting dataset from enviroment cache
Dataset should be cached
Dataset should be cached
Dataset should be cached
Getting dataset from enviroment cache
Dataset should be cached
Getting dataset from enviroment cache
Dataset should be cached
Getting dataset from enviroment cache
Dataset should be cached
Getting dataset from enviroment cache
Dataset should be cached
Getting dataset from enviroment cache
Dataset should be cached
Getting dataset from enviroment cache
Dataset should be cached
Getting dataset from enviroment cache
Dataset should be cached
Getting dataset from enviroment cache
Dataset should be cached
Getting dataset from enviroment cache
Dataset should be cached
Getting dataset from enviroment cache
Dataset should be cached
Getting dataset from enviroment cache
Dataset should be cached
Getting dataset from enviroment cache
Dataset should be cached
Getting dataset from enviroment cache
Dataset should be cached
Getting dataset from enviroment cache
Dataset should be cached
Getting dataset from enviroment cache
Dataset should be cached
Getting dataset from enviroment cache
Dataset should be cached
Getting dataset from enviroment cache
Dataset should be cached
Getting dataset from enviroment cache
Dataset should be cached
Getting dataset from enviroment cache
Dataset should be cached
Getting dataset from enviroment cache
Dataset should be cached
Getting dataset from enviroment cache
Dataset should be cached
Getting dataset from enviroment cache
Dataset should be cached
Getting dataset from enviroment cache
Dataset should be cached
Getting dataset from enviroment cache
Dataset should be cached
Getting dataset from enviroment cache
Dataset should be cached
Getting dataset from enviroment cache
Dataset should be cached
KNN (create and prune) operation creation (includes cached dataset transfer) duration: 3.78219
unpadded_datasize: 100000000 adding elements: 128 (* dims)
unpadded_datasize: 100000000 adding elements: 128 (* dims)
unpadded_datasize: 100000000 adding elements: 128 (* dims)
unpadded_datasize: 100000000 adding elements: 128 (* dims)
unpadded_datasize: 100000000 adding elements: 128 (* dims)
unpadded_datasize: 100000000 adding elements: 128 (* dims)
unpadded_datasize: 100000000 adding elements: 128 (* dims)
unpadded_datasize: 100000000 adding elements: 128 (* dims)
unpadded_datasize: 100000000 adding elements: 128 (* dims)
unpadded_datasize: 100000000 adding elements: 128 (* dims)
unpadded_datasize: 100000000 adding elements: 128 (* dims)
unpadded_datasize: 100000000 adding elements: 128 (* dims)
unpadded_datasize: 100000000 adding elements: 128 (* dims)
unpadded_datasize: 100000000 adding elements: 128 (* dims)
unpadded_datasize: 100000000 adding elements: 128 (* dims)
unpadded_datasize: 100000000 adding elements: 128 (* dims)
unpadded_datasize: 100000000 adding elements: 128 (* dims)
unpadded_datasize: 100000000 adding elements: 128 (* dims)
unpadded_datasize: 100000000 adding elements: 128 (* dims)
unpadded_datasize: 100000000 adding elements: 128 (* dims)
unpadded_datasize: 100000000 adding elements: 128 (* dims)
unpadded_datasize: 100000000 adding elements: 128 (* dims)
unpadded_datasize: 100000000 adding elements: 128 (* dims)
unpadded_datasize: 100000000 adding elements: 128 (* dims)
unpadded_datasize: 100000000 adding elements: 128 (* dims)
unpadded_datasize: 100000000 adding elements: 128 (* dims)
unpadded_datasize: 100000000 adding elements: 128 (* dims)
unpadded_datasize: 100000000 adding elements: 128 (* dims)
unpadded_datasize: 100000000 adding elements: 128 (* dims)
unpadded_datasize: 100000000 adding elements: 128 (* dims)
unpadded_datasize: 100000000 adding elements: 128 (* dims)
unpadded_datasize: 100000000 adding elements: 128 (* dims)
Node 17: Created slave operation "PrunedGraphCreationWorker"
Node 2: Created slave operation "PrunedGraphCreationWorker"
Node 22: Created slave operation "PrunedGraphCreationWorker"
Node 3: Created slave operation "PrunedGraphCreationWorker"
Node 26: Created slave operation "PrunedGraphCreationWorker"
Node 30: Created slave operation "PrunedGraphCreationWorker"
Node 31: Created slave operation "PrunedGraphCreationWorker"
Node 18: Created slave operation "PrunedGraphCreationWorker"
Node 4: Created slave operation "PrunedGraphCreationWorker"
Node 6: Created slave operation "PrunedGraphCreationWorker"
Node 28: Created slave operation "PrunedGraphCreationWorker"
Node 5: Created slave operation "PrunedGraphCreationWorker"
Node 9: Created slave operation "PrunedGraphCreationWorker"
Node 12: Created slave operation "PrunedGraphCreationWorker"
Node 10: Created slave operation "PrunedGraphCreationWorker"
Node 20: Created slave operation "PrunedGraphCreationWorker"
Node 23: Created slave operation "PrunedGraphCreationWorker"
Node 1: Created slave operation "PrunedGraphCreationWorker"
Node 19: Created slave operation "PrunedGraphCreationWorker"
Node 7: Created slave operation "PrunedGraphCreationWorker"
Node 24: Created slave operation "PrunedGraphCreationWorker"
Node 27: Created slave operation "PrunedGraphCreationWorker"
Node 8: Created slave operation "PrunedGraphCreationWorker"
Node 25: Created slave operation "PrunedGraphCreationWorker"
Node 29: Created slave operation "PrunedGraphCreationWorker"
Node 21: Created slave operation "PrunedGraphCreationWorker"
Node 13: Created slave operation "PrunedGraphCreationWorker"
Node 16: Created slave operation "PrunedGraphCreationWorker"
Node 11: Created slave operation "PrunedGraphCreationWorker"
Node 15: Created slave operation "PrunedGraphCreationWorker"
Node 14: Created slave operation "PrunedGraphCreationWorker"
Node 32: Created slave operation "PrunedGraphCreationWorker"
create knn operation duration: 2587.31s
Find clusters in pruned graph: 
------------------------------ 
find clusters duration: 205.221s
detected clusters: 118


Runtimes: 
--------- 
finished computation at Sun Sep 16 23:31:42 2018
elapsed time: 3548.42s


Finishing: 
---------- 
Beginning cleanup...
Node 2 received cleanup signal...
Node 3 received cleanup signal...
Node 5 received cleanup signal...
Node 4 received cleanup signal...
Node 1 received cleanup signal...
Node 6 received cleanup signal...
Node 12 received cleanup signal...
Node 11 received cleanup signal...
Node 18 received cleanup signal...
Node 8 received cleanup signal...
Node 14 received cleanup signal...
Node 22 received cleanup signal...
Node 15 received cleanup signal...
Node 19 received cleanup signal...
Node 13 received cleanup signal...
Node 7 received cleanup signal...
Node 17 received cleanup signal...
Node 9 received cleanup signal...
Node 16 received cleanup signal...
Node 20 received cleanup signal...
Node 10 received cleanup signal...
Node 23 received cleanup signal...
Node 29 received cleanup signal...
Node 21 received cleanup signal...
Node 28 received cleanup signal...
Node 32 received cleanup signal...
Node 27 received cleanup signal...
Node 30 received cleanup signal...
Node 31 received cleanup signal...
Node 26 received cleanup signal...
Node 24 received cleanup signal...
Node 25 received cleanup signal...
Node 2 All remaining workers are now deleted!
Node 22 All remaining workers are now deleted!
Node 31 All remaining workers are now deleted!
Node 12 All remaining workers are now deleted!
Node 15 All remaining workers are now deleted!
Node 6 All remaining workers are now deleted!
Node 25 All remaining workers are now deleted!
Node 28 All remaining workers are now deleted!
Node 4 All remaining workers are now deleted!
Node 29 All remaining workers are now deleted!
Node 7 All remaining workers are now deleted!
Node 1 All remaining workers are now deleted!
Node 27 All remaining workers are now deleted!
Node 32 All remaining workers are now deleted!
Node 24 All remaining workers are now deleted!
Node 30 All remaining workers are now deleted!
Node 8 All remaining workers are now deleted!
Node 18 All remaining workers are now deleted!
Node 16 All remaining workers are now deleted!
Node 9 All remaining workers are now deleted!
Node 5 All remaining workers are now deleted!
Node 20 All remaining workers are now deleted!
Node 17 All remaining workers are now deleted!
Node 3 All remaining workers are now deleted!
Node 19 All remaining workers are now deleted!
Node 10 All remaining workers are now deleted!
Node 26 All remaining workers are now deleted!
Node 14 All remaining workers are now deleted!
Node 13 All remaining workers are now deleted!
Node 23 All remaining workers are now deleted!
Node 21 All remaining workers are now deleted!
Node 11 All remaining workers are now deleted!
Node 22: Exiting... 
Node 24: Exiting... 
Node 2: Exiting... 
Node 19: Exiting... 
Node 31: Exiting... 
Node 29: Exiting... 
Node 26: Exiting... 
Node 25: Exiting... 
Node 32: Exiting... 
Node 12: Exiting... 
Node 28: Exiting... 
Node 27: Exiting... 
Node 7: Exiting... 
Node 14: Exiting... 
Node 18: Exiting... 
Node 10: Exiting... 
Node 17: Exiting... 
Node 8: Exiting... 
Node 21: Exiting... 
Node 11: Exiting... 
Node 1: Exiting... 
Node 3: Exiting... 
Node 5: Exiting... 
Node 20: Exiting... 
Node 13: Exiting... 
Node 6: Exiting... 
Node 30: Exiting... 
Node 9: Exiting... 
Node 15: Exiting... 
Node 23: Exiting... 
Node 16: Exiting... 
Node 4: Exiting... 
Destroying the enviroment now!
Cleanup done!
 
Batch Job Summary Report for Job "wrap" (9629386) on daint
-----------------------------------------------------------------------------------------------------
             Submit            Eligible               Start                 End    Elapsed  Timelimit 
------------------- ------------------- ------------------- ------------------- ---------- ---------- 
2018-09-16T22:32:25 2018-09-16T22:32:25 2018-09-16T22:32:26 2018-09-16T23:31:49   00:59:23   01:30:00 
-----------------------------------------------------------------------------------------------------
Username    Account     Partition   NNodes   Energy
----------  ----------  ----------  ------  --------------
pfandedd    d69         normal          33   25.70M joules
----------------------------------------------------------
gpusecs  maxgpusecs        maxmem            summem
-------  ----------  ------------  ----------------
 103005      103005   14440988672      472187404288
----------------------------------------------------------
Scratch File System        Files       Quota
--------------------  ----------  ----------
/scratch/snx3000               2     1000000
/scratch/snx1600            9967     1000000
 
