

Arguments (Scenario):
--------------------- 
datasetFileName: /scratch/snx1600/pfandedd/datasets/gaussian_c3_size10000000_dim10
OpenCL configuration file: config_ocl_float_P100.cfg
level: 8
lambda: 1e-06
k: 5
threshold: 0.7


Setup:
------ 
Using default MPI network config setting...
Network initialized and ready
Network setup duration: 0.0732841
dim: 10
Dataset load (on master) duration: 3.89396
Grid creation (on master) duration: 6.0469
Grid created! Number of grid points:     1862145


Create right-hand side of density equation: 
-------------------------------------------- 
RHS operation creation (includes grid and dataset transfers) duration: 0.717575
query_size: 4
max_compute_units: 56
query_size: 4
max_compute_units: 56
query_size: 4
max_compute_units: 56
query_size: 4
max_compute_units: 56
query_size: 4
max_compute_units: 56
query_size: 4
max_compute_units: 56
query_size: 4
max_compute_units: 56
query_size: 4
max_compute_units: 56
Node 5: Created slave operation "DensityRHSWorker"
Node 4: Created slave operation "DensityRHSWorker"
Node 1: Created slave operation "DensityRHSWorker"
Node 8: Created slave operation "DensityRHSWorker"
Node 3: Created slave operation "DensityRHSWorker"
Node 6: Created slave operation "DensityRHSWorker"
Node 7: Created slave operation "DensityRHSWorker"
Node 2: Created slave operation "DensityRHSWorker"
rhs creation duration: 37.7683s
Solve for alpha: 
--------------- 
Density mult operation creation (includes grid transfer) duration: 0.306776
Starting Conjugated Gradients
All temp variables used in CG have been initialized
query_size: 4
max_compute_units: 56
query_size: 4
max_compute_units: 56
query_size: 4
max_compute_units: 56
query_size: 4
max_compute_units: 56
query_size: 4
max_compute_units: 56
query_size: 4
max_compute_units: 56
query_size: 4
max_compute_units: 56
query_size: 4
max_compute_units: 56
Node 5: Created slave operation "DensityMultiplicationWorker"
Node 4: Created slave operation "DensityMultiplicationWorker"
Node 8: Created slave operation "DensityMultiplicationWorker"
Node 1: Created slave operation "DensityMultiplicationWorker"
Node 3: Created slave operation "DensityMultiplicationWorker"
Node 2: Created slave operation "DensityMultiplicationWorker"
Node 6: Created slave operation "DensityMultiplicationWorker"
Node 7: Created slave operation "DensityMultiplicationWorker"
MPI muliplication duration: 25.1654
Starting norm of residuum: 0.641028
Target norm:               6.41028e-09
MPI muliplication duration: 25.0035
delta: 1.15022
MPI muliplication duration: 25.005
delta: 0.503166
MPI muliplication duration: 25.0025
delta: 0.74917
MPI muliplication duration: 24.9998
delta: 0.260849
MPI muliplication duration: 24.6856
delta: 0.354502
MPI muliplication duration: 24.6836
delta: 1.03492
MPI muliplication duration: 25.0022
delta: 0.127233
MPI muliplication duration: 24.6846
delta: 0.133644
MPI muliplication duration: 24.9971
delta: 0.196861
MPI muliplication duration: 24.6855
delta: 0.374462
MPI muliplication duration: 24.9986
delta: 0.0595373
MPI muliplication duration: 24.6868
delta: 0.207656
MPI muliplication duration: 25.0032
delta: 0.0594097
MPI muliplication duration: 24.6825
delta: 0.107421
MPI muliplication duration: 24.6843
delta: 0.0323194
MPI muliplication duration: 25.0015
delta: 0.0157848
MPI muliplication duration: 24.6826
delta: 0.0347835
MPI muliplication duration: 24.9971
delta: 0.120228
MPI muliplication duration: 25.0009
delta: 0.0154649
MPI muliplication duration: 25.0042
delta: 0.0268973
MPI muliplication duration: 24.9932
delta: 0.0109273
MPI muliplication duration: 24.6832
delta: 0.0119355
MPI muliplication duration: 24.6831
delta: 0.0719109
MPI muliplication duration: 24.6843
delta: 0.00656289
MPI muliplication duration: 25.0008
delta: 0.00289644
MPI muliplication duration: 24.9942
delta: 0.00568995
MPI muliplication duration: 24.6841
delta: 0.0173927
MPI muliplication duration: 25.0012
delta: 0.00301842
MPI muliplication duration: 24.6849
delta: 0.00850585
MPI muliplication duration: 25.0007
delta: 0.00146182
MPI muliplication duration: 25.0021
delta: 0.0097836
MPI muliplication duration: 25.0022
delta: 0.000589964
MPI muliplication duration: 24.9992
delta: 0.00250638
MPI muliplication duration: 24.9989
delta: 0.000465354
MPI muliplication duration: 25.0001
delta: 0.00412644
MPI muliplication duration: 24.9995
delta: 0.00059617
MPI muliplication duration: 24.6842
delta: 0.000575133
MPI muliplication duration: 25.003
delta: 0.000415724
MPI muliplication duration: 24.6842
delta: 0.000183314
MPI muliplication duration: 25.0325
delta: 0.000205495
MPI muliplication duration: 24.6834
delta: 0.000165747
MPI muliplication duration: 24.6842
delta: 0.000155066
MPI muliplication duration: 24.6855
delta: 0.000607357
MPI muliplication duration: 24.9993
delta: 5.4736e-05
MPI muliplication duration: 24.6834
delta: 0.000141112
 
Batch Job Summary Report for Job "wrap" (9617224) on daint
-----------------------------------------------------------------------------------------------------
             Submit            Eligible               Start                 End    Elapsed  Timelimit 
------------------- ------------------- ------------------- ------------------- ---------- ---------- 
2018-09-15T13:06:27 2018-09-15T13:06:27 2018-09-15T13:09:31 2018-09-15T13:29:37   00:20:06   00:20:00 
-----------------------------------------------------------------------------------------------------
Username    Account     Partition   NNodes   Energy
----------  ----------  ----------  ------  --------------
pfandedd    d69         normal           9    1.92M joules
----------------------------------------------------------
gpusecs  maxgpusecs        maxmem            summem
-------  ----------  ------------  ----------------
   9384        9384    2030043136       18986565632
----------------------------------------------------------
Scratch File System        Files       Quota
--------------------  ----------  ----------
/scratch/snx3000               2     1000000
/scratch/snx1600             251     1000000
 
