

Arguments (Scenario):
--------------------- 
datasetFileName: /scratch/snx1600/pfandedd/datasets/gaussian_c3_size10000_dim10.arff
OpenCL configuration file: config_ocl_float_P100.cfg
level: 6
lambda: 1e-06
k: 5
threshold: 0.7


Setup:
------ 
Using default MPI network config setting...
Network initialized and ready
Network setup duration: 0.0133795
dataset_size: 10000
dim: 10
Dataset load (on master) duration: 0.130733
Grid creation (on master) duration: 0.281916
Grid created! Number of grid points:     77505


Create right-hand side of density equation: 
-------------------------------------------- 
RHS operation creation (includes grid and dataset transfers) duration: 0.0200998
query_size: 4
max_compute_units: 56
Node 1: Created slave operation "DensityRHSWorker"
rhs creation duration: 1.98997s
Solve for alpha: 
--------------- 
Density mult operation creation (includes grid transfer) duration: 0.0155923
Starting Conjugated Gradients
All temp variables used in CG have been initialized
query_size: 4
max_compute_units: 56
Node 1: Created slave operation "DensityMultiplicationWorker"
MPI muliplication duration: 0.49127
Starting norm of residuum: 0.0799145
Target norm:               7.99145e-10
MPI muliplication duration: 0.348844
delta: 0.121734
MPI muliplication duration: 0.348317
delta: 0.0404084
MPI muliplication duration: 0.348321
delta: 0.0540064
MPI muliplication duration: 0.34834
delta: 0.0216706
MPI muliplication duration: 0.348373
delta: 0.0142657
MPI muliplication duration: 0.348311
delta: 0.0212409
MPI muliplication duration: 0.348352
delta: 0.010707
MPI muliplication duration: 0.348305
delta: 0.00810793
MPI muliplication duration: 0.348338
delta: 0.0032515
MPI muliplication duration: 0.348307
delta: 0.00273866
MPI muliplication duration: 0.348322
delta: 0.0178255
MPI muliplication duration: 0.34829
delta: 0.00105307
MPI muliplication duration: 0.348322
delta: 0.00189994
MPI muliplication duration: 0.348304
delta: 0.000573583
MPI muliplication duration: 0.348306
delta: 0.000289185
MPI muliplication duration: 0.348325
delta: 0.00335751
MPI muliplication duration: 0.350212
delta: 0.000190792
MPI muliplication duration: 0.348304
delta: 0.000203024
MPI muliplication duration: 0.348357
delta: 7.14642e-05
MPI muliplication duration: 0.34831
delta: 0.000290542
MPI muliplication duration: 0.348323
delta: 0.000195774
MPI muliplication duration: 0.348325
delta: 5.7991e-05
MPI muliplication duration: 0.348312
delta: 3.86642e-05
MPI muliplication duration: 0.348299
delta: 2.01028e-05
MPI muliplication duration: 0.348339
delta: 1.08221e-05
MPI muliplication duration: 0.348316
delta: 7.38515e-05
MPI muliplication duration: 0.348323
delta: 3.66869e-06
MPI muliplication duration: 0.348335
delta: 1.44137e-06
MPI muliplication duration: 0.348293
delta: 1.70478e-05
MPI muliplication duration: 0.348334
delta: 1.23002e-06
MPI muliplication duration: 0.348327
delta: 9.2455e-07
MPI muliplication duration: 0.348329
delta: 9.88529e-07
MPI muliplication duration: 0.34828
delta: 3.20145e-07
MPI muliplication duration: 0.348328
delta: 1.48775e-07
MPI muliplication duration: 0.348339
delta: 1.60577e-06
MPI muliplication duration: 0.348311
delta: 2.22067e-07
MPI muliplication duration: 0.348308
delta: 8.54591e-08
MPI muliplication duration: 0.348311
delta: 7.57844e-08
MPI muliplication duration: 0.348309
delta: 3.81658e-08
MPI muliplication duration: 0.348299
delta: 8.2043e-08
MPI muliplication duration: 0.348323
delta: 1.52102e-07
MPI muliplication duration: 0.348302
delta: 6.37371e-09
MPI muliplication duration: 0.34831
delta: 6.15185e-09
MPI muliplication duration: 0.348318
delta: 1.14511e-08
MPI muliplication duration: 0.348333
delta: 5.52343e-09
MPI muliplication duration: 0.348349
delta: 1.47113e-08
MPI muliplication duration: 0.348315
delta: 6.20697e-09
MPI muliplication duration: 0.348321
delta: 5.97412e-10
Number of iterations: 48 (max. 1000)
Final norm of residuum: 5.97412e-10
counted_mult_calls: 49
solver duration: 18.0717s
Number of grid points:     77505


Create and prune graph: 
----------------------- 
Getting dataset from enviroment cache
Dataset should be cached
Dataset should be cached
KNN (create and prune) operation creation (includes cached dataset transfer) duration: 0.0131461
unpadded_datasize: 10000 adding elements: 112 (* dims)
Node 1: Created slave operation "PrunedGraphCreationWorker"
create knn operation duration: 1.97856s
Find clusters in pruned graph: 
------------------------------ 
find clusters duration: 0.00547576s
detected clusters: 4


Runtimes: 
--------- 
finished computation at Fri Sep 14 18:54:19 2018
elapsed time: 22.5217s


Finishing: 
---------- 
Node 1 received cleanup signal...
Beginning cleanup...
Node 1 All remaining workers are now deleted!
Destroying the enviroment now!
Cleanup done!
Node 1: Exiting... 
 
Batch Job Summary Report for Job "wrap" (9609158) on daint
-----------------------------------------------------------------------------------------------------
             Submit            Eligible               Start                 End    Elapsed  Timelimit 
------------------- ------------------- ------------------- ------------------- ---------- ---------- 
2018-09-14T18:53:49 2018-09-14T18:53:49 2018-09-14T18:53:51 2018-09-14T18:54:22   00:00:31   00:02:00 
-----------------------------------------------------------------------------------------------------
Username    Account     Partition   NNodes   Energy
----------  ----------  ----------  ------  --------------
pfandedd    d69         normal           2    6.73K joules
----------------------------------------------------------
gpusecs  maxgpusecs        maxmem            summem
-------  ----------  ------------  ----------------
     18          18    1212153856        1822425088
----------------------------------------------------------
Scratch File System        Files       Quota
--------------------  ----------  ----------
/scratch/snx3000               2     1000000
/scratch/snx1600             226     1000000
 
