

Arguments (Scenario):
--------------------- 
datasetFileName: /scratch/snx1600/pfandedd/datasets/gaussian_c3_size10000000_dim10.arff
OpenCL configuration file: config_ocl_float_P100.cfg
level: 6
lambda: 1e-06
k: 5
threshold: 0.7


Setup:
------ 
Using default MPI network config setting...
Network initialized and ready
Network setup duration: 0.0415731
Dataset load (on master) duration: 30.7738
Grid creation (on master) duration: 0.244452


Create right-hand side of density equation: 
-------------------------------------------- 
RHS operation creation (includes grid and dataset transfers) duration: 0.506552
query_size: 4
max_compute_units: 56
query_size: 4
max_compute_units: 56
query_size: 4
max_compute_units: 56
query_size: 4
max_compute_units: 56
Node 2: Created slave operation "DensityRHSWorker"
Node 3: Created slave operation "DensityRHSWorker"
Node 4: Created slave operation "DensityRHSWorker"
Node 1: Created slave operation "DensityRHSWorker"
rhs creation duration: 8.21391s
Solve for alpha: 
--------------- 
Density mult operation creation (includes grid transfer) duration: 0.0164079
Starting Conjugated Gradients
All temp variables used in CG have been initialized
query_size: 4
max_compute_units: 56
query_size: 4
max_compute_units: 56
query_size: 4
max_compute_units: 56
query_size: 4
max_compute_units: 56
Node 3: Created slave operation "DensityMultiplicationWorker"
Node 2: Created slave operation "DensityMultiplicationWorker"
Node 1: Created slave operation "DensityMultiplicationWorker"
Node 4: Created slave operation "DensityMultiplicationWorker"
MPI muliplication duration: 0.262789
Starting norm of residuum: 0.218852
Target norm:               2.18852e-09
MPI muliplication duration: 0.135146
delta: 0.249704
MPI muliplication duration: 0.135107
delta: 0.112286
MPI muliplication duration: 0.135093
delta: 0.17803
MPI muliplication duration: 0.135098
delta: 0.0626363
MPI muliplication duration: 0.135255
delta: 0.040821
MPI muliplication duration: 0.135138
delta: 0.198687
MPI muliplication duration: 0.1351
delta: 0.0293231
MPI muliplication duration: 0.135106
delta: 0.0317181
MPI muliplication duration: 0.135095
delta: 0.0116736
MPI muliplication duration: 0.135095
delta: 0.00857318
MPI muliplication duration: 0.135135
delta: 0.0707761
MPI muliplication duration: 0.135236
delta: 0.00491157
MPI muliplication duration: 0.13515
delta: 0.00471657
MPI muliplication duration: 0.13515
delta: 0.00154786
MPI muliplication duration: 0.135107
delta: 0.00144122
MPI muliplication duration: 0.135187
delta: 0.00184795
MPI muliplication duration: 0.13511
delta: 0.000816649
MPI muliplication duration: 0.135096
delta: 0.000487561
MPI muliplication duration: 0.135223
delta: 0.000243323
MPI muliplication duration: 0.135114
delta: 0.00298857
MPI muliplication duration: 0.135124
delta: 0.0010279
MPI muliplication duration: 0.13512
delta: 0.000172095
MPI muliplication duration: 0.13511
delta: 0.00022058
MPI muliplication duration: 0.135095
delta: 4.71441e-05
MPI muliplication duration: 0.135136
delta: 8.81167e-05
MPI muliplication duration: 0.135101
delta: 0.000206312
MPI muliplication duration: 0.135094
delta: 1.27024e-05
MPI muliplication duration: 0.13512
delta: 5.81937e-06
MPI muliplication duration: 0.135111
delta: 5.08301e-05
MPI muliplication duration: 0.135098
delta: 6.15965e-05
MPI muliplication duration: 0.135265
delta: 3.64831e-06
MPI muliplication duration: 0.135139
delta: 4.07423e-06
MPI muliplication duration: 0.135252
delta: 1.00013e-06
MPI muliplication duration: 0.135222
delta: 2.71939e-06
MPI muliplication duration: 0.135408
delta: 6.7114e-07
MPI muliplication duration: 0.135616
delta: 1.18934e-06
MPI muliplication duration: 0.135092
delta: 2.36639e-07
MPI muliplication duration: 0.135092
delta: 4.09635e-07
MPI muliplication duration: 0.135122
delta: 1.58423e-07
MPI muliplication duration: 0.135114
delta: 7.1335e-07
MPI muliplication duration: 0.135086
delta: 2.11488e-07
MPI muliplication duration: 0.135093
delta: 2.71828e-08
MPI muliplication duration: 0.135092
delta: 1.9398e-08
MPI muliplication duration: 0.135091
delta: 6.47177e-08
MPI muliplication duration: 0.135104
delta: 2.3441e-08
MPI muliplication duration: 0.135115
delta: 2.49287e-08
MPI muliplication duration: 0.135284
delta: 2.91044e-08
MPI muliplication duration: 0.135113
delta: 2.14905e-09
Number of iterations: 48 (max. 1000)
Final norm of residuum: 2.14905e-09
counted_mult_calls: 49
solver duration: 7.6278s


Create and prune graph: 
----------------------- 
Getting dataset from enviroment cache
Dataset should be cached
Getting dataset from enviroment cache
Dataset should be cached
Getting dataset from enviroment cache
Dataset should be cached
Getting dataset from enviroment cache
Dataset should be cached
Dataset should be cached
KNN (create and prune) operation creation (includes cached dataset transfer) duration: 0.406206
unpadded_datasize: 11800000 adding elements: 64 (* dims)
unpadded_datasize: 11800000 adding elements: 64 (* dims)
unpadded_datasize: 11800000 adding elements: 64 (* dims)
unpadded_datasize: 11800000 adding elements: 64 (* dims)
Node 3: Created slave operation "PrunedGraphCreationWorker"
Node 2: Created slave operation "PrunedGraphCreationWorker"
Node 1: Created slave operation "PrunedGraphCreationWorker"
Node 4: Created slave operation "PrunedGraphCreationWorker"
create knn operation duration: 259.511s
Find clusters in pruned graph: 
------------------------------ 
find clusters duration: 19.5857s
detected clusters: 8


Runtimes: 
--------- 
finished computation at Fri Sep 14 13:49:14 2018
elapsed time: 326.929s


Finishing: 
---------- 
Beginning cleanup...
Node 2 received cleanup signal...
Node 3 received cleanup signal...
Node 4 received cleanup signal...
Node 1 received cleanup signal...
Node 3 All remaining workers are now deleted!
Node 2 All remaining workers are now deleted!
Node 4 All remaining workers are now deleted!
Node 1 All remaining workers are now deleted!
Node 2: Exiting... 
Node 1: Exiting... 
Node 4: Exiting... 
Node 3: Exiting... 
Destroying the enviroment now!
Cleanup done!
 
Batch Job Summary Report for Job "wrap" (9605310) on daint
-----------------------------------------------------------------------------------------------------
             Submit            Eligible               Start                 End    Elapsed  Timelimit 
------------------- ------------------- ------------------- ------------------- ---------- ---------- 
2018-09-14T13:43:23 2018-09-14T13:43:23 2018-09-14T13:43:39 2018-09-14T13:49:20   00:05:41   00:30:00 
-----------------------------------------------------------------------------------------------------
Username    Account     Partition   NNodes   Energy
----------  ----------  ----------  ------  --------------
pfandedd    d69         normal           5  326.78K joules
----------------------------------------------------------
gpusecs  maxgpusecs        maxmem            summem
-------  ----------  ------------  ----------------
   1064        1064    2690646016       12288262144
----------------------------------------------------------
Scratch File System        Files       Quota
--------------------  ----------  ----------
/scratch/snx3000               2     1000000
/scratch/snx1600             211     1000000
 
