dataset_size: 100000

Arguments (Scenario):
--------------------- 
datasetFileName: /scratch/snx1600/pfandedd/datasets/gaussian_c3_size100000_dim10.arff
OpenCL configuration file: config_ocl_float_P100.cfg
level: 6
lambda: 1e-06
k: 5
threshold: 0.7


Setup:
------ 
Using default MPI network config setting...
Network initialized and ready
Network setup duration: 0.0209314
dataset_size: 100000
dim: 10
Dataset load (on master) duration: 0.285134
Grid creation (on master) duration: 0.242783
Grid created! Number of grid points:     77505


Create right-hand side of density equation: 
-------------------------------------------- 
RHS operation creation (includes grid and dataset transfers) duration: 0.0226441
query_size: 4
max_compute_units: 56
query_size: 4
max_compute_units: 56
Node 1: Created slave operation "DensityRHSWorker"
Node 2: Created slave operation "DensityRHSWorker"
rhs creation duration: 1.90698s
Solve for alpha: 
--------------- 
Density mult operation creation (includes grid transfer) duration: 0.0147319
Starting Conjugated Gradients
All temp variables used in CG have been initialized
query_size: 4
max_compute_units: 56
query_size: 4
max_compute_units: 56
Node 1: Created slave operation "DensityMultiplicationWorker"
Node 2: Created slave operation "DensityMultiplicationWorker"
MPI muliplication duration: 0.319075
Starting norm of residuum: 0.162187
Target norm:               1.62187e-09
MPI muliplication duration: 0.177979
delta: 0.154241
MPI muliplication duration: 0.176953
delta: 0.0673467
MPI muliplication duration: 0.17591
delta: 0.0749139
MPI muliplication duration: 0.175892
delta: 0.033118
MPI muliplication duration: 0.175949
delta: 0.0193875
MPI muliplication duration: 0.175906
delta: 0.0892992
MPI muliplication duration: 0.17591
delta: 0.0148598
MPI muliplication duration: 0.175911
delta: 0.0142451
MPI muliplication duration: 0.175889
delta: 0.00509907
MPI muliplication duration: 0.175887
delta: 0.00409421
MPI muliplication duration: 0.175895
delta: 0.0288925
MPI muliplication duration: 0.175891
delta: 0.00889333
MPI muliplication duration: 0.175901
delta: 0.00111775
MPI muliplication duration: 0.175899
delta: 0.00068101
MPI muliplication duration: 0.175886
delta: 0.000861312
MPI muliplication duration: 0.175893
delta: 0.000637111
MPI muliplication duration: 0.1759
delta: 0.000354195
MPI muliplication duration: 0.175899
delta: 0.000113299
MPI muliplication duration: 0.175887
delta: 0.000514341
MPI muliplication duration: 0.175906
delta: 0.000163176
MPI muliplication duration: 0.175906
delta: 0.000448697
MPI muliplication duration: 0.175887
delta: 0.000159825
MPI muliplication duration: 0.1759
delta: 5.65637e-05
MPI muliplication duration: 0.175898
delta: 2.78339e-05
MPI muliplication duration: 0.17589
delta: 4.78651e-05
MPI muliplication duration: 0.17773
delta: 6.13817e-05
MPI muliplication duration: 0.175887
delta: 5.50081e-06
MPI muliplication duration: 0.175893
delta: 2.51923e-05
MPI muliplication duration: 0.175929
delta: 2.2721e-06
MPI muliplication duration: 0.175883
delta: 7.24268e-05
MPI muliplication duration: 0.175906
delta: 9.00482e-07
MPI muliplication duration: 0.17591
delta: 2.35708e-06
MPI muliplication duration: 0.175899
delta: 4.17468e-07
MPI muliplication duration: 0.17591
delta: 3.10521e-06
MPI muliplication duration: 0.175899
delta: 9.71396e-07
MPI muliplication duration: 0.175888
delta: 3.70093e-07
MPI muliplication duration: 0.175893
delta: 1.06726e-06
MPI muliplication duration: 0.175889
delta: 8.46842e-08
MPI muliplication duration: 0.175884
delta: 5.20795e-08
MPI muliplication duration: 0.175888
delta: 1.89276e-07
MPI muliplication duration: 0.175893
delta: 1.12729e-07
MPI muliplication duration: 0.175887
delta: 1.12458e-08
MPI muliplication duration: 0.17589
delta: 1.15708e-08
MPI muliplication duration: 0.175899
delta: 2.56932e-08
MPI muliplication duration: 0.175889
delta: 2.79756e-08
MPI muliplication duration: 0.175885
delta: 6.75814e-09
MPI muliplication duration: 0.175897
delta: 1.10252e-08
MPI muliplication duration: 0.175889
delta: 8.53484e-10
Number of iterations: 48 (max. 1000)
Final norm of residuum: 8.53484e-10
counted_mult_calls: 49
solver duration: 9.63854s
Number of grid points:     77505


Create and prune graph: 
----------------------- 
Getting dataset from enviroment cache
Dataset should be cached
Dataset should be cached
Getting dataset from enviroment cache
Dataset should be cached
KNN (create and prune) operation creation (includes cached dataset transfer) duration: 0.0182593
unpadded_datasize: 100000 adding elements: 96 (* dims)
unpadded_datasize: 100000 adding elements: 96 (* dims)
Node 1: Created slave operation "PrunedGraphCreationWorker"
Node 2: Created slave operation "PrunedGraphCreationWorker"
create knn operation duration: 2.2536s
Find clusters in pruned graph: 
------------------------------ 
find clusters duration: 0.0853609s
detected clusters: 3


Runtimes: 
--------- 
finished computation at Fri Sep 14 18:54:14 2018
elapsed time: 14.4902s


Finishing: 
---------- 
Beginning cleanup...
Node 1 received cleanup signal...
Node 2 received cleanup signal...
Node 1 All remaining workers are now deleted!
Node 2 All remaining workers are now deleted!
Node 2: Exiting... 
Destroying the enviroment now!
Cleanup done!
Node 1: Exiting... 
 
Batch Job Summary Report for Job "wrap" (9609163) on daint
-----------------------------------------------------------------------------------------------------
             Submit            Eligible               Start                 End    Elapsed  Timelimit 
------------------- ------------------- ------------------- ------------------- ---------- ---------- 
2018-09-14T18:53:49 2018-09-14T18:53:49 2018-09-14T18:53:51 2018-09-14T18:54:17   00:00:26   00:02:00 
-----------------------------------------------------------------------------------------------------
Username    Account     Partition   NNodes   Energy
----------  ----------  ----------  ------  --------------
pfandedd    d69         normal           3    7.43K joules
----------------------------------------------------------
gpusecs  maxgpusecs        maxmem            summem
-------  ----------  ------------  ----------------
     18          18    1220542464        3356491776
----------------------------------------------------------
Scratch File System        Files       Quota
--------------------  ----------  ----------
/scratch/snx3000               2     1000000
/scratch/snx1600             226     1000000
 
