dataset_size: 10000

Arguments (Scenario):
--------------------- 
datasetFileName: /scratch/snx1600/pfandedd/datasets/gaussian_c3_size10000_dim10.arff
OpenCL configuration file: config_ocl_float_P100.cfg
level: 6
lambda: 1e-06
k: 5
threshold: 0.7


Setup:
------ 
Using default MPI network config setting...
Network initialized and ready
Network setup duration: 0.0616566
dataset_size: 10000
dim: 10
Dataset load (on master) duration: 0.0646715
Grid creation (on master) duration: 0.273896
Grid created! Number of grid points:     77505


Create right-hand side of density equation: 
-------------------------------------------- 
RHS operation creation (includes grid and dataset transfers) duration: 0.0318867
query_size: 4
max_compute_units: 56
query_size: 4
max_compute_units: 56
query_size: 4
max_compute_units: 56
query_size: 4
max_compute_units: 56
query_size: 4
max_compute_units: 56
query_size: 4
max_compute_units: 56
query_size: 4
max_compute_units: 56
query_size: 4
max_compute_units: 56
Node 3: Created slave operation "DensityRHSWorker"
Node 4: Created slave operation "DensityRHSWorker"
Node 1: Created slave operation "DensityRHSWorker"
Node 6: Created slave operation "DensityRHSWorker"
Node 8: Created slave operation "DensityRHSWorker"
Node 2: Created slave operation "DensityRHSWorker"
Node 5: Created slave operation "DensityRHSWorker"
Node 7: Created slave operation "DensityRHSWorker"
rhs creation duration: 1.93516s
Solve for alpha: 
--------------- 
Density mult operation creation (includes grid transfer) duration: 0.0191187
Starting Conjugated Gradients
All temp variables used in CG have been initialized
query_size: 4
max_compute_units: 56
query_size: 4
max_compute_units: 56
query_size: 4
max_compute_units: 56
query_size: 4
max_compute_units: 56
query_size: 4
max_compute_units: 56
query_size: 4
max_compute_units: 56
query_size: 4
max_compute_units: 56
query_size: 4
max_compute_units: 56
Node 8: Created slave operation "DensityMultiplicationWorker"
Node 1: Created slave operation "DensityMultiplicationWorker"
Node 5: Created slave operation "DensityMultiplicationWorker"
Node 4: Created slave operation "DensityMultiplicationWorker"
Node 6: Created slave operation "DensityMultiplicationWorker"
Node 2: Created slave operation "DensityMultiplicationWorker"
Node 3: Created slave operation "DensityMultiplicationWorker"
Node 7: Created slave operation "DensityMultiplicationWorker"
MPI muliplication duration: 0.26057
Starting norm of residuum: 0.0799145
Target norm:               7.99145e-10
MPI muliplication duration: 0.121806
delta: 0.121734
MPI muliplication duration: 0.115494
delta: 0.0404084
MPI muliplication duration: 0.114817
delta: 0.0540064
MPI muliplication duration: 0.114785
delta: 0.0216706
MPI muliplication duration: 0.11476
delta: 0.0142657
MPI muliplication duration: 0.114932
delta: 0.0212409
MPI muliplication duration: 0.114717
delta: 0.010707
MPI muliplication duration: 0.114716
delta: 0.00810793
MPI muliplication duration: 0.114713
delta: 0.0032515
MPI muliplication duration: 0.114727
delta: 0.00273866
MPI muliplication duration: 0.114726
delta: 0.0178255
MPI muliplication duration: 0.11469
delta: 0.00105307
MPI muliplication duration: 0.114718
delta: 0.00189994
MPI muliplication duration: 0.11471
delta: 0.000573583
MPI muliplication duration: 0.11471
delta: 0.000289185
MPI muliplication duration: 0.114785
delta: 0.00335751
MPI muliplication duration: 0.114714
delta: 0.000190792
MPI muliplication duration: 0.1147
delta: 0.000203024
MPI muliplication duration: 0.114697
delta: 7.14642e-05
MPI muliplication duration: 0.11475
delta: 0.000290542
MPI muliplication duration: 0.114951
delta: 0.000195774
MPI muliplication duration: 0.11475
delta: 5.7991e-05
MPI muliplication duration: 0.114704
delta: 3.86642e-05
MPI muliplication duration: 0.114712
delta: 2.01028e-05
MPI muliplication duration: 0.114717
delta: 1.08221e-05
MPI muliplication duration: 0.114711
delta: 7.38515e-05
MPI muliplication duration: 0.114716
delta: 3.66869e-06
MPI muliplication duration: 0.114757
delta: 1.44137e-06
MPI muliplication duration: 0.114707
delta: 1.70478e-05
MPI muliplication duration: 0.11472
delta: 1.23002e-06
MPI muliplication duration: 0.114743
delta: 9.2455e-07
MPI muliplication duration: 0.114727
delta: 9.88529e-07
MPI muliplication duration: 0.114713
delta: 3.20145e-07
MPI muliplication duration: 0.114742
delta: 1.48775e-07
MPI muliplication duration: 0.11471
delta: 1.60577e-06
MPI muliplication duration: 0.114705
delta: 2.22067e-07
MPI muliplication duration: 0.114709
delta: 8.54591e-08
MPI muliplication duration: 0.114701
delta: 7.57844e-08
MPI muliplication duration: 0.114707
delta: 3.81658e-08
MPI muliplication duration: 0.114728
delta: 8.2043e-08
MPI muliplication duration: 0.114729
delta: 1.52102e-07
MPI muliplication duration: 0.114705
delta: 6.37371e-09
MPI muliplication duration: 0.114691
delta: 6.15185e-09
MPI muliplication duration: 0.114712
delta: 1.14511e-08
MPI muliplication duration: 0.114709
delta: 5.52343e-09
MPI muliplication duration: 0.114705
delta: 1.47113e-08
MPI muliplication duration: 0.114703
delta: 6.20697e-09
MPI muliplication duration: 0.114711
delta: 5.97412e-10
Number of iterations: 48 (max. 1000)
Final norm of residuum: 5.97412e-10
counted_mult_calls: 49
solver duration: 6.65509s
Number of grid points:     77505


Create and prune graph: 
----------------------- 
Getting dataset from enviroment cache
Dataset should be cached
Getting dataset from enviroment cache
Dataset should be cached
Dataset should be cached
Getting dataset from enviroment cache
Dataset should be cached
Getting dataset from enviroment cache
Dataset should be cached
Getting dataset from enviroment cache
Dataset should be cached
Getting dataset from enviroment cache
Dataset should be cached
Getting dataset from enviroment cache
Dataset should be cached
Getting dataset from enviroment cache
Dataset should be cached
KNN (create and prune) operation creation (includes cached dataset transfer) duration: 0.0192593
unpadded_datasize: 10000 adding elements: 112 (* dims)
unpadded_datasize: 10000 adding elements: 112 (* dims)
unpadded_datasize: 10000 adding elements: 112 (* dims)
unpadded_datasize: 10000 adding elements: 112 (* dims)
unpadded_datasize: 10000 adding elements: 112 (* dims)
unpadded_datasize: 10000 adding elements: 112 (* dims)
unpadded_datasize: 10000 adding elements: 112 (* dims)
unpadded_datasize: 10000 adding elements: 112 (* dims)
Node 8: Created slave operation "PrunedGraphCreationWorker"
Node 7: Created slave operation "PrunedGraphCreationWorker"
Node 3: Created slave operation "PrunedGraphCreationWorker"
Node 5: Created slave operation "PrunedGraphCreationWorker"
Node 6: Created slave operation "PrunedGraphCreationWorker"
Node 1: Created slave operation "PrunedGraphCreationWorker"
Node 2: Created slave operation "PrunedGraphCreationWorker"
Node 4: Created slave operation "PrunedGraphCreationWorker"
create knn operation duration: 2.00388s
Find clusters in pruned graph: 
------------------------------ 
find clusters duration: 0.00548008s
detected clusters: 4


Runtimes: 
--------- 
finished computation at Fri Sep 14 18:54:08 2018
elapsed time: 11.0713s


Finishing: 
---------- 
Node 5 received cleanup signal...
Node 1 received cleanup signal...
Node 6 received cleanup signal...
Node 8 received cleanup signal...
Node 7 received cleanup signal...
Node 3 received cleanup signal...
Node 2 received cleanup signal...
Beginning cleanup...
Node 4 received cleanup signal...
Node 8 All remaining workers are now deleted!
Node 2 All remaining workers are now deleted!
Node 3 All remaining workers are now deleted!
Node 4 All remaining workers are now deleted!
Node 1 All remaining workers are now deleted!
Node 6 All remaining workers are now deleted!
Node 5 All remaining workers are now deleted!
Node 7 All remaining workers are now deleted!
Node 3: Exiting... 
Node 7: Exiting... 
Destroying the enviroment now!
Cleanup done!
Node 1: Exiting... 
Node 2: Exiting... 
Node 5: Exiting... 
Node 8: Exiting... 
Node 6: Exiting... 
Node 4: Exiting... 
 
Batch Job Summary Report for Job "wrap" (9609161) on daint
-----------------------------------------------------------------------------------------------------
             Submit            Eligible               Start                 End    Elapsed  Timelimit 
------------------- ------------------- ------------------- ------------------- ---------- ---------- 
2018-09-14T18:53:49 2018-09-14T18:53:49 2018-09-14T18:53:51 2018-09-14T18:54:11   00:00:20   00:02:00 
-----------------------------------------------------------------------------------------------------
Username    Account     Partition   NNodes   Energy
----------  ----------  ----------  ------  --------------
pfandedd    d69         normal           9   15.51K joules
----------------------------------------------------------
gpusecs  maxgpusecs        maxmem            summem
-------  ----------  ------------  ----------------
     46          46    1212153856       12443451392
----------------------------------------------------------
Scratch File System        Files       Quota
--------------------  ----------  ----------
/scratch/snx3000               2     1000000
/scratch/snx1600             226     1000000
 
