

Arguments (Scenario):
--------------------- 
datasetFileName: /scratch/snx1600/pfandedd/datasets/gaussian_c3_size100000_dim10.arff
OpenCL configuration file: config_ocl_float_P100.cfg
level: 3
lambda: 1e-06
k: 5
threshold: 0.7


Setup:
------ 
Using default MPI network config setting...
Network initialized and ready
Network setup duration: 0.0292019
Dataset load (on master) duration: 0.356397
Grid creation (on master) duration: 0.00384256


Create right-hand side of density equation: 
-------------------------------------------- 
RHS operation creation (includes grid and dataset transfers) duration: 0.0176062
query_size: 4
max_compute_units: 56
Node 2: Created slave operation "DensityRHSWorker"
query_size: 4
max_compute_units: 56
Node 1: Created slave operation "DensityRHSWorker"
rhs creation duration: 2.0729s
Solve for alpha: 
--------------- 
Density mult operation creation (includes grid transfer) duration: 0.00196219
Starting Conjugated Gradients
All temp variables used in CG have been initialized
query_size: 4
max_compute_units: 56
Node 1: Created slave operation "DensityMultiplicationWorker"
query_size: 4
max_compute_units: 56
Node 2: Created slave operation "DensityMultiplicationWorker"
MPI muliplication duration: 0.893876
Starting norm of residuum: 0.00691698
Target norm:               6.91698e-11
MPI muliplication duration: 0.000518
delta: 0.00496857
MPI muliplication duration: 0.000501
delta: 0.00264213
MPI muliplication duration: 0.0005
delta: 0.000730703
MPI muliplication duration: 0.000499
delta: 8.10564e-05
MPI muliplication duration: 0.000499
delta: 2.01029e-05
MPI muliplication duration: 0.000553
delta: 1.35581e-05
MPI muliplication duration: 0.000499
delta: 3.90526e-06
MPI muliplication duration: 0.000501
delta: 2.65875e-07
MPI muliplication duration: 0.000507
delta: 3.37034e-08
MPI muliplication duration: 0.000499
delta: 1.33526e-07
MPI muliplication duration: 0.000499
delta: 1.90639e-08
MPI muliplication duration: 0.000498
delta: 1.19843e-09
MPI muliplication duration: 0.000497
delta: 1.59287e-10
MPI muliplication duration: 0.000498
delta: 1.41016e-10
MPI muliplication duration: 0.000498
delta: 6.49233e-12
Number of iterations: 15 (max. 1000)
Final norm of residuum: 6.49233e-12
counted_mult_calls: 16
solver duration: 0.902194s


Create and prune graph: 
----------------------- 
Dataset should be cached
Getting dataset from enviroment cache
Dataset should be cached
Getting dataset from enviroment cache
Dataset should be cached
KNN (create and prune) operation creation (includes cached dataset transfer) duration: 0.00251488
unpadded_datasize: 100000 adding elements: 96 (* dims)
unpadded_datasize: 100000 adding elements: 96 (* dims)
Node 1: Created slave operation "PrunedGraphCreationWorker"
Node 2: Created slave operation "PrunedGraphCreationWorker"
create knn operation duration: 1.9292s
Find clusters in pruned graph: 
------------------------------ 
find clusters duration: 0.0152247s
detected clusters: 0


Runtimes: 
--------- 
finished computation at Fri Sep 14 13:28:47 2018
elapsed time: 5.33201s


Finishing: 
---------- 
Beginning cleanup...
Node 2 received cleanup signal...
Node 1 received cleanup signal...
Node 1 All remaining workers are now deleted!
Node 2 All remaining workers are now deleted!
Node 2: Exiting... 
Destroying the enviroment now!
Cleanup done!
Node 1: Exiting... 
