

Arguments (Scenario):
--------------------- 
datasetFileName: /scratch/snx1600/pfandedd/datasets/gaussian_c3_size100000_dim10.arff
OpenCL configuration file: config_ocl_float_P100.cfg
level: 8
lambda: 1e-06
k: 5
threshold: 0.7


Setup:
------ 
Using default MPI network config setting...
Network initialized and ready
Network setup duration: 0.0186867
dataset_size: 100000
dim: 10
Dataset load (on master) duration: 0.289047
Grid creation (on master) duration: 6.0849
Grid created! Number of grid points:     1862145


Create right-hand side of density equation: 
-------------------------------------------- 
RHS operation creation (includes grid and dataset transfers) duration: 0.27904
query_size: 4
max_compute_units: 56
query_size: 4
max_compute_units: 56
Node 1: Created slave operation "DensityRHSWorker"
Node 2: Created slave operation "DensityRHSWorker"
rhs creation duration: 3.89283s
Solve for alpha: 
--------------- 
Density mult operation creation (includes grid transfer) duration: 0.271874
Starting Conjugated Gradients
All temp variables used in CG have been initialized
query_size: 4
max_compute_units: 56
query_size: 4
max_compute_units: 56
Node 1: Created slave operation "DensityMultiplicationWorker"
Node 2: Created slave operation "DensityMultiplicationWorker"
MPI muliplication duration: 90.6663
Starting norm of residuum: 0.336274
Target norm:               3.36274e-09
 
Batch Job Summary Report for Job "wrap" (9608935) on daint
-----------------------------------------------------------------------------------------------------
             Submit            Eligible               Start                 End    Elapsed  Timelimit 
------------------- ------------------- ------------------- ------------------- ---------- ---------- 
2018-09-14T18:36:43 2018-09-14T18:36:43 2018-09-14T18:36:48 2018-09-14T18:39:00   00:02:12   00:02:00 
-----------------------------------------------------------------------------------------------------
Username    Account     Partition   NNodes   Energy
----------  ----------  ----------  ------  --------------
pfandedd    d69         normal           3   58.58K joules
----------------------------------------------------------
gpusecs  maxgpusecs        maxmem            summem
-------  ----------  ------------  ----------------
    234         234    1633681408        4182769664
----------------------------------------------------------
Scratch File System        Files       Quota
--------------------  ----------  ----------
/scratch/snx3000               2     1000000
/scratch/snx1600             219     1000000
 
