dataset_size: 100000000

Arguments (Scenario):
--------------------- 
datasetFileName: /scratch/snx1600/pfandedd/datasets/gaussian_c3_size100000000_dim10
OpenCL configuration file: config_ocl_float_P100.cfg
level: 8
lambda: 1e-06
k: 5
threshold: 0.7


Setup:
------ 
Using default MPI network config setting...
Network initialized and ready
Network setup duration: 0.0737963
dim: 10
Dataset load (on master) duration: 38.2062
Grid creation (on master) duration: 6.04532
Grid created! Number of grid points:     1862145


Create right-hand side of density equation: 
-------------------------------------------- 
RHS operation creation (includes grid and dataset transfers) duration: 4.47351
query_size: 4
max_compute_units: 56
query_size: 4
max_compute_units: 56
query_size: 4
max_compute_units: 56
query_size: 4
max_compute_units: 56
Node 5: Created slave operation "DensityRHSWorker"
Node 1: Created slave operation "DensityRHSWorker"
Node 4: Created slave operation "DensityRHSWorker"
Node 8: Created slave operation "DensityRHSWorker"
query_size: 4
max_compute_units: 56
query_size: 4
max_compute_units: 56
query_size: 4
max_compute_units: 56
query_size: 4
max_compute_units: 56
Node 3: Created slave operation "DensityRHSWorker"
Node 2: Created slave operation "DensityRHSWorker"
Node 7: Created slave operation "DensityRHSWorker"
Node 6: Created slave operation "DensityRHSWorker"
rhs creation duration: 366.97s
Solve for alpha: 
--------------- 
Density mult operation creation (includes grid transfer) duration: 0.308675
Starting Conjugated Gradients
All temp variables used in CG have been initialized
query_size: 4
max_compute_units: 56
query_size: 4
max_compute_units: 56
query_size: 4
max_compute_units: 56
query_size: 4
max_compute_units: 56
query_size: 4
max_compute_units: 56
query_size: 4
max_compute_units: 56
query_size: 4
max_compute_units: 56
query_size: 4
max_compute_units: 56
Node 5: Created slave operation "DensityMultiplicationWorker"
Node 8: Created slave operation "DensityMultiplicationWorker"
Node 4: Created slave operation "DensityMultiplicationWorker"
Node 1: Created slave operation "DensityMultiplicationWorker"
Node 3: Created slave operation "DensityMultiplicationWorker"
Node 7: Created slave operation "DensityMultiplicationWorker"
Node 2: Created slave operation "DensityMultiplicationWorker"
Node 6: Created slave operation "DensityMultiplicationWorker"
MPI muliplication duration: 24.8452
Starting norm of residuum: 0.686931
Target norm:               6.86931e-07
MPI muliplication duration: 25.0076
delta: 1.43904
MPI muliplication duration: 24.6838
delta: 0.60901
MPI muliplication duration: 24.6839
delta: 0.952153
MPI muliplication duration: 24.6862
delta: 0.340916
MPI muliplication duration: 24.6843
delta: 0.467407
MPI muliplication duration: 25.0067
delta: 1.58131
MPI muliplication duration: 25.0058
delta: 0.176778
MPI muliplication duration: 25.0048
delta: 0.188102
MPI muliplication duration: 24.9976
delta: 0.250116
MPI muliplication duration: 24.9988
delta: 0.589018
MPI muliplication duration: 25.0017
delta: 0.0922983
MPI muliplication duration: 24.9991
delta: 0.303793
MPI muliplication duration: 25.0013
delta: 0.084686
MPI muliplication duration: 25.0054
delta: 0.109061
MPI muliplication duration: 24.6836
delta: 0.0554764
MPI muliplication duration: 25.0027
delta: 0.0237888
MPI muliplication duration: 24.6824
delta: 0.054173
MPI muliplication duration: 25.324
delta: 0.130488
MPI muliplication duration: 24.685
delta: 0.0410291
MPI muliplication duration: 25.0016
delta: 0.0424309
MPI muliplication duration: 25.0018
delta: 0.0138731
MPI muliplication duration: 25.0005
delta: 0.0187538
MPI muliplication duration: 25.0042
delta: 0.15276
MPI muliplication duration: 25.0006
delta: 0.00880687
MPI muliplication duration: 25.0085
delta: 0.00519568
MPI muliplication duration: 25.0034
delta: 0.00789844
MPI muliplication duration: 24.9982
delta: 0.0298432
MPI muliplication duration: 24.6841
delta: 0.010342
MPI muliplication duration: 25.0033
delta: 0.00582916
MPI muliplication duration: 24.9993
delta: 0.00217707
MPI muliplication duration: 25.3188
delta: 0.00619869
MPI muliplication duration: 25.0061
delta: 0.00100725
MPI muliplication duration: 25.0029
delta: 0.00430058
MPI muliplication duration: 24.9991
delta: 0.000891231
MPI muliplication duration: 24.9997
delta: 0.00227224
MPI muliplication duration: 24.683
delta: 0.00590291
MPI muliplication duration: 24.9978
delta: 0.000737711
MPI muliplication duration: 25.0022
delta: 0.000463582
MPI muliplication duration: 24.6851
delta: 0.00022024
MPI muliplication duration: 24.9985
delta: 0.00107435
MPI muliplication duration: 25.0028
delta: 0.000374068
MPI muliplication duration: 24.997
delta: 0.000226893
MPI muliplication duration: 25.0014
delta: 0.000926801
MPI muliplication duration: 25.0028
delta: 0.000423932
MPI muliplication duration: 24.6845
delta: 7.27093e-05
MPI muliplication duration: 25.0058
delta: 0.000100368
MPI muliplication duration: 25.3228
delta: 5.84309e-05
MPI muliplication duration: 24.6839
delta: 0.000108661
MPI muliplication duration: 24.6821
delta: 3.68181e-05
MPI muliplication duration: 25.001
delta: 4.00743e-05
MPI muliplication duration: 24.6855
MPI muliplication duration: 25.0005
delta: 3.35994e-05
MPI muliplication duration: 24.6817
delta: 0.000138594
MPI muliplication duration: 24.6849
delta: 4.27052e-05
MPI muliplication duration: 24.6848
delta: 3.97053e-05
MPI muliplication duration: 25.0058
delta: 3.4555e-05
MPI muliplication duration: 25.0024
delta: 3.87654e-05
MPI muliplication duration: 24.9992
delta: 1.64261e-05
MPI muliplication duration: 24.6844
delta: 2.06422e-05
MPI muliplication duration: 25.0018
delta: 1.9978e-05
MPI muliplication duration: 24.6833
delta: 2.11159e-05
MPI muliplication duration: 24.6842
delta: 1.23555e-05
MPI muliplication duration: 25.0011
delta: 5.69179e-06
MPI muliplication duration: 24.6848
delta: 4.02848e-05
MPI muliplication duration: 25.0022
delta: 6.74901e-06
MPI muliplication duration: 24.9968
delta: 8.34142e-06
MPI muliplication duration: 25.003
delta: 1.18707e-05
MPI muliplication duration: 25.002
delta: 6.60646e-06
MPI muliplication duration: 24.6847
delta: 2.04485e-06
MPI muliplication duration: 25.0007
delta: 5.51618e-06
MPI muliplication duration: 25.0042
delta: 7.33165e-06
MPI muliplication duration: 24.9999
delta: 7.70249e-06
MPI muliplication duration: 24.6831
delta: 1.20717e-05
MPI muliplication duration: 25.0015
delta: 1.22595e-06
MPI muliplication duration: 25.002
delta: 4.91879e-06
MPI muliplication duration: 24.6839
delta: 2.87368e-06
MPI muliplication duration: 25.0005
delta: 1.74522e-06
MPI muliplication duration: 25.0028
delta: 2.40736e-06
MPI muliplication duration: 24.9997
delta: 1.22871e-06
MPI muliplication duration: 25.0006
delta: 1.10139e-06
MPI muliplication duration: 24.9994
delta: 2.06256e-06
MPI muliplication duration: 25.004
delta: 2.30816e-06
MPI muliplication duration: 25.0332
delta: 4.0155e-07
Number of iterations: 82 (max. 1000)
Final norm of residuum: 4.0155e-07
counted_mult_calls: 84
solver duration: 2097.42s
Number of grid points:     1862145


Create and prune graph: 
----------------------- 
Getting dataset from enviroment cache
Dataset should be cached
Dataset should be cached
Getting dataset from enviroment cache
Dataset should be cached
Getting dataset from enviroment cache
Getting dataset from enviroment cache
Dataset should be cached
Dataset should be cached
Getting dataset from enviroment cache
Dataset should be cached
Getting dataset from enviroment cache
Dataset should be cached
Getting dataset from enviroment cache
Dataset should be cached
Getting dataset from enviroment cache
Dataset should be cached
KNN (create and prune) operation creation (includes cached dataset transfer) duration: 3.66574
unpadded_datasize: 100000000 adding elements: 128 (* dims)
unpadded_datasize: 100000000 adding elements: 128 (* dims)
unpadded_datasize: 100000000 adding elements: 128 (* dims)
unpadded_datasize: 100000000 adding elements: 128 (* dims)
unpadded_datasize: 100000000 adding elements: 128 (* dims)
unpadded_datasize: 100000000 adding elements: 128 (* dims)
unpadded_datasize: 100000000 adding elements: 128 (* dims)
unpadded_datasize: 100000000 adding elements: 128 (* dims)
Node 5: Created slave operation "PrunedGraphCreationWorker"
Node 3: Created slave operation "PrunedGraphCreationWorker"
Node 4: Created slave operation "PrunedGraphCreationWorker"
Node 2: Created slave operation "PrunedGraphCreationWorker"
Node 8: Created slave operation "PrunedGraphCreationWorker"
Node 6: Created slave operation "PrunedGraphCreationWorker"
Node 1: Created slave operation "PrunedGraphCreationWorker"
Node 7: Created slave operation "PrunedGraphCreationWorker"
create knn operation duration: 10242.6s
Find clusters in pruned graph: 
------------------------------ 
find clusters duration: 206.212s
detected clusters: 118


Runtimes: 
--------- 
finished computation at Mon Sep 17 02:10:18 2018
elapsed time: 12966s


Finishing: 
---------- 
Beginning cleanup...
Node 1 received cleanup signal...
Node 4 received cleanup signal...
Node 2 received cleanup signal...
Node 7 received cleanup signal...
Node 3 received cleanup signal...
Node 6 received cleanup signal...
Node 5 received cleanup signal...
Node 8 received cleanup signal...
Node 5 All remaining workers are now deleted!
Node 8 All remaining workers are now deleted!
Node 1 All remaining workers are now deleted!
Node 2 All remaining workers are now deleted!
Node 4 All remaining workers are now deleted!
Node 3 All remaining workers are now deleted!
Node 7 All remaining workers are now deleted!
Node 6 All remaining workers are now deleted!
Node 5: Exiting... 
Node 7: Exiting... 
Node 3: Exiting... 
Node 1: Exiting... 
Node 6: Exiting... 
Node 4: Exiting... 
Node 8: Exiting... 
Node 2: Exiting... 
Destroying the enviroment now!
Cleanup done!
 
Batch Job Summary Report for Job "wrap" (9629388) on daint
-----------------------------------------------------------------------------------------------------
             Submit            Eligible               Start                 End    Elapsed  Timelimit 
------------------- ------------------- ------------------- ------------------- ---------- ---------- 
2018-09-16T22:32:54 2018-09-16T22:32:54 2018-09-16T22:34:04 2018-09-17T02:10:22   03:36:18   06:00:00 
-----------------------------------------------------------------------------------------------------
Username    Account     Partition   NNodes   Energy
----------  ----------  ----------  ------  --------------
pfandedd    d69         normal           9   25.41M joules
----------------------------------------------------------
gpusecs  maxgpusecs        maxmem            summem
-------  ----------  ------------  ----------------
 100756      100756   14625538048      119750524928
----------------------------------------------------------
Scratch File System        Files       Quota
--------------------  ----------  ----------
/scratch/snx3000               2     1000000
/scratch/snx1600            9967     1000000
 
