

Arguments (Scenario):
--------------------- 
datasetFileName: /scratch/snx1600/pfandedd/datasets/gaussian_c3_size10000000_dim10
OpenCL configuration file: config_ocl_float_P100.cfg
level: 8
lambda: 1e-06
k: 5
threshold: 0.7


Setup:
------ 
Using default MPI network config setting...
Network initialized and ready
Network setup duration: 0.119656
dim: 10
Dataset load (on master) duration: 3.67666
Grid creation (on master) duration: 6.19878
Grid created! Number of grid points:     1862145


Create right-hand side of density equation: 
-------------------------------------------- 
RHS operation creation (includes grid and dataset transfers) duration: 0.969768
query_size: 4
max_compute_units: 56
query_size: 4
max_compute_units: 56
query_size: 4
max_compute_units: 56
query_size: 4
max_compute_units: 56
query_size: 4
max_compute_units: 56
query_size: 4
max_compute_units: 56
query_size: 4
max_compute_units: 56
query_size: 4
max_compute_units: 56
query_size: 4
max_compute_units: 56
query_size: 4
max_compute_units: 56
query_size: 4
max_compute_units: 56
query_size: 4
max_compute_units: 56
query_size: 4
max_compute_units: 56
query_size: 4
max_compute_units: 56
query_size: 4
max_compute_units: 56
query_size: 4
max_compute_units: 56
Node 2: Created slave operation "DensityRHSWorker"
Node 8: Created slave operation "DensityRHSWorker"
Node 5: Created slave operation "DensityRHSWorker"
Node 1: Created slave operation "DensityRHSWorker"
Node 13: Created slave operation "DensityRHSWorker"
Node 9: Created slave operation "DensityRHSWorker"
Node 3: Created slave operation "DensityRHSWorker"
Node 4: Created slave operation "DensityRHSWorker"
Node 11: Created slave operation "DensityRHSWorker"
Node 16: Created slave operation "DensityRHSWorker"
Node 12: Created slave operation "DensityRHSWorker"
Node 10: Created slave operation "DensityRHSWorker"
Node 7: Created slave operation "DensityRHSWorker"
Node 15: Created slave operation "DensityRHSWorker"
Node 6: Created slave operation "DensityRHSWorker"
Node 14: Created slave operation "DensityRHSWorker"
rhs creation duration: 20.132s
Solve for alpha: 
--------------- 
Density mult operation creation (includes grid transfer) duration: 0.344494
Starting Conjugated Gradients
All temp variables used in CG have been initialized
query_size: 4
max_compute_units: 56
query_size: 4
max_compute_units: 56
query_size: 4
max_compute_units: 56
query_size: 4
max_compute_units: 56
query_size: 4
max_compute_units: 56
query_size: 4
max_compute_units: 56
query_size: 4
max_compute_units: 56
query_size: 4
max_compute_units: 56
query_size: 4
max_compute_units: 56
query_size: 4
max_compute_units: 56
query_size: 4
max_compute_units: 56
query_size: 4
max_compute_units: 56
query_size: 4
max_compute_units: 56
query_size: 4
max_compute_units: 56
query_size: 4
max_compute_units: 56
query_size: 4
max_compute_units: 56
Node 16: Created slave operation "DensityMultiplicationWorker"
Node 10: Created slave operation "DensityMultiplicationWorker"
Node 13: Created slave operation "DensityMultiplicationWorker"
Node 5: Created slave operation "DensityMultiplicationWorker"
Node 9: Created slave operation "DensityMultiplicationWorker"
Node 3: Created slave operation "DensityMultiplicationWorker"
Node 12: Created slave operation "DensityMultiplicationWorker"
Node 8: Created slave operation "DensityMultiplicationWorker"
Node 4: Created slave operation "DensityMultiplicationWorker"
Node 1: Created slave operation "DensityMultiplicationWorker"
Node 11: Created slave operation "DensityMultiplicationWorker"
Node 2: Created slave operation "DensityMultiplicationWorker"
Node 14: Created slave operation "DensityMultiplicationWorker"
Node 7: Created slave operation "DensityMultiplicationWorker"
Node 15: Created slave operation "DensityMultiplicationWorker"
Node 6: Created slave operation "DensityMultiplicationWorker"
MPI muliplication duration: 13.8931
Starting norm of residuum: 0.641028
Target norm:               6.41028e-09
MPI muliplication duration: 13.7387
delta: 1.15022
MPI muliplication duration: 14.016
delta: 0.503166
MPI muliplication duration: 14.3034
delta: 0.74917
MPI muliplication duration: 14.0084
delta: 0.260849
MPI muliplication duration: 14.0179
delta: 0.354502
MPI muliplication duration: 14.0147
delta: 1.03492
MPI muliplication duration: 13.7366
delta: 0.127233
MPI muliplication duration: 14.0157
delta: 0.133644
MPI muliplication duration: 14.0189
delta: 0.196861
MPI muliplication duration: 14.0185
delta: 0.374462
MPI muliplication duration: 13.7339
delta: 0.0595373
MPI muliplication duration: 14.0139
delta: 0.207656
MPI muliplication duration: 13.7347
delta: 0.0594097
MPI muliplication duration: 13.7357
delta: 0.107421
MPI muliplication duration: 14.0147
delta: 0.0323194
MPI muliplication duration: 14.0149
delta: 0.0157848
MPI muliplication duration: 13.7345
delta: 0.0347835
MPI muliplication duration: 14.0162
delta: 0.120228
MPI muliplication duration: 13.7345
delta: 0.0154649
MPI muliplication duration: 14.0154
delta: 0.0268973
MPI muliplication duration: 14.015
delta: 0.0109273
MPI muliplication duration: 13.7358
delta: 0.0119355
MPI muliplication duration: 14.2993
delta: 0.0719109
MPI muliplication duration: 14.0153
delta: 0.00656289
MPI muliplication duration: 14.0138
delta: 0.00289644
MPI muliplication duration: 13.7353
delta: 0.00568995
MPI muliplication duration: 14.0159
delta: 0.0173927
MPI muliplication duration: 13.7357
delta: 0.00301842
MPI muliplication duration: 13.7344
delta: 0.00850585
MPI muliplication duration: 14.0159
delta: 0.00146182
MPI muliplication duration: 14.0061
delta: 0.0097836
MPI muliplication duration: 14.0155
delta: 0.000589964
MPI muliplication duration: 14.0186
delta: 0.00250638
MPI muliplication duration: 14.0165
delta: 0.000465354
MPI muliplication duration: 14.0192
delta: 0.00412644
MPI muliplication duration: 13.7348
delta: 0.00059617
MPI muliplication duration: 13.7342
delta: 0.000575133
MPI muliplication duration: 14.0206
delta: 0.000415724
MPI muliplication duration: 14.0143
delta: 0.000183314
MPI muliplication duration: 13.7353
delta: 0.000205495
MPI muliplication duration: 13.7347
delta: 0.000165747
MPI muliplication duration: 14.0168
delta: 0.000155066
MPI muliplication duration: 14.016
delta: 0.000607357
MPI muliplication duration: 14.014
delta: 5.4736e-05
MPI muliplication duration: 14.0137
delta: 0.000141112
MPI muliplication duration: 14.0194
delta: 8.68877e-05
MPI muliplication duration: 13.7367
delta: 5.5703e-05
MPI muliplication duration: 14.015
delta: 9.14194e-05
MPI muliplication duration: 13.7345
delta: 1.64938e-05
MPI muliplication duration: 14.0148
delta: 1.4309e-05
MPI muliplication duration: 13.7341
MPI muliplication duration: 14.0158
delta: 3.14915e-05
MPI muliplication duration: 14.0175
delta: 3.28895e-05
MPI muliplication duration: 14.0158
delta: 2.4848e-05
MPI muliplication duration: 14.0153
delta: 3.66349e-05
MPI muliplication duration: 13.736
delta: 2.84661e-05
MPI muliplication duration: 14.017
delta: 1.56995e-05
MPI muliplication duration: 13.734
delta: 2.09457e-05
MPI muliplication duration: 14.0179
delta: 7.05643e-06
MPI muliplication duration: 14.0127
delta: 5.00427e-05
MPI muliplication duration: 13.734
delta: 3.79507e-06
MPI muliplication duration: 13.734
delta: 1.22255e-05
MPI muliplication duration: 13.7343
delta: 5.00206e-06
MPI muliplication duration: 13.7339
delta: 1.36751e-05
MPI muliplication duration: 14.0156
delta: 1.18125e-05
MPI muliplication duration: 14.0186
delta: 2.52621e-06
MPI muliplication duration: 14.0172
delta: 4.50032e-06
MPI muliplication duration: 13.7362
delta: 4.66662e-06
MPI muliplication duration: 14.0158
delta: 1.17618e-06
MPI muliplication duration: 13.7347
delta: 4.50677e-06
MPI muliplication duration: 14.0174
delta: 2.90502e-06
MPI muliplication duration: 14.0212
delta: 9.69668e-06
MPI muliplication duration: 13.7338
delta: 2.33306e-06
MPI muliplication duration: 14.0132
delta: 1.15997e-06
MPI muliplication duration: 14.017
delta: 4.41202e-06
MPI muliplication duration: 13.7362
delta: 1.08149e-06
MPI muliplication duration: 14.0137
delta: 3.03429e-06
MPI muliplication duration: 14.3007
delta: 1.20735e-06
MPI muliplication duration: 14.0118
delta: 6.09605e-07
MPI muliplication duration: 13.7356
delta: 7.42664e-07
MPI muliplication duration: 13.7364
delta: 1.22333e-06
MPI muliplication duration: 14.0171
delta: 1.24648e-06
 
Batch Job Summary Report for Job "wrap" (9617225) on daint
-----------------------------------------------------------------------------------------------------
             Submit            Eligible               Start                 End    Elapsed  Timelimit 
------------------- ------------------- ------------------- ------------------- ---------- ---------- 
2018-09-15T13:06:27 2018-09-15T13:06:27 2018-09-15T13:09:31 2018-09-15T13:29:37   00:20:06   00:20:00 
-----------------------------------------------------------------------------------------------------
Username    Account     Partition   NNodes   Energy
----------  ----------  ----------  ------  --------------
pfandedd    d69         normal          17    3.52M joules
----------------------------------------------------------
gpusecs  maxgpusecs        maxmem            summem
-------  ----------  ------------  ----------------
  18564       18564    2040528896       37835767808
----------------------------------------------------------
Scratch File System        Files       Quota
--------------------  ----------  ----------
/scratch/snx3000               2     1000000
/scratch/snx1600             251     1000000
 
