

Arguments (Scenario):
--------------------- 
datasetFileName: /scratch/snx1600/pfandedd/datasets/gaussian_c3_size10000000_dim10
OpenCL configuration file: config_ocl_float_P100.cfg
level: 8
lambda: 1e-06
k: 5
threshold: 0.7


Setup:
------ 
Using default MPI network config setting...
Network initialized and ready
Network setup duration: 0.19478
dim: 10
Dataset load (on master) duration: 5.08146
Grid creation (on master) duration: 5.98916
Grid created! Number of grid points:     1862145


Create right-hand side of density equation: 
-------------------------------------------- 
RHS operation creation (includes grid and dataset transfers) duration: 0.997117
query_size: 4
max_compute_units: 56
query_size: 4
max_compute_units: 56
query_size: 4
max_compute_units: 56
query_size: 4
max_compute_units: 56
query_size: 4
max_compute_units: 56
query_size: 4
max_compute_units: 56
query_size: 4
max_compute_units: 56
query_size: 4
max_compute_units: 56
query_size: 4
max_compute_units: 56
query_size: 4
max_compute_units: 56
query_size: 4
max_compute_units: 56
query_size: 4
max_compute_units: 56
query_size: 4
max_compute_units: 56
query_size: 4
max_compute_units: 56
query_size: 4
max_compute_units: 56
query_size: 4
max_compute_units: 56
query_size: 4
max_compute_units: 56
query_size: 4
max_compute_units: 56
query_size: 4
max_compute_units: 56
query_size: 4
max_compute_units: 56
query_size: 4
max_compute_units: 56
query_size: 4
max_compute_units: 56
query_size: 4
max_compute_units: 56
query_size: 4
max_compute_units: 56
query_size: 4
max_compute_units: 56
query_size: 4
max_compute_units: 56
query_size: 4
max_compute_units: 56
query_size: 4
max_compute_units: 56
query_size: 4
max_compute_units: 56
query_size: 4
max_compute_units: 56
query_size: 4
max_compute_units: 56
query_size: 4
max_compute_units: 56
Node 32: Created slave operation "DensityRHSWorker"
Node 20: Created slave operation "DensityRHSWorker"
Node 17: Created slave operation "DensityRHSWorker"
Node 16: Created slave operation "DensityRHSWorker"
Node 5: Created slave operation "DensityRHSWorker"
Node 1: Created slave operation "DensityRHSWorker"
Node 21: Created slave operation "DensityRHSWorker"
Node 4: Created slave operation "DensityRHSWorker"
Node 25: Created slave operation "DensityRHSWorker"
Node 6: Created slave operation "DensityRHSWorker"
Node 11: Created slave operation "DensityRHSWorker"
Node 9: Created slave operation "DensityRHSWorker"
Node 2: Created slave operation "DensityRHSWorker"
Node 7: Created slave operation "DensityRHSWorker"
Node 12: Created slave operation "DensityRHSWorker"
Node 26: Created slave operation "DensityRHSWorker"
Node 24: Created slave operation "DensityRHSWorker"
Node 8: Created slave operation "DensityRHSWorker"
Node 3: Created slave operation "DensityRHSWorker"
Node 10: Created slave operation "DensityRHSWorker"
Node 18: Created slave operation "DensityRHSWorker"
Node 27: Created slave operation "DensityRHSWorker"
Node 28: Created slave operation "DensityRHSWorker"
Node 13: Created slave operation "DensityRHSWorker"
Node 22: Created slave operation "DensityRHSWorker"
Node 29: Created slave operation "DensityRHSWorker"
Node 23: Created slave operation "DensityRHSWorker"
Node 19: Created slave operation "DensityRHSWorker"
Node 31: Created slave operation "DensityRHSWorker"
Node 15: Created slave operation "DensityRHSWorker"
Node 14: Created slave operation "DensityRHSWorker"
Node 30: Created slave operation "DensityRHSWorker"
rhs creation duration: 13.1433s
Solve for alpha: 
--------------- 
Density mult operation creation (includes grid transfer) duration: 0.349136
Starting Conjugated Gradients
All temp variables used in CG have been initialized
query_size: 4
max_compute_units: 56
query_size: 4
max_compute_units: 56
query_size: 4
max_compute_units: 56
query_size: 4
max_compute_units: 56
query_size: 4
max_compute_units: 56
query_size: 4
max_compute_units: 56
query_size: 4
max_compute_units: 56
query_size: 4
max_compute_units: 56
query_size: 4
max_compute_units: 56
query_size: 4
max_compute_units: 56
query_size: 4
max_compute_units: 56
query_size: 4
max_compute_units: 56
query_size: 4
max_compute_units: 56
query_size: 4
max_compute_units: 56
query_size: 4
max_compute_units: 56
query_size: 4
max_compute_units: 56
query_size: 4
max_compute_units: 56
query_size: 4
max_compute_units: 56
query_size: 4
max_compute_units: 56
query_size: 4
max_compute_units: 56
query_size: 4
max_compute_units: 56
query_size: 4
max_compute_units: 56
query_size: 4
max_compute_units: 56
query_size: 4
max_compute_units: 56
query_size: 4
max_compute_units: 56
query_size: 4
max_compute_units: 56
query_size: 4
max_compute_units: 56
query_size: 4
max_compute_units: 56
query_size: 4
max_compute_units: 56
query_size: 4
max_compute_units: 56
query_size: 4
max_compute_units: 56
query_size: 4
max_compute_units: 56
Node 4: Created slave operation "DensityMultiplicationWorker"
Node 16: Created slave operation "DensityMultiplicationWorker"
Node 17: Created slave operation "DensityMultiplicationWorker"
Node 21: Created slave operation "DensityMultiplicationWorker"
Node 1: Created slave operation "DensityMultiplicationWorker"
Node 5: Created slave operation "DensityMultiplicationWorker"
Node 20: Created slave operation "DensityMultiplicationWorker"
Node 32: Created slave operation "DensityMultiplicationWorker"
Node 6: Created slave operation "DensityMultiplicationWorker"
Node 2: Created slave operation "DensityMultiplicationWorker"
Node 12: Created slave operation "DensityMultiplicationWorker"
Node 27: Created slave operation "DensityMultiplicationWorker"
Node 8: Created slave operation "DensityMultiplicationWorker"
Node 26: Created slave operation "DensityMultiplicationWorker"
Node 9: Created slave operation "DensityMultiplicationWorker"
Node 7: Created slave operation "DensityMultiplicationWorker"
Node 13: Created slave operation "DensityMultiplicationWorker"
Node 3: Created slave operation "DensityMultiplicationWorker"
Node 19: Created slave operation "DensityMultiplicationWorker"
Node 18: Created slave operation "DensityMultiplicationWorker"
Node 28: Created slave operation "DensityMultiplicationWorker"
Node 23: Created slave operation "DensityMultiplicationWorker"
Node 11: Created slave operation "DensityMultiplicationWorker"
Node 24: Created slave operation "DensityMultiplicationWorker"
Node 22: Created slave operation "DensityMultiplicationWorker"
Node 10: Created slave operation "DensityMultiplicationWorker"
Node 14: Created slave operation "DensityMultiplicationWorker"
Node 15: Created slave operation "DensityMultiplicationWorker"
Node 31: Created slave operation "DensityMultiplicationWorker"
Node 30: Created slave operation "DensityMultiplicationWorker"
Node 25: Created slave operation "DensityMultiplicationWorker"
Node 29: Created slave operation "DensityMultiplicationWorker"
MPI muliplication duration: 7.16595
Starting norm of residuum: 0.641028
Target norm:               6.41028e-09
MPI muliplication duration: 6.98478
delta: 1.15022
MPI muliplication duration: 6.98222
delta: 0.503166
MPI muliplication duration: 6.9824
delta: 0.74917
MPI muliplication duration: 6.98202
delta: 0.260849
MPI muliplication duration: 6.98227
delta: 0.354502
MPI muliplication duration: 6.98195
delta: 1.03492
MPI muliplication duration: 6.98198
delta: 0.127233
MPI muliplication duration: 6.98135
delta: 0.133644
MPI muliplication duration: 6.98088
delta: 0.196861
MPI muliplication duration: 6.98111
delta: 0.374462
MPI muliplication duration: 6.98012
delta: 0.0595373
MPI muliplication duration: 6.98114
delta: 0.207656
MPI muliplication duration: 6.9814
delta: 0.0594097
MPI muliplication duration: 6.98105
delta: 0.107421
MPI muliplication duration: 6.98118
delta: 0.0323194
MPI muliplication duration: 6.98107
delta: 0.0157848
MPI muliplication duration: 6.98186
delta: 0.0347835
MPI muliplication duration: 6.98307
delta: 0.120228
MPI muliplication duration: 6.9823
delta: 0.0154649
MPI muliplication duration: 6.98272
delta: 0.0268973
MPI muliplication duration: 6.98145
delta: 0.0109273
MPI muliplication duration: 6.98202
delta: 0.0119355
MPI muliplication duration: 6.98093
delta: 0.0719109
MPI muliplication duration: 6.98153
delta: 0.00656289
MPI muliplication duration: 6.98604
delta: 0.00289644
MPI muliplication duration: 6.98169
delta: 0.00568995
MPI muliplication duration: 6.98086
delta: 0.0173927
MPI muliplication duration: 6.98261
delta: 0.00301842
MPI muliplication duration: 6.98162
delta: 0.00850585
MPI muliplication duration: 6.9815
delta: 0.00146182
MPI muliplication duration: 6.98156
delta: 0.0097836
MPI muliplication duration: 6.98092
delta: 0.000589964
MPI muliplication duration: 6.98126
delta: 0.00250638
MPI muliplication duration: 6.98251
delta: 0.000465354
MPI muliplication duration: 6.98498
delta: 0.00412644
MPI muliplication duration: 6.98136
delta: 0.00059617
MPI muliplication duration: 6.98168
delta: 0.000575133
MPI muliplication duration: 6.98119
delta: 0.000415724
MPI muliplication duration: 6.98148
delta: 0.000183314
MPI muliplication duration: 6.98143
delta: 0.000205495
MPI muliplication duration: 6.98337
delta: 0.000165747
MPI muliplication duration: 6.98115
delta: 0.000155066
MPI muliplication duration: 6.98165
delta: 0.000607357
MPI muliplication duration: 6.98152
delta: 5.4736e-05
MPI muliplication duration: 6.98079
delta: 0.000141112
MPI muliplication duration: 6.9818
delta: 8.68877e-05
MPI muliplication duration: 6.9812
delta: 5.5703e-05
MPI muliplication duration: 6.98229
delta: 9.14194e-05
MPI muliplication duration: 6.98154
delta: 1.64938e-05
MPI muliplication duration: 6.98152
delta: 1.4309e-05
MPI muliplication duration: 6.98155
MPI muliplication duration: 6.98252
delta: 3.14915e-05
MPI muliplication duration: 6.98739
delta: 3.28895e-05
MPI muliplication duration: 6.98228
delta: 2.4848e-05
MPI muliplication duration: 6.981
delta: 3.66349e-05
MPI muliplication duration: 6.98153
delta: 2.84661e-05
MPI muliplication duration: 6.98136
delta: 1.56995e-05
MPI muliplication duration: 6.98136
delta: 2.09457e-05
MPI muliplication duration: 6.98494
delta: 7.05643e-06
MPI muliplication duration: 6.98133
delta: 5.00427e-05
MPI muliplication duration: 6.98153
delta: 3.79507e-06
MPI muliplication duration: 6.98087
delta: 1.22255e-05
MPI muliplication duration: 6.98182
delta: 5.00206e-06
MPI muliplication duration: 6.98151
delta: 1.36751e-05
MPI muliplication duration: 6.98102
delta: 1.18125e-05
MPI muliplication duration: 6.98175
delta: 2.52621e-06
MPI muliplication duration: 6.9812
delta: 4.50032e-06
MPI muliplication duration: 6.98177
delta: 4.66662e-06
MPI muliplication duration: 6.98224
delta: 1.17618e-06
MPI muliplication duration: 6.9821
delta: 4.50677e-06
MPI muliplication duration: 6.98158
delta: 2.90502e-06
MPI muliplication duration: 6.98427
delta: 9.69668e-06
MPI muliplication duration: 6.98003
delta: 2.33306e-06
MPI muliplication duration: 6.98195
delta: 1.15997e-06
MPI muliplication duration: 6.98103
delta: 4.41202e-06
MPI muliplication duration: 6.98156
delta: 1.08149e-06
MPI muliplication duration: 6.98086
delta: 3.03429e-06
MPI muliplication duration: 6.98142
delta: 1.20735e-06
MPI muliplication duration: 6.98131
delta: 6.09605e-07
MPI muliplication duration: 6.98164
delta: 7.42664e-07
MPI muliplication duration: 6.98265
delta: 1.22333e-06
MPI muliplication duration: 6.98186
delta: 1.24648e-06
MPI muliplication duration: 6.98187
delta: 5.45432e-07
MPI muliplication duration: 6.9814
delta: 1.44915e-07
MPI muliplication duration: 6.98147
delta: 3.26775e-07
MPI muliplication duration: 6.98115
delta: 1.43507e-07
MPI muliplication duration: 6.98163
delta: 5.12017e-07
MPI muliplication duration: 6.98147
delta: 1.3762e-07
MPI muliplication duration: 6.98313
delta: 4.53355e-07
MPI muliplication duration: 6.98096
delta: 1.22421e-07
MPI muliplication duration: 6.98111
delta: 2.26815e-07
MPI muliplication duration: 6.98103
delta: 6.11082e-07
MPI muliplication duration: 6.98099
delta: 1.46609e-07
MPI muliplication duration: 6.98332
delta: 7.93648e-08
MPI muliplication duration: 6.98163
delta: 4.96777e-08
MPI muliplication duration: 6.98204
delta: 5.85122e-08
MPI muliplication duration: 6.98084
delta: 2.05195e-07
MPI muliplication duration: 6.98119
delta: 3.30419e-08
MPI muliplication duration: 6.98126
delta: 1.55942e-07
MPI muliplication duration: 6.98149
delta: 1.0197e-07
MPI muliplication duration: 6.98051
delta: 2.20217e-08
MPI muliplication duration: 6.9808
MPI muliplication duration: 6.98078
delta: 1.01436e-07
MPI muliplication duration: 6.98518
delta: 2.63252e-08
MPI muliplication duration: 6.98112
delta: 8.75583e-08
MPI muliplication duration: 6.98194
delta: 2.93608e-08
MPI muliplication duration: 6.98232
delta: 1.87586e-08
MPI muliplication duration: 6.98156
delta: 2.68908e-08
MPI muliplication duration: 6.9818
delta: 1.23606e-08
MPI muliplication duration: 6.98213
delta: 1.64249e-08
MPI muliplication duration: 6.98112
delta: 3.83507e-08
MPI muliplication duration: 6.98227
delta: 1.17397e-08
MPI muliplication duration: 6.98165
delta: 3.07801e-08
MPI muliplication duration: 6.98155
delta: 8.01228e-09
MPI muliplication duration: 6.98198
delta: 2.25333e-08
MPI muliplication duration: 6.98244
delta: 6.52611e-09
MPI muliplication duration: 6.982
delta: 2.14482e-08
MPI muliplication duration: 6.98162
delta: 2.44025e-08
MPI muliplication duration: 6.98129
delta: 1.20435e-08
MPI muliplication duration: 6.98196
delta: 6.80269e-09
MPI muliplication duration: 6.98188
delta: 5.05712e-09
Number of iterations: 119 (max. 1000)
Final norm of residuum: 5.05712e-09
counted_mult_calls: 122
solver duration: 857.017s
Number of grid points:     1862145


Create and prune graph: 
----------------------- 
Getting dataset from enviroment cache
Dataset should be cached
Dataset should be cached
Getting dataset from enviroment cache
Dataset should be cached
Getting dataset from enviroment cache
Dataset should be cached
Getting dataset from enviroment cache
Dataset should be cached
Getting dataset from enviroment cache
Dataset should be cached
Getting dataset from enviroment cache
Dataset should be cached
Getting dataset from enviroment cache
Dataset should be cached
Getting dataset from enviroment cache
Dataset should be cached
Getting dataset from enviroment cache
Dataset should be cached
Getting dataset from enviroment cache
Dataset should be cached
Getting dataset from enviroment cache
Dataset should be cached
Getting dataset from enviroment cache
Dataset should be cached
Getting dataset from enviroment cache
Dataset should be cached
Getting dataset from enviroment cache
Dataset should be cached
Getting dataset from enviroment cache
Dataset should be cached
Getting dataset from enviroment cache
Dataset should be cached
Getting dataset from enviroment cache
Dataset should be cached
Getting dataset from enviroment cache
Dataset should be cached
Getting dataset from enviroment cache
Getting dataset from enviroment cache
Dataset should be cached
Getting dataset from enviroment cache
Dataset should be cached
Getting dataset from enviroment cache
Dataset should be cached
Getting dataset from enviroment cache
Dataset should be cached
Getting dataset from enviroment cache
Dataset should be cached
Dataset should be cached
Getting dataset from enviroment cache
Dataset should be cached
Getting dataset from enviroment cache
Dataset should be cached
Getting dataset from enviroment cache
Dataset should be cached
Getting dataset from enviroment cache
Dataset should be cached
Getting dataset from enviroment cache
Dataset should be cached
Getting dataset from enviroment cache
Dataset should be cached
Getting dataset from enviroment cache
Dataset should be cached
Getting dataset from enviroment cache
Dataset should be cached
KNN (create and prune) operation creation (includes cached dataset transfer) duration: 0.72367
unpadded_datasize: 10000000 adding elements: 128 (* dims)
unpadded_datasize: 10000000 adding elements: 128 (* dims)
unpadded_datasize: 10000000 adding elements: 128 (* dims)
unpadded_datasize: 10000000 adding elements: 128 (* dims)
unpadded_datasize: 10000000 adding elements: 128 (* dims)
unpadded_datasize: 10000000 adding elements: 128 (* dims)
unpadded_datasize: 10000000 adding elements: 128 (* dims)
unpadded_datasize: 10000000 adding elements: 128 (* dims)
unpadded_datasize: 10000000 adding elements: 128 (* dims)
unpadded_datasize: 10000000 adding elements: 128 (* dims)
unpadded_datasize: 10000000 adding elements: 128 (* dims)
unpadded_datasize: 10000000 adding elements: 128 (* dims)
unpadded_datasize: 10000000 adding elements: 128 (* dims)
unpadded_datasize: 10000000 adding elements: 128 (* dims)
unpadded_datasize: 10000000 adding elements: 128 (* dims)
unpadded_datasize: 10000000 adding elements: 128 (* dims)
unpadded_datasize: 10000000 adding elements: 128 (* dims)
unpadded_datasize: 10000000 adding elements: 128 (* dims)
unpadded_datasize: 10000000 adding elements: 128 (* dims)
unpadded_datasize: 10000000 adding elements: 128 (* dims)
unpadded_datasize: 10000000 adding elements: 128 (* dims)
unpadded_datasize: 10000000 adding elements: 128 (* dims)
unpadded_datasize: 10000000 adding elements: 128 (* dims)
unpadded_datasize: 10000000 adding elements: 128 (* dims)
unpadded_datasize: 10000000 adding elements: 128 (* dims)
unpadded_datasize: 10000000 adding elements: 128 (* dims)
unpadded_datasize: 10000000 adding elements: 128 (* dims)
unpadded_datasize: 10000000 adding elements: 128 (* dims)
unpadded_datasize: 10000000 adding elements: 128 (* dims)
unpadded_datasize: 10000000 adding elements: 128 (* dims)
unpadded_datasize: 10000000 adding elements: 128 (* dims)
unpadded_datasize: 10000000 adding elements: 128 (* dims)
Node 4: Created slave operation "PrunedGraphCreationWorker"
Node 6: Created slave operation "PrunedGraphCreationWorker"
Node 2: Created slave operation "PrunedGraphCreationWorker"
Node 25: Created slave operation "PrunedGraphCreationWorker"
Node 9: Created slave operation "PrunedGraphCreationWorker"
Node 26: Created slave operation "PrunedGraphCreationWorker"
Node 16: Created slave operation "PrunedGraphCreationWorker"
Node 8: Created slave operation "PrunedGraphCreationWorker"
Node 27: Created slave operation "PrunedGraphCreationWorker"
Node 21: Created slave operation "PrunedGraphCreationWorker"
Node 17: Created slave operation "PrunedGraphCreationWorker"
Node 5: Created slave operation "PrunedGraphCreationWorker"
Node 32: Created slave operation "PrunedGraphCreationWorker"
Node 1: Created slave operation "PrunedGraphCreationWorker"
Node 7: Created slave operation "PrunedGraphCreationWorker"
Node 15: Created slave operation "PrunedGraphCreationWorker"
Node 14: Created slave operation "PrunedGraphCreationWorker"
Node 12: Created slave operation "PrunedGraphCreationWorker"
Node 3: Created slave operation "PrunedGraphCreationWorker"
Node 19: Created slave operation "PrunedGraphCreationWorker"
Node 11: Created slave operation "PrunedGraphCreationWorker"
Node 31: Created slave operation "PrunedGraphCreationWorker"
Node 29: Created slave operation "PrunedGraphCreationWorker"
Node 23: Created slave operation "PrunedGraphCreationWorker"
Node 18: Created slave operation "PrunedGraphCreationWorker"
Node 10: Created slave operation "PrunedGraphCreationWorker"
Node 24: Created slave operation "PrunedGraphCreationWorker"
Node 22: Created slave operation "PrunedGraphCreationWorker"
Node 20: Created slave operation "PrunedGraphCreationWorker"
Node 13: Created slave operation "PrunedGraphCreationWorker"
Node 28: Created slave operation "PrunedGraphCreationWorker"
Node 30: Created slave operation "PrunedGraphCreationWorker"
create knn operation duration: 70.7377s
Find clusters in pruned graph: 
------------------------------ 
find clusters duration: 20.0258s
detected clusters: 1


Runtimes: 
--------- 
finished computation at Sat Sep 15 13:29:53 2018
elapsed time: 974.274s


Finishing: 
---------- 
Beginning cleanup...
Node 1 received cleanup signal...
Node 8 received cleanup signal...
Node 19 received cleanup signal...
Node 2 received cleanup signal...
Node 9 received cleanup signal...
Node 4 received cleanup signal...
Node 12 received cleanup signal...
Node 3 received cleanup signal...
Node 5 received cleanup signal...
Node 10 received cleanup signal...
Node 7 received cleanup signal...
Node 6 received cleanup signal...
Node 15 received cleanup signal...
Node 13 received cleanup signal...
Node 11 received cleanup signal...
Node 16 received cleanup signal...
Node 22 received cleanup signal...
Node 18 received cleanup signal...
Node 21 received cleanup signal...
Node 14 received cleanup signal...
Node 20 received cleanup signal...
Node 17 received cleanup signal...
Node 30 received cleanup signal...
Node 24 received cleanup signal...
Node 32 received cleanup signal...
Node 29 received cleanup signal...
Node 26 received cleanup signal...
Node 27 received cleanup signal...
Node 25 received cleanup signal...
Node 28 received cleanup signal...
Node 23 received cleanup signal...
Node 31 received cleanup signal...
Node 2 All remaining workers are now deleted!
Node 25 All remaining workers are now deleted!
Node 26 All remaining workers are now deleted!
Node 27 All remaining workers are now deleted!
Node 31 All remaining workers are now deleted!
Node 17 All remaining workers are now deleted!
Node 12 All remaining workers are now deleted!
Node 6 All remaining workers are now deleted!
Node 14 All remaining workers are now deleted!
Node 9 All remaining workers are now deleted!
Node 4 All remaining workers are now deleted!
Node 15 All remaining workers are now deleted!
Node 16 All remaining workers are now deleted!
Node 29 All remaining workers are now deleted!
Node 21 All remaining workers are now deleted!
Node 8 All remaining workers are now deleted!
Node 28 All remaining workers are now deleted!
Node 13 All remaining workers are now deleted!
Node 5 All remaining workers are now deleted!
Node 1 All remaining workers are now deleted!
Node 19 All remaining workers are now deleted!
Node 11 All remaining workers are now deleted!
Node 3 All remaining workers are now deleted!
Node 23 All remaining workers are now deleted!
Node 20 All remaining workers are now deleted!
Node 30 All remaining workers are now deleted!
Node 32 All remaining workers are now deleted!
Node 18 All remaining workers are now deleted!
Node 10 All remaining workers are now deleted!
Node 7 All remaining workers are now deleted!
Node 24 All remaining workers are now deleted!
Node 22 All remaining workers are now deleted!
Node 9: Exiting... 
Node 29: Exiting... 
Node 15: Exiting... 
Node 6: Exiting... 
Node 19: Exiting... 
Node 22: Exiting... 
Node 24: Exiting... 
Node 5: Exiting... 
Node 18: Exiting... 
Node 28: Exiting... 
Node 13: Exiting... 
Node 23: Exiting... 
Node 26: Exiting... 
Node 4: Exiting... 
Node 31: Exiting... 
Node 14: Exiting... 
Node 17: Exiting... 
Node 10: Exiting... 
Node 16: Exiting... 
Node 32: Exiting... 
Node 11: Exiting... 
Node 21: Exiting... 
Node 2: Exiting... 
Node 25: Exiting... 
Node 1: Exiting... 
Node 27: Exiting... 
Node 20: Exiting... 
Node 3: Exiting... 
Node 12: Exiting... 
Destroying the enviroment now!
Cleanup done!
Node 30: Exiting... 
Node 8: Exiting... 
Node 7: Exiting... 
 
Batch Job Summary Report for Job "wrap" (9617226) on daint
-----------------------------------------------------------------------------------------------------
             Submit            Eligible               Start                 End    Elapsed  Timelimit 
------------------- ------------------- ------------------- ------------------- ---------- ---------- 
2018-09-15T13:06:27 2018-09-15T13:06:27 2018-09-15T13:13:32 2018-09-15T13:29:56   00:16:24   00:20:00 
-----------------------------------------------------------------------------------------------------
Username    Account     Partition   NNodes   Energy
----------  ----------  ----------  ------  --------------
pfandedd    d69         normal          33    5.63M joules
----------------------------------------------------------
gpusecs  maxgpusecs        maxmem            summem
-------  ----------  ------------  ----------------
  29544       29544    3581935616      124773203968
----------------------------------------------------------
Scratch File System        Files       Quota
--------------------  ----------  ----------
/scratch/snx3000               2     1000000
/scratch/snx1600             251     1000000
 
