./datadriven/examplesOCL/regressionGFlops --datasetFileName ../datasets/DR5/DR5_nowarnings_less05_train.arff --isModLinear true --trans false --level 10 --use_support_refinement --support_refinement_min_support 500 --repetitions 10 --operation.type SUBSPACE --operation.subType AUTOTUNETMP --OpenCLConfigFile results_diss/subspace/DR5_XeonGold5120_Subspace_mult_tuner_line_search_t_5av_0r_optimal.cfg
datasetFileName: ../datasets/DR5/DR5_nowarnings_less05_train.arff
hostname: argon-gtx
using configuration
num_candidates: 1
support refinement took: 0.0906742
candidates with support: 1
num_candidates: 10
support refinement took: 0.0512758
candidates with support: 10
num_candidates: 60
support refinement took: 0.045473
candidates with support: 52
num_candidates: 236
support refinement took: 0.0695694
candidates with support: 181
num_candidates: 706
support refinement took: 0.177127
candidates with support: 503
num_candidates: 1786
support refinement took: 0.317696
candidates with support: 1241
num_candidates: 4140
support refinement took: 0.540308
candidates with support: 2886
num_candidates: 9216
support refinement took: 0.600053
candidates with support: 6397
num_candidates: 19682
support refinement took: 1.34396
candidates with support: 13464
num_candidates: 40066
support refinement took: 2.77783
candidates with support: 26558
support refinement done, grid size: 51293
dimensionality: 5
number of grid points: 51293
number of data points: 371908
considering reduced evaluations for l=1 grid points
grid points with level > 1: 155216
num_ops: 3463.56
creating createOperationMultipleEval grid: ModLinear type: SUBSPACE subType: AutoTuneTMP
starting performance test...
algorithm: mult
creating per-kernel header
compile_cmd: g++ -o ./cppjit_tmp/KernelMultSubspace_85077/KernelMultSubspace.o -c -Wall -Wextra -Wno-unused-parameter -std=c++17 -march=native -mtune=native -O3 -g -fopenmp -fPIC -fno-gnu-unique -I/data/argon-fs/sgs/pfandedd/DissertationCodeGTX/SGpp/base/src -I/data/argon-fs/sgs/pfandedd/DissertationCodeGTX/MatrixMultiplicationHPX/AutoTuneTMP/boost_install/include -I/data/argon-fs/sgs/pfandedd/DissertationCodeGTX/MatrixMultiplicationHPX/AutoTuneTMP/AutoTuneTMP_install/include -I/data/argon-fs/sgs/pfandedd/DissertationCodeGTX/MatrixMultiplicationHPX/AutoTuneTMP/Vc_install/include  -I./cppjit_tmp/KernelMultSubspace_85077/ SubspaceAutoTuneTMPKernels/Mult/KernelMultSubspace.cpp  > ./cppjit_tmp/KernelMultSubspace_85077/KernelMultSubspace_compile.log 2>&1
compile log:
compile duration: 1.34563
link_cmd: g++ -shared -fno-gnu-unique -fopenmp -o ./cppjit_tmp/KernelMultSubspace_85077/libKernelMultSubspace.so ./cppjit_tmp/KernelMultSubspace_85077/KernelMultSubspace.o   > ./cppjit_tmp/KernelMultSubspace_85077/KernelMultSubspace_link.log 2>&1
link log:
link duration: 0.108985
info: first mult not considered
duration mult: 3.3726, repetitions_averaged: 10
GFLOPS: 0
