./datadriven/examplesOCL/regressionGFlops --datasetFileName ../datasets/DR5/DR5_nowarnings_less05_train.arff --isModLinear true --trans true --level 10 --use_support_refinement --support_refinement_min_support 500  --repetitions 10 --operation.type SUBSPACE --operation.subType AUTOTUNETMP --OpenCLConfigFile results_diss/subspace/DR5_XeonGold5120_Subspace_multTrans_tuner_line_search_t_5av_0r_optimal.cfg
datasetFileName: ../datasets/DR5/DR5_nowarnings_less05_train.arff
hostname: argon-gtx
using configuration
num_candidates: 1
support refinement took: 0.0735405
candidates with support: 1
num_candidates: 10
support refinement took: 0.0504015
candidates with support: 10
num_candidates: 60
support refinement took: 0.0875371
candidates with support: 52
num_candidates: 236
support refinement took: 0.0666496
candidates with support: 181
num_candidates: 706
support refinement took: 0.178695
candidates with support: 503
num_candidates: 1786
support refinement took: 0.318959
candidates with support: 1241
num_candidates: 4140
support refinement took: 0.538311
candidates with support: 2886
num_candidates: 9216
support refinement took: 0.595479
candidates with support: 6397
num_candidates: 19682
support refinement took: 1.34735
candidates with support: 13464
num_candidates: 40066
support refinement took: 2.76662
candidates with support: 26558
support refinement done, grid size: 51293
dimensionality: 5
number of grid points: 51293
number of data points: 371908
considering full evaluation count
num_ops: 5722.88
creating createOperationMultipleEval grid: ModLinear type: SUBSPACE subType: AutoTuneTMP
starting performance test...
algorithm: multTrans
padding for: 512
creating per-kernel header
compile_cmd: g++ -o ./cppjit_tmp/KernelMultTransposeSubspace_263761/KernelMultTransposeSubspace.o -c -Wall -Wextra -Wno-unused-parameter -std=c++17 -march=native -mtune=native -O3 -g -fopenmp -fPIC -fno-gnu-unique -I/data/argon-fs/sgs/pfandedd/DissertationCodeGTX/SGpp/base/src -I/data/argon-fs/sgs/pfandedd/DissertationCodeGTX/MatrixMultiplicationHPX/AutoTuneTMP/boost_install/include -I/data/argon-fs/sgs/pfandedd/DissertationCodeGTX/MatrixMultiplicationHPX/AutoTuneTMP/AutoTuneTMP_install/include -I/data/argon-fs/sgs/pfandedd/DissertationCodeGTX/MatrixMultiplicationHPX/AutoTuneTMP/Vc_install/include  -I./cppjit_tmp/KernelMultTransposeSubspace_263761/ SubspaceAutoTuneTMPKernels/MultTranspose/KernelMultTransposeSubspace.cpp  > ./cppjit_tmp/KernelMultTransposeSubspace_263761/KernelMultTransposeSubspace_compile.log 2>&1
compile log:
compile duration: 1.84761
link_cmd: g++ -shared -fno-gnu-unique -fopenmp -o ./cppjit_tmp/KernelMultTransposeSubspace_263761/libKernelMultTransposeSubspace.so ./cppjit_tmp/KernelMultTransposeSubspace_263761/KernelMultTransposeSubspace.o   > ./cppjit_tmp/KernelMultTransposeSubspace_263761/KernelMultTransposeSubspace_link.log 2>&1
link log:
link duration: 0.104465
info: first multTranspose not considered
duration multTranspose: 4.14771, repetitions_averaged: 10
GFLOPS: 0
