./datadriven/examplesOCL/regression_cmd --trainingFileName ../datasets/DR5/DR5_nowarnings_less05_train.arff --testFileName ../../DissertationCodeGTX/datasets/DR5/DR5_nowarnings_less05_test.arff --learnerMode LEARNTEST --grid.level 10 --lambda 1E-5 --grid.type ModLinear --verbose true --operation.type SUBSPACE --operation.subType AUTOTUNETMP --solverFinal.maxIterations 300 --solverFinal.eps 0 --isRegression true --adaptConfig.support_refinement_min_support 500 --adaptConfig.use_support_refinement --additionalConfig results_diss/subspace/DR5_A10-7850K_Subspace_combined_tuner_line_search_t_5av_0r_optimal.cfg
training dataset: ../datasets/DR5/DR5_nowarnings_less05_train.arff
instances: 371908
support_refinement_min_support: 500
num_candidates: 1
candidates with support: 1
num_candidates: 10
candidates with support: 10
num_candidates: 60
candidates with support: 52
num_candidates: 236
candidates with support: 181
num_candidates: 706
candidates with support: 503
num_candidates: 1786
candidates with support: 1241
num_candidates: 4140
candidates with support: 2886
num_candidates: 9216
candidates with support: 6397
num_candidates: 19682
candidates with support: 13464
num_candidates: 40066
candidates with support: 26558
datadriven refinement done, grid size: 51293
creating createOperationMultipleEval type: DEFAULT, using base operator factory
creating createOperationMultipleEval grid: ModLinear type: SUBSPACE subType: AutoTuneTMP
Starting Learning....

Doing refinement: 0
Grid Size: 51293
padding for: 512
creating per-kernel header
compile_cmd: g++ -o ./cppjit_tmp/KernelMultTransposeSubspace_719883/KernelMultTransposeSubspace.o -c -Wall -Wextra -Wno-unused-parameter -std=c++17 -march=native -mtune=native -O3 -g -fopenmp -fPIC -fno-gnu-unique -I/home/pfandedd/git/DissertationCode/SGpp/base/src -I/home/pfandedd/git/DissertationCode/MatrixMultiplicationHPX/AutoTuneTMP/boost_install/include -I/home/pfandedd/git/DissertationCode/MatrixMultiplicationHPX/AutoTuneTMP/AutoTuneTMP_install/include -I/home/pfandedd/git/DissertationCode/MatrixMultiplicationHPX/AutoTuneTMP/Vc_install/include  -I./cppjit_tmp/KernelMultTransposeSubspace_719883/ SubspaceAutoTuneTMPKernels/MultTranspose/KernelMultTransposeSubspace.cpp  > ./cppjit_tmp/KernelMultTransposeSubspace_719883/KernelMultTransposeSubspace_compile.log 2>&1
compile log:
compile duration: 1.71135
link_cmd: g++ -shared -fno-gnu-unique -fopenmp -o ./cppjit_tmp/KernelMultTransposeSubspace_719883/libKernelMultTransposeSubspace.so ./cppjit_tmp/KernelMultTransposeSubspace_719883/KernelMultTransposeSubspace.o   > ./cppjit_tmp/KernelMultTransposeSubspace_719883/KernelMultTransposeSubspace_link.log 2>&1
link log:
link duration: 0.0975751
Starting Conjugated Gradients
All temp variables used in CG have been initialized
creating per-kernel header
compile_cmd: g++ -o ./cppjit_tmp/KernelMultSubspace_365143/KernelMultSubspace.o -c -Wall -Wextra -Wno-unused-parameter -std=c++17 -march=native -mtune=native -O3 -g -fopenmp -fPIC -fno-gnu-unique -I/home/pfandedd/git/DissertationCode/SGpp/base/src -I/home/pfandedd/git/DissertationCode/MatrixMultiplicationHPX/AutoTuneTMP/boost_install/include -I/home/pfandedd/git/DissertationCode/MatrixMultiplicationHPX/AutoTuneTMP/AutoTuneTMP_install/include -I/home/pfandedd/git/DissertationCode/MatrixMultiplicationHPX/AutoTuneTMP/Vc_install/include  -I./cppjit_tmp/KernelMultSubspace_365143/ SubspaceAutoTuneTMPKernels/Mult/KernelMultSubspace.cpp  > ./cppjit_tmp/KernelMultSubspace_365143/KernelMultSubspace_compile.log 2>&1
compile log:
compile duration: 1.33733
link_cmd: g++ -shared -fno-gnu-unique -fopenmp -o ./cppjit_tmp/KernelMultSubspace_365143/libKernelMultSubspace.so ./cppjit_tmp/KernelMultSubspace_365143/KernelMultSubspace.o   > ./cppjit_tmp/KernelMultSubspace_365143/KernelMultSubspace_link.log 2>&1
link log:
link duration: 0.0948513
Starting norm of residuum: -nan
Target norm:               0
.delta: 2.48387e+09
.delta: 2.08737e+08
.delta: 2.5682e+08
.delta: 1.26015e+08
.delta: 5.29509e+07
.delta: 4.9246e+07
.delta: 2.58437e+07
.delta: 1.90104e+07
.delta: 9.7599e+06
.delta: 5.87429e+06
.delta: 3.75107e+07
.delta: 7.29721e+06
.delta: 4.03074e+06
.delta: 4.36691e+06
.delta: 3.19895e+06
.delta: 1.53341e+06
.delta: 1.14859e+06
.delta: 1.25201e+06
.delta: 3.37503e+06
.delta: 1.00907e+06
.delta: 2.92674e+06
.delta: 2.5025e+06
.delta: 773748
.delta: 742898
.delta: 482877
.delta: 454472
.delta: 338983
.delta: 1.32445e+06
.delta: 302483
.delta: 4.74531e+06
.delta: 288531
.delta: 206485
.delta: 274554
.delta: 638629
.delta: 1.32689e+06
.delta: 203370
.delta: 408523
.delta: 260467
.delta: 324552
.delta: 1.24911e+06
.delta: 473353
.delta: 197958
.delta: 104826
.delta: 136048
.delta: 408892
.delta: 145007
.delta: 146585
.delta: 516382
.delta: 733106
.delta: 2.33954e+06
.delta: 180180
.delta: 666094
.delta: 106024
.delta: 552450
.delta: 108876
.delta: 221100
.delta: 92968.7
.delta: 78435.2
.delta: 1.90267e+06
.delta: 88301.4
.delta: 255611
.delta: 71912.2
.delta: 210741
.delta: 78031.1
.delta: 155194
.delta: 59858.7
.delta: 146962
.delta: 1.07184e+06
.delta: 139928
.delta: 197145
.delta: 140260
.delta: 63864
.delta: 272828
.delta: 93306.1
.delta: 68140.9
.delta: 63779.4
.delta: 66331.8
.delta: 250408
.delta: 319981
.delta: 170375
.delta: 46443.8
.delta: 149292
.delta: 59051.1
.delta: 101745
.delta: 47598.5
.delta: 79210.5
.delta: 57336
.delta: 66965.5
.delta: 688943
.delta: 31532.4
.delta: 34827
.delta: 448878
.delta: 49175.3
.delta: 65378.6
.delta: 101155
.delta: 31702.4
.delta: 164362
.delta: 196142
.delta: 59147.3
.delta: 54077.6
.delta: 36081.4
.delta: 61101.5
.delta: 23237.9
.delta: 40940.3
.delta: 33301.3
.delta: 1.36024e+06
.delta: 177248
.delta: 66917.6
.delta: 37330.3
.delta: 82323.6
.delta: 32694.3
.delta: 52755.7
.delta: 124584
.delta: 37866.1
.delta: 84817.8
.delta: 83600
.delta: 60299.1
.delta: 41570.2
.delta: 98353.9
.delta: 34216.3
.delta: 16055.9
.delta: 36273.3
.delta: 238136
.delta: 19558.7
.delta: 49734.9
.delta: 412805
.delta: 21046
.delta: 55207
.delta: 30100
.delta: 27030.8
.delta: 14274.8
.delta: 309088
.delta: 19518.9
.delta: 62485.5
.delta: 200368
.delta: 35079.8
.delta: 36200.2
.delta: 68701.6
.delta: 27410.9
.delta: 98873.7
.delta: 13480.3
.delta: 83223.8
.delta: 15550.2
.delta: 53420.2
.delta: 135689
.delta: 33658.4
.delta: 13209.8
.delta: 23366.1
.delta: 119755
.delta: 9563.68
.delta: 22187.1
.delta: 27582.6
.delta: 21014.2
.delta: 102926
.delta: 348500
.delta: 18087.3
.delta: 31443.4
.delta: 18766.4
.delta: 14886.1
.delta: 10752.7
.delta: 29459.8
.delta: 21620.3
.delta: 73150.6
.delta: 31612.7
.delta: 28137.8
.delta: 66597.4
.delta: 118875
.delta: 22365
.delta: 9738.53
.delta: 8778.93
.delta: 31105.5
.delta: 36927.4
.delta: 207385
.delta: 16846
.delta: 38010.6
.delta: 42395.9
.delta: 28019.9
.delta: 10373.3
.delta: 22670.9
.delta: 197486
.delta: 21666
.delta: 82137.1
.delta: 29743.9
.delta: 60295.6
.delta: 13671.9
.delta: 7043.57
.delta: 13965.4
.delta: 52861.9
.delta: 6832.89
.delta: 95467.9
.delta: 8607.17
.delta: 131626
.delta: 11227.3
.delta: 151320
.delta: 24844.9
.delta: 9896.87
.delta: 32549.8
.delta: 13702.7
.delta: 11585.7
.delta: 24225.5
.delta: 12420.7
.delta: 57120.1
.delta: 11192.1
.delta: 11209.8
.delta: 28937
.delta: 6843.05
.delta: 36593.4
.delta: 18714.9
.delta: 10835.5
.delta: 12394.8
.delta: 127199
.delta: 22633.3
.delta: 62735.1
.delta: 7186.33
.delta: 62811.1
.delta: 8799.42
.delta: 15160.4
.delta: 12440.6
.delta: 20016.1
.delta: 8918.18
.delta: 26941
.delta: 10670.6
.delta: 16102.5
.delta: 13238.6
.delta: 10520.9
.delta: 12585.7
.delta: 4910.22
.delta: 68369.8
.delta: 21419.5
.delta: 80952.7
.delta: 4551.45
.delta: 6741.28
.delta: 19105.7
.delta: 29385.4
.delta: 5231.44
.delta: 27539.8
.delta: 4978.1
.delta: 109083
.delta: 18131.7
.delta: 28399
.delta: 54017.5
.delta: 4757.47
.delta: 7923.14
.delta: 20413.6
.delta: 46206.4
.delta: 7089.62
.delta: 6603.06
.delta: 341894
.delta: 35197.1
.delta: 3688.6
.delta: 6744.99
.delta: 6334.7
.delta: 4905.89
.delta: 26381
.delta: 111644
.delta: 5273.96
.delta: 91826.7
.delta: 7482.64
.delta: 10856
.delta: 71274.5
.delta: 7221.97
.delta: 5453.69
.delta: 16194.2
.delta: 8308.21
.delta: 17465.5
.delta: 7893.42
.delta: 5748.7
.delta: 3248.36
.delta: 11413.9
.delta: 25859
.delta: 8565.71
.delta: 7679.43
.delta: 14173.2
.delta: 4800.71
.delta: 9333.09
.delta: 98324.7
.delta: 99002.4
.delta: 4714.3
.delta: 6098.73
.delta: 5052.79
.delta: 4751.23
.delta: 4156.15
.delta: 11667
.delta: 8610.35
.delta: 13730.6
.delta: 16134.2
.delta: 4285.14
.delta: 12174.3
.delta: 16326.7
.delta: 6335.86
.delta: 11750.6
.delta: 4839.73
.delta: 3835.3
.delta: 13462.6
.delta: 9616.16
.delta: 4787.68
.delta: 6950
.delta: 3137.65
.delta: 11538.4
.delta: 10207

Number of iterations: 300 (max. 300)
Final norm of residuum: 10207
counted_mult_calls: 306

Needed Iterations: 300
Final residuum: 10207
note: performance calculation: coefficients are reused
note: performance calculation: iterations for calculation : 307.5
note: performance calculation: additional iteration for residual recalculation : 6
warning: cannot calculate GFLOPS for operation type

Current Duration:: 1972.2
Current GFlop/s: 0

Finished Training!

Training took: 1972.2 seconds

computing MSE of test dataset
creating createOperationMultipleEval grid: ModLinear type: SUBSPACE subType: AutoTuneTMP
creating per-kernel header
compile_cmd: g++ -o ./cppjit_tmp/KernelMultSubspace_979698/KernelMultSubspace.o -c -Wall -Wextra -Wno-unused-parameter -std=c++17 -march=native -mtune=native -O3 -g -fopenmp -fPIC -fno-gnu-unique -I/home/pfandedd/git/DissertationCode/SGpp/base/src -I/home/pfandedd/git/DissertationCode/MatrixMultiplicationHPX/AutoTuneTMP/boost_install/include -I/home/pfandedd/git/DissertationCode/MatrixMultiplicationHPX/AutoTuneTMP/AutoTuneTMP_install/include -I/home/pfandedd/git/DissertationCode/MatrixMultiplicationHPX/AutoTuneTMP/Vc_install/include  -I./cppjit_tmp/KernelMultSubspace_979698/ SubspaceAutoTuneTMPKernels/Mult/KernelMultSubspace.cpp  > ./cppjit_tmp/KernelMultSubspace_979698/KernelMultSubspace_compile.log 2>&1
compile log:
compile duration: 1.34132
link_cmd: g++ -shared -fno-gnu-unique -fopenmp -o ./cppjit_tmp/KernelMultSubspace_979698/libKernelMultSubspace.so ./cppjit_tmp/KernelMultSubspace_979698/KernelMultSubspace.o   > ./cppjit_tmp/KernelMultSubspace_979698/KernelMultSubspace_link.log 2>&1
link log:
link duration: 0.0957229
classes computed/predicted
mse: 0.000489822
total_duration: 2065.75
