./datadriven/examplesOCL/regression_cmd --trainingFileName ../datasets/DR5/DR5_nowarnings_less05_train.arff --testFileName ../../DissertationCodeGTX/datasets/DR5/DR5_nowarnings_less05_test.arff --learnerMode LEARNTEST --grid.level 10 --lambda 1E-5 --grid.type ModLinear --verbose true --operation.type SUBSPACE --operation.subType AUTOTUNETMP --solverFinal.maxIterations 300 --solverFinal.eps 0 --isRegression true --adaptConfig.support_refinement_min_support 500 --adaptConfig.use_support_refinement --additionalConfig results_diss/subspace/DR5_Xeon2670_Subspace_combined_tuner_line_search_t_5av_0r_optimal.cfg
training dataset: ../datasets/DR5/DR5_nowarnings_less05_train.arff
instances: 371908
support_refinement_min_support: 500
num_candidates: 1
candidates with support: 1
num_candidates: 10
candidates with support: 10
num_candidates: 60
candidates with support: 52
num_candidates: 236
candidates with support: 181
num_candidates: 706
candidates with support: 503
num_candidates: 1786
candidates with support: 1241
num_candidates: 4140
candidates with support: 2886
num_candidates: 9216
candidates with support: 6397
num_candidates: 19682
candidates with support: 13464
num_candidates: 40066
candidates with support: 26558
datadriven refinement done, grid size: 51293
creating createOperationMultipleEval type: DEFAULT, using base operator factory
creating createOperationMultipleEval grid: ModLinear type: SUBSPACE subType: AutoTuneTMP
Starting Learning....

Doing refinement: 0
Grid Size: 51293
padding for: 512
creating per-kernel header
compile_cmd: g++ -o ./cppjit_tmp/KernelMultTransposeSubspace_739564/KernelMultTransposeSubspace.o -c -Wall -Wextra -Wno-unused-parameter -std=c++17 -march=native -mtune=native -O3 -g -fopenmp -fPIC -fno-gnu-unique -I/home/winter/git/DissertationCode/SGpp/base/src -I/home/winter/git/DissertationCode/MatrixMultiplicationHPX/AutoTuneTMP/boost_install/include -I/home/winter/git/DissertationCode/MatrixMultiplicationHPX/AutoTuneTMP/AutoTuneTMP_install/include -I/home/winter/git/DissertationCode/MatrixMultiplicationHPX/AutoTuneTMP/Vc_install/include  -I./cppjit_tmp/KernelMultTransposeSubspace_739564/ SubspaceAutoTuneTMPKernels/MultTranspose/KernelMultTransposeSubspace.cpp  > ./cppjit_tmp/KernelMultTransposeSubspace_739564/KernelMultTransposeSubspace_compile.log 2>&1
compile log:
compile duration: 1.75429
link_cmd: g++ -shared -fno-gnu-unique -fopenmp -o ./cppjit_tmp/KernelMultTransposeSubspace_739564/libKernelMultTransposeSubspace.so ./cppjit_tmp/KernelMultTransposeSubspace_739564/KernelMultTransposeSubspace.o   > ./cppjit_tmp/KernelMultTransposeSubspace_739564/KernelMultTransposeSubspace_link.log 2>&1
link log:
link duration: 0.088892
Starting Conjugated Gradients
All temp variables used in CG have been initialized
creating per-kernel header
compile_cmd: g++ -o ./cppjit_tmp/KernelMultSubspace_537239/KernelMultSubspace.o -c -Wall -Wextra -Wno-unused-parameter -std=c++17 -march=native -mtune=native -O3 -g -fopenmp -fPIC -fno-gnu-unique -I/home/winter/git/DissertationCode/SGpp/base/src -I/home/winter/git/DissertationCode/MatrixMultiplicationHPX/AutoTuneTMP/boost_install/include -I/home/winter/git/DissertationCode/MatrixMultiplicationHPX/AutoTuneTMP/AutoTuneTMP_install/include -I/home/winter/git/DissertationCode/MatrixMultiplicationHPX/AutoTuneTMP/Vc_install/include  -I./cppjit_tmp/KernelMultSubspace_537239/ SubspaceAutoTuneTMPKernels/Mult/KernelMultSubspace.cpp  > ./cppjit_tmp/KernelMultSubspace_537239/KernelMultSubspace_compile.log 2>&1
compile log:
compile duration: 1.39301
link_cmd: g++ -shared -fno-gnu-unique -fopenmp -o ./cppjit_tmp/KernelMultSubspace_537239/libKernelMultSubspace.so ./cppjit_tmp/KernelMultSubspace_537239/KernelMultSubspace.o   > ./cppjit_tmp/KernelMultSubspace_537239/KernelMultSubspace_link.log 2>&1
link log:
link duration: 0.0834641
Starting norm of residuum: -nan
Target norm:               0
.delta: 2.48387e+09
.delta: 2.08737e+08
.delta: 2.5682e+08
.delta: 1.26015e+08
.delta: 5.29509e+07
.delta: 4.9246e+07
.delta: 2.58437e+07
.delta: 1.90104e+07
.delta: 9.7599e+06
.delta: 5.87236e+06
.delta: 3.49987e+07
.delta: 7.40354e+06
.delta: 4.03076e+06
.delta: 4.36691e+06
.delta: 3.19895e+06
.delta: 1.53341e+06
.delta: 1.14865e+06
.delta: 1.2845e+06
.delta: 6.27992e+06
.delta: 1.04191e+06
.delta: 1.89338e+06
.delta: 2.57174e+06
.delta: 766208
.delta: 742845
.delta: 482876
.delta: 454319
.delta: 300355
.delta: 456153
.delta: 865790
.delta: 2.53953e+06
.delta: 276522
.delta: 207218
.delta: 450421
.delta: 491571
.delta: 604278
.delta: 200347
.delta: 314730
.delta: 321579
.delta: 2.94347e+06
.delta: 306071
.delta: 411077
.delta: 199900
.delta: 104822
.delta: 132859
.delta: 211829
.delta: 217909
.delta: 520386
.delta: 289879
.delta: 447284
.delta: 391610
.delta: 175843
.delta: 635687
.delta: 105599
.delta: 343748
.delta: 133820
.delta: 235889
.delta: 158732
.delta: 182944
.delta: 76371.2
.delta: 198715
.delta: 98123
.delta: 72522.4
.delta: 1.01135e+06
.delta: 56354.4
.delta: 177588
.delta: 2.1753e+06
.delta: 59766.6
.delta: 102803
.delta: 108222
.delta: 227522
.delta: 279619
.delta: 70239.2
.delta: 370154
.delta: 93128.4
.delta: 73301.4
.delta: 357004
.delta: 62589.4
.delta: 179686
.delta: 51692.2
.delta: 48923.9
.delta: 171427
.delta: 89220.2
.delta: 75247.6
.delta: 204841
.delta: 587847
.delta: 87209.6
.delta: 42746.6
.delta: 714980
.delta: 31513.9
.delta: 31487.2
.delta: 66411.3
.delta: 76637.7
.delta: 325602
.delta: 684045
.delta: 28814.2
.delta: 68678.8
.delta: 39122.3
.delta: 66070.9
.delta: 85046.2
.delta: 51097.8
.delta: 23945.3
.delta: 893446
.delta: 135238
.delta: 57265.4
.delta: 32636.7
.delta: 311760
.delta: 23871.1
.delta: 114996
.delta: 27161.4
.delta: 73789.5
.delta: 48524.4
.delta: 187515
.delta: 91898.5
.delta: 39837.2
.delta: 88079.9
.delta: 27072.6
.delta: 78461.7
.delta: 19002.3
.delta: 73150.7
.delta: 47387.8
.delta: 119832
.delta: 50639.8
.delta: 71545.5
.delta: 34116.5
.delta: 20604.5
.delta: 45972.8
.delta: 19914.4
.delta: 90049.3
.delta: 24053.9
.delta: 205033
.delta: 31268.8
.delta: 88962.9
.delta: 16113.8
.delta: 17441.9
.delta: 101898
.delta: 104763
.delta: 43020
.delta: 136498
.delta: 38625.6
.delta: 32823.9
.delta: 46843.7
.delta: 15417
.delta: 34588.8
.delta: 15093.4
.delta: 36305.4
.delta: 35157.2
.delta: 11929.4
.delta: 161792
.delta: 126933
.delta: 30740.6
.delta: 10566.6
.delta: 89568
.delta: 13412.6
.delta: 150103
.delta: 16148.9
.delta: 16568.4
.delta: 76838.9
.delta: 414159
.delta: 20870.7
.delta: 13982.7
.delta: 72463.3
.delta: 11782
.delta: 84236.7
.delta: 32366.5
.delta: 14707.7
.delta: 12306.1
.delta: 662234
.delta: 29053.5
.delta: 18162.9
.delta: 25550.3
.delta: 28187.9
.delta: 60606
.delta: 10817.8
.delta: 20240.6
.delta: 37408.1
.delta: 86806.7
.delta: 142229
.delta: 22237.5
.delta: 25900.5
.delta: 30783
.delta: 9647.27
.delta: 35817.5
.delta: 19247.1
.delta: 10470
.delta: 175331
.delta: 125390
.delta: 60745.1
.delta: 17630.4
.delta: 8493.69
.delta: 41876.2
.delta: 58334.1
.delta: 6202.48
.delta: 132161
.delta: 8883.2
.delta: 158357
.delta: 10759.2
.delta: 8766.91
.delta: 16344.2
.delta: 8444.43
.delta: 32426.4
.delta: 18971
.delta: 105787
.delta: 7615.67
.delta: 129518
.delta: 19355
.delta: 33680.9
.delta: 5302.27
.delta: 18778.5
.delta: 9399.47
.delta: 25700.5
.delta: 44406.8
.delta: 14732.5
.delta: 41706.6
.delta: 10260.7
.delta: 51117
.delta: 6699.21
.delta: 23231.3
.delta: 21696.6
.delta: 56298.4
.delta: 18060.7
.delta: 8083.85
.delta: 13626.3
.delta: 92478.5
.delta: 14422
.delta: 4585.96
.delta: 58434.5
.delta: 16557.6
.delta: 5700.89
.delta: 12142.4
.delta: 60028.4
.delta: 12225.4
.delta: 140885
.delta: 7284.22
.delta: 42859
.delta: 7484.53
.delta: 38134.9
.delta: 4681.07
.delta: 32798.7
.delta: 25183.4
.delta: 13191.6
.delta: 7144.67
.delta: 140498
.delta: 8495.27
.delta: 20922
.delta: 4260.5
.delta: 8987.97
.delta: 35024.3
.delta: 5115.76
.delta: 15331.7
.delta: 11762.9
.delta: 45832.9
.delta: 24638.4
.delta: 51937.2
.delta: 12519.7
.delta: 4254.97
.delta: 14620.1
.delta: 3876.42
.delta: 7474.57
.delta: 196540
.delta: 47713.9
.delta: 4084.23
.delta: 11354.3
.delta: 10286.2
.delta: 8956.95
.delta: 24088.4
.delta: 4485.45
.delta: 15179.7
.delta: 19685.7
.delta: 5384.77
.delta: 19335.7
.delta: 11552.3
.delta: 5675
.delta: 5156.13
.delta: 10377.3
.delta: 17633.4
.delta: 128562
.delta: 20197.6
.delta: 5266.23
.delta: 5501.91
.delta: 4966.34
.delta: 13293
.delta: 5817.75
.delta: 9525.2
.delta: 19876.3
.delta: 6673.18
.delta: 23092.2
.delta: 3570.52
.delta: 7420.7
.delta: 37054.9
.delta: 22839.2
.delta: 3509.51
.delta: 5132.94
.delta: 43246.4
.delta: 9744.64
.delta: 4984.38
.delta: 4233.88
.delta: 58880.7
.delta: 3858.83
.delta: 11506.6
.delta: 4738.2

Number of iterations: 300 (max. 300)
Final norm of residuum: 4738.2
counted_mult_calls: 306

Needed Iterations: 300
Final residuum: 4738.2
note: performance calculation: coefficients are reused
note: performance calculation: iterations for calculation : 307.5
note: performance calculation: additional iteration for residual recalculation : 6
warning: cannot calculate GFLOPS for operation type

Current Duration:: 343.568
Current GFlop/s: 0

Finished Training!

Training took: 343.568 seconds

computing MSE of test dataset
creating createOperationMultipleEval grid: ModLinear type: SUBSPACE subType: AutoTuneTMP
creating per-kernel header
compile_cmd: g++ -o ./cppjit_tmp/KernelMultSubspace_240519/KernelMultSubspace.o -c -Wall -Wextra -Wno-unused-parameter -std=c++17 -march=native -mtune=native -O3 -g -fopenmp -fPIC -fno-gnu-unique -I/home/winter/git/DissertationCode/SGpp/base/src -I/home/winter/git/DissertationCode/MatrixMultiplicationHPX/AutoTuneTMP/boost_install/include -I/home/winter/git/DissertationCode/MatrixMultiplicationHPX/AutoTuneTMP/AutoTuneTMP_install/include -I/home/winter/git/DissertationCode/MatrixMultiplicationHPX/AutoTuneTMP/Vc_install/include  -I./cppjit_tmp/KernelMultSubspace_240519/ SubspaceAutoTuneTMPKernels/Mult/KernelMultSubspace.cpp  > ./cppjit_tmp/KernelMultSubspace_240519/KernelMultSubspace_compile.log 2>&1
compile log:
compile duration: 1.38348
link_cmd: g++ -shared -fno-gnu-unique -fopenmp -o ./cppjit_tmp/KernelMultSubspace_240519/libKernelMultSubspace.so ./cppjit_tmp/KernelMultSubspace_240519/KernelMultSubspace.o   > ./cppjit_tmp/KernelMultSubspace_240519/KernelMultSubspace_link.log 2>&1
link log:
link duration: 0.0768402
classes computed/predicted
mse: 0.000490269
total_duration: 356.391
