./datadriven/examplesOCL/regressionGFlops --datasetFileName ../datasets/DR5/DR5_nowarnings_less05_train.arff --isModLinear true --trans true --level 10 --use_support_refinement --support_refinement_min_support 500  --repetitions 10 --operation.type SUBSPACE --operation.subType AUTOTUNETMP --OpenCLConfigFile results_diss/subspace/DR5_A10-7850K_Subspace_multTrans_tuner_line_search_t_5av_0r_optimal.cfg
datasetFileName: ../datasets/DR5/DR5_nowarnings_less05_train.arff
hostname: pcsgs07
using configuration
num_candidates: 1
candidates with support: 1
num_candidates: 10
candidates with support: 10
num_candidates: 60
candidates with support: 52
num_candidates: 236
candidates with support: 181
num_candidates: 706
candidates with support: 503
num_candidates: 1786
candidates with support: 1241
num_candidates: 4140
candidates with support: 2886
num_candidates: 9216
candidates with support: 6397
num_candidates: 19682
candidates with support: 13464
num_candidates: 40066
candidates with support: 26558
support refinement done, grid size: 51293
dimensionality: 5
number of grid points: 51293
number of data points: 371908
considering full evaluation count
num_ops: 5722.88
creating createOperationMultipleEval grid: ModLinear type: SUBSPACE subType: AutoTuneTMP
starting performance test...
algorithm: multTrans
padding for: 512
creating per-kernel header
compile_cmd: g++ -o ./cppjit_tmp/KernelMultTransposeSubspace_661463/KernelMultTransposeSubspace.o -c -Wall -Wextra -Wno-unused-parameter -std=c++17 -march=native -mtune=native -O3 -g -fopenmp -fPIC -fno-gnu-unique -I/home/pfandedd/git/DissertationCode/SGpp/base/src -I/home/pfandedd/git/DissertationCode/MatrixMultiplicationHPX/AutoTuneTMP/boost_install/include -I/home/pfandedd/git/DissertationCode/MatrixMultiplicationHPX/AutoTuneTMP/AutoTuneTMP_install/include -I/home/pfandedd/git/DissertationCode/MatrixMultiplicationHPX/AutoTuneTMP/Vc_install/include  -I./cppjit_tmp/KernelMultTransposeSubspace_661463/ SubspaceAutoTuneTMPKernels/MultTranspose/KernelMultTransposeSubspace.cpp  > ./cppjit_tmp/KernelMultTransposeSubspace_661463/KernelMultTransposeSubspace_compile.log 2>&1
compile log:
compile duration: 1.70181
link_cmd: g++ -shared -fno-gnu-unique -fopenmp -o ./cppjit_tmp/KernelMultTransposeSubspace_661463/libKernelMultTransposeSubspace.so ./cppjit_tmp/KernelMultTransposeSubspace_661463/KernelMultTransposeSubspace.o   > ./cppjit_tmp/KernelMultTransposeSubspace_661463/KernelMultTransposeSubspace_link.log 2>&1
link log:
link duration: 0.0999199
info: first multTranspose not considered
duration multTranspose: 34.1529, repetitions_averaged: 10
GFLOPS: 0
