./datadriven/examplesOCL/regression_cmd --trainingFileName ../datasets/friedman/weakscaling_regression/friedman1_10d_200000.arff --learnerMode LEARN --grid.level 7 --lambda 1E-5 --grid.type ModLinear --verbose true --operation.type SUBSPACE --operation.subType AUTOTUNETMP --solverFinal.maxIterations 100 --solverFinal.eps 0 --isRegression true --additionalConfig results_diss/subspace/friedman1_Xeon2670_Subspace_combined_tuner_line_search_t_5av_0r_optimal.cfg
training dataset: ../datasets/friedman/weakscaling_regression/friedman1_10d_200000.arff
instances: 200000
regular grid size: 397825
creating createOperationMultipleEval type: DEFAULT, using base operator factory
creating createOperationMultipleEval grid: ModLinear type: SUBSPACE subType: AutoTuneTMP
Starting Learning....

Doing refinement: 0
Grid Size: 397825
padding for: 256
creating per-kernel header
compile_cmd: g++ -o ./cppjit_tmp/KernelMultTransposeSubspace_70384/KernelMultTransposeSubspace.o -c -Wall -Wextra -Wno-unused-parameter -std=c++17 -march=native -mtune=native -O3 -g -fopenmp -fPIC -fno-gnu-unique -I/home/winter/git/DissertationCode/SGpp/base/src -I/home/winter/git/DissertationCode/MatrixMultiplicationHPX/AutoTuneTMP/boost_install/include -I/home/winter/git/DissertationCode/MatrixMultiplicationHPX/AutoTuneTMP/AutoTuneTMP_install/include -I/home/winter/git/DissertationCode/MatrixMultiplicationHPX/AutoTuneTMP/Vc_install/include  -I./cppjit_tmp/KernelMultTransposeSubspace_70384/ SubspaceAutoTuneTMPKernels/MultTranspose/KernelMultTransposeSubspace.cpp  > ./cppjit_tmp/KernelMultTransposeSubspace_70384/KernelMultTransposeSubspace_compile.log 2>&1
compile log:
compile duration: 1.82318
link_cmd: g++ -shared -fno-gnu-unique -fopenmp -o ./cppjit_tmp/KernelMultTransposeSubspace_70384/libKernelMultTransposeSubspace.so ./cppjit_tmp/KernelMultTransposeSubspace_70384/KernelMultTransposeSubspace.o   > ./cppjit_tmp/KernelMultTransposeSubspace_70384/KernelMultTransposeSubspace_link.log 2>&1
link log:
link duration: 0.100045
Starting Conjugated Gradients
All temp variables used in CG have been initialized
creating per-kernel header
compile_cmd: g++ -o ./cppjit_tmp/KernelMultSubspace_827719/KernelMultSubspace.o -c -Wall -Wextra -Wno-unused-parameter -std=c++17 -march=native -mtune=native -O3 -g -fopenmp -fPIC -fno-gnu-unique -I/home/winter/git/DissertationCode/SGpp/base/src -I/home/winter/git/DissertationCode/MatrixMultiplicationHPX/AutoTuneTMP/boost_install/include -I/home/winter/git/DissertationCode/MatrixMultiplicationHPX/AutoTuneTMP/AutoTuneTMP_install/include -I/home/winter/git/DissertationCode/MatrixMultiplicationHPX/AutoTuneTMP/Vc_install/include  -I./cppjit_tmp/KernelMultSubspace_827719/ SubspaceAutoTuneTMPKernels/Mult/KernelMultSubspace.cpp  > ./cppjit_tmp/KernelMultSubspace_827719/KernelMultSubspace_compile.log 2>&1
compile log:
compile duration: 1.41073
link_cmd: g++ -shared -fno-gnu-unique -fopenmp -o ./cppjit_tmp/KernelMultSubspace_827719/libKernelMultSubspace.so ./cppjit_tmp/KernelMultSubspace_827719/KernelMultSubspace.o   > ./cppjit_tmp/KernelMultSubspace_827719/KernelMultSubspace_link.log 2>&1
link log:
link duration: 0.0884125
Starting norm of residuum: -nan
Target norm:               0
.delta: 6.48417e+13
.delta: 5.03406e+13
.delta: 2.15341e+12
.delta: 2.93576e+12
.delta: 2.20097e+12
.delta: 7.77042e+11
.delta: 1.30202e+12
.delta: 1.16094e+12
.delta: 3.47423e+11
.delta: 8.23794e+11
.delta: 2.3831e+11
.delta: 9.96893e+10
.delta: 4.18964e+11
.delta: 8.15345e+10
.delta: 2.96296e+11
.delta: 8.02651e+10
.delta: 9.73631e+10
.delta: 6.15884e+10
.delta: 7.93578e+10
.delta: 5.6194e+10
.delta: 4.0039e+10
.delta: 7.05875e+10
.delta: 5.08605e+10
.delta: 5.67623e+10
.delta: 1.1417e+10
.delta: 3.14393e+10
.delta: 6.69035e+10
.delta: 1.59981e+10
.delta: 6.56462e+10
.delta: 3.09985e+10
.delta: 2.72974e+10
.delta: 3.55518e+10
.delta: 2.20467e+10
.delta: 1.00465e+10
.delta: 1.23195e+10
.delta: 1.6878e+10
.delta: 9.50454e+09
.delta: 1.99085e+10
.delta: 6.20449e+09
.delta: 1.01056e+10
.delta: 2.674e+10
.delta: 9.28775e+09
.delta: 8.18074e+09
.delta: 4.36871e+09
.delta: 2.7457e+10
.delta: 5.45389e+09
.delta: 7.54209e+09
.delta: 1.07225e+10
.delta: 4.09071e+09
.delta: 7.96657e+09
.delta: 2.9798e+09
.delta: 6.84606e+09
.delta: 6.53835e+09
.delta: 5.89532e+09
.delta: 1.46679e+10
.delta: 3.24377e+09
.delta: 7.03459e+09
.delta: 8.01985e+09
.delta: 3.934e+09
.delta: 1.12327e+10
.delta: 3.74524e+09
.delta: 3.32972e+09
.delta: 9.70498e+09
.delta: 6.13517e+09
.delta: 3.7823e+09
.delta: 6.05564e+09
.delta: 4.518e+09
.delta: 4.80897e+09
.delta: 1.43418e+10
.delta: 2.2018e+09
.delta: 1.35941e+10
.delta: 2.62803e+09
.delta: 4.12158e+09
.delta: 4.4841e+09
.delta: 7.76579e+09
.delta: 4.22367e+09
.delta: 1.5143e+09
.delta: 6.81064e+09
.delta: 7.56139e+09
.delta: 2.81278e+09
.delta: 2.14784e+09
.delta: 1.23429e+10
.delta: 4.88368e+09
.delta: 1.47157e+09
.delta: 2.63447e+09
.delta: 2.1889e+09
.delta: 4.87253e+09
.delta: 4.00094e+09
.delta: 1.7584e+09
.delta: 3.7131e+09
.delta: 3.79873e+09
.delta: 2.58815e+09
.delta: 1.3707e+09
.delta: 9.41695e+09
.delta: 4.7524e+09
.delta: 1.50289e+09
.delta: 2.88303e+09
.delta: 3.46137e+09
.delta: 2.9661e+09
.delta: 1.52263e+09

Number of iterations: 100 (max. 100)
Final norm of residuum: 1.52263e+09
counted_mult_calls: 102

Needed Iterations: 100
Final residuum: 1.52263e+09
note: performance calculation: coefficients are reused
note: performance calculation: iterations for calculation : 103.5
note: performance calculation: additional iteration for residual recalculation : 2
warning: cannot calculate GFLOPS for operation type

Current Duration:: 347.711
Current GFlop/s: 0

Finished Training!

Training took: 347.711 seconds

total_duration: 350.272
