./datadriven/examplesOCL/regression_cmd --trainingFileName ../datasets/friedman/weakscaling_regression/friedman1_10d_200000.arff --learnerMode LEARN --grid.level 7 --lambda 1E-5 --grid.type ModLinear --verbose true --operation.type SUBSPACE --operation.subType AUTOTUNETMP --solverFinal.maxIterations 100 --solverFinal.eps 0 --isRegression true --additionalConfig results_diss/subspace/friedman1_Epyc7551P_Subspace_combined_tuner_line_search_t_5av_0r_optimal.cfg
training dataset: ../datasets/friedman/weakscaling_regression/friedman1_10d_200000.arff
instances: 200000
regular grid size: 397825
creating createOperationMultipleEval type: DEFAULT, using base operator factory
creating createOperationMultipleEval grid: ModLinear type: SUBSPACE subType: AutoTuneTMP
Starting Learning....

Doing refinement: 0
Grid Size: 397825
padding for: 512
creating per-kernel header
compile_cmd: g++ -o ./cppjit_tmp/KernelMultTransposeSubspace_835593/KernelMultTransposeSubspace.o -c -Wall -Wextra -Wno-unused-parameter -std=c++17 -march=native -mtune=native -O3 -g -fopenmp -fPIC -fno-gnu-unique -I/data/argon-fs/sgs/pfandedd/DissertationCodeEpyc/SGpp/base/src -I/data/argon-fs/sgs/pfandedd/DissertationCodeEpyc/MatrixMultiplicationHPX/AutoTuneTMP/boost_install/include -I/data/argon-fs/sgs/pfandedd/DissertationCodeEpyc/MatrixMultiplicationHPX/AutoTuneTMP/AutoTuneTMP_install/include -I/data/argon-fs/sgs/pfandedd/DissertationCodeEpyc/MatrixMultiplicationHPX/AutoTuneTMP/Vc_install/include  -I./cppjit_tmp/KernelMultTransposeSubspace_835593/ SubspaceAutoTuneTMPKernels/MultTranspose/KernelMultTransposeSubspace.cpp  > ./cppjit_tmp/KernelMultTransposeSubspace_835593/KernelMultTransposeSubspace_compile.log 2>&1
compile log:
compile duration: 2.0205
link_cmd: g++ -shared -fno-gnu-unique -fopenmp -o ./cppjit_tmp/KernelMultTransposeSubspace_835593/libKernelMultTransposeSubspace.so ./cppjit_tmp/KernelMultTransposeSubspace_835593/KernelMultTransposeSubspace.o   > ./cppjit_tmp/KernelMultTransposeSubspace_835593/KernelMultTransposeSubspace_link.log 2>&1
link log:
link duration: 0.113282
Starting Conjugated Gradients
All temp variables used in CG have been initialized
creating per-kernel header
compile_cmd: g++ -o ./cppjit_tmp/KernelMultSubspace_269674/KernelMultSubspace.o -c -Wall -Wextra -Wno-unused-parameter -std=c++17 -march=native -mtune=native -O3 -g -fopenmp -fPIC -fno-gnu-unique -I/data/argon-fs/sgs/pfandedd/DissertationCodeEpyc/SGpp/base/src -I/data/argon-fs/sgs/pfandedd/DissertationCodeEpyc/MatrixMultiplicationHPX/AutoTuneTMP/boost_install/include -I/data/argon-fs/sgs/pfandedd/DissertationCodeEpyc/MatrixMultiplicationHPX/AutoTuneTMP/AutoTuneTMP_install/include -I/data/argon-fs/sgs/pfandedd/DissertationCodeEpyc/MatrixMultiplicationHPX/AutoTuneTMP/Vc_install/include  -I./cppjit_tmp/KernelMultSubspace_269674/ SubspaceAutoTuneTMPKernels/Mult/KernelMultSubspace.cpp  > ./cppjit_tmp/KernelMultSubspace_269674/KernelMultSubspace_compile.log 2>&1
compile log:
compile duration: 1.52559
link_cmd: g++ -shared -fno-gnu-unique -fopenmp -o ./cppjit_tmp/KernelMultSubspace_269674/libKernelMultSubspace.so ./cppjit_tmp/KernelMultSubspace_269674/KernelMultSubspace.o   > ./cppjit_tmp/KernelMultSubspace_269674/KernelMultSubspace_link.log 2>&1
link log:
link duration: 0.113869
Starting norm of residuum: -nan
Target norm:               0
.delta: 6.48417e+13
.delta: 5.03406e+13
.delta: 2.15341e+12
.delta: 2.93576e+12
.delta: 2.20097e+12
.delta: 7.77042e+11
.delta: 1.30202e+12
.delta: 1.16094e+12
.delta: 3.47423e+11
.delta: 8.23794e+11
.delta: 2.3831e+11
.delta: 9.96893e+10
.delta: 4.18956e+11
.delta: 8.14585e+10
.delta: 2.95285e+11
.delta: 8.04128e+10
.delta: 9.73645e+10
.delta: 6.15885e+10
.delta: 7.93578e+10
.delta: 5.6194e+10
.delta: 4.0039e+10
.delta: 7.05875e+10
.delta: 5.08605e+10
.delta: 5.67623e+10
.delta: 1.1417e+10
.delta: 3.14393e+10
.delta: 6.69013e+10
.delta: 1.59411e+10
.delta: 4.3445e+10
.delta: 4.10702e+10
.delta: 2.73656e+10
.delta: 3.55592e+10
.delta: 2.20467e+10
.delta: 1.00465e+10
.delta: 1.23195e+10
.delta: 1.6878e+10
.delta: 9.50454e+09
.delta: 1.99085e+10
.delta: 6.20442e+09
.delta: 1.00432e+10
.delta: 1.38307e+10
.delta: 1.38383e+10
.delta: 8.18626e+09
.delta: 4.34196e+09
.delta: 2.70309e+10
.delta: 5.47614e+09
.delta: 6.39769e+09
.delta: 3.72318e+09
.delta: 2.0081e+10
.delta: 8.31584e+09
.delta: 2.95098e+09
.delta: 4.96769e+09
.delta: 8.78255e+09
.delta: 5.18503e+09
.delta: 3.44039e+10
.delta: 3.32741e+09
.delta: 6.87946e+09
.delta: 7.9939e+09
.delta: 3.70038e+09
.delta: 1.07639e+10
.delta: 4.02898e+09
.delta: 3.3198e+09
.delta: 7.38566e+09
.delta: 7.39345e+09
.delta: 3.87006e+09
.delta: 4.63591e+09
.delta: 5.72099e+09
.delta: 4.37623e+09
.delta: 4.56844e+09
.delta: 3.49232e+09
.delta: 1.17468e+10
.delta: 2.75717e+09
.delta: 4.12761e+09
.delta: 4.55044e+09
.delta: 7.57559e+09
.delta: 4.21681e+09
.delta: 1.51227e+09
.delta: 6.5466e+09
.delta: 7.85072e+09
.delta: 2.82898e+09
.delta: 2.04813e+09
.delta: 4.20043e+09
.delta: 2.61156e+10
.delta: 1.50085e+09
.delta: 2.63428e+09
.delta: 2.18152e+09
.delta: 3.44135e+09
.delta: 2.88051e+09
.delta: 2.58249e+09
.delta: 2.70807e+09
.delta: 2.14023e+09
.delta: 1.79759e+09
.delta: 3.83417e+09
.delta: 3.84264e+09
.delta: 1.73968e+09
.delta: 7.06112e+09
.delta: 2.09855e+09
.delta: 3.39071e+09
.delta: 4.80366e+09
.delta: 1.54668e+09

Number of iterations: 100 (max. 100)
Final norm of residuum: 1.54668e+09
counted_mult_calls: 102

Needed Iterations: 100
Final residuum: 1.54668e+09
note: performance calculation: coefficients are reused
note: performance calculation: iterations for calculation : 103.5
note: performance calculation: additional iteration for residual recalculation : 2
warning: cannot calculate GFLOPS for operation type

Current Duration:: 227.92
Current GFlop/s: 0

Finished Training!

Training took: 227.92 seconds

total_duration: 230.023
