./datadriven/examplesOCL/regressionGFlops --datasetFileName ../datasets/friedman/weakscaling_regression/friedman1_10d_200000.arff --isModLinear true --trans true --level 7  --repetitions 10 --operation.type SUBSPACE --operation.subType AUTOTUNETMP --OpenCLConfigFile results_diss/subspace/friedman1_Epyc7551P_Subspace_multTrans_tuner_line_search_t_5av_0r_optimal.cfg
datasetFileName: ../datasets/friedman/weakscaling_regression/friedman1_10d_200000.arff
hostname: argon-epyc
using configuration
dimensionality: 10
number of grid points: 397825
number of data points: 200000
considering full evaluation count
num_ops: 47739
creating createOperationMultipleEval grid: ModLinear type: SUBSPACE subType: AutoTuneTMP
starting performance test...
algorithm: multTrans
padding for: 256
creating per-kernel header
compile_cmd: g++ -o ./cppjit_tmp/KernelMultTransposeSubspace_398739/KernelMultTransposeSubspace.o -c -Wall -Wextra -Wno-unused-parameter -std=c++17 -march=native -mtune=native -O3 -g -fopenmp -fPIC -fno-gnu-unique -I/data/argon-fs/sgs/pfandedd/DissertationCodeEpyc/SGpp/base/src -I/data/argon-fs/sgs/pfandedd/DissertationCodeEpyc/MatrixMultiplicationHPX/AutoTuneTMP/boost_install/include -I/data/argon-fs/sgs/pfandedd/DissertationCodeEpyc/MatrixMultiplicationHPX/AutoTuneTMP/AutoTuneTMP_install/include -I/data/argon-fs/sgs/pfandedd/DissertationCodeEpyc/MatrixMultiplicationHPX/AutoTuneTMP/Vc_install/include  -I./cppjit_tmp/KernelMultTransposeSubspace_398739/ SubspaceAutoTuneTMPKernels/MultTranspose/KernelMultTransposeSubspace.cpp  > ./cppjit_tmp/KernelMultTransposeSubspace_398739/KernelMultTransposeSubspace_compile.log 2>&1
compile log:
compile duration: 2.02086
link_cmd: g++ -shared -fno-gnu-unique -fopenmp -o ./cppjit_tmp/KernelMultTransposeSubspace_398739/libKernelMultTransposeSubspace.so ./cppjit_tmp/KernelMultTransposeSubspace_398739/KernelMultTransposeSubspace.o   > ./cppjit_tmp/KernelMultTransposeSubspace_398739/KernelMultTransposeSubspace_link.log 2>&1
link log:
link duration: 0.100995
info: first multTranspose not considered
duration multTranspose: 11.9286, repetitions: 10
GFLOPS: 0
datasetFileName: ../datasets/friedman/weakscaling_regression/friedman1_10d_200000.arff
hostname: argon-epyc
using configuration
dimensionality: 10
number of grid points: 397825
number of data points: 200000
considering full evaluation count
num_ops: 47739
creating createOperationMultipleEval grid: ModLinear type: SUBSPACE subType: AutoTuneTMP
starting performance test...
algorithm: multTrans
padding for: 512
creating per-kernel header
compile_cmd: g++ -o ./cppjit_tmp/KernelMultTransposeSubspace_298859/KernelMultTransposeSubspace.o -c -Wall -Wextra -Wno-unused-parameter -std=c++17 -march=native -mtune=native -O3 -g -fopenmp -fPIC -fno-gnu-unique -I/data/argon-fs/sgs/pfandedd/DissertationCodeEpyc/SGpp/base/src -I/data/argon-fs/sgs/pfandedd/DissertationCodeEpyc/MatrixMultiplicationHPX/AutoTuneTMP/boost_install/include -I/data/argon-fs/sgs/pfandedd/DissertationCodeEpyc/MatrixMultiplicationHPX/AutoTuneTMP/AutoTuneTMP_install/include -I/data/argon-fs/sgs/pfandedd/DissertationCodeEpyc/MatrixMultiplicationHPX/AutoTuneTMP/Vc_install/include  -I./cppjit_tmp/KernelMultTransposeSubspace_298859/ SubspaceAutoTuneTMPKernels/MultTranspose/KernelMultTransposeSubspace.cpp  > ./cppjit_tmp/KernelMultTransposeSubspace_298859/KernelMultTransposeSubspace_compile.log 2>&1
compile log:
compile duration: 2.02629
link_cmd: g++ -shared -fno-gnu-unique -fopenmp -o ./cppjit_tmp/KernelMultTransposeSubspace_298859/libKernelMultTransposeSubspace.so ./cppjit_tmp/KernelMultTransposeSubspace_298859/KernelMultTransposeSubspace.o   > ./cppjit_tmp/KernelMultTransposeSubspace_298859/KernelMultTransposeSubspace_link.log 2>&1
link log:
link duration: 0.114165
info: first multTranspose not considered
duration multTranspose: 11.7534, repetitions: 10
GFLOPS: 0
