./datadriven/examplesOCL/regression_cmd --trainingFileName ../datasets/friedman/weakscaling_regression/friedman1_10d_200000.arff --learnerMode LEARN --grid.level 7 --lambda 1E-5 --grid.type ModLinear --verbose true --operation.type SUBSPACE --operation.subType AUTOTUNETMP --solverFinal.maxIterations 100 --solverFinal.eps 0 --isRegression true --additionalConfig results_diss/subspace/friedman1_XeonSilver4116_Subspace_combined_tuner_line_search_t_5av_0r_optimal.cfg
training dataset: ../datasets/friedman/weakscaling_regression/friedman1_10d_200000.arff
instances: 200000
regular grid size: 397825
creating createOperationMultipleEval type: DEFAULT, using base operator factory
creating createOperationMultipleEval grid: ModLinear type: SUBSPACE subType: AutoTuneTMP
Starting Learning....

Doing refinement: 0
Grid Size: 397825
padding for: 64
creating per-kernel header
compile_cmd: g++ -o ./cppjit_tmp/KernelMultTransposeSubspace_29003/KernelMultTransposeSubspace.o -c -Wall -Wextra -Wno-unused-parameter -std=c++17 -march=native -mtune=native -O3 -g -fopenmp -fPIC -fno-gnu-unique -I/data/argon-fs/sgs/pfandedd/DissertationCodeTesla1/SGpp/base/src -I/data/argon-fs/sgs/pfandedd/DissertationCodeTesla1/MatrixMultiplicationHPX/AutoTuneTMP/boost_install/include -I/data/argon-fs/sgs/pfandedd/DissertationCodeTesla1/MatrixMultiplicationHPX/AutoTuneTMP/AutoTuneTMP_install/include -I/data/argon-fs/sgs/pfandedd/DissertationCodeTesla1/MatrixMultiplicationHPX/AutoTuneTMP/Vc_install/include  -I./cppjit_tmp/KernelMultTransposeSubspace_29003/ SubspaceAutoTuneTMPKernels/MultTranspose/KernelMultTransposeSubspace.cpp  > ./cppjit_tmp/KernelMultTransposeSubspace_29003/KernelMultTransposeSubspace_compile.log 2>&1
compile log:
compile duration: 2.20603
link_cmd: g++ -shared -fno-gnu-unique -fopenmp -o ./cppjit_tmp/KernelMultTransposeSubspace_29003/libKernelMultTransposeSubspace.so ./cppjit_tmp/KernelMultTransposeSubspace_29003/KernelMultTransposeSubspace.o   > ./cppjit_tmp/KernelMultTransposeSubspace_29003/KernelMultTransposeSubspace_link.log 2>&1
link log:
link duration: 0.169994
Starting Conjugated Gradients
All temp variables used in CG have been initialized
creating per-kernel header
compile_cmd: g++ -o ./cppjit_tmp/KernelMultSubspace_244439/KernelMultSubspace.o -c -Wall -Wextra -Wno-unused-parameter -std=c++17 -march=native -mtune=native -O3 -g -fopenmp -fPIC -fno-gnu-unique -I/data/argon-fs/sgs/pfandedd/DissertationCodeTesla1/SGpp/base/src -I/data/argon-fs/sgs/pfandedd/DissertationCodeTesla1/MatrixMultiplicationHPX/AutoTuneTMP/boost_install/include -I/data/argon-fs/sgs/pfandedd/DissertationCodeTesla1/MatrixMultiplicationHPX/AutoTuneTMP/AutoTuneTMP_install/include -I/data/argon-fs/sgs/pfandedd/DissertationCodeTesla1/MatrixMultiplicationHPX/AutoTuneTMP/Vc_install/include  -I./cppjit_tmp/KernelMultSubspace_244439/ SubspaceAutoTuneTMPKernels/Mult/KernelMultSubspace.cpp  > ./cppjit_tmp/KernelMultSubspace_244439/KernelMultSubspace_compile.log 2>&1
compile log:
compile duration: 1.57037
link_cmd: g++ -shared -fno-gnu-unique -fopenmp -o ./cppjit_tmp/KernelMultSubspace_244439/libKernelMultSubspace.so ./cppjit_tmp/KernelMultSubspace_244439/KernelMultSubspace.o   > ./cppjit_tmp/KernelMultSubspace_244439/KernelMultSubspace_link.log 2>&1
link log:
link duration: 0.133469
Starting norm of residuum: -nan
Target norm:               0
.delta: 6.48417e+13
.delta: 5.03406e+13
.delta: 2.15341e+12
.delta: 2.93576e+12
.delta: 2.20097e+12
.delta: 7.77042e+11
.delta: 1.30202e+12
.delta: 1.16094e+12
.delta: 3.47423e+11
.delta: 8.23794e+11
.delta: 2.3831e+11
.delta: 9.96893e+10
.delta: 4.18926e+11
.delta: 8.11993e+10
.delta: 2.91241e+11
.delta: 8.09715e+10
.delta: 9.73695e+10
.delta: 6.15887e+10
.delta: 7.93578e+10
.delta: 5.6194e+10
.delta: 4.0039e+10
.delta: 7.05875e+10
.delta: 5.08605e+10
.delta: 5.67623e+10
.delta: 1.1417e+10
.delta: 3.14392e+10
.delta: 6.69003e+10
.delta: 1.59121e+10
.delta: 2.83845e+10
.delta: 7.92126e+10
.delta: 2.77959e+10
.delta: 3.56068e+10
.delta: 2.20468e+10
.delta: 1.00465e+10
.delta: 1.23195e+10
.delta: 1.6878e+10
.delta: 9.50454e+09
.delta: 1.99085e+10
.delta: 6.20439e+09
.delta: 1.00246e+10
.delta: 8.65711e+09
.delta: 3.37992e+10
.delta: 8.22804e+09
.delta: 4.2733e+09
.delta: 2.22894e+10
.delta: 5.87766e+09
.delta: 7.15781e+09
.delta: 1.0639e+10
.delta: 4.23441e+09
.delta: 7.98877e+09
.delta: 3.28626e+09
.delta: 8.89799e+09
.delta: 4.66822e+09
.delta: 4.53969e+09
.delta: 2.24245e+10
.delta: 8.61347e+09
.delta: 3.36085e+09
.delta: 7.25867e+09
.delta: 4.62296e+09
.delta: 8.41825e+09
.delta: 3.62756e+09
.delta: 3.35402e+09
.delta: 1.18308e+10
.delta: 5.5356e+09
.delta: 3.73327e+09
.delta: 3.85001e+09
.delta: 7.11874e+09
.delta: 4.57313e+09
.delta: 3.80674e+09
.delta: 4.05574e+09
.delta: 7.61254e+09
.delta: 3.18938e+09
.delta: 4.13568e+09
.delta: 3.54059e+09
.delta: 8.29328e+09
.delta: 5.30565e+09
.delta: 1.51546e+09
.delta: 5.83122e+09
.delta: 8.38808e+09
.delta: 2.92873e+09
.delta: 2.05146e+09
.delta: 5.30157e+09
.delta: 1.31208e+10
.delta: 1.47384e+09
.delta: 2.63454e+09
.delta: 2.19021e+09
.delta: 5.09552e+09
.delta: 3.90142e+09
.delta: 1.75355e+09
.delta: 4.50401e+09
.delta: 3.3066e+09
.delta: 2.52733e+09
.delta: 1.36714e+09
.delta: 3.86208e+09
.delta: 7.39038e+09
.delta: 1.89101e+09
.delta: 7.12664e+09
.delta: 1.85537e+09
.delta: 2.85402e+09
.delta: 1.5244e+09

Number of iterations: 100 (max. 100)
Final norm of residuum: 1.5244e+09
counted_mult_calls: 102

Needed Iterations: 100
Final residuum: 1.5244e+09
note: performance calculation: coefficients are reused
note: performance calculation: iterations for calculation : 103.5
note: performance calculation: additional iteration for residual recalculation : 2
warning: cannot calculate GFLOPS for operation type

Current Duration:: 317.739
Current GFlop/s: 0

Finished Training!

Training took: 317.739 seconds

total_duration: 320.061
