./datadriven/examplesOCL/regressionGFlops --datasetFileName ../datasets/friedman/weakscaling_regression/friedman1_10d_200000.arff --isModLinear true --trans true --level 7  --repetitions 10 --operation.type SUBSPACE --operation.subType AUTOTUNETMP --OpenCLConfigFile results_diss/subspace/friedman1_XeonSilver4116_Subspace_multTrans_tuner_line_search_t_5av_0r_optimal.cfg
datasetFileName: ../datasets/friedman/weakscaling_regression/friedman1_10d_200000.arff
hostname: argon-tesla1
using configuration
dimensionality: 10
number of grid points: 397825
number of data points: 200000
considering full evaluation count
num_ops: 47739
creating createOperationMultipleEval grid: ModLinear type: SUBSPACE subType: AutoTuneTMP
starting performance test...
algorithm: multTrans
padding for: 64
creating per-kernel header
compile_cmd: g++ -o ./cppjit_tmp/KernelMultTransposeSubspace_460298/KernelMultTransposeSubspace.o -c -Wall -Wextra -Wno-unused-parameter -std=c++17 -march=native -mtune=native -O3 -g -fopenmp -fPIC -fno-gnu-unique -I/data/argon-fs/sgs/pfandedd/DissertationCodeTesla1/SGpp/base/src -I/data/argon-fs/sgs/pfandedd/DissertationCodeTesla1/MatrixMultiplicationHPX/AutoTuneTMP/boost_install/include -I/data/argon-fs/sgs/pfandedd/DissertationCodeTesla1/MatrixMultiplicationHPX/AutoTuneTMP/AutoTuneTMP_install/include -I/data/argon-fs/sgs/pfandedd/DissertationCodeTesla1/MatrixMultiplicationHPX/AutoTuneTMP/Vc_install/include  -I./cppjit_tmp/KernelMultTransposeSubspace_460298/ SubspaceAutoTuneTMPKernels/MultTranspose/KernelMultTransposeSubspace.cpp  > ./cppjit_tmp/KernelMultTransposeSubspace_460298/KernelMultTransposeSubspace_compile.log 2>&1
compile log:
compile duration: 2.3414
link_cmd: g++ -shared -fno-gnu-unique -fopenmp -o ./cppjit_tmp/KernelMultTransposeSubspace_460298/libKernelMultTransposeSubspace.so ./cppjit_tmp/KernelMultTransposeSubspace_460298/KernelMultTransposeSubspace.o   > ./cppjit_tmp/KernelMultTransposeSubspace_460298/KernelMultTransposeSubspace_link.log 2>&1
link log:
link duration: 0.151784
info: first multTranspose not considered
duration multTranspose: 17.9364, repetitions_averaged: 10
GFLOPS: 0
