./datadriven/examplesOCL/regressionGFlops --datasetFileName ../datasets/friedman/weakscaling_regression/friedman1_10d_200000.arff --isModLinear true --trans false --level 7  --repetitions 10 --operation.type SUBSPACE --operation.subType AUTOTUNETMP --OpenCLConfigFile results_diss/subspace/friedman1_XeonGold5120_Subspace_mult_tuner_line_search_t_5av_0r_optimal.cfg
datasetFileName: ../datasets/friedman/weakscaling_regression/friedman1_10d_200000.arff
hostname: argon-gtx
using configuration
dimensionality: 10
number of grid points: 397825
number of data points: 200000
considering reduced evaluations for l=1 grid points
grid points with level > 1: 1550100
num_ops: 18601.2
creating createOperationMultipleEval grid: ModLinear type: SUBSPACE subType: AutoTuneTMP
starting performance test...
algorithm: mult
creating per-kernel header
compile_cmd: g++ -o ./cppjit_tmp/KernelMultSubspace_436919/KernelMultSubspace.o -c -Wall -Wextra -Wno-unused-parameter -std=c++17 -march=native -mtune=native -O3 -g -fopenmp -fPIC -fno-gnu-unique -I/data/argon-fs/sgs/pfandedd/DissertationCodeGTX/SGpp/base/src -I/data/argon-fs/sgs/pfandedd/DissertationCodeGTX/MatrixMultiplicationHPX/AutoTuneTMP/boost_install/include -I/data/argon-fs/sgs/pfandedd/DissertationCodeGTX/MatrixMultiplicationHPX/AutoTuneTMP/AutoTuneTMP_install/include -I/data/argon-fs/sgs/pfandedd/DissertationCodeGTX/MatrixMultiplicationHPX/AutoTuneTMP/Vc_install/include  -I./cppjit_tmp/KernelMultSubspace_436919/ SubspaceAutoTuneTMPKernels/Mult/KernelMultSubspace.cpp  > ./cppjit_tmp/KernelMultSubspace_436919/KernelMultSubspace_compile.log 2>&1
compile log:
compile duration: 1.35402
link_cmd: g++ -shared -fno-gnu-unique -fopenmp -o ./cppjit_tmp/KernelMultSubspace_436919/libKernelMultSubspace.so ./cppjit_tmp/KernelMultSubspace_436919/KernelMultSubspace.o   > ./cppjit_tmp/KernelMultSubspace_436919/KernelMultSubspace_link.log 2>&1
link log:
link duration: 0.120063
info: first mult not considered
duration mult: 9.49087, repetitions_averaged: 10
GFLOPS: 0
