./datadriven/examplesOCL/regression_cmd --trainingFileName ../datasets/friedman/weakscaling_regression/friedman1_10d_200000.arff --learnerMode LEARN --grid.level 7 --lambda 1E-5 --grid.type ModLinear --verbose true --operation.type SUBSPACE --operation.subType AUTOTUNETMP --solverFinal.maxIterations 100 --solverFinal.eps 0 --isRegression true --additionalConfig results_diss/subspace/friedman1_A10-7850K_Subspace_combined_tuner_line_search_t_5av_0r_optimal.cfg
training dataset: ../datasets/friedman/weakscaling_regression/friedman1_10d_200000.arff
instances: 200000
regular grid size: 397825
creating createOperationMultipleEval type: DEFAULT, using base operator factory
creating createOperationMultipleEval grid: ModLinear type: SUBSPACE subType: AutoTuneTMP
Starting Learning....

Doing refinement: 0
Grid Size: 397825
padding for: 128
creating per-kernel header
compile_cmd: g++ -o ./cppjit_tmp/KernelMultTransposeSubspace_166332/KernelMultTransposeSubspace.o -c -Wall -Wextra -Wno-unused-parameter -std=c++17 -march=native -mtune=native -O3 -g -fopenmp -fPIC -fno-gnu-unique -I/home/pfandedd/git/DissertationCode/SGpp/base/src -I/home/pfandedd/git/DissertationCode/MatrixMultiplicationHPX/AutoTuneTMP/boost_install/include -I/home/pfandedd/git/DissertationCode/MatrixMultiplicationHPX/AutoTuneTMP/AutoTuneTMP_install/include -I/home/pfandedd/git/DissertationCode/MatrixMultiplicationHPX/AutoTuneTMP/Vc_install/include  -I./cppjit_tmp/KernelMultTransposeSubspace_166332/ SubspaceAutoTuneTMPKernels/MultTranspose/KernelMultTransposeSubspace.cpp  > ./cppjit_tmp/KernelMultTransposeSubspace_166332/KernelMultTransposeSubspace_compile.log 2>&1
compile log:
compile duration: 1.71576
link_cmd: g++ -shared -fno-gnu-unique -fopenmp -o ./cppjit_tmp/KernelMultTransposeSubspace_166332/libKernelMultTransposeSubspace.so ./cppjit_tmp/KernelMultTransposeSubspace_166332/KernelMultTransposeSubspace.o   > ./cppjit_tmp/KernelMultTransposeSubspace_166332/KernelMultTransposeSubspace_link.log 2>&1
link log:
link duration: 0.115347
Starting Conjugated Gradients
All temp variables used in CG have been initialized
creating per-kernel header
compile_cmd: g++ -o ./cppjit_tmp/KernelMultSubspace_706313/KernelMultSubspace.o -c -Wall -Wextra -Wno-unused-parameter -std=c++17 -march=native -mtune=native -O3 -g -fopenmp -fPIC -fno-gnu-unique -I/home/pfandedd/git/DissertationCode/SGpp/base/src -I/home/pfandedd/git/DissertationCode/MatrixMultiplicationHPX/AutoTuneTMP/boost_install/include -I/home/pfandedd/git/DissertationCode/MatrixMultiplicationHPX/AutoTuneTMP/AutoTuneTMP_install/include -I/home/pfandedd/git/DissertationCode/MatrixMultiplicationHPX/AutoTuneTMP/Vc_install/include  -I./cppjit_tmp/KernelMultSubspace_706313/ SubspaceAutoTuneTMPKernels/Mult/KernelMultSubspace.cpp  > ./cppjit_tmp/KernelMultSubspace_706313/KernelMultSubspace_compile.log 2>&1
compile log:
compile duration: 1.2795
link_cmd: g++ -shared -fno-gnu-unique -fopenmp -o ./cppjit_tmp/KernelMultSubspace_706313/libKernelMultSubspace.so ./cppjit_tmp/KernelMultSubspace_706313/KernelMultSubspace.o   > ./cppjit_tmp/KernelMultSubspace_706313/KernelMultSubspace_link.log 2>&1
link log:
link duration: 0.111881
Starting norm of residuum: -nan
Target norm:               0
.delta: 6.48417e+13
.delta: 5.03406e+13
.delta: 2.15341e+12
.delta: 2.93576e+12
.delta: 2.20097e+12
.delta: 7.77042e+11
.delta: 1.30202e+12
.delta: 1.16094e+12
.delta: 3.47423e+11
.delta: 8.23794e+11
.delta: 2.3831e+11
.delta: 9.96894e+10
.delta: 4.18981e+11
.delta: 8.1681e+10
.delta: 2.98038e+11
.delta: 7.99984e+10
.delta: 9.73607e+10
.delta: 6.15883e+10
.delta: 7.93578e+10
.delta: 5.6194e+10
.delta: 4.0039e+10
.delta: 7.05875e+10
.delta: 5.08605e+10
.delta: 5.67623e+10
.delta: 1.1417e+10
.delta: 3.14393e+10
.delta: 6.69023e+10
.delta: 1.5966e+10
.delta: 5.41593e+10
.delta: 3.45597e+10
.delta: 2.73203e+10
.delta: 3.55543e+10
.delta: 2.20467e+10
.delta: 1.00465e+10
.delta: 1.23195e+10
.delta: 1.6878e+10
.delta: 9.50454e+09
.delta: 1.99085e+10
.delta: 6.20461e+09
.delta: 1.0209e+10
.delta: 3.86736e+10
.delta: 8.32026e+09
.delta: 8.19097e+09
.delta: 4.49961e+09
.delta: 2.54783e+10
.delta: 5.31037e+09
.delta: 6.58797e+09
.delta: 7.8783e+09
.delta: 5.24035e+09
.delta: 7.97654e+09
.delta: 2.96035e+09
.delta: 5.81225e+09
.delta: 7.75405e+09
.delta: 6.00545e+09
.delta: 1.49818e+10
.delta: 3.87189e+09
.delta: 5.43687e+09
.delta: 7.52082e+09
.delta: 3.68054e+09
.delta: 1.05152e+10
.delta: 4.08407e+09
.delta: 3.33239e+09
.delta: 8.66442e+09
.delta: 6.61936e+09
.delta: 3.79736e+09
.delta: 4.58472e+09
.delta: 5.79647e+09
.delta: 4.46527e+09
.delta: 1.15914e+10
.delta: 2.33377e+09
.delta: 5.86637e+09
.delta: 3.62359e+09
.delta: 4.18974e+09
.delta: 4.3094e+09
.delta: 8.24455e+09
.delta: 4.24821e+09
.delta: 1.50469e+09
.delta: 5.1593e+09
.delta: 4.75621e+09
.delta: 4.38755e+09
.delta: 2.05874e+09
.delta: 5.72458e+09
.delta: 1.10966e+10
.delta: 1.47321e+09
.delta: 2.63788e+09
.delta: 2.26922e+09
.delta: 9.71082e+09
.delta: 2.84364e+09
.delta: 1.70349e+09
.delta: 2.88902e+09
.delta: 3.92693e+09
.delta: 3.14208e+09
.delta: 1.36957e+09
.delta: 3.82407e+09
.delta: 6.88006e+09
.delta: 1.74066e+09
.delta: 2.10066e+09
.delta: 3.52301e+09
.delta: 4.56213e+09
.delta: 1.54513e+09

Number of iterations: 100 (max. 100)
Final norm of residuum: 1.54513e+09
counted_mult_calls: 102

Needed Iterations: 100
Final residuum: 1.54513e+09
note: performance calculation: coefficients are reused
note: performance calculation: iterations for calculation : 103.5
note: performance calculation: additional iteration for residual recalculation : 2
warning: cannot calculate GFLOPS for operation type

Current Duration:: 1915.4
Current GFlop/s: 0

Finished Training!

Training took: 1915.4 seconds

total_duration: 1917.89
